2023-12-01 08:16:26 - #----------Config info----------#
2023-12-01 08:16:26 - network: Pointneted_plus,
2023-12-01 08:16:26 - data_path: /media/yxz/新加卷/teeth_ct_points/CT3Dpoints/,
2023-12-01 08:16:26 - label_path: /media/yxz/新加卷/teeth_ct_points/CT3Dpoints/三维坐标表格.xlsx,
2023-12-01 08:16:26 - pretrained_path: ./pre_trained/,
2023-12-01 08:16:26 - cfg: [96, 128, 256, 512, 1024, 512, 256, 128, 64, 32, 16],
2023-12-01 08:16:26 - num_classes: 3,
2023-12-01 08:16:26 - input_size_h: 512,
2023-12-01 08:16:26 - input_size_w: 512,
2023-12-01 08:16:26 - input_channels: 64,
2023-12-01 08:16:26 - distributed: False,
2023-12-01 08:16:26 - local_rank: -1,
2023-12-01 08:16:26 - num_workers: 4,
2023-12-01 08:16:26 - seed: 42,
2023-12-01 08:16:26 - world_size: None,
2023-12-01 08:16:26 - rank: None,
2023-12-01 08:16:26 - amp: False,
2023-12-01 08:16:26 - l2_lambda: 0.005,
2023-12-01 08:16:26 - gpu_id: 0,
2023-12-01 08:16:26 - batch_size: 2,
2023-12-01 08:16:26 - val_bs: 1,
2023-12-01 08:16:26 - epochs: 500,
2023-12-01 08:16:26 - deep_supervision: False,
2023-12-01 08:16:26 - tailadd: True,
2023-12-01 08:16:26 - threshold: 8.660254037844387,
2023-12-01 08:16:26 - rand_data: True,
2023-12-01 08:16:26 - mean_common: True,
2023-12-01 08:16:26 - train_mean: 41.68455,
2023-12-01 08:16:26 - train_std: 54.433514,
2023-12-01 08:16:26 - val_mean: 42.785255,
2023-12-01 08:16:26 - val_std: 54.970303,
2023-12-01 08:16:26 - work_dir: results/Pointneted_plus_Friday_01_December_2023_08h_16m_26s/,
2023-12-01 08:16:26 - tensor_size: 0,
2023-12-01 08:16:26 - train_transformer: Compose(
    <utils.myToTensor object at 0x7f8370b32f40>
    <utils.myResize object at 0x7f84584e3790>
),
2023-12-01 08:16:26 - test_transformer: Compose(
    <utils.myToTensor object at 0x7f84584e3850>
    <utils.myResize object at 0x7f84584e3880>
),
2023-12-01 08:16:26 - opt: AdamW,
2023-12-01 08:16:26 - lr: 0.001,
2023-12-01 08:16:26 - betas: (0.9, 0.999),
2023-12-01 08:16:26 - eps: 1e-08,
2023-12-01 08:16:26 - weight_decay: 0.01,
2023-12-01 08:16:26 - amsgrad: False,
2023-12-01 08:16:26 - sch: CosineAnnealingLR,
2023-12-01 08:16:26 - T_max: 50,
2023-12-01 08:16:26 - eta_min: 1e-05,
2023-12-01 08:16:26 - last_epoch: -1,
INFO:root:train--mean-->41.68455
INFO:root:train--std-->54.433514
INFO:root:val--mean-->42.785255
INFO:root:val--std-->54.970303
INFO:root:real_input_channels-->49
INFO:root:epoch:0 train_eval_loss-->8.248634,train_acc-->0.064897,test_eval_loss-->10.269727,test_acc===0.098039
INFO:root:epoch:1 train_eval_loss-->7.090147,train_acc-->0.058997,test_eval_loss-->10.367150,test_acc===0.039216
INFO:root:epoch:2 train_eval_loss-->6.824459,train_acc-->0.112094,test_eval_loss-->9.747068,test_acc===0.088235
INFO:root:epoch:3 train_eval_loss-->6.517987,train_acc-->0.123894,test_eval_loss-->10.557830,test_acc===0.019608
INFO:root:epoch:4 train_eval_loss-->6.669627,train_acc-->0.082596,test_eval_loss-->9.502343,test_acc===0.147059
INFO:root:epoch:5 train_eval_loss-->6.168564,train_acc-->0.179941,test_eval_loss-->9.350521,test_acc===0.303922
INFO:root:epoch:6 train_eval_loss-->6.136736,train_acc-->0.224189,test_eval_loss-->10.078491,test_acc===0.225490
INFO:root:epoch:7 train_eval_loss-->6.349445,train_acc-->0.159292,test_eval_loss-->9.334806,test_acc===0.294118
INFO:root:epoch:8 train_eval_loss-->6.072890,train_acc-->0.197640,test_eval_loss-->9.199903,test_acc===0.274510
INFO:root:epoch:9 train_eval_loss-->5.819171,train_acc-->0.262537,test_eval_loss-->9.598412,test_acc===0.186275
INFO:root:epoch:10 train_eval_loss-->5.858252,train_acc-->0.233038,test_eval_loss-->8.969548,test_acc===0.352941
INFO:root:epoch:11 train_eval_loss-->5.899688,train_acc-->0.244838,test_eval_loss-->9.062019,test_acc===0.392157
INFO:root:epoch:12 train_eval_loss-->5.815451,train_acc-->0.203540,test_eval_loss-->8.808427,test_acc===0.372549
INFO:root:epoch:13 train_eval_loss-->5.583286,train_acc-->0.309735,test_eval_loss-->9.125344,test_acc===0.254902
INFO:root:epoch:14 train_eval_loss-->5.682815,train_acc-->0.306785,test_eval_loss-->8.725446,test_acc===0.411765
INFO:root:epoch:15 train_eval_loss-->5.447558,train_acc-->0.374631,test_eval_loss-->8.987308,test_acc===0.264706
INFO:root:epoch:16 train_eval_loss-->5.399142,train_acc-->0.345133,test_eval_loss-->8.770747,test_acc===0.392157
INFO:root:epoch:17 train_eval_loss-->5.315096,train_acc-->0.377581,test_eval_loss-->9.444783,test_acc===0.215686
INFO:root:epoch:18 train_eval_loss-->5.233473,train_acc-->0.442478,test_eval_loss-->8.582711,test_acc===0.480392
INFO:root:epoch:19 train_eval_loss-->5.442359,train_acc-->0.324484,test_eval_loss-->9.351589,test_acc===0.078431
INFO:root:epoch:20 train_eval_loss-->5.208217,train_acc-->0.404130,test_eval_loss-->8.666099,test_acc===0.392157
INFO:root:epoch:21 train_eval_loss-->5.133800,train_acc-->0.430678,test_eval_loss-->8.613075,test_acc===0.411765
INFO:root:epoch:22 train_eval_loss-->4.961302,train_acc-->0.536873,test_eval_loss-->8.608164,test_acc===0.441176
INFO:root:epoch:23 train_eval_loss-->4.944934,train_acc-->0.516224,test_eval_loss-->8.607881,test_acc===0.382353
INFO:root:epoch:24 train_eval_loss-->4.920677,train_acc-->0.516224,test_eval_loss-->8.855904,test_acc===0.392157
INFO:root:epoch:25 train_eval_loss-->4.777052,train_acc-->0.572271,test_eval_loss-->8.762346,test_acc===0.343137
INFO:root:epoch:26 train_eval_loss-->4.643983,train_acc-->0.684366,test_eval_loss-->8.548058,test_acc===0.470588
INFO:root:epoch:27 train_eval_loss-->4.577589,train_acc-->0.743363,test_eval_loss-->8.567566,test_acc===0.480392
INFO:root:epoch:28 train_eval_loss-->4.546524,train_acc-->0.690265,test_eval_loss-->8.555238,test_acc===0.460784
INFO:root:epoch:29 train_eval_loss-->4.457598,train_acc-->0.778761,test_eval_loss-->8.499094,test_acc===0.500000
INFO:root:epoch:30 train_eval_loss-->4.471157,train_acc-->0.755162,test_eval_loss-->8.423540,test_acc===0.529412
INFO:root:epoch:31 train_eval_loss-->4.396375,train_acc-->0.781711,test_eval_loss-->8.507244,test_acc===0.490196
INFO:root:epoch:32 train_eval_loss-->4.253307,train_acc-->0.864307,test_eval_loss-->8.533221,test_acc===0.441176
INFO:root:epoch:33 train_eval_loss-->4.323882,train_acc-->0.781711,test_eval_loss-->8.686514,test_acc===0.431373
INFO:root:epoch:34 train_eval_loss-->4.148382,train_acc-->0.914454,test_eval_loss-->8.538870,test_acc===0.480392
INFO:root:epoch:35 train_eval_loss-->4.122783,train_acc-->0.935103,test_eval_loss-->8.437293,test_acc===0.460784
INFO:root:epoch:36 train_eval_loss-->4.073402,train_acc-->0.935103,test_eval_loss-->8.585071,test_acc===0.480392
INFO:root:epoch:37 train_eval_loss-->4.082497,train_acc-->0.911504,test_eval_loss-->8.602004,test_acc===0.421569
INFO:root:epoch:38 train_eval_loss-->3.939603,train_acc-->0.958702,test_eval_loss-->8.594861,test_acc===0.480392
INFO:root:epoch:39 train_eval_loss-->3.971788,train_acc-->0.958702,test_eval_loss-->8.619678,test_acc===0.441176
INFO:root:epoch:40 train_eval_loss-->3.897388,train_acc-->0.964602,test_eval_loss-->8.481516,test_acc===0.470588
INFO:root:epoch:41 train_eval_loss-->3.868998,train_acc-->0.961652,test_eval_loss-->8.459290,test_acc===0.490196
INFO:root:epoch:42 train_eval_loss-->3.821185,train_acc-->0.967552,test_eval_loss-->8.449076,test_acc===0.500000
INFO:root:epoch:43 train_eval_loss-->3.806425,train_acc-->0.958702,test_eval_loss-->8.440384,test_acc===0.500000
INFO:root:epoch:44 train_eval_loss-->3.720107,train_acc-->0.982301,test_eval_loss-->8.490460,test_acc===0.519608
INFO:root:epoch:45 train_eval_loss-->3.717807,train_acc-->0.973451,test_eval_loss-->8.453473,test_acc===0.490196
INFO:root:epoch:46 train_eval_loss-->3.725623,train_acc-->0.973451,test_eval_loss-->8.475396,test_acc===0.470588
INFO:root:epoch:47 train_eval_loss-->3.683193,train_acc-->0.982301,test_eval_loss-->8.455243,test_acc===0.460784
INFO:root:epoch:48 train_eval_loss-->3.693175,train_acc-->0.967552,test_eval_loss-->8.412048,test_acc===0.470588
