2023-11-29 21:08:03 - #----------Config info----------#
2023-11-29 21:08:03 - network: Pointneted_plus,
2023-11-29 21:08:03 - data_path: /media/yxz/新加卷/teeth_ct_points/CT3Dpoints/,
2023-11-29 21:08:03 - label_path: /media/yxz/新加卷/teeth_ct_points/CT3Dpoints/三维坐标表格.xlsx,
2023-11-29 21:08:03 - pretrained_path: ./pre_trained/,
2023-11-29 21:08:03 - cfg: [32, 64, 96, 128, 256, 512, 256, 128, 64, 32, 16],
2023-11-29 21:08:03 - num_classes: 3,
2023-11-29 21:08:03 - input_size_h: 512,
2023-11-29 21:08:03 - input_size_w: 512,
2023-11-29 21:08:03 - input_channels: 64,
2023-11-29 21:08:03 - distributed: False,
2023-11-29 21:08:03 - local_rank: -1,
2023-11-29 21:08:03 - num_workers: 4,
2023-11-29 21:08:03 - seed: 42,
2023-11-29 21:08:03 - world_size: None,
2023-11-29 21:08:03 - rank: None,
2023-11-29 21:08:03 - amp: False,
2023-11-29 21:08:03 - gpu_id: 0,
2023-11-29 21:08:03 - batch_size: 3,
2023-11-29 21:08:03 - val_bs: 1,
2023-11-29 21:08:03 - epochs: 500,
2023-11-29 21:08:03 - deep_supervision: False,
2023-11-29 21:08:03 - tailadd: True,
2023-11-29 21:08:03 - threshold: 8.660254037844387,
2023-11-29 21:08:03 - rand_data: False,
2023-11-29 21:08:03 - mean_common: False,
2023-11-29 21:08:03 - train_mean: [],
2023-11-29 21:08:03 - train_std: [],
2023-11-29 21:08:03 - val_mean: [],
2023-11-29 21:08:03 - val_std: [],
2023-11-29 21:08:03 - work_dir: results/Pointneted_plus_Wednesday_29_November_2023_21h_08m_03s/,
2023-11-29 21:08:03 - tensor_size: 0,
2023-11-29 21:08:03 - train_transformer: Compose(
    <utils.myToTensor object at 0x7fd9fcdf7490>
    <utils.myResize object at 0x7fd91741af40>
),
2023-11-29 21:08:03 - test_transformer: Compose(
    <utils.myToTensor object at 0x7fd9fcd87910>
    <utils.myResize object at 0x7fd9fcd87940>
),
2023-11-29 21:08:03 - opt: AdamW,
2023-11-29 21:08:03 - lr: 0.001,
2023-11-29 21:08:03 - betas: (0.9, 0.999),
2023-11-29 21:08:03 - eps: 1e-08,
2023-11-29 21:08:03 - weight_decay: 0.01,
2023-11-29 21:08:03 - amsgrad: False,
2023-11-29 21:08:03 - sch: CosineAnnealingLR,
2023-11-29 21:08:03 - T_max: 50,
2023-11-29 21:08:03 - eta_min: 1e-05,
2023-11-29 21:08:03 - last_epoch: -1,
