2023-12-25 13:09:40 - #----------Config info----------#
2023-12-25 13:09:40 - network: Pointneted_plus,
2023-12-25 13:09:40 - pre_net: None,
2023-12-25 13:09:40 - data_path: /media/yxz/新加卷/teeth_ct_points/CT3Dpoints/,
2023-12-25 13:09:40 - label_path: /media/yxz/新加卷/teeth_ct_points/CT3Dpoints/三维坐标表格.xlsx,
2023-12-25 13:09:40 - pretrained_path: ./pre_trained/,
2023-12-25 13:09:40 - cfg: [32, 64, 96, 128, 256, 128, 256, 128, 64, 32, 16],
2023-12-25 13:09:40 - label_num: [0, 1, 10, 11, 14, 19],
2023-12-25 13:09:40 - num_classes: 6,
2023-12-25 13:09:40 - input_size_h: 512,
2023-12-25 13:09:40 - input_size_w: 512,
2023-12-25 13:09:40 - input_channels: 64,
2023-12-25 13:09:40 - distributed: False,
2023-12-25 13:09:40 - local_rank: -1,
2023-12-25 13:09:40 - num_workers: 4,
2023-12-25 13:09:40 - seed: 42,
2023-12-25 13:09:40 - world_size: None,
2023-12-25 13:09:40 - rank: None,
2023-12-25 13:09:40 - amp: False,
2023-12-25 13:09:40 - l2_lambda: 0.0,
2023-12-25 13:09:40 - gpu_id: 0,
2023-12-25 13:09:40 - batch_size: 4,
2023-12-25 13:09:40 - val_bs: 1,
2023-12-25 13:09:40 - epochs: 1000,
2023-12-25 13:09:40 - deep_supervision: True,
2023-12-25 13:09:40 - tailadd: True,
2023-12-25 13:09:40 - threshold: 8.660254037844387,
2023-12-25 13:09:40 - rand_data: False,
2023-12-25 13:09:40 - mean_common: False,
2023-12-25 13:09:40 - horizontal_flip: True,
2023-12-25 13:09:40 - Dynamic_regularization: False,
2023-12-25 13:09:40 - freeze: True,
2023-12-25 13:09:40 - train_mean: [38.167084, 36.47113, 35.658463, 34.7275, 34.397972, 34.392757, 33.96709, 34.126865, 34.28234, 33.729267, 32.7962, 32.064926, 31.681631, 31.124203, 30.844501, 31.361849, 32.73974, 34.215652, 36.648277, 38.611458, 40.539837, 42.120747, 43.28669, 44.45494, 45.614132, 46.21989, 47.45023, 48.500004, 49.44821, 50.419426, 52.140045, 53.649082, 54.722622, 55.427254, 55.996006, 56.55678, 57.03274, 56.78339, 56.16994, 56.052105, 56.084873, 55.73664, 55.51461, 54.455627, 53.19349, 51.708523, 50.496777, 48.39798, 46.618237],
2023-12-25 13:09:40 - train_std: [52.12329, 51.107494, 50.941055, 50.223755, 50.00628, 50.154346, 49.390217, 49.584064, 49.46689, 48.635002, 46.955963, 45.86415, 45.254314, 44.008198, 43.081245, 43.15782, 44.181343, 45.16833, 47.433487, 48.60615, 50.44894, 51.635715, 52.542904, 53.638527, 54.554443, 54.860928, 55.634895, 56.127644, 56.314377, 56.52658, 57.31575, 57.992775, 58.40813, 58.65052, 58.6726, 58.786034, 59.043797, 59.15101, 58.878242, 59.1303, 59.565495, 59.95643, 60.605595, 60.74457, 60.784153, 60.811424, 61.18004, 60.75567, 60.8064],
2023-12-25 13:09:40 - val_mean: [39.743374, 38.122738, 37.19561, 35.71686, 35.202812, 34.790627, 34.621647, 34.678947, 34.44854, 33.327152, 32.52173, 31.267305, 30.603254, 30.013475, 29.536041, 30.480452, 31.952286, 33.71057, 36.010574, 38.201912, 39.313183, 42.94376, 44.53766, 45.518337, 46.94797, 46.58542, 47.49811, 48.238167, 51.026104, 52.292915, 52.69654, 53.169758, 53.87486, 55.697067, 57.654236, 57.586315, 57.758514, 57.174618, 57.736595, 57.24419, 57.544117, 57.37176, 56.43062, 55.96641, 55.325653, 53.10815, 52.179287, 50.27785, 47.04305],
2023-12-25 13:09:40 - val_std: [53.15056, 52.15993, 51.616505, 50.33102, 50.21509, 50.081203, 50.03935, 49.86299, 49.531567, 48.28274, 46.95426, 45.172287, 43.96861, 42.88531, 41.24616, 42.37183, 43.43441, 44.75589, 46.571957, 48.567627, 49.173023, 51.97025, 53.31617, 54.147503, 55.217754, 54.256313, 54.82137, 55.228252, 57.024765, 57.493202, 57.21687, 57.12449, 57.009945, 58.07164, 58.968643, 58.816093, 58.97068, 58.471672, 58.976105, 58.958794, 59.510704, 60.026344, 60.16703, 60.841858, 61.621956, 61.22611, 61.83866, 62.08808, 61.1031],
2023-12-25 13:09:40 - work_dir: results/Pointneted_plus_Monday_25_December_2023_13h_09m_40s/,
2023-12-25 13:09:40 - tensor_size: 0,
2023-12-25 13:09:40 - train_transformer: Compose(
    <utils.myToTensor object at 0x7f0b70d06ca0>
    <utils.myResize object at 0x7f0b70d06040>
),
2023-12-25 13:09:40 - test_transformer: Compose(
    <utils.myToTensor object at 0x7f0c566cd7c0>
    <utils.myResize object at 0x7f0c566cd7f0>
),
2023-12-25 13:09:40 - opt: AdamW,
2023-12-25 13:09:40 - lr: 0.001,
2023-12-25 13:09:40 - betas: (0.9, 0.999),
2023-12-25 13:09:40 - eps: 1e-08,
2023-12-25 13:09:40 - weight_decay: 0.01,
2023-12-25 13:09:40 - amsgrad: False,
2023-12-25 13:09:40 - sch: CosineAnnealingLR,
2023-12-25 13:09:40 - T_max: 50,
2023-12-25 13:09:40 - eta_min: 1e-05,
2023-12-25 13:09:40 - last_epoch: -1,
INFO:root:train--mean-->[38.167084 36.47113  35.658463 34.7275   34.397972 34.392757 33.96709
 34.126865 34.28234  33.729267 32.7962   32.064926 31.681631 31.124203
 30.844501 31.361849 32.73974  34.215652 36.648277 38.611458 40.539837
 42.120747 43.28669  44.45494  45.614132 46.21989  47.45023  48.500004
 49.44821  50.419426 52.140045 53.649082 54.722622 55.427254 55.996006
 56.55678  57.03274  56.78339  56.16994  56.052105 56.084873 55.73664
 55.51461  54.455627 53.19349  51.708523 50.496777 48.39798  46.618237]
INFO:root:train--std-->[52.12329  51.107494 50.941055 50.223755 50.00628  50.154346 49.390217
 49.584064 49.46689  48.635002 46.955963 45.86415  45.254314 44.008198
 43.081245 43.15782  44.181343 45.16833  47.433487 48.60615  50.44894
 51.635715 52.542904 53.638527 54.554443 54.860928 55.634895 56.127644
 56.314377 56.52658  57.31575  57.992775 58.40813  58.65052  58.6726
 58.786034 59.043797 59.15101  58.878242 59.1303   59.565495 59.95643
 60.605595 60.74457  60.784153 60.811424 61.18004  60.75567  60.8064  ]
INFO:root:val--mean-->[39.743374 38.122738 37.19561  35.71686  35.202812 34.790627 34.621647
 34.678947 34.44854  33.327152 32.52173  31.267305 30.603254 30.013475
 29.536041 30.480452 31.952286 33.71057  36.010574 38.201912 39.313183
 42.94376  44.53766  45.518337 46.94797  46.58542  47.49811  48.238167
 51.026104 52.292915 52.69654  53.169758 53.87486  55.697067 57.654236
 57.586315 57.758514 57.174618 57.736595 57.24419  57.544117 57.37176
 56.43062  55.96641  55.325653 53.10815  52.179287 50.27785  47.04305 ]
INFO:root:val--std-->[53.15056  52.15993  51.616505 50.33102  50.21509  50.081203 50.03935
 49.86299  49.531567 48.28274  46.95426  45.172287 43.96861  42.88531
 41.24616  42.37183  43.43441  44.75589  46.571957 48.567627 49.173023
 51.97025  53.31617  54.147503 55.217754 54.256313 54.82137  55.228252
 57.024765 57.493202 57.21687  57.12449  57.009945 58.07164  58.968643
 58.816093 58.97068  58.471672 58.976105 58.958794 59.510704 60.026344
 60.16703  60.841858 61.621956 61.22611  61.83866  62.08808  61.1031  ]
INFO:root:real_input_channels-->49
INFO:root:epoch:0 train_eval_loss-->14.691644,train_acc-->0.061947,test_eval_loss-->10.860276,test_acc===0.053922
INFO:root:epoch:1 train_eval_loss-->8.713459,train_acc-->0.109145,test_eval_loss-->7.957030,test_acc===0.166667
INFO:root:epoch:2 train_eval_loss-->7.514031,train_acc-->0.129794,test_eval_loss-->6.092204,test_acc===0.254902
INFO:root:epoch:3 train_eval_loss-->6.390094,train_acc-->0.172566,test_eval_loss-->5.954927,test_acc===0.122549
INFO:root:epoch:4 train_eval_loss-->5.653393,train_acc-->0.172566,test_eval_loss-->4.680395,test_acc===0.338235
INFO:root:epoch:5 train_eval_loss-->4.925445,train_acc-->0.199115,test_eval_loss-->4.747674,test_acc===0.117647
INFO:root:epoch:6 train_eval_loss-->4.514261,train_acc-->0.250737,test_eval_loss-->3.837684,test_acc===0.333333
INFO:root:epoch:7 train_eval_loss-->4.045975,train_acc-->0.266962,test_eval_loss-->4.420520,test_acc===0.191176
INFO:root:epoch:8 train_eval_loss-->3.662585,train_acc-->0.320059,test_eval_loss-->3.353049,test_acc===0.308824
INFO:root:epoch:9 train_eval_loss-->3.544970,train_acc-->0.293510,test_eval_loss-->3.766170,test_acc===0.225490
INFO:root:epoch:10 train_eval_loss-->3.098098,train_acc-->0.367257,test_eval_loss-->3.299955,test_acc===0.416667
INFO:root:epoch:11 train_eval_loss-->2.842523,train_acc-->0.482301,test_eval_loss-->3.529619,test_acc===0.171569
INFO:root:epoch:12 train_eval_loss-->2.898637,train_acc-->0.423304,test_eval_loss-->3.905794,test_acc===0.078431
INFO:root:epoch:13 train_eval_loss-->3.160488,train_acc-->0.315634,test_eval_loss-->2.604933,test_acc===0.431373
INFO:root:epoch:14 train_eval_loss-->2.696465,train_acc-->0.433628,test_eval_loss-->3.485043,test_acc===0.230392
INFO:root:epoch:15 train_eval_loss-->2.525011,train_acc-->0.526549,test_eval_loss-->2.515353,test_acc===0.436275
INFO:root:epoch:16 train_eval_loss-->2.401045,train_acc-->0.566372,test_eval_loss-->2.937460,test_acc===0.308824
INFO:root:epoch:17 train_eval_loss-->2.259758,train_acc-->0.558997,test_eval_loss-->2.341579,test_acc===0.549020
INFO:root:epoch:18 train_eval_loss-->2.159238,train_acc-->0.612094,test_eval_loss-->2.593702,test_acc===0.397059
INFO:root:epoch:19 train_eval_loss-->2.069849,train_acc-->0.651917,test_eval_loss-->2.250294,test_acc===0.617647
INFO:root:epoch:20 train_eval_loss-->2.139529,train_acc-->0.615044,test_eval_loss-->2.547595,test_acc===0.504902
INFO:root:epoch:21 train_eval_loss-->2.224575,train_acc-->0.557522,test_eval_loss-->2.451226,test_acc===0.465686
INFO:root:epoch:22 train_eval_loss-->1.954849,train_acc-->0.674041,test_eval_loss-->2.802310,test_acc===0.284314
INFO:root:epoch:23 train_eval_loss-->1.963528,train_acc-->0.666667,test_eval_loss-->2.355139,test_acc===0.509804
INFO:root:epoch:24 train_eval_loss-->1.775189,train_acc-->0.771386,test_eval_loss-->2.375612,test_acc===0.387255
INFO:root:epoch:25 train_eval_loss-->1.726750,train_acc-->0.766962,test_eval_loss-->2.049093,test_acc===0.607843
INFO:root:epoch:26 train_eval_loss-->1.675237,train_acc-->0.799410,test_eval_loss-->2.127420,test_acc===0.583333
INFO:root:epoch:27 train_eval_loss-->1.554586,train_acc-->0.851032,test_eval_loss-->2.177615,test_acc===0.563725
INFO:root:epoch:28 train_eval_loss-->1.759331,train_acc-->0.769912,test_eval_loss-->2.118876,test_acc===0.622549
INFO:root:epoch:29 train_eval_loss-->1.685859,train_acc-->0.792035,test_eval_loss-->2.036838,test_acc===0.656863
INFO:root:epoch:30 train_eval_loss-->1.525146,train_acc-->0.870206,test_eval_loss-->2.209889,test_acc===0.612745
INFO:root:epoch:31 train_eval_loss-->1.450819,train_acc-->0.890855,test_eval_loss-->1.932459,test_acc===0.681373
INFO:root:epoch:32 train_eval_loss-->1.361936,train_acc-->0.923304,test_eval_loss-->1.977553,test_acc===0.661765
INFO:root:epoch:33 train_eval_loss-->1.339568,train_acc-->0.920354,test_eval_loss-->1.993474,test_acc===0.666667
INFO:root:epoch:34 train_eval_loss-->1.271245,train_acc-->0.929204,test_eval_loss-->1.822153,test_acc===0.720588
INFO:root:epoch:35 train_eval_loss-->1.231011,train_acc-->0.948378,test_eval_loss-->1.885466,test_acc===0.715686
INFO:root:epoch:36 train_eval_loss-->1.157676,train_acc-->0.952802,test_eval_loss-->1.908167,test_acc===0.671569
INFO:root:epoch:37 train_eval_loss-->1.163984,train_acc-->0.961652,test_eval_loss-->1.954474,test_acc===0.647059
INFO:root:epoch:38 train_eval_loss-->1.125822,train_acc-->0.957227,test_eval_loss-->1.820806,test_acc===0.720588
INFO:root:epoch:39 train_eval_loss-->1.098664,train_acc-->0.963127,test_eval_loss-->1.858743,test_acc===0.696078
INFO:root:epoch:40 train_eval_loss-->1.062937,train_acc-->0.967552,test_eval_loss-->1.783742,test_acc===0.735294
INFO:root:epoch:41 train_eval_loss-->1.032170,train_acc-->0.971976,test_eval_loss-->1.760468,test_acc===0.730392
INFO:root:epoch:42 train_eval_loss-->1.005309,train_acc-->0.979351,test_eval_loss-->1.768407,test_acc===0.750000
INFO:root:epoch:43 train_eval_loss-->1.013299,train_acc-->0.973451,test_eval_loss-->1.803590,test_acc===0.715686
INFO:root:epoch:44 train_eval_loss-->0.970277,train_acc-->0.977876,test_eval_loss-->1.743119,test_acc===0.769608
INFO:root:epoch:45 train_eval_loss-->0.957500,train_acc-->0.980826,test_eval_loss-->1.754533,test_acc===0.740196
INFO:root:epoch:46 train_eval_loss-->0.944276,train_acc-->0.977876,test_eval_loss-->1.748744,test_acc===0.769608
INFO:root:epoch:47 train_eval_loss-->0.938152,train_acc-->0.980826,test_eval_loss-->1.739392,test_acc===0.745098
INFO:root:epoch:48 train_eval_loss-->0.935827,train_acc-->0.976401,test_eval_loss-->1.736790,test_acc===0.774510
INFO:root:epoch:49 train_eval_loss-->0.932497,train_acc-->0.977876,test_eval_loss-->1.739999,test_acc===0.754902
INFO:root:epoch:50 train_eval_loss-->0.919143,train_acc-->0.979351,test_eval_loss-->1.746271,test_acc===0.745098
INFO:root:epoch:51 train_eval_loss-->0.923944,train_acc-->0.985251,test_eval_loss-->1.738492,test_acc===0.769608
INFO:root:epoch:52 train_eval_loss-->0.909330,train_acc-->0.983776,test_eval_loss-->1.740108,test_acc===0.754902
INFO:root:epoch:53 train_eval_loss-->0.919839,train_acc-->0.977876,test_eval_loss-->1.734413,test_acc===0.745098
INFO:root:epoch:54 train_eval_loss-->0.923603,train_acc-->0.982301,test_eval_loss-->1.735509,test_acc===0.759804
INFO:root:epoch:55 train_eval_loss-->0.925360,train_acc-->0.983776,test_eval_loss-->1.732932,test_acc===0.764706
INFO:root:epoch:56 train_eval_loss-->0.936397,train_acc-->0.982301,test_eval_loss-->1.767437,test_acc===0.750000
INFO:root:epoch:57 train_eval_loss-->0.908299,train_acc-->0.980826,test_eval_loss-->1.755168,test_acc===0.750000
INFO:root:epoch:58 train_eval_loss-->0.924988,train_acc-->0.980826,test_eval_loss-->1.756944,test_acc===0.769608
INFO:root:epoch:59 train_eval_loss-->0.945176,train_acc-->0.980826,test_eval_loss-->1.771049,test_acc===0.750000
INFO:root:epoch:60 train_eval_loss-->0.952789,train_acc-->0.985251,test_eval_loss-->1.817249,test_acc===0.725490
INFO:root:epoch:61 train_eval_loss-->1.023880,train_acc-->0.983776,test_eval_loss-->1.829545,test_acc===0.696078
INFO:root:epoch:62 train_eval_loss-->1.041924,train_acc-->0.967552,test_eval_loss-->1.783729,test_acc===0.764706
INFO:root:epoch:63 train_eval_loss-->1.063396,train_acc-->0.970501,test_eval_loss-->1.836308,test_acc===0.720588
INFO:root:epoch:64 train_eval_loss-->1.157479,train_acc-->0.946903,test_eval_loss-->1.822344,test_acc===0.715686
INFO:root:epoch:65 train_eval_loss-->1.068635,train_acc-->0.977876,test_eval_loss-->1.888948,test_acc===0.700980
INFO:root:epoch:66 train_eval_loss-->1.102655,train_acc-->0.976401,test_eval_loss-->1.867458,test_acc===0.705882
INFO:root:epoch:67 train_eval_loss-->1.115802,train_acc-->0.948378,test_eval_loss-->1.872992,test_acc===0.705882
INFO:root:epoch:68 train_eval_loss-->1.290358,train_acc-->0.930678,test_eval_loss-->1.916266,test_acc===0.715686
INFO:root:epoch:69 train_eval_loss-->1.413649,train_acc-->0.901180,test_eval_loss-->1.950426,test_acc===0.656863
INFO:root:epoch:70 train_eval_loss-->1.297961,train_acc-->0.930678,test_eval_loss-->1.987530,test_acc===0.671569
INFO:root:epoch:71 train_eval_loss-->1.317240,train_acc-->0.941003,test_eval_loss-->1.933042,test_acc===0.700980
INFO:root:epoch:72 train_eval_loss-->1.468611,train_acc-->0.887906,test_eval_loss-->2.034273,test_acc===0.681373
INFO:root:epoch:73 train_eval_loss-->1.423227,train_acc-->0.889381,test_eval_loss-->2.382517,test_acc===0.500000
INFO:root:epoch:74 train_eval_loss-->1.596480,train_acc-->0.818584,test_eval_loss-->2.093558,test_acc===0.593137
INFO:root:epoch:75 train_eval_loss-->1.523229,train_acc-->0.839233,test_eval_loss-->2.213836,test_acc===0.598039
INFO:root:epoch:76 train_eval_loss-->1.577885,train_acc-->0.824484,test_eval_loss-->2.157531,test_acc===0.593137
INFO:root:epoch:77 train_eval_loss-->1.551935,train_acc-->0.855457,test_eval_loss-->2.008819,test_acc===0.686275
INFO:root:epoch:78 train_eval_loss-->1.640030,train_acc-->0.809735,test_eval_loss-->2.333893,test_acc===0.519608
INFO:root:epoch:79 train_eval_loss-->1.671302,train_acc-->0.778761,test_eval_loss-->2.025920,test_acc===0.691176
INFO:root:epoch:80 train_eval_loss-->1.667916,train_acc-->0.797935,test_eval_loss-->2.148357,test_acc===0.607843
INFO:root:epoch:81 train_eval_loss-->1.907111,train_acc-->0.679941,test_eval_loss-->2.573365,test_acc===0.411765
INFO:root:epoch:82 train_eval_loss-->1.906953,train_acc-->0.641593,test_eval_loss-->2.260900,test_acc===0.588235
INFO:root:epoch:83 train_eval_loss-->1.786597,train_acc-->0.721239,test_eval_loss-->2.033024,test_acc===0.647059
INFO:root:epoch:84 train_eval_loss-->1.672093,train_acc-->0.793510,test_eval_loss-->2.198843,test_acc===0.617647
INFO:root:epoch:85 train_eval_loss-->1.582293,train_acc-->0.796460,test_eval_loss-->2.160567,test_acc===0.647059
INFO:root:epoch:86 train_eval_loss-->1.599261,train_acc-->0.806785,test_eval_loss-->2.660014,test_acc===0.382353
INFO:root:epoch:87 train_eval_loss-->1.763386,train_acc-->0.744838,test_eval_loss-->2.184532,test_acc===0.578431
INFO:root:epoch:88 train_eval_loss-->1.605554,train_acc-->0.799410,test_eval_loss-->2.357771,test_acc===0.549020
INFO:root:epoch:89 train_eval_loss-->1.774897,train_acc-->0.718289,test_eval_loss-->2.726935,test_acc===0.362745
INFO:root:epoch:90 train_eval_loss-->1.736578,train_acc-->0.755162,test_eval_loss-->2.249218,test_acc===0.588235
INFO:root:epoch:91 train_eval_loss-->1.582069,train_acc-->0.821534,test_eval_loss-->2.160330,test_acc===0.622549
INFO:root:epoch:92 train_eval_loss-->1.646950,train_acc-->0.781711,test_eval_loss-->2.481041,test_acc===0.377451
INFO:root:epoch:93 train_eval_loss-->1.845048,train_acc-->0.684366,test_eval_loss-->2.217938,test_acc===0.573529
INFO:root:epoch:94 train_eval_loss-->1.546483,train_acc-->0.820059,test_eval_loss-->2.224919,test_acc===0.627451
INFO:root:epoch:95 train_eval_loss-->1.449287,train_acc-->0.868732,test_eval_loss-->2.024503,test_acc===0.617647
INFO:root:epoch:96 train_eval_loss-->1.577472,train_acc-->0.796460,test_eval_loss-->2.443698,test_acc===0.534314
INFO:root:epoch:97 train_eval_loss-->1.716954,train_acc-->0.753687,test_eval_loss-->2.925116,test_acc===0.191176
INFO:root:epoch:98 train_eval_loss-->1.859914,train_acc-->0.676991,test_eval_loss-->2.305111,test_acc===0.475490
INFO:root:epoch:99 train_eval_loss-->1.661813,train_acc-->0.792035,test_eval_loss-->2.724274,test_acc===0.220588
INFO:root:epoch:100 train_eval_loss-->1.635158,train_acc-->0.794985,test_eval_loss-->2.280347,test_acc===0.553922
INFO:root:epoch:101 train_eval_loss-->1.571677,train_acc-->0.793510,test_eval_loss-->2.332696,test_acc===0.436275
INFO:root:epoch:102 train_eval_loss-->1.441599,train_acc-->0.867257,test_eval_loss-->2.037495,test_acc===0.642157
INFO:root:epoch:103 train_eval_loss-->1.514310,train_acc-->0.839233,test_eval_loss-->2.400881,test_acc===0.514706
INFO:root:epoch:104 train_eval_loss-->1.549274,train_acc-->0.825959,test_eval_loss-->2.024017,test_acc===0.632353
INFO:root:epoch:105 train_eval_loss-->1.448639,train_acc-->0.859882,test_eval_loss-->2.775378,test_acc===0.240196
INFO:root:epoch:106 train_eval_loss-->1.533314,train_acc-->0.805310,test_eval_loss-->2.128194,test_acc===0.583333
INFO:root:epoch:107 train_eval_loss-->1.420738,train_acc-->0.864307,test_eval_loss-->1.923133,test_acc===0.691176
INFO:root:epoch:108 train_eval_loss-->1.404564,train_acc-->0.886431,test_eval_loss-->2.236525,test_acc===0.519608
INFO:root:epoch:109 train_eval_loss-->1.274935,train_acc-->0.924779,test_eval_loss-->2.115181,test_acc===0.563725
INFO:root:epoch:110 train_eval_loss-->1.237926,train_acc-->0.943953,test_eval_loss-->1.896022,test_acc===0.671569
INFO:root:epoch:111 train_eval_loss-->1.150633,train_acc-->0.966077,test_eval_loss-->1.992737,test_acc===0.676471
INFO:root:epoch:112 train_eval_loss-->1.216861,train_acc-->0.936578,test_eval_loss-->2.050444,test_acc===0.642157
INFO:root:epoch:113 train_eval_loss-->1.243159,train_acc-->0.923304,test_eval_loss-->1.998244,test_acc===0.651961
INFO:root:epoch:114 train_eval_loss-->1.256928,train_acc-->0.904130,test_eval_loss-->2.656080,test_acc===0.343137
INFO:root:epoch:115 train_eval_loss-->1.398018,train_acc-->0.859882,test_eval_loss-->1.933738,test_acc===0.661765
INFO:root:epoch:116 train_eval_loss-->1.274803,train_acc-->0.936578,test_eval_loss-->1.937301,test_acc===0.686275
INFO:root:epoch:117 train_eval_loss-->1.100618,train_acc-->0.971976,test_eval_loss-->1.823623,test_acc===0.725490
INFO:root:epoch:118 train_eval_loss-->1.146522,train_acc-->0.948378,test_eval_loss-->1.974582,test_acc===0.666667
INFO:root:epoch:119 train_eval_loss-->1.046812,train_acc-->0.979351,test_eval_loss-->1.908590,test_acc===0.686275
INFO:root:epoch:120 train_eval_loss-->1.061287,train_acc-->0.961652,test_eval_loss-->2.031363,test_acc===0.666667
INFO:root:epoch:121 train_eval_loss-->1.160636,train_acc-->0.954277,test_eval_loss-->1.913422,test_acc===0.691176
INFO:root:epoch:122 train_eval_loss-->1.027531,train_acc-->0.982301,test_eval_loss-->1.845227,test_acc===0.715686
INFO:root:epoch:123 train_eval_loss-->0.909694,train_acc-->0.989676,test_eval_loss-->1.904963,test_acc===0.705882
INFO:root:epoch:124 train_eval_loss-->0.871229,train_acc-->0.986726,test_eval_loss-->1.785860,test_acc===0.735294
INFO:root:epoch:125 train_eval_loss-->0.850213,train_acc-->0.988201,test_eval_loss-->1.770361,test_acc===0.740196
INFO:root:epoch:126 train_eval_loss-->0.830065,train_acc-->0.992625,test_eval_loss-->1.760172,test_acc===0.725490
INFO:root:epoch:127 train_eval_loss-->0.791206,train_acc-->0.995575,test_eval_loss-->1.722706,test_acc===0.779412
INFO:root:epoch:128 train_eval_loss-->0.822365,train_acc-->0.992625,test_eval_loss-->1.850634,test_acc===0.696078
INFO:root:epoch:129 train_eval_loss-->0.783629,train_acc-->1.000000,test_eval_loss-->1.713055,test_acc===0.725490
INFO:root:epoch:130 train_eval_loss-->0.700803,train_acc-->1.000000,test_eval_loss-->1.746637,test_acc===0.740196
INFO:root:epoch:131 train_eval_loss-->0.683871,train_acc-->0.998525,test_eval_loss-->1.765920,test_acc===0.730392
INFO:root:epoch:132 train_eval_loss-->0.748629,train_acc-->0.998525,test_eval_loss-->1.779877,test_acc===0.725490
INFO:root:epoch:133 train_eval_loss-->0.743330,train_acc-->1.000000,test_eval_loss-->1.731750,test_acc===0.740196
INFO:root:epoch:134 train_eval_loss-->0.706567,train_acc-->0.995575,test_eval_loss-->1.740935,test_acc===0.735294
INFO:root:epoch:135 train_eval_loss-->0.615970,train_acc-->1.000000,test_eval_loss-->1.693824,test_acc===0.759804
INFO:root:epoch:136 train_eval_loss-->0.594393,train_acc-->0.998525,test_eval_loss-->1.691039,test_acc===0.759804
INFO:root:epoch:137 train_eval_loss-->0.585458,train_acc-->0.998525,test_eval_loss-->1.690744,test_acc===0.735294
INFO:root:epoch:138 train_eval_loss-->0.562089,train_acc-->0.998525,test_eval_loss-->1.690426,test_acc===0.730392
INFO:root:epoch:139 train_eval_loss-->0.543722,train_acc-->1.000000,test_eval_loss-->1.684792,test_acc===0.769608
INFO:root:epoch:140 train_eval_loss-->0.521807,train_acc-->0.998525,test_eval_loss-->1.689484,test_acc===0.750000
INFO:root:epoch:141 train_eval_loss-->0.510831,train_acc-->0.998525,test_eval_loss-->1.678963,test_acc===0.750000
INFO:root:epoch:142 train_eval_loss-->0.509117,train_acc-->0.998525,test_eval_loss-->1.680633,test_acc===0.740196
INFO:root:epoch:143 train_eval_loss-->0.492342,train_acc-->0.998525,test_eval_loss-->1.679612,test_acc===0.750000
INFO:root:epoch:144 train_eval_loss-->0.490356,train_acc-->0.997050,test_eval_loss-->1.680865,test_acc===0.774510
INFO:root:epoch:145 train_eval_loss-->0.483808,train_acc-->0.998525,test_eval_loss-->1.677755,test_acc===0.750000
INFO:root:epoch:146 train_eval_loss-->0.478739,train_acc-->0.998525,test_eval_loss-->1.682898,test_acc===0.745098
INFO:root:epoch:147 train_eval_loss-->0.463508,train_acc-->0.997050,test_eval_loss-->1.679836,test_acc===0.745098
INFO:root:epoch:148 train_eval_loss-->0.463531,train_acc-->0.998525,test_eval_loss-->1.673309,test_acc===0.759804
INFO:root:epoch:149 train_eval_loss-->0.467817,train_acc-->0.998525,test_eval_loss-->1.674854,test_acc===0.759804
INFO:root:epoch:150 train_eval_loss-->0.460633,train_acc-->1.000000,test_eval_loss-->1.681207,test_acc===0.750000
INFO:root:epoch:151 train_eval_loss-->0.463189,train_acc-->0.997050,test_eval_loss-->1.673294,test_acc===0.764706
INFO:root:epoch:152 train_eval_loss-->0.460433,train_acc-->1.000000,test_eval_loss-->1.674263,test_acc===0.769608
INFO:root:epoch:153 train_eval_loss-->0.458131,train_acc-->0.998525,test_eval_loss-->1.675407,test_acc===0.764706
INFO:root:epoch:154 train_eval_loss-->0.473175,train_acc-->0.997050,test_eval_loss-->1.673384,test_acc===0.759804
INFO:root:epoch:155 train_eval_loss-->0.473273,train_acc-->0.998525,test_eval_loss-->1.675434,test_acc===0.769608
INFO:root:epoch:156 train_eval_loss-->0.479716,train_acc-->1.000000,test_eval_loss-->1.680951,test_acc===0.759804
INFO:root:epoch:157 train_eval_loss-->0.488322,train_acc-->0.998525,test_eval_loss-->1.686204,test_acc===0.769608
INFO:root:epoch:158 train_eval_loss-->0.493001,train_acc-->0.998525,test_eval_loss-->1.678654,test_acc===0.769608
INFO:root:epoch:159 train_eval_loss-->0.503710,train_acc-->0.997050,test_eval_loss-->1.679905,test_acc===0.764706
INFO:root:epoch:160 train_eval_loss-->0.494534,train_acc-->0.997050,test_eval_loss-->1.681796,test_acc===0.754902
INFO:root:epoch:161 train_eval_loss-->0.507051,train_acc-->1.000000,test_eval_loss-->1.691316,test_acc===0.745098
INFO:root:epoch:162 train_eval_loss-->0.512004,train_acc-->0.998525,test_eval_loss-->1.694535,test_acc===0.740196
INFO:root:epoch:163 train_eval_loss-->0.533324,train_acc-->1.000000,test_eval_loss-->1.715894,test_acc===0.730392
INFO:root:epoch:164 train_eval_loss-->0.560582,train_acc-->1.000000,test_eval_loss-->1.706032,test_acc===0.754902
INFO:root:epoch:165 train_eval_loss-->0.557910,train_acc-->0.998525,test_eval_loss-->1.760322,test_acc===0.720588
INFO:root:epoch:166 train_eval_loss-->0.622410,train_acc-->0.997050,test_eval_loss-->1.688828,test_acc===0.774510
INFO:root:epoch:167 train_eval_loss-->0.647482,train_acc-->0.998525,test_eval_loss-->1.767804,test_acc===0.740196
INFO:root:epoch:168 train_eval_loss-->0.673757,train_acc-->0.995575,test_eval_loss-->1.761054,test_acc===0.740196
INFO:root:epoch:169 train_eval_loss-->0.680511,train_acc-->0.997050,test_eval_loss-->1.836286,test_acc===0.686275
INFO:root:epoch:170 train_eval_loss-->0.709778,train_acc-->0.997050,test_eval_loss-->1.833767,test_acc===0.750000
INFO:root:epoch:171 train_eval_loss-->0.736480,train_acc-->0.994100,test_eval_loss-->1.768836,test_acc===0.725490
INFO:root:epoch:172 train_eval_loss-->0.830653,train_acc-->0.980826,test_eval_loss-->1.880588,test_acc===0.710784
INFO:root:epoch:173 train_eval_loss-->0.921339,train_acc-->0.986726,test_eval_loss-->1.862645,test_acc===0.715686
INFO:root:epoch:174 train_eval_loss-->0.912363,train_acc-->0.973451,test_eval_loss-->1.774254,test_acc===0.735294
INFO:root:epoch:175 train_eval_loss-->1.015877,train_acc-->0.977876,test_eval_loss-->1.866419,test_acc===0.715686
INFO:root:epoch:176 train_eval_loss-->1.090105,train_acc-->0.966077,test_eval_loss-->1.984569,test_acc===0.700980
INFO:root:epoch:177 train_eval_loss-->1.129056,train_acc-->0.949853,test_eval_loss-->2.491403,test_acc===0.460784
INFO:root:epoch:178 train_eval_loss-->1.210441,train_acc-->0.949853,test_eval_loss-->2.067243,test_acc===0.637255
INFO:root:epoch:179 train_eval_loss-->1.109476,train_acc-->0.970501,test_eval_loss-->1.943576,test_acc===0.696078
INFO:root:epoch:180 train_eval_loss-->1.307315,train_acc-->0.923304,test_eval_loss-->1.975341,test_acc===0.661765
INFO:root:epoch:181 train_eval_loss-->1.108922,train_acc-->0.967552,test_eval_loss-->1.915629,test_acc===0.700980
INFO:root:epoch:182 train_eval_loss-->1.214753,train_acc-->0.923304,test_eval_loss-->1.965911,test_acc===0.651961
INFO:root:epoch:183 train_eval_loss-->1.102443,train_acc-->0.949853,test_eval_loss-->1.930945,test_acc===0.651961
INFO:root:epoch:184 train_eval_loss-->1.076920,train_acc-->0.964602,test_eval_loss-->1.935235,test_acc===0.681373
INFO:root:epoch:185 train_eval_loss-->1.187426,train_acc-->0.938053,test_eval_loss-->2.128734,test_acc===0.598039
INFO:root:epoch:186 train_eval_loss-->1.270185,train_acc-->0.902655,test_eval_loss-->2.135348,test_acc===0.602941
INFO:root:epoch:187 train_eval_loss-->1.405445,train_acc-->0.892330,test_eval_loss-->2.059063,test_acc===0.632353
INFO:root:epoch:188 train_eval_loss-->1.328871,train_acc-->0.904130,test_eval_loss-->2.037646,test_acc===0.651961
INFO:root:epoch:189 train_eval_loss-->1.145751,train_acc-->0.945428,test_eval_loss-->2.002476,test_acc===0.666667
INFO:root:epoch:190 train_eval_loss-->1.451789,train_acc-->0.861357,test_eval_loss-->2.197316,test_acc===0.651961
INFO:root:epoch:191 train_eval_loss-->1.305410,train_acc-->0.882006,test_eval_loss-->2.124401,test_acc===0.568627
INFO:root:epoch:192 train_eval_loss-->1.259731,train_acc-->0.915929,test_eval_loss-->2.132733,test_acc===0.637255
INFO:root:epoch:193 train_eval_loss-->1.186231,train_acc-->0.929204,test_eval_loss-->2.339862,test_acc===0.514706
INFO:root:epoch:194 train_eval_loss-->1.235378,train_acc-->0.918879,test_eval_loss-->1.796466,test_acc===0.750000
INFO:root:epoch:195 train_eval_loss-->1.056100,train_acc-->0.963127,test_eval_loss-->2.035671,test_acc===0.637255
INFO:root:epoch:196 train_eval_loss-->1.275361,train_acc-->0.914454,test_eval_loss-->2.092015,test_acc===0.617647
INFO:root:epoch:197 train_eval_loss-->1.247180,train_acc-->0.924779,test_eval_loss-->1.997623,test_acc===0.661765
INFO:root:epoch:198 train_eval_loss-->1.316390,train_acc-->0.879056,test_eval_loss-->2.166101,test_acc===0.588235
INFO:root:epoch:199 train_eval_loss-->1.252264,train_acc-->0.912979,test_eval_loss-->1.933329,test_acc===0.647059
INFO:root:epoch:200 train_eval_loss-->1.184619,train_acc-->0.942478,test_eval_loss-->2.214178,test_acc===0.612745
INFO:root:epoch:201 train_eval_loss-->1.342386,train_acc-->0.882006,test_eval_loss-->2.249932,test_acc===0.549020
INFO:root:epoch:202 train_eval_loss-->1.183647,train_acc-->0.941003,test_eval_loss-->2.073487,test_acc===0.651961
INFO:root:epoch:203 train_eval_loss-->1.226926,train_acc-->0.923304,test_eval_loss-->2.108610,test_acc===0.598039
INFO:root:epoch:204 train_eval_loss-->1.261604,train_acc-->0.912979,test_eval_loss-->1.993275,test_acc===0.612745
INFO:root:epoch:205 train_eval_loss-->1.178413,train_acc-->0.941003,test_eval_loss-->2.160001,test_acc===0.607843
INFO:root:epoch:206 train_eval_loss-->1.137679,train_acc-->0.945428,test_eval_loss-->2.313124,test_acc===0.544118
INFO:root:epoch:207 train_eval_loss-->1.208156,train_acc-->0.951327,test_eval_loss-->1.961137,test_acc===0.686275
INFO:root:epoch:208 train_eval_loss-->1.235111,train_acc-->0.914454,test_eval_loss-->2.079425,test_acc===0.607843
INFO:root:epoch:209 train_eval_loss-->1.191009,train_acc-->0.957227,test_eval_loss-->2.045317,test_acc===0.642157
INFO:root:epoch:210 train_eval_loss-->1.200036,train_acc-->0.945428,test_eval_loss-->2.082196,test_acc===0.642157
INFO:root:epoch:211 train_eval_loss-->1.109326,train_acc-->0.943953,test_eval_loss-->1.919614,test_acc===0.740196
INFO:root:epoch:212 train_eval_loss-->0.944575,train_acc-->0.992625,test_eval_loss-->2.017181,test_acc===0.622549
INFO:root:epoch:213 train_eval_loss-->1.021863,train_acc-->0.967552,test_eval_loss-->1.916327,test_acc===0.676471
INFO:root:epoch:214 train_eval_loss-->0.965964,train_acc-->0.976401,test_eval_loss-->1.744549,test_acc===0.745098
INFO:root:epoch:215 train_eval_loss-->0.863451,train_acc-->0.985251,test_eval_loss-->1.930123,test_acc===0.661765
INFO:root:epoch:216 train_eval_loss-->0.947295,train_acc-->0.982301,test_eval_loss-->1.898950,test_acc===0.671569
INFO:root:epoch:217 train_eval_loss-->0.922447,train_acc-->0.967552,test_eval_loss-->1.852332,test_acc===0.700980
INFO:root:epoch:218 train_eval_loss-->0.799675,train_acc-->0.997050,test_eval_loss-->1.773729,test_acc===0.725490
INFO:root:epoch:219 train_eval_loss-->0.832605,train_acc-->0.995575,test_eval_loss-->1.799546,test_acc===0.735294
INFO:root:epoch:220 train_eval_loss-->0.753290,train_acc-->0.994100,test_eval_loss-->1.957220,test_acc===0.656863
INFO:root:epoch:221 train_eval_loss-->0.849208,train_acc-->0.982301,test_eval_loss-->1.852803,test_acc===0.691176
INFO:root:epoch:222 train_eval_loss-->0.859324,train_acc-->0.989676,test_eval_loss-->1.862845,test_acc===0.700980
INFO:root:epoch:223 train_eval_loss-->0.790918,train_acc-->0.989676,test_eval_loss-->1.799146,test_acc===0.700980
INFO:root:epoch:224 train_eval_loss-->0.722938,train_acc-->0.997050,test_eval_loss-->1.704816,test_acc===0.735294
INFO:root:epoch:225 train_eval_loss-->0.670132,train_acc-->0.995575,test_eval_loss-->1.725152,test_acc===0.735294
INFO:root:epoch:226 train_eval_loss-->0.634361,train_acc-->0.998525,test_eval_loss-->1.872091,test_acc===0.705882
INFO:root:epoch:227 train_eval_loss-->0.787373,train_acc-->0.994100,test_eval_loss-->1.781748,test_acc===0.705882
INFO:root:epoch:228 train_eval_loss-->0.601035,train_acc-->1.000000,test_eval_loss-->1.741869,test_acc===0.759804
INFO:root:epoch:229 train_eval_loss-->0.589301,train_acc-->1.000000,test_eval_loss-->1.791269,test_acc===0.705882
