2024-01-11 10:52:15,114 - pyswarms.single.global_best - INFO - Optimize for 1000 iters with {'c1': 0.5, 'c2': 0.3, 'w': 0.9}
2024-01-11 10:52:15,700 - pyswarms.single.global_best - INFO - Optimization finished | best cost: 2.207456337721356e-33, best pos: [3.54144628e-18 1.10190868e-17 7.08178869e-18 1.35101343e-17]
2024-01-11 10:59:07,261 - pyswarms.single.global_best - INFO - Optimize for 1000 iters with {'c1': 0.5, 'c2': 0.3, 'w': 0.9}
2024-01-11 10:59:10,666 - pyswarms.single.global_best - INFO - Optimization finished | best cost: 0.0019390247455897236, best pos: [-0.02309002  0.04915504  0.00300459  0.01896478 -0.0027823   0.03576249
  0.02159945  0.03527404  0.0271814   0.02030987  0.02964342  0.04721297]
2024-01-11 13:13:31,906 - pyswarms.single.global_best - INFO - Optimize for 100 iters with {'c1': 0.5, 'c2': 0.3, 'w': 0.9}
2024-01-11 13:13:36,699 - pyswarms.single.global_best - INFO - Optimization finished | best cost: 3.3169857634572586, best pos: [-0.10723209  0.07575775 -0.0686663   0.01963435  0.15504931  0.0411557
  0.06972752  0.06480596  0.19186883  0.0640392   0.07038876  0.01693928
  0.01068915  0.11883346 -0.07760072  0.27527376  0.09048151  0.23381782
  0.01408848  0.03239371  0.33784832  0.16050733  0.07160548  0.11474666
  0.17782415  0.1420491   0.11344901  1.24196622  0.19560395  0.1771973 ]
2024-01-11 13:15:00,889 - pyswarms.single.global_best - INFO - Optimize for 1000 iters with {'c1': 0.5, 'c2': 0.3, 'w': 0.9}
2024-01-11 13:15:59,908 - pyswarms.single.global_best - INFO - Optimization finished | best cost: 6.95031882656391, best pos: [0.1008024  0.17838262 0.06692211 0.07500009 0.13286122 0.04981061
 0.1342002  0.23797346 0.08904147 0.18768192 0.20837805 0.20077908
 0.13979685 0.15519008 0.14955303 0.25036856 0.27785229 0.2677453
 0.14803821 0.15900966 0.17334455 0.11022178 0.11839046 0.12907153
 0.19727422 0.21201816 0.23107901 0.27690732 0.41991022 0.83360443]
2024-01-11 13:33:54,386 - pyswarms.single.global_best - INFO - Optimize for 1000 iters with {'c1': 0.5, 'c2': 0.3, 'w': 0.9}
2024-01-11 13:34:48,294 - pyswarms.single.global_best - INFO - Optimization finished | best cost: 0.03727005631347891, best pos: [-0.00293763 -0.00377536 -0.00457469  0.00011848 -0.00064029  0.01206464
 -0.02432499 -0.01786761 -0.00364751 -0.01108499  0.00534994  0.00086521
  0.00291488 -0.00053962 -0.00170222  0.01120042 -0.02665901 -0.0335701
 -0.00039656 -0.00343848  0.00101487  0.00065291 -0.00326157 -0.00066227
  0.00365778 -0.02036986 -0.03165816  0.0098994  -0.00445988  0.07126613]
2024-01-11 13:38:00,371 - pyswarms.single.global_best - INFO - Optimize for 100 iters with {'c1': 0.5, 'c2': 0.3, 'w': 0.9}
2024-01-11 13:38:07,412 - pyswarms.single.global_best - INFO - Optimization finished | best cost: 4.673758488720754, best pos: [ 0.22814732  0.06249234  0.04896187  0.00111009  0.11893079 -0.04111054
  0.21052271  0.04121649 -0.01988952  0.11775203  0.05080689 -0.05082831
  0.12430437  0.09599656  0.05286436  0.15109455  0.04945256  0.00372702
  0.04191943  0.18657813  0.05943275 -0.15366366  0.06255549 -0.16367598
 -0.17919285 -0.14379216  0.13799616 -0.2841364   0.05860228  0.15518104
 -0.01454872  0.01600172  0.10842249 -0.01688013  0.03917666  0.11962931
 -0.12576031  0.27205164 -0.05448911 -0.13017341  0.02220478 -0.20596361
  0.09077629 -0.01739755  0.11515658  0.43496362 -0.04865988  0.28630551]
2024-01-11 13:38:26,551 - pyswarms.single.global_best - INFO - Optimize for 100 iters with {'c1': 0.5, 'c2': 0.3, 'w': 0.9}
2024-01-11 13:39:13,845 - pyswarms.single.global_best - INFO - Optimize for 1000 iters with {'c1': 0.5, 'c2': 0.3, 'w': 0.9}
2024-01-11 13:40:27,872 - pyswarms.single.global_best - INFO - Optimization finished | best cost: 0.393650045122294, best pos: [-0.00430874  0.04423621  0.04977212  0.01559837  0.04744295 -0.02287182
  0.01392979  0.043739    0.03781623 -0.05128751  0.05617234  0.11036403
  0.01909057  0.03978701  0.03150991 -0.00607489  0.04868668  0.0129303
 -0.01245708  0.01773443  0.05753984 -0.00177363  0.04466265  0.02586291
  0.01111067  0.01129393  0.04514257  0.01767432  0.0532989  -0.00366135
  0.00614305  0.02911204  0.06465523  0.03308662 -0.01502517  0.03983555
  0.03550573  0.02743246  0.06145941 -0.02443404  0.02473214  0.00919038
  0.05567764  0.04718831  0.01320203  0.23158192  0.15590448  0.19801313]
2024-01-11 13:41:18,446 - pyswarms.single.global_best - INFO - Optimize for 1000 iters with {'c1': 0.5, 'c2': 0.3, 'w': 0.9}
2024-01-11 13:43:53,316 - pyswarms.single.global_best - INFO - Optimization finished | best cost: 14.615383286180325, best pos: [ 0.20555761  0.45486659 -0.35475581 -0.0882348  -0.18098791 -0.2462068
  0.02027652  0.28043695 -0.03102457  0.11728393 -0.06242941 -0.23761541
  0.01252947 -0.12385657 -0.1024478   0.16372877  0.28732675 -0.09078156
 -0.01053579 -0.22647291  0.11023213 -0.25099468  0.21546591  0.22941138
  0.10986038 -0.2232117  -0.25442129  0.02843097 -0.04825749  0.06613682
  0.07890676 -0.05736815 -0.07451414 -0.07581045  0.09787028 -0.34418176
  0.09501633 -0.21273897  0.1961737   0.05095698 -0.09442232 -0.04822386
  0.08963656  0.1585007  -0.15528744  0.05049831 -0.19990355 -0.11641546
 -0.00476414  0.20095575  0.1348784  -0.30743452  0.0455566  -0.04601942
  0.0412032  -0.10698245  0.02777784 -0.14829815 -0.08071631 -0.12654346
 -0.05051655 -0.1192799  -0.07197216  0.19418732  0.1032395  -0.00158872
 -0.01754377  0.27088709  0.15169984  0.12621435  0.14772124  0.01886968
  0.38093905 -0.07572269  0.10312644 -0.32670008  0.09663756  0.03826156
 -0.08263987  0.1556448   0.02501735 -0.45028152 -0.10662721  0.45391286
 -0.27209797  0.16051973 -0.19100439  0.08100204  0.37938496  0.00907245
 -0.10538424  0.16812922  0.19475333  0.14132897  0.00559069  0.31114114
 -0.06574661  0.0863921   0.30334606  0.21920093 -0.23544227 -0.09038336
  0.22168735  0.20729987 -0.01186447  0.15252214  0.05486478 -0.10018205
  0.15988112 -0.31116347  0.06939918 -0.15550261 -0.10248012 -0.02806454
 -0.00190687 -0.03083092  0.0050872  -0.25057828  0.08060388 -0.0169925
  0.01695378 -0.14375609 -0.19260452 -0.05938713  0.17986532 -0.39035503
  0.09862002 -0.23623174  0.22279014]
2024-01-11 13:49:55,511 - pyswarms.single.global_best - INFO - Optimize for 1000 iters with {'c1': 0.5, 'c2': 0.3, 'w': 0.9}
2024-01-11 13:52:27,479 - pyswarms.single.global_best - INFO - Optimization finished | best cost: 8.650693480961051, best pos: [ 0.09081944 -0.18488182 -0.01588876  0.04699271 -0.05988672 -0.03563944
 -0.07786062 -0.07470139 -0.04927474  0.17194339  0.01405407 -0.06217469
  0.12004606  0.0672299  -0.08721574 -0.08349533 -0.05495788 -0.17719614
 -0.00739627  0.14267716  0.08568585  0.01468764 -0.0417367  -0.04437107
 -0.17229744 -0.14758492 -0.0411004  -0.08658798  0.1725428   0.1905625
 -0.07403326  0.08746089  0.1229551   0.1737258   0.04305712 -0.21344858
  0.12893295  0.10143546  0.17127626 -0.04542993 -0.07809215 -0.12414057
 -0.01139812 -0.08152973 -0.15757711 -0.20457164  0.26723463  0.06973763
  0.12334834 -0.1162522   0.05941373  0.00165274 -0.07340758  0.00952899
 -0.14471306  0.25845535  0.09008608  0.22544112 -0.01460501  0.02705086
 -0.06237669 -0.02987405 -0.28615862 -0.15853849 -0.17984392 -0.06159849
  0.19899063  0.04550726  0.0622421   0.08388873  0.25903999  0.11336601
 -0.07851651  0.00375651 -0.10018483  0.04821967  0.07228359  0.00604481
  0.10522577  0.23393177 -0.03058608 -0.18975309 -0.13129726 -0.05336272
 -0.05578925  0.43821246  0.09770974  0.29048122  0.1926254   0.06600824
 -0.08049286  0.07459157  0.01376232  0.1991109  -0.12647994  0.03694192
 -0.01022024  0.07925658  0.03870946  0.16259984 -0.03731976 -0.0867377
 -0.18386641  0.00732898  0.16590743 -0.1265075   0.06234911 -0.06753034
 -0.15176887 -0.03940656 -0.16037722  0.00184998  0.01268173 -0.0665261
  0.07717088  0.11755434  0.02993487  0.05869445  0.00964814  0.2764689
 -0.04419034  0.17363644 -0.14627254  0.16001221  0.04974582 -0.01124144
  0.21298181  0.55910187  0.05007017]
2024-01-11 13:54:55,466 - pyswarms.single.global_best - INFO - Optimize for 1000 iters with {'c1': 0.5, 'c2': 0.3, 'w': 0.9}
2024-01-11 13:57:51,070 - pyswarms.single.global_best - INFO - Optimization finished | best cost: 4221.201198292633, best pos: [ 2.02239577e-01  3.45589461e-01 -3.44145378e-01  7.18464596e-01
  8.20252716e-02 -1.60812196e-01 -2.19086502e-01 -6.95457464e-01
  1.84919344e-01 -8.05842714e-02 -2.62779539e-02  2.56322255e-01
 -7.17622773e-01  6.69719049e-02 -3.03570128e-01 -2.02534460e-01
  4.22223464e-01 -5.07361884e-01 -1.82703542e-02 -2.47395914e-01
  7.18784543e-01 -6.10234060e-01  2.70377478e-03  4.70101873e-01
  1.31507200e-01  1.86083976e-01 -1.85109566e-01 -6.63520416e-02
  3.94618771e-02 -4.36110007e-01  6.38966171e-01 -8.69117157e-02
 -2.89904302e-01  4.21962846e-01 -1.45868461e-01  2.88020827e-01
 -2.45951881e-02  4.53305244e-01 -4.91016356e-01  1.87192799e-01
  3.56588241e-02  1.22421936e-01  1.59290800e-02 -2.87105205e-02
  2.63033855e-01 -3.44721646e-02 -5.43994124e-01  5.96099099e-01
 -1.95926340e-01 -1.11719078e-01  2.86937037e-01 -7.63892006e-02
  2.46857424e-01  9.38946588e-02  5.41659002e-01 -1.09262053e-01
 -4.12868305e-01  3.83577180e-01 -1.25264253e-01  3.52880994e-01
  1.92719577e-01 -5.46618959e-02  3.18671093e-01  3.18539788e-01
  1.90757164e-01  7.66520063e-01  9.56581676e-02  7.66127787e-01
  5.39826499e-01 -7.75668287e-01 -3.71999309e-01  2.32991537e-01
 -1.66432641e+00 -3.14128089e-04 -5.63130240e-01  7.11332648e-01
  7.71200481e-02 -7.41358662e-02  1.81664869e+00  1.35864829e-01
 -4.88883692e-02  3.39917296e-02  1.24963849e-01  5.53790023e-01
  2.78614818e-01  2.85169833e-01 -1.10654191e-01  3.20567665e-02
 -3.48398273e-01  5.09680355e-01  7.49930880e-01  1.52500925e-01
 -4.30174166e-01  4.14471025e-01  7.01225312e-03  2.47674187e-01
  2.81192553e-02  3.10834139e-01 -6.34493481e-01  2.19264808e-02
 -6.68676960e-02  9.60475672e-02 -6.60995115e-01 -5.78851347e-01
  6.50338545e-02  4.14972921e-01  3.62418663e-01  9.01474465e-03
  3.27658688e-01  8.49293174e-01 -4.10147987e-04  1.69323042e-01
 -1.46296698e-01  2.84356921e-01 -3.33536422e-03 -7.82880488e-02
  3.39906125e-01  2.74966009e-01  2.20033888e-01  5.66342738e-01
  5.65030746e-01  4.04124306e-01 -4.87573548e-02  2.11626023e-01
  2.17231882e-01 -7.90605989e-01 -2.52018710e-01  2.31736837e-01
  2.31739678e+00]
2024-01-11 14:00:24,171 - pyswarms.single.global_best - INFO - Optimize for 10000 iters with {'c1': 0.5, 'c2': 0.3, 'w': 0.9}
2024-01-11 14:06:58,392 - pyswarms.single.global_best - INFO - Optimize for 5000 iters with {'c1': 0.5, 'c2': 0.3, 'w': 0.9}
2024-01-11 14:13:55,852 - pyswarms.backend.generators - ERROR - Bounds and/or init_pos should be of size (129,)
Traceback (most recent call last):
  File "/home/yxz/anaconda3/envs/pytorch/lib/python3.9/site-packages/pyswarms/backend/generators.py", line 74, in generate_swarm
    lb, ub = bounds
ValueError: too many values to unpack (expected 2)
2024-01-11 14:14:41,543 - pyswarms.backend.generators - ERROR - Bounds and/or init_pos should be of size (129,)
Traceback (most recent call last):
  File "/home/yxz/anaconda3/envs/pytorch/lib/python3.9/site-packages/pyswarms/backend/generators.py", line 74, in generate_swarm
    lb, ub = bounds
ValueError: too many values to unpack (expected 2)
2024-01-11 14:15:52,332 - pyswarms.single.global_best - INFO - Optimize for 5000 iters with {'c1': 0.5, 'c2': 0.3, 'w': 0.9}
2024-01-11 14:17:16,199 - pyswarms.single.global_best - INFO - Optimize for 5000 iters with {'c1': 0.5, 'c2': 0.3, 'w': 0.9}
2024-01-11 14:21:14,374 - pyswarms.single.global_best - INFO - Optimize for 5000 iters with {'c1': 2.0, 'c2': 2.0, 'w': 0.5}
2024-01-11 14:29:25,138 - pyswarms.single.global_best - INFO - Optimize for 5000 iters with {'c1': 2.0, 'c2': 2.0, 'w': 0.5}
2024-01-11 14:33:08,514 - pyswarms.single.global_best - INFO - Optimize for 5000 iters with {'c1': 2.0, 'c2': 2.0, 'w': 0.5}
2024-01-11 14:34:17,791 - pyswarms.single.global_best - INFO - Optimize for 5000 iters with {'c1': 2.0, 'c2': 2.0, 'w': 0.5}
2024-01-11 14:45:29,060 - pyswarms.single.global_best - INFO - Optimize for 5000 iters with {'c1': 0.5, 'c2': 0.3, 'w': 0.9}
2024-01-11 14:59:27,326 - pyswarms.single.global_best - INFO - Optimization finished | best cost: 90.84983732174608, best pos: [ 8.35434954e-02 -4.10732941e-02 -3.38079349e-01 -1.22124246e-01
  2.26265377e-03 -1.57925774e-01 -1.44403716e-01 -8.43276612e-02
  1.74331034e-01  1.34138042e-01 -2.70411529e-02  9.73860748e-02
 -7.57670987e-02  1.46084972e-01  2.74014722e-01  1.30153342e-01
 -4.93862975e-03 -1.62952197e-01 -2.08092931e+09  6.59805505e+05
 -2.11601919e+12 -2.19319073e+03 -1.77711455e+16  4.97181599e+07
  1.05778206e+09 -1.96016527e+11  9.76574222e+09  3.23912568e+05
  7.63580143e+08 -1.75214846e+09 -2.46077184e+09 -4.67176504e+10
  2.67520601e+08 -2.08770369e+09 -2.08723082e+10  1.72812385e+15
 -1.74743727e+14 -2.25001695e+05 -6.84863019e+13  2.05814416e+07
 -9.79369645e+04 -4.51137860e+05 -1.15100066e+01]
2024-01-11 15:09:30,685 - pyswarms.single.global_best - INFO - Optimization finished | best cost: 79.0721546897927, best pos: [ 7.01104950e-03  3.36056810e-02 -4.05437135e-01  4.98465322e-02
 -8.16039459e-02  1.81404581e-01  1.97385435e-01 -1.10744266e-03
  1.56838779e-02 -1.10720002e-01  5.21088121e-02 -3.09996972e-02
 -1.25693591e-01 -8.17236841e-02  2.48744431e-01 -2.09599888e-02
  7.77720348e-02  4.29876368e-02  1.99630879e-01 -2.33512290e-01
  4.64851581e-01  9.14828239e-02 -2.19403486e-02  2.99271148e-01
  7.22432703e-01 -6.09953705e-01 -4.30338671e-02 -7.20631589e-01
 -7.25890237e-02  4.40380055e-02 -4.08329602e-01 -7.17799456e-01
  2.67189944e-01  4.75605362e-02 -8.68294240e-03 -1.33704187e-01
 -4.44161558e-01 -3.47207516e-03  3.14647085e-01  7.48871792e-01
 -5.52919247e-01  5.24293576e-01  3.58223949e+00]
2024-01-11 15:14:43,801 - pyswarms.single.global_best - INFO - Optimize for 5000 iters with {'c1': 0.5, 'c2': 0.3, 'w': 0.9}
2024-01-11 15:25:37,058 - pyswarms.single.global_best - INFO - Optimization finished | best cost: 139.18849865708626, best pos: [ 0.41265873  0.20598387 -0.23116307  0.40210886 -0.20542905 -0.1410464
 -0.2261916  -0.06095655  0.32027369 -0.23306969  0.10655199  0.01355103
 -0.33264388 -0.22678773  0.04871131 -0.02741368  0.15155556 -0.01292367
  0.54524881]
2024-01-11 15:29:28,304 - pyswarms.single.global_best - INFO - Optimize for 5000 iters with {'c1': 1.0, 'c2': 1.0, 'w': 0.8}
2024-01-11 15:40:04,144 - pyswarms.single.global_best - INFO - Optimization finished | best cost: 12.75977435110001, best pos: [-1.11838285e-03  2.98576321e-02 -6.09936598e-02  1.88499131e-02
  2.19899452e-03  1.87964063e-02 -2.87333474e-02 -3.02898790e-03
  5.06449070e-03  2.76254610e-03 -1.37514523e-03  5.54482841e-03
  2.93239096e-02 -3.12329736e-02  3.08951741e-02 -2.09972187e-02
  6.48080872e-03  1.07033835e-02  2.29145457e+00]
2024-01-11 16:44:50,489 - pyswarms.single.global_best - INFO - Optimize for 5000 iters with {'c1': 1.0, 'c2': 1.0, 'w': 0.7}
2024-01-11 16:57:32,465 - pyswarms.single.global_best - INFO - Optimization finished | best cost: 104.20987097745021, best pos: [-0.05273391  0.08767787  0.0217992   0.22650034 -0.27499826 -0.01774851
 -0.39364326  0.20570678  0.05504921  0.12912126 -0.00494766  0.03320484
  0.11982662  0.07353758 -0.10331158 -0.01484291 -0.08041084  0.03258621
  0.48238223]
2024-01-11 16:57:51,435 - pyswarms.single.global_best - INFO - Optimize for 5000 iters with {'c1': 1.0, 'c2': 1.0, 'w': 0.8}
2024-01-11 17:10:07,341 - pyswarms.single.global_best - INFO - Optimization finished | best cost: 6.682031325288852, best pos: [-0.01171973  0.00511874 -0.03102786 -0.01537341  0.0074207   0.00215751
 -0.00891788  0.00088328  0.02658808  0.01766429 -0.00893865 -0.00241741
  0.0211294   0.00557574  0.00478809 -0.00246022 -0.0091335  -0.00135202
 -0.18116703]
2024-01-12 08:32:15,984 - pyswarms.single.global_best - INFO - Optimize for 5000 iters with {'c1': 1.0, 'c2': 1.0, 'w': 0.8}
2024-01-12 09:03:09,744 - pyswarms.single.global_best - INFO - Optimization finished | best cost: 8.758648030206626, best pos: [ 7.61935701e-03  1.95575006e-02  4.59437455e-02  1.24877504e-05
  2.27618997e-02 -1.35394002e-03 -7.45714628e-04 -2.54446362e-02
 -1.61017108e-02 -8.75999466e-03 -5.38123172e-03 -5.78164480e-03
  3.52703375e-03 -2.09817686e-03 -1.92707925e-02 -2.90354138e-03
 -1.16616236e-02 -1.16614775e-02 -1.52163779e+02  1.60317713e+02
 -2.71435687e-01  1.01803452e+00  1.28964418e-01  2.36253359e+04
 -5.66144365e+02 -2.82319388e+00  7.17060483e+00  6.88636616e-01
 -6.16032992e-01  1.32450356e-01  6.15734781e+01  7.18616158e+03
  8.67412118e+01 -1.51000241e+01  9.79169895e-01  4.53965055e-01
  4.61592657e-01 -4.56438900e+00 -6.06128127e+01 -5.89349529e+00
  2.83635689e+00 -6.22305186e+02 -1.19509764e+00]
2024-01-12 09:45:56,071 - pyswarms.single.global_best - INFO - Optimize for 8000 iters with {'c1': 1.0, 'c2': 1.0, 'w': 0.8}
2024-01-12 09:58:53,496 - pyswarms.single.global_best - INFO - Optimize for 2000 iters with {'c1': 0.5, 'c2': 0.3, 'w': 0.6}
2024-01-12 10:00:42,862 - pyswarms.single.global_best - INFO - Optimize for 8000 iters with {'c1': 0.5, 'c2': 0.3, 'w': 0.6}
2024-01-12 10:12:49,009 - pyswarms.single.global_best - INFO - Optimization finished | best cost: 4.413306183992857, best pos: [-4.64678771e-03  2.55730248e-03 -9.29133485e-03  2.79535053e-03
 -1.33728522e-03  5.51467579e-03 -3.30211376e-03  2.24645906e-03
  4.26982897e-03  2.28108192e-03  3.63403718e-04 -1.43173501e-03
  5.60964786e-03 -6.36446960e-03 -4.58592464e-05 -2.42062953e-03
  4.61408942e-03  2.01831023e-02  2.40801701e+00]
2024-01-12 10:29:44,002 - pyswarms.single.global_best - INFO - Optimization finished | best cost: 456.0412717751886, best pos: [-1.53927251e-01 -2.55886484e-01  3.95191871e-02 -6.86871400e-03
  3.97792429e-01 -4.19267144e-01  2.97182348e-04 -2.73577561e-01
 -7.42813786e-02  1.86901841e-01 -5.37266520e-02  1.01861658e-01
  4.34025290e-02  3.48194090e-01  2.63582566e-01 -1.91945994e-01
  4.47602825e-04  3.47251108e-01 -1.37920392e-01]
2024-01-12 10:29:44,010 - pyswarms.single.global_best - INFO - Optimize for 8000 iters with {'c1': 0.5, 'c2': 0.3, 'w': 0.8}
2024-01-12 10:53:31,373 - pyswarms.single.global_best - INFO - Optimization finished | best cost: 124.53350658345124, best pos: [ 0.04792247  0.22312589 -0.20834061 -0.09184577  0.01478916 -0.02706286
  0.1160773  -0.24693203  0.0776519   0.0401368  -0.02486591  0.05829693
 -0.23803444 -0.03312007  0.08255087  0.13540197  0.05478563  0.07823183
 -0.02022029]
2024-01-12 10:53:31,381 - pyswarms.single.global_best - INFO - Optimize for 8000 iters with {'c1': 0.5, 'c2': 0.3, 'w': 1.0}
2024-01-12 11:23:59,207 - pyswarms.single.global_best - INFO - Optimization finished | best cost: 1170.8779513774284, best pos: [ 0.20716035  0.2974127  -0.15194215  0.20357953 -0.19478688  0.87229529
 -0.30871117 -0.69342611 -0.46282797  0.03620637 -0.09741186  0.08449571
 -0.41427591 -0.09954176  0.12547551  0.28963712 -0.50565919  0.43365807
 -0.39723066]
2024-01-12 11:23:59,216 - pyswarms.single.global_best - INFO - Optimize for 8000 iters with {'c1': 0.5, 'c2': 0.8, 'w': 0.6}
2024-01-12 11:50:32,764 - pyswarms.single.global_best - INFO - Optimization finished | best cost: 361.1682983040274, best pos: [ 0.75765119 -0.15846983 -0.52552996 -0.09635061 -0.16445772  0.8651242
 -0.46863622  0.00159065 -0.55709636  0.15772586  0.02291052  0.16639574
 -0.52456618  0.36623487  0.06278009  0.23393347 -0.04499605  0.09492925
  0.63966579]
2024-01-12 11:50:32,772 - pyswarms.single.global_best - INFO - Optimize for 8000 iters with {'c1': 0.5, 'c2': 0.8, 'w': 0.8}
2024-01-12 12:11:32,162 - pyswarms.single.global_best - INFO - Optimization finished | best cost: 137.92380085447854, best pos: [ 0.10913313 -0.19007367 -0.05684339 -0.08523661 -0.00839802  0.30942984
 -0.13560952 -0.02256713  0.18059251  0.10564377 -0.06131548 -0.29563953
 -0.26935262  0.15315586 -0.14656317  0.26933921  0.12316771 -0.01890392
  0.75963895]
2024-01-12 12:11:32,169 - pyswarms.single.global_best - INFO - Optimize for 8000 iters with {'c1': 0.5, 'c2': 0.8, 'w': 1.0}
2024-01-12 12:40:47,877 - pyswarms.single.global_best - INFO - Optimization finished | best cost: 1946.6062434852347, best pos: [-3.42795849e-02  5.61151435e-05 -2.85632120e-01 -3.62354084e-01
  1.09543046e-01  4.41498494e-01  6.55055961e-01  3.30276903e-01
  1.37309857e+00  1.03381309e+00  3.43364448e-01  7.41199110e-01
 -2.87450487e-01  2.37219282e-01 -6.79712148e-01 -1.15132956e+00
 -9.97212069e-01  5.94580606e-01  1.11333730e+00]
2024-01-12 12:40:47,887 - pyswarms.single.global_best - INFO - Optimize for 8000 iters with {'c1': 0.5, 'c2': 1.3, 'w': 0.6}
2024-01-12 13:11:02,547 - pyswarms.single.global_best - INFO - Optimization finished | best cost: 235.6150511954057, best pos: [-0.08046316 -0.19870715 -0.41176913  0.06040806 -0.03228981  0.29656379
 -0.10575965 -0.16638361  0.12192233 -0.08648636  0.02470654 -0.05140586
 -0.25069363  0.70119158 -0.13334232  0.43377167 -0.30911396  0.24615794
 -0.53877453]
2024-01-12 13:11:02,554 - pyswarms.single.global_best - INFO - Optimize for 8000 iters with {'c1': 0.5, 'c2': 1.3, 'w': 0.8}
2024-01-12 13:41:09,254 - pyswarms.single.global_best - INFO - Optimization finished | best cost: 1.9208144794198447, best pos: [-0.00224888 -0.0024509   0.0031326   0.01155325  0.00028369 -0.00083645
 -0.00208301  0.00097889 -0.00154358 -0.00660129  0.00106194 -0.0001622
 -0.00130171  0.00116966 -0.00068797  0.00042264 -0.00102405  0.00025911
  0.06752735]
2024-01-12 13:41:09,261 - pyswarms.single.global_best - INFO - Optimize for 8000 iters with {'c1': 0.5, 'c2': 1.3, 'w': 1.0}
2024-01-12 14:08:14,846 - pyswarms.single.global_best - INFO - Optimization finished | best cost: 2359.049880832224, best pos: [ 1.55429643  0.66784622 -0.17074261 -0.21046357 -0.06049637 -0.65764981
  0.30785784 -1.29615204 -1.71153997 -1.52793906  1.24961128  1.15282189
 -0.19357264 -1.53927982  0.00912426  0.30131906 -0.05374473  0.25694505
  0.56954233]
2024-01-12 14:08:14,855 - pyswarms.single.global_best - INFO - Optimize for 8000 iters with {'c1': 1.0, 'c2': 0.3, 'w': 0.6}
2024-01-12 14:31:29,899 - pyswarms.single.global_best - INFO - Optimization finished | best cost: 98.4867955590693, best pos: [ 0.12201427 -0.02789636  0.17724242 -0.13751948  0.11712869 -0.01838563
  0.04357342 -0.11856107 -0.21792196  0.01125691 -0.01659894 -0.00434643
 -0.01923537  0.22665631  0.06975287 -0.01989974 -0.16776944  0.11164372
  0.42143796]
2024-01-12 14:31:29,904 - pyswarms.single.global_best - INFO - Optimize for 8000 iters with {'c1': 1.0, 'c2': 0.3, 'w': 0.8}
2024-01-12 14:59:18,871 - pyswarms.single.global_best - INFO - Optimization finished | best cost: 42.602194405876126, best pos: [ 0.13302683  0.04640664  0.1378456  -0.08408038  0.01985763 -0.09472509
 -0.1112722  -0.02398154 -0.04962326  0.08090324 -0.03317075  0.0540939
 -0.00909914 -0.00947785 -0.02989622 -0.00608724  0.00213746 -0.01023018
 -0.29794921]
2024-01-12 14:59:18,875 - pyswarms.single.global_best - INFO - Optimize for 8000 iters with {'c1': 1.0, 'c2': 0.3, 'w': 1.0}
2024-01-12 15:22:05,738 - pyswarms.single.global_best - INFO - Optimization finished | best cost: 873.5325381426308, best pos: [-0.18108838 -0.78409847  0.33467913  0.12614865  0.38170572 -0.18474412
 -0.10352639  0.39017939 -0.02973959  0.41806897 -0.57660745  0.08756552
 -0.3527402  -0.21744614  0.32459235 -0.172628    0.53167399  0.1098928
  0.02708849]
2024-01-12 15:22:05,746 - pyswarms.single.global_best - INFO - Optimize for 8000 iters with {'c1': 1.0, 'c2': 0.8, 'w': 0.6}
2024-01-12 15:42:47,866 - pyswarms.single.global_best - INFO - Optimization finished | best cost: 123.9503514815064, best pos: [ 0.20095186  0.33381219  0.07622469 -0.02064527 -0.14212383 -0.20950301
  0.0441837  -0.21914091  0.21515199 -0.09695247  0.12625847  0.02457477
 -0.04779031 -0.08372477 -0.16653253 -0.09503437 -0.01437026  0.08069153
  0.39287971]
2024-01-12 15:42:47,871 - pyswarms.single.global_best - INFO - Optimize for 8000 iters with {'c1': 1.0, 'c2': 0.8, 'w': 0.8}
2024-01-12 16:02:22,556 - pyswarms.single.global_best - INFO - Optimization finished | best cost: 40.93705528533611, best pos: [-0.01343481  0.10294337 -0.11654908 -0.00743164 -0.038254    0.05006215
 -0.04038548  0.01855952  0.05472126  0.05502706  0.00487995 -0.0053126
  0.10265317 -0.12903059  0.04250446 -0.0933498   0.04436303 -0.0469012
  0.35506075]
2024-01-12 16:02:22,560 - pyswarms.single.global_best - INFO - Optimize for 8000 iters with {'c1': 1.0, 'c2': 0.8, 'w': 1.0}
2024-01-12 16:24:50,255 - pyswarms.single.global_best - INFO - Optimization finished | best cost: 1108.9987818542843, best pos: [-0.53582462 -0.04919078 -0.07643405  0.21255378  1.03362955  1.4054194
 -1.03093484 -0.38090375 -0.87186074  0.12245769 -1.0015723   0.35073308
  0.90602578  0.46500945 -0.59202789  0.1930729  -0.05602752 -0.64931966
 -0.43582024]
2024-01-12 16:24:50,262 - pyswarms.single.global_best - INFO - Optimize for 8000 iters with {'c1': 1.0, 'c2': 1.3, 'w': 0.6}
2024-01-12 16:44:57,068 - pyswarms.single.global_best - INFO - Optimization finished | best cost: 85.57726692546932, best pos: [-0.1468346   0.07146994 -0.16491085 -0.22046907  0.15026889  0.14725731
  0.24132395 -0.1554721  -0.00474678 -0.00221039 -0.01882762 -0.0362658
  0.13072452  0.11899879  0.06938054 -0.00744048 -0.16206507  0.0332318
  0.29352507]
2024-01-12 16:44:57,073 - pyswarms.single.global_best - INFO - Optimize for 8000 iters with {'c1': 1.0, 'c2': 1.3, 'w': 0.8}
2024-01-12 17:04:34,241 - pyswarms.single.global_best - INFO - Optimization finished | best cost: 3.3530501057965685, best pos: [-0.00485502 -0.00836534  0.02183985  0.00986831 -0.00151848 -0.00356116
  0.00411754  0.00297946 -0.01287852 -0.00891861  0.00233203  0.00015996
 -0.00378443  0.00955134 -0.00712012  0.00333047 -0.00514009  0.00405702
  0.05555369]
2024-01-12 17:04:34,246 - pyswarms.single.global_best - INFO - Optimize for 8000 iters with {'c1': 1.0, 'c2': 1.3, 'w': 1.0}
2024-01-12 17:23:35,364 - pyswarms.single.global_best - INFO - Optimization finished | best cost: 1121.3418623494329, best pos: [ 0.32717776  0.57252963  1.53367381 -0.31554378 -1.37343974 -1.03410852
 -0.0752707   0.55216638  0.43250157  0.0602609   0.11973467 -0.99730683
  0.2552513   0.52686472 -0.27702709 -0.51311786  0.15573919  0.29239079
  1.42357857]
2024-01-12 17:23:35,369 - pyswarms.single.global_best - INFO - Optimize for 8000 iters with {'c1': 1.5, 'c2': 0.3, 'w': 0.6}
2024-01-12 17:44:17,457 - pyswarms.single.global_best - INFO - Optimization finished | best cost: 104.38364486298691, best pos: [ 0.2960618   0.01922487 -0.02530723 -0.09017116  0.0374739  -0.08111307
 -0.28761883  0.00333733 -0.07132941  0.1503422  -0.06514678  0.02106803
 -0.06264462  0.14982506  0.108015    0.015891   -0.14038242  0.15791712
  0.36916745]
2024-01-12 17:44:17,461 - pyswarms.single.global_best - INFO - Optimize for 8000 iters with {'c1': 1.5, 'c2': 0.3, 'w': 0.8}
2024-01-12 18:03:28,982 - pyswarms.single.global_best - INFO - Optimization finished | best cost: 30.898856362728644, best pos: [ 0.04275013  0.01651466  0.29072205  0.04558839 -0.02634442  0.00806353
  0.00201658 -0.01230833 -0.16283321 -0.04298228  0.02040979 -0.01274361
 -0.06091684 -0.02838191 -0.1160068   0.00863791  0.02964832 -0.00527348
  0.35473891]
2024-01-12 18:03:28,986 - pyswarms.single.global_best - INFO - Optimize for 8000 iters with {'c1': 1.5, 'c2': 0.3, 'w': 1.0}
2024-01-12 18:22:49,741 - pyswarms.single.global_best - INFO - Optimization finished | best cost: 1145.047073517788, best pos: [ 0.00765975 -0.9148763   0.1390437  -0.33017397 -0.21985671  0.57084875
  0.32726755  0.06443916 -0.43486894  0.5433059   0.34818357 -0.09201566
 -0.03701822  0.27128726 -0.16769734 -0.5710053   0.09885863  0.66587299
 -0.23198742]
2024-01-12 18:22:49,745 - pyswarms.single.global_best - INFO - Optimize for 8000 iters with {'c1': 1.5, 'c2': 0.8, 'w': 0.6}
2024-01-12 18:41:55,092 - pyswarms.single.global_best - INFO - Optimization finished | best cost: 117.71630352559063, best pos: [-0.18976866 -0.01211681 -0.13146941 -0.17247906 -0.28956458 -0.24672883
 -0.11461107  0.20473079  0.12653289  0.28816113  0.06883173  0.09424895
  0.27606033  0.15959577  0.11257619 -0.06579055 -0.11411874  0.07296018
  0.07848928]
2024-01-12 18:41:55,096 - pyswarms.single.global_best - INFO - Optimize for 8000 iters with {'c1': 1.5, 'c2': 0.8, 'w': 0.8}
2024-01-12 19:01:10,621 - pyswarms.single.global_best - INFO - Optimization finished | best cost: 11.778859638731285, best pos: [-0.00087282  0.02070453 -0.09875725 -0.03225961  0.00621592  0.00629923
 -0.01442794 -0.00334862  0.07091045  0.02846429 -0.00868332 -0.00207573
  0.03011039 -0.00106833  0.02319295 -0.01006339 -0.01268813 -0.00207884
 -0.37387734]
2024-01-12 19:01:10,625 - pyswarms.single.global_best - INFO - Optimize for 8000 iters with {'c1': 1.5, 'c2': 0.8, 'w': 1.0}
2024-01-12 19:20:39,055 - pyswarms.single.global_best - INFO - Optimization finished | best cost: 970.3379377317442, best pos: [-0.1382378  -0.16364335  0.29011405  0.18573079  0.4767443  -0.74876781
 -0.20975434  0.02398258  0.66355236  0.3638309   0.03183674  0.30530877
 -0.06282342  0.3616839  -0.61418309 -0.31863216  0.03484111  0.31848263
  0.34945103]
2024-01-12 19:20:39,059 - pyswarms.single.global_best - INFO - Optimize for 8000 iters with {'c1': 1.5, 'c2': 1.3, 'w': 0.6}
2024-01-12 19:40:56,213 - pyswarms.single.global_best - INFO - Optimization finished | best cost: 62.27908204508832, best pos: [-0.03341545  0.03245521 -0.51171873 -0.05679026  0.00915554 -0.03133422
 -0.0176016  -0.01740813  0.15828873  0.05393335 -0.00880635  0.06740872
  0.08842491  0.01382256  0.33130669 -0.02918642 -0.02534785 -0.02126772
  0.30136153]
2024-01-12 19:40:56,217 - pyswarms.single.global_best - INFO - Optimize for 8000 iters with {'c1': 1.5, 'c2': 1.3, 'w': 0.8}
2024-01-12 20:01:24,905 - pyswarms.single.global_best - INFO - Optimization finished | best cost: 49.951114672466915, best pos: [ 0.06758631 -0.02672112  0.33124888  0.1781458  -0.01870953  0.02966421
 -0.02607389 -0.0039794  -0.29782977 -0.12385749  0.0244007   0.00487041
 -0.13230851  0.00326992 -0.08087726  0.03451378  0.01757815  0.04677859
  2.55062954]
2024-01-12 20:01:24,909 - pyswarms.single.global_best - INFO - Optimize for 8000 iters with {'c1': 1.5, 'c2': 1.3, 'w': 1.0}
2024-01-12 20:20:21,940 - pyswarms.single.global_best - INFO - Optimization finished | best cost: 1361.6817934444252, best pos: [-0.61950885 -0.48191931  0.19984839  0.24897439  0.27193279 -0.56654192
 -0.58700023  0.16047586  0.21702515  0.46383365 -0.73481085  0.26856631
 -0.6426423   1.21471746  0.14261898  0.80703211  0.67083891 -0.4136686
  3.06850129]
2024-01-15 09:01:16,300 - pyswarms.single.global_best - INFO - Optimize for 8000 iters with {'c1': 0.5, 'c2': 0.5, 'w': 0.6}
2024-01-15 09:01:40,597 - pyswarms.single.global_best - INFO - Optimize for 8000 iters with {'c1': 0.5, 'c2': 0.5, 'w': 0.6}
2024-01-15 09:20:15,007 - pyswarms.single.global_best - INFO - Optimization finished | best cost: 39949.286873822624, best pos: [0.10508267 0.66460986 0.10377651 0.36067828 0.11259389 0.28597866
 0.54778621 0.43950522 0.10208306 0.53711757 0.10949083 0.50747905
 0.10200502 0.4360185  0.41835115 0.10158067 0.17873185 0.10106444
 0.45108633]
2024-01-15 09:20:15,011 - pyswarms.single.global_best - INFO - Optimize for 8000 iters with {'c1': 0.5, 'c2': 0.5, 'w': 0.8}
2024-01-15 09:39:03,629 - pyswarms.single.global_best - INFO - Optimization finished | best cost: 42034.49173208478, best pos: [0.55660793 0.42142137 0.1941769  0.19835466 0.48318248 0.13127643
 0.38246719 0.54232135 0.13823521 0.52608662 0.15426065 0.11501042
 0.18034507 0.43872193 0.23929932 0.148503   0.4150811  0.15730059
 0.42448297]
2024-01-15 09:39:03,640 - pyswarms.single.global_best - INFO - Optimize for 8000 iters with {'c1': 0.5, 'c2': 0.5, 'w': 1.0}
2024-01-15 09:57:56,333 - pyswarms.single.global_best - INFO - Optimization finished | best cost: 39810.48176528327, best pos: [0.15217707 0.23260973 0.12105782 0.18729534 0.26064124 0.12940843
 0.31649285 0.82189244 0.14105566 0.76217161 0.42242683 0.18821045
 0.44187343 0.24621281 0.19909675 0.13398317 0.27778099 0.10617169
 0.51060686]
2024-01-15 09:57:56,341 - pyswarms.single.global_best - INFO - Optimize for 8000 iters with {'c1': 0.5, 'c2': 1.0, 'w': 0.6}
2024-01-15 10:16:55,127 - pyswarms.single.global_best - INFO - Optimization finished | best cost: 47435.1491415722, best pos: [0.55665415 0.31921124 0.4590884  0.19292421 0.6171347  0.10120088
 0.26953367 0.41213288 0.26277021 0.87226007 0.4740833  0.16070071
 0.11104898 0.71787819 0.35231617 0.11504409 0.28705446 0.12601811
 0.66750347]
2024-01-15 10:16:55,134 - pyswarms.single.global_best - INFO - Optimize for 8000 iters with {'c1': 0.5, 'c2': 1.0, 'w': 0.8}
2024-01-15 10:36:01,883 - pyswarms.single.global_best - INFO - Optimization finished | best cost: 50037.569654326995, best pos: [0.170205   0.4996312  0.3011689  0.31657749 0.43196806 0.23477017
 0.18142791 0.66765564 0.13828282 0.5533035  0.45936564 0.37184942
 0.15890014 0.42446414 0.62304329 0.13103893 0.26632517 0.33664022
 0.37988949]
2024-01-15 10:36:01,893 - pyswarms.single.global_best - INFO - Optimize for 8000 iters with {'c1': 0.5, 'c2': 1.0, 'w': 1.0}
2024-01-15 10:55:06,250 - pyswarms.single.global_best - INFO - Optimization finished | best cost: 39541.29016631446, best pos: [0.26379777 0.10840831 0.42844509 0.39922963 0.22628084 0.17910605
 0.13532612 0.5530809  0.14732925 0.10043306 0.24469413 0.31964601
 0.1494567  0.17500367 0.27558463 0.21872178 0.31335824 0.11057322
 0.74501584]
2024-01-15 10:55:06,260 - pyswarms.single.global_best - INFO - Optimize for 8000 iters with {'c1': 0.5, 'c2': 1.5, 'w': 0.6}
2024-01-15 11:14:05,667 - pyswarms.single.global_best - INFO - Optimization finished | best cost: 50088.221003051345, best pos: [0.12652444 0.23284668 0.3671687  0.54679969 0.45024443 0.11085696
 0.57522921 0.66597277 0.35123368 0.21241258 0.48835829 0.47120525
 0.10009676 0.28485966 0.3703734  0.13168663 0.26170839 0.31094502
 0.41689196]
2024-01-15 11:14:05,672 - pyswarms.single.global_best - INFO - Optimize for 8000 iters with {'c1': 0.5, 'c2': 1.5, 'w': 0.8}
2024-01-15 11:32:59,829 - pyswarms.single.global_best - INFO - Optimization finished | best cost: 44544.48817603177, best pos: [0.3594004  0.46740492 0.11929761 0.45155596 0.54100808 0.38609104
 0.13931302 0.27912962 0.18212296 0.28411578 0.5193335  0.17889074
 0.33460752 0.41826031 0.18977261 0.12090791 0.11169245 0.33842057
 0.410724  ]
2024-01-15 11:32:59,839 - pyswarms.single.global_best - INFO - Optimize for 8000 iters with {'c1': 0.5, 'c2': 1.5, 'w': 1.0}
2024-01-15 11:52:20,401 - pyswarms.single.global_best - INFO - Optimization finished | best cost: 43101.53893398809, best pos: [0.67357336 0.64149737 0.12151985 0.20791929 0.20060204 0.25142526
 0.14038915 0.16604124 0.27222701 0.5412443  0.10053517 0.14464925
 0.14768417 0.28825228 0.26309816 0.18723273 0.13747866 0.59388562
 0.49240924]
2024-01-15 11:52:20,410 - pyswarms.single.global_best - INFO - Optimize for 8000 iters with {'c1': 1.0, 'c2': 0.5, 'w': 0.6}
2024-01-15 12:11:33,406 - pyswarms.single.global_best - INFO - Optimization finished | best cost: 33885.03697860197, best pos: [0.17901245 0.41615793 0.10688191 0.41386422 0.80247735 0.10480146
 0.11919199 0.38235137 0.44041369 0.45462017 0.23782814 0.10845406
 0.10108788 0.42865767 0.11068975 0.10512667 0.10034452 0.14264431
 0.64470643]
2024-01-15 12:11:33,422 - pyswarms.single.global_best - INFO - Optimize for 8000 iters with {'c1': 1.0, 'c2': 0.5, 'w': 0.8}
2024-01-15 12:30:40,504 - pyswarms.single.global_best - INFO - Optimization finished | best cost: 39571.90768898878, best pos: [0.25971226 0.19652502 0.41876696 0.20186872 0.60603889 0.25939802
 0.19841652 0.32433801 0.14518536 0.61063546 0.47584224 0.1009861
 0.11364249 0.22782906 0.19911135 0.14697837 0.3761498  0.13916478
 0.40253413]
2024-01-15 12:30:40,512 - pyswarms.single.global_best - INFO - Optimize for 8000 iters with {'c1': 1.0, 'c2': 0.5, 'w': 1.0}
2024-01-15 12:49:42,881 - pyswarms.single.global_best - INFO - Optimization finished | best cost: 44532.30774818142, best pos: [0.43613497 0.23867527 0.12323798 0.679202   0.19814217 0.10914734
 0.33173312 0.17708212 0.83592029 0.48615013 0.12800057 0.12924948
 0.11114594 0.45737917 0.16556849 0.2289058  0.12051706 0.32685034
 0.81935271]
2024-01-15 12:49:42,891 - pyswarms.single.global_best - INFO - Optimize for 8000 iters with {'c1': 1.0, 'c2': 1.0, 'w': 0.6}
2024-01-15 13:09:01,035 - pyswarms.single.global_best - INFO - Optimization finished | best cost: 41676.80120907543, best pos: [0.30857946 0.16367582 0.18714623 0.50179119 0.25747817 0.11922981
 0.23002992 0.64325212 0.16864944 0.39489249 0.30363315 0.38523313
 0.12043417 0.63368502 0.38897664 0.14934271 0.19020169 0.15977275
 0.75212635]
2024-01-15 13:09:01,041 - pyswarms.single.global_best - INFO - Optimize for 8000 iters with {'c1': 1.0, 'c2': 1.0, 'w': 0.8}
2024-01-15 13:28:20,193 - pyswarms.single.global_best - INFO - Optimization finished | best cost: 43529.70152413919, best pos: [0.55879972 0.25003361 0.1834703  0.2304982  0.18742554 0.11083877
 0.30600427 0.57957955 0.10319505 0.24185311 0.30226105 0.41072573
 0.21968491 0.46056346 0.31722881 0.24853548 0.25501608 0.1234441
 0.61084759]
2024-01-15 13:28:20,203 - pyswarms.single.global_best - INFO - Optimize for 8000 iters with {'c1': 1.0, 'c2': 1.0, 'w': 1.0}
2024-01-15 13:47:20,541 - pyswarms.single.global_best - INFO - Optimization finished | best cost: 42662.12573675409, best pos: [0.17533541 0.20490179 0.14794288 0.58931232 0.35152614 0.11877475
 0.20566575 0.61542632 0.23276148 0.85856349 0.27071564 0.20659033
 0.13731469 0.13271176 0.33823863 0.19821464 0.33439491 0.3511587
 0.66209259]
2024-01-15 13:47:20,545 - pyswarms.single.global_best - INFO - Optimize for 8000 iters with {'c1': 1.0, 'c2': 1.5, 'w': 0.6}
2024-01-15 14:06:31,915 - pyswarms.single.global_best - INFO - Optimization finished | best cost: 41821.95522432444, best pos: [0.25593976 0.35397586 0.18027908 0.30761383 0.32747839 0.19908841
 0.4776685  0.70802096 0.1008177  0.25420047 0.58266738 0.41876694
 0.12420795 0.4994178  0.13043868 0.17004801 0.13257703 0.2107438
 0.5159048 ]
2024-01-15 14:06:31,919 - pyswarms.single.global_best - INFO - Optimize for 8000 iters with {'c1': 1.0, 'c2': 1.5, 'w': 0.8}
2024-01-15 14:25:48,377 - pyswarms.single.global_best - INFO - Optimization finished | best cost: 41651.85406138288, best pos: [0.11419778 0.2880604  0.15534506 0.13903037 0.28316695 0.15380796
 0.50597749 0.13309001 0.59256329 0.56958033 0.46027843 0.32177951
 0.10700281 0.14603764 0.12563041 0.14571221 0.54439289 0.14092841
 0.75400822]
2024-01-15 14:25:48,389 - pyswarms.single.global_best - INFO - Optimize for 8000 iters with {'c1': 1.0, 'c2': 1.5, 'w': 1.0}
2024-01-15 14:45:01,320 - pyswarms.single.global_best - INFO - Optimization finished | best cost: 43932.22858092554, best pos: [0.1653127  0.30188203 0.21646458 0.41109086 0.16577436 0.38988932
 0.1810436  0.2400398  0.20608443 0.15590649 0.72927533 0.12226371
 0.1361549  0.24688956 0.4697925  0.25881197 0.30658498 0.20278871
 0.40721194]
2024-01-15 14:45:01,330 - pyswarms.single.global_best - INFO - Optimize for 8000 iters with {'c1': 1.5, 'c2': 0.5, 'w': 0.6}
2024-01-15 15:04:10,848 - pyswarms.single.global_best - INFO - Optimization finished | best cost: 33382.228848231854, best pos: [0.16442155 0.62251655 0.10036616 0.62375942 0.57622614 0.12407449
 0.3740797  0.35756829 0.13556239 0.38317226 0.33102016 0.10773488
 0.11043274 0.23460446 0.13661976 0.10047413 0.13355356 0.1166351
 0.44626882]
2024-01-15 15:04:10,855 - pyswarms.single.global_best - INFO - Optimize for 8000 iters with {'c1': 1.5, 'c2': 0.5, 'w': 0.8}
2024-01-15 15:23:08,416 - pyswarms.single.global_best - INFO - Optimization finished | best cost: 39288.72207231722, best pos: [0.16087044 0.33909464 0.27080122 0.33592325 0.33327242 0.39050648
 0.22789678 0.79952444 0.17006412 0.32309818 0.16242874 0.15807734
 0.22132203 0.3960342  0.15709932 0.21837127 0.12356607 0.11726239
 0.14557738]
2024-01-15 15:23:08,426 - pyswarms.single.global_best - INFO - Optimize for 8000 iters with {'c1': 1.5, 'c2': 0.5, 'w': 1.0}
2024-01-15 15:42:08,401 - pyswarms.single.global_best - INFO - Optimization finished | best cost: 41931.10244398466, best pos: [0.16567586 0.3869053  0.22392993 0.30026133 0.12673057 0.24890791
 0.17180256 0.59419137 0.13448921 0.38847729 0.25827856 0.76066822
 0.27848845 0.30100145 0.24758455 0.11271899 0.12308302 0.12006378
 0.65151296]
2024-01-15 15:42:08,414 - pyswarms.single.global_best - INFO - Optimize for 8000 iters with {'c1': 1.5, 'c2': 1.0, 'w': 0.6}
2024-01-15 16:06:09,235 - pyswarms.single.global_best - INFO - Optimization finished | best cost: 42443.73431582582, best pos: [0.34051673 0.53093772 0.27431446 0.28254107 0.63509377 0.30749285
 0.38325745 0.45501533 0.21766909 0.33304499 0.10045868 0.10992677
 0.12571652 0.38761735 0.16009192 0.36807443 0.16966658 0.11667758
 0.55124116]
2024-01-15 16:06:09,334 - pyswarms.single.global_best - INFO - Optimize for 8000 iters with {'c1': 1.5, 'c2': 1.0, 'w': 0.8}
2024-01-15 16:32:24,766 - pyswarms.single.global_best - INFO - Optimization finished | best cost: 46210.506423042425, best pos: [0.12481093 0.74095022 0.12893051 0.13996112 0.26169134 0.26999876
 0.2611721  0.44010293 0.3997129  0.61118502 0.27297441 0.15381977
 0.35258107 0.50420781 0.50177071 0.13720885 0.28455439 0.14914393
 0.98800442]
2024-01-15 16:32:24,828 - pyswarms.single.global_best - INFO - Optimize for 8000 iters with {'c1': 1.5, 'c2': 1.0, 'w': 1.0}
2024-01-15 17:02:41,106 - pyswarms.single.global_best - INFO - Optimization finished | best cost: 39889.71202049802, best pos: [0.15378346 0.33034374 0.21973056 0.22811611 0.39817712 0.24618252
 0.35818845 0.65177051 0.13871903 0.110624   0.17230312 0.2911289
 0.12359274 0.20622818 0.33559201 0.19484751 0.31402111 0.21023455
 0.54635342]
2024-01-15 17:02:41,427 - pyswarms.single.global_best - INFO - Optimize for 8000 iters with {'c1': 1.5, 'c2': 1.5, 'w': 0.6}
2024-01-15 17:37:22,427 - pyswarms.single.global_best - INFO - Optimization finished | best cost: 40214.069054481995, best pos: [0.35759291 0.42710987 0.35875909 0.33311368 0.22703826 0.1897593
 0.29855267 0.38399182 0.31680873 0.3162166  0.22697443 0.11154955
 0.12352558 0.41295118 0.10447819 0.15516563 0.27005455 0.2731899
 0.29393581]
2024-01-15 17:37:22,847 - pyswarms.single.global_best - INFO - Optimize for 8000 iters with {'c1': 1.5, 'c2': 1.5, 'w': 0.8}
2024-01-15 20:16:20,481 - pyswarms.single.global_best - INFO - Optimize for 8000 iters with {'c1': 0.5, 'c2': 0.5, 'w': 0.6}
2024-01-15 20:35:01,807 - pyswarms.single.global_best - INFO - Optimization finished | best cost: 322.20931689857423, best pos: [-0.12309999 -0.06099538 -0.15206082 -0.15907624  0.09945791 -0.14576718
  0.00268632  0.31865082 -0.05172003  0.28472805 -0.27731714  0.00672202
  0.09387003  0.26755998  0.05542985 -0.11026105 -0.21853915  0.58454872
  0.71060439]
2024-01-15 20:35:01,811 - pyswarms.single.global_best - INFO - Optimize for 8000 iters with {'c1': 0.5, 'c2': 0.5, 'w': 0.8}
2024-01-15 20:53:40,944 - pyswarms.single.global_best - INFO - Optimization finished | best cost: 97.75366770451977, best pos: [ 0.05793086  0.11223727 -0.19164694 -0.01117282 -0.05909574  0.15148175
  0.1548401  -0.11107399  0.33483356 -0.09812433  0.03041713 -0.1804338
 -0.19027455 -0.11595329 -0.14164166  0.05857798  0.13574069  0.01168636
  0.28312039]
2024-01-15 20:53:40,949 - pyswarms.single.global_best - INFO - Optimize for 8000 iters with {'c1': 0.5, 'c2': 0.5, 'w': 1.0}
2024-01-15 21:12:25,444 - pyswarms.single.global_best - INFO - Optimization finished | best cost: 1156.1544440215034, best pos: [-0.46234507 -0.02096649 -0.01266097  0.02613723 -0.84529463 -0.12578801
 -0.79631236 -0.60135687  0.10842826  0.91622638  0.6542182  -0.42765158
  0.24464635  0.35555047  0.01730298  0.70037935 -0.03802422 -0.09907203
  0.80025562]
2024-01-15 21:12:25,453 - pyswarms.single.global_best - INFO - Optimize for 8000 iters with {'c1': 0.5, 'c2': 1.0, 'w': 0.6}
2024-01-15 21:31:13,471 - pyswarms.single.global_best - INFO - Optimization finished | best cost: 123.83366349720116, best pos: [-2.86598142e-01 -2.18058463e-01  7.52614358e-02 -1.40378236e-01
 -1.57223971e-02 -4.01453712e-01  1.02264263e-01  1.19509871e-01
  2.64835720e-01  1.47470022e-01  1.47837395e-04  9.22272255e-02
  1.41173975e-01  9.45380582e-02 -5.32025504e-02  4.93985469e-02
 -1.90866404e-02  2.91341029e-02  2.46869411e-01]
2024-01-15 21:31:13,478 - pyswarms.single.global_best - INFO - Optimize for 8000 iters with {'c1': 0.5, 'c2': 1.0, 'w': 0.8}
2024-01-15 21:50:01,555 - pyswarms.single.global_best - INFO - Optimization finished | best cost: 161.6171617171319, best pos: [ 0.02788724  0.52418529 -0.75008316 -0.33968413  0.16771982  0.07719066
 -0.16097492 -0.34549237  0.90528359  0.30137748 -0.08997819 -0.09533885
  0.27030776 -0.21985879 -0.12978723 -0.09891011 -0.03466451 -0.02963035
  0.12195062]
2024-01-15 21:50:01,558 - pyswarms.single.global_best - INFO - Optimize for 8000 iters with {'c1': 0.5, 'c2': 1.0, 'w': 1.0}
2024-01-15 22:08:49,547 - pyswarms.single.global_best - INFO - Optimization finished | best cost: 923.971537696564, best pos: [ 0.569644    0.93554296 -0.41020503  0.40625314 -0.75762209 -0.4777585
 -1.11050569 -0.14045025 -0.23891558 -0.11264296  0.41262444  0.4751111
 -0.11798119  0.14677339  0.74264782 -0.04019946 -0.22220312 -0.04519038
  0.8553009 ]
2024-01-15 22:08:49,556 - pyswarms.single.global_best - INFO - Optimize for 8000 iters with {'c1': 0.5, 'c2': 1.5, 'w': 0.6}
2024-01-15 22:27:27,516 - pyswarms.single.global_best - INFO - Optimization finished | best cost: 443.0676317498545, best pos: [ 0.16077232  0.60967694 -0.68043476  0.69514637 -0.42712538 -0.15685393
  0.01315866 -0.7092428  -0.51166141 -0.60424346  0.30693955  0.18434596
 -0.69610421  0.29218191  1.16137872  0.42065393 -0.20825059  0.1224772
  0.31982864]
2024-01-15 22:27:27,521 - pyswarms.single.global_best - INFO - Optimize for 8000 iters with {'c1': 0.5, 'c2': 1.5, 'w': 0.8}
2024-01-15 22:46:19,346 - pyswarms.single.global_best - INFO - Optimization finished | best cost: 1.703916211512059, best pos: [ 3.21517495e-03  1.47653884e-03  1.14011567e-02  6.05662721e-03
 -1.29251928e-03  1.32357417e-03 -1.30791539e-03 -4.13656769e-04
 -1.06297010e-02 -3.79711610e-03  1.07831807e-03  7.68634645e-04
 -3.99664128e-03 -3.66079781e-03 -3.22039837e-03 -1.99377332e-04
  2.81980177e-03  1.94270334e-03  2.30809819e-01]
2024-01-15 22:46:19,351 - pyswarms.single.global_best - INFO - Optimize for 8000 iters with {'c1': 0.5, 'c2': 1.5, 'w': 1.0}
2024-01-15 23:05:15,447 - pyswarms.single.global_best - INFO - Optimization finished | best cost: 1872.3085413149167, best pos: [ 0.03423433  0.2753039  -0.57494641  0.24434705  1.00272602 -0.62912571
  0.35190083  0.37148726  0.11888548 -0.0874743   0.4261291   0.05693104
  0.03436322 -0.32065521  0.89712099 -0.20769363 -0.42175747 -0.42797429
  0.37873398]
2024-01-15 23:05:15,452 - pyswarms.single.global_best - INFO - Optimize for 8000 iters with {'c1': 1.0, 'c2': 0.5, 'w': 0.6}
2024-01-15 23:24:13,034 - pyswarms.single.global_best - INFO - Optimization finished | best cost: 106.90447509741328, best pos: [ 0.27663325 -0.13090525 -0.04632667 -0.24337589 -0.10070196 -0.08491826
 -0.04848658  0.16820527 -0.07882502  0.16696075 -0.03089461  0.06825943
 -0.18309959 -0.00954456  0.13470617  0.04788075  0.11453105  0.03352338
 -0.07373728]
2024-01-15 23:24:13,040 - pyswarms.single.global_best - INFO - Optimize for 8000 iters with {'c1': 1.0, 'c2': 0.5, 'w': 0.8}
2024-01-15 23:43:06,077 - pyswarms.single.global_best - INFO - Optimization finished | best cost: 72.00052729274891, best pos: [-0.01949062 -0.025193   -0.17608639  0.11413837 -0.06023912 -0.15349765
 -0.19208795  0.06124814  0.00949107  0.03360778  0.03392021  0.18429411
  0.10284213  0.01062821  0.17274362 -0.02658731 -0.02137298 -0.0821453
 -0.13679804]
2024-01-15 23:43:06,087 - pyswarms.single.global_best - INFO - Optimize for 8000 iters with {'c1': 1.0, 'c2': 0.5, 'w': 1.0}
2024-01-16 00:01:39,933 - pyswarms.single.global_best - INFO - Optimization finished | best cost: 1038.696968946306, best pos: [-0.10646285  0.8260483  -0.01469058 -0.39112492 -0.04174288  0.27645608
 -0.16547483  0.47970479 -0.18302476  0.15915628 -0.41951312  0.07123959
 -0.1151911   0.08746199 -0.24131184  0.25952995 -0.3379873   0.28935852
  0.2265267 ]
2024-01-16 00:01:39,937 - pyswarms.single.global_best - INFO - Optimize for 8000 iters with {'c1': 1.0, 'c2': 1.0, 'w': 0.6}
2024-01-16 00:20:14,605 - pyswarms.single.global_best - INFO - Optimization finished | best cost: 72.77687607824444, best pos: [-0.10127209 -0.01224348  0.02183009  0.08748786 -0.1069433   0.1115617
 -0.13485441  0.16123231 -0.02095364  0.05939866 -0.01106038 -0.04028186
  0.09975368 -0.10185395 -0.04955271 -0.01499091  0.08430407 -0.09872779
  0.25792771]
2024-01-16 00:20:14,608 - pyswarms.single.global_best - INFO - Optimize for 8000 iters with {'c1': 1.0, 'c2': 1.0, 'w': 0.8}
2024-01-16 00:38:52,897 - pyswarms.single.global_best - INFO - Optimization finished | best cost: 0.6033104529801676, best pos: [ 1.00211569e-03  9.37544127e-04 -3.21269740e-03 -3.06106779e-04
 -3.96372465e-04  2.40048585e-03 -5.25638670e-04 -2.24036366e-04
  1.36287480e-03  5.22510032e-04 -7.84409037e-05 -1.45819627e-03
 -5.65783735e-04 -1.19979735e-03  6.81366253e-04 -1.04255501e-04
  9.76131809e-04  6.49566593e-04  6.30893500e-02]
2024-01-16 00:38:52,900 - pyswarms.single.global_best - INFO - Optimize for 8000 iters with {'c1': 1.0, 'c2': 1.0, 'w': 1.0}
2024-01-16 00:57:31,335 - pyswarms.single.global_best - INFO - Optimization finished | best cost: 1202.1164734763875, best pos: [ 0.10391135  0.24666529  0.7795975   0.40129359 -0.70532836 -0.63252619
  0.40751279  0.12315539  0.4058136   0.03193004 -0.33628058  0.03546303
 -0.55124842 -0.45684193 -0.24377958 -0.57855003  0.33853055  0.85004291
 -0.03198854]
2024-01-16 00:57:31,339 - pyswarms.single.global_best - INFO - Optimize for 8000 iters with {'c1': 1.0, 'c2': 1.5, 'w': 0.6}
2024-01-16 01:16:05,697 - pyswarms.single.global_best - INFO - Optimization finished | best cost: 124.52500470301253, best pos: [ 0.21025042  0.20475453 -0.38255723  0.01889048 -0.09183198  0.1962237
 -0.39966125 -0.04274934 -0.11559213  0.22367489 -0.03600235  0.02658702
 -0.0188822   0.10938001  0.17569064 -0.00321624 -0.13661584  0.21749459
  0.1581716 ]
2024-01-16 01:16:05,700 - pyswarms.single.global_best - INFO - Optimize for 8000 iters with {'c1': 1.0, 'c2': 1.5, 'w': 0.8}
2024-01-16 01:34:37,728 - pyswarms.single.global_best - INFO - Optimization finished | best cost: 2.7702044722832344, best pos: [-1.50379002e-03 -3.19699185e-03 -1.45993625e-02  7.19457718e-03
 -8.44777758e-03  3.25658978e-04  1.38153299e-03  5.01303103e-03
  5.62582470e-03 -3.49424041e-03  3.60065855e-03  3.37248511e-04
 -4.24896566e-03 -7.34380258e-04  7.30491956e-03  6.09794972e-04
  4.41369399e-03  3.24424066e-03  3.70996020e-01]
2024-01-16 01:34:37,732 - pyswarms.single.global_best - INFO - Optimize for 8000 iters with {'c1': 1.0, 'c2': 1.5, 'w': 1.0}
2024-01-16 01:53:11,918 - pyswarms.single.global_best - INFO - Optimization finished | best cost: 1301.5883163695692, best pos: [ 0.34296101  0.50918276  0.05167786 -0.3192658  -0.02731535  0.2987526
 -0.07405264  0.81474214 -0.10647983  0.46201869 -0.80956212  0.10510534
 -0.02641814  0.13285496  0.26664101 -0.21353199  0.04385393 -0.69390251
 -0.01705111]
2024-01-16 01:53:11,921 - pyswarms.single.global_best - INFO - Optimize for 8000 iters with {'c1': 1.5, 'c2': 0.5, 'w': 0.6}
2024-01-16 02:11:45,462 - pyswarms.single.global_best - INFO - Optimization finished | best cost: 125.70533698077112, best pos: [ 0.02049517  0.02022692  0.42002675  0.21550876 -0.34145629  0.12542406
  0.0536847   0.05592528 -0.37039718 -0.13947189  0.13680544 -0.02143139
 -0.25242899  0.07649829 -0.12407552  0.08059929  0.07171624  0.004804
  0.60022933]
2024-01-16 02:11:45,466 - pyswarms.single.global_best - INFO - Optimize for 8000 iters with {'c1': 1.5, 'c2': 0.5, 'w': 0.8}
2024-01-16 02:30:19,941 - pyswarms.single.global_best - INFO - Optimization finished | best cost: 23.132388610450494, best pos: [-8.11565969e-02 -1.54201418e-02 -1.07135726e-01 -2.62877231e-02
  1.07484187e-02  2.08484443e-02  5.70629290e-02  4.29747899e-03
  1.06190656e-01  2.39810947e-03  2.10441731e-04 -3.61082063e-02
  4.85409223e-02  1.29982168e-02  1.06244372e-02 -1.55753937e-03
 -1.23517495e-02 -8.22532821e-03 -4.34181346e-01]
2024-01-16 02:30:19,945 - pyswarms.single.global_best - INFO - Optimize for 8000 iters with {'c1': 1.5, 'c2': 0.5, 'w': 1.0}
2024-01-16 02:48:52,925 - pyswarms.single.global_best - INFO - Optimization finished | best cost: 1529.1052165818337, best pos: [-0.51944824  0.17678773 -0.00593003  0.45091226  0.82996008  0.36264963
  0.44250739 -0.58676273  0.35255787  0.13941847  0.32527512 -0.29000286
  0.50362694  0.2546956   0.68528464 -0.65548658 -1.55766613  0.13750743
  0.20386879]
2024-01-16 02:48:52,929 - pyswarms.single.global_best - INFO - Optimize for 8000 iters with {'c1': 1.5, 'c2': 1.0, 'w': 0.6}
2024-01-16 03:07:24,212 - pyswarms.single.global_best - INFO - Optimization finished | best cost: 67.06348375123382, best pos: [ 0.00674753  0.1903675   0.02196411 -0.02797969  0.00338317  0.0546704
 -0.03753748 -0.00588734 -0.071722    0.05953811 -0.01116663  0.0203592
  0.15956174 -0.23001549 -0.0087617  -0.15775059  0.04444895 -0.02860479
  0.71309899]
2024-01-16 03:07:24,216 - pyswarms.single.global_best - INFO - Optimize for 8000 iters with {'c1': 1.5, 'c2': 1.0, 'w': 0.8}
2024-01-16 03:25:57,104 - pyswarms.single.global_best - INFO - Optimization finished | best cost: 9.318382269746659, best pos: [ 2.54122292e-02  4.31314188e-03  6.04050774e-02 -1.55484354e-02
  3.78799106e-04 -1.08391843e-02 -9.81934343e-03 -1.18687666e-02
 -2.37836501e-02  8.30240558e-03 -4.58764024e-03  6.21520751e-04
 -2.20586407e-02  1.77540315e-04 -2.41026107e-02  1.28061367e-02
  7.69861389e-03 -8.58095032e-03 -9.65230204e-01]
2024-01-16 03:25:57,107 - pyswarms.single.global_best - INFO - Optimize for 8000 iters with {'c1': 1.5, 'c2': 1.0, 'w': 1.0}
2024-01-16 03:44:27,748 - pyswarms.single.global_best - INFO - Optimization finished | best cost: 1800.497655941558, best pos: [ 0.39255281  0.12884767  0.05020495 -0.12318274  0.0779929   0.16457144
  0.22879184 -0.51308186  0.63976995 -0.95030487 -0.8931534   0.07507698
  0.14640033  0.15932665  0.0730634  -0.07815339  0.45102484 -1.14798528
 -0.97692961]
2024-01-16 03:44:27,752 - pyswarms.single.global_best - INFO - Optimize for 8000 iters with {'c1': 1.5, 'c2': 1.5, 'w': 0.6}
2024-01-16 04:02:59,677 - pyswarms.single.global_best - INFO - Optimization finished | best cost: 3.043944817609866, best pos: [ 5.90563310e-03  1.08322538e-03  2.43791493e-03  5.71694123e-03
 -3.98677249e-03  7.44914479e-04  2.31620138e-03 -1.54122594e-03
 -3.40904947e-03 -5.29232086e-03  2.20995676e-03 -1.37553907e-04
 -1.12559435e-02 -8.05506891e-03 -1.84892698e-04  2.16591382e-03
  9.78299398e-03  9.11200865e-04  2.41906562e-01]
2024-01-16 04:02:59,681 - pyswarms.single.global_best - INFO - Optimize for 8000 iters with {'c1': 1.5, 'c2': 1.5, 'w': 0.8}
2024-01-16 04:21:36,150 - pyswarms.single.global_best - INFO - Optimization finished | best cost: 72.39136846707252, best pos: [ 1.41698815e-01 -9.21515873e-03 -1.23628601e-02 -6.75036312e-02
 -5.69499575e-02  8.38324641e-02 -7.70148336e-02 -5.17322111e-03
 -2.47575037e-01  8.74009369e-02 -8.17327901e-03  4.74287204e-02
 -1.27985527e-01 -1.03607271e-01  1.35142656e-01  4.29897008e-02
  2.00199602e-01  5.53860612e-02  1.23894049e+01]
2024-01-16 04:21:36,153 - pyswarms.single.global_best - INFO - Optimize for 8000 iters with {'c1': 1.5, 'c2': 1.5, 'w': 1.0}
2024-01-16 04:40:16,646 - pyswarms.single.global_best - INFO - Optimization finished | best cost: 898.9945511169773, best pos: [ 0.46610082 -0.03818515  0.18887532 -0.99690205  0.56301798  0.56962615
  0.18982002 -0.02362847  0.37707872  0.12540646 -0.55027565 -1.22664158
  0.3588466   0.77596976  0.02827203  0.14598022 -0.88647981  0.12163838
  0.47687905]
2024-01-16 10:52:10,686 - matplotlib.legend - WARNING - No artists with labels found to put in legend.  Note that artists whose label start with an underscore are ignored when legend() is called with no argument.
2024-01-16 14:44:59,266 - matplotlib.legend - WARNING - No artists with labels found to put in legend.  Note that artists whose label start with an underscore are ignored when legend() is called with no argument.
2024-01-16 14:44:59,295 - matplotlib.legend - WARNING - No artists with labels found to put in legend.  Note that artists whose label start with an underscore are ignored when legend() is called with no argument.
2024-01-16 14:44:59,429 - matplotlib.legend - WARNING - No artists with labels found to put in legend.  Note that artists whose label start with an underscore are ignored when legend() is called with no argument.
2024-01-16 14:44:59,459 - matplotlib.legend - WARNING - No artists with labels found to put in legend.  Note that artists whose label start with an underscore are ignored when legend() is called with no argument.
2024-01-16 14:44:59,489 - matplotlib.legend - WARNING - No artists with labels found to put in legend.  Note that artists whose label start with an underscore are ignored when legend() is called with no argument.
2024-01-16 14:44:59,517 - matplotlib.legend - WARNING - No artists with labels found to put in legend.  Note that artists whose label start with an underscore are ignored when legend() is called with no argument.
2024-01-19 16:13:34,332 - pyswarms.single.global_best - INFO - Optimize for 8000 iters with {'c1': 0.5, 'c2': 0.5, 'w': 0.6}
2024-01-19 16:32:18,652 - pyswarms.single.global_best - INFO - Optimization finished | best cost: 16048.114816189045, best pos: [0.03494422 0.02687968 0.01867198 0.23821112 0.6992655  0.01789638
 0.01977367 0.44766791 0.01022182 0.22089524 0.2435999  0.01838167
 0.01175503 0.1762121  0.02038287 0.01316604 0.03741464 0.30701866
 0.1686312 ]
2024-01-19 16:32:18,658 - pyswarms.single.global_best - INFO - Optimize for 8000 iters with {'c1': 0.5, 'c2': 0.5, 'w': 0.8}
2024-01-19 16:51:01,549 - pyswarms.single.global_best - INFO - Optimization finished | best cost: 28573.472150900423, best pos: [0.10373034 0.07471804 0.06956    0.1398778  0.14406057 0.10745764
 0.06465325 0.34555992 0.01300742 0.55280572 0.81326305 0.26398027
 0.01286123 0.25392175 0.39842822 0.05587264 0.29412328 0.10203118
 0.70017491]
2024-01-19 16:51:01,554 - pyswarms.single.global_best - INFO - Optimize for 8000 iters with {'c1': 0.5, 'c2': 0.5, 'w': 1.0}
2024-01-19 17:09:48,444 - pyswarms.single.global_best - INFO - Optimization finished | best cost: 24515.401128759986, best pos: [0.09391693 0.06375258 0.26113823 0.12220984 0.17500644 0.03833452
 0.03962232 0.51266291 0.08479492 0.35340495 0.24338331 0.02236752
 0.01921417 0.02657843 0.20547792 0.19123424 0.14176622 0.36523969
 0.5283277 ]
2024-01-19 17:09:48,449 - pyswarms.single.global_best - INFO - Optimize for 8000 iters with {'c1': 0.5, 'c2': 1.0, 'w': 0.6}
2024-01-19 17:28:33,006 - pyswarms.single.global_best - INFO - Optimization finished | best cost: 23173.178582058103, best pos: [0.13560513 0.25436481 0.02649499 0.41765599 0.1776048  0.30500211
 0.03245426 0.38401901 0.16611327 0.32099962 0.08777804 0.18218538
 0.01207065 0.04670709 0.27649301 0.04037686 0.04196954 0.07414599
 0.47074884]
2024-01-19 17:28:33,011 - pyswarms.single.global_best - INFO - Optimize for 8000 iters with {'c1': 0.5, 'c2': 1.0, 'w': 0.8}
2024-01-19 17:47:14,308 - pyswarms.single.global_best - INFO - Optimization finished | best cost: 36109.67071781813, best pos: [0.18827347 0.52999402 0.1728758  0.06054191 0.73158767 0.04056315
 0.12482978 0.4188318  0.56211588 0.09005309 0.14103757 0.35154782
 0.02469199 0.56820334 0.23337598 0.06611542 0.1430914  0.20549288
 0.28404391]
2024-01-19 17:47:14,312 - pyswarms.single.global_best - INFO - Optimize for 8000 iters with {'c1': 0.5, 'c2': 1.0, 'w': 1.0}
2024-01-19 18:06:00,953 - pyswarms.single.global_best - INFO - Optimization finished | best cost: 27949.59960092384, best pos: [0.61495902 0.03761502 0.23631932 0.06211988 0.18943115 0.1617683
 0.14816984 0.14191457 0.12542516 0.35129594 0.07966356 0.2747191
 0.01030384 0.51892113 0.17763261 0.06703707 0.01270686 0.20907057
 0.25626717]
2024-01-19 18:06:00,958 - pyswarms.single.global_best - INFO - Optimize for 8000 iters with {'c1': 0.5, 'c2': 1.5, 'w': 0.6}
2024-01-19 18:24:40,381 - pyswarms.single.global_best - INFO - Optimization finished | best cost: 32579.51865166721, best pos: [0.33607275 0.42259994 0.27321775 0.27945391 0.02167657 0.07431521
 0.28721187 0.28782894 0.23945756 0.8066968  0.29156785 0.25886937
 0.07919141 0.59939229 0.02753906 0.04132698 0.01707054 0.27114944
 0.46947038]
2024-01-19 18:24:40,385 - pyswarms.single.global_best - INFO - Optimize for 8000 iters with {'c1': 0.5, 'c2': 1.5, 'w': 0.8}
2024-01-19 18:43:22,028 - pyswarms.single.global_best - INFO - Optimization finished | best cost: 31955.555321951906, best pos: [0.02646488 0.33426146 0.22137096 0.47440721 0.3801114  0.14245337
 0.29847076 0.37009382 0.09363951 0.34901719 0.37775909 0.08047125
 0.1545366  0.38652424 0.24082727 0.07620247 0.10619516 0.19043063
 0.61524797]
2024-01-19 18:43:22,033 - pyswarms.single.global_best - INFO - Optimize for 8000 iters with {'c1': 0.5, 'c2': 1.5, 'w': 1.0}
2024-01-19 19:02:05,549 - pyswarms.single.global_best - INFO - Optimization finished | best cost: 29864.233774135577, best pos: [0.19483297 0.08160525 0.0131758  0.19305216 0.13906931 0.32134957
 0.24185679 0.27382127 0.15410489 0.11889806 0.34293078 0.04792661
 0.14780119 0.42092457 0.03808372 0.35209989 0.16182992 0.14540821
 0.34492718]
2024-01-19 19:02:05,553 - pyswarms.single.global_best - INFO - Optimize for 8000 iters with {'c1': 1.0, 'c2': 0.5, 'w': 0.6}
2024-01-19 19:20:50,288 - pyswarms.single.global_best - INFO - Optimization finished | best cost: 19777.535833461414, best pos: [0.01327907 0.1600178  0.28757527 0.05965339 0.25567948 0.02578036
 0.01215748 0.27621908 0.01269504 0.38909368 0.13398417 0.30286485
 0.01192713 0.50765872 0.01007599 0.0554438  0.27007923 0.01715517
 0.3760293 ]
2024-01-19 19:20:50,292 - pyswarms.single.global_best - INFO - Optimize for 8000 iters with {'c1': 1.0, 'c2': 0.5, 'w': 0.8}
2024-01-19 19:39:47,980 - pyswarms.single.global_best - INFO - Optimization finished | best cost: 25821.060796376085, best pos: [0.17954895 0.4024022  0.01706643 0.16685934 0.11548343 0.030825
 0.36443841 0.22841414 0.26904543 0.38421303 0.24123973 0.1441432
 0.07312877 0.30605825 0.25767558 0.02266573 0.18899342 0.07766965
 0.62843028]
2024-01-19 19:39:47,984 - pyswarms.single.global_best - INFO - Optimize for 8000 iters with {'c1': 1.0, 'c2': 0.5, 'w': 1.0}
2024-01-19 19:58:46,681 - pyswarms.single.global_best - INFO - Optimization finished | best cost: 29485.855749537714, best pos: [0.04335179 0.41250288 0.18734075 0.3201641  0.84521146 0.18712699
 0.35561216 0.04676663 0.08829038 0.30802697 0.04437773 0.72841714
 0.02998712 0.16313264 0.09549463 0.02970518 0.0388715  0.01535436
 0.4077383 ]
2024-01-19 19:58:46,685 - pyswarms.single.global_best - INFO - Optimize for 8000 iters with {'c1': 1.0, 'c2': 1.0, 'w': 0.6}
2024-01-19 20:17:38,338 - pyswarms.single.global_best - INFO - Optimization finished | best cost: 26136.16949347716, best pos: [0.26883744 0.37759211 0.05191864 0.41162607 0.08042085 0.35037879
 0.29050901 0.2019464  0.01644551 0.18174977 0.12689451 0.05989814
 0.04567952 0.44487094 0.26826281 0.01598553 0.11720156 0.10984847
 0.22170513]
2024-01-19 20:17:38,343 - pyswarms.single.global_best - INFO - Optimize for 8000 iters with {'c1': 1.0, 'c2': 1.0, 'w': 0.8}
2024-01-19 20:36:23,906 - pyswarms.single.global_best - INFO - Optimization finished | best cost: 37426.7463331033, best pos: [0.18969612 0.17691736 0.04760197 0.22726859 0.45080301 0.44311637
 0.53432259 0.4571221  0.41696376 0.66788594 0.54009633 0.06175782
 0.02603659 0.31851749 0.0196938  0.07680533 0.04079692 0.42502647
 0.4632549 ]
2024-01-19 20:36:23,910 - pyswarms.single.global_best - INFO - Optimize for 8000 iters with {'c1': 1.0, 'c2': 1.0, 'w': 1.0}
2024-01-19 20:55:07,348 - pyswarms.single.global_best - INFO - Optimization finished | best cost: 30935.779102018958, best pos: [0.04083958 0.13041248 0.07386874 0.01862568 0.1730687  0.1693153
 0.22925545 0.3475686  0.10022567 0.13760975 0.02693622 0.62419845
 0.41226509 0.35932694 0.10289622 0.1834485  0.11807307 0.03154357
 0.55951416]
2024-01-19 20:55:07,353 - pyswarms.single.global_best - INFO - Optimize for 8000 iters with {'c1': 1.0, 'c2': 1.5, 'w': 0.6}
2024-01-19 21:13:51,987 - pyswarms.single.global_best - INFO - Optimization finished | best cost: 28030.68391551115, best pos: [0.36766957 0.5763829  0.02748098 0.32574949 0.24020395 0.05946997
 0.41428495 0.12766768 0.08538668 0.45595959 0.32142888 0.05996903
 0.3410393  0.19102422 0.13299434 0.01512801 0.01249078 0.05249697
 0.69051671]
2024-01-19 21:13:51,991 - pyswarms.single.global_best - INFO - Optimize for 8000 iters with {'c1': 1.0, 'c2': 1.5, 'w': 0.8}
2024-01-19 21:32:34,729 - pyswarms.single.global_best - INFO - Optimization finished | best cost: 39286.32690075791, best pos: [0.48413751 0.03132165 0.18825697 0.49669428 0.04441986 0.42741961
 0.67277601 0.53789709 0.03156015 0.16756435 0.03189258 0.49144066
 0.31069788 0.42351214 0.02283657 0.02701302 0.1042154  0.09553899
 0.62611802]
2024-01-19 21:32:34,732 - pyswarms.single.global_best - INFO - Optimize for 8000 iters with {'c1': 1.0, 'c2': 1.5, 'w': 1.0}
2024-01-19 21:51:21,006 - pyswarms.single.global_best - INFO - Optimization finished | best cost: 27836.297789447384, best pos: [0.20593384 0.14311949 0.09889606 0.07383288 0.32815574 0.05673504
 0.14438829 0.50128831 0.34510419 0.05917315 0.60258007 0.17186979
 0.03287186 0.1505898  0.11784614 0.10719226 0.14966211 0.14416485
 0.39882869]
2024-01-19 21:51:21,011 - pyswarms.single.global_best - INFO - Optimize for 8000 iters with {'c1': 1.5, 'c2': 0.5, 'w': 0.6}
2024-01-19 22:10:02,944 - pyswarms.single.global_best - INFO - Optimization finished | best cost: 20691.523939208346, best pos: [0.16883696 0.28173012 0.1945867  0.18936139 0.60954415 0.01262838
 0.09787085 0.40190492 0.20881887 0.20857702 0.12498551 0.05651282
 0.01615731 0.28519441 0.0100169  0.05458599 0.0248655  0.11006487
 0.46475193]
2024-01-19 22:10:02,948 - pyswarms.single.global_best - INFO - Optimize for 8000 iters with {'c1': 1.5, 'c2': 0.5, 'w': 0.8}
2024-01-19 22:28:46,692 - pyswarms.single.global_best - INFO - Optimization finished | best cost: 24645.23862058553, best pos: [0.12097494 0.12545057 0.11013034 0.33517257 0.35272271 0.13449516
 0.39107039 0.18550134 0.0279435  0.37163803 0.03106153 0.29086838
 0.05817385 0.18602299 0.14829173 0.11175713 0.03219421 0.18289999
 0.32758971]
2024-01-19 22:28:46,704 - pyswarms.single.global_best - INFO - Optimize for 8000 iters with {'c1': 1.5, 'c2': 0.5, 'w': 1.0}
2024-01-19 22:47:31,756 - pyswarms.single.global_best - INFO - Optimization finished | best cost: 31392.963937773304, best pos: [0.20992312 0.34008172 0.29877347 0.33744448 0.01070241 0.06989744
 0.22295228 0.12530993 0.12156268 0.03701607 0.25119494 0.04053029
 0.12206428 0.7775842  0.09953623 0.12809847 0.23815253 0.3498083
 0.47885689]
2024-01-19 22:47:31,760 - pyswarms.single.global_best - INFO - Optimize for 8000 iters with {'c1': 1.5, 'c2': 1.0, 'w': 0.6}
2024-01-19 23:06:15,483 - pyswarms.single.global_best - INFO - Optimization finished | best cost: 19095.458666168124, best pos: [0.18015401 0.12783931 0.08665399 0.15085705 0.25831583 0.18401927
 0.08641395 0.25782682 0.14075513 0.16108168 0.02068786 0.12712105
 0.04454343 0.09938493 0.24660687 0.04813638 0.0229954  0.0734286
 0.75533641]
2024-01-19 23:06:15,487 - pyswarms.single.global_best - INFO - Optimize for 8000 iters with {'c1': 1.5, 'c2': 1.0, 'w': 0.8}
2024-01-19 23:24:59,363 - pyswarms.single.global_best - INFO - Optimization finished | best cost: 33710.894782619194, best pos: [0.13591999 0.15827947 0.40908823 0.39672678 0.41933758 0.03636977
 0.28130672 0.05294765 0.37778294 0.57405485 0.63615972 0.02339786
 0.10825814 0.13390022 0.03648778 0.21751057 0.11368066 0.1495629
 0.56447103]
2024-01-19 23:24:59,367 - pyswarms.single.global_best - INFO - Optimize for 8000 iters with {'c1': 1.5, 'c2': 1.0, 'w': 1.0}
2024-01-19 23:43:44,255 - pyswarms.single.global_best - INFO - Optimization finished | best cost: 31649.393513449653, best pos: [0.41487636 0.05949933 0.10357466 0.3059764  0.532089   0.03083325
 0.27412398 0.54894186 0.15021877 0.14025895 0.06887195 0.10556883
 0.33815138 0.22778836 0.04963146 0.06241851 0.03183782 0.38815439
 0.64888923]
2024-01-19 23:43:44,259 - pyswarms.single.global_best - INFO - Optimize for 8000 iters with {'c1': 1.5, 'c2': 1.5, 'w': 0.6}
2024-01-20 00:02:28,627 - pyswarms.single.global_best - INFO - Optimization finished | best cost: 31295.966475340374, best pos: [0.22117655 0.28622758 0.03437231 0.0132255  0.20745828 0.18042008
 0.17713163 0.44406908 0.29062403 0.41983762 0.17041608 0.1582625
 0.15882893 0.49809264 0.30039113 0.14418484 0.02797008 0.22910208
 0.6612731 ]
2024-01-20 00:02:28,631 - pyswarms.single.global_best - INFO - Optimize for 8000 iters with {'c1': 1.5, 'c2': 1.5, 'w': 0.8}
2024-01-20 00:21:11,548 - pyswarms.single.global_best - INFO - Optimization finished | best cost: 29900.858621087056, best pos: [0.13373462 0.01382536 0.20054901 0.15091505 0.30256704 0.02376251
 0.32032176 0.10888057 0.30755463 0.40744597 0.84767491 0.09432241
 0.21709136 0.46175745 0.05369104 0.14677539 0.06280755 0.01823337
 0.52173122]
2024-01-20 00:21:11,552 - pyswarms.single.global_best - INFO - Optimize for 8000 iters with {'c1': 1.5, 'c2': 1.5, 'w': 1.0}
2024-01-20 00:39:58,918 - pyswarms.single.global_best - INFO - Optimization finished | best cost: 29299.21920938331, best pos: [0.01931277 0.19969859 0.10903707 0.25659286 0.15251569 0.5555812
 0.34325127 0.0651016  0.28456519 0.09779432 0.2321921  0.21549803
 0.05761655 0.20909296 0.02087477 0.17611979 0.05743506 0.19189103
 0.67979133]
2024-01-25 19:20:35,068 - pyswarms.single.global_best - INFO - Optimize for 8000 iters with {'c1': 0.5, 'c2': 0.5, 'w': 0.6}
2024-01-25 19:22:09,874 - pyswarms.single.global_best - INFO - Optimize for 8000 iters with {'c1': 0.5, 'c2': 0.5, 'w': 0.6}
2024-01-25 20:04:54,844 - pyswarms.single.global_best - INFO - Optimization finished | best cost: 394.62930437940645, best pos: [ 0.15509348  0.08112332 -0.03451727 -0.47031265  0.1868161  -0.05695445
 -0.07278498 -0.18756027 -0.0379553   0.38041673 -0.04215142  0.10075104
  0.14854839 -0.35097408 -0.08208179 -0.13747243  0.27579729  0.04553524
  0.62773392]
2024-01-25 20:04:54,852 - pyswarms.single.global_best - INFO - Optimize for 8000 iters with {'c1': 0.5, 'c2': 0.5, 'w': 0.8}
2024-01-25 20:06:55,150 - pyswarms.single.global_best - INFO - Optimization finished | best cost: 53952.81776225683, best pos: [-0.08849278 -0.36276721 -0.09152321 -0.12689336  0.30389927  0.1682208
 -0.169479    0.12467457 -0.04495311  0.38975703 -0.1173404  -0.00376228
  0.11997314  0.64142629  0.07176721 -0.01789007 -0.13195762 -0.08137761
  0.58140633]
2024-01-25 20:06:55,160 - pyswarms.single.global_best - INFO - Optimize for 8000 iters with {'c1': 0.5, 'c2': 0.5, 'w': 0.8}
2024-01-25 20:49:11,873 - pyswarms.single.global_best - INFO - Optimization finished | best cost: 458.9564779417323, best pos: [-2.56355500e-01 -2.05384379e-01  1.64491955e-01 -3.49208517e-01
  7.13112852e-01  5.92245790e-04  1.83634642e-01 -6.62863472e-02
  5.05853490e-02  1.16432917e-01 -2.70821106e-01 -5.33984922e-02
  4.17966556e-01 -1.68659153e-01 -2.01690273e-01 -1.10037367e-01
  1.07892270e-02 -7.48378054e-02  1.88314429e-01]
2024-01-25 20:49:11,884 - pyswarms.single.global_best - INFO - Optimize for 8000 iters with {'c1': 0.5, 'c2': 0.5, 'w': 1.0}
2024-01-25 20:50:37,091 - pyswarms.single.global_best - INFO - Optimization finished | best cost: 19325.21276299018, best pos: [-1.49115355e-03  6.07183498e-02  5.52196584e-03  2.96051414e-01
 -2.13450110e-01  1.69416262e-02 -1.97524354e-01  1.43785034e-02
  1.20588077e-04 -1.81819480e-01  9.10125520e-02 -1.48073663e-02
 -2.92692029e-03  7.80553320e-02  6.80590561e-03  5.75317739e-04
 -3.27839281e-02 -1.84102753e-02  2.09551738e-01]
2024-01-25 20:50:37,104 - pyswarms.single.global_best - INFO - Optimize for 8000 iters with {'c1': 0.5, 'c2': 0.5, 'w': 1.0}
2024-01-25 21:31:10,391 - pyswarms.single.global_best - INFO - Optimization finished | best cost: 2580.196682147496, best pos: [ 0.4701688   0.09208241 -1.2527164   0.55478324  0.40153597 -0.00388388
 -0.14425364  0.26720888  0.65820231 -0.81967176 -0.95277139  0.62607393
 -1.10233174  0.07551462  0.15187043  0.52927932  0.08507337  0.22560982
  0.3613666 ]
2024-01-25 21:31:10,399 - pyswarms.single.global_best - INFO - Optimize for 8000 iters with {'c1': 0.5, 'c2': 1.0, 'w': 0.6}
2024-01-25 21:32:55,916 - pyswarms.single.global_best - INFO - Optimization finished | best cost: 332415.96501763863, best pos: [-0.388998    0.73712552  0.21121916 -0.16683591  0.58081001  0.12566587
 -0.46571351 -1.03461526  0.71654802  0.28230271 -0.36328911 -0.03849454
  0.23384112  0.82506798 -0.02559895  0.1715701   0.00191975 -1.23949763
 -0.7080439 ]
2024-01-25 21:32:55,930 - pyswarms.single.global_best - INFO - Optimize for 8000 iters with {'c1': 0.5, 'c2': 1.0, 'w': 0.6}
2024-01-25 22:13:30,031 - pyswarms.single.global_best - INFO - Optimization finished | best cost: 669.8902294042219, best pos: [-0.06991186 -0.27959858  0.04253886 -0.10427841 -0.63314439  0.23736712
 -0.34417449  0.72513866 -0.4955111   0.48439964  0.00254911  0.37408167
  0.03736737  0.24443824  0.0781985   0.06339732 -0.01897304 -0.14524924
  0.61635137]
2024-01-25 22:13:30,042 - pyswarms.single.global_best - INFO - Optimize for 8000 iters with {'c1': 0.5, 'c2': 1.0, 'w': 0.8}
2024-01-25 22:15:43,097 - pyswarms.single.global_best - INFO - Optimization finished | best cost: 115932.31852429309, best pos: [ 0.1832872   0.24404155 -0.33885017  0.44760079 -1.07839542 -0.12960165
  0.30258172  0.54521125  0.52078997 -0.45055333  0.25702536 -0.15224801
 -0.1847521  -0.16882544  0.00150349 -0.19638787  0.04096736  0.40495849
  0.40773565]
2024-01-25 22:15:43,108 - pyswarms.single.global_best - INFO - Optimize for 8000 iters with {'c1': 0.5, 'c2': 1.0, 'w': 0.8}
2024-01-25 22:55:07,664 - pyswarms.single.global_best - INFO - Optimization finished | best cost: 169.7973133014469, best pos: [-0.14651274 -0.06099771  0.1443344  -0.14324269 -0.02372563 -0.03840182
 -0.18888949  0.1017396  -0.03428734  0.27015317 -0.05066321  0.01473343
  0.2094983   0.03606303 -0.06689197  0.00852012  0.00446808 -0.05780951
  0.13133048]
2024-01-25 22:55:07,669 - pyswarms.single.global_best - INFO - Optimize for 8000 iters with {'c1': 0.5, 'c2': 1.0, 'w': 1.0}
2024-01-25 22:56:36,057 - pyswarms.single.global_best - INFO - Optimization finished | best cost: 30276.450848965396, best pos: [-0.08071222 -0.17119349 -0.01916678 -0.07755049  0.10811261  0.01943714
 -0.0945021  -0.05490218  0.00389611  0.17966639 -0.03709753 -0.00944829
  0.03293643  0.81147862 -0.00423934  0.06124562 -0.22496601  0.08818124
  1.47791401]
2024-01-25 22:56:36,069 - pyswarms.single.global_best - INFO - Optimize for 8000 iters with {'c1': 0.5, 'c2': 1.0, 'w': 1.0}
2024-01-25 23:36:47,643 - pyswarms.single.global_best - INFO - Optimization finished | best cost: 2978.8320380841756, best pos: [ 0.57499653  0.22754132  0.73490459  0.13573635 -0.76302704 -0.44701094
 -0.35886598  0.60519407  0.4105365   0.32068288 -0.84042248  0.39338925
 -0.31693598  0.0421602   0.21133317 -0.33711957  0.01925746 -0.39747055
  0.24592195]
2024-01-25 23:36:47,656 - pyswarms.single.global_best - INFO - Optimize for 8000 iters with {'c1': 0.5, 'c2': 1.5, 'w': 0.6}
2024-01-25 23:37:57,334 - pyswarms.single.global_best - INFO - Optimization finished | best cost: 519775.97363702965, best pos: [-0.41143258  1.92499553 -0.73738329  0.2576691   2.89522068  0.47653673
  1.25178715 -3.89127639  1.95765642  0.39097799 -0.22424811 -0.44924639
 -0.44129673  0.94795361 -1.79002413  0.18474776 -0.60479179  1.12787238
 -0.52087278]
2024-01-25 23:37:57,339 - pyswarms.single.global_best - INFO - Optimize for 8000 iters with {'c1': 0.5, 'c2': 1.5, 'w': 0.6}
2024-01-26 00:17:40,231 - pyswarms.single.global_best - INFO - Optimization finished | best cost: 348.8310401456194, best pos: [-0.6054574  -0.05799122 -0.07296998 -0.13251505  0.32389522 -0.19887679
  0.24120133 -0.14388238  0.20444581  0.03442507 -0.09072188  0.04301578
  0.41247286  0.23647659  0.05604149  0.04550755 -0.25362404 -0.05909624
 -0.03084848]
2024-01-26 00:17:40,234 - pyswarms.single.global_best - INFO - Optimize for 8000 iters with {'c1': 0.5, 'c2': 1.5, 'w': 0.8}
2024-01-26 00:19:33,956 - pyswarms.single.global_best - INFO - Optimization finished | best cost: 143945.60580370965, best pos: [-1.1497675  -0.93389079  0.54160104  1.1058123  -0.58881018  0.27648563
 -0.54964431  1.55156405  0.18024425  0.5285585   0.03407107 -0.22205881
  0.49863068  0.15917028 -0.90209448 -0.13287889 -0.0665567   0.01801804
  0.38230967]
2024-01-26 00:19:33,964 - pyswarms.single.global_best - INFO - Optimize for 8000 iters with {'c1': 0.5, 'c2': 1.5, 'w': 0.8}
2024-01-26 00:59:19,603 - pyswarms.single.global_best - INFO - Optimization finished | best cost: 0.004469480516466676, best pos: [ 3.14234379e-06  2.60536160e-06 -1.05595981e-05  5.92477343e-06
 -2.02061947e-06 -6.01353748e-07 -3.44045876e-08 -1.39870307e-06
  7.20317632e-06 -4.78598119e-06  1.77299450e-06  1.66281140e-07
 -4.29633469e-06 -4.77312140e-06  3.43732168e-06 -2.52408476e-07
  3.52046535e-06  1.41244982e-06  2.26359242e-04]
2024-01-26 00:59:19,617 - pyswarms.single.global_best - INFO - Optimize for 8000 iters with {'c1': 0.5, 'c2': 1.5, 'w': 1.0}
2024-01-26 01:00:59,897 - pyswarms.single.global_best - INFO - Optimization finished | best cost: 1.0615158399600454e-06, best pos: [ 3.04144144e-12 -2.57394038e-12  5.72937477e-12  5.54182276e-12
 -3.82223911e-12  9.03928067e-12 -3.31765137e-12  3.10982471e-12
 -5.32002699e-12 -4.71600169e-12  4.58834774e-13 -4.57769670e-12
 -2.63615287e-12 -4.84696523e-12 -6.03319128e-12  8.04209641e-13
  3.28876257e-12  6.47932329e-12  6.66617758e-08]
2024-01-26 01:00:59,912 - pyswarms.single.global_best - INFO - Optimize for 8000 iters with {'c1': 0.5, 'c2': 1.5, 'w': 1.0}
2024-01-26 01:40:47,654 - pyswarms.single.global_best - INFO - Optimization finished | best cost: 3425.5404754252036, best pos: [-0.3195418  -0.26263057 -0.2292883  -0.58272826  1.56195643 -0.15412169
  0.33394802 -1.61240153  0.14601469  0.56489088  0.90900537  0.56810239
  0.3654139   0.26961077  0.06207837 -0.52018237 -0.22144037 -0.16852087
  0.59307054]
2024-01-26 01:40:47,662 - pyswarms.single.global_best - INFO - Optimize for 8000 iters with {'c1': 1.0, 'c2': 0.5, 'w': 0.6}
2024-01-26 01:43:05,269 - pyswarms.single.global_best - INFO - Optimization finished | best cost: 561336.2811393423, best pos: [ 0.05539794  1.01681399 -1.58779989  0.84259631  1.0191301  -1.34932424
 -0.94719985 -1.46659079  0.16437994 -0.73777349 -0.45436806  0.39037439
  0.07147277 -1.96564229  0.66144756  0.29065338  0.5432896   0.96101139
  0.35765425]
2024-01-26 01:43:05,275 - pyswarms.single.global_best - INFO - Optimize for 8000 iters with {'c1': 1.0, 'c2': 0.5, 'w': 0.6}
2024-01-26 02:22:20,143 - pyswarms.single.global_best - INFO - Optimization finished | best cost: 291.76055644864977, best pos: [ 0.14230624  0.03536681  0.07893536 -0.07063406 -0.07550077  0.07683189
  0.21897112 -0.00092775  0.043672   -0.0346232   0.08209667 -0.13716978
 -0.07113476 -0.0758145  -0.21403125 -0.1812539   0.00683341  0.29659727
  0.46527995]
2024-01-26 02:22:20,147 - pyswarms.single.global_best - INFO - Optimize for 8000 iters with {'c1': 1.0, 'c2': 0.5, 'w': 0.8}
2024-01-26 02:24:42,434 - pyswarms.single.global_best - INFO - Optimization finished | best cost: 130981.44757801695, best pos: [-0.16631106  0.40252652 -0.06855917  0.35413247  0.04095961  0.31708742
  0.09465049  0.15700535 -0.21501559  0.35199046 -0.1796553   0.15251749
 -0.03434974  0.02072835 -0.0369218  -0.11379337 -0.1690099   0.20330767
  0.2106442 ]
2024-01-26 02:24:42,445 - pyswarms.single.global_best - INFO - Optimize for 8000 iters with {'c1': 1.0, 'c2': 0.5, 'w': 0.8}
2024-01-26 03:03:33,734 - pyswarms.single.global_best - INFO - Optimization finished | best cost: 121.98720291070848, best pos: [-0.13486389 -0.12732631 -0.17859379 -0.0917      0.00842627  0.00360743
  0.26518995  0.05878898  0.08995152 -0.04561823  0.02801102  0.00841084
  0.02812888  0.07696422  0.0714051  -0.0214538  -0.03805792  0.03567814
 -0.17128711]
2024-01-26 03:03:33,741 - pyswarms.single.global_best - INFO - Optimize for 8000 iters with {'c1': 1.0, 'c2': 0.5, 'w': 1.0}
2024-01-26 03:05:42,868 - pyswarms.single.global_best - INFO - Optimization finished | best cost: 7661.017028461515, best pos: [-0.02453709 -0.05787958 -0.03729517  0.01771514  0.01095942 -0.01312425
  0.0309862   0.06333891  0.04889018 -0.02711184  0.01287297 -0.00243039
  0.02555613 -0.04139917  0.00147204 -0.02666399  0.00119868  0.00141836
 -0.22606794]
2024-01-26 03:05:42,880 - pyswarms.single.global_best - INFO - Optimize for 8000 iters with {'c1': 1.0, 'c2': 0.5, 'w': 1.0}
2024-01-26 03:45:19,694 - pyswarms.single.global_best - INFO - Optimization finished | best cost: 2157.0527930484673, best pos: [-0.32208295  0.2342858   0.20683555  0.64225398  0.64208418  0.00500778
 -0.26658391 -0.84167838  0.49957839  0.21426605 -0.14218255  0.13834833
  0.0564197   0.25831608 -0.00909723 -0.18670791 -0.42910782 -0.16188299
  1.55396965]
2024-01-26 03:45:19,705 - pyswarms.single.global_best - INFO - Optimize for 8000 iters with {'c1': 1.0, 'c2': 1.0, 'w': 0.6}
2024-01-26 03:46:56,761 - pyswarms.single.global_best - INFO - Optimization finished | best cost: 393026.5351184251, best pos: [-0.77237136  0.12330518  0.38788911  0.75315147  0.07536942 -0.29727886
  0.11243387  0.72587086 -0.17270416  0.59524013 -0.07370227  0.2223369
  0.07031504 -0.41209614 -0.29811497 -0.44431493  0.56985089  0.38289989
  0.34816788]
2024-01-26 03:46:56,772 - pyswarms.single.global_best - INFO - Optimize for 8000 iters with {'c1': 1.0, 'c2': 1.0, 'w': 0.6}
2024-01-26 04:26:53,414 - pyswarms.single.global_best - INFO - Optimization finished | best cost: 408.12182773309974, best pos: [ 0.11564751  0.11045291 -0.41879378  0.40370453 -0.20066199 -0.1052358
  0.09279144 -0.36891568  0.29207759 -0.35681922  0.15192761  0.03422206
 -0.64692407  0.13435045  0.22811433  0.36935946  0.13063931 -0.02217622
  0.02539375]
2024-01-26 04:26:53,420 - pyswarms.single.global_best - INFO - Optimize for 8000 iters with {'c1': 1.0, 'c2': 1.0, 'w': 0.8}
2024-01-26 04:27:59,870 - pyswarms.single.global_best - INFO - Optimization finished | best cost: 31803.769853502763, best pos: [ 0.04292174 -0.17531853  0.34175764  0.13574302 -0.39178739 -0.03937071
 -0.00234342  0.08419716 -0.19599157 -0.12607742  0.10565571  0.01278674
 -0.15085895  0.20792583 -0.1210881   0.09096862  0.05801158  0.01771233
  0.02625689]
2024-01-26 04:27:59,880 - pyswarms.single.global_best - INFO - Optimize for 8000 iters with {'c1': 1.0, 'c2': 1.0, 'w': 0.8}
2024-01-26 05:09:11,329 - pyswarms.single.global_best - INFO - Optimization finished | best cost: 1.1959059445005622, best pos: [ 2.00453208e-04  3.04917981e-04  1.22908379e-03 -1.41380292e-04
 -3.28460369e-05 -2.98776165e-03 -3.38087172e-04  5.59276956e-05
  1.03903875e-03  2.92739185e-04 -7.82544855e-05  8.36001079e-04
  1.61806781e-04 -4.01244417e-04  1.05576596e-04 -1.73557743e-04
  1.81738342e-04 -7.19276578e-04 -4.25907678e-02]
2024-01-26 05:09:11,335 - pyswarms.single.global_best - INFO - Optimize for 8000 iters with {'c1': 1.0, 'c2': 1.0, 'w': 1.0}
2024-01-26 05:09:19,448 - pyswarms.single.global_best - INFO - Optimization finished | best cost: 0.008982363977981836, best pos: [-2.24743728e-08 -8.46126614e-08 -1.15444858e-08  1.74424592e-08
 -2.11073399e-08 -9.14107201e-09 -8.61287038e-09  1.54652169e-08
 -2.54324079e-09 -9.08346399e-10  7.27381114e-10  1.40283240e-08
 -2.34434580e-08  5.15437578e-08  1.14039985e-08  3.51101654e-08
  2.34151525e-08  3.25463372e-08  5.63207877e-04]
2024-01-26 05:09:19,456 - pyswarms.single.global_best - INFO - Optimize for 8000 iters with {'c1': 1.0, 'c2': 1.0, 'w': 1.0}
2024-01-26 05:50:51,769 - pyswarms.single.global_best - INFO - Optimization finished | best cost: 3021.483822427304, best pos: [ 0.06925859 -0.84239784  0.55028925 -0.6590921   0.12204328 -0.13079295
  0.56497078  0.4637595  -0.34776696  0.11197288  0.90252245  0.63331188
  0.02300726 -0.01213699 -1.34136167 -0.08268538  0.17191054  0.06317783
 -0.39096193]
2024-01-26 05:50:51,781 - pyswarms.single.global_best - INFO - Optimize for 8000 iters with {'c1': 1.0, 'c2': 1.5, 'w': 0.6}
2024-01-26 05:51:24,894 - pyswarms.single.global_best - INFO - Optimization finished | best cost: 364104.4236008986, best pos: [-0.06336326 -1.0175413  -0.37536113 -0.57162714 -0.23644246  0.49675551
  0.40373355 -0.65900382  0.95573251  0.89249382  1.11321011  0.27242554
  0.02293874 -0.45047585 -0.89938602  0.1072176   0.00998546 -0.64637243
  1.16535493]
2024-01-26 05:51:24,908 - pyswarms.single.global_best - INFO - Optimize for 8000 iters with {'c1': 1.0, 'c2': 1.5, 'w': 0.6}
2024-01-26 06:33:39,817 - pyswarms.single.global_best - INFO - Optimization finished | best cost: 152.14551822876646, best pos: [ 0.14043243  0.31092528 -0.07225599  0.01398664 -0.0803514  -0.06985953
 -0.02915862 -0.10712711  0.06985432 -0.01471653  0.04631403  0.01672267
  0.00561533 -0.25628058  0.05226306 -0.12200638  0.08373161 -0.01304459
  0.08101991]
2024-01-26 06:33:39,833 - pyswarms.single.global_best - INFO - Optimize for 8000 iters with {'c1': 1.0, 'c2': 1.5, 'w': 0.8}
2024-01-26 06:34:54,069 - pyswarms.single.global_best - INFO - Optimization finished | best cost: 19304.27737294624, best pos: [ 1.78792111e-02  1.12381213e-02  2.61737801e-01 -2.31682325e-02
  4.55967502e-02  2.73829575e-02  2.25934552e-02  7.15278716e-03
  3.66503305e-03 -1.00226463e-03 -2.29376106e-02 -8.48526061e-02
 -4.73945941e-03 -7.11009518e-02 -2.27768446e-01 -7.04241150e-03
  1.36505928e-02  2.26295738e-02 -1.25116613e+00]
2024-01-26 06:34:54,082 - pyswarms.single.global_best - INFO - Optimize for 8000 iters with {'c1': 1.0, 'c2': 1.5, 'w': 0.8}
2024-01-26 07:13:14,167 - pyswarms.single.global_best - INFO - Optimization finished | best cost: 3.9974921836528203, best pos: [-0.004503   -0.00459217 -0.00603069 -0.00510626  0.00227212  0.00216229
  0.00341234  0.00063238  0.00160008  0.0019895  -0.00096297 -0.0005084
  0.00259756  0.00698034  0.0024461   0.00175874 -0.0041789   0.00219313
  0.06146541]
2024-01-26 07:13:14,176 - pyswarms.single.global_best - INFO - Optimize for 8000 iters with {'c1': 1.0, 'c2': 1.5, 'w': 1.0}
2024-01-26 07:13:40,283 - pyswarms.single.global_best - INFO - Optimization finished | best cost: 23.71308734213563, best pos: [-1.16852060e-04 -3.04256002e-05  1.82452146e-04 -1.58635016e-04
  2.53513849e-04 -2.25776889e-05  4.32398295e-05 -7.37567169e-05
 -6.54293281e-05  1.68395772e-04 -6.72207653e-05 -1.11445859e-06
  1.02988441e-04  3.61935773e-04 -7.88988244e-05 -1.32728195e-05
 -1.60329925e-04 -5.97042828e-05 -9.18444854e-01]
2024-01-26 07:13:40,288 - pyswarms.single.global_best - INFO - Optimize for 8000 iters with {'c1': 1.0, 'c2': 1.5, 'w': 1.0}
2024-01-26 07:50:32,606 - pyswarms.single.global_best - INFO - Optimization finished | best cost: 3572.0588679905763, best pos: [ 0.51377557  3.45455259  0.63507504 -0.83058973 -1.87326028 -2.45320278
 -0.88519767 -0.90233163  0.02305428  0.6506004  -0.05770205  0.8771378
 -0.36524815  0.1373184   1.32954111  0.90048496  0.35154599 -1.27337923
  4.1309989 ]
2024-01-26 07:50:32,610 - pyswarms.single.global_best - INFO - Optimize for 8000 iters with {'c1': 1.5, 'c2': 0.5, 'w': 0.6}
2024-01-26 07:50:34,096 - pyswarms.single.global_best - INFO - Optimization finished | best cost: 387066.7547532512, best pos: [ 0.65912814  0.12899547 -0.05081778 -0.18117791  0.34426803  0.05195762
 -0.56566781 -0.12695892  0.52620771  1.02419379  0.41307736  0.105357
 -0.32813261 -0.34626605 -0.02201284 -0.03936134 -0.2503235  -0.00996449
 -0.48893141]
2024-01-26 07:50:34,101 - pyswarms.single.global_best - INFO - Optimize for 8000 iters with {'c1': 1.5, 'c2': 0.5, 'w': 0.6}
2024-01-26 08:27:29,669 - pyswarms.single.global_best - INFO - Optimization finished | best cost: 43657.45769724347, best pos: [-0.03819513 -0.05064818 -0.35087107  0.32153027  0.21892993 -0.11013226
 -0.04391033 -0.20838021 -0.04293011 -0.46260079 -0.00840681  0.14338628
 -0.03517789  0.26912704  0.38121774  0.02757322 -0.09237486  0.02016401
  0.24471869]
2024-01-26 08:27:29,673 - pyswarms.single.global_best - INFO - Optimize for 8000 iters with {'c1': 1.5, 'c2': 0.5, 'w': 0.8}
2024-01-26 08:27:45,078 - pyswarms.single.global_best - INFO - Optimization finished | best cost: 155.0698816436475, best pos: [-0.02044794 -0.08948672  0.07166059 -0.11771906 -0.1290646  -0.11048198
 -0.03909001  0.1627337   0.16280564  0.17581462 -0.00505994 -0.02139858
  0.00856155 -0.06367262 -0.10699401 -0.00330462  0.14744838 -0.03093027
 -0.08579896]
2024-01-26 08:27:45,082 - pyswarms.single.global_best - INFO - Optimize for 8000 iters with {'c1': 1.5, 'c2': 0.5, 'w': 0.8}
2024-01-26 09:04:22,394 - pyswarms.single.global_best - INFO - Optimization finished | best cost: 12.691989894541646, best pos: [-1.25146182e-05 -4.46398880e-05 -3.56210102e-05 -5.97726524e-05
  7.95842219e-05 -1.56735180e-06  2.76982735e-05  1.96269412e-05
  3.71133692e-06  4.95087984e-05 -2.86400710e-05  8.22748405e-06
  1.87483285e-05 -2.39381020e-05  1.39899961e-05 -6.40175302e-06
  7.25751747e-06  1.27744422e-04  1.27518782e+00]
2024-01-26 09:04:22,398 - pyswarms.single.global_best - INFO - Optimize for 8000 iters with {'c1': 1.5, 'c2': 0.5, 'w': 1.0}
2024-01-26 09:04:58,787 - pyswarms.single.global_best - INFO - Optimization finished | best cost: 7.917933710733624, best pos: [-0.00215581 -0.0059146   0.00793794  0.00153932 -0.00855287 -0.00091949
 -0.00460928  0.01421483 -0.00324001  0.00526456  0.00041277 -0.00013661
  0.00383241 -0.00216846 -0.00331405 -0.00351678  0.00318777 -0.0020145
 -0.10530337]
2024-01-26 09:04:58,791 - pyswarms.single.global_best - INFO - Optimize for 8000 iters with {'c1': 1.5, 'c2': 0.5, 'w': 1.0}
2024-01-26 09:41:17,200 - pyswarms.single.global_best - INFO - Optimization finished | best cost: 325446.64250079414, best pos: [ 0.88081025  0.43525165  0.53727921  0.05461778  1.65402372 -0.4077694
 -1.37473578 -0.23208858  0.07237638  1.57578409  0.00348754  0.40383844
  0.55864531  0.40857404 -0.57606449 -0.69961104 -1.12564056  0.63689811
 -0.15150317]
2024-01-26 09:41:17,204 - pyswarms.single.global_best - INFO - Optimize for 8000 iters with {'c1': 1.5, 'c2': 1.0, 'w': 0.6}
2024-01-26 09:42:09,892 - pyswarms.single.global_best - INFO - Optimization finished | best cost: 2721.3452717816717, best pos: [-0.08262887  0.1419246  -0.87204779  0.09017994  0.09531355 -0.6379173
  0.67559896 -0.05360301  0.2657415  -1.0712359  -0.33561502 -0.15760612
  0.47946933  0.39013955  0.387119   -0.20224672  0.13330771  0.3415229
 -0.69045179]
2024-01-26 09:42:09,895 - pyswarms.single.global_best - INFO - Optimize for 8000 iters with {'c1': 1.5, 'c2': 1.0, 'w': 0.6}
2024-01-26 10:18:13,291 - pyswarms.single.global_best - INFO - Optimization finished | best cost: 10239.043056592445, best pos: [ 0.06138148 -0.10289469  0.02245271 -0.14484583  0.07085091 -0.00329573
  0.10397016 -0.01417766 -0.00588515  0.00278311 -0.00914153 -0.00230686
 -0.03334058 -0.02390539 -0.01531572  0.01095322  0.03374303  0.00069608
  0.35205995]
2024-01-26 10:18:13,295 - pyswarms.single.global_best - INFO - Optimize for 8000 iters with {'c1': 1.5, 'c2': 1.0, 'w': 0.8}
2024-01-26 10:19:26,362 - pyswarms.single.global_best - INFO - Optimization finished | best cost: 90.14082016884039, best pos: [-0.00624825  0.06331151  0.11881797 -0.05549203  0.02922509  0.08797563
 -0.05808946  0.010457   -0.08514155  0.07160169 -0.01905777 -0.04032947
  0.13657146 -0.05665369 -0.08477174 -0.0840437  -0.02555206  0.001527
  0.24420899]
2024-01-26 10:19:26,366 - pyswarms.single.global_best - INFO - Optimize for 8000 iters with {'c1': 1.5, 'c2': 1.0, 'w': 0.8}
2024-01-26 10:55:04,490 - pyswarms.single.global_best - INFO - Optimization finished | best cost: 146.35740279378808, best pos: [ 6.35021415e-04  8.06302234e-04 -1.15006642e-03  1.35308970e-03
 -1.28917371e-03 -8.26523371e-04 -4.04946491e-04 -9.52772487e-05
  9.32002155e-04 -1.47110130e-03  3.42188206e-04  4.16594032e-04
 -5.48540177e-04 -1.32102022e-03  7.03574041e-04  2.98265760e-05
  4.90588097e-04 -3.75110132e-04 -2.86297506e+00]
2024-01-26 10:55:04,494 - pyswarms.single.global_best - INFO - Optimize for 8000 iters with {'c1': 1.5, 'c2': 1.0, 'w': 1.0}
2024-01-26 10:56:42,175 - pyswarms.single.global_best - INFO - Optimization finished | best cost: 3.80912963769222, best pos: [ 0.0012691   0.00419875  0.01027861  0.00250958  0.00079311 -0.00018269
 -0.00143906 -0.00092822 -0.00527566 -0.00162337  0.0002248   0.00033027
  0.00245299 -0.0034601  -0.00400567 -0.00325757 -0.00086657 -0.00261025
 -0.14615258]
2024-01-26 10:56:42,179 - pyswarms.single.global_best - INFO - Optimize for 8000 iters with {'c1': 1.5, 'c2': 1.0, 'w': 1.0}
2024-01-26 11:32:05,919 - pyswarms.single.global_best - INFO - Optimization finished | best cost: 365132.5502717915, best pos: [ 0.26348322 -0.97601891  0.01545176  1.16375431  0.89412403  0.45955663
 -0.02785128 -0.45566267  0.17204107 -0.05021775  0.19719042 -0.27146528
 -0.0715535   0.35479978 -0.2455833  -0.30493849 -0.5045321   0.50334277
  1.65113538]
2024-01-26 11:32:05,923 - pyswarms.single.global_best - INFO - Optimize for 8000 iters with {'c1': 1.5, 'c2': 1.5, 'w': 0.6}
2024-01-26 11:34:06,119 - pyswarms.single.global_best - INFO - Optimization finished | best cost: 2538.633711842095, best pos: [ 0.01712989  0.01660674  0.06375592  0.81140864  0.58538787  0.75000094
  1.05836    -0.32116414  0.31415398 -0.51549151  0.29099574 -0.17729376
 -1.05184201 -0.38971522 -0.00961874  0.0290483  -0.61980099  0.02305691
  0.66170304]
2024-01-26 11:34:06,123 - pyswarms.single.global_best - INFO - Optimize for 8000 iters with {'c1': 1.5, 'c2': 1.5, 'w': 0.6}
2024-01-26 12:09:05,344 - pyswarms.single.global_best - INFO - Optimization finished | best cost: 0.10566200274661616, best pos: [ 2.39499891e-07  6.28381813e-07 -8.95129827e-07  4.72703312e-07
  1.20131316e-07  4.60991544e-07 -1.21127534e-06 -2.24453772e-08
  4.54976253e-07  8.12061626e-07 -1.59345236e-07 -2.99614720e-07
  1.03644953e-07 -1.21590956e-06  1.23674847e-07 -8.26765518e-08
  2.79727391e-07  3.92018900e-07  4.35951549e-03]
2024-01-26 12:09:05,348 - pyswarms.single.global_best - INFO - Optimize for 8000 iters with {'c1': 1.5, 'c2': 1.5, 'w': 0.8}
2024-01-26 12:11:24,857 - pyswarms.single.global_best - INFO - Optimization finished | best cost: 0.1938688806042358, best pos: [-6.21007172e-05  1.28758479e-06 -2.68045118e-04 -2.07947256e-04
  4.46834409e-05  6.14944605e-06 -2.21353520e-04  6.30610806e-05
  1.87035802e-04  2.54301043e-04 -9.25418365e-05 -7.99169087e-06
  2.42138186e-04  1.33552915e-04  4.71636951e-05  4.30034321e-06
 -1.38483871e-04  7.74779972e-05  3.88585612e-03]
2024-01-26 12:11:24,861 - pyswarms.single.global_best - INFO - Optimize for 8000 iters with {'c1': 1.5, 'c2': 1.5, 'w': 0.8}
2024-01-26 12:46:04,470 - pyswarms.single.global_best - INFO - Optimization finished | best cost: 9682.90661489441, best pos: [ 5.25115696e-02  8.44664150e-02 -1.48081731e-02  1.63105287e-01
 -6.78210204e-02 -2.21234441e-02 -1.82490998e-01  7.32099172e-03
  3.17145571e-02 -2.21500582e-02  2.99366512e-03  2.00805833e-03
 -1.75426961e-02 -7.22241595e-02  4.40075392e-03 -5.10472312e-04
  1.73400287e-02 -1.35590099e-02 -4.84846617e+01]
2024-01-26 12:46:04,474 - pyswarms.single.global_best - INFO - Optimize for 8000 iters with {'c1': 1.5, 'c2': 1.5, 'w': 1.0}
2024-01-26 12:48:41,089 - pyswarms.single.global_best - INFO - Optimization finished | best cost: 98.11991118390948, best pos: [ 0.11632572  0.06964082  0.18597983 -0.14220456  0.02269894 -0.00324584
 -0.11412421 -0.03941382 -0.12310741  0.13392065 -0.05049412  0.00282643
 -0.00330658 -0.03046425 -0.05434344  0.00919019  0.02693124 -0.01033996
 -0.89082673]
2024-01-26 12:48:41,093 - pyswarms.single.global_best - INFO - Optimize for 8000 iters with {'c1': 1.5, 'c2': 1.5, 'w': 1.0}
2024-01-26 13:23:21,134 - pyswarms.single.global_best - INFO - Optimization finished | best cost: 221178.48622468542, best pos: [ 0.19936403  0.04871356  0.48930551  0.2388454  -0.45848306  0.19232578
 -0.8792376   0.02927597  0.03234497  1.23060411 -0.01158252 -0.62359726
 -0.23718015  0.19192363 -0.25255183 -0.02032802  0.29073982  0.40604152
  0.68595712]
2024-01-26 13:26:16,101 - pyswarms.single.global_best - INFO - Optimization finished | best cost: 2448.4554366659254, best pos: [-0.66841355  0.87889532  0.66675398 -0.05860701 -0.42648941 -0.07622482
 -0.12359432 -1.13226979  0.21933954  0.73987831  0.77068611 -0.19571213
 -0.51805501  0.53275153 -0.24247206  0.93537205 -0.20929264 -0.54447446
  1.39861701]
