2023-11-29 20:43:34 - #----------Config info----------#
2023-11-29 20:43:34 - network: Pointneted_plus,
2023-11-29 20:43:34 - data_path: /media/yxz/新加卷/teeth_ct_points/CT3Dpoints/,
2023-11-29 20:43:34 - label_path: /media/yxz/新加卷/teeth_ct_points/CT3Dpoints/三维坐标表格.xlsx,
2023-11-29 20:43:34 - pretrained_path: ./pre_trained/,
2023-11-29 20:43:34 - cfg: [32, 64, 96, 128, 256, 512, 256, 128, 64, 32, 16],
2023-11-29 20:43:34 - num_classes: 3,
2023-11-29 20:43:34 - input_size_h: 512,
2023-11-29 20:43:34 - input_size_w: 512,
2023-11-29 20:43:34 - input_channels: 64,
2023-11-29 20:43:34 - distributed: False,
2023-11-29 20:43:34 - local_rank: -1,
2023-11-29 20:43:34 - num_workers: 4,
2023-11-29 20:43:34 - seed: 42,
2023-11-29 20:43:34 - world_size: None,
2023-11-29 20:43:34 - rank: None,
2023-11-29 20:43:34 - amp: False,
2023-11-29 20:43:34 - gpu_id: 0,
2023-11-29 20:43:34 - batch_size: 3,
2023-11-29 20:43:34 - val_bs: 1,
2023-11-29 20:43:34 - epochs: 500,
2023-11-29 20:43:34 - deep_supervision: False,
2023-11-29 20:43:34 - tailadd: True,
2023-11-29 20:43:34 - threshold: 8.660254037844387,
2023-11-29 20:43:34 - rand_data: False,
2023-11-29 20:43:34 - mean_common: False,
2023-11-29 20:43:34 - train_mean: [],
2023-11-29 20:43:34 - train_std: [],
2023-11-29 20:43:34 - val_mean: [],
2023-11-29 20:43:34 - val_std: [],
2023-11-29 20:43:34 - work_dir: results/Pointneted_plus_Wednesday_29_November_2023_20h_43m_34s/,
2023-11-29 20:43:34 - tensor_size: 0,
2023-11-29 20:43:34 - train_transformer: Compose(
    <utils.myToTensor object at 0x7f86ead97fa0>
    <utils.myResize object at 0x7f87d0720520>
),
2023-11-29 20:43:34 - test_transformer: Compose(
    <utils.myToTensor object at 0x7f87d07205e0>
    <utils.myResize object at 0x7f87d0720610>
),
2023-11-29 20:43:34 - opt: AdamW,
2023-11-29 20:43:34 - lr: 0.001,
2023-11-29 20:43:34 - betas: (0.9, 0.999),
2023-11-29 20:43:34 - eps: 1e-08,
2023-11-29 20:43:34 - weight_decay: 0.01,
2023-11-29 20:43:34 - amsgrad: False,
2023-11-29 20:43:34 - sch: CosineAnnealingLR,
2023-11-29 20:43:34 - T_max: 50,
2023-11-29 20:43:34 - eta_min: 1e-05,
2023-11-29 20:43:34 - last_epoch: -1,
INFO:root:train--mean-->[65.19539  65.19539  65.19539  63.963474 63.963474 63.963474 60.765038
 60.765038 60.765038 60.421944 60.421944 60.421944 59.85712  59.85712
 59.85712  59.237274 59.237274 59.237274 59.101734 59.101734 59.101734
 58.96078  58.96078  58.96078  58.89616  58.89616  58.89616  57.802696
 57.802696 57.802696 56.773724 56.773724 56.773724 55.42982  55.42982
 55.42982  54.265926 54.265926 54.265926 53.68696  53.68696  53.68696
 53.364353 53.364353 53.364353 54.282475 54.282475 54.282475 56.61067 ]
INFO:root:train--std-->[91.50081  91.50081  91.50081  91.528175 91.528175 91.528175 89.18244
 89.18244  89.18244  87.843506 87.843506 87.843506 86.853226 86.853226
 86.853226 85.79274  85.79274  85.79274  84.55778  84.55778  84.55778
 83.58083  83.58083  83.58083  82.88278  82.88278  82.88278  80.73985
 80.73985  80.73985  78.52914  78.52914  78.52914  76.00831  76.00831
 76.00831  73.78355  73.78355  73.78355  71.738884 71.738884 71.738884
 70.10091  70.10091  70.10091  70.21075  70.21075  70.21075  72.18878 ]
INFO:root:val--mean-->[69.50773  69.50773  69.50773  67.477295 67.477295 67.477295 63.41269
 63.41269  63.41269  62.270443 62.270443 62.270443 61.86557  61.86557
 61.86557  60.36114  60.36114  60.36114  58.993618 58.993618 58.993618
 60.224277 60.224277 60.224277 59.06669  59.06669  59.06669  57.19656
 57.19656  57.19656  55.75968  55.75968  55.75968  53.543274 53.543274
 53.543274 52.71629  52.71629  52.71629  51.813374 51.813374 51.813374
 52.417698 52.417698 52.417698 52.703068 52.703068 52.703068 55.39895 ]
INFO:root:val--std-->[95.06083  95.06083  95.06083  93.72753  93.72753  93.72753  90.57666
 90.57666  90.57666  88.9755   88.9755   88.9755   87.493546 87.493546
 87.493546 85.934845 85.934845 85.934845 84.58147  84.58147  84.58147
 84.91802  84.91802  84.91802  82.757095 82.757095 82.757095 80.285675
 80.285675 80.285675 77.71278  77.71278  77.71278  74.165695 74.165695
 74.165695 71.955696 71.955696 71.955696 69.65336  69.65336  69.65336
 69.545975 69.545975 69.545975 68.86068  68.86068  68.86068  71.03087 ]
INFO:root:real_input_channels-->49
