2023-11-30 14:52:47 - #----------Config info----------#
2023-11-30 14:52:47 - network: Pointneted_plus,
2023-11-30 14:52:47 - data_path: /media/yxz/新加卷/teeth_ct_points/CT3Dpoints/,
2023-11-30 14:52:47 - label_path: /media/yxz/新加卷/teeth_ct_points/CT3Dpoints/三维坐标表格.xlsx,
2023-11-30 14:52:47 - pretrained_path: ./pre_trained/,
2023-11-30 14:52:47 - cfg: [256, 128, 64, 32, 64, 128, 256, 128, 64, 32, 16],
2023-11-30 14:52:47 - num_classes: 3,
2023-11-30 14:52:47 - input_size_h: 512,
2023-11-30 14:52:47 - input_size_w: 512,
2023-11-30 14:52:47 - input_channels: 64,
2023-11-30 14:52:47 - distributed: False,
2023-11-30 14:52:47 - local_rank: -1,
2023-11-30 14:52:47 - num_workers: 4,
2023-11-30 14:52:47 - seed: 42,
2023-11-30 14:52:47 - world_size: None,
2023-11-30 14:52:47 - rank: None,
2023-11-30 14:52:47 - amp: False,
2023-11-30 14:52:47 - gpu_id: 0,
2023-11-30 14:52:47 - batch_size: 2,
2023-11-30 14:52:47 - val_bs: 1,
2023-11-30 14:52:47 - epochs: 500,
2023-11-30 14:52:47 - deep_supervision: False,
2023-11-30 14:52:47 - tailadd: True,
2023-11-30 14:52:47 - threshold: 8.660254037844387,
2023-11-30 14:52:47 - rand_data: True,
2023-11-30 14:52:47 - mean_common: False,
2023-11-30 14:52:47 - train_mean: [38.167084, 36.47113, 35.658463, 34.7275, 34.397972, 34.392757, 33.96709, 34.126865, 34.28234, 33.729267, 32.7962, 32.064926, 31.681631, 31.124203, 30.844501, 31.361849, 32.73974, 34.215652, 36.648277, 38.611458, 40.539837, 42.120747, 43.28669, 44.45494, 45.614132, 46.21989, 47.45023, 48.500004, 49.44821, 50.419426, 52.140045, 53.649082, 54.722622, 55.427254, 55.996006, 56.55678, 57.03274, 56.78339, 56.16994, 56.052105, 56.084873, 55.73664, 55.51461, 54.455627, 53.19349, 51.708523, 50.496777, 48.39798, 46.618237],
2023-11-30 14:52:47 - train_std: [52.12329, 51.107494, 50.941055, 50.223755, 50.00628, 50.154346, 49.390217, 49.584064, 49.46689, 48.635002, 46.955963, 45.86415, 45.254314, 44.008198, 43.081245, 43.15782, 44.181343, 45.16833, 47.433487, 48.60615, 50.44894, 51.635715, 52.542904, 53.638527, 54.554443, 54.860928, 55.634895, 56.127644, 56.314377, 56.52658, 57.31575, 57.992775, 58.40813, 58.65052, 58.6726, 58.786034, 59.043797, 59.15101, 58.878242, 59.1303, 59.565495, 59.95643, 60.605595, 60.74457, 60.784153, 60.811424, 61.18004, 60.75567, 60.8064],
2023-11-30 14:52:47 - val_mean: [39.743374, 38.122738, 37.19561, 35.71686, 35.202812, 34.790627, 34.621647, 34.678947, 34.44854, 33.327152, 32.52173, 31.267305, 30.603254, 30.013475, 29.536041, 30.480452, 31.952286, 33.71057, 36.010574, 38.201912, 39.313183, 42.94376, 44.53766, 45.518337, 46.94797, 46.58542, 47.49811, 48.238167, 51.026104, 52.292915, 52.69654, 53.169758, 53.87486, 55.697067, 57.654236, 57.586315, 57.758514, 57.174618, 57.736595, 57.24419, 57.544117, 57.37176, 56.43062, 55.96641, 55.325653, 53.10815, 52.179287, 50.27785, 47.04305],
2023-11-30 14:52:47 - val_std: [53.15056, 52.15993, 51.616505, 50.33102, 50.21509, 50.081203, 50.03935, 49.86299, 49.531567, 48.28274, 46.95426, 45.172287, 43.96861, 42.88531, 41.24616, 42.37183, 43.43441, 44.75589, 46.571957, 48.567627, 49.173023, 51.97025, 53.31617, 54.147503, 55.217754, 54.256313, 54.82137, 55.228252, 57.024765, 57.493202, 57.21687, 57.12449, 57.009945, 58.07164, 58.968643, 58.816093, 58.97068, 58.471672, 58.976105, 58.958794, 59.510704, 60.026344, 60.16703, 60.841858, 61.621956, 61.22611, 61.83866, 62.08808, 61.1031],
2023-11-30 14:52:47 - work_dir: results/Pointneted_plus_Thursday_30_November_2023_14h_52m_47s/,
2023-11-30 14:52:47 - tensor_size: 0,
2023-11-30 14:52:47 - train_transformer: Compose(
    <utils.myToTensor object at 0x7fa5e6cac4c0>
    <utils.myResize object at 0x7fa5012cff70>
),
2023-11-30 14:52:47 - test_transformer: Compose(
    <utils.myToTensor object at 0x7fa5e6c3d940>
    <utils.myResize object at 0x7fa5e6c3d970>
),
2023-11-30 14:52:47 - opt: AdamW,
2023-11-30 14:52:47 - lr: 0.001,
2023-11-30 14:52:47 - betas: (0.9, 0.999),
2023-11-30 14:52:47 - eps: 1e-08,
2023-11-30 14:52:47 - weight_decay: 0.01,
2023-11-30 14:52:47 - amsgrad: False,
2023-11-30 14:52:47 - sch: CosineAnnealingLR,
2023-11-30 14:52:47 - T_max: 50,
2023-11-30 14:52:47 - eta_min: 1e-05,
2023-11-30 14:52:47 - last_epoch: -1,
INFO:root:train--mean-->41.68455
INFO:root:train--std-->54.433514
INFO:root:val--mean-->42.785255
INFO:root:val--std-->54.970303
INFO:root:real_input_channels-->49
INFO:root:epoch:0 train_eval_loss-->4.747747,train_acc-->0.041298,test_eval_loss-->3.251172,test_acc===0.147059
INFO:root:epoch:1 train_eval_loss-->3.622869,train_acc-->0.112094,test_eval_loss-->3.260829,test_acc===0.107843
INFO:root:epoch:2 train_eval_loss-->3.044597,train_acc-->0.156342,test_eval_loss-->2.897983,test_acc===0.166667
INFO:root:epoch:3 train_eval_loss-->3.098442,train_acc-->0.168142,test_eval_loss-->3.938552,test_acc===0.088235
INFO:root:epoch:4 train_eval_loss-->3.222379,train_acc-->0.129794,test_eval_loss-->2.822268,test_acc===0.147059
INFO:root:epoch:5 train_eval_loss-->2.889460,train_acc-->0.171091,test_eval_loss-->3.251753,test_acc===0.098039
INFO:root:epoch:6 train_eval_loss-->3.319250,train_acc-->0.070796,test_eval_loss-->3.046159,test_acc===0.156863
INFO:root:epoch:7 train_eval_loss-->2.926697,train_acc-->0.165192,test_eval_loss-->2.591309,test_acc===0.225490
INFO:root:epoch:8 train_eval_loss-->2.713533,train_acc-->0.194690,test_eval_loss-->2.648045,test_acc===0.303922
INFO:root:epoch:9 train_eval_loss-->2.660381,train_acc-->0.206490,test_eval_loss-->2.137465,test_acc===0.382353
INFO:root:epoch:10 train_eval_loss-->2.648312,train_acc-->0.230088,test_eval_loss-->2.631479,test_acc===0.166667
INFO:root:epoch:11 train_eval_loss-->2.295266,train_acc-->0.312684,test_eval_loss-->2.115906,test_acc===0.362745
INFO:root:epoch:12 train_eval_loss-->2.533583,train_acc-->0.215339,test_eval_loss-->2.288733,test_acc===0.274510
INFO:root:epoch:13 train_eval_loss-->2.196799,train_acc-->0.294985,test_eval_loss-->2.393936,test_acc===0.372549
INFO:root:epoch:14 train_eval_loss-->2.197896,train_acc-->0.356932,test_eval_loss-->2.032592,test_acc===0.343137
INFO:root:epoch:15 train_eval_loss-->1.874295,train_acc-->0.433628,test_eval_loss-->2.091882,test_acc===0.372549
INFO:root:epoch:16 train_eval_loss-->2.190480,train_acc-->0.315634,test_eval_loss-->2.043539,test_acc===0.382353
INFO:root:epoch:17 train_eval_loss-->1.911163,train_acc-->0.392330,test_eval_loss-->2.826873,test_acc===0.058824
INFO:root:epoch:18 train_eval_loss-->1.953669,train_acc-->0.353982,test_eval_loss-->2.000580,test_acc===0.343137
INFO:root:epoch:19 train_eval_loss-->1.585304,train_acc-->0.551622,test_eval_loss-->1.725518,test_acc===0.392157
INFO:root:epoch:20 train_eval_loss-->1.527627,train_acc-->0.572271,test_eval_loss-->1.883704,test_acc===0.401961
INFO:root:epoch:21 train_eval_loss-->1.568922,train_acc-->0.560472,test_eval_loss-->2.112724,test_acc===0.343137
INFO:root:epoch:22 train_eval_loss-->1.736411,train_acc-->0.463127,test_eval_loss-->2.153528,test_acc===0.294118
INFO:root:epoch:23 train_eval_loss-->1.513798,train_acc-->0.589971,test_eval_loss-->2.300060,test_acc===0.254902
INFO:root:epoch:24 train_eval_loss-->1.489620,train_acc-->0.592920,test_eval_loss-->1.846580,test_acc===0.362745
INFO:root:epoch:25 train_eval_loss-->1.340682,train_acc-->0.672566,test_eval_loss-->1.648192,test_acc===0.470588
INFO:root:epoch:26 train_eval_loss-->1.357979,train_acc-->0.651917,test_eval_loss-->2.197495,test_acc===0.392157
INFO:root:epoch:27 train_eval_loss-->1.439087,train_acc-->0.587021,test_eval_loss-->1.468679,test_acc===0.519608
INFO:root:epoch:28 train_eval_loss-->1.246275,train_acc-->0.702065,test_eval_loss-->1.761095,test_acc===0.421569
INFO:root:epoch:29 train_eval_loss-->1.248234,train_acc-->0.716814,test_eval_loss-->1.607740,test_acc===0.539216
INFO:root:epoch:30 train_eval_loss-->1.105147,train_acc-->0.793510,test_eval_loss-->1.673798,test_acc===0.421569
INFO:root:epoch:31 train_eval_loss-->1.244874,train_acc-->0.684366,test_eval_loss-->1.657181,test_acc===0.539216
INFO:root:epoch:32 train_eval_loss-->1.151148,train_acc-->0.772861,test_eval_loss-->1.598005,test_acc===0.539216
INFO:root:epoch:33 train_eval_loss-->1.161200,train_acc-->0.775811,test_eval_loss-->1.456993,test_acc===0.529412
INFO:root:epoch:34 train_eval_loss-->1.035437,train_acc-->0.796460,test_eval_loss-->1.357934,test_acc===0.617647
INFO:root:epoch:35 train_eval_loss-->0.946840,train_acc-->0.846608,test_eval_loss-->1.556991,test_acc===0.431373
INFO:root:epoch:36 train_eval_loss-->0.917073,train_acc-->0.867257,test_eval_loss-->1.452257,test_acc===0.558824
INFO:root:epoch:37 train_eval_loss-->0.819670,train_acc-->0.902655,test_eval_loss-->1.556262,test_acc===0.480392
INFO:root:epoch:38 train_eval_loss-->0.818883,train_acc-->0.911504,test_eval_loss-->1.521259,test_acc===0.529412
INFO:root:epoch:39 train_eval_loss-->0.801479,train_acc-->0.905605,test_eval_loss-->1.366809,test_acc===0.578431
INFO:root:epoch:40 train_eval_loss-->0.812917,train_acc-->0.896755,test_eval_loss-->1.457520,test_acc===0.568627
INFO:root:epoch:41 train_eval_loss-->0.784532,train_acc-->0.935103,test_eval_loss-->1.358997,test_acc===0.627451
INFO:root:epoch:42 train_eval_loss-->0.704883,train_acc-->0.938053,test_eval_loss-->1.530810,test_acc===0.519608
INFO:root:epoch:43 train_eval_loss-->0.703599,train_acc-->0.949853,test_eval_loss-->1.419090,test_acc===0.598039
INFO:root:epoch:44 train_eval_loss-->0.667352,train_acc-->0.952802,test_eval_loss-->1.463647,test_acc===0.558824
INFO:root:epoch:45 train_eval_loss-->0.669399,train_acc-->0.935103,test_eval_loss-->1.433804,test_acc===0.529412
INFO:root:epoch:46 train_eval_loss-->0.610530,train_acc-->0.949853,test_eval_loss-->1.410999,test_acc===0.568627
INFO:root:epoch:47 train_eval_loss-->0.614189,train_acc-->0.958702,test_eval_loss-->1.466383,test_acc===0.539216
INFO:root:epoch:48 train_eval_loss-->0.581382,train_acc-->0.979351,test_eval_loss-->1.428312,test_acc===0.637255
INFO:root:epoch:49 train_eval_loss-->0.569654,train_acc-->0.973451,test_eval_loss-->1.516086,test_acc===0.549020
INFO:root:epoch:50 train_eval_loss-->0.607070,train_acc-->0.955752,test_eval_loss-->1.475731,test_acc===0.529412
INFO:root:epoch:51 train_eval_loss-->0.614685,train_acc-->0.955752,test_eval_loss-->1.506383,test_acc===0.549020
INFO:root:epoch:52 train_eval_loss-->0.591273,train_acc-->0.958702,test_eval_loss-->1.342576,test_acc===0.647059
INFO:root:epoch:53 train_eval_loss-->0.620998,train_acc-->0.949853,test_eval_loss-->1.463327,test_acc===0.578431
INFO:root:epoch:54 train_eval_loss-->0.596258,train_acc-->0.967552,test_eval_loss-->1.478754,test_acc===0.558824
INFO:root:epoch:55 train_eval_loss-->0.623567,train_acc-->0.952802,test_eval_loss-->1.427340,test_acc===0.568627
INFO:root:epoch:56 train_eval_loss-->0.594671,train_acc-->0.979351,test_eval_loss-->1.440697,test_acc===0.558824
INFO:root:epoch:57 train_eval_loss-->0.654324,train_acc-->0.952802,test_eval_loss-->1.422897,test_acc===0.549020
INFO:root:epoch:58 train_eval_loss-->0.568130,train_acc-->0.979351,test_eval_loss-->1.468916,test_acc===0.558824
INFO:root:epoch:59 train_eval_loss-->0.627989,train_acc-->0.955752,test_eval_loss-->1.509817,test_acc===0.500000
INFO:root:epoch:60 train_eval_loss-->0.638596,train_acc-->0.958702,test_eval_loss-->1.589222,test_acc===0.500000
INFO:root:epoch:61 train_eval_loss-->0.715012,train_acc-->0.938053,test_eval_loss-->1.384053,test_acc===0.637255
INFO:root:epoch:62 train_eval_loss-->0.732473,train_acc-->0.938053,test_eval_loss-->1.589226,test_acc===0.470588
INFO:root:epoch:63 train_eval_loss-->0.778878,train_acc-->0.917404,test_eval_loss-->1.376931,test_acc===0.578431
INFO:root:epoch:64 train_eval_loss-->0.841363,train_acc-->0.905605,test_eval_loss-->1.464002,test_acc===0.529412
INFO:root:epoch:65 train_eval_loss-->0.842797,train_acc-->0.896755,test_eval_loss-->1.408261,test_acc===0.607843
INFO:root:epoch:66 train_eval_loss-->0.797289,train_acc-->0.938053,test_eval_loss-->1.774669,test_acc===0.382353
INFO:root:epoch:67 train_eval_loss-->0.869147,train_acc-->0.893805,test_eval_loss-->1.516850,test_acc===0.578431
INFO:root:epoch:68 train_eval_loss-->0.948772,train_acc-->0.825959,test_eval_loss-->1.428169,test_acc===0.558824
INFO:root:epoch:69 train_eval_loss-->0.880570,train_acc-->0.873156,test_eval_loss-->1.615879,test_acc===0.480392
INFO:root:epoch:70 train_eval_loss-->0.939747,train_acc-->0.876106,test_eval_loss-->1.582952,test_acc===0.480392
INFO:root:epoch:71 train_eval_loss-->1.089501,train_acc-->0.764012,test_eval_loss-->2.001635,test_acc===0.352941
INFO:root:epoch:72 train_eval_loss-->1.091574,train_acc-->0.784661,test_eval_loss-->1.464608,test_acc===0.558824
INFO:root:epoch:73 train_eval_loss-->0.968176,train_acc-->0.864307,test_eval_loss-->1.647003,test_acc===0.490196
INFO:root:epoch:74 train_eval_loss-->1.038837,train_acc-->0.823009,test_eval_loss-->1.760223,test_acc===0.450980
INFO:root:epoch:75 train_eval_loss-->1.097910,train_acc-->0.781711,test_eval_loss-->1.581167,test_acc===0.450980
INFO:root:epoch:76 train_eval_loss-->1.142459,train_acc-->0.737463,test_eval_loss-->1.615797,test_acc===0.529412
INFO:root:epoch:77 train_eval_loss-->1.218821,train_acc-->0.696165,test_eval_loss-->1.659827,test_acc===0.460784
INFO:root:epoch:78 train_eval_loss-->1.189161,train_acc-->0.734513,test_eval_loss-->1.771456,test_acc===0.450980
INFO:root:epoch:79 train_eval_loss-->1.160099,train_acc-->0.749263,test_eval_loss-->1.728180,test_acc===0.431373
INFO:root:epoch:80 train_eval_loss-->1.109749,train_acc-->0.796460,test_eval_loss-->1.724344,test_acc===0.490196
INFO:root:epoch:81 train_eval_loss-->1.171139,train_acc-->0.713864,test_eval_loss-->1.954097,test_acc===0.343137
INFO:root:epoch:82 train_eval_loss-->1.187380,train_acc-->0.725664,test_eval_loss-->1.699343,test_acc===0.411765
INFO:root:epoch:83 train_eval_loss-->1.157048,train_acc-->0.731563,test_eval_loss-->1.493539,test_acc===0.529412
INFO:root:epoch:84 train_eval_loss-->1.157081,train_acc-->0.734513,test_eval_loss-->1.819884,test_acc===0.352941
INFO:root:epoch:85 train_eval_loss-->1.217358,train_acc-->0.752212,test_eval_loss-->1.685331,test_acc===0.431373
INFO:root:epoch:86 train_eval_loss-->1.101933,train_acc-->0.764012,test_eval_loss-->1.721683,test_acc===0.460784
INFO:root:epoch:87 train_eval_loss-->1.136896,train_acc-->0.778761,test_eval_loss-->1.925991,test_acc===0.352941
INFO:root:epoch:88 train_eval_loss-->1.202521,train_acc-->0.725664,test_eval_loss-->1.707162,test_acc===0.529412
INFO:root:epoch:89 train_eval_loss-->1.283086,train_acc-->0.713864,test_eval_loss-->1.583512,test_acc===0.441176
INFO:root:epoch:90 train_eval_loss-->1.247604,train_acc-->0.728614,test_eval_loss-->1.599441,test_acc===0.460784
INFO:root:epoch:91 train_eval_loss-->1.153754,train_acc-->0.752212,test_eval_loss-->1.683605,test_acc===0.382353
INFO:root:epoch:92 train_eval_loss-->1.414095,train_acc-->0.572271,test_eval_loss-->1.840682,test_acc===0.372549
INFO:root:epoch:93 train_eval_loss-->1.289796,train_acc-->0.687316,test_eval_loss-->1.595749,test_acc===0.568627
INFO:root:epoch:94 train_eval_loss-->1.236019,train_acc-->0.702065,test_eval_loss-->1.742656,test_acc===0.313725
INFO:root:epoch:95 train_eval_loss-->1.194183,train_acc-->0.705015,test_eval_loss-->1.713078,test_acc===0.470588
INFO:root:epoch:96 train_eval_loss-->1.116220,train_acc-->0.808260,test_eval_loss-->2.629772,test_acc===0.264706
INFO:root:epoch:97 train_eval_loss-->1.391781,train_acc-->0.613569,test_eval_loss-->1.683685,test_acc===0.529412
INFO:root:epoch:98 train_eval_loss-->1.089472,train_acc-->0.784661,test_eval_loss-->1.605749,test_acc===0.539216
INFO:root:epoch:99 train_eval_loss-->1.179736,train_acc-->0.731563,test_eval_loss-->1.669902,test_acc===0.382353
INFO:root:epoch:100 train_eval_loss-->1.107817,train_acc-->0.766962,test_eval_loss-->1.659032,test_acc===0.450980
INFO:root:epoch:101 train_eval_loss-->1.129728,train_acc-->0.799410,test_eval_loss-->1.823411,test_acc===0.490196
INFO:root:epoch:102 train_eval_loss-->1.075338,train_acc-->0.820059,test_eval_loss-->1.762477,test_acc===0.441176
INFO:root:epoch:103 train_eval_loss-->1.196567,train_acc-->0.710914,test_eval_loss-->1.536817,test_acc===0.529412
INFO:root:epoch:104 train_eval_loss-->1.021617,train_acc-->0.823009,test_eval_loss-->1.578067,test_acc===0.549020
INFO:root:epoch:105 train_eval_loss-->0.901377,train_acc-->0.929204,test_eval_loss-->1.516329,test_acc===0.500000
INFO:root:epoch:106 train_eval_loss-->1.092564,train_acc-->0.811209,test_eval_loss-->1.828205,test_acc===0.382353
INFO:root:epoch:107 train_eval_loss-->0.917150,train_acc-->0.876106,test_eval_loss-->1.585622,test_acc===0.509804
INFO:root:epoch:108 train_eval_loss-->0.898270,train_acc-->0.887906,test_eval_loss-->1.763856,test_acc===0.490196
INFO:root:epoch:109 train_eval_loss-->0.987735,train_acc-->0.834808,test_eval_loss-->1.503157,test_acc===0.588235
INFO:root:epoch:110 train_eval_loss-->0.906275,train_acc-->0.884956,test_eval_loss-->1.771881,test_acc===0.352941
INFO:root:epoch:111 train_eval_loss-->0.925454,train_acc-->0.879056,test_eval_loss-->1.822202,test_acc===0.421569
INFO:root:epoch:112 train_eval_loss-->1.014231,train_acc-->0.840708,test_eval_loss-->1.745717,test_acc===0.401961
INFO:root:epoch:113 train_eval_loss-->0.794079,train_acc-->0.923304,test_eval_loss-->1.750121,test_acc===0.441176
INFO:root:epoch:114 train_eval_loss-->0.941769,train_acc-->0.858407,test_eval_loss-->1.718037,test_acc===0.549020
INFO:root:epoch:115 train_eval_loss-->0.753848,train_acc-->0.967552,test_eval_loss-->1.705988,test_acc===0.470588
INFO:root:epoch:116 train_eval_loss-->0.913297,train_acc-->0.873156,test_eval_loss-->1.679138,test_acc===0.431373
INFO:root:epoch:117 train_eval_loss-->0.746923,train_acc-->0.938053,test_eval_loss-->1.519544,test_acc===0.519608
INFO:root:epoch:118 train_eval_loss-->0.746808,train_acc-->0.943953,test_eval_loss-->1.619119,test_acc===0.637255
INFO:root:epoch:119 train_eval_loss-->0.674516,train_acc-->0.961652,test_eval_loss-->1.632914,test_acc===0.500000
INFO:root:epoch:120 train_eval_loss-->0.810118,train_acc-->0.902655,test_eval_loss-->1.594833,test_acc===0.480392
INFO:root:epoch:121 train_eval_loss-->0.709763,train_acc-->0.938053,test_eval_loss-->1.496260,test_acc===0.568627
INFO:root:epoch:122 train_eval_loss-->0.600603,train_acc-->0.982301,test_eval_loss-->1.544424,test_acc===0.558824
INFO:root:epoch:123 train_eval_loss-->0.566822,train_acc-->0.982301,test_eval_loss-->1.560265,test_acc===0.539216
INFO:root:epoch:124 train_eval_loss-->0.638782,train_acc-->0.979351,test_eval_loss-->1.502776,test_acc===0.500000
INFO:root:epoch:125 train_eval_loss-->0.557576,train_acc-->0.997050,test_eval_loss-->1.675975,test_acc===0.519608
INFO:root:epoch:126 train_eval_loss-->0.521063,train_acc-->0.994100,test_eval_loss-->1.630779,test_acc===0.509804
INFO:root:epoch:127 train_eval_loss-->0.526299,train_acc-->0.994100,test_eval_loss-->1.656327,test_acc===0.490196
INFO:root:epoch:128 train_eval_loss-->0.534233,train_acc-->0.985251,test_eval_loss-->1.589192,test_acc===0.529412
INFO:root:epoch:129 train_eval_loss-->0.512449,train_acc-->0.985251,test_eval_loss-->1.440556,test_acc===0.588235
INFO:root:epoch:130 train_eval_loss-->0.485849,train_acc-->0.997050,test_eval_loss-->1.512568,test_acc===0.549020
INFO:root:epoch:131 train_eval_loss-->0.436756,train_acc-->0.988201,test_eval_loss-->1.667944,test_acc===0.460784
INFO:root:epoch:132 train_eval_loss-->0.388724,train_acc-->0.991150,test_eval_loss-->1.678520,test_acc===0.500000
INFO:root:epoch:133 train_eval_loss-->0.420746,train_acc-->0.997050,test_eval_loss-->1.548325,test_acc===0.529412
INFO:root:epoch:134 train_eval_loss-->0.401192,train_acc-->0.994100,test_eval_loss-->1.547384,test_acc===0.568627
INFO:root:epoch:135 train_eval_loss-->0.340412,train_acc-->0.997050,test_eval_loss-->1.452302,test_acc===0.607843
INFO:root:epoch:136 train_eval_loss-->0.296893,train_acc-->0.997050,test_eval_loss-->1.497378,test_acc===0.509804
INFO:root:epoch:137 train_eval_loss-->0.289853,train_acc-->0.997050,test_eval_loss-->1.455193,test_acc===0.588235
INFO:root:epoch:138 train_eval_loss-->0.256061,train_acc-->0.997050,test_eval_loss-->1.410450,test_acc===0.647059
INFO:root:epoch:139 train_eval_loss-->0.222237,train_acc-->0.997050,test_eval_loss-->1.561823,test_acc===0.460784
INFO:root:epoch:140 train_eval_loss-->0.231416,train_acc-->0.997050,test_eval_loss-->1.598351,test_acc===0.519608
INFO:root:epoch:141 train_eval_loss-->0.204453,train_acc-->0.997050,test_eval_loss-->1.599705,test_acc===0.509804
INFO:root:epoch:142 train_eval_loss-->0.240395,train_acc-->0.997050,test_eval_loss-->1.657698,test_acc===0.558824
INFO:root:epoch:143 train_eval_loss-->0.198847,train_acc-->0.997050,test_eval_loss-->1.533681,test_acc===0.539216
INFO:root:epoch:144 train_eval_loss-->0.197905,train_acc-->0.997050,test_eval_loss-->1.486385,test_acc===0.568627
INFO:root:epoch:145 train_eval_loss-->0.181352,train_acc-->0.997050,test_eval_loss-->1.525588,test_acc===0.568627
INFO:root:epoch:146 train_eval_loss-->0.181004,train_acc-->0.997050,test_eval_loss-->1.688216,test_acc===0.500000
INFO:root:epoch:147 train_eval_loss-->0.180393,train_acc-->0.997050,test_eval_loss-->1.562862,test_acc===0.549020
INFO:root:epoch:148 train_eval_loss-->0.169342,train_acc-->0.997050,test_eval_loss-->1.536914,test_acc===0.558824
INFO:root:epoch:149 train_eval_loss-->0.160590,train_acc-->0.997050,test_eval_loss-->1.558338,test_acc===0.549020
INFO:root:epoch:150 train_eval_loss-->0.164190,train_acc-->0.997050,test_eval_loss-->1.450486,test_acc===0.588235
INFO:root:epoch:151 train_eval_loss-->0.162193,train_acc-->0.997050,test_eval_loss-->1.531650,test_acc===0.568627
INFO:root:epoch:152 train_eval_loss-->0.158179,train_acc-->0.997050,test_eval_loss-->1.561659,test_acc===0.568627
INFO:root:epoch:153 train_eval_loss-->0.151670,train_acc-->0.997050,test_eval_loss-->1.629038,test_acc===0.500000
INFO:root:epoch:154 train_eval_loss-->0.177904,train_acc-->0.997050,test_eval_loss-->1.555274,test_acc===0.568627
INFO:root:epoch:155 train_eval_loss-->0.158282,train_acc-->0.997050,test_eval_loss-->1.549513,test_acc===0.578431
INFO:root:epoch:156 train_eval_loss-->0.180374,train_acc-->0.997050,test_eval_loss-->1.576834,test_acc===0.529412
INFO:root:epoch:157 train_eval_loss-->0.168828,train_acc-->0.997050,test_eval_loss-->1.453561,test_acc===0.588235
INFO:root:epoch:158 train_eval_loss-->0.194744,train_acc-->0.994100,test_eval_loss-->1.609021,test_acc===0.549020
INFO:root:epoch:159 train_eval_loss-->0.210221,train_acc-->0.997050,test_eval_loss-->1.467332,test_acc===0.539216
INFO:root:epoch:160 train_eval_loss-->0.219709,train_acc-->0.997050,test_eval_loss-->1.627979,test_acc===0.539216
INFO:root:epoch:161 train_eval_loss-->0.223036,train_acc-->0.997050,test_eval_loss-->1.615044,test_acc===0.568627
INFO:root:epoch:162 train_eval_loss-->0.258885,train_acc-->0.997050,test_eval_loss-->1.548075,test_acc===0.549020
INFO:root:epoch:163 train_eval_loss-->0.307605,train_acc-->0.997050,test_eval_loss-->1.493453,test_acc===0.607843
INFO:root:epoch:164 train_eval_loss-->0.282817,train_acc-->0.997050,test_eval_loss-->1.570228,test_acc===0.558824
INFO:root:epoch:165 train_eval_loss-->0.306411,train_acc-->0.994100,test_eval_loss-->1.657531,test_acc===0.500000
INFO:root:epoch:166 train_eval_loss-->0.362748,train_acc-->0.994100,test_eval_loss-->1.617633,test_acc===0.490196
INFO:root:epoch:167 train_eval_loss-->0.361996,train_acc-->0.997050,test_eval_loss-->1.646225,test_acc===0.539216
INFO:root:epoch:168 train_eval_loss-->0.369513,train_acc-->0.994100,test_eval_loss-->1.470435,test_acc===0.549020
INFO:root:epoch:169 train_eval_loss-->0.389629,train_acc-->0.997050,test_eval_loss-->1.782822,test_acc===0.441176
INFO:root:epoch:170 train_eval_loss-->0.418084,train_acc-->0.997050,test_eval_loss-->1.631131,test_acc===0.441176
INFO:root:epoch:171 train_eval_loss-->0.440812,train_acc-->0.991150,test_eval_loss-->1.495148,test_acc===0.519608
INFO:root:epoch:172 train_eval_loss-->0.498876,train_acc-->0.988201,test_eval_loss-->1.572286,test_acc===0.441176
INFO:root:epoch:173 train_eval_loss-->0.529231,train_acc-->0.991150,test_eval_loss-->1.759000,test_acc===0.382353
INFO:root:epoch:174 train_eval_loss-->0.581660,train_acc-->0.994100,test_eval_loss-->1.692913,test_acc===0.431373
INFO:root:epoch:175 train_eval_loss-->0.565231,train_acc-->0.988201,test_eval_loss-->1.665897,test_acc===0.490196
INFO:root:epoch:176 train_eval_loss-->0.596225,train_acc-->0.967552,test_eval_loss-->1.577497,test_acc===0.500000
INFO:root:epoch:177 train_eval_loss-->0.537447,train_acc-->0.988201,test_eval_loss-->1.517716,test_acc===0.549020
INFO:root:epoch:178 train_eval_loss-->0.658765,train_acc-->0.970501,test_eval_loss-->1.604868,test_acc===0.460784
INFO:root:epoch:179 train_eval_loss-->0.682547,train_acc-->0.958702,test_eval_loss-->1.833309,test_acc===0.500000
INFO:root:epoch:180 train_eval_loss-->0.646733,train_acc-->0.970501,test_eval_loss-->1.707085,test_acc===0.460784
INFO:root:epoch:181 train_eval_loss-->0.662494,train_acc-->0.976401,test_eval_loss-->1.521840,test_acc===0.519608
INFO:root:epoch:182 train_eval_loss-->0.728418,train_acc-->0.943953,test_eval_loss-->1.508204,test_acc===0.470588
INFO:root:epoch:183 train_eval_loss-->0.687651,train_acc-->0.961652,test_eval_loss-->1.662035,test_acc===0.460784
INFO:root:epoch:184 train_eval_loss-->0.682694,train_acc-->0.958702,test_eval_loss-->1.515436,test_acc===0.519608
INFO:root:epoch:185 train_eval_loss-->0.706533,train_acc-->0.961652,test_eval_loss-->1.705036,test_acc===0.549020
INFO:root:epoch:186 train_eval_loss-->0.885856,train_acc-->0.879056,test_eval_loss-->2.041797,test_acc===0.186275
