2023-12-07 16:17:42 - #----------Config info----------#
2023-12-07 16:17:42 - network: Pointneted_plus,
2023-12-07 16:17:42 - data_path: /media/yxz/新加卷/teeth_ct_points/CT3Dpoints/,
2023-12-07 16:17:42 - label_path: /media/yxz/新加卷/teeth_ct_points/CT3Dpoints/三维坐标表格.xlsx,
2023-12-07 16:17:42 - pretrained_path: ./pre_trained/,
2023-12-07 16:17:42 - cfg: [32, 64, 96, 128, 224, 128, 256, 128, 64, 32, 16],
2023-12-07 16:17:42 - label_num: [0, 1, 10, 11, 14, 19],
2023-12-07 16:17:42 - num_classes: 6,
2023-12-07 16:17:42 - input_size_h: 512,
2023-12-07 16:17:42 - input_size_w: 512,
2023-12-07 16:17:42 - input_channels: 64,
2023-12-07 16:17:42 - distributed: False,
2023-12-07 16:17:42 - local_rank: -1,
2023-12-07 16:17:42 - num_workers: 4,
2023-12-07 16:17:42 - seed: 42,
2023-12-07 16:17:42 - world_size: None,
2023-12-07 16:17:42 - rank: None,
2023-12-07 16:17:42 - amp: False,
2023-12-07 16:17:42 - l2_lambda: 0.0,
2023-12-07 16:17:42 - gpu_id: 0,
2023-12-07 16:17:42 - batch_size: 4,
2023-12-07 16:17:42 - val_bs: 1,
2023-12-07 16:17:42 - epochs: 800,
2023-12-07 16:17:42 - deep_supervision: False,
2023-12-07 16:17:42 - tailadd: True,
2023-12-07 16:17:42 - threshold: 8.660254037844387,
2023-12-07 16:17:42 - rand_data: False,
2023-12-07 16:17:42 - mean_common: False,
2023-12-07 16:17:42 - horizontal_flip: False,
2023-12-07 16:17:42 - train_mean: [38.167084, 36.47113, 35.658463, 34.7275, 34.397972, 34.392757, 33.96709, 34.126865, 34.28234, 33.729267, 32.7962, 32.064926, 31.681631, 31.124203, 30.844501, 31.361849, 32.73974, 34.215652, 36.648277, 38.611458, 40.539837, 42.120747, 43.28669, 44.45494, 45.614132, 46.21989, 47.45023, 48.500004, 49.44821, 50.419426, 52.140045, 53.649082, 54.722622, 55.427254, 55.996006, 56.55678, 57.03274, 56.78339, 56.16994, 56.052105, 56.084873, 55.73664, 55.51461, 54.455627, 53.19349, 51.708523, 50.496777, 48.39798, 46.618237],
2023-12-07 16:17:42 - train_std: [52.12329, 51.107494, 50.941055, 50.223755, 50.00628, 50.154346, 49.390217, 49.584064, 49.46689, 48.635002, 46.955963, 45.86415, 45.254314, 44.008198, 43.081245, 43.15782, 44.181343, 45.16833, 47.433487, 48.60615, 50.44894, 51.635715, 52.542904, 53.638527, 54.554443, 54.860928, 55.634895, 56.127644, 56.314377, 56.52658, 57.31575, 57.992775, 58.40813, 58.65052, 58.6726, 58.786034, 59.043797, 59.15101, 58.878242, 59.1303, 59.565495, 59.95643, 60.605595, 60.74457, 60.784153, 60.811424, 61.18004, 60.75567, 60.8064],
2023-12-07 16:17:42 - val_mean: [39.743374, 38.122738, 37.19561, 35.71686, 35.202812, 34.790627, 34.621647, 34.678947, 34.44854, 33.327152, 32.52173, 31.267305, 30.603254, 30.013475, 29.536041, 30.480452, 31.952286, 33.71057, 36.010574, 38.201912, 39.313183, 42.94376, 44.53766, 45.518337, 46.94797, 46.58542, 47.49811, 48.238167, 51.026104, 52.292915, 52.69654, 53.169758, 53.87486, 55.697067, 57.654236, 57.586315, 57.758514, 57.174618, 57.736595, 57.24419, 57.544117, 57.37176, 56.43062, 55.96641, 55.325653, 53.10815, 52.179287, 50.27785, 47.04305],
2023-12-07 16:17:42 - val_std: [53.15056, 52.15993, 51.616505, 50.33102, 50.21509, 50.081203, 50.03935, 49.86299, 49.531567, 48.28274, 46.95426, 45.172287, 43.96861, 42.88531, 41.24616, 42.37183, 43.43441, 44.75589, 46.571957, 48.567627, 49.173023, 51.97025, 53.31617, 54.147503, 55.217754, 54.256313, 54.82137, 55.228252, 57.024765, 57.493202, 57.21687, 57.12449, 57.009945, 58.07164, 58.968643, 58.816093, 58.97068, 58.471672, 58.976105, 58.958794, 59.510704, 60.026344, 60.16703, 60.841858, 61.621956, 61.22611, 61.83866, 62.08808, 61.1031],
2023-12-07 16:17:42 - work_dir: results/Pointneted_plus_Thursday_07_December_2023_16h_17m_42s/,
2023-12-07 16:17:42 - tensor_size: 0,
2023-12-07 16:17:42 - train_transformer: Compose(
    <utils.myToTensor object at 0x7fceaab52040>
    <utils.myResize object at 0x7fceaab52070>
),
2023-12-07 16:17:42 - test_transformer: Compose(
    <utils.myToTensor object at 0x7fceaab52130>
    <utils.myResize object at 0x7fceaab52160>
),
2023-12-07 16:17:42 - opt: AdamW,
2023-12-07 16:17:42 - lr: 0.001,
2023-12-07 16:17:42 - betas: (0.9, 0.999),
2023-12-07 16:17:42 - eps: 1e-08,
2023-12-07 16:17:42 - weight_decay: 0.01,
2023-12-07 16:17:42 - amsgrad: False,
2023-12-07 16:17:42 - sch: CosineAnnealingLR,
2023-12-07 16:17:42 - T_max: 50,
2023-12-07 16:17:42 - eta_min: 1e-05,
2023-12-07 16:17:42 - last_epoch: -1,
INFO:root:train--mean-->[38.167084 36.47113  35.658463 34.7275   34.397972 34.392757 33.96709
 34.126865 34.28234  33.729267 32.7962   32.064926 31.681631 31.124203
 30.844501 31.361849 32.73974  34.215652 36.648277 38.611458 40.539837
 42.120747 43.28669  44.45494  45.614132 46.21989  47.45023  48.500004
 49.44821  50.419426 52.140045 53.649082 54.722622 55.427254 55.996006
 56.55678  57.03274  56.78339  56.16994  56.052105 56.084873 55.73664
 55.51461  54.455627 53.19349  51.708523 50.496777 48.39798  46.618237]
INFO:root:train--std-->[52.12329  51.107494 50.941055 50.223755 50.00628  50.154346 49.390217
 49.584064 49.46689  48.635002 46.955963 45.86415  45.254314 44.008198
 43.081245 43.15782  44.181343 45.16833  47.433487 48.60615  50.44894
 51.635715 52.542904 53.638527 54.554443 54.860928 55.634895 56.127644
 56.314377 56.52658  57.31575  57.992775 58.40813  58.65052  58.6726
 58.786034 59.043797 59.15101  58.878242 59.1303   59.565495 59.95643
 60.605595 60.74457  60.784153 60.811424 61.18004  60.75567  60.8064  ]
INFO:root:val--mean-->[39.743374 38.122738 37.19561  35.71686  35.202812 34.790627 34.621647
 34.678947 34.44854  33.327152 32.52173  31.267305 30.603254 30.013475
 29.536041 30.480452 31.952286 33.71057  36.010574 38.201912 39.313183
 42.94376  44.53766  45.518337 46.94797  46.58542  47.49811  48.238167
 51.026104 52.292915 52.69654  53.169758 53.87486  55.697067 57.654236
 57.586315 57.758514 57.174618 57.736595 57.24419  57.544117 57.37176
 56.43062  55.96641  55.325653 53.10815  52.179287 50.27785  47.04305 ]
INFO:root:val--std-->[53.15056  52.15993  51.616505 50.33102  50.21509  50.081203 50.03935
 49.86299  49.531567 48.28274  46.95426  45.172287 43.96861  42.88531
 41.24616  42.37183  43.43441  44.75589  46.571957 48.567627 49.173023
 51.97025  53.31617  54.147503 55.217754 54.256313 54.82137  55.228252
 57.024765 57.493202 57.21687  57.12449  57.009945 58.07164  58.968643
 58.816093 58.97068  58.471672 58.976105 58.958794 59.510704 60.026344
 60.16703  60.841858 61.621956 61.22611  61.83866  62.08808  61.1031  ]
INFO:root:real_input_channels-->49
INFO:root:epoch:0 train_eval_loss-->1.760818,train_acc-->0.029499,test_eval_loss-->3.151965,test_acc===0.161765
INFO:root:epoch:1 train_eval_loss-->0.879799,train_acc-->0.101770,test_eval_loss-->3.429576,test_acc===0.083333
INFO:root:epoch:2 train_eval_loss-->0.901992,train_acc-->0.091445,test_eval_loss-->3.784071,test_acc===0.073529
INFO:root:epoch:3 train_eval_loss-->0.883333,train_acc-->0.094395,test_eval_loss-->3.131495,test_acc===0.137255
INFO:root:epoch:4 train_eval_loss-->0.776675,train_acc-->0.137168,test_eval_loss-->2.920566,test_acc===0.176471
INFO:root:epoch:5 train_eval_loss-->0.779622,train_acc-->0.146018,test_eval_loss-->2.312828,test_acc===0.308824
INFO:root:epoch:6 train_eval_loss-->0.695511,train_acc-->0.216814,test_eval_loss-->2.840204,test_acc===0.215686
INFO:root:epoch:7 train_eval_loss-->0.753300,train_acc-->0.169617,test_eval_loss-->2.273641,test_acc===0.323529
INFO:root:epoch:8 train_eval_loss-->0.770427,train_acc-->0.168142,test_eval_loss-->2.826782,test_acc===0.181373
INFO:root:epoch:9 train_eval_loss-->0.756057,train_acc-->0.144543,test_eval_loss-->2.679970,test_acc===0.200980
INFO:root:epoch:10 train_eval_loss-->0.646164,train_acc-->0.216814,test_eval_loss-->2.124781,test_acc===0.264706
INFO:root:epoch:11 train_eval_loss-->0.615890,train_acc-->0.247788,test_eval_loss-->1.992549,test_acc===0.382353
INFO:root:epoch:12 train_eval_loss-->0.619401,train_acc-->0.256637,test_eval_loss-->2.325099,test_acc===0.191176
INFO:root:epoch:13 train_eval_loss-->0.616448,train_acc-->0.238938,test_eval_loss-->1.978278,test_acc===0.338235
INFO:root:epoch:14 train_eval_loss-->0.572668,train_acc-->0.277286,test_eval_loss-->2.618599,test_acc===0.098039
INFO:root:epoch:15 train_eval_loss-->0.579387,train_acc-->0.258112,test_eval_loss-->1.979285,test_acc===0.372549
INFO:root:epoch:16 train_eval_loss-->0.494892,train_acc-->0.368732,test_eval_loss-->1.902255,test_acc===0.392157
INFO:root:epoch:17 train_eval_loss-->0.511025,train_acc-->0.353982,test_eval_loss-->2.251769,test_acc===0.245098
INFO:root:epoch:18 train_eval_loss-->0.499947,train_acc-->0.368732,test_eval_loss-->1.986541,test_acc===0.279412
INFO:root:epoch:19 train_eval_loss-->0.446611,train_acc-->0.466077,test_eval_loss-->2.089038,test_acc===0.299020
INFO:root:epoch:20 train_eval_loss-->0.459135,train_acc-->0.424779,test_eval_loss-->1.879498,test_acc===0.377451
INFO:root:epoch:21 train_eval_loss-->0.513340,train_acc-->0.368732,test_eval_loss-->1.673682,test_acc===0.490196
INFO:root:epoch:22 train_eval_loss-->0.446692,train_acc-->0.455752,test_eval_loss-->2.218454,test_acc===0.225490
INFO:root:epoch:23 train_eval_loss-->0.431438,train_acc-->0.474926,test_eval_loss-->1.759377,test_acc===0.470588
INFO:root:epoch:24 train_eval_loss-->0.436668,train_acc-->0.435103,test_eval_loss-->1.985487,test_acc===0.303922
INFO:root:epoch:25 train_eval_loss-->0.388940,train_acc-->0.525074,test_eval_loss-->1.727480,test_acc===0.431373
INFO:root:epoch:26 train_eval_loss-->0.356846,train_acc-->0.617994,test_eval_loss-->1.714402,test_acc===0.431373
INFO:root:epoch:27 train_eval_loss-->0.388399,train_acc-->0.539823,test_eval_loss-->1.736799,test_acc===0.455882
INFO:root:epoch:28 train_eval_loss-->0.344614,train_acc-->0.635693,test_eval_loss-->1.582860,test_acc===0.509804
INFO:root:epoch:29 train_eval_loss-->0.308317,train_acc-->0.713864,test_eval_loss-->1.662142,test_acc===0.480392
INFO:root:epoch:30 train_eval_loss-->0.295864,train_acc-->0.752212,test_eval_loss-->1.632392,test_acc===0.465686
INFO:root:epoch:31 train_eval_loss-->0.284203,train_acc-->0.772861,test_eval_loss-->1.620850,test_acc===0.495098
INFO:root:epoch:32 train_eval_loss-->0.270843,train_acc-->0.783186,test_eval_loss-->1.517071,test_acc===0.568627
INFO:root:epoch:33 train_eval_loss-->0.251097,train_acc-->0.825959,test_eval_loss-->1.582994,test_acc===0.490196
INFO:root:epoch:34 train_eval_loss-->0.250476,train_acc-->0.839233,test_eval_loss-->1.568859,test_acc===0.519608
INFO:root:epoch:35 train_eval_loss-->0.228816,train_acc-->0.884956,test_eval_loss-->1.567142,test_acc===0.490196
INFO:root:epoch:36 train_eval_loss-->0.223097,train_acc-->0.876106,test_eval_loss-->1.510788,test_acc===0.539216
INFO:root:epoch:37 train_eval_loss-->0.215771,train_acc-->0.898230,test_eval_loss-->1.517971,test_acc===0.558824
INFO:root:epoch:38 train_eval_loss-->0.209874,train_acc-->0.911504,test_eval_loss-->1.518176,test_acc===0.539216
INFO:root:epoch:39 train_eval_loss-->0.200681,train_acc-->0.917404,test_eval_loss-->1.506574,test_acc===0.524510
INFO:root:epoch:40 train_eval_loss-->0.188808,train_acc-->0.932153,test_eval_loss-->1.519179,test_acc===0.553922
INFO:root:epoch:41 train_eval_loss-->0.180733,train_acc-->0.936578,test_eval_loss-->1.516719,test_acc===0.534314
INFO:root:epoch:42 train_eval_loss-->0.174971,train_acc-->0.930678,test_eval_loss-->1.515826,test_acc===0.534314
INFO:root:epoch:43 train_eval_loss-->0.168344,train_acc-->0.938053,test_eval_loss-->1.526920,test_acc===0.534314
INFO:root:epoch:44 train_eval_loss-->0.163051,train_acc-->0.939528,test_eval_loss-->1.517026,test_acc===0.534314
INFO:root:epoch:45 train_eval_loss-->0.159302,train_acc-->0.939528,test_eval_loss-->1.526585,test_acc===0.534314
INFO:root:epoch:46 train_eval_loss-->0.157633,train_acc-->0.943953,test_eval_loss-->1.517333,test_acc===0.524510
INFO:root:epoch:47 train_eval_loss-->0.156784,train_acc-->0.942478,test_eval_loss-->1.517575,test_acc===0.529412
INFO:root:epoch:48 train_eval_loss-->0.151878,train_acc-->0.946903,test_eval_loss-->1.510975,test_acc===0.539216
INFO:root:epoch:49 train_eval_loss-->0.152883,train_acc-->0.942478,test_eval_loss-->1.517766,test_acc===0.544118
INFO:root:epoch:50 train_eval_loss-->0.152924,train_acc-->0.946903,test_eval_loss-->1.520135,test_acc===0.549020
INFO:root:epoch:51 train_eval_loss-->0.149131,train_acc-->0.945428,test_eval_loss-->1.518362,test_acc===0.529412
INFO:root:epoch:52 train_eval_loss-->0.155197,train_acc-->0.945428,test_eval_loss-->1.517561,test_acc===0.544118
INFO:root:epoch:53 train_eval_loss-->0.151829,train_acc-->0.946903,test_eval_loss-->1.519073,test_acc===0.534314
INFO:root:epoch:54 train_eval_loss-->0.149724,train_acc-->0.946903,test_eval_loss-->1.525110,test_acc===0.529412
INFO:root:epoch:55 train_eval_loss-->0.164869,train_acc-->0.945428,test_eval_loss-->1.527666,test_acc===0.553922
INFO:root:epoch:56 train_eval_loss-->0.152825,train_acc-->0.949853,test_eval_loss-->1.528391,test_acc===0.529412
INFO:root:epoch:57 train_eval_loss-->0.153298,train_acc-->0.946903,test_eval_loss-->1.533721,test_acc===0.549020
INFO:root:epoch:58 train_eval_loss-->0.151637,train_acc-->0.949853,test_eval_loss-->1.517924,test_acc===0.539216
INFO:root:epoch:59 train_eval_loss-->0.156122,train_acc-->0.951327,test_eval_loss-->1.600699,test_acc===0.490196
INFO:root:epoch:60 train_eval_loss-->0.162403,train_acc-->0.948378,test_eval_loss-->1.518957,test_acc===0.553922
INFO:root:epoch:61 train_eval_loss-->0.164248,train_acc-->0.945428,test_eval_loss-->1.601528,test_acc===0.514706
INFO:root:epoch:62 train_eval_loss-->0.176690,train_acc-->0.932153,test_eval_loss-->1.481877,test_acc===0.544118
INFO:root:epoch:63 train_eval_loss-->0.191737,train_acc-->0.933628,test_eval_loss-->1.641607,test_acc===0.460784
INFO:root:epoch:64 train_eval_loss-->0.184467,train_acc-->0.942478,test_eval_loss-->1.581467,test_acc===0.509804
INFO:root:epoch:65 train_eval_loss-->0.199175,train_acc-->0.926254,test_eval_loss-->1.566671,test_acc===0.519608
INFO:root:epoch:66 train_eval_loss-->0.207545,train_acc-->0.904130,test_eval_loss-->1.633685,test_acc===0.509804
INFO:root:epoch:67 train_eval_loss-->0.235997,train_acc-->0.873156,test_eval_loss-->1.652128,test_acc===0.485294
INFO:root:epoch:68 train_eval_loss-->0.236973,train_acc-->0.889381,test_eval_loss-->1.629369,test_acc===0.509804
INFO:root:epoch:69 train_eval_loss-->0.235870,train_acc-->0.887906,test_eval_loss-->1.592571,test_acc===0.495098
INFO:root:epoch:70 train_eval_loss-->0.228500,train_acc-->0.886431,test_eval_loss-->1.729548,test_acc===0.455882
INFO:root:epoch:71 train_eval_loss-->0.265706,train_acc-->0.811209,test_eval_loss-->1.950540,test_acc===0.333333
INFO:root:epoch:72 train_eval_loss-->0.295605,train_acc-->0.741888,test_eval_loss-->1.903649,test_acc===0.362745
INFO:root:epoch:73 train_eval_loss-->0.309529,train_acc-->0.733038,test_eval_loss-->1.688846,test_acc===0.500000
INFO:root:epoch:74 train_eval_loss-->0.253427,train_acc-->0.853982,test_eval_loss-->1.836914,test_acc===0.352941
INFO:root:epoch:75 train_eval_loss-->0.274069,train_acc-->0.777286,test_eval_loss-->1.615432,test_acc===0.524510
INFO:root:epoch:76 train_eval_loss-->0.282198,train_acc-->0.772861,test_eval_loss-->1.762992,test_acc===0.401961
INFO:root:epoch:77 train_eval_loss-->0.282665,train_acc-->0.778761,test_eval_loss-->1.814927,test_acc===0.392157
INFO:root:epoch:78 train_eval_loss-->0.267270,train_acc-->0.799410,test_eval_loss-->1.814849,test_acc===0.387255
INFO:root:epoch:79 train_eval_loss-->0.268376,train_acc-->0.818584,test_eval_loss-->1.704982,test_acc===0.436275
INFO:root:epoch:80 train_eval_loss-->0.321055,train_acc-->0.699115,test_eval_loss-->1.619053,test_acc===0.519608
INFO:root:epoch:81 train_eval_loss-->0.320542,train_acc-->0.685841,test_eval_loss-->1.666791,test_acc===0.441176
INFO:root:epoch:82 train_eval_loss-->0.348211,train_acc-->0.604720,test_eval_loss-->1.971604,test_acc===0.348039
INFO:root:epoch:83 train_eval_loss-->0.347726,train_acc-->0.620944,test_eval_loss-->1.892790,test_acc===0.352941
INFO:root:epoch:84 train_eval_loss-->0.368018,train_acc-->0.644543,test_eval_loss-->1.823825,test_acc===0.406863
INFO:root:epoch:85 train_eval_loss-->0.323488,train_acc-->0.690265,test_eval_loss-->1.883820,test_acc===0.387255
INFO:root:epoch:86 train_eval_loss-->0.353742,train_acc-->0.604720,test_eval_loss-->1.915885,test_acc===0.352941
INFO:root:epoch:87 train_eval_loss-->0.324531,train_acc-->0.648968,test_eval_loss-->1.867336,test_acc===0.372549
INFO:root:epoch:88 train_eval_loss-->0.319366,train_acc-->0.659292,test_eval_loss-->1.921589,test_acc===0.352941
INFO:root:epoch:89 train_eval_loss-->0.334505,train_acc-->0.637168,test_eval_loss-->1.749341,test_acc===0.450980
INFO:root:epoch:90 train_eval_loss-->0.278844,train_acc-->0.784661,test_eval_loss-->1.685819,test_acc===0.519608
INFO:root:epoch:91 train_eval_loss-->0.333534,train_acc-->0.650442,test_eval_loss-->1.645595,test_acc===0.490196
INFO:root:epoch:92 train_eval_loss-->0.301096,train_acc-->0.725664,test_eval_loss-->1.701863,test_acc===0.436275
INFO:root:epoch:93 train_eval_loss-->0.307820,train_acc-->0.682891,test_eval_loss-->1.561664,test_acc===0.534314
INFO:root:epoch:94 train_eval_loss-->0.272958,train_acc-->0.831858,test_eval_loss-->2.070022,test_acc===0.284314
INFO:root:epoch:95 train_eval_loss-->0.270889,train_acc-->0.772861,test_eval_loss-->1.755289,test_acc===0.441176
INFO:root:epoch:96 train_eval_loss-->0.258750,train_acc-->0.825959,test_eval_loss-->1.669835,test_acc===0.475490
INFO:root:epoch:97 train_eval_loss-->0.297367,train_acc-->0.722714,test_eval_loss-->1.767739,test_acc===0.450980
INFO:root:epoch:98 train_eval_loss-->0.332865,train_acc-->0.640118,test_eval_loss-->1.720386,test_acc===0.446078
INFO:root:epoch:99 train_eval_loss-->0.303666,train_acc-->0.728614,test_eval_loss-->1.964332,test_acc===0.338235
INFO:root:epoch:100 train_eval_loss-->0.292117,train_acc-->0.734513,test_eval_loss-->1.810734,test_acc===0.377451
INFO:root:epoch:101 train_eval_loss-->0.304588,train_acc-->0.731563,test_eval_loss-->1.611956,test_acc===0.563725
INFO:root:epoch:102 train_eval_loss-->0.304639,train_acc-->0.743363,test_eval_loss-->1.575570,test_acc===0.529412
INFO:root:epoch:103 train_eval_loss-->0.249064,train_acc-->0.858407,test_eval_loss-->1.702487,test_acc===0.455882
INFO:root:epoch:104 train_eval_loss-->0.251270,train_acc-->0.858407,test_eval_loss-->1.861444,test_acc===0.416667
INFO:root:epoch:105 train_eval_loss-->0.263695,train_acc-->0.820059,test_eval_loss-->1.674137,test_acc===0.426471
INFO:root:epoch:106 train_eval_loss-->0.260087,train_acc-->0.824484,test_eval_loss-->1.822883,test_acc===0.367647
INFO:root:epoch:107 train_eval_loss-->0.273479,train_acc-->0.792035,test_eval_loss-->1.736418,test_acc===0.421569
INFO:root:epoch:108 train_eval_loss-->0.241777,train_acc-->0.865782,test_eval_loss-->1.666636,test_acc===0.495098
INFO:root:epoch:109 train_eval_loss-->0.210523,train_acc-->0.930678,test_eval_loss-->1.688141,test_acc===0.465686
INFO:root:epoch:110 train_eval_loss-->0.196800,train_acc-->0.943953,test_eval_loss-->1.616528,test_acc===0.534314
INFO:root:epoch:111 train_eval_loss-->0.237254,train_acc-->0.862832,test_eval_loss-->1.921516,test_acc===0.367647
INFO:root:epoch:112 train_eval_loss-->0.222661,train_acc-->0.896755,test_eval_loss-->1.631344,test_acc===0.495098
INFO:root:epoch:113 train_eval_loss-->0.194845,train_acc-->0.946903,test_eval_loss-->1.653521,test_acc===0.539216
INFO:root:epoch:114 train_eval_loss-->0.226543,train_acc-->0.895280,test_eval_loss-->1.725808,test_acc===0.495098
INFO:root:epoch:115 train_eval_loss-->0.211502,train_acc-->0.917404,test_eval_loss-->1.731961,test_acc===0.485294
INFO:root:epoch:116 train_eval_loss-->0.221990,train_acc-->0.911504,test_eval_loss-->1.648842,test_acc===0.519608
INFO:root:epoch:117 train_eval_loss-->0.211252,train_acc-->0.920354,test_eval_loss-->1.661111,test_acc===0.514706
INFO:root:epoch:118 train_eval_loss-->0.201980,train_acc-->0.938053,test_eval_loss-->1.656773,test_acc===0.519608
INFO:root:epoch:119 train_eval_loss-->0.170501,train_acc-->0.973451,test_eval_loss-->1.589127,test_acc===0.534314
INFO:root:epoch:120 train_eval_loss-->0.169612,train_acc-->0.963127,test_eval_loss-->1.605740,test_acc===0.534314
INFO:root:epoch:121 train_eval_loss-->0.155125,train_acc-->0.983776,test_eval_loss-->1.510305,test_acc===0.573529
INFO:root:epoch:122 train_eval_loss-->0.133760,train_acc-->0.986726,test_eval_loss-->1.591098,test_acc===0.514706
INFO:root:epoch:123 train_eval_loss-->0.136955,train_acc-->1.000000,test_eval_loss-->1.560178,test_acc===0.553922
INFO:root:epoch:124 train_eval_loss-->0.135328,train_acc-->0.994100,test_eval_loss-->1.594788,test_acc===0.490196
INFO:root:epoch:125 train_eval_loss-->0.131217,train_acc-->0.998525,test_eval_loss-->1.520849,test_acc===0.578431
INFO:root:epoch:126 train_eval_loss-->0.113178,train_acc-->0.994100,test_eval_loss-->1.541352,test_acc===0.553922
INFO:root:epoch:127 train_eval_loss-->0.116975,train_acc-->0.997050,test_eval_loss-->1.521916,test_acc===0.568627
INFO:root:epoch:128 train_eval_loss-->0.110023,train_acc-->1.000000,test_eval_loss-->1.593913,test_acc===0.534314
INFO:root:epoch:129 train_eval_loss-->0.106842,train_acc-->0.997050,test_eval_loss-->1.571546,test_acc===0.524510
INFO:root:epoch:130 train_eval_loss-->0.109597,train_acc-->0.998525,test_eval_loss-->1.546028,test_acc===0.563725
INFO:root:epoch:131 train_eval_loss-->0.103322,train_acc-->1.000000,test_eval_loss-->1.523243,test_acc===0.558824
INFO:root:epoch:132 train_eval_loss-->0.095953,train_acc-->1.000000,test_eval_loss-->1.559530,test_acc===0.534314
INFO:root:epoch:133 train_eval_loss-->0.090606,train_acc-->1.000000,test_eval_loss-->1.512061,test_acc===0.563725
INFO:root:epoch:134 train_eval_loss-->0.081507,train_acc-->1.000000,test_eval_loss-->1.510806,test_acc===0.588235
INFO:root:epoch:135 train_eval_loss-->0.075488,train_acc-->1.000000,test_eval_loss-->1.499271,test_acc===0.553922
INFO:root:epoch:136 train_eval_loss-->0.063430,train_acc-->1.000000,test_eval_loss-->1.505006,test_acc===0.563725
INFO:root:epoch:137 train_eval_loss-->0.057377,train_acc-->1.000000,test_eval_loss-->1.501166,test_acc===0.568627
INFO:root:epoch:138 train_eval_loss-->0.052507,train_acc-->1.000000,test_eval_loss-->1.502422,test_acc===0.558824
INFO:root:epoch:139 train_eval_loss-->0.046485,train_acc-->1.000000,test_eval_loss-->1.496997,test_acc===0.573529
INFO:root:epoch:140 train_eval_loss-->0.045160,train_acc-->1.000000,test_eval_loss-->1.497198,test_acc===0.558824
INFO:root:epoch:141 train_eval_loss-->0.042144,train_acc-->1.000000,test_eval_loss-->1.511923,test_acc===0.549020
INFO:root:epoch:142 train_eval_loss-->0.040890,train_acc-->1.000000,test_eval_loss-->1.501624,test_acc===0.563725
INFO:root:epoch:143 train_eval_loss-->0.036099,train_acc-->1.000000,test_eval_loss-->1.503253,test_acc===0.568627
INFO:root:epoch:144 train_eval_loss-->0.035015,train_acc-->1.000000,test_eval_loss-->1.499784,test_acc===0.553922
INFO:root:epoch:145 train_eval_loss-->0.033290,train_acc-->1.000000,test_eval_loss-->1.501434,test_acc===0.568627
INFO:root:epoch:146 train_eval_loss-->0.031267,train_acc-->1.000000,test_eval_loss-->1.501451,test_acc===0.558824
INFO:root:epoch:147 train_eval_loss-->0.029962,train_acc-->1.000000,test_eval_loss-->1.500751,test_acc===0.563725
INFO:root:epoch:148 train_eval_loss-->0.028859,train_acc-->1.000000,test_eval_loss-->1.500939,test_acc===0.558824
INFO:root:epoch:149 train_eval_loss-->0.028674,train_acc-->1.000000,test_eval_loss-->1.500856,test_acc===0.563725
INFO:root:epoch:150 train_eval_loss-->0.028418,train_acc-->1.000000,test_eval_loss-->1.501925,test_acc===0.568627
INFO:root:epoch:151 train_eval_loss-->0.027427,train_acc-->1.000000,test_eval_loss-->1.502177,test_acc===0.563725
INFO:root:epoch:152 train_eval_loss-->0.027701,train_acc-->1.000000,test_eval_loss-->1.502907,test_acc===0.558824
INFO:root:epoch:153 train_eval_loss-->0.027770,train_acc-->1.000000,test_eval_loss-->1.501840,test_acc===0.568627
INFO:root:epoch:154 train_eval_loss-->0.028091,train_acc-->1.000000,test_eval_loss-->1.501354,test_acc===0.553922
INFO:root:epoch:155 train_eval_loss-->0.028901,train_acc-->1.000000,test_eval_loss-->1.502067,test_acc===0.558824
INFO:root:epoch:156 train_eval_loss-->0.030174,train_acc-->1.000000,test_eval_loss-->1.501118,test_acc===0.558824
INFO:root:epoch:157 train_eval_loss-->0.030688,train_acc-->1.000000,test_eval_loss-->1.495149,test_acc===0.563725
INFO:root:epoch:158 train_eval_loss-->0.033195,train_acc-->1.000000,test_eval_loss-->1.509623,test_acc===0.568627
INFO:root:epoch:159 train_eval_loss-->0.036280,train_acc-->1.000000,test_eval_loss-->1.501069,test_acc===0.563725
INFO:root:epoch:160 train_eval_loss-->0.037879,train_acc-->1.000000,test_eval_loss-->1.511469,test_acc===0.568627
INFO:root:epoch:161 train_eval_loss-->0.044161,train_acc-->1.000000,test_eval_loss-->1.507308,test_acc===0.568627
INFO:root:epoch:162 train_eval_loss-->0.050035,train_acc-->1.000000,test_eval_loss-->1.512396,test_acc===0.558824
INFO:root:epoch:163 train_eval_loss-->0.051766,train_acc-->1.000000,test_eval_loss-->1.523304,test_acc===0.563725
INFO:root:epoch:164 train_eval_loss-->0.055407,train_acc-->1.000000,test_eval_loss-->1.497516,test_acc===0.573529
INFO:root:epoch:165 train_eval_loss-->0.069222,train_acc-->1.000000,test_eval_loss-->1.512834,test_acc===0.553922
INFO:root:epoch:166 train_eval_loss-->0.081306,train_acc-->1.000000,test_eval_loss-->1.518752,test_acc===0.578431
INFO:root:epoch:167 train_eval_loss-->0.081697,train_acc-->1.000000,test_eval_loss-->1.548029,test_acc===0.549020
INFO:root:epoch:168 train_eval_loss-->0.095393,train_acc-->1.000000,test_eval_loss-->1.536194,test_acc===0.558824
INFO:root:epoch:169 train_eval_loss-->0.098197,train_acc-->1.000000,test_eval_loss-->1.547636,test_acc===0.544118
INFO:root:epoch:170 train_eval_loss-->0.090905,train_acc-->0.995575,test_eval_loss-->1.511059,test_acc===0.553922
INFO:root:epoch:171 train_eval_loss-->0.101071,train_acc-->0.997050,test_eval_loss-->1.545894,test_acc===0.563725
INFO:root:epoch:172 train_eval_loss-->0.117323,train_acc-->1.000000,test_eval_loss-->1.581994,test_acc===0.558824
INFO:root:epoch:173 train_eval_loss-->0.119627,train_acc-->1.000000,test_eval_loss-->1.509944,test_acc===0.573529
INFO:root:epoch:174 train_eval_loss-->0.135704,train_acc-->0.992625,test_eval_loss-->1.679320,test_acc===0.485294
INFO:root:epoch:175 train_eval_loss-->0.144374,train_acc-->0.991150,test_eval_loss-->1.659750,test_acc===0.539216
INFO:root:epoch:176 train_eval_loss-->0.181494,train_acc-->0.970501,test_eval_loss-->1.622361,test_acc===0.524510
INFO:root:epoch:177 train_eval_loss-->0.178134,train_acc-->0.973451,test_eval_loss-->1.692054,test_acc===0.519608
INFO:root:epoch:178 train_eval_loss-->0.191144,train_acc-->0.957227,test_eval_loss-->1.685556,test_acc===0.519608
INFO:root:epoch:179 train_eval_loss-->0.179285,train_acc-->0.961652,test_eval_loss-->1.632190,test_acc===0.544118
INFO:root:epoch:180 train_eval_loss-->0.179057,train_acc-->0.974926,test_eval_loss-->1.665485,test_acc===0.470588
INFO:root:epoch:181 train_eval_loss-->0.166717,train_acc-->0.982301,test_eval_loss-->1.707780,test_acc===0.490196
INFO:root:epoch:182 train_eval_loss-->0.218045,train_acc-->0.929204,test_eval_loss-->1.551629,test_acc===0.558824
INFO:root:epoch:183 train_eval_loss-->0.182619,train_acc-->0.966077,test_eval_loss-->1.592231,test_acc===0.563725
INFO:root:epoch:184 train_eval_loss-->0.195487,train_acc-->0.960177,test_eval_loss-->1.597043,test_acc===0.544118
INFO:root:epoch:185 train_eval_loss-->0.214780,train_acc-->0.932153,test_eval_loss-->1.866669,test_acc===0.436275
INFO:root:epoch:186 train_eval_loss-->0.208224,train_acc-->0.935103,test_eval_loss-->1.628834,test_acc===0.524510
INFO:root:epoch:187 train_eval_loss-->0.220788,train_acc-->0.917404,test_eval_loss-->1.611645,test_acc===0.534314
INFO:root:epoch:188 train_eval_loss-->0.192821,train_acc-->0.948378,test_eval_loss-->1.702232,test_acc===0.500000
INFO:root:epoch:189 train_eval_loss-->0.195402,train_acc-->0.945428,test_eval_loss-->1.718668,test_acc===0.524510
INFO:root:epoch:190 train_eval_loss-->0.197095,train_acc-->0.954277,test_eval_loss-->1.593817,test_acc===0.549020
INFO:root:epoch:191 train_eval_loss-->0.189984,train_acc-->0.948378,test_eval_loss-->1.675124,test_acc===0.509804
INFO:root:epoch:192 train_eval_loss-->0.215650,train_acc-->0.920354,test_eval_loss-->1.816847,test_acc===0.441176
INFO:root:epoch:193 train_eval_loss-->0.229151,train_acc-->0.889381,test_eval_loss-->1.737184,test_acc===0.426471
INFO:root:epoch:194 train_eval_loss-->0.266008,train_acc-->0.802360,test_eval_loss-->1.896753,test_acc===0.333333
INFO:root:epoch:195 train_eval_loss-->0.217174,train_acc-->0.915929,test_eval_loss-->1.512718,test_acc===0.563725
INFO:root:epoch:196 train_eval_loss-->0.194168,train_acc-->0.951327,test_eval_loss-->1.746180,test_acc===0.475490
INFO:root:epoch:197 train_eval_loss-->0.200540,train_acc-->0.941003,test_eval_loss-->1.779172,test_acc===0.465686
INFO:root:epoch:198 train_eval_loss-->0.213539,train_acc-->0.926254,test_eval_loss-->1.595555,test_acc===0.549020
INFO:root:epoch:199 train_eval_loss-->0.237882,train_acc-->0.896755,test_eval_loss-->1.715197,test_acc===0.480392
INFO:root:epoch:200 train_eval_loss-->0.221225,train_acc-->0.895280,test_eval_loss-->1.816181,test_acc===0.441176
INFO:root:epoch:201 train_eval_loss-->0.211471,train_acc-->0.918879,test_eval_loss-->1.592052,test_acc===0.534314
INFO:root:epoch:202 train_eval_loss-->0.211039,train_acc-->0.921829,test_eval_loss-->1.625429,test_acc===0.500000
INFO:root:epoch:203 train_eval_loss-->0.179997,train_acc-->0.970501,test_eval_loss-->1.588846,test_acc===0.534314
INFO:root:epoch:204 train_eval_loss-->0.192767,train_acc-->0.949853,test_eval_loss-->1.627134,test_acc===0.519608
INFO:root:epoch:205 train_eval_loss-->0.194416,train_acc-->0.941003,test_eval_loss-->1.572006,test_acc===0.553922
INFO:root:epoch:206 train_eval_loss-->0.167135,train_acc-->0.977876,test_eval_loss-->1.676043,test_acc===0.490196
INFO:root:epoch:207 train_eval_loss-->0.165502,train_acc-->0.976401,test_eval_loss-->1.786910,test_acc===0.475490
INFO:root:epoch:208 train_eval_loss-->0.181152,train_acc-->0.963127,test_eval_loss-->1.623523,test_acc===0.524510
INFO:root:epoch:209 train_eval_loss-->0.161336,train_acc-->0.977876,test_eval_loss-->1.638858,test_acc===0.514706
INFO:root:epoch:210 train_eval_loss-->0.144152,train_acc-->0.997050,test_eval_loss-->1.606336,test_acc===0.509804
INFO:root:epoch:211 train_eval_loss-->0.153211,train_acc-->0.988201,test_eval_loss-->1.644383,test_acc===0.534314
INFO:root:epoch:212 train_eval_loss-->0.165948,train_acc-->0.982301,test_eval_loss-->1.767587,test_acc===0.470588
INFO:root:epoch:213 train_eval_loss-->0.162095,train_acc-->0.976401,test_eval_loss-->1.603302,test_acc===0.529412
INFO:root:epoch:214 train_eval_loss-->0.148076,train_acc-->0.979351,test_eval_loss-->1.697509,test_acc===0.475490
INFO:root:epoch:215 train_eval_loss-->0.163645,train_acc-->0.969027,test_eval_loss-->1.624381,test_acc===0.524510
INFO:root:epoch:216 train_eval_loss-->0.142683,train_acc-->0.983776,test_eval_loss-->1.598404,test_acc===0.534314
INFO:root:epoch:217 train_eval_loss-->0.124383,train_acc-->0.998525,test_eval_loss-->1.527579,test_acc===0.519608
INFO:root:epoch:218 train_eval_loss-->0.130835,train_acc-->0.991150,test_eval_loss-->1.540314,test_acc===0.553922
INFO:root:epoch:219 train_eval_loss-->0.135385,train_acc-->0.994100,test_eval_loss-->1.548162,test_acc===0.563725
INFO:root:epoch:220 train_eval_loss-->0.131998,train_acc-->0.991150,test_eval_loss-->1.522833,test_acc===0.558824
INFO:root:epoch:221 train_eval_loss-->0.117934,train_acc-->0.998525,test_eval_loss-->1.598290,test_acc===0.544118
INFO:root:epoch:222 train_eval_loss-->0.102442,train_acc-->0.997050,test_eval_loss-->1.555620,test_acc===0.553922
INFO:root:epoch:223 train_eval_loss-->0.104505,train_acc-->1.000000,test_eval_loss-->1.484112,test_acc===0.578431
INFO:root:epoch:224 train_eval_loss-->0.091859,train_acc-->0.992625,test_eval_loss-->1.510572,test_acc===0.553922
INFO:root:epoch:225 train_eval_loss-->0.082648,train_acc-->1.000000,test_eval_loss-->1.520337,test_acc===0.588235
INFO:root:epoch:226 train_eval_loss-->0.083672,train_acc-->1.000000,test_eval_loss-->1.532060,test_acc===0.568627
INFO:root:epoch:227 train_eval_loss-->0.095870,train_acc-->1.000000,test_eval_loss-->1.497223,test_acc===0.563725
INFO:root:epoch:228 train_eval_loss-->0.097560,train_acc-->0.991150,test_eval_loss-->1.483598,test_acc===0.578431
INFO:root:epoch:229 train_eval_loss-->0.080278,train_acc-->1.000000,test_eval_loss-->1.510592,test_acc===0.578431
INFO:root:epoch:230 train_eval_loss-->0.082838,train_acc-->0.986726,test_eval_loss-->1.501956,test_acc===0.593137
INFO:root:epoch:231 train_eval_loss-->0.063099,train_acc-->1.000000,test_eval_loss-->1.477408,test_acc===0.588235
INFO:root:epoch:232 train_eval_loss-->0.063815,train_acc-->0.994100,test_eval_loss-->1.512756,test_acc===0.558824
INFO:root:epoch:233 train_eval_loss-->0.060141,train_acc-->1.000000,test_eval_loss-->1.512852,test_acc===0.583333
INFO:root:epoch:234 train_eval_loss-->0.054921,train_acc-->1.000000,test_eval_loss-->1.507975,test_acc===0.568627
INFO:root:epoch:235 train_eval_loss-->0.056664,train_acc-->1.000000,test_eval_loss-->1.490950,test_acc===0.578431
INFO:root:epoch:236 train_eval_loss-->0.041295,train_acc-->1.000000,test_eval_loss-->1.496134,test_acc===0.578431
INFO:root:epoch:237 train_eval_loss-->0.037420,train_acc-->1.000000,test_eval_loss-->1.503333,test_acc===0.588235
INFO:root:epoch:238 train_eval_loss-->0.034954,train_acc-->1.000000,test_eval_loss-->1.493010,test_acc===0.578431
INFO:root:epoch:239 train_eval_loss-->0.025860,train_acc-->1.000000,test_eval_loss-->1.493277,test_acc===0.573529
INFO:root:epoch:240 train_eval_loss-->0.024239,train_acc-->1.000000,test_eval_loss-->1.501939,test_acc===0.583333
INFO:root:epoch:241 train_eval_loss-->0.025212,train_acc-->1.000000,test_eval_loss-->1.484982,test_acc===0.588235
INFO:root:epoch:242 train_eval_loss-->0.020628,train_acc-->1.000000,test_eval_loss-->1.485577,test_acc===0.583333
INFO:root:epoch:243 train_eval_loss-->0.017635,train_acc-->1.000000,test_eval_loss-->1.486558,test_acc===0.583333
INFO:root:epoch:244 train_eval_loss-->0.016236,train_acc-->1.000000,test_eval_loss-->1.486060,test_acc===0.583333
INFO:root:epoch:245 train_eval_loss-->0.013187,train_acc-->1.000000,test_eval_loss-->1.487331,test_acc===0.583333
INFO:root:epoch:246 train_eval_loss-->0.012373,train_acc-->1.000000,test_eval_loss-->1.490309,test_acc===0.583333
INFO:root:epoch:247 train_eval_loss-->0.010874,train_acc-->1.000000,test_eval_loss-->1.487564,test_acc===0.583333
INFO:root:epoch:248 train_eval_loss-->0.009857,train_acc-->1.000000,test_eval_loss-->1.488479,test_acc===0.583333
INFO:root:epoch:249 train_eval_loss-->0.009497,train_acc-->1.000000,test_eval_loss-->1.488750,test_acc===0.583333
INFO:root:epoch:250 train_eval_loss-->0.008880,train_acc-->1.000000,test_eval_loss-->1.489370,test_acc===0.583333
INFO:root:epoch:251 train_eval_loss-->0.008520,train_acc-->1.000000,test_eval_loss-->1.489109,test_acc===0.583333
INFO:root:epoch:252 train_eval_loss-->0.008623,train_acc-->1.000000,test_eval_loss-->1.489164,test_acc===0.583333
INFO:root:epoch:253 train_eval_loss-->0.008839,train_acc-->1.000000,test_eval_loss-->1.490778,test_acc===0.583333
INFO:root:epoch:254 train_eval_loss-->0.009247,train_acc-->1.000000,test_eval_loss-->1.488707,test_acc===0.583333
INFO:root:epoch:255 train_eval_loss-->0.010047,train_acc-->1.000000,test_eval_loss-->1.491028,test_acc===0.583333
INFO:root:epoch:256 train_eval_loss-->0.010670,train_acc-->1.000000,test_eval_loss-->1.489207,test_acc===0.583333
INFO:root:epoch:257 train_eval_loss-->0.012520,train_acc-->1.000000,test_eval_loss-->1.488267,test_acc===0.583333
INFO:root:epoch:258 train_eval_loss-->0.013947,train_acc-->1.000000,test_eval_loss-->1.493771,test_acc===0.573529
INFO:root:epoch:259 train_eval_loss-->0.017375,train_acc-->1.000000,test_eval_loss-->1.482965,test_acc===0.583333
INFO:root:epoch:260 train_eval_loss-->0.020010,train_acc-->1.000000,test_eval_loss-->1.490324,test_acc===0.573529
INFO:root:epoch:261 train_eval_loss-->0.025663,train_acc-->1.000000,test_eval_loss-->1.485548,test_acc===0.588235
INFO:root:epoch:262 train_eval_loss-->0.029965,train_acc-->1.000000,test_eval_loss-->1.495514,test_acc===0.588235
INFO:root:epoch:263 train_eval_loss-->0.032288,train_acc-->1.000000,test_eval_loss-->1.484721,test_acc===0.588235
INFO:root:epoch:264 train_eval_loss-->0.034333,train_acc-->1.000000,test_eval_loss-->1.491694,test_acc===0.583333
INFO:root:epoch:265 train_eval_loss-->0.037398,train_acc-->1.000000,test_eval_loss-->1.507450,test_acc===0.588235
INFO:root:epoch:266 train_eval_loss-->0.059814,train_acc-->1.000000,test_eval_loss-->1.483018,test_acc===0.573529
INFO:root:epoch:267 train_eval_loss-->0.067573,train_acc-->1.000000,test_eval_loss-->1.523594,test_acc===0.578431
INFO:root:epoch:268 train_eval_loss-->0.066600,train_acc-->1.000000,test_eval_loss-->1.490466,test_acc===0.593137
INFO:root:epoch:269 train_eval_loss-->0.069984,train_acc-->1.000000,test_eval_loss-->1.538746,test_acc===0.573529
INFO:root:epoch:270 train_eval_loss-->0.068769,train_acc-->1.000000,test_eval_loss-->1.494965,test_acc===0.578431
INFO:root:epoch:271 train_eval_loss-->0.069577,train_acc-->1.000000,test_eval_loss-->1.501798,test_acc===0.578431
INFO:root:epoch:272 train_eval_loss-->0.076321,train_acc-->1.000000,test_eval_loss-->1.515721,test_acc===0.593137
INFO:root:epoch:273 train_eval_loss-->0.080507,train_acc-->1.000000,test_eval_loss-->1.504782,test_acc===0.553922
INFO:root:epoch:274 train_eval_loss-->0.096292,train_acc-->1.000000,test_eval_loss-->1.504762,test_acc===0.578431
INFO:root:epoch:275 train_eval_loss-->0.101924,train_acc-->1.000000,test_eval_loss-->1.546755,test_acc===0.573529
INFO:root:epoch:276 train_eval_loss-->0.110713,train_acc-->0.994100,test_eval_loss-->1.571723,test_acc===0.563725
INFO:root:epoch:277 train_eval_loss-->0.107494,train_acc-->0.997050,test_eval_loss-->1.604769,test_acc===0.534314
INFO:root:epoch:278 train_eval_loss-->0.118103,train_acc-->0.994100,test_eval_loss-->1.519943,test_acc===0.553922
INFO:root:epoch:279 train_eval_loss-->0.118218,train_acc-->0.997050,test_eval_loss-->1.623091,test_acc===0.534314
INFO:root:epoch:280 train_eval_loss-->0.129299,train_acc-->0.995575,test_eval_loss-->1.597554,test_acc===0.539216
INFO:root:epoch:281 train_eval_loss-->0.124054,train_acc-->0.994100,test_eval_loss-->1.513236,test_acc===0.583333
INFO:root:epoch:282 train_eval_loss-->0.136071,train_acc-->0.997050,test_eval_loss-->1.524522,test_acc===0.529412
INFO:root:epoch:283 train_eval_loss-->0.142966,train_acc-->0.985251,test_eval_loss-->1.547717,test_acc===0.563725
INFO:root:epoch:284 train_eval_loss-->0.166512,train_acc-->0.977876,test_eval_loss-->1.695694,test_acc===0.470588
INFO:root:epoch:285 train_eval_loss-->0.189386,train_acc-->0.945428,test_eval_loss-->1.645633,test_acc===0.514706
INFO:root:epoch:286 train_eval_loss-->0.141947,train_acc-->0.986726,test_eval_loss-->1.578707,test_acc===0.524510
INFO:root:epoch:287 train_eval_loss-->0.139365,train_acc-->0.997050,test_eval_loss-->1.591230,test_acc===0.563725
INFO:root:epoch:288 train_eval_loss-->0.152943,train_acc-->0.977876,test_eval_loss-->1.523797,test_acc===0.558824
INFO:root:epoch:289 train_eval_loss-->0.138499,train_acc-->0.989676,test_eval_loss-->1.578624,test_acc===0.534314
INFO:root:epoch:290 train_eval_loss-->0.174197,train_acc-->0.971976,test_eval_loss-->1.669382,test_acc===0.480392
INFO:root:epoch:291 train_eval_loss-->0.153810,train_acc-->0.980826,test_eval_loss-->1.550216,test_acc===0.553922
INFO:root:epoch:292 train_eval_loss-->0.172601,train_acc-->0.970501,test_eval_loss-->1.692896,test_acc===0.460784
INFO:root:epoch:293 train_eval_loss-->0.216905,train_acc-->0.921829,test_eval_loss-->1.616380,test_acc===0.495098
INFO:root:epoch:294 train_eval_loss-->0.178971,train_acc-->0.964602,test_eval_loss-->1.560565,test_acc===0.563725
INFO:root:epoch:295 train_eval_loss-->0.152744,train_acc-->0.986726,test_eval_loss-->1.565897,test_acc===0.553922
INFO:root:epoch:296 train_eval_loss-->0.162304,train_acc-->0.977876,test_eval_loss-->1.631514,test_acc===0.480392
INFO:root:epoch:297 train_eval_loss-->0.160209,train_acc-->0.980826,test_eval_loss-->1.575391,test_acc===0.568627
INFO:root:epoch:298 train_eval_loss-->0.159218,train_acc-->0.973451,test_eval_loss-->1.672666,test_acc===0.475490
INFO:root:epoch:299 train_eval_loss-->0.209752,train_acc-->0.912979,test_eval_loss-->1.559114,test_acc===0.553922
INFO:root:epoch:300 train_eval_loss-->0.184048,train_acc-->0.945428,test_eval_loss-->1.689455,test_acc===0.529412
INFO:root:epoch:301 train_eval_loss-->0.171132,train_acc-->0.969027,test_eval_loss-->1.674075,test_acc===0.500000
INFO:root:epoch:302 train_eval_loss-->0.211539,train_acc-->0.899705,test_eval_loss-->1.571777,test_acc===0.573529
INFO:root:epoch:303 train_eval_loss-->0.188339,train_acc-->0.949853,test_eval_loss-->1.615879,test_acc===0.549020
INFO:root:epoch:304 train_eval_loss-->0.156502,train_acc-->0.982301,test_eval_loss-->1.617583,test_acc===0.504902
INFO:root:epoch:305 train_eval_loss-->0.171994,train_acc-->0.964602,test_eval_loss-->1.682170,test_acc===0.490196
INFO:root:epoch:306 train_eval_loss-->0.158280,train_acc-->0.970501,test_eval_loss-->1.611109,test_acc===0.553922
INFO:root:epoch:307 train_eval_loss-->0.157171,train_acc-->0.966077,test_eval_loss-->1.564698,test_acc===0.553922
INFO:root:epoch:308 train_eval_loss-->0.165735,train_acc-->0.976401,test_eval_loss-->1.601937,test_acc===0.544118
INFO:root:epoch:309 train_eval_loss-->0.178506,train_acc-->0.973451,test_eval_loss-->1.742364,test_acc===0.450980
INFO:root:epoch:310 train_eval_loss-->0.148728,train_acc-->0.994100,test_eval_loss-->1.547297,test_acc===0.549020
INFO:root:epoch:311 train_eval_loss-->0.153812,train_acc-->0.995575,test_eval_loss-->1.636644,test_acc===0.504902
INFO:root:epoch:312 train_eval_loss-->0.156656,train_acc-->0.982301,test_eval_loss-->1.861569,test_acc===0.387255
INFO:root:epoch:313 train_eval_loss-->0.173442,train_acc-->0.976401,test_eval_loss-->1.553783,test_acc===0.558824
INFO:root:epoch:314 train_eval_loss-->0.134436,train_acc-->0.992625,test_eval_loss-->1.532775,test_acc===0.563725
INFO:root:epoch:315 train_eval_loss-->0.126343,train_acc-->0.998525,test_eval_loss-->1.619564,test_acc===0.529412
INFO:root:epoch:316 train_eval_loss-->0.150949,train_acc-->0.982301,test_eval_loss-->1.647596,test_acc===0.504902
INFO:root:epoch:317 train_eval_loss-->0.132028,train_acc-->0.997050,test_eval_loss-->1.488469,test_acc===0.578431
INFO:root:epoch:318 train_eval_loss-->0.140099,train_acc-->0.982301,test_eval_loss-->1.584729,test_acc===0.588235
INFO:root:epoch:319 train_eval_loss-->0.127027,train_acc-->0.989676,test_eval_loss-->1.511390,test_acc===0.568627
INFO:root:epoch:320 train_eval_loss-->0.103167,train_acc-->0.998525,test_eval_loss-->1.543235,test_acc===0.578431
INFO:root:epoch:321 train_eval_loss-->0.105552,train_acc-->1.000000,test_eval_loss-->1.528930,test_acc===0.563725
INFO:root:epoch:322 train_eval_loss-->0.088857,train_acc-->1.000000,test_eval_loss-->1.509351,test_acc===0.568627
INFO:root:epoch:323 train_eval_loss-->0.082113,train_acc-->0.994100,test_eval_loss-->1.552250,test_acc===0.568627
INFO:root:epoch:324 train_eval_loss-->0.085327,train_acc-->1.000000,test_eval_loss-->1.528635,test_acc===0.568627
INFO:root:epoch:325 train_eval_loss-->0.076251,train_acc-->1.000000,test_eval_loss-->1.524928,test_acc===0.578431
INFO:root:epoch:326 train_eval_loss-->0.077320,train_acc-->1.000000,test_eval_loss-->1.530316,test_acc===0.568627
INFO:root:epoch:327 train_eval_loss-->0.072342,train_acc-->1.000000,test_eval_loss-->1.535789,test_acc===0.593137
INFO:root:epoch:328 train_eval_loss-->0.062206,train_acc-->1.000000,test_eval_loss-->1.496295,test_acc===0.583333
INFO:root:epoch:329 train_eval_loss-->0.057058,train_acc-->1.000000,test_eval_loss-->1.498459,test_acc===0.583333
INFO:root:epoch:330 train_eval_loss-->0.050530,train_acc-->1.000000,test_eval_loss-->1.492099,test_acc===0.583333
INFO:root:epoch:331 train_eval_loss-->0.058949,train_acc-->1.000000,test_eval_loss-->1.513641,test_acc===0.563725
INFO:root:epoch:332 train_eval_loss-->0.044178,train_acc-->1.000000,test_eval_loss-->1.472290,test_acc===0.573529
INFO:root:epoch:333 train_eval_loss-->0.037930,train_acc-->1.000000,test_eval_loss-->1.506342,test_acc===0.578431
INFO:root:epoch:334 train_eval_loss-->0.034432,train_acc-->1.000000,test_eval_loss-->1.512000,test_acc===0.578431
INFO:root:epoch:335 train_eval_loss-->0.031134,train_acc-->1.000000,test_eval_loss-->1.489960,test_acc===0.593137
INFO:root:epoch:336 train_eval_loss-->0.032541,train_acc-->1.000000,test_eval_loss-->1.495882,test_acc===0.583333
INFO:root:epoch:337 train_eval_loss-->0.028078,train_acc-->1.000000,test_eval_loss-->1.479815,test_acc===0.578431
INFO:root:epoch:338 train_eval_loss-->0.023949,train_acc-->1.000000,test_eval_loss-->1.493518,test_acc===0.573529
INFO:root:epoch:339 train_eval_loss-->0.022052,train_acc-->1.000000,test_eval_loss-->1.486932,test_acc===0.598039
INFO:root:epoch:340 train_eval_loss-->0.019060,train_acc-->1.000000,test_eval_loss-->1.487625,test_acc===0.588235
INFO:root:epoch:341 train_eval_loss-->0.016910,train_acc-->1.000000,test_eval_loss-->1.488447,test_acc===0.593137
INFO:root:epoch:342 train_eval_loss-->0.014668,train_acc-->1.000000,test_eval_loss-->1.489852,test_acc===0.583333
INFO:root:epoch:343 train_eval_loss-->0.011279,train_acc-->1.000000,test_eval_loss-->1.489375,test_acc===0.593137
INFO:root:epoch:344 train_eval_loss-->0.009636,train_acc-->1.000000,test_eval_loss-->1.488193,test_acc===0.588235
INFO:root:epoch:345 train_eval_loss-->0.008005,train_acc-->1.000000,test_eval_loss-->1.486652,test_acc===0.588235
INFO:root:epoch:346 train_eval_loss-->0.007230,train_acc-->1.000000,test_eval_loss-->1.487105,test_acc===0.593137
INFO:root:epoch:347 train_eval_loss-->0.006267,train_acc-->1.000000,test_eval_loss-->1.488709,test_acc===0.593137
INFO:root:epoch:348 train_eval_loss-->0.005268,train_acc-->1.000000,test_eval_loss-->1.487425,test_acc===0.593137
INFO:root:epoch:349 train_eval_loss-->0.004890,train_acc-->1.000000,test_eval_loss-->1.488203,test_acc===0.593137
INFO:root:epoch:350 train_eval_loss-->0.004496,train_acc-->1.000000,test_eval_loss-->1.488871,test_acc===0.598039
INFO:root:epoch:351 train_eval_loss-->0.004432,train_acc-->1.000000,test_eval_loss-->1.488460,test_acc===0.598039
INFO:root:epoch:352 train_eval_loss-->0.004307,train_acc-->1.000000,test_eval_loss-->1.488270,test_acc===0.593137
INFO:root:epoch:353 train_eval_loss-->0.004423,train_acc-->1.000000,test_eval_loss-->1.488009,test_acc===0.593137
INFO:root:epoch:354 train_eval_loss-->0.005215,train_acc-->1.000000,test_eval_loss-->1.488367,test_acc===0.593137
INFO:root:epoch:355 train_eval_loss-->0.005656,train_acc-->1.000000,test_eval_loss-->1.488932,test_acc===0.593137
INFO:root:epoch:356 train_eval_loss-->0.006254,train_acc-->1.000000,test_eval_loss-->1.488530,test_acc===0.588235
INFO:root:epoch:357 train_eval_loss-->0.009529,train_acc-->1.000000,test_eval_loss-->1.487502,test_acc===0.593137
INFO:root:epoch:358 train_eval_loss-->0.009943,train_acc-->1.000000,test_eval_loss-->1.489744,test_acc===0.593137
INFO:root:epoch:359 train_eval_loss-->0.013532,train_acc-->1.000000,test_eval_loss-->1.486522,test_acc===0.593137
INFO:root:epoch:360 train_eval_loss-->0.018274,train_acc-->1.000000,test_eval_loss-->1.483439,test_acc===0.598039
INFO:root:epoch:361 train_eval_loss-->0.021272,train_acc-->1.000000,test_eval_loss-->1.492988,test_acc===0.588235
INFO:root:epoch:362 train_eval_loss-->0.019451,train_acc-->1.000000,test_eval_loss-->1.484650,test_acc===0.588235
INFO:root:epoch:363 train_eval_loss-->0.027275,train_acc-->1.000000,test_eval_loss-->1.505210,test_acc===0.593137
INFO:root:epoch:364 train_eval_loss-->0.035759,train_acc-->1.000000,test_eval_loss-->1.498801,test_acc===0.593137
INFO:root:epoch:365 train_eval_loss-->0.031051,train_acc-->1.000000,test_eval_loss-->1.498417,test_acc===0.593137
INFO:root:epoch:366 train_eval_loss-->0.033590,train_acc-->1.000000,test_eval_loss-->1.494198,test_acc===0.588235
INFO:root:epoch:367 train_eval_loss-->0.038403,train_acc-->1.000000,test_eval_loss-->1.499504,test_acc===0.578431
INFO:root:epoch:368 train_eval_loss-->0.046698,train_acc-->1.000000,test_eval_loss-->1.515323,test_acc===0.583333
INFO:root:epoch:369 train_eval_loss-->0.045290,train_acc-->1.000000,test_eval_loss-->1.523977,test_acc===0.588235
INFO:root:epoch:370 train_eval_loss-->0.064495,train_acc-->1.000000,test_eval_loss-->1.518625,test_acc===0.578431
INFO:root:epoch:371 train_eval_loss-->0.068177,train_acc-->1.000000,test_eval_loss-->1.520473,test_acc===0.583333
INFO:root:epoch:372 train_eval_loss-->0.062039,train_acc-->1.000000,test_eval_loss-->1.492854,test_acc===0.583333
INFO:root:epoch:373 train_eval_loss-->0.063975,train_acc-->1.000000,test_eval_loss-->1.471957,test_acc===0.617647
INFO:root:epoch:374 train_eval_loss-->0.070370,train_acc-->1.000000,test_eval_loss-->1.508344,test_acc===0.568627
INFO:root:epoch:375 train_eval_loss-->0.078935,train_acc-->0.997050,test_eval_loss-->1.570911,test_acc===0.593137
INFO:root:epoch:376 train_eval_loss-->0.093832,train_acc-->1.000000,test_eval_loss-->1.503095,test_acc===0.583333
INFO:root:epoch:377 train_eval_loss-->0.080090,train_acc-->1.000000,test_eval_loss-->1.469631,test_acc===0.598039
INFO:root:epoch:378 train_eval_loss-->0.089129,train_acc-->1.000000,test_eval_loss-->1.541472,test_acc===0.558824
INFO:root:epoch:379 train_eval_loss-->0.083266,train_acc-->0.997050,test_eval_loss-->1.551468,test_acc===0.549020
INFO:root:epoch:380 train_eval_loss-->0.106435,train_acc-->0.998525,test_eval_loss-->1.607236,test_acc===0.558824
INFO:root:epoch:381 train_eval_loss-->0.115899,train_acc-->0.985251,test_eval_loss-->1.592577,test_acc===0.544118
INFO:root:epoch:382 train_eval_loss-->0.119999,train_acc-->0.998525,test_eval_loss-->1.569208,test_acc===0.558824
INFO:root:epoch:383 train_eval_loss-->0.147874,train_acc-->0.976401,test_eval_loss-->1.552191,test_acc===0.558824
INFO:root:epoch:384 train_eval_loss-->0.137576,train_acc-->0.991150,test_eval_loss-->1.684299,test_acc===0.519608
INFO:root:epoch:385 train_eval_loss-->0.144199,train_acc-->0.985251,test_eval_loss-->1.627913,test_acc===0.509804
INFO:root:epoch:386 train_eval_loss-->0.129256,train_acc-->1.000000,test_eval_loss-->1.540781,test_acc===0.563725
INFO:root:epoch:387 train_eval_loss-->0.121672,train_acc-->0.994100,test_eval_loss-->1.537447,test_acc===0.588235
INFO:root:epoch:388 train_eval_loss-->0.138548,train_acc-->0.988201,test_eval_loss-->1.550292,test_acc===0.563725
INFO:root:epoch:389 train_eval_loss-->0.123103,train_acc-->0.992625,test_eval_loss-->1.559242,test_acc===0.563725
INFO:root:epoch:390 train_eval_loss-->0.120579,train_acc-->0.995575,test_eval_loss-->1.635709,test_acc===0.549020
INFO:root:epoch:391 train_eval_loss-->0.140847,train_acc-->0.997050,test_eval_loss-->1.576634,test_acc===0.539216
INFO:root:epoch:392 train_eval_loss-->0.148979,train_acc-->0.992625,test_eval_loss-->1.582762,test_acc===0.598039
INFO:root:epoch:393 train_eval_loss-->0.133555,train_acc-->0.974926,test_eval_loss-->1.660319,test_acc===0.524510
INFO:root:epoch:394 train_eval_loss-->0.175676,train_acc-->0.985251,test_eval_loss-->1.526567,test_acc===0.598039
INFO:root:epoch:395 train_eval_loss-->0.121388,train_acc-->0.997050,test_eval_loss-->1.653357,test_acc===0.504902
INFO:root:epoch:396 train_eval_loss-->0.136410,train_acc-->0.997050,test_eval_loss-->1.572082,test_acc===0.539216
INFO:root:epoch:397 train_eval_loss-->0.144184,train_acc-->0.989676,test_eval_loss-->1.611696,test_acc===0.514706
INFO:root:epoch:398 train_eval_loss-->0.159289,train_acc-->0.977876,test_eval_loss-->1.615507,test_acc===0.544118
INFO:root:epoch:399 train_eval_loss-->0.148271,train_acc-->0.982301,test_eval_loss-->1.596446,test_acc===0.578431
INFO:root:epoch:400 train_eval_loss-->0.135469,train_acc-->0.992625,test_eval_loss-->1.603570,test_acc===0.514706
INFO:root:epoch:401 train_eval_loss-->0.134171,train_acc-->0.994100,test_eval_loss-->1.543133,test_acc===0.588235
INFO:root:epoch:402 train_eval_loss-->0.134033,train_acc-->0.982301,test_eval_loss-->1.583651,test_acc===0.544118
INFO:root:epoch:403 train_eval_loss-->0.167572,train_acc-->0.974926,test_eval_loss-->1.598828,test_acc===0.514706
INFO:root:epoch:404 train_eval_loss-->0.154276,train_acc-->0.980826,test_eval_loss-->1.648252,test_acc===0.534314
INFO:root:epoch:405 train_eval_loss-->0.165594,train_acc-->0.979351,test_eval_loss-->1.823187,test_acc===0.431373
INFO:root:epoch:406 train_eval_loss-->0.196518,train_acc-->0.945428,test_eval_loss-->1.621202,test_acc===0.519608
INFO:root:epoch:407 train_eval_loss-->0.173898,train_acc-->0.974926,test_eval_loss-->1.563295,test_acc===0.563725
INFO:root:epoch:408 train_eval_loss-->0.167343,train_acc-->0.970501,test_eval_loss-->1.570505,test_acc===0.539216
INFO:root:epoch:409 train_eval_loss-->0.120146,train_acc-->1.000000,test_eval_loss-->1.512261,test_acc===0.583333
INFO:root:epoch:410 train_eval_loss-->0.127813,train_acc-->0.998525,test_eval_loss-->1.620687,test_acc===0.509804
INFO:root:epoch:411 train_eval_loss-->0.134695,train_acc-->0.995575,test_eval_loss-->1.554482,test_acc===0.544118
INFO:root:epoch:412 train_eval_loss-->0.111477,train_acc-->0.998525,test_eval_loss-->1.635925,test_acc===0.509804
INFO:root:epoch:413 train_eval_loss-->0.116579,train_acc-->0.995575,test_eval_loss-->1.513902,test_acc===0.553922
INFO:root:epoch:414 train_eval_loss-->0.115597,train_acc-->0.998525,test_eval_loss-->1.573859,test_acc===0.563725
INFO:root:epoch:415 train_eval_loss-->0.126812,train_acc-->0.991150,test_eval_loss-->1.496153,test_acc===0.563725
INFO:root:epoch:416 train_eval_loss-->0.119306,train_acc-->0.991150,test_eval_loss-->1.539268,test_acc===0.578431
INFO:root:epoch:417 train_eval_loss-->0.107165,train_acc-->0.995575,test_eval_loss-->1.497692,test_acc===0.568627
INFO:root:epoch:418 train_eval_loss-->0.115951,train_acc-->0.994100,test_eval_loss-->1.552188,test_acc===0.573529
INFO:root:epoch:419 train_eval_loss-->0.085059,train_acc-->1.000000,test_eval_loss-->1.500122,test_acc===0.578431
INFO:root:epoch:420 train_eval_loss-->0.086605,train_acc-->0.998525,test_eval_loss-->1.578241,test_acc===0.563725
INFO:root:epoch:421 train_eval_loss-->0.089713,train_acc-->1.000000,test_eval_loss-->1.480413,test_acc===0.602941
INFO:root:epoch:422 train_eval_loss-->0.078207,train_acc-->1.000000,test_eval_loss-->1.532010,test_acc===0.598039
INFO:root:epoch:423 train_eval_loss-->0.083041,train_acc-->1.000000,test_eval_loss-->1.515772,test_acc===0.593137
INFO:root:epoch:424 train_eval_loss-->0.070716,train_acc-->1.000000,test_eval_loss-->1.539586,test_acc===0.553922
INFO:root:epoch:425 train_eval_loss-->0.073061,train_acc-->1.000000,test_eval_loss-->1.515485,test_acc===0.558824
INFO:root:epoch:426 train_eval_loss-->0.063791,train_acc-->1.000000,test_eval_loss-->1.513727,test_acc===0.578431
INFO:root:epoch:427 train_eval_loss-->0.060865,train_acc-->1.000000,test_eval_loss-->1.524966,test_acc===0.588235
INFO:root:epoch:428 train_eval_loss-->0.054405,train_acc-->0.998525,test_eval_loss-->1.513552,test_acc===0.598039
INFO:root:epoch:429 train_eval_loss-->0.054365,train_acc-->1.000000,test_eval_loss-->1.490663,test_acc===0.617647
INFO:root:epoch:430 train_eval_loss-->0.054500,train_acc-->1.000000,test_eval_loss-->1.495311,test_acc===0.612745
INFO:root:epoch:431 train_eval_loss-->0.051189,train_acc-->1.000000,test_eval_loss-->1.485397,test_acc===0.607843
INFO:root:epoch:432 train_eval_loss-->0.043320,train_acc-->1.000000,test_eval_loss-->1.480611,test_acc===0.598039
INFO:root:epoch:433 train_eval_loss-->0.041966,train_acc-->1.000000,test_eval_loss-->1.489298,test_acc===0.602941
INFO:root:epoch:434 train_eval_loss-->0.045656,train_acc-->1.000000,test_eval_loss-->1.495239,test_acc===0.607843
INFO:root:epoch:435 train_eval_loss-->0.044399,train_acc-->1.000000,test_eval_loss-->1.488406,test_acc===0.622549
INFO:root:epoch:436 train_eval_loss-->0.038421,train_acc-->1.000000,test_eval_loss-->1.519037,test_acc===0.593137
INFO:root:epoch:437 train_eval_loss-->0.034925,train_acc-->1.000000,test_eval_loss-->1.486104,test_acc===0.602941
INFO:root:epoch:438 train_eval_loss-->0.027592,train_acc-->1.000000,test_eval_loss-->1.492085,test_acc===0.602941
INFO:root:epoch:439 train_eval_loss-->0.021221,train_acc-->1.000000,test_eval_loss-->1.497297,test_acc===0.593137
INFO:root:epoch:440 train_eval_loss-->0.019144,train_acc-->1.000000,test_eval_loss-->1.481218,test_acc===0.612745
INFO:root:epoch:441 train_eval_loss-->0.015265,train_acc-->1.000000,test_eval_loss-->1.486240,test_acc===0.617647
INFO:root:epoch:442 train_eval_loss-->0.013377,train_acc-->1.000000,test_eval_loss-->1.489171,test_acc===0.607843
INFO:root:epoch:443 train_eval_loss-->0.012018,train_acc-->1.000000,test_eval_loss-->1.484615,test_acc===0.607843
INFO:root:epoch:444 train_eval_loss-->0.009513,train_acc-->1.000000,test_eval_loss-->1.484831,test_acc===0.612745
INFO:root:epoch:445 train_eval_loss-->0.008439,train_acc-->1.000000,test_eval_loss-->1.486864,test_acc===0.607843
INFO:root:epoch:446 train_eval_loss-->0.006976,train_acc-->1.000000,test_eval_loss-->1.485811,test_acc===0.607843
INFO:root:epoch:447 train_eval_loss-->0.006482,train_acc-->1.000000,test_eval_loss-->1.485096,test_acc===0.612745
INFO:root:epoch:448 train_eval_loss-->0.005355,train_acc-->1.000000,test_eval_loss-->1.485672,test_acc===0.612745
INFO:root:epoch:449 train_eval_loss-->0.004806,train_acc-->1.000000,test_eval_loss-->1.485480,test_acc===0.612745
INFO:root:epoch:450 train_eval_loss-->0.004514,train_acc-->1.000000,test_eval_loss-->1.485349,test_acc===0.612745
INFO:root:epoch:451 train_eval_loss-->0.004365,train_acc-->1.000000,test_eval_loss-->1.485535,test_acc===0.612745
INFO:root:epoch:452 train_eval_loss-->0.004191,train_acc-->1.000000,test_eval_loss-->1.486113,test_acc===0.612745
INFO:root:epoch:453 train_eval_loss-->0.004441,train_acc-->1.000000,test_eval_loss-->1.485505,test_acc===0.612745
INFO:root:epoch:454 train_eval_loss-->0.004449,train_acc-->1.000000,test_eval_loss-->1.485222,test_acc===0.622549
INFO:root:epoch:455 train_eval_loss-->0.005290,train_acc-->1.000000,test_eval_loss-->1.485974,test_acc===0.612745
INFO:root:epoch:456 train_eval_loss-->0.006328,train_acc-->1.000000,test_eval_loss-->1.487677,test_acc===0.612745
INFO:root:epoch:457 train_eval_loss-->0.007078,train_acc-->1.000000,test_eval_loss-->1.483773,test_acc===0.612745
INFO:root:epoch:458 train_eval_loss-->0.010046,train_acc-->1.000000,test_eval_loss-->1.486488,test_acc===0.612745
INFO:root:epoch:459 train_eval_loss-->0.012355,train_acc-->1.000000,test_eval_loss-->1.488436,test_acc===0.612745
INFO:root:epoch:460 train_eval_loss-->0.015995,train_acc-->1.000000,test_eval_loss-->1.495201,test_acc===0.607843
INFO:root:epoch:461 train_eval_loss-->0.016016,train_acc-->1.000000,test_eval_loss-->1.477073,test_acc===0.607843
INFO:root:epoch:462 train_eval_loss-->0.017764,train_acc-->1.000000,test_eval_loss-->1.489982,test_acc===0.617647
INFO:root:epoch:463 train_eval_loss-->0.021881,train_acc-->1.000000,test_eval_loss-->1.490317,test_acc===0.607843
INFO:root:epoch:464 train_eval_loss-->0.025075,train_acc-->1.000000,test_eval_loss-->1.482065,test_acc===0.607843
INFO:root:epoch:465 train_eval_loss-->0.026842,train_acc-->1.000000,test_eval_loss-->1.497672,test_acc===0.593137
INFO:root:epoch:466 train_eval_loss-->0.036925,train_acc-->1.000000,test_eval_loss-->1.486369,test_acc===0.607843
INFO:root:epoch:467 train_eval_loss-->0.036876,train_acc-->1.000000,test_eval_loss-->1.495828,test_acc===0.588235
INFO:root:epoch:468 train_eval_loss-->0.059342,train_acc-->1.000000,test_eval_loss-->1.496118,test_acc===0.593137
INFO:root:epoch:469 train_eval_loss-->0.060905,train_acc-->1.000000,test_eval_loss-->1.524070,test_acc===0.578431
INFO:root:epoch:470 train_eval_loss-->0.069970,train_acc-->1.000000,test_eval_loss-->1.480544,test_acc===0.593137
INFO:root:epoch:471 train_eval_loss-->0.058091,train_acc-->1.000000,test_eval_loss-->1.502353,test_acc===0.598039
INFO:root:epoch:472 train_eval_loss-->0.071932,train_acc-->1.000000,test_eval_loss-->1.486125,test_acc===0.593137
INFO:root:epoch:473 train_eval_loss-->0.072313,train_acc-->1.000000,test_eval_loss-->1.484797,test_acc===0.593137
INFO:root:epoch:474 train_eval_loss-->0.069736,train_acc-->1.000000,test_eval_loss-->1.527578,test_acc===0.558824
INFO:root:epoch:475 train_eval_loss-->0.067429,train_acc-->1.000000,test_eval_loss-->1.490257,test_acc===0.602941
INFO:root:epoch:476 train_eval_loss-->0.077431,train_acc-->1.000000,test_eval_loss-->1.542704,test_acc===0.602941
INFO:root:epoch:477 train_eval_loss-->0.077043,train_acc-->1.000000,test_eval_loss-->1.539876,test_acc===0.583333
INFO:root:epoch:478 train_eval_loss-->0.073273,train_acc-->1.000000,test_eval_loss-->1.479522,test_acc===0.607843
INFO:root:epoch:479 train_eval_loss-->0.081492,train_acc-->1.000000,test_eval_loss-->1.485107,test_acc===0.583333
INFO:root:epoch:480 train_eval_loss-->0.084367,train_acc-->1.000000,test_eval_loss-->1.528682,test_acc===0.612745
INFO:root:epoch:481 train_eval_loss-->0.093561,train_acc-->0.998525,test_eval_loss-->1.512903,test_acc===0.598039
INFO:root:epoch:482 train_eval_loss-->0.094068,train_acc-->1.000000,test_eval_loss-->1.515705,test_acc===0.573529
INFO:root:epoch:483 train_eval_loss-->0.094113,train_acc-->0.998525,test_eval_loss-->1.490538,test_acc===0.593137
INFO:root:epoch:484 train_eval_loss-->0.098922,train_acc-->1.000000,test_eval_loss-->1.600731,test_acc===0.549020
INFO:root:epoch:485 train_eval_loss-->0.108484,train_acc-->0.995575,test_eval_loss-->1.491590,test_acc===0.583333
INFO:root:epoch:486 train_eval_loss-->0.100511,train_acc-->0.992625,test_eval_loss-->1.517246,test_acc===0.588235
INFO:root:epoch:487 train_eval_loss-->0.134611,train_acc-->1.000000,test_eval_loss-->1.542055,test_acc===0.612745
INFO:root:epoch:488 train_eval_loss-->0.114546,train_acc-->0.995575,test_eval_loss-->1.511786,test_acc===0.593137
INFO:root:epoch:489 train_eval_loss-->0.129451,train_acc-->0.977876,test_eval_loss-->1.535532,test_acc===0.553922
INFO:root:epoch:490 train_eval_loss-->0.129274,train_acc-->0.986726,test_eval_loss-->1.544318,test_acc===0.598039
INFO:root:epoch:491 train_eval_loss-->0.121595,train_acc-->0.992625,test_eval_loss-->1.537100,test_acc===0.578431
INFO:root:epoch:492 train_eval_loss-->0.122798,train_acc-->0.994100,test_eval_loss-->1.551702,test_acc===0.568627
INFO:root:epoch:493 train_eval_loss-->0.145365,train_acc-->0.983776,test_eval_loss-->1.568473,test_acc===0.539216
INFO:root:epoch:494 train_eval_loss-->0.132722,train_acc-->0.992625,test_eval_loss-->1.810351,test_acc===0.421569
INFO:root:epoch:495 train_eval_loss-->0.138508,train_acc-->0.994100,test_eval_loss-->1.650342,test_acc===0.549020
INFO:root:epoch:496 train_eval_loss-->0.142483,train_acc-->0.985251,test_eval_loss-->1.528069,test_acc===0.583333
INFO:root:epoch:497 train_eval_loss-->0.132046,train_acc-->0.995575,test_eval_loss-->1.515422,test_acc===0.588235
INFO:root:epoch:498 train_eval_loss-->0.179833,train_acc-->0.969027,test_eval_loss-->1.863065,test_acc===0.382353
INFO:root:epoch:499 train_eval_loss-->0.240796,train_acc-->0.855457,test_eval_loss-->1.739062,test_acc===0.436275
INFO:root:epoch:500 train_eval_loss-->0.177945,train_acc-->0.969027,test_eval_loss-->1.553729,test_acc===0.573529
INFO:root:epoch:501 train_eval_loss-->0.184867,train_acc-->0.963127,test_eval_loss-->1.516081,test_acc===0.583333
INFO:root:epoch:502 train_eval_loss-->0.164202,train_acc-->0.989676,test_eval_loss-->1.615793,test_acc===0.544118
INFO:root:epoch:503 train_eval_loss-->0.127441,train_acc-->0.986726,test_eval_loss-->1.670073,test_acc===0.539216
INFO:root:epoch:504 train_eval_loss-->0.174783,train_acc-->0.970501,test_eval_loss-->1.554059,test_acc===0.578431
INFO:root:epoch:505 train_eval_loss-->0.133357,train_acc-->0.989676,test_eval_loss-->1.532984,test_acc===0.578431
INFO:root:epoch:506 train_eval_loss-->0.130714,train_acc-->0.995575,test_eval_loss-->1.607282,test_acc===0.549020
INFO:root:epoch:507 train_eval_loss-->0.128870,train_acc-->0.991150,test_eval_loss-->1.509662,test_acc===0.593137
INFO:root:epoch:508 train_eval_loss-->0.140493,train_acc-->0.991150,test_eval_loss-->1.603229,test_acc===0.549020
INFO:root:epoch:509 train_eval_loss-->0.125709,train_acc-->0.998525,test_eval_loss-->1.545757,test_acc===0.593137
INFO:root:epoch:510 train_eval_loss-->0.115200,train_acc-->0.991150,test_eval_loss-->1.543343,test_acc===0.563725
INFO:root:epoch:511 train_eval_loss-->0.101258,train_acc-->0.997050,test_eval_loss-->1.470256,test_acc===0.612745
INFO:root:epoch:512 train_eval_loss-->0.099228,train_acc-->1.000000,test_eval_loss-->1.529596,test_acc===0.602941
INFO:root:epoch:513 train_eval_loss-->0.108701,train_acc-->1.000000,test_eval_loss-->1.508660,test_acc===0.593137
INFO:root:epoch:514 train_eval_loss-->0.110306,train_acc-->0.997050,test_eval_loss-->1.538046,test_acc===0.602941
INFO:root:epoch:515 train_eval_loss-->0.088000,train_acc-->0.998525,test_eval_loss-->1.525737,test_acc===0.568627
INFO:root:epoch:516 train_eval_loss-->0.094542,train_acc-->0.998525,test_eval_loss-->1.506795,test_acc===0.578431
INFO:root:epoch:517 train_eval_loss-->0.084497,train_acc-->1.000000,test_eval_loss-->1.482211,test_acc===0.617647
INFO:root:epoch:518 train_eval_loss-->0.084932,train_acc-->1.000000,test_eval_loss-->1.488349,test_acc===0.598039
INFO:root:epoch:519 train_eval_loss-->0.077877,train_acc-->1.000000,test_eval_loss-->1.465686,test_acc===0.612745
INFO:root:epoch:520 train_eval_loss-->0.074875,train_acc-->0.991150,test_eval_loss-->1.463013,test_acc===0.617647
INFO:root:epoch:521 train_eval_loss-->0.080077,train_acc-->1.000000,test_eval_loss-->1.507425,test_acc===0.598039
INFO:root:epoch:522 train_eval_loss-->0.079566,train_acc-->1.000000,test_eval_loss-->1.538224,test_acc===0.568627
INFO:root:epoch:523 train_eval_loss-->0.118844,train_acc-->1.000000,test_eval_loss-->1.506189,test_acc===0.588235
INFO:root:epoch:524 train_eval_loss-->0.082119,train_acc-->1.000000,test_eval_loss-->1.470650,test_acc===0.607843
INFO:root:epoch:525 train_eval_loss-->0.071951,train_acc-->1.000000,test_eval_loss-->1.496956,test_acc===0.598039
INFO:root:epoch:526 train_eval_loss-->0.062375,train_acc-->0.998525,test_eval_loss-->1.474440,test_acc===0.602941
INFO:root:epoch:527 train_eval_loss-->0.051816,train_acc-->1.000000,test_eval_loss-->1.474700,test_acc===0.593137
INFO:root:epoch:528 train_eval_loss-->0.055157,train_acc-->1.000000,test_eval_loss-->1.471891,test_acc===0.622549
INFO:root:epoch:529 train_eval_loss-->0.047520,train_acc-->1.000000,test_eval_loss-->1.475587,test_acc===0.607843
INFO:root:epoch:530 train_eval_loss-->0.048806,train_acc-->1.000000,test_eval_loss-->1.495060,test_acc===0.588235
INFO:root:epoch:531 train_eval_loss-->0.061051,train_acc-->0.991150,test_eval_loss-->1.485715,test_acc===0.598039
INFO:root:epoch:532 train_eval_loss-->0.048516,train_acc-->0.995575,test_eval_loss-->1.493352,test_acc===0.602941
INFO:root:epoch:533 train_eval_loss-->0.040864,train_acc-->1.000000,test_eval_loss-->1.477991,test_acc===0.617647
INFO:root:epoch:534 train_eval_loss-->0.033353,train_acc-->1.000000,test_eval_loss-->1.469926,test_acc===0.617647
INFO:root:epoch:535 train_eval_loss-->0.025811,train_acc-->1.000000,test_eval_loss-->1.458048,test_acc===0.612745
INFO:root:epoch:536 train_eval_loss-->0.025186,train_acc-->1.000000,test_eval_loss-->1.473920,test_acc===0.617647
INFO:root:epoch:537 train_eval_loss-->0.023540,train_acc-->1.000000,test_eval_loss-->1.482947,test_acc===0.622549
INFO:root:epoch:538 train_eval_loss-->0.020746,train_acc-->1.000000,test_eval_loss-->1.470657,test_acc===0.607843
INFO:root:epoch:539 train_eval_loss-->0.017393,train_acc-->1.000000,test_eval_loss-->1.468719,test_acc===0.622549
INFO:root:epoch:540 train_eval_loss-->0.014733,train_acc-->1.000000,test_eval_loss-->1.473550,test_acc===0.622549
INFO:root:epoch:541 train_eval_loss-->0.012419,train_acc-->1.000000,test_eval_loss-->1.469250,test_acc===0.622549
INFO:root:epoch:542 train_eval_loss-->0.011085,train_acc-->1.000000,test_eval_loss-->1.467787,test_acc===0.622549
INFO:root:epoch:543 train_eval_loss-->0.009165,train_acc-->1.000000,test_eval_loss-->1.467418,test_acc===0.612745
INFO:root:epoch:544 train_eval_loss-->0.008218,train_acc-->1.000000,test_eval_loss-->1.470942,test_acc===0.622549
INFO:root:epoch:545 train_eval_loss-->0.006231,train_acc-->1.000000,test_eval_loss-->1.471487,test_acc===0.622549
INFO:root:epoch:546 train_eval_loss-->0.005339,train_acc-->1.000000,test_eval_loss-->1.471748,test_acc===0.622549
INFO:root:epoch:547 train_eval_loss-->0.004342,train_acc-->1.000000,test_eval_loss-->1.470392,test_acc===0.622549
INFO:root:epoch:548 train_eval_loss-->0.003738,train_acc-->1.000000,test_eval_loss-->1.470899,test_acc===0.622549
INFO:root:epoch:549 train_eval_loss-->0.003382,train_acc-->1.000000,test_eval_loss-->1.470497,test_acc===0.622549
INFO:root:epoch:550 train_eval_loss-->0.003065,train_acc-->1.000000,test_eval_loss-->1.470659,test_acc===0.622549
INFO:root:epoch:551 train_eval_loss-->0.003126,train_acc-->1.000000,test_eval_loss-->1.470418,test_acc===0.622549
INFO:root:epoch:552 train_eval_loss-->0.003223,train_acc-->1.000000,test_eval_loss-->1.470478,test_acc===0.622549
INFO:root:epoch:553 train_eval_loss-->0.003194,train_acc-->1.000000,test_eval_loss-->1.470337,test_acc===0.622549
INFO:root:epoch:554 train_eval_loss-->0.003178,train_acc-->1.000000,test_eval_loss-->1.469272,test_acc===0.622549
INFO:root:epoch:555 train_eval_loss-->0.003730,train_acc-->1.000000,test_eval_loss-->1.469013,test_acc===0.622549
INFO:root:epoch:556 train_eval_loss-->0.005145,train_acc-->1.000000,test_eval_loss-->1.468280,test_acc===0.617647
INFO:root:epoch:557 train_eval_loss-->0.006094,train_acc-->1.000000,test_eval_loss-->1.469410,test_acc===0.622549
INFO:root:epoch:558 train_eval_loss-->0.008430,train_acc-->1.000000,test_eval_loss-->1.467331,test_acc===0.617647
INFO:root:epoch:559 train_eval_loss-->0.010468,train_acc-->1.000000,test_eval_loss-->1.469601,test_acc===0.612745
INFO:root:epoch:560 train_eval_loss-->0.013506,train_acc-->1.000000,test_eval_loss-->1.473353,test_acc===0.622549
INFO:root:epoch:561 train_eval_loss-->0.012728,train_acc-->1.000000,test_eval_loss-->1.468756,test_acc===0.617647
INFO:root:epoch:562 train_eval_loss-->0.015266,train_acc-->1.000000,test_eval_loss-->1.476830,test_acc===0.622549
INFO:root:epoch:563 train_eval_loss-->0.022896,train_acc-->1.000000,test_eval_loss-->1.477256,test_acc===0.617647
INFO:root:epoch:564 train_eval_loss-->0.026639,train_acc-->1.000000,test_eval_loss-->1.493151,test_acc===0.607843
INFO:root:epoch:565 train_eval_loss-->0.029853,train_acc-->1.000000,test_eval_loss-->1.465750,test_acc===0.627451
INFO:root:epoch:566 train_eval_loss-->0.028231,train_acc-->1.000000,test_eval_loss-->1.476619,test_acc===0.612745
INFO:root:epoch:567 train_eval_loss-->0.029888,train_acc-->1.000000,test_eval_loss-->1.487909,test_acc===0.622549
INFO:root:epoch:568 train_eval_loss-->0.038983,train_acc-->1.000000,test_eval_loss-->1.469365,test_acc===0.607843
INFO:root:epoch:569 train_eval_loss-->0.039881,train_acc-->1.000000,test_eval_loss-->1.480348,test_acc===0.612745
INFO:root:epoch:570 train_eval_loss-->0.041909,train_acc-->1.000000,test_eval_loss-->1.474428,test_acc===0.607843
INFO:root:epoch:571 train_eval_loss-->0.045122,train_acc-->1.000000,test_eval_loss-->1.503395,test_acc===0.617647
INFO:root:epoch:572 train_eval_loss-->0.047782,train_acc-->1.000000,test_eval_loss-->1.503762,test_acc===0.607843
INFO:root:epoch:573 train_eval_loss-->0.064262,train_acc-->1.000000,test_eval_loss-->1.474790,test_acc===0.598039
INFO:root:epoch:574 train_eval_loss-->0.063990,train_acc-->1.000000,test_eval_loss-->1.503259,test_acc===0.602941
INFO:root:epoch:575 train_eval_loss-->0.065715,train_acc-->1.000000,test_eval_loss-->1.476341,test_acc===0.627451
INFO:root:epoch:576 train_eval_loss-->0.058659,train_acc-->1.000000,test_eval_loss-->1.494758,test_acc===0.598039
INFO:root:epoch:577 train_eval_loss-->0.063471,train_acc-->1.000000,test_eval_loss-->1.578321,test_acc===0.558824
INFO:root:epoch:578 train_eval_loss-->0.085902,train_acc-->1.000000,test_eval_loss-->1.482433,test_acc===0.602941
INFO:root:epoch:579 train_eval_loss-->0.067118,train_acc-->1.000000,test_eval_loss-->1.484878,test_acc===0.593137
INFO:root:epoch:580 train_eval_loss-->0.075149,train_acc-->1.000000,test_eval_loss-->1.513613,test_acc===0.568627
INFO:root:epoch:581 train_eval_loss-->0.077281,train_acc-->1.000000,test_eval_loss-->1.554990,test_acc===0.578431
INFO:root:epoch:582 train_eval_loss-->0.104963,train_acc-->0.997050,test_eval_loss-->1.503529,test_acc===0.598039
INFO:root:epoch:583 train_eval_loss-->0.098063,train_acc-->0.998525,test_eval_loss-->1.559759,test_acc===0.588235
INFO:root:epoch:584 train_eval_loss-->0.094854,train_acc-->1.000000,test_eval_loss-->1.492617,test_acc===0.583333
INFO:root:epoch:585 train_eval_loss-->0.089133,train_acc-->0.998525,test_eval_loss-->1.494141,test_acc===0.573529
INFO:root:epoch:586 train_eval_loss-->0.089999,train_acc-->0.995575,test_eval_loss-->1.544845,test_acc===0.583333
INFO:root:epoch:587 train_eval_loss-->0.094856,train_acc-->0.997050,test_eval_loss-->1.540152,test_acc===0.593137
INFO:root:epoch:588 train_eval_loss-->0.100594,train_acc-->1.000000,test_eval_loss-->1.559652,test_acc===0.563725
INFO:root:epoch:589 train_eval_loss-->0.123660,train_acc-->0.992625,test_eval_loss-->1.515978,test_acc===0.583333
INFO:root:epoch:590 train_eval_loss-->0.112429,train_acc-->0.997050,test_eval_loss-->1.512927,test_acc===0.593137
INFO:root:epoch:591 train_eval_loss-->0.098849,train_acc-->1.000000,test_eval_loss-->1.463441,test_acc===0.598039
INFO:root:epoch:592 train_eval_loss-->0.122212,train_acc-->1.000000,test_eval_loss-->1.568202,test_acc===0.583333
INFO:root:epoch:593 train_eval_loss-->0.140497,train_acc-->0.988201,test_eval_loss-->1.562187,test_acc===0.563725
INFO:root:epoch:594 train_eval_loss-->0.129387,train_acc-->0.998525,test_eval_loss-->1.544691,test_acc===0.563725
INFO:root:epoch:595 train_eval_loss-->0.125906,train_acc-->0.994100,test_eval_loss-->1.498138,test_acc===0.573529
INFO:root:epoch:596 train_eval_loss-->0.129836,train_acc-->0.994100,test_eval_loss-->1.538127,test_acc===0.593137
INFO:root:epoch:597 train_eval_loss-->0.139094,train_acc-->0.989676,test_eval_loss-->1.516822,test_acc===0.602941
INFO:root:epoch:598 train_eval_loss-->0.128162,train_acc-->0.994100,test_eval_loss-->1.555302,test_acc===0.534314
INFO:root:epoch:599 train_eval_loss-->0.141371,train_acc-->0.991150,test_eval_loss-->1.513014,test_acc===0.573529
INFO:root:epoch:600 train_eval_loss-->0.115707,train_acc-->1.000000,test_eval_loss-->1.486623,test_acc===0.607843
INFO:root:epoch:601 train_eval_loss-->0.110818,train_acc-->0.991150,test_eval_loss-->1.522224,test_acc===0.602941
INFO:root:epoch:602 train_eval_loss-->0.114463,train_acc-->0.998525,test_eval_loss-->1.546541,test_acc===0.568627
INFO:root:epoch:603 train_eval_loss-->0.131255,train_acc-->0.991150,test_eval_loss-->1.590675,test_acc===0.529412
INFO:root:epoch:604 train_eval_loss-->0.113016,train_acc-->1.000000,test_eval_loss-->1.584317,test_acc===0.578431
INFO:root:epoch:605 train_eval_loss-->0.123330,train_acc-->0.989676,test_eval_loss-->1.566336,test_acc===0.598039
INFO:root:epoch:606 train_eval_loss-->0.112792,train_acc-->0.986726,test_eval_loss-->1.509971,test_acc===0.593137
INFO:root:epoch:607 train_eval_loss-->0.112339,train_acc-->1.000000,test_eval_loss-->1.498951,test_acc===0.558824
INFO:root:epoch:608 train_eval_loss-->0.118212,train_acc-->1.000000,test_eval_loss-->1.542407,test_acc===0.593137
INFO:root:epoch:609 train_eval_loss-->0.106519,train_acc-->0.995575,test_eval_loss-->1.609169,test_acc===0.578431
INFO:root:epoch:610 train_eval_loss-->0.130271,train_acc-->0.997050,test_eval_loss-->1.646583,test_acc===0.553922
INFO:root:epoch:611 train_eval_loss-->0.155060,train_acc-->0.969027,test_eval_loss-->1.510921,test_acc===0.553922
INFO:root:epoch:612 train_eval_loss-->0.169395,train_acc-->0.954277,test_eval_loss-->1.504338,test_acc===0.598039
INFO:root:epoch:613 train_eval_loss-->0.118467,train_acc-->0.992625,test_eval_loss-->1.604730,test_acc===0.573529
INFO:root:epoch:614 train_eval_loss-->0.110911,train_acc-->1.000000,test_eval_loss-->1.530027,test_acc===0.583333
INFO:root:epoch:615 train_eval_loss-->0.093314,train_acc-->1.000000,test_eval_loss-->1.651153,test_acc===0.558824
INFO:root:epoch:616 train_eval_loss-->0.110850,train_acc-->1.000000,test_eval_loss-->1.535344,test_acc===0.598039
INFO:root:epoch:617 train_eval_loss-->0.106090,train_acc-->1.000000,test_eval_loss-->1.573513,test_acc===0.549020
INFO:root:epoch:618 train_eval_loss-->0.112809,train_acc-->1.000000,test_eval_loss-->1.540999,test_acc===0.588235
INFO:root:epoch:619 train_eval_loss-->0.112415,train_acc-->0.986726,test_eval_loss-->1.536164,test_acc===0.583333
INFO:root:epoch:620 train_eval_loss-->0.105984,train_acc-->0.997050,test_eval_loss-->1.536080,test_acc===0.578431
INFO:root:epoch:621 train_eval_loss-->0.083510,train_acc-->0.995575,test_eval_loss-->1.554104,test_acc===0.607843
INFO:root:epoch:622 train_eval_loss-->0.083467,train_acc-->0.994100,test_eval_loss-->1.525608,test_acc===0.602941
INFO:root:epoch:623 train_eval_loss-->0.065125,train_acc-->1.000000,test_eval_loss-->1.501461,test_acc===0.602941
INFO:root:epoch:624 train_eval_loss-->0.058216,train_acc-->0.998525,test_eval_loss-->1.507135,test_acc===0.612745
INFO:root:epoch:625 train_eval_loss-->0.057734,train_acc-->1.000000,test_eval_loss-->1.522207,test_acc===0.602941
INFO:root:epoch:626 train_eval_loss-->0.056715,train_acc-->1.000000,test_eval_loss-->1.479113,test_acc===0.607843
INFO:root:epoch:627 train_eval_loss-->0.062971,train_acc-->1.000000,test_eval_loss-->1.481913,test_acc===0.622549
INFO:root:epoch:628 train_eval_loss-->0.053634,train_acc-->1.000000,test_eval_loss-->1.466872,test_acc===0.632353
INFO:root:epoch:629 train_eval_loss-->0.039908,train_acc-->1.000000,test_eval_loss-->1.493488,test_acc===0.607843
INFO:root:epoch:630 train_eval_loss-->0.041942,train_acc-->1.000000,test_eval_loss-->1.490536,test_acc===0.612745
INFO:root:epoch:631 train_eval_loss-->0.039071,train_acc-->1.000000,test_eval_loss-->1.467853,test_acc===0.622549
INFO:root:epoch:632 train_eval_loss-->0.037175,train_acc-->1.000000,test_eval_loss-->1.478966,test_acc===0.612745
INFO:root:epoch:633 train_eval_loss-->0.038206,train_acc-->1.000000,test_eval_loss-->1.474515,test_acc===0.607843
INFO:root:epoch:634 train_eval_loss-->0.029710,train_acc-->1.000000,test_eval_loss-->1.475500,test_acc===0.627451
INFO:root:epoch:635 train_eval_loss-->0.027049,train_acc-->1.000000,test_eval_loss-->1.477751,test_acc===0.607843
INFO:root:epoch:636 train_eval_loss-->0.021655,train_acc-->1.000000,test_eval_loss-->1.468674,test_acc===0.617647
INFO:root:epoch:637 train_eval_loss-->0.018992,train_acc-->1.000000,test_eval_loss-->1.461295,test_acc===0.627451
INFO:root:epoch:638 train_eval_loss-->0.018137,train_acc-->1.000000,test_eval_loss-->1.475485,test_acc===0.617647
INFO:root:epoch:639 train_eval_loss-->0.019074,train_acc-->1.000000,test_eval_loss-->1.475810,test_acc===0.627451
INFO:root:epoch:640 train_eval_loss-->0.014478,train_acc-->1.000000,test_eval_loss-->1.472650,test_acc===0.622549
INFO:root:epoch:641 train_eval_loss-->0.011868,train_acc-->1.000000,test_eval_loss-->1.469368,test_acc===0.622549
INFO:root:epoch:642 train_eval_loss-->0.009984,train_acc-->1.000000,test_eval_loss-->1.469427,test_acc===0.622549
INFO:root:epoch:643 train_eval_loss-->0.008565,train_acc-->1.000000,test_eval_loss-->1.468205,test_acc===0.617647
INFO:root:epoch:644 train_eval_loss-->0.007662,train_acc-->1.000000,test_eval_loss-->1.471281,test_acc===0.622549
INFO:root:epoch:645 train_eval_loss-->0.005777,train_acc-->1.000000,test_eval_loss-->1.470208,test_acc===0.622549
INFO:root:epoch:646 train_eval_loss-->0.005606,train_acc-->1.000000,test_eval_loss-->1.470546,test_acc===0.622549
INFO:root:epoch:647 train_eval_loss-->0.004101,train_acc-->1.000000,test_eval_loss-->1.469796,test_acc===0.622549
INFO:root:epoch:648 train_eval_loss-->0.003726,train_acc-->1.000000,test_eval_loss-->1.470573,test_acc===0.622549
INFO:root:epoch:649 train_eval_loss-->0.003005,train_acc-->1.000000,test_eval_loss-->1.470537,test_acc===0.622549
INFO:root:epoch:650 train_eval_loss-->0.002781,train_acc-->1.000000,test_eval_loss-->1.470238,test_acc===0.622549
INFO:root:epoch:651 train_eval_loss-->0.002828,train_acc-->1.000000,test_eval_loss-->1.470152,test_acc===0.622549
INFO:root:epoch:652 train_eval_loss-->0.002854,train_acc-->1.000000,test_eval_loss-->1.470537,test_acc===0.622549
INFO:root:epoch:653 train_eval_loss-->0.002998,train_acc-->1.000000,test_eval_loss-->1.470240,test_acc===0.622549
INFO:root:epoch:654 train_eval_loss-->0.003019,train_acc-->1.000000,test_eval_loss-->1.470510,test_acc===0.622549
INFO:root:epoch:655 train_eval_loss-->0.003682,train_acc-->1.000000,test_eval_loss-->1.471928,test_acc===0.622549
INFO:root:epoch:656 train_eval_loss-->0.004281,train_acc-->1.000000,test_eval_loss-->1.471692,test_acc===0.622549
INFO:root:epoch:657 train_eval_loss-->0.006348,train_acc-->1.000000,test_eval_loss-->1.473372,test_acc===0.617647
INFO:root:epoch:658 train_eval_loss-->0.009331,train_acc-->1.000000,test_eval_loss-->1.467017,test_acc===0.622549
INFO:root:epoch:659 train_eval_loss-->0.009000,train_acc-->1.000000,test_eval_loss-->1.473423,test_acc===0.617647
INFO:root:epoch:660 train_eval_loss-->0.011707,train_acc-->1.000000,test_eval_loss-->1.468523,test_acc===0.622549
INFO:root:epoch:661 train_eval_loss-->0.013198,train_acc-->1.000000,test_eval_loss-->1.473316,test_acc===0.622549
INFO:root:epoch:662 train_eval_loss-->0.015933,train_acc-->1.000000,test_eval_loss-->1.462997,test_acc===0.617647
INFO:root:epoch:663 train_eval_loss-->0.017985,train_acc-->1.000000,test_eval_loss-->1.474628,test_acc===0.607843
INFO:root:epoch:664 train_eval_loss-->0.022713,train_acc-->1.000000,test_eval_loss-->1.470163,test_acc===0.612745
INFO:root:epoch:665 train_eval_loss-->0.026914,train_acc-->1.000000,test_eval_loss-->1.485206,test_acc===0.607843
INFO:root:epoch:666 train_eval_loss-->0.029877,train_acc-->1.000000,test_eval_loss-->1.468000,test_acc===0.622549
INFO:root:epoch:667 train_eval_loss-->0.030809,train_acc-->1.000000,test_eval_loss-->1.470943,test_acc===0.617647
INFO:root:epoch:668 train_eval_loss-->0.032564,train_acc-->1.000000,test_eval_loss-->1.468581,test_acc===0.607843
INFO:root:epoch:669 train_eval_loss-->0.039285,train_acc-->1.000000,test_eval_loss-->1.488482,test_acc===0.617647
INFO:root:epoch:670 train_eval_loss-->0.041656,train_acc-->1.000000,test_eval_loss-->1.489793,test_acc===0.612745
INFO:root:epoch:671 train_eval_loss-->0.044891,train_acc-->1.000000,test_eval_loss-->1.468458,test_acc===0.607843
INFO:root:epoch:672 train_eval_loss-->0.051670,train_acc-->1.000000,test_eval_loss-->1.468547,test_acc===0.607843
INFO:root:epoch:673 train_eval_loss-->0.058024,train_acc-->1.000000,test_eval_loss-->1.491181,test_acc===0.598039
INFO:root:epoch:674 train_eval_loss-->0.053523,train_acc-->1.000000,test_eval_loss-->1.464209,test_acc===0.632353
INFO:root:epoch:675 train_eval_loss-->0.060892,train_acc-->0.998525,test_eval_loss-->1.495088,test_acc===0.627451
INFO:root:epoch:676 train_eval_loss-->0.062137,train_acc-->1.000000,test_eval_loss-->1.492583,test_acc===0.622549
INFO:root:epoch:677 train_eval_loss-->0.062750,train_acc-->0.998525,test_eval_loss-->1.480318,test_acc===0.622549
INFO:root:epoch:678 train_eval_loss-->0.082536,train_acc-->0.998525,test_eval_loss-->1.471480,test_acc===0.612745
INFO:root:epoch:679 train_eval_loss-->0.073055,train_acc-->1.000000,test_eval_loss-->1.528781,test_acc===0.593137
INFO:root:epoch:680 train_eval_loss-->0.079478,train_acc-->1.000000,test_eval_loss-->1.463810,test_acc===0.607843
INFO:root:epoch:681 train_eval_loss-->0.078433,train_acc-->1.000000,test_eval_loss-->1.514282,test_acc===0.598039
INFO:root:epoch:682 train_eval_loss-->0.099194,train_acc-->0.998525,test_eval_loss-->1.506532,test_acc===0.583333
INFO:root:epoch:683 train_eval_loss-->0.088823,train_acc-->1.000000,test_eval_loss-->1.482744,test_acc===0.588235
INFO:root:epoch:684 train_eval_loss-->0.091821,train_acc-->0.995575,test_eval_loss-->1.445110,test_acc===0.617647
INFO:root:epoch:685 train_eval_loss-->0.099134,train_acc-->0.997050,test_eval_loss-->1.493032,test_acc===0.612745
INFO:root:epoch:686 train_eval_loss-->0.089792,train_acc-->1.000000,test_eval_loss-->1.550385,test_acc===0.539216
INFO:root:epoch:687 train_eval_loss-->0.101854,train_acc-->0.998525,test_eval_loss-->1.490385,test_acc===0.622549
INFO:root:epoch:688 train_eval_loss-->0.116631,train_acc-->1.000000,test_eval_loss-->1.567765,test_acc===0.558824
INFO:root:epoch:689 train_eval_loss-->0.112145,train_acc-->0.991150,test_eval_loss-->1.505741,test_acc===0.593137
INFO:root:epoch:690 train_eval_loss-->0.138372,train_acc-->0.986726,test_eval_loss-->1.552426,test_acc===0.568627
INFO:root:epoch:691 train_eval_loss-->0.125391,train_acc-->0.992625,test_eval_loss-->1.732328,test_acc===0.465686
INFO:root:epoch:692 train_eval_loss-->0.112898,train_acc-->1.000000,test_eval_loss-->1.515057,test_acc===0.593137
INFO:root:epoch:693 train_eval_loss-->0.100372,train_acc-->0.998525,test_eval_loss-->1.559544,test_acc===0.549020
INFO:root:epoch:694 train_eval_loss-->0.115609,train_acc-->0.986726,test_eval_loss-->1.637258,test_acc===0.549020
INFO:root:epoch:695 train_eval_loss-->0.130615,train_acc-->0.992625,test_eval_loss-->1.500960,test_acc===0.602941
INFO:root:epoch:696 train_eval_loss-->0.104890,train_acc-->0.997050,test_eval_loss-->1.523047,test_acc===0.593137
INFO:root:epoch:697 train_eval_loss-->0.106196,train_acc-->0.992625,test_eval_loss-->1.548427,test_acc===0.568627
INFO:root:epoch:698 train_eval_loss-->0.115505,train_acc-->0.995575,test_eval_loss-->1.481063,test_acc===0.607843
INFO:root:epoch:699 train_eval_loss-->0.102532,train_acc-->1.000000,test_eval_loss-->1.595268,test_acc===0.573529
INFO:root:epoch:700 train_eval_loss-->0.106341,train_acc-->1.000000,test_eval_loss-->1.533354,test_acc===0.607843
INFO:root:epoch:701 train_eval_loss-->0.116866,train_acc-->0.994100,test_eval_loss-->1.486596,test_acc===0.593137
INFO:root:epoch:702 train_eval_loss-->0.118366,train_acc-->0.997050,test_eval_loss-->1.533755,test_acc===0.593137
INFO:root:epoch:703 train_eval_loss-->0.119149,train_acc-->0.988201,test_eval_loss-->1.725504,test_acc===0.519608
INFO:root:epoch:704 train_eval_loss-->0.155728,train_acc-->0.980826,test_eval_loss-->1.588240,test_acc===0.583333
INFO:root:epoch:705 train_eval_loss-->0.107730,train_acc-->1.000000,test_eval_loss-->1.582286,test_acc===0.524510
INFO:root:epoch:706 train_eval_loss-->0.099869,train_acc-->1.000000,test_eval_loss-->1.564416,test_acc===0.593137
INFO:root:epoch:707 train_eval_loss-->0.106200,train_acc-->0.991150,test_eval_loss-->1.497167,test_acc===0.568627
INFO:root:epoch:708 train_eval_loss-->0.099104,train_acc-->0.998525,test_eval_loss-->1.512806,test_acc===0.588235
INFO:root:epoch:709 train_eval_loss-->0.097410,train_acc-->0.988201,test_eval_loss-->1.523221,test_acc===0.602941
INFO:root:epoch:710 train_eval_loss-->0.112673,train_acc-->0.995575,test_eval_loss-->1.514422,test_acc===0.593137
INFO:root:epoch:711 train_eval_loss-->0.113716,train_acc-->0.994100,test_eval_loss-->1.530513,test_acc===0.578431
INFO:root:epoch:712 train_eval_loss-->0.094378,train_acc-->0.995575,test_eval_loss-->1.497953,test_acc===0.622549
INFO:root:epoch:713 train_eval_loss-->0.088504,train_acc-->1.000000,test_eval_loss-->1.526890,test_acc===0.617647
INFO:root:epoch:714 train_eval_loss-->0.081406,train_acc-->0.997050,test_eval_loss-->1.558452,test_acc===0.539216
INFO:root:epoch:715 train_eval_loss-->0.095866,train_acc-->0.998525,test_eval_loss-->1.517330,test_acc===0.578431
INFO:root:epoch:716 train_eval_loss-->0.093186,train_acc-->0.998525,test_eval_loss-->1.481194,test_acc===0.588235
INFO:root:epoch:717 train_eval_loss-->0.123810,train_acc-->0.988201,test_eval_loss-->1.649013,test_acc===0.539216
INFO:root:epoch:718 train_eval_loss-->0.097371,train_acc-->0.997050,test_eval_loss-->1.508121,test_acc===0.617647
INFO:root:epoch:719 train_eval_loss-->0.091948,train_acc-->1.000000,test_eval_loss-->1.478212,test_acc===0.617647
INFO:root:epoch:720 train_eval_loss-->0.104410,train_acc-->0.991150,test_eval_loss-->1.547800,test_acc===0.563725
INFO:root:epoch:721 train_eval_loss-->0.101289,train_acc-->1.000000,test_eval_loss-->1.527329,test_acc===0.553922
INFO:root:epoch:722 train_eval_loss-->0.088244,train_acc-->0.995575,test_eval_loss-->1.485153,test_acc===0.607843
INFO:root:epoch:723 train_eval_loss-->0.074872,train_acc-->1.000000,test_eval_loss-->1.524559,test_acc===0.617647
INFO:root:epoch:724 train_eval_loss-->0.066593,train_acc-->1.000000,test_eval_loss-->1.493138,test_acc===0.583333
INFO:root:epoch:725 train_eval_loss-->0.060809,train_acc-->1.000000,test_eval_loss-->1.485794,test_acc===0.617647
INFO:root:epoch:726 train_eval_loss-->0.057008,train_acc-->1.000000,test_eval_loss-->1.480006,test_acc===0.602941
INFO:root:epoch:727 train_eval_loss-->0.058748,train_acc-->1.000000,test_eval_loss-->1.483155,test_acc===0.632353
INFO:root:epoch:728 train_eval_loss-->0.045825,train_acc-->1.000000,test_eval_loss-->1.475061,test_acc===0.642157
INFO:root:epoch:729 train_eval_loss-->0.047846,train_acc-->1.000000,test_eval_loss-->1.466895,test_acc===0.622549
INFO:root:epoch:730 train_eval_loss-->0.042414,train_acc-->1.000000,test_eval_loss-->1.476187,test_acc===0.612745
INFO:root:epoch:731 train_eval_loss-->0.032324,train_acc-->1.000000,test_eval_loss-->1.478318,test_acc===0.627451
INFO:root:epoch:732 train_eval_loss-->0.033841,train_acc-->1.000000,test_eval_loss-->1.498416,test_acc===0.622549
INFO:root:epoch:733 train_eval_loss-->0.034182,train_acc-->1.000000,test_eval_loss-->1.482262,test_acc===0.622549
INFO:root:epoch:734 train_eval_loss-->0.025683,train_acc-->1.000000,test_eval_loss-->1.482239,test_acc===0.622549
INFO:root:epoch:735 train_eval_loss-->0.024344,train_acc-->1.000000,test_eval_loss-->1.474551,test_acc===0.622549
INFO:root:epoch:736 train_eval_loss-->0.021393,train_acc-->1.000000,test_eval_loss-->1.484113,test_acc===0.622549
INFO:root:epoch:737 train_eval_loss-->0.024096,train_acc-->1.000000,test_eval_loss-->1.473552,test_acc===0.627451
INFO:root:epoch:738 train_eval_loss-->0.019493,train_acc-->1.000000,test_eval_loss-->1.476497,test_acc===0.627451
INFO:root:epoch:739 train_eval_loss-->0.016551,train_acc-->1.000000,test_eval_loss-->1.473598,test_acc===0.627451
INFO:root:epoch:740 train_eval_loss-->0.015050,train_acc-->1.000000,test_eval_loss-->1.482422,test_acc===0.622549
INFO:root:epoch:741 train_eval_loss-->0.013051,train_acc-->1.000000,test_eval_loss-->1.473201,test_acc===0.632353
INFO:root:epoch:742 train_eval_loss-->0.011180,train_acc-->1.000000,test_eval_loss-->1.476085,test_acc===0.632353
INFO:root:epoch:743 train_eval_loss-->0.008616,train_acc-->1.000000,test_eval_loss-->1.472832,test_acc===0.632353
INFO:root:epoch:744 train_eval_loss-->0.007142,train_acc-->1.000000,test_eval_loss-->1.473308,test_acc===0.632353
INFO:root:epoch:745 train_eval_loss-->0.005674,train_acc-->1.000000,test_eval_loss-->1.473125,test_acc===0.637255
INFO:root:epoch:746 train_eval_loss-->0.004961,train_acc-->1.000000,test_eval_loss-->1.473840,test_acc===0.627451
INFO:root:epoch:747 train_eval_loss-->0.004026,train_acc-->1.000000,test_eval_loss-->1.473781,test_acc===0.627451
INFO:root:epoch:748 train_eval_loss-->0.003659,train_acc-->1.000000,test_eval_loss-->1.474519,test_acc===0.627451
INFO:root:epoch:749 train_eval_loss-->0.003198,train_acc-->1.000000,test_eval_loss-->1.473440,test_acc===0.627451
INFO:root:epoch:750 train_eval_loss-->0.002874,train_acc-->1.000000,test_eval_loss-->1.474116,test_acc===0.622549
INFO:root:epoch:751 train_eval_loss-->0.002837,train_acc-->1.000000,test_eval_loss-->1.474458,test_acc===0.627451
INFO:root:epoch:752 train_eval_loss-->0.002652,train_acc-->1.000000,test_eval_loss-->1.474591,test_acc===0.622549
INFO:root:epoch:753 train_eval_loss-->0.002977,train_acc-->1.000000,test_eval_loss-->1.473913,test_acc===0.632353
INFO:root:epoch:754 train_eval_loss-->0.002976,train_acc-->1.000000,test_eval_loss-->1.474946,test_acc===0.622549
INFO:root:epoch:755 train_eval_loss-->0.003428,train_acc-->1.000000,test_eval_loss-->1.473896,test_acc===0.627451
INFO:root:epoch:756 train_eval_loss-->0.004335,train_acc-->1.000000,test_eval_loss-->1.475131,test_acc===0.632353
INFO:root:epoch:757 train_eval_loss-->0.006203,train_acc-->1.000000,test_eval_loss-->1.471377,test_acc===0.642157
INFO:root:epoch:758 train_eval_loss-->0.008419,train_acc-->1.000000,test_eval_loss-->1.477416,test_acc===0.632353
INFO:root:epoch:759 train_eval_loss-->0.008192,train_acc-->1.000000,test_eval_loss-->1.475119,test_acc===0.627451
INFO:root:epoch:760 train_eval_loss-->0.009716,train_acc-->1.000000,test_eval_loss-->1.476079,test_acc===0.627451
INFO:root:epoch:761 train_eval_loss-->0.013347,train_acc-->1.000000,test_eval_loss-->1.477437,test_acc===0.627451
INFO:root:epoch:762 train_eval_loss-->0.017415,train_acc-->1.000000,test_eval_loss-->1.480368,test_acc===0.632353
INFO:root:epoch:763 train_eval_loss-->0.018429,train_acc-->1.000000,test_eval_loss-->1.472470,test_acc===0.627451
INFO:root:epoch:764 train_eval_loss-->0.022996,train_acc-->1.000000,test_eval_loss-->1.499343,test_acc===0.627451
INFO:root:epoch:765 train_eval_loss-->0.031052,train_acc-->1.000000,test_eval_loss-->1.462887,test_acc===0.622549
INFO:root:epoch:766 train_eval_loss-->0.037014,train_acc-->1.000000,test_eval_loss-->1.470157,test_acc===0.632353
INFO:root:epoch:767 train_eval_loss-->0.029851,train_acc-->1.000000,test_eval_loss-->1.474609,test_acc===0.622549
INFO:root:epoch:768 train_eval_loss-->0.030759,train_acc-->1.000000,test_eval_loss-->1.466834,test_acc===0.637255
INFO:root:epoch:769 train_eval_loss-->0.037400,train_acc-->1.000000,test_eval_loss-->1.474723,test_acc===0.632353
INFO:root:epoch:770 train_eval_loss-->0.036917,train_acc-->1.000000,test_eval_loss-->1.485356,test_acc===0.617647
INFO:root:epoch:771 train_eval_loss-->0.038431,train_acc-->1.000000,test_eval_loss-->1.472910,test_acc===0.622549
INFO:root:epoch:772 train_eval_loss-->0.045594,train_acc-->1.000000,test_eval_loss-->1.462928,test_acc===0.627451
INFO:root:epoch:773 train_eval_loss-->0.049701,train_acc-->1.000000,test_eval_loss-->1.493743,test_acc===0.627451
INFO:root:epoch:774 train_eval_loss-->0.050821,train_acc-->1.000000,test_eval_loss-->1.481567,test_acc===0.607843
INFO:root:epoch:775 train_eval_loss-->0.058893,train_acc-->1.000000,test_eval_loss-->1.505780,test_acc===0.588235
INFO:root:epoch:776 train_eval_loss-->0.078086,train_acc-->1.000000,test_eval_loss-->1.500960,test_acc===0.612745
INFO:root:epoch:777 train_eval_loss-->0.063550,train_acc-->1.000000,test_eval_loss-->1.519641,test_acc===0.612745
INFO:root:epoch:778 train_eval_loss-->0.068138,train_acc-->0.998525,test_eval_loss-->1.472042,test_acc===0.588235
INFO:root:epoch:779 train_eval_loss-->0.072938,train_acc-->1.000000,test_eval_loss-->1.503403,test_acc===0.588235
INFO:root:epoch:780 train_eval_loss-->0.070777,train_acc-->1.000000,test_eval_loss-->1.475451,test_acc===0.598039
INFO:root:epoch:781 train_eval_loss-->0.073102,train_acc-->1.000000,test_eval_loss-->1.511328,test_acc===0.622549
INFO:root:epoch:782 train_eval_loss-->0.069757,train_acc-->1.000000,test_eval_loss-->1.479062,test_acc===0.617647
INFO:root:epoch:783 train_eval_loss-->0.067485,train_acc-->0.998525,test_eval_loss-->1.499907,test_acc===0.607843
INFO:root:epoch:784 train_eval_loss-->0.075816,train_acc-->1.000000,test_eval_loss-->1.525915,test_acc===0.627451
INFO:root:epoch:785 train_eval_loss-->0.072931,train_acc-->1.000000,test_eval_loss-->1.520129,test_acc===0.598039
INFO:root:epoch:786 train_eval_loss-->0.085815,train_acc-->1.000000,test_eval_loss-->1.506479,test_acc===0.617647
INFO:root:epoch:787 train_eval_loss-->0.083303,train_acc-->1.000000,test_eval_loss-->1.564610,test_acc===0.588235
INFO:root:epoch:788 train_eval_loss-->0.085535,train_acc-->1.000000,test_eval_loss-->1.562954,test_acc===0.583333
INFO:root:epoch:789 train_eval_loss-->0.087251,train_acc-->1.000000,test_eval_loss-->1.508705,test_acc===0.578431
INFO:root:epoch:790 train_eval_loss-->0.120611,train_acc-->0.997050,test_eval_loss-->1.527630,test_acc===0.612745
INFO:root:epoch:791 train_eval_loss-->0.103202,train_acc-->1.000000,test_eval_loss-->1.496492,test_acc===0.583333
INFO:root:epoch:792 train_eval_loss-->0.109900,train_acc-->0.992625,test_eval_loss-->1.500652,test_acc===0.593137
INFO:root:epoch:793 train_eval_loss-->0.099491,train_acc-->0.998525,test_eval_loss-->1.492381,test_acc===0.602941
INFO:root:epoch:794 train_eval_loss-->0.101200,train_acc-->0.991150,test_eval_loss-->1.537636,test_acc===0.568627
INFO:root:epoch:795 train_eval_loss-->0.110012,train_acc-->0.989676,test_eval_loss-->1.537658,test_acc===0.588235
INFO:root:epoch:796 train_eval_loss-->0.100962,train_acc-->0.995575,test_eval_loss-->1.540714,test_acc===0.573529
INFO:root:epoch:797 train_eval_loss-->0.108925,train_acc-->1.000000,test_eval_loss-->1.581959,test_acc===0.519608
INFO:root:epoch:798 train_eval_loss-->0.110799,train_acc-->0.995575,test_eval_loss-->1.509645,test_acc===0.598039
INFO:root:epoch:799 train_eval_loss-->0.096150,train_acc-->0.998525,test_eval_loss-->1.545722,test_acc===0.617647
INFO:root:the best test acc===0.642157
