2023-11-27 21:23:49 - #----------Config info----------#
2023-11-27 21:23:49 - network: Pointneted_plus,
2023-11-27 21:23:49 - data_path: /media/yxz/新加卷/teeth_ct_points/CT3Dpoints/,
2023-11-27 21:23:49 - label_path: /media/yxz/新加卷/teeth_ct_points/CT3Dpoints/三维坐标表格.xlsx,
2023-11-27 21:23:49 - pretrained_path: ./pre_trained/,
2023-11-27 21:23:49 - num_classes: 3,
2023-11-27 21:23:49 - input_size_h: 512,
2023-11-27 21:23:49 - input_size_w: 512,
2023-11-27 21:23:49 - input_channels: 64,
2023-11-27 21:23:49 - distributed: False,
2023-11-27 21:23:49 - local_rank: -1,
2023-11-27 21:23:49 - num_workers: 4,
2023-11-27 21:23:49 - seed: 42,
2023-11-27 21:23:49 - world_size: None,
2023-11-27 21:23:49 - rank: None,
2023-11-27 21:23:49 - amp: False,
2023-11-27 21:23:49 - gpu_id: 0,
2023-11-27 21:23:49 - batch_size: 2,
2023-11-27 21:23:49 - val_bs: 1,
2023-11-27 21:23:49 - epochs: 500,
2023-11-27 21:23:49 - deep_supervision: False,
2023-11-27 21:23:49 - tailadd: True,
2023-11-27 21:23:49 - threshold: 8.660254037844387,
2023-11-27 21:23:49 - train_mean: [38.167084, 36.47113, 35.658463, 34.7275, 34.397972, 34.392757, 33.96709, 34.126865, 34.28234, 33.729267, 32.7962, 32.064926, 31.681631, 31.124203, 30.844501, 31.361849, 32.73974, 34.215652, 36.648277, 38.611458, 40.539837, 42.120747, 43.28669, 44.45494, 45.614132, 46.21989, 47.45023, 48.500004, 49.44821, 50.419426, 52.140045, 53.649082, 54.722622, 55.427254, 55.996006, 56.55678, 57.03274, 56.78339, 56.16994, 56.052105, 56.084873, 55.73664, 55.51461, 54.455627, 53.19349, 51.708523, 50.496777, 48.39798, 46.618237],
2023-11-27 21:23:49 - train_std: [52.12329, 51.107494, 50.941055, 50.223755, 50.00628, 50.154346, 49.390217, 49.584064, 49.46689, 48.635002, 46.955963, 45.86415, 45.254314, 44.008198, 43.081245, 43.15782, 44.181343, 45.16833, 47.433487, 48.60615, 50.44894, 51.635715, 52.542904, 53.638527, 54.554443, 54.860928, 55.634895, 56.127644, 56.314377, 56.52658, 57.31575, 57.992775, 58.40813, 58.65052, 58.6726, 58.786034, 59.043797, 59.15101, 58.878242, 59.1303, 59.565495, 59.95643, 60.605595, 60.74457, 60.784153, 60.811424, 61.18004, 60.75567, 60.8064],
2023-11-27 21:23:49 - val_mean: [39.743374, 38.122738, 37.19561, 35.71686, 35.202812, 34.790627, 34.621647, 34.678947, 34.44854, 33.327152, 32.52173, 31.267305, 30.603254, 30.013475, 29.536041, 30.480452, 31.952286, 33.71057, 36.010574, 38.201912, 39.313183, 42.94376, 44.53766, 45.518337, 46.94797, 46.58542, 47.49811, 48.238167, 51.026104, 52.292915, 52.69654, 53.169758, 53.87486, 55.697067, 57.654236, 57.586315, 57.758514, 57.174618, 57.736595, 57.24419, 57.544117, 57.37176, 56.43062, 55.96641, 55.325653, 53.10815, 52.179287, 50.27785, 47.04305],
2023-11-27 21:23:49 - val_std: [53.15056, 52.15993, 51.616505, 50.33102, 50.21509, 50.081203, 50.03935, 49.86299, 49.531567, 48.28274, 46.95426, 45.172287, 43.96861, 42.88531, 41.24616, 42.37183, 43.43441, 44.75589, 46.571957, 48.567627, 49.173023, 51.97025, 53.31617, 54.147503, 55.217754, 54.256313, 54.82137, 55.228252, 57.024765, 57.493202, 57.21687, 57.12449, 57.009945, 58.07164, 58.968643, 58.816093, 58.97068, 58.471672, 58.976105, 58.958794, 59.510704, 60.026344, 60.16703, 60.841858, 61.621956, 61.22611, 61.83866, 62.08808, 61.1031],
2023-11-27 21:23:49 - work_dir: results/Pointneted_plus_Monday_27_November_2023_21h_23m_49s/,
2023-11-27 21:23:49 - tensor_size: 0,
2023-11-27 21:23:49 - train_transformer: Compose(
    <utils.myToTensor object at 0x7f2e60497c70>
    <utils.myResize object at 0x7f2f469c5040>
),
2023-11-27 21:23:49 - test_transformer: Compose(
    <utils.myToTensor object at 0x7f2f469c5100>
    <utils.myResize object at 0x7f2f469c5130>
),
2023-11-27 21:23:49 - opt: AdamW,
2023-11-27 21:23:49 - lr: 0.001,
2023-11-27 21:23:49 - betas: (0.9, 0.999),
2023-11-27 21:23:49 - eps: 1e-08,
2023-11-27 21:23:49 - weight_decay: 0.01,
2023-11-27 21:23:49 - amsgrad: False,
2023-11-27 21:23:49 - sch: CosineAnnealingLR,
2023-11-27 21:23:49 - T_max: 50,
2023-11-27 21:23:49 - eta_min: 1e-05,
2023-11-27 21:23:49 - last_epoch: -1,
INFO:root:train--mean-->[38.167084 36.47113  35.658463 34.7275   34.397972 34.392757 33.96709
 34.126865 34.28234  33.729267 32.7962   32.064926 31.681631 31.124203
 30.844501 31.361849 32.73974  34.215652 36.648277 38.611458 40.539837
 42.120747 43.28669  44.45494  45.614132 46.21989  47.45023  48.500004
 49.44821  50.419426 52.140045 53.649082 54.722622 55.427254 55.996006
 56.55678  57.03274  56.78339  56.16994  56.052105 56.084873 55.73664
 55.51461  54.455627 53.19349  51.708523 50.496777 48.39798  46.618237]
INFO:root:train--std-->[52.12329  51.107494 50.941055 50.223755 50.00628  50.154346 49.390217
 49.584064 49.46689  48.635002 46.955963 45.86415  45.254314 44.008198
 43.081245 43.15782  44.181343 45.16833  47.433487 48.60615  50.44894
 51.635715 52.542904 53.638527 54.554443 54.860928 55.634895 56.127644
 56.314377 56.52658  57.31575  57.992775 58.40813  58.65052  58.6726
 58.786034 59.043797 59.15101  58.878242 59.1303   59.565495 59.95643
 60.605595 60.74457  60.784153 60.811424 61.18004  60.75567  60.8064  ]
INFO:root:val--mean-->[39.743374 38.122738 37.19561  35.71686  35.202812 34.790627 34.621647
 34.678947 34.44854  33.327152 32.52173  31.267305 30.603254 30.013475
 29.536041 30.480452 31.952286 33.71057  36.010574 38.201912 39.313183
 42.94376  44.53766  45.518337 46.94797  46.58542  47.49811  48.238167
 51.026104 52.292915 52.69654  53.169758 53.87486  55.697067 57.654236
 57.586315 57.758514 57.174618 57.736595 57.24419  57.544117 57.37176
 56.43062  55.96641  55.325653 53.10815  52.179287 50.27785  47.04305 ]
INFO:root:val--std-->[53.15056  52.15993  51.616505 50.33102  50.21509  50.081203 50.03935
 49.86299  49.531567 48.28274  46.95426  45.172287 43.96861  42.88531
 41.24616  42.37183  43.43441  44.75589  46.571957 48.567627 49.173023
 51.97025  53.31617  54.147503 55.217754 54.256313 54.82137  55.228252
 57.024765 57.493202 57.21687  57.12449  57.009945 58.07164  58.968643
 58.816093 58.97068  58.471672 58.976105 58.958794 59.510704 60.026344
 60.16703  60.841858 61.621956 61.22611  61.83866  62.08808  61.1031  ]
INFO:root:real_input_channels-->49
INFO:root:epoch:0 train_eval_loss-->5.087656,train_acc-->0.070796,test_eval_loss-->3.221014,test_acc===0.098039
INFO:root:epoch:1 train_eval_loss-->3.770627,train_acc-->0.070796,test_eval_loss-->3.417643,test_acc===0.098039
INFO:root:epoch:2 train_eval_loss-->3.586336,train_acc-->0.094395,test_eval_loss-->3.198329,test_acc===0.078431
INFO:root:epoch:3 train_eval_loss-->3.298332,train_acc-->0.126844,test_eval_loss-->3.767064,test_acc===0.009804
INFO:root:epoch:4 train_eval_loss-->3.294375,train_acc-->0.094395,test_eval_loss-->2.720343,test_acc===0.166667
INFO:root:epoch:5 train_eval_loss-->2.947013,train_acc-->0.176991,test_eval_loss-->2.689065,test_acc===0.186275
INFO:root:epoch:6 train_eval_loss-->2.899397,train_acc-->0.162242,test_eval_loss-->2.923937,test_acc===0.137255
INFO:root:epoch:7 train_eval_loss-->3.022835,train_acc-->0.120944,test_eval_loss-->2.850650,test_acc===0.186275
INFO:root:epoch:8 train_eval_loss-->2.623676,train_acc-->0.209440,test_eval_loss-->2.670763,test_acc===0.186275
INFO:root:epoch:9 train_eval_loss-->2.679123,train_acc-->0.191740,test_eval_loss-->2.159152,test_acc===0.333333
INFO:root:epoch:10 train_eval_loss-->2.471971,train_acc-->0.194690,test_eval_loss-->2.347471,test_acc===0.274510
INFO:root:epoch:11 train_eval_loss-->2.157550,train_acc-->0.297935,test_eval_loss-->2.645436,test_acc===0.225490
INFO:root:epoch:12 train_eval_loss-->2.366226,train_acc-->0.233038,test_eval_loss-->2.529736,test_acc===0.235294
INFO:root:epoch:13 train_eval_loss-->2.209510,train_acc-->0.283186,test_eval_loss-->2.183101,test_acc===0.264706
INFO:root:epoch:14 train_eval_loss-->2.096338,train_acc-->0.294985,test_eval_loss-->2.603583,test_acc===0.117647
INFO:root:epoch:15 train_eval_loss-->2.095184,train_acc-->0.297935,test_eval_loss-->2.829159,test_acc===0.039216
INFO:root:epoch:16 train_eval_loss-->1.971953,train_acc-->0.289086,test_eval_loss-->2.171102,test_acc===0.264706
INFO:root:epoch:17 train_eval_loss-->1.908032,train_acc-->0.383481,test_eval_loss-->2.076502,test_acc===0.352941
INFO:root:epoch:18 train_eval_loss-->1.805380,train_acc-->0.421829,test_eval_loss-->2.069819,test_acc===0.333333
INFO:root:epoch:19 train_eval_loss-->1.725821,train_acc-->0.436578,test_eval_loss-->1.979163,test_acc===0.225490
INFO:root:epoch:20 train_eval_loss-->1.721172,train_acc-->0.451327,test_eval_loss-->1.772961,test_acc===0.362745
INFO:root:epoch:21 train_eval_loss-->1.568026,train_acc-->0.519174,test_eval_loss-->1.874485,test_acc===0.411765
INFO:root:epoch:22 train_eval_loss-->1.616012,train_acc-->0.504425,test_eval_loss-->1.912626,test_acc===0.441176
INFO:root:epoch:23 train_eval_loss-->1.532822,train_acc-->0.548673,test_eval_loss-->1.730941,test_acc===0.519608
INFO:root:epoch:24 train_eval_loss-->1.541812,train_acc-->0.560472,test_eval_loss-->1.722411,test_acc===0.509804
INFO:root:epoch:25 train_eval_loss-->1.264768,train_acc-->0.728614,test_eval_loss-->1.722760,test_acc===0.519608
INFO:root:epoch:26 train_eval_loss-->1.256449,train_acc-->0.719764,test_eval_loss-->1.902859,test_acc===0.401961
INFO:root:epoch:27 train_eval_loss-->1.151596,train_acc-->0.740413,test_eval_loss-->1.803939,test_acc===0.411765
INFO:root:epoch:28 train_eval_loss-->1.199350,train_acc-->0.722714,test_eval_loss-->1.776886,test_acc===0.578431
INFO:root:epoch:29 train_eval_loss-->1.099082,train_acc-->0.775811,test_eval_loss-->1.723871,test_acc===0.470588
INFO:root:epoch:30 train_eval_loss-->1.105124,train_acc-->0.772861,test_eval_loss-->1.577554,test_acc===0.588235
INFO:root:epoch:31 train_eval_loss-->0.934682,train_acc-->0.870206,test_eval_loss-->1.832304,test_acc===0.529412
INFO:root:epoch:32 train_eval_loss-->0.937519,train_acc-->0.873156,test_eval_loss-->1.566558,test_acc===0.568627
INFO:root:epoch:33 train_eval_loss-->0.946467,train_acc-->0.867257,test_eval_loss-->1.728740,test_acc===0.519608
INFO:root:epoch:34 train_eval_loss-->0.912468,train_acc-->0.873156,test_eval_loss-->1.548944,test_acc===0.578431
INFO:root:epoch:35 train_eval_loss-->0.809441,train_acc-->0.911504,test_eval_loss-->1.553164,test_acc===0.607843
INFO:root:epoch:36 train_eval_loss-->0.755423,train_acc-->0.941003,test_eval_loss-->1.574511,test_acc===0.607843
INFO:root:epoch:37 train_eval_loss-->0.719469,train_acc-->0.935103,test_eval_loss-->1.579781,test_acc===0.607843
INFO:root:epoch:38 train_eval_loss-->0.658059,train_acc-->0.952802,test_eval_loss-->1.591021,test_acc===0.588235
INFO:root:epoch:39 train_eval_loss-->0.635763,train_acc-->0.964602,test_eval_loss-->1.549044,test_acc===0.627451
INFO:root:epoch:40 train_eval_loss-->0.560153,train_acc-->0.976401,test_eval_loss-->1.568003,test_acc===0.607843
INFO:root:epoch:41 train_eval_loss-->0.577427,train_acc-->0.961652,test_eval_loss-->1.519123,test_acc===0.647059
INFO:root:epoch:42 train_eval_loss-->0.522671,train_acc-->0.970501,test_eval_loss-->1.488265,test_acc===0.666667
INFO:root:epoch:43 train_eval_loss-->0.530242,train_acc-->0.973451,test_eval_loss-->1.481598,test_acc===0.617647
INFO:root:epoch:44 train_eval_loss-->0.492778,train_acc-->0.970501,test_eval_loss-->1.513074,test_acc===0.647059
INFO:root:epoch:45 train_eval_loss-->0.466970,train_acc-->0.979351,test_eval_loss-->1.535138,test_acc===0.617647
INFO:root:epoch:46 train_eval_loss-->0.469079,train_acc-->0.976401,test_eval_loss-->1.506554,test_acc===0.617647
INFO:root:epoch:47 train_eval_loss-->0.443225,train_acc-->0.979351,test_eval_loss-->1.548287,test_acc===0.637255
INFO:root:epoch:48 train_eval_loss-->0.428018,train_acc-->0.979351,test_eval_loss-->1.502179,test_acc===0.647059
INFO:root:epoch:49 train_eval_loss-->0.430514,train_acc-->0.979351,test_eval_loss-->1.504292,test_acc===0.647059
INFO:root:epoch:50 train_eval_loss-->0.421626,train_acc-->0.982301,test_eval_loss-->1.528835,test_acc===0.656863
INFO:root:epoch:51 train_eval_loss-->0.421759,train_acc-->0.982301,test_eval_loss-->1.526699,test_acc===0.627451
INFO:root:epoch:52 train_eval_loss-->0.423674,train_acc-->0.985251,test_eval_loss-->1.501522,test_acc===0.627451
INFO:root:epoch:53 train_eval_loss-->0.412584,train_acc-->0.979351,test_eval_loss-->1.476829,test_acc===0.627451
INFO:root:epoch:54 train_eval_loss-->0.420156,train_acc-->0.979351,test_eval_loss-->1.510167,test_acc===0.647059
INFO:root:epoch:55 train_eval_loss-->0.435370,train_acc-->0.982301,test_eval_loss-->1.526576,test_acc===0.637255
INFO:root:epoch:56 train_eval_loss-->0.443116,train_acc-->0.973451,test_eval_loss-->1.517923,test_acc===0.607843
INFO:root:epoch:57 train_eval_loss-->0.455412,train_acc-->0.979351,test_eval_loss-->1.519436,test_acc===0.637255
INFO:root:epoch:58 train_eval_loss-->0.447911,train_acc-->0.979351,test_eval_loss-->1.565807,test_acc===0.647059
INFO:root:epoch:59 train_eval_loss-->0.485979,train_acc-->0.982301,test_eval_loss-->1.532719,test_acc===0.607843
INFO:root:epoch:60 train_eval_loss-->0.534886,train_acc-->0.967552,test_eval_loss-->1.507770,test_acc===0.588235
INFO:root:epoch:61 train_eval_loss-->0.555435,train_acc-->0.979351,test_eval_loss-->1.515961,test_acc===0.666667
INFO:root:epoch:62 train_eval_loss-->0.615646,train_acc-->0.976401,test_eval_loss-->1.531949,test_acc===0.588235
INFO:root:epoch:63 train_eval_loss-->0.628045,train_acc-->0.955752,test_eval_loss-->1.627521,test_acc===0.637255
INFO:root:epoch:64 train_eval_loss-->0.631981,train_acc-->0.958702,test_eval_loss-->1.672955,test_acc===0.568627
INFO:root:epoch:65 train_eval_loss-->0.745166,train_acc-->0.938053,test_eval_loss-->1.625231,test_acc===0.558824
INFO:root:epoch:66 train_eval_loss-->0.778868,train_acc-->0.932153,test_eval_loss-->1.571676,test_acc===0.558824
INFO:root:epoch:67 train_eval_loss-->0.719383,train_acc-->0.955752,test_eval_loss-->1.610849,test_acc===0.558824
INFO:root:epoch:68 train_eval_loss-->0.968227,train_acc-->0.855457,test_eval_loss-->1.736865,test_acc===0.460784
INFO:root:epoch:69 train_eval_loss-->0.887764,train_acc-->0.884956,test_eval_loss-->1.510425,test_acc===0.598039
INFO:root:epoch:70 train_eval_loss-->0.845435,train_acc-->0.923304,test_eval_loss-->1.796284,test_acc===0.490196
INFO:root:epoch:71 train_eval_loss-->0.911221,train_acc-->0.861357,test_eval_loss-->2.073919,test_acc===0.333333
INFO:root:epoch:72 train_eval_loss-->1.107507,train_acc-->0.775811,test_eval_loss-->1.797818,test_acc===0.549020
INFO:root:epoch:73 train_eval_loss-->0.982890,train_acc-->0.870206,test_eval_loss-->1.755012,test_acc===0.519608
INFO:root:epoch:74 train_eval_loss-->1.010633,train_acc-->0.828909,test_eval_loss-->1.790348,test_acc===0.500000
INFO:root:epoch:75 train_eval_loss-->1.014634,train_acc-->0.831858,test_eval_loss-->1.579270,test_acc===0.509804
INFO:root:epoch:76 train_eval_loss-->1.067941,train_acc-->0.793510,test_eval_loss-->2.276273,test_acc===0.294118
INFO:root:epoch:77 train_eval_loss-->1.337216,train_acc-->0.619469,test_eval_loss-->1.582586,test_acc===0.539216
INFO:root:epoch:78 train_eval_loss-->1.035179,train_acc-->0.808260,test_eval_loss-->1.824760,test_acc===0.470588
INFO:root:epoch:79 train_eval_loss-->1.024344,train_acc-->0.823009,test_eval_loss-->1.874307,test_acc===0.411765
INFO:root:epoch:80 train_eval_loss-->1.006823,train_acc-->0.846608,test_eval_loss-->2.556106,test_acc===0.156863
INFO:root:epoch:81 train_eval_loss-->1.138564,train_acc-->0.743363,test_eval_loss-->1.797342,test_acc===0.450980
INFO:root:epoch:82 train_eval_loss-->1.134084,train_acc-->0.758112,test_eval_loss-->2.216638,test_acc===0.372549
INFO:root:epoch:83 train_eval_loss-->1.089654,train_acc-->0.802360,test_eval_loss-->1.892899,test_acc===0.421569
INFO:root:epoch:84 train_eval_loss-->1.118775,train_acc-->0.766962,test_eval_loss-->2.375644,test_acc===0.264706
INFO:root:epoch:85 train_eval_loss-->1.134741,train_acc-->0.764012,test_eval_loss-->1.903886,test_acc===0.441176
INFO:root:epoch:86 train_eval_loss-->1.058431,train_acc-->0.796460,test_eval_loss-->1.803454,test_acc===0.539216
INFO:root:epoch:87 train_eval_loss-->1.264762,train_acc-->0.663717,test_eval_loss-->1.787053,test_acc===0.480392
INFO:root:epoch:88 train_eval_loss-->1.072623,train_acc-->0.799410,test_eval_loss-->2.107117,test_acc===0.294118
INFO:root:epoch:89 train_eval_loss-->1.069248,train_acc-->0.811209,test_eval_loss-->2.029157,test_acc===0.401961
INFO:root:epoch:90 train_eval_loss-->1.114111,train_acc-->0.769912,test_eval_loss-->1.704349,test_acc===0.500000
INFO:root:epoch:91 train_eval_loss-->1.095581,train_acc-->0.775811,test_eval_loss-->1.681639,test_acc===0.588235
INFO:root:epoch:92 train_eval_loss-->1.015573,train_acc-->0.837758,test_eval_loss-->1.871271,test_acc===0.333333
INFO:root:epoch:93 train_eval_loss-->1.249011,train_acc-->0.687316,test_eval_loss-->1.960481,test_acc===0.333333
INFO:root:epoch:94 train_eval_loss-->1.077379,train_acc-->0.755162,test_eval_loss-->1.781183,test_acc===0.450980
INFO:root:epoch:95 train_eval_loss-->1.248334,train_acc-->0.702065,test_eval_loss-->1.600595,test_acc===0.588235
INFO:root:epoch:96 train_eval_loss-->1.059244,train_acc-->0.799410,test_eval_loss-->1.639192,test_acc===0.519608
INFO:root:epoch:97 train_eval_loss-->1.126583,train_acc-->0.769912,test_eval_loss-->2.011052,test_acc===0.303922
INFO:root:epoch:98 train_eval_loss-->1.291661,train_acc-->0.663717,test_eval_loss-->1.993865,test_acc===0.313725
INFO:root:epoch:99 train_eval_loss-->1.093274,train_acc-->0.758112,test_eval_loss-->1.561957,test_acc===0.549020
INFO:root:epoch:100 train_eval_loss-->1.018483,train_acc-->0.802360,test_eval_loss-->2.190598,test_acc===0.362745
INFO:root:epoch:101 train_eval_loss-->1.041700,train_acc-->0.811209,test_eval_loss-->1.734587,test_acc===0.529412
INFO:root:epoch:102 train_eval_loss-->0.954155,train_acc-->0.890855,test_eval_loss-->1.712338,test_acc===0.519608
INFO:root:epoch:103 train_eval_loss-->0.896713,train_acc-->0.882006,test_eval_loss-->1.746433,test_acc===0.411765
INFO:root:epoch:104 train_eval_loss-->0.991941,train_acc-->0.849558,test_eval_loss-->1.776632,test_acc===0.578431
INFO:root:epoch:105 train_eval_loss-->1.111355,train_acc-->0.778761,test_eval_loss-->1.693006,test_acc===0.539216
INFO:root:epoch:106 train_eval_loss-->0.859506,train_acc-->0.917404,test_eval_loss-->1.778001,test_acc===0.500000
INFO:root:epoch:107 train_eval_loss-->0.851890,train_acc-->0.905605,test_eval_loss-->1.783688,test_acc===0.539216
INFO:root:epoch:108 train_eval_loss-->0.819479,train_acc-->0.935103,test_eval_loss-->1.691985,test_acc===0.490196
INFO:root:epoch:109 train_eval_loss-->0.915988,train_acc-->0.884956,test_eval_loss-->1.521460,test_acc===0.598039
INFO:root:epoch:110 train_eval_loss-->0.796099,train_acc-->0.932153,test_eval_loss-->1.726000,test_acc===0.549020
INFO:root:epoch:111 train_eval_loss-->0.779510,train_acc-->0.952802,test_eval_loss-->1.845994,test_acc===0.490196
INFO:root:epoch:112 train_eval_loss-->0.741133,train_acc-->0.961652,test_eval_loss-->1.963060,test_acc===0.480392
INFO:root:epoch:113 train_eval_loss-->0.848141,train_acc-->0.902655,test_eval_loss-->1.538863,test_acc===0.627451
INFO:root:epoch:114 train_eval_loss-->0.702699,train_acc-->0.955752,test_eval_loss-->1.560682,test_acc===0.588235
INFO:root:epoch:115 train_eval_loss-->0.718529,train_acc-->0.943953,test_eval_loss-->1.735184,test_acc===0.549020
INFO:root:epoch:116 train_eval_loss-->0.791202,train_acc-->0.920354,test_eval_loss-->1.569882,test_acc===0.598039
INFO:root:epoch:117 train_eval_loss-->0.665252,train_acc-->0.958702,test_eval_loss-->1.701812,test_acc===0.568627
INFO:root:epoch:118 train_eval_loss-->0.637534,train_acc-->0.991150,test_eval_loss-->1.675081,test_acc===0.568627
INFO:root:epoch:119 train_eval_loss-->0.678959,train_acc-->0.955752,test_eval_loss-->1.554199,test_acc===0.607843
INFO:root:epoch:120 train_eval_loss-->0.654021,train_acc-->0.941003,test_eval_loss-->1.603623,test_acc===0.598039
INFO:root:epoch:121 train_eval_loss-->0.541263,train_acc-->0.985251,test_eval_loss-->1.468928,test_acc===0.647059
INFO:root:epoch:122 train_eval_loss-->0.570576,train_acc-->0.988201,test_eval_loss-->1.690189,test_acc===0.578431
INFO:root:epoch:123 train_eval_loss-->0.610897,train_acc-->0.988201,test_eval_loss-->1.532161,test_acc===0.568627
INFO:root:epoch:124 train_eval_loss-->0.555708,train_acc-->0.976401,test_eval_loss-->1.553113,test_acc===0.637255
INFO:root:epoch:125 train_eval_loss-->0.495830,train_acc-->0.997050,test_eval_loss-->1.574036,test_acc===0.607843
INFO:root:epoch:126 train_eval_loss-->0.463109,train_acc-->0.991150,test_eval_loss-->1.584327,test_acc===0.656863
INFO:root:epoch:127 train_eval_loss-->0.479402,train_acc-->0.997050,test_eval_loss-->1.639691,test_acc===0.558824
INFO:root:epoch:128 train_eval_loss-->0.494799,train_acc-->0.991150,test_eval_loss-->1.611771,test_acc===0.509804
INFO:root:epoch:129 train_eval_loss-->0.435967,train_acc-->0.991150,test_eval_loss-->1.477851,test_acc===0.656863
INFO:root:epoch:130 train_eval_loss-->0.459725,train_acc-->0.994100,test_eval_loss-->1.528466,test_acc===0.637255
INFO:root:epoch:131 train_eval_loss-->0.355881,train_acc-->0.997050,test_eval_loss-->1.461142,test_acc===0.676471
INFO:root:epoch:132 train_eval_loss-->0.324807,train_acc-->0.994100,test_eval_loss-->1.481689,test_acc===0.666667
INFO:root:epoch:133 train_eval_loss-->0.312932,train_acc-->0.997050,test_eval_loss-->1.554750,test_acc===0.637255
INFO:root:epoch:134 train_eval_loss-->0.270732,train_acc-->0.997050,test_eval_loss-->1.457221,test_acc===0.637255
INFO:root:epoch:135 train_eval_loss-->0.234514,train_acc-->0.997050,test_eval_loss-->1.510366,test_acc===0.627451
INFO:root:epoch:136 train_eval_loss-->0.261738,train_acc-->0.997050,test_eval_loss-->1.493210,test_acc===0.637255
INFO:root:epoch:137 train_eval_loss-->0.246974,train_acc-->0.997050,test_eval_loss-->1.492601,test_acc===0.637255
INFO:root:epoch:138 train_eval_loss-->0.212874,train_acc-->0.997050,test_eval_loss-->1.479408,test_acc===0.666667
INFO:root:epoch:139 train_eval_loss-->0.192793,train_acc-->0.997050,test_eval_loss-->1.482706,test_acc===0.647059
INFO:root:epoch:140 train_eval_loss-->0.181909,train_acc-->0.997050,test_eval_loss-->1.499047,test_acc===0.656863
INFO:root:epoch:141 train_eval_loss-->0.171401,train_acc-->0.997050,test_eval_loss-->1.482565,test_acc===0.637255
INFO:root:epoch:142 train_eval_loss-->0.174170,train_acc-->0.997050,test_eval_loss-->1.474766,test_acc===0.647059
INFO:root:epoch:143 train_eval_loss-->0.155954,train_acc-->0.997050,test_eval_loss-->1.489157,test_acc===0.666667
INFO:root:epoch:144 train_eval_loss-->0.152742,train_acc-->0.997050,test_eval_loss-->1.494520,test_acc===0.617647
INFO:root:epoch:145 train_eval_loss-->0.132083,train_acc-->0.997050,test_eval_loss-->1.441783,test_acc===0.647059
INFO:root:epoch:146 train_eval_loss-->0.129543,train_acc-->0.997050,test_eval_loss-->1.484639,test_acc===0.647059
INFO:root:epoch:147 train_eval_loss-->0.118256,train_acc-->0.997050,test_eval_loss-->1.502842,test_acc===0.637255
INFO:root:epoch:148 train_eval_loss-->0.109917,train_acc-->0.997050,test_eval_loss-->1.495631,test_acc===0.647059
INFO:root:epoch:149 train_eval_loss-->0.109263,train_acc-->0.997050,test_eval_loss-->1.496300,test_acc===0.647059
INFO:root:epoch:150 train_eval_loss-->0.104916,train_acc-->0.997050,test_eval_loss-->1.493761,test_acc===0.647059
INFO:root:epoch:151 train_eval_loss-->0.115011,train_acc-->0.997050,test_eval_loss-->1.484582,test_acc===0.637255
INFO:root:epoch:152 train_eval_loss-->0.112337,train_acc-->0.997050,test_eval_loss-->1.503416,test_acc===0.627451
INFO:root:epoch:153 train_eval_loss-->0.110885,train_acc-->0.997050,test_eval_loss-->1.490207,test_acc===0.647059
INFO:root:epoch:154 train_eval_loss-->0.109413,train_acc-->0.997050,test_eval_loss-->1.469807,test_acc===0.637255
INFO:root:epoch:155 train_eval_loss-->0.121495,train_acc-->0.997050,test_eval_loss-->1.498804,test_acc===0.637255
INFO:root:epoch:156 train_eval_loss-->0.119543,train_acc-->0.997050,test_eval_loss-->1.508210,test_acc===0.637255
INFO:root:epoch:157 train_eval_loss-->0.133026,train_acc-->0.997050,test_eval_loss-->1.515932,test_acc===0.647059
INFO:root:epoch:158 train_eval_loss-->0.134393,train_acc-->0.997050,test_eval_loss-->1.477463,test_acc===0.637255
INFO:root:epoch:159 train_eval_loss-->0.155097,train_acc-->0.997050,test_eval_loss-->1.450245,test_acc===0.666667
INFO:root:epoch:160 train_eval_loss-->0.173411,train_acc-->0.997050,test_eval_loss-->1.531924,test_acc===0.666667
INFO:root:epoch:161 train_eval_loss-->0.173896,train_acc-->0.997050,test_eval_loss-->1.452532,test_acc===0.617647
INFO:root:epoch:162 train_eval_loss-->0.224135,train_acc-->0.997050,test_eval_loss-->1.517901,test_acc===0.627451
INFO:root:epoch:163 train_eval_loss-->0.216309,train_acc-->0.997050,test_eval_loss-->1.487041,test_acc===0.666667
INFO:root:epoch:164 train_eval_loss-->0.243545,train_acc-->0.997050,test_eval_loss-->1.562071,test_acc===0.617647
INFO:root:epoch:165 train_eval_loss-->0.225592,train_acc-->0.997050,test_eval_loss-->1.519749,test_acc===0.637255
INFO:root:epoch:166 train_eval_loss-->0.287114,train_acc-->0.997050,test_eval_loss-->1.502138,test_acc===0.656863
INFO:root:epoch:167 train_eval_loss-->0.329444,train_acc-->0.997050,test_eval_loss-->1.587807,test_acc===0.617647
INFO:root:epoch:168 train_eval_loss-->0.365237,train_acc-->0.997050,test_eval_loss-->1.477086,test_acc===0.637255
INFO:root:epoch:169 train_eval_loss-->0.345518,train_acc-->0.997050,test_eval_loss-->1.462150,test_acc===0.617647
INFO:root:epoch:170 train_eval_loss-->0.396606,train_acc-->0.994100,test_eval_loss-->1.531746,test_acc===0.617647
INFO:root:epoch:171 train_eval_loss-->0.369984,train_acc-->0.991150,test_eval_loss-->1.563008,test_acc===0.656863
INFO:root:epoch:172 train_eval_loss-->0.419677,train_acc-->0.997050,test_eval_loss-->1.593687,test_acc===0.647059
INFO:root:epoch:173 train_eval_loss-->0.458013,train_acc-->0.994100,test_eval_loss-->1.518497,test_acc===0.617647
INFO:root:epoch:174 train_eval_loss-->0.527070,train_acc-->0.994100,test_eval_loss-->1.708143,test_acc===0.539216
INFO:root:epoch:175 train_eval_loss-->0.555448,train_acc-->0.976401,test_eval_loss-->1.692953,test_acc===0.617647
INFO:root:epoch:176 train_eval_loss-->0.545588,train_acc-->0.994100,test_eval_loss-->1.617061,test_acc===0.578431
INFO:root:epoch:177 train_eval_loss-->0.591835,train_acc-->0.991150,test_eval_loss-->1.733395,test_acc===0.578431
INFO:root:epoch:178 train_eval_loss-->0.625142,train_acc-->0.973451,test_eval_loss-->1.476651,test_acc===0.656863
INFO:root:epoch:179 train_eval_loss-->0.511188,train_acc-->0.982301,test_eval_loss-->1.805606,test_acc===0.480392
INFO:root:epoch:180 train_eval_loss-->0.658132,train_acc-->0.973451,test_eval_loss-->1.569208,test_acc===0.558824
INFO:root:epoch:181 train_eval_loss-->0.756898,train_acc-->0.952802,test_eval_loss-->1.907094,test_acc===0.450980
INFO:root:epoch:182 train_eval_loss-->0.897431,train_acc-->0.867257,test_eval_loss-->1.503279,test_acc===0.607843
INFO:root:epoch:183 train_eval_loss-->0.789640,train_acc-->0.932153,test_eval_loss-->1.920887,test_acc===0.431373
INFO:root:epoch:184 train_eval_loss-->0.775839,train_acc-->0.941003,test_eval_loss-->1.763167,test_acc===0.480392
INFO:root:epoch:185 train_eval_loss-->0.635174,train_acc-->0.976401,test_eval_loss-->1.428532,test_acc===0.666667
INFO:root:epoch:186 train_eval_loss-->0.670805,train_acc-->0.976401,test_eval_loss-->1.824280,test_acc===0.470588
INFO:root:epoch:187 train_eval_loss-->0.707793,train_acc-->0.938053,test_eval_loss-->1.538225,test_acc===0.637255
INFO:root:epoch:188 train_eval_loss-->0.755740,train_acc-->0.943953,test_eval_loss-->1.493214,test_acc===0.568627
INFO:root:epoch:189 train_eval_loss-->0.846542,train_acc-->0.908555,test_eval_loss-->1.618534,test_acc===0.617647
INFO:root:epoch:190 train_eval_loss-->0.746767,train_acc-->0.949853,test_eval_loss-->2.018878,test_acc===0.294118
INFO:root:epoch:191 train_eval_loss-->0.877511,train_acc-->0.893805,test_eval_loss-->1.583558,test_acc===0.558824
INFO:root:epoch:192 train_eval_loss-->0.725925,train_acc-->0.943953,test_eval_loss-->1.399352,test_acc===0.676471
INFO:root:epoch:193 train_eval_loss-->0.731426,train_acc-->0.941003,test_eval_loss-->1.856240,test_acc===0.509804
INFO:root:epoch:194 train_eval_loss-->0.752590,train_acc-->0.946903,test_eval_loss-->1.626848,test_acc===0.529412
INFO:root:epoch:195 train_eval_loss-->0.736564,train_acc-->0.961652,test_eval_loss-->1.668769,test_acc===0.568627
INFO:root:epoch:196 train_eval_loss-->0.797462,train_acc-->0.911504,test_eval_loss-->1.654355,test_acc===0.529412
INFO:root:epoch:197 train_eval_loss-->0.740432,train_acc-->0.973451,test_eval_loss-->1.785127,test_acc===0.460784
INFO:root:epoch:198 train_eval_loss-->0.749542,train_acc-->0.964602,test_eval_loss-->1.685206,test_acc===0.529412
INFO:root:epoch:199 train_eval_loss-->0.779963,train_acc-->0.938053,test_eval_loss-->1.687192,test_acc===0.519608
INFO:root:epoch:200 train_eval_loss-->0.729941,train_acc-->0.949853,test_eval_loss-->1.526925,test_acc===0.578431
INFO:root:epoch:201 train_eval_loss-->0.740376,train_acc-->0.958702,test_eval_loss-->1.482867,test_acc===0.617647
INFO:root:epoch:202 train_eval_loss-->0.748604,train_acc-->0.943953,test_eval_loss-->2.087857,test_acc===0.303922
INFO:root:epoch:203 train_eval_loss-->0.994514,train_acc-->0.861357,test_eval_loss-->1.503261,test_acc===0.607843
INFO:root:epoch:204 train_eval_loss-->0.813402,train_acc-->0.908555,test_eval_loss-->1.580974,test_acc===0.578431
INFO:root:epoch:205 train_eval_loss-->0.684333,train_acc-->0.961652,test_eval_loss-->1.691452,test_acc===0.568627
INFO:root:epoch:206 train_eval_loss-->0.708391,train_acc-->0.958702,test_eval_loss-->1.537676,test_acc===0.617647
INFO:root:epoch:207 train_eval_loss-->0.664873,train_acc-->0.979351,test_eval_loss-->1.515938,test_acc===0.637255
INFO:root:epoch:208 train_eval_loss-->0.630059,train_acc-->0.979351,test_eval_loss-->1.534744,test_acc===0.568627
INFO:root:epoch:209 train_eval_loss-->0.625264,train_acc-->0.961652,test_eval_loss-->1.439924,test_acc===0.647059
INFO:root:epoch:210 train_eval_loss-->0.613585,train_acc-->0.979351,test_eval_loss-->1.657093,test_acc===0.558824
INFO:root:epoch:211 train_eval_loss-->0.798157,train_acc-->0.943953,test_eval_loss-->1.545496,test_acc===0.637255
INFO:root:epoch:212 train_eval_loss-->0.686629,train_acc-->0.958702,test_eval_loss-->1.554340,test_acc===0.607843
INFO:root:epoch:213 train_eval_loss-->0.643922,train_acc-->0.964602,test_eval_loss-->1.547855,test_acc===0.568627
INFO:root:epoch:214 train_eval_loss-->0.559077,train_acc-->0.988201,test_eval_loss-->1.612908,test_acc===0.529412
INFO:root:epoch:215 train_eval_loss-->0.553600,train_acc-->0.982301,test_eval_loss-->1.585737,test_acc===0.578431
INFO:root:epoch:216 train_eval_loss-->0.557861,train_acc-->0.982301,test_eval_loss-->1.588434,test_acc===0.627451
INFO:root:epoch:217 train_eval_loss-->0.497796,train_acc-->0.985251,test_eval_loss-->1.655365,test_acc===0.558824
INFO:root:epoch:218 train_eval_loss-->0.478095,train_acc-->0.994100,test_eval_loss-->1.628439,test_acc===0.529412
INFO:root:epoch:219 train_eval_loss-->0.502378,train_acc-->0.970501,test_eval_loss-->1.549434,test_acc===0.598039
INFO:root:epoch:220 train_eval_loss-->0.504855,train_acc-->0.988201,test_eval_loss-->1.698655,test_acc===0.607843
INFO:root:epoch:221 train_eval_loss-->0.508014,train_acc-->0.997050,test_eval_loss-->1.512472,test_acc===0.637255
INFO:root:epoch:222 train_eval_loss-->0.450621,train_acc-->0.994100,test_eval_loss-->1.567165,test_acc===0.598039
INFO:root:epoch:223 train_eval_loss-->0.410832,train_acc-->0.991150,test_eval_loss-->1.546958,test_acc===0.627451
INFO:root:epoch:224 train_eval_loss-->0.381679,train_acc-->1.000000,test_eval_loss-->1.507915,test_acc===0.627451
INFO:root:epoch:225 train_eval_loss-->0.421541,train_acc-->0.997050,test_eval_loss-->1.587312,test_acc===0.637255
INFO:root:epoch:226 train_eval_loss-->0.361131,train_acc-->1.000000,test_eval_loss-->1.544074,test_acc===0.647059
INFO:root:epoch:227 train_eval_loss-->0.318766,train_acc-->0.997050,test_eval_loss-->1.586757,test_acc===0.637255
INFO:root:epoch:228 train_eval_loss-->0.388239,train_acc-->0.991150,test_eval_loss-->1.489828,test_acc===0.617647
INFO:root:epoch:229 train_eval_loss-->0.327496,train_acc-->1.000000,test_eval_loss-->1.462633,test_acc===0.656863
INFO:root:epoch:230 train_eval_loss-->0.292816,train_acc-->0.997050,test_eval_loss-->1.497152,test_acc===0.617647
INFO:root:epoch:231 train_eval_loss-->0.259460,train_acc-->1.000000,test_eval_loss-->1.500657,test_acc===0.637255
INFO:root:epoch:232 train_eval_loss-->0.240383,train_acc-->0.997050,test_eval_loss-->1.553780,test_acc===0.617647
INFO:root:epoch:233 train_eval_loss-->0.263769,train_acc-->1.000000,test_eval_loss-->1.509149,test_acc===0.647059
INFO:root:epoch:234 train_eval_loss-->0.222253,train_acc-->1.000000,test_eval_loss-->1.558048,test_acc===0.637255
INFO:root:epoch:235 train_eval_loss-->0.236760,train_acc-->1.000000,test_eval_loss-->1.514530,test_acc===0.627451
INFO:root:epoch:236 train_eval_loss-->0.193909,train_acc-->1.000000,test_eval_loss-->1.484838,test_acc===0.656863
INFO:root:epoch:237 train_eval_loss-->0.187670,train_acc-->1.000000,test_eval_loss-->1.486083,test_acc===0.647059
INFO:root:epoch:238 train_eval_loss-->0.160862,train_acc-->1.000000,test_eval_loss-->1.489053,test_acc===0.637255
INFO:root:epoch:239 train_eval_loss-->0.149033,train_acc-->1.000000,test_eval_loss-->1.517970,test_acc===0.647059
INFO:root:epoch:240 train_eval_loss-->0.128767,train_acc-->1.000000,test_eval_loss-->1.480395,test_acc===0.617647
INFO:root:epoch:241 train_eval_loss-->0.117482,train_acc-->1.000000,test_eval_loss-->1.512971,test_acc===0.637255
INFO:root:epoch:242 train_eval_loss-->0.114818,train_acc-->1.000000,test_eval_loss-->1.498644,test_acc===0.627451
INFO:root:epoch:243 train_eval_loss-->0.093547,train_acc-->1.000000,test_eval_loss-->1.478236,test_acc===0.656863
INFO:root:epoch:244 train_eval_loss-->0.094641,train_acc-->1.000000,test_eval_loss-->1.494975,test_acc===0.637255
INFO:root:epoch:245 train_eval_loss-->0.081032,train_acc-->1.000000,test_eval_loss-->1.480162,test_acc===0.666667
INFO:root:epoch:246 train_eval_loss-->0.079422,train_acc-->1.000000,test_eval_loss-->1.490034,test_acc===0.647059
INFO:root:epoch:247 train_eval_loss-->0.076487,train_acc-->1.000000,test_eval_loss-->1.504410,test_acc===0.656863
INFO:root:epoch:248 train_eval_loss-->0.085153,train_acc-->1.000000,test_eval_loss-->1.462196,test_acc===0.666667
INFO:root:epoch:249 train_eval_loss-->0.074061,train_acc-->1.000000,test_eval_loss-->1.516194,test_acc===0.656863
INFO:root:epoch:250 train_eval_loss-->0.070773,train_acc-->1.000000,test_eval_loss-->1.525754,test_acc===0.647059
INFO:root:epoch:251 train_eval_loss-->0.071082,train_acc-->1.000000,test_eval_loss-->1.523902,test_acc===0.637255
INFO:root:epoch:252 train_eval_loss-->0.080053,train_acc-->1.000000,test_eval_loss-->1.514229,test_acc===0.647059
INFO:root:epoch:253 train_eval_loss-->0.064156,train_acc-->1.000000,test_eval_loss-->1.471076,test_acc===0.647059
INFO:root:epoch:254 train_eval_loss-->0.078102,train_acc-->1.000000,test_eval_loss-->1.502891,test_acc===0.637255
INFO:root:epoch:255 train_eval_loss-->0.071773,train_acc-->1.000000,test_eval_loss-->1.476605,test_acc===0.647059
INFO:root:epoch:256 train_eval_loss-->0.080665,train_acc-->1.000000,test_eval_loss-->1.452508,test_acc===0.656863
INFO:root:epoch:257 train_eval_loss-->0.082508,train_acc-->1.000000,test_eval_loss-->1.493704,test_acc===0.666667
INFO:root:epoch:258 train_eval_loss-->0.090461,train_acc-->1.000000,test_eval_loss-->1.520839,test_acc===0.656863
INFO:root:epoch:259 train_eval_loss-->0.097847,train_acc-->1.000000,test_eval_loss-->1.542325,test_acc===0.647059
INFO:root:epoch:260 train_eval_loss-->0.118694,train_acc-->1.000000,test_eval_loss-->1.453352,test_acc===0.647059
INFO:root:epoch:261 train_eval_loss-->0.115877,train_acc-->1.000000,test_eval_loss-->1.514476,test_acc===0.637255
INFO:root:epoch:262 train_eval_loss-->0.135068,train_acc-->1.000000,test_eval_loss-->1.487072,test_acc===0.647059
INFO:root:epoch:263 train_eval_loss-->0.157860,train_acc-->1.000000,test_eval_loss-->1.494181,test_acc===0.666667
INFO:root:epoch:264 train_eval_loss-->0.157408,train_acc-->1.000000,test_eval_loss-->1.505656,test_acc===0.656863
INFO:root:epoch:265 train_eval_loss-->0.198183,train_acc-->1.000000,test_eval_loss-->1.533846,test_acc===0.656863
INFO:root:epoch:266 train_eval_loss-->0.218618,train_acc-->1.000000,test_eval_loss-->1.547186,test_acc===0.647059
INFO:root:epoch:267 train_eval_loss-->0.276476,train_acc-->1.000000,test_eval_loss-->1.521101,test_acc===0.666667
INFO:root:epoch:268 train_eval_loss-->0.218020,train_acc-->1.000000,test_eval_loss-->1.598358,test_acc===0.637255
INFO:root:epoch:269 train_eval_loss-->0.257695,train_acc-->1.000000,test_eval_loss-->1.520330,test_acc===0.656863
INFO:root:epoch:270 train_eval_loss-->0.270822,train_acc-->1.000000,test_eval_loss-->1.473145,test_acc===0.637255
INFO:root:epoch:271 train_eval_loss-->0.291851,train_acc-->1.000000,test_eval_loss-->1.560750,test_acc===0.578431
INFO:root:epoch:272 train_eval_loss-->0.308610,train_acc-->1.000000,test_eval_loss-->1.493895,test_acc===0.656863
INFO:root:epoch:273 train_eval_loss-->0.317425,train_acc-->1.000000,test_eval_loss-->1.513952,test_acc===0.637255
INFO:root:epoch:274 train_eval_loss-->0.323540,train_acc-->0.997050,test_eval_loss-->1.580770,test_acc===0.617647
INFO:root:epoch:275 train_eval_loss-->0.356927,train_acc-->1.000000,test_eval_loss-->1.550483,test_acc===0.637255
INFO:root:epoch:276 train_eval_loss-->0.429442,train_acc-->0.991150,test_eval_loss-->1.500215,test_acc===0.627451
INFO:root:epoch:277 train_eval_loss-->0.409314,train_acc-->1.000000,test_eval_loss-->1.503387,test_acc===0.598039
INFO:root:epoch:278 train_eval_loss-->0.383420,train_acc-->1.000000,test_eval_loss-->1.491523,test_acc===0.637255
INFO:root:epoch:279 train_eval_loss-->0.475495,train_acc-->1.000000,test_eval_loss-->1.526009,test_acc===0.627451
INFO:root:epoch:280 train_eval_loss-->0.556927,train_acc-->0.991150,test_eval_loss-->1.498861,test_acc===0.627451
INFO:root:epoch:281 train_eval_loss-->0.583198,train_acc-->0.970501,test_eval_loss-->1.531676,test_acc===0.627451
INFO:root:epoch:282 train_eval_loss-->0.419808,train_acc-->0.994100,test_eval_loss-->1.575378,test_acc===0.558824
INFO:root:epoch:283 train_eval_loss-->0.499466,train_acc-->0.994100,test_eval_loss-->1.521510,test_acc===0.617647
INFO:root:epoch:284 train_eval_loss-->0.536965,train_acc-->0.994100,test_eval_loss-->1.533336,test_acc===0.627451
INFO:root:epoch:285 train_eval_loss-->0.552441,train_acc-->0.991150,test_eval_loss-->1.592855,test_acc===0.549020
INFO:root:epoch:286 train_eval_loss-->0.527853,train_acc-->1.000000,test_eval_loss-->1.647578,test_acc===0.617647
INFO:root:epoch:287 train_eval_loss-->0.562608,train_acc-->0.991150,test_eval_loss-->1.584256,test_acc===0.607843
INFO:root:epoch:288 train_eval_loss-->0.585133,train_acc-->0.997050,test_eval_loss-->1.484699,test_acc===0.627451
INFO:root:epoch:289 train_eval_loss-->0.655343,train_acc-->0.976401,test_eval_loss-->1.589978,test_acc===0.617647
INFO:root:epoch:290 train_eval_loss-->0.575746,train_acc-->0.997050,test_eval_loss-->1.690294,test_acc===0.529412
INFO:root:epoch:291 train_eval_loss-->0.579519,train_acc-->0.991150,test_eval_loss-->1.652157,test_acc===0.607843
INFO:root:epoch:292 train_eval_loss-->0.704429,train_acc-->0.955752,test_eval_loss-->1.551403,test_acc===0.558824
INFO:root:epoch:293 train_eval_loss-->0.663646,train_acc-->0.970501,test_eval_loss-->1.693527,test_acc===0.529412
INFO:root:epoch:294 train_eval_loss-->0.817492,train_acc-->0.905605,test_eval_loss-->1.624790,test_acc===0.588235
INFO:root:epoch:295 train_eval_loss-->0.666839,train_acc-->0.973451,test_eval_loss-->1.608925,test_acc===0.588235
INFO:root:epoch:296 train_eval_loss-->0.538939,train_acc-->0.991150,test_eval_loss-->1.628821,test_acc===0.539216
INFO:root:epoch:297 train_eval_loss-->0.662110,train_acc-->0.979351,test_eval_loss-->1.588841,test_acc===0.529412
INFO:root:epoch:298 train_eval_loss-->0.665778,train_acc-->0.976401,test_eval_loss-->1.483966,test_acc===0.617647
INFO:root:epoch:299 train_eval_loss-->0.629603,train_acc-->0.982301,test_eval_loss-->1.759748,test_acc===0.578431
INFO:root:epoch:300 train_eval_loss-->0.655390,train_acc-->0.988201,test_eval_loss-->1.491780,test_acc===0.637255
INFO:root:epoch:301 train_eval_loss-->0.643926,train_acc-->0.982301,test_eval_loss-->1.638182,test_acc===0.627451
INFO:root:epoch:302 train_eval_loss-->0.633904,train_acc-->0.964602,test_eval_loss-->1.607664,test_acc===0.637255
INFO:root:epoch:303 train_eval_loss-->0.566024,train_acc-->0.994100,test_eval_loss-->1.649720,test_acc===0.549020
INFO:root:epoch:304 train_eval_loss-->0.517845,train_acc-->0.997050,test_eval_loss-->1.592140,test_acc===0.568627
INFO:root:epoch:305 train_eval_loss-->0.597087,train_acc-->0.979351,test_eval_loss-->1.811780,test_acc===0.490196
INFO:root:epoch:306 train_eval_loss-->0.659694,train_acc-->0.958702,test_eval_loss-->1.552072,test_acc===0.598039
INFO:root:epoch:307 train_eval_loss-->0.575843,train_acc-->0.988201,test_eval_loss-->1.744950,test_acc===0.558824
INFO:root:epoch:308 train_eval_loss-->0.545395,train_acc-->0.994100,test_eval_loss-->1.585957,test_acc===0.588235
INFO:root:epoch:309 train_eval_loss-->0.554259,train_acc-->0.985251,test_eval_loss-->1.607605,test_acc===0.578431
INFO:root:epoch:310 train_eval_loss-->0.463649,train_acc-->0.997050,test_eval_loss-->1.720769,test_acc===0.617647
INFO:root:epoch:311 train_eval_loss-->0.573491,train_acc-->0.997050,test_eval_loss-->1.705665,test_acc===0.519608
INFO:root:epoch:312 train_eval_loss-->0.644535,train_acc-->0.991150,test_eval_loss-->1.538010,test_acc===0.578431
INFO:root:epoch:313 train_eval_loss-->0.534333,train_acc-->0.997050,test_eval_loss-->1.697950,test_acc===0.598039
INFO:root:epoch:314 train_eval_loss-->0.576430,train_acc-->0.982301,test_eval_loss-->1.542296,test_acc===0.637255
INFO:root:epoch:315 train_eval_loss-->0.444216,train_acc-->0.988201,test_eval_loss-->1.620066,test_acc===0.607843
INFO:root:epoch:316 train_eval_loss-->0.522826,train_acc-->0.994100,test_eval_loss-->1.586146,test_acc===0.617647
INFO:root:epoch:317 train_eval_loss-->0.430597,train_acc-->0.994100,test_eval_loss-->1.570992,test_acc===0.607843
INFO:root:epoch:318 train_eval_loss-->0.422076,train_acc-->1.000000,test_eval_loss-->1.589636,test_acc===0.558824
INFO:root:epoch:319 train_eval_loss-->0.422186,train_acc-->0.991150,test_eval_loss-->1.535457,test_acc===0.647059
INFO:root:epoch:320 train_eval_loss-->0.394092,train_acc-->1.000000,test_eval_loss-->1.549240,test_acc===0.607843
INFO:root:epoch:321 train_eval_loss-->0.386981,train_acc-->0.994100,test_eval_loss-->1.605855,test_acc===0.549020
INFO:root:epoch:322 train_eval_loss-->0.337103,train_acc-->0.997050,test_eval_loss-->1.452932,test_acc===0.617647
INFO:root:epoch:323 train_eval_loss-->0.376054,train_acc-->0.991150,test_eval_loss-->1.687611,test_acc===0.568627
INFO:root:epoch:324 train_eval_loss-->0.311905,train_acc-->0.994100,test_eval_loss-->1.549693,test_acc===0.607843
INFO:root:epoch:325 train_eval_loss-->0.333758,train_acc-->1.000000,test_eval_loss-->1.557865,test_acc===0.598039
INFO:root:epoch:326 train_eval_loss-->0.280631,train_acc-->1.000000,test_eval_loss-->1.540054,test_acc===0.568627
INFO:root:epoch:327 train_eval_loss-->0.293261,train_acc-->1.000000,test_eval_loss-->1.527952,test_acc===0.607843
INFO:root:epoch:328 train_eval_loss-->0.308042,train_acc-->1.000000,test_eval_loss-->1.520994,test_acc===0.607843
INFO:root:epoch:329 train_eval_loss-->0.258236,train_acc-->1.000000,test_eval_loss-->1.504199,test_acc===0.637255
INFO:root:epoch:330 train_eval_loss-->0.213194,train_acc-->1.000000,test_eval_loss-->1.493246,test_acc===0.617647
INFO:root:epoch:331 train_eval_loss-->0.229484,train_acc-->1.000000,test_eval_loss-->1.544386,test_acc===0.647059
INFO:root:epoch:332 train_eval_loss-->0.214800,train_acc-->1.000000,test_eval_loss-->1.476432,test_acc===0.656863
INFO:root:epoch:333 train_eval_loss-->0.172118,train_acc-->1.000000,test_eval_loss-->1.507833,test_acc===0.637255
INFO:root:epoch:334 train_eval_loss-->0.185684,train_acc-->1.000000,test_eval_loss-->1.564053,test_acc===0.647059
INFO:root:epoch:335 train_eval_loss-->0.168075,train_acc-->1.000000,test_eval_loss-->1.485208,test_acc===0.647059
INFO:root:epoch:336 train_eval_loss-->0.153866,train_acc-->1.000000,test_eval_loss-->1.542179,test_acc===0.656863
INFO:root:epoch:337 train_eval_loss-->0.143413,train_acc-->1.000000,test_eval_loss-->1.523667,test_acc===0.627451
INFO:root:epoch:338 train_eval_loss-->0.122882,train_acc-->1.000000,test_eval_loss-->1.491096,test_acc===0.637255
INFO:root:epoch:339 train_eval_loss-->0.111387,train_acc-->1.000000,test_eval_loss-->1.538548,test_acc===0.656863
INFO:root:epoch:340 train_eval_loss-->0.098376,train_acc-->1.000000,test_eval_loss-->1.514863,test_acc===0.637255
INFO:root:epoch:341 train_eval_loss-->0.089894,train_acc-->1.000000,test_eval_loss-->1.497542,test_acc===0.647059
INFO:root:epoch:342 train_eval_loss-->0.086858,train_acc-->1.000000,test_eval_loss-->1.499597,test_acc===0.647059
INFO:root:epoch:343 train_eval_loss-->0.078520,train_acc-->1.000000,test_eval_loss-->1.502947,test_acc===0.647059
INFO:root:epoch:344 train_eval_loss-->0.075795,train_acc-->1.000000,test_eval_loss-->1.494579,test_acc===0.637255
INFO:root:epoch:345 train_eval_loss-->0.063897,train_acc-->1.000000,test_eval_loss-->1.516933,test_acc===0.647059
INFO:root:epoch:346 train_eval_loss-->0.060850,train_acc-->1.000000,test_eval_loss-->1.525209,test_acc===0.637255
INFO:root:epoch:347 train_eval_loss-->0.061777,train_acc-->1.000000,test_eval_loss-->1.519245,test_acc===0.627451
INFO:root:epoch:348 train_eval_loss-->0.055724,train_acc-->1.000000,test_eval_loss-->1.529741,test_acc===0.637255
INFO:root:epoch:349 train_eval_loss-->0.058292,train_acc-->1.000000,test_eval_loss-->1.499061,test_acc===0.647059
INFO:root:epoch:350 train_eval_loss-->0.054338,train_acc-->1.000000,test_eval_loss-->1.529627,test_acc===0.637255
INFO:root:epoch:351 train_eval_loss-->0.054392,train_acc-->1.000000,test_eval_loss-->1.516644,test_acc===0.647059
INFO:root:epoch:352 train_eval_loss-->0.059130,train_acc-->1.000000,test_eval_loss-->1.521947,test_acc===0.647059
INFO:root:epoch:353 train_eval_loss-->0.057256,train_acc-->1.000000,test_eval_loss-->1.534531,test_acc===0.647059
INFO:root:epoch:354 train_eval_loss-->0.063579,train_acc-->1.000000,test_eval_loss-->1.490313,test_acc===0.647059
INFO:root:epoch:355 train_eval_loss-->0.060759,train_acc-->1.000000,test_eval_loss-->1.508717,test_acc===0.656863
INFO:root:epoch:356 train_eval_loss-->0.058975,train_acc-->1.000000,test_eval_loss-->1.544390,test_acc===0.637255
INFO:root:epoch:357 train_eval_loss-->0.077886,train_acc-->1.000000,test_eval_loss-->1.521983,test_acc===0.637255
INFO:root:epoch:358 train_eval_loss-->0.080532,train_acc-->1.000000,test_eval_loss-->1.522634,test_acc===0.647059
INFO:root:epoch:359 train_eval_loss-->0.078236,train_acc-->1.000000,test_eval_loss-->1.518046,test_acc===0.647059
INFO:root:epoch:360 train_eval_loss-->0.100841,train_acc-->1.000000,test_eval_loss-->1.539250,test_acc===0.637255
INFO:root:epoch:361 train_eval_loss-->0.090209,train_acc-->1.000000,test_eval_loss-->1.531429,test_acc===0.647059
INFO:root:epoch:362 train_eval_loss-->0.105137,train_acc-->1.000000,test_eval_loss-->1.536844,test_acc===0.627451
INFO:root:epoch:363 train_eval_loss-->0.114130,train_acc-->1.000000,test_eval_loss-->1.518233,test_acc===0.637255
INFO:root:epoch:364 train_eval_loss-->0.119183,train_acc-->1.000000,test_eval_loss-->1.510585,test_acc===0.637255
INFO:root:epoch:365 train_eval_loss-->0.157618,train_acc-->1.000000,test_eval_loss-->1.440109,test_acc===0.656863
INFO:root:epoch:366 train_eval_loss-->0.163096,train_acc-->1.000000,test_eval_loss-->1.492472,test_acc===0.666667
INFO:root:epoch:367 train_eval_loss-->0.150234,train_acc-->1.000000,test_eval_loss-->1.537162,test_acc===0.617647
INFO:root:epoch:368 train_eval_loss-->0.175008,train_acc-->1.000000,test_eval_loss-->1.517867,test_acc===0.627451
INFO:root:epoch:369 train_eval_loss-->0.211443,train_acc-->1.000000,test_eval_loss-->1.506332,test_acc===0.588235
INFO:root:epoch:370 train_eval_loss-->0.202197,train_acc-->1.000000,test_eval_loss-->1.461082,test_acc===0.656863
INFO:root:epoch:371 train_eval_loss-->0.234001,train_acc-->1.000000,test_eval_loss-->1.473486,test_acc===0.637255
INFO:root:epoch:372 train_eval_loss-->0.241675,train_acc-->1.000000,test_eval_loss-->1.571574,test_acc===0.617647
INFO:root:epoch:373 train_eval_loss-->0.268114,train_acc-->1.000000,test_eval_loss-->1.559813,test_acc===0.607843
INFO:root:epoch:374 train_eval_loss-->0.277946,train_acc-->1.000000,test_eval_loss-->1.482065,test_acc===0.637255
INFO:root:epoch:375 train_eval_loss-->0.315346,train_acc-->1.000000,test_eval_loss-->1.550231,test_acc===0.598039
INFO:root:epoch:376 train_eval_loss-->0.329630,train_acc-->1.000000,test_eval_loss-->1.669751,test_acc===0.598039
INFO:root:epoch:377 train_eval_loss-->0.356262,train_acc-->0.997050,test_eval_loss-->1.455513,test_acc===0.656863
INFO:root:epoch:378 train_eval_loss-->0.354124,train_acc-->0.994100,test_eval_loss-->1.590019,test_acc===0.607843
INFO:root:epoch:379 train_eval_loss-->0.373251,train_acc-->1.000000,test_eval_loss-->1.560995,test_acc===0.607843
INFO:root:epoch:380 train_eval_loss-->0.427929,train_acc-->0.991150,test_eval_loss-->1.721080,test_acc===0.588235
INFO:root:epoch:381 train_eval_loss-->0.378564,train_acc-->1.000000,test_eval_loss-->1.580359,test_acc===0.549020
INFO:root:epoch:382 train_eval_loss-->0.402393,train_acc-->0.997050,test_eval_loss-->1.583946,test_acc===0.617647
INFO:root:epoch:383 train_eval_loss-->0.405563,train_acc-->1.000000,test_eval_loss-->1.598266,test_acc===0.588235
INFO:root:epoch:384 train_eval_loss-->0.474921,train_acc-->0.991150,test_eval_loss-->1.593513,test_acc===0.558824
INFO:root:epoch:385 train_eval_loss-->0.480260,train_acc-->0.985251,test_eval_loss-->1.712055,test_acc===0.568627
INFO:root:epoch:386 train_eval_loss-->0.453348,train_acc-->0.994100,test_eval_loss-->1.578334,test_acc===0.607843
INFO:root:epoch:387 train_eval_loss-->0.468927,train_acc-->0.988201,test_eval_loss-->1.757484,test_acc===0.588235
INFO:root:epoch:388 train_eval_loss-->0.524540,train_acc-->0.997050,test_eval_loss-->1.522066,test_acc===0.588235
INFO:root:epoch:389 train_eval_loss-->0.500973,train_acc-->0.994100,test_eval_loss-->1.797045,test_acc===0.539216
INFO:root:epoch:390 train_eval_loss-->0.505722,train_acc-->0.988201,test_eval_loss-->1.502931,test_acc===0.617647
INFO:root:epoch:391 train_eval_loss-->0.583551,train_acc-->0.976401,test_eval_loss-->1.629174,test_acc===0.509804
INFO:root:epoch:392 train_eval_loss-->0.553115,train_acc-->0.991150,test_eval_loss-->1.510393,test_acc===0.627451
INFO:root:epoch:393 train_eval_loss-->0.543961,train_acc-->0.997050,test_eval_loss-->1.770971,test_acc===0.588235
INFO:root:epoch:394 train_eval_loss-->0.567808,train_acc-->0.964602,test_eval_loss-->1.585166,test_acc===0.637255
INFO:root:epoch:395 train_eval_loss-->0.520188,train_acc-->0.985251,test_eval_loss-->1.603140,test_acc===0.617647
INFO:root:epoch:396 train_eval_loss-->0.634307,train_acc-->0.982301,test_eval_loss-->1.463645,test_acc===0.666667
INFO:root:epoch:397 train_eval_loss-->0.697143,train_acc-->0.955752,test_eval_loss-->1.564030,test_acc===0.588235
INFO:root:epoch:398 train_eval_loss-->0.532585,train_acc-->1.000000,test_eval_loss-->1.578808,test_acc===0.617647
INFO:root:epoch:399 train_eval_loss-->0.703432,train_acc-->0.970501,test_eval_loss-->1.647188,test_acc===0.598039
INFO:root:epoch:400 train_eval_loss-->0.527552,train_acc-->0.988201,test_eval_loss-->1.514234,test_acc===0.588235
INFO:root:epoch:401 train_eval_loss-->0.586427,train_acc-->0.979351,test_eval_loss-->1.734459,test_acc===0.558824
INFO:root:epoch:402 train_eval_loss-->0.525440,train_acc-->0.988201,test_eval_loss-->1.568681,test_acc===0.588235
INFO:root:epoch:403 train_eval_loss-->0.618529,train_acc-->0.988201,test_eval_loss-->1.628901,test_acc===0.588235
INFO:root:epoch:404 train_eval_loss-->0.480905,train_acc-->0.991150,test_eval_loss-->1.650287,test_acc===0.627451
INFO:root:epoch:405 train_eval_loss-->0.490089,train_acc-->0.982301,test_eval_loss-->1.684707,test_acc===0.568627
INFO:root:epoch:406 train_eval_loss-->0.508459,train_acc-->0.997050,test_eval_loss-->1.520920,test_acc===0.607843
INFO:root:epoch:407 train_eval_loss-->0.497058,train_acc-->0.991150,test_eval_loss-->1.580374,test_acc===0.617647
INFO:root:epoch:408 train_eval_loss-->0.504031,train_acc-->0.994100,test_eval_loss-->1.498615,test_acc===0.627451
INFO:root:epoch:409 train_eval_loss-->0.458032,train_acc-->0.997050,test_eval_loss-->1.691126,test_acc===0.588235
INFO:root:epoch:410 train_eval_loss-->0.523608,train_acc-->0.994100,test_eval_loss-->1.565243,test_acc===0.617647
INFO:root:epoch:411 train_eval_loss-->0.389455,train_acc-->0.997050,test_eval_loss-->1.558843,test_acc===0.647059
INFO:root:epoch:412 train_eval_loss-->0.404535,train_acc-->0.991150,test_eval_loss-->1.635284,test_acc===0.607843
INFO:root:epoch:413 train_eval_loss-->0.436934,train_acc-->1.000000,test_eval_loss-->1.501118,test_acc===0.647059
INFO:root:epoch:414 train_eval_loss-->0.442713,train_acc-->0.994100,test_eval_loss-->1.679764,test_acc===0.588235
INFO:root:epoch:415 train_eval_loss-->0.425973,train_acc-->0.991150,test_eval_loss-->1.556803,test_acc===0.607843
INFO:root:epoch:416 train_eval_loss-->0.408888,train_acc-->1.000000,test_eval_loss-->1.700620,test_acc===0.460784
INFO:root:epoch:417 train_eval_loss-->0.442495,train_acc-->1.000000,test_eval_loss-->1.456324,test_acc===0.647059
INFO:root:epoch:418 train_eval_loss-->0.395704,train_acc-->1.000000,test_eval_loss-->1.620550,test_acc===0.617647
INFO:root:epoch:419 train_eval_loss-->0.421505,train_acc-->0.997050,test_eval_loss-->1.549073,test_acc===0.568627
INFO:root:epoch:420 train_eval_loss-->0.342813,train_acc-->1.000000,test_eval_loss-->1.660137,test_acc===0.607843
INFO:root:epoch:421 train_eval_loss-->0.356981,train_acc-->1.000000,test_eval_loss-->1.552396,test_acc===0.627451
INFO:root:epoch:422 train_eval_loss-->0.334564,train_acc-->0.991150,test_eval_loss-->1.533005,test_acc===0.617647
INFO:root:epoch:423 train_eval_loss-->0.289590,train_acc-->1.000000,test_eval_loss-->1.640060,test_acc===0.637255
INFO:root:epoch:424 train_eval_loss-->0.293670,train_acc-->1.000000,test_eval_loss-->1.569685,test_acc===0.598039
INFO:root:epoch:425 train_eval_loss-->0.259746,train_acc-->1.000000,test_eval_loss-->1.634935,test_acc===0.617647
INFO:root:epoch:426 train_eval_loss-->0.262054,train_acc-->1.000000,test_eval_loss-->1.481900,test_acc===0.627451
INFO:root:epoch:427 train_eval_loss-->0.290907,train_acc-->1.000000,test_eval_loss-->1.515480,test_acc===0.637255
INFO:root:epoch:428 train_eval_loss-->0.261172,train_acc-->1.000000,test_eval_loss-->1.569345,test_acc===0.647059
INFO:root:epoch:429 train_eval_loss-->0.227887,train_acc-->1.000000,test_eval_loss-->1.519551,test_acc===0.647059
INFO:root:epoch:430 train_eval_loss-->0.208968,train_acc-->1.000000,test_eval_loss-->1.503208,test_acc===0.627451
INFO:root:epoch:431 train_eval_loss-->0.185364,train_acc-->1.000000,test_eval_loss-->1.616139,test_acc===0.637255
INFO:root:epoch:432 train_eval_loss-->0.182543,train_acc-->1.000000,test_eval_loss-->1.548080,test_acc===0.627451
INFO:root:epoch:433 train_eval_loss-->0.165068,train_acc-->1.000000,test_eval_loss-->1.566476,test_acc===0.637255
INFO:root:epoch:434 train_eval_loss-->0.167713,train_acc-->1.000000,test_eval_loss-->1.515237,test_acc===0.627451
INFO:root:epoch:435 train_eval_loss-->0.145661,train_acc-->1.000000,test_eval_loss-->1.522354,test_acc===0.637255
INFO:root:epoch:436 train_eval_loss-->0.128997,train_acc-->1.000000,test_eval_loss-->1.533678,test_acc===0.647059
INFO:root:epoch:437 train_eval_loss-->0.119284,train_acc-->1.000000,test_eval_loss-->1.570681,test_acc===0.647059
INFO:root:epoch:438 train_eval_loss-->0.108777,train_acc-->1.000000,test_eval_loss-->1.550135,test_acc===0.617647
INFO:root:epoch:439 train_eval_loss-->0.097247,train_acc-->1.000000,test_eval_loss-->1.517122,test_acc===0.656863
INFO:root:epoch:440 train_eval_loss-->0.087832,train_acc-->1.000000,test_eval_loss-->1.513309,test_acc===0.656863
INFO:root:epoch:441 train_eval_loss-->0.082341,train_acc-->1.000000,test_eval_loss-->1.513898,test_acc===0.666667
INFO:root:epoch:442 train_eval_loss-->0.079138,train_acc-->1.000000,test_eval_loss-->1.549274,test_acc===0.647059
INFO:root:epoch:443 train_eval_loss-->0.064792,train_acc-->1.000000,test_eval_loss-->1.518211,test_acc===0.637255
INFO:root:epoch:444 train_eval_loss-->0.057495,train_acc-->1.000000,test_eval_loss-->1.561759,test_acc===0.637255
INFO:root:epoch:445 train_eval_loss-->0.059906,train_acc-->1.000000,test_eval_loss-->1.543593,test_acc===0.656863
INFO:root:epoch:446 train_eval_loss-->0.052403,train_acc-->1.000000,test_eval_loss-->1.551459,test_acc===0.627451
INFO:root:epoch:447 train_eval_loss-->0.063902,train_acc-->1.000000,test_eval_loss-->1.552576,test_acc===0.656863
INFO:root:epoch:448 train_eval_loss-->0.053067,train_acc-->1.000000,test_eval_loss-->1.517759,test_acc===0.656863
INFO:root:epoch:449 train_eval_loss-->0.050913,train_acc-->1.000000,test_eval_loss-->1.593612,test_acc===0.637255
INFO:root:epoch:450 train_eval_loss-->0.052222,train_acc-->1.000000,test_eval_loss-->1.552434,test_acc===0.637255
INFO:root:epoch:451 train_eval_loss-->0.050416,train_acc-->1.000000,test_eval_loss-->1.576984,test_acc===0.627451
INFO:root:epoch:452 train_eval_loss-->0.043382,train_acc-->1.000000,test_eval_loss-->1.541158,test_acc===0.656863
INFO:root:epoch:453 train_eval_loss-->0.049830,train_acc-->1.000000,test_eval_loss-->1.547245,test_acc===0.656863
INFO:root:epoch:454 train_eval_loss-->0.050864,train_acc-->1.000000,test_eval_loss-->1.574783,test_acc===0.647059
INFO:root:epoch:455 train_eval_loss-->0.050472,train_acc-->1.000000,test_eval_loss-->1.536469,test_acc===0.627451
INFO:root:epoch:456 train_eval_loss-->0.054298,train_acc-->1.000000,test_eval_loss-->1.546834,test_acc===0.656863
INFO:root:epoch:457 train_eval_loss-->0.056279,train_acc-->1.000000,test_eval_loss-->1.516330,test_acc===0.637255
INFO:root:epoch:458 train_eval_loss-->0.067766,train_acc-->1.000000,test_eval_loss-->1.554992,test_acc===0.647059
INFO:root:epoch:459 train_eval_loss-->0.066375,train_acc-->1.000000,test_eval_loss-->1.532279,test_acc===0.647059
INFO:root:epoch:460 train_eval_loss-->0.076100,train_acc-->1.000000,test_eval_loss-->1.531172,test_acc===0.598039
INFO:root:epoch:461 train_eval_loss-->0.088109,train_acc-->1.000000,test_eval_loss-->1.535278,test_acc===0.647059
INFO:root:epoch:462 train_eval_loss-->0.084500,train_acc-->1.000000,test_eval_loss-->1.575527,test_acc===0.647059
INFO:root:epoch:463 train_eval_loss-->0.107189,train_acc-->1.000000,test_eval_loss-->1.519206,test_acc===0.647059
INFO:root:epoch:464 train_eval_loss-->0.115072,train_acc-->1.000000,test_eval_loss-->1.532651,test_acc===0.637255
INFO:root:epoch:465 train_eval_loss-->0.119238,train_acc-->1.000000,test_eval_loss-->1.528214,test_acc===0.647059
INFO:root:epoch:466 train_eval_loss-->0.156158,train_acc-->1.000000,test_eval_loss-->1.545832,test_acc===0.627451
INFO:root:epoch:467 train_eval_loss-->0.164065,train_acc-->1.000000,test_eval_loss-->1.556164,test_acc===0.607843
INFO:root:epoch:468 train_eval_loss-->0.164178,train_acc-->1.000000,test_eval_loss-->1.519299,test_acc===0.617647
INFO:root:epoch:469 train_eval_loss-->0.169176,train_acc-->1.000000,test_eval_loss-->1.539385,test_acc===0.647059
INFO:root:epoch:470 train_eval_loss-->0.178372,train_acc-->1.000000,test_eval_loss-->1.545859,test_acc===0.637255
INFO:root:epoch:471 train_eval_loss-->0.204430,train_acc-->1.000000,test_eval_loss-->1.586520,test_acc===0.607843
INFO:root:epoch:472 train_eval_loss-->0.249825,train_acc-->1.000000,test_eval_loss-->1.534170,test_acc===0.568627
INFO:root:epoch:473 train_eval_loss-->0.248012,train_acc-->1.000000,test_eval_loss-->1.548335,test_acc===0.607843
INFO:root:epoch:474 train_eval_loss-->0.275397,train_acc-->1.000000,test_eval_loss-->1.572144,test_acc===0.578431
INFO:root:epoch:475 train_eval_loss-->0.271675,train_acc-->1.000000,test_eval_loss-->1.537446,test_acc===0.627451
INFO:root:epoch:476 train_eval_loss-->0.284511,train_acc-->1.000000,test_eval_loss-->1.556444,test_acc===0.627451
INFO:root:epoch:477 train_eval_loss-->0.335056,train_acc-->0.991150,test_eval_loss-->1.679563,test_acc===0.647059
INFO:root:epoch:478 train_eval_loss-->0.324831,train_acc-->1.000000,test_eval_loss-->1.545421,test_acc===0.666667
INFO:root:epoch:479 train_eval_loss-->0.304900,train_acc-->1.000000,test_eval_loss-->1.557937,test_acc===0.627451
INFO:root:epoch:480 train_eval_loss-->0.281559,train_acc-->1.000000,test_eval_loss-->1.548232,test_acc===0.607843
INFO:root:epoch:481 train_eval_loss-->0.346172,train_acc-->1.000000,test_eval_loss-->1.605839,test_acc===0.598039
INFO:root:epoch:482 train_eval_loss-->0.372541,train_acc-->0.997050,test_eval_loss-->1.549284,test_acc===0.539216
INFO:root:epoch:483 train_eval_loss-->0.480220,train_acc-->1.000000,test_eval_loss-->1.623755,test_acc===0.549020
INFO:root:epoch:484 train_eval_loss-->0.424673,train_acc-->0.991150,test_eval_loss-->1.450184,test_acc===0.598039
INFO:root:epoch:485 train_eval_loss-->0.377997,train_acc-->0.991150,test_eval_loss-->1.520071,test_acc===0.647059
INFO:root:epoch:486 train_eval_loss-->0.427183,train_acc-->1.000000,test_eval_loss-->1.585447,test_acc===0.617647
INFO:root:epoch:487 train_eval_loss-->0.483976,train_acc-->0.991150,test_eval_loss-->1.670672,test_acc===0.500000
INFO:root:epoch:488 train_eval_loss-->0.423255,train_acc-->0.991150,test_eval_loss-->1.575312,test_acc===0.578431
INFO:root:epoch:489 train_eval_loss-->0.453499,train_acc-->1.000000,test_eval_loss-->1.775744,test_acc===0.519608
INFO:root:epoch:490 train_eval_loss-->0.621073,train_acc-->0.964602,test_eval_loss-->1.482789,test_acc===0.627451
INFO:root:epoch:491 train_eval_loss-->0.514019,train_acc-->1.000000,test_eval_loss-->1.732041,test_acc===0.598039
INFO:root:epoch:492 train_eval_loss-->0.555936,train_acc-->0.988201,test_eval_loss-->1.539291,test_acc===0.617647
INFO:root:epoch:493 train_eval_loss-->0.543406,train_acc-->0.988201,test_eval_loss-->1.517681,test_acc===0.627451
INFO:root:epoch:494 train_eval_loss-->0.484267,train_acc-->0.979351,test_eval_loss-->1.461260,test_acc===0.607843
INFO:root:epoch:495 train_eval_loss-->0.613622,train_acc-->0.994100,test_eval_loss-->1.628004,test_acc===0.529412
INFO:root:epoch:496 train_eval_loss-->0.519375,train_acc-->0.988201,test_eval_loss-->1.549984,test_acc===0.666667
INFO:root:epoch:497 train_eval_loss-->0.525756,train_acc-->0.997050,test_eval_loss-->1.495485,test_acc===0.617647
INFO:root:epoch:498 train_eval_loss-->0.520314,train_acc-->1.000000,test_eval_loss-->1.580307,test_acc===0.529412
INFO:root:epoch:499 train_eval_loss-->0.505938,train_acc-->0.988201,test_eval_loss-->1.669717,test_acc===0.558824
