2023-11-30 21:26:49 - #----------Config info----------#
2023-11-30 21:26:49 - network: Pointneted_plus,
2023-11-30 21:26:49 - data_path: /media/yxz/新加卷/teeth_ct_points/CT3Dpoints/,
2023-11-30 21:26:49 - label_path: /media/yxz/新加卷/teeth_ct_points/CT3Dpoints/三维坐标表格.xlsx,
2023-11-30 21:26:49 - pretrained_path: ./pre_trained/,
2023-11-30 21:26:49 - cfg: [96, 128, 256, 512, 1024, 512, 256, 128, 64, 32, 16],
2023-11-30 21:26:49 - num_classes: 3,
2023-11-30 21:26:49 - input_size_h: 512,
2023-11-30 21:26:49 - input_size_w: 512,
2023-11-30 21:26:49 - input_channels: 64,
2023-11-30 21:26:49 - distributed: False,
2023-11-30 21:26:49 - local_rank: -1,
2023-11-30 21:26:49 - num_workers: 4,
2023-11-30 21:26:49 - seed: 42,
2023-11-30 21:26:49 - world_size: None,
2023-11-30 21:26:49 - rank: None,
2023-11-30 21:26:49 - amp: False,
2023-11-30 21:26:49 - l2_lambda: 0.01,
2023-11-30 21:26:49 - gpu_id: 0,
2023-11-30 21:26:49 - batch_size: 2,
2023-11-30 21:26:49 - val_bs: 1,
2023-11-30 21:26:49 - epochs: 500,
2023-11-30 21:26:49 - deep_supervision: False,
2023-11-30 21:26:49 - tailadd: True,
2023-11-30 21:26:49 - threshold: 8.660254037844387,
2023-11-30 21:26:49 - rand_data: False,
2023-11-30 21:26:49 - mean_common: False,
2023-11-30 21:26:49 - train_mean: [38.167084, 36.47113, 35.658463, 34.7275, 34.397972, 34.392757, 33.96709, 34.126865, 34.28234, 33.729267, 32.7962, 32.064926, 31.681631, 31.124203, 30.844501, 31.361849, 32.73974, 34.215652, 36.648277, 38.611458, 40.539837, 42.120747, 43.28669, 44.45494, 45.614132, 46.21989, 47.45023, 48.500004, 49.44821, 50.419426, 52.140045, 53.649082, 54.722622, 55.427254, 55.996006, 56.55678, 57.03274, 56.78339, 56.16994, 56.052105, 56.084873, 55.73664, 55.51461, 54.455627, 53.19349, 51.708523, 50.496777, 48.39798, 46.618237],
2023-11-30 21:26:49 - train_std: [52.12329, 51.107494, 50.941055, 50.223755, 50.00628, 50.154346, 49.390217, 49.584064, 49.46689, 48.635002, 46.955963, 45.86415, 45.254314, 44.008198, 43.081245, 43.15782, 44.181343, 45.16833, 47.433487, 48.60615, 50.44894, 51.635715, 52.542904, 53.638527, 54.554443, 54.860928, 55.634895, 56.127644, 56.314377, 56.52658, 57.31575, 57.992775, 58.40813, 58.65052, 58.6726, 58.786034, 59.043797, 59.15101, 58.878242, 59.1303, 59.565495, 59.95643, 60.605595, 60.74457, 60.784153, 60.811424, 61.18004, 60.75567, 60.8064],
2023-11-30 21:26:49 - val_mean: [39.743374, 38.122738, 37.19561, 35.71686, 35.202812, 34.790627, 34.621647, 34.678947, 34.44854, 33.327152, 32.52173, 31.267305, 30.603254, 30.013475, 29.536041, 30.480452, 31.952286, 33.71057, 36.010574, 38.201912, 39.313183, 42.94376, 44.53766, 45.518337, 46.94797, 46.58542, 47.49811, 48.238167, 51.026104, 52.292915, 52.69654, 53.169758, 53.87486, 55.697067, 57.654236, 57.586315, 57.758514, 57.174618, 57.736595, 57.24419, 57.544117, 57.37176, 56.43062, 55.96641, 55.325653, 53.10815, 52.179287, 50.27785, 47.04305],
2023-11-30 21:26:49 - val_std: [53.15056, 52.15993, 51.616505, 50.33102, 50.21509, 50.081203, 50.03935, 49.86299, 49.531567, 48.28274, 46.95426, 45.172287, 43.96861, 42.88531, 41.24616, 42.37183, 43.43441, 44.75589, 46.571957, 48.567627, 49.173023, 51.97025, 53.31617, 54.147503, 55.217754, 54.256313, 54.82137, 55.228252, 57.024765, 57.493202, 57.21687, 57.12449, 57.009945, 58.07164, 58.968643, 58.816093, 58.97068, 58.471672, 58.976105, 58.958794, 59.510704, 60.026344, 60.16703, 60.841858, 61.621956, 61.22611, 61.83866, 62.08808, 61.1031],
2023-11-30 21:26:49 - work_dir: results/Pointneted_plus_Thursday_30_November_2023_21h_26m_49s/,
2023-11-30 21:26:49 - tensor_size: 0,
2023-11-30 21:26:49 - train_transformer: Compose(
    <utils.myToTensor object at 0x7f4999f7af40>
    <utils.myResize object at 0x7f4a81915790>
),
2023-11-30 21:26:49 - test_transformer: Compose(
    <utils.myToTensor object at 0x7f4a81915850>
    <utils.myResize object at 0x7f4a81915880>
),
2023-11-30 21:26:49 - opt: AdamW,
2023-11-30 21:26:49 - lr: 0.001,
2023-11-30 21:26:49 - betas: (0.9, 0.999),
2023-11-30 21:26:49 - eps: 1e-08,
2023-11-30 21:26:49 - weight_decay: 0.01,
2023-11-30 21:26:49 - amsgrad: False,
2023-11-30 21:26:49 - sch: CosineAnnealingLR,
2023-11-30 21:26:49 - T_max: 50,
2023-11-30 21:26:49 - eta_min: 1e-05,
2023-11-30 21:26:49 - last_epoch: -1,
INFO:root:train--mean-->[38.167084 36.47113  35.658463 34.7275   34.397972 34.392757 33.96709
 34.126865 34.28234  33.729267 32.7962   32.064926 31.681631 31.124203
 30.844501 31.361849 32.73974  34.215652 36.648277 38.611458 40.539837
 42.120747 43.28669  44.45494  45.614132 46.21989  47.45023  48.500004
 49.44821  50.419426 52.140045 53.649082 54.722622 55.427254 55.996006
 56.55678  57.03274  56.78339  56.16994  56.052105 56.084873 55.73664
 55.51461  54.455627 53.19349  51.708523 50.496777 48.39798  46.618237]
INFO:root:train--std-->[52.12329  51.107494 50.941055 50.223755 50.00628  50.154346 49.390217
 49.584064 49.46689  48.635002 46.955963 45.86415  45.254314 44.008198
 43.081245 43.15782  44.181343 45.16833  47.433487 48.60615  50.44894
 51.635715 52.542904 53.638527 54.554443 54.860928 55.634895 56.127644
 56.314377 56.52658  57.31575  57.992775 58.40813  58.65052  58.6726
 58.786034 59.043797 59.15101  58.878242 59.1303   59.565495 59.95643
 60.605595 60.74457  60.784153 60.811424 61.18004  60.75567  60.8064  ]
INFO:root:val--mean-->[39.743374 38.122738 37.19561  35.71686  35.202812 34.790627 34.621647
 34.678947 34.44854  33.327152 32.52173  31.267305 30.603254 30.013475
 29.536041 30.480452 31.952286 33.71057  36.010574 38.201912 39.313183
 42.94376  44.53766  45.518337 46.94797  46.58542  47.49811  48.238167
 51.026104 52.292915 52.69654  53.169758 53.87486  55.697067 57.654236
 57.586315 57.758514 57.174618 57.736595 57.24419  57.544117 57.37176
 56.43062  55.96641  55.325653 53.10815  52.179287 50.27785  47.04305 ]
INFO:root:val--std-->[53.15056  52.15993  51.616505 50.33102  50.21509  50.081203 50.03935
 49.86299  49.531567 48.28274  46.95426  45.172287 43.96861  42.88531
 41.24616  42.37183  43.43441  44.75589  46.571957 48.567627 49.173023
 51.97025  53.31617  54.147503 55.217754 54.256313 54.82137  55.228252
 57.024765 57.493202 57.21687  57.12449  57.009945 58.07164  58.968643
 58.816093 58.97068  58.471672 58.976105 58.958794 59.510704 60.026344
 60.16703  60.841858 61.621956 61.22611  61.83866  62.08808  61.1031  ]
INFO:root:real_input_channels-->49
INFO:root:epoch:0 train_eval_loss-->11.238162,train_acc-->0.070796,test_eval_loss-->16.866249,test_acc===0.049020
INFO:root:epoch:1 train_eval_loss-->10.182288,train_acc-->0.115044,test_eval_loss-->16.652975,test_acc===0.098039
INFO:root:epoch:2 train_eval_loss-->10.065840,train_acc-->0.126844,test_eval_loss-->16.035915,test_acc===0.156863
INFO:root:epoch:3 train_eval_loss-->9.722977,train_acc-->0.123894,test_eval_loss-->17.040373,test_acc===0.009804
INFO:root:epoch:4 train_eval_loss-->9.748135,train_acc-->0.106195,test_eval_loss-->16.243851,test_acc===0.049020
INFO:root:epoch:5 train_eval_loss-->9.494411,train_acc-->0.185841,test_eval_loss-->15.635415,test_acc===0.245098
INFO:root:epoch:6 train_eval_loss-->9.299654,train_acc-->0.182891,test_eval_loss-->15.675478,test_acc===0.313725
INFO:root:epoch:7 train_eval_loss-->9.257519,train_acc-->0.224189,test_eval_loss-->16.336126,test_acc===0.039216
INFO:root:epoch:8 train_eval_loss-->9.336312,train_acc-->0.188791,test_eval_loss-->15.763994,test_acc===0.098039
INFO:root:epoch:9 train_eval_loss-->9.048730,train_acc-->0.241888,test_eval_loss-->15.787340,test_acc===0.205882
INFO:root:epoch:10 train_eval_loss-->9.004389,train_acc-->0.230088,test_eval_loss-->14.941670,test_acc===0.333333
INFO:root:epoch:11 train_eval_loss-->8.747669,train_acc-->0.312684,test_eval_loss-->15.664263,test_acc===0.127451
INFO:root:epoch:12 train_eval_loss-->8.840076,train_acc-->0.271386,test_eval_loss-->15.262362,test_acc===0.166667
INFO:root:epoch:13 train_eval_loss-->8.977706,train_acc-->0.265487,test_eval_loss-->15.587461,test_acc===0.156863
INFO:root:epoch:14 train_eval_loss-->8.790289,train_acc-->0.274336,test_eval_loss-->14.877514,test_acc===0.431373
INFO:root:epoch:15 train_eval_loss-->8.465138,train_acc-->0.401180,test_eval_loss-->15.121917,test_acc===0.205882
INFO:root:epoch:16 train_eval_loss-->8.387974,train_acc-->0.433628,test_eval_loss-->14.775023,test_acc===0.470588
INFO:root:epoch:17 train_eval_loss-->8.439276,train_acc-->0.398230,test_eval_loss-->15.289078,test_acc===0.156863
INFO:root:epoch:18 train_eval_loss-->8.342517,train_acc-->0.383481,test_eval_loss-->14.799726,test_acc===0.401961
INFO:root:epoch:19 train_eval_loss-->8.231670,train_acc-->0.457227,test_eval_loss-->14.819041,test_acc===0.303922
INFO:root:epoch:20 train_eval_loss-->8.071393,train_acc-->0.572271,test_eval_loss-->14.859244,test_acc===0.323529
INFO:root:epoch:21 train_eval_loss-->8.161155,train_acc-->0.522124,test_eval_loss-->14.504529,test_acc===0.529412
INFO:root:epoch:22 train_eval_loss-->7.984115,train_acc-->0.637168,test_eval_loss-->14.824613,test_acc===0.392157
INFO:root:epoch:23 train_eval_loss-->7.943777,train_acc-->0.637168,test_eval_loss-->14.680010,test_acc===0.382353
INFO:root:epoch:24 train_eval_loss-->7.891891,train_acc-->0.607670,test_eval_loss-->14.743240,test_acc===0.343137
INFO:root:epoch:25 train_eval_loss-->7.791290,train_acc-->0.684366,test_eval_loss-->14.883993,test_acc===0.382353
INFO:root:epoch:26 train_eval_loss-->7.770620,train_acc-->0.731563,test_eval_loss-->14.713899,test_acc===0.372549
INFO:root:epoch:27 train_eval_loss-->7.667323,train_acc-->0.758112,test_eval_loss-->14.306133,test_acc===0.607843
INFO:root:epoch:28 train_eval_loss-->7.618686,train_acc-->0.817109,test_eval_loss-->14.426940,test_acc===0.568627
INFO:root:epoch:29 train_eval_loss-->7.590948,train_acc-->0.799410,test_eval_loss-->14.381026,test_acc===0.588235
INFO:root:epoch:30 train_eval_loss-->7.635563,train_acc-->0.793510,test_eval_loss-->14.367701,test_acc===0.607843
INFO:root:epoch:31 train_eval_loss-->7.494249,train_acc-->0.855457,test_eval_loss-->14.252843,test_acc===0.588235
INFO:root:epoch:32 train_eval_loss-->7.429934,train_acc-->0.873156,test_eval_loss-->14.150688,test_acc===0.686275
INFO:root:epoch:33 train_eval_loss-->7.385532,train_acc-->0.908555,test_eval_loss-->14.365469,test_acc===0.578431
INFO:root:epoch:34 train_eval_loss-->7.375461,train_acc-->0.914454,test_eval_loss-->14.206124,test_acc===0.686275
INFO:root:epoch:35 train_eval_loss-->7.238633,train_acc-->0.949853,test_eval_loss-->14.233504,test_acc===0.617647
INFO:root:epoch:36 train_eval_loss-->7.191143,train_acc-->0.967552,test_eval_loss-->14.243370,test_acc===0.627451
INFO:root:epoch:37 train_eval_loss-->7.144231,train_acc-->0.961652,test_eval_loss-->14.155897,test_acc===0.676471
INFO:root:epoch:38 train_eval_loss-->7.100039,train_acc-->0.961652,test_eval_loss-->14.182104,test_acc===0.656863
INFO:root:epoch:39 train_eval_loss-->7.060664,train_acc-->0.973451,test_eval_loss-->14.155828,test_acc===0.686275
INFO:root:epoch:40 train_eval_loss-->7.041924,train_acc-->0.970501,test_eval_loss-->14.187395,test_acc===0.666667
INFO:root:epoch:41 train_eval_loss-->7.006364,train_acc-->0.973451,test_eval_loss-->14.192457,test_acc===0.676471
INFO:root:epoch:42 train_eval_loss-->6.942305,train_acc-->0.982301,test_eval_loss-->14.161280,test_acc===0.666667
INFO:root:epoch:43 train_eval_loss-->6.931356,train_acc-->0.985251,test_eval_loss-->14.147493,test_acc===0.656863
INFO:root:epoch:44 train_eval_loss-->6.900545,train_acc-->0.988201,test_eval_loss-->14.161273,test_acc===0.647059
INFO:root:epoch:45 train_eval_loss-->6.890988,train_acc-->0.988201,test_eval_loss-->14.147820,test_acc===0.647059
INFO:root:epoch:46 train_eval_loss-->6.871531,train_acc-->0.988201,test_eval_loss-->14.162229,test_acc===0.656863
INFO:root:epoch:47 train_eval_loss-->6.854986,train_acc-->0.988201,test_eval_loss-->14.164900,test_acc===0.647059
INFO:root:epoch:48 train_eval_loss-->6.845257,train_acc-->0.988201,test_eval_loss-->14.157689,test_acc===0.656863
INFO:root:epoch:49 train_eval_loss-->6.838815,train_acc-->0.991150,test_eval_loss-->14.157838,test_acc===0.656863
INFO:root:epoch:50 train_eval_loss-->6.835887,train_acc-->0.991150,test_eval_loss-->14.161535,test_acc===0.637255
INFO:root:epoch:51 train_eval_loss-->6.834073,train_acc-->0.991150,test_eval_loss-->14.158023,test_acc===0.656863
INFO:root:epoch:52 train_eval_loss-->6.832280,train_acc-->0.991150,test_eval_loss-->14.156212,test_acc===0.647059
INFO:root:epoch:53 train_eval_loss-->6.835460,train_acc-->0.991150,test_eval_loss-->14.155708,test_acc===0.656863
INFO:root:epoch:54 train_eval_loss-->6.832535,train_acc-->0.988201,test_eval_loss-->14.155989,test_acc===0.656863
INFO:root:epoch:55 train_eval_loss-->6.840373,train_acc-->0.991150,test_eval_loss-->14.167267,test_acc===0.666667
INFO:root:epoch:56 train_eval_loss-->6.854312,train_acc-->0.988201,test_eval_loss-->14.157078,test_acc===0.666667
INFO:root:epoch:57 train_eval_loss-->6.853034,train_acc-->0.991150,test_eval_loss-->14.164826,test_acc===0.666667
INFO:root:epoch:58 train_eval_loss-->6.876631,train_acc-->0.991150,test_eval_loss-->14.197697,test_acc===0.617647
INFO:root:epoch:59 train_eval_loss-->6.914789,train_acc-->0.991150,test_eval_loss-->14.166522,test_acc===0.686275
INFO:root:epoch:60 train_eval_loss-->6.940379,train_acc-->0.994100,test_eval_loss-->14.233302,test_acc===0.656863
INFO:root:epoch:61 train_eval_loss-->6.970095,train_acc-->0.991150,test_eval_loss-->14.194454,test_acc===0.666667
INFO:root:epoch:62 train_eval_loss-->7.031597,train_acc-->0.988201,test_eval_loss-->14.178135,test_acc===0.656863
INFO:root:epoch:63 train_eval_loss-->7.093110,train_acc-->0.976401,test_eval_loss-->14.204901,test_acc===0.656863
INFO:root:epoch:64 train_eval_loss-->7.080139,train_acc-->0.988201,test_eval_loss-->14.222276,test_acc===0.656863
INFO:root:epoch:65 train_eval_loss-->7.073472,train_acc-->0.985251,test_eval_loss-->14.285722,test_acc===0.607843
INFO:root:epoch:66 train_eval_loss-->7.148618,train_acc-->0.955752,test_eval_loss-->14.209962,test_acc===0.627451
INFO:root:epoch:67 train_eval_loss-->7.213149,train_acc-->0.967552,test_eval_loss-->14.191762,test_acc===0.647059
INFO:root:epoch:68 train_eval_loss-->7.191699,train_acc-->0.958702,test_eval_loss-->14.244187,test_acc===0.696078
INFO:root:epoch:69 train_eval_loss-->7.246325,train_acc-->0.943953,test_eval_loss-->14.306719,test_acc===0.617647
INFO:root:epoch:70 train_eval_loss-->7.358099,train_acc-->0.905605,test_eval_loss-->14.227678,test_acc===0.617647
INFO:root:epoch:71 train_eval_loss-->7.269474,train_acc-->0.932153,test_eval_loss-->14.598362,test_acc===0.411765
INFO:root:epoch:72 train_eval_loss-->7.368083,train_acc-->0.896755,test_eval_loss-->14.359349,test_acc===0.578431
INFO:root:epoch:73 train_eval_loss-->7.261315,train_acc-->0.958702,test_eval_loss-->14.269010,test_acc===0.617647
INFO:root:epoch:74 train_eval_loss-->7.359594,train_acc-->0.926254,test_eval_loss-->14.382352,test_acc===0.549020
INFO:root:epoch:75 train_eval_loss-->7.535812,train_acc-->0.831858,test_eval_loss-->14.619605,test_acc===0.460784
INFO:root:epoch:76 train_eval_loss-->7.628129,train_acc-->0.752212,test_eval_loss-->14.564955,test_acc===0.480392
INFO:root:epoch:77 train_eval_loss-->7.471033,train_acc-->0.882006,test_eval_loss-->14.163041,test_acc===0.637255
INFO:root:epoch:78 train_eval_loss-->7.423772,train_acc-->0.887906,test_eval_loss-->14.271430,test_acc===0.647059
INFO:root:epoch:79 train_eval_loss-->7.378118,train_acc-->0.879056,test_eval_loss-->14.437806,test_acc===0.500000
INFO:root:epoch:80 train_eval_loss-->7.554591,train_acc-->0.778761,test_eval_loss-->14.493973,test_acc===0.509804
INFO:root:epoch:81 train_eval_loss-->7.475100,train_acc-->0.876106,test_eval_loss-->14.460856,test_acc===0.519608
INFO:root:epoch:82 train_eval_loss-->7.573131,train_acc-->0.808260,test_eval_loss-->14.788103,test_acc===0.431373
INFO:root:epoch:83 train_eval_loss-->7.512297,train_acc-->0.852507,test_eval_loss-->14.446526,test_acc===0.539216
INFO:root:epoch:84 train_eval_loss-->7.412694,train_acc-->0.911504,test_eval_loss-->14.432022,test_acc===0.568627
INFO:root:epoch:85 train_eval_loss-->7.436579,train_acc-->0.882006,test_eval_loss-->14.359308,test_acc===0.607843
INFO:root:epoch:86 train_eval_loss-->7.469144,train_acc-->0.873156,test_eval_loss-->14.415013,test_acc===0.529412
INFO:root:epoch:87 train_eval_loss-->7.515855,train_acc-->0.846608,test_eval_loss-->14.889012,test_acc===0.274510
INFO:root:epoch:88 train_eval_loss-->7.526882,train_acc-->0.828909,test_eval_loss-->14.450188,test_acc===0.529412
INFO:root:epoch:89 train_eval_loss-->7.618973,train_acc-->0.784661,test_eval_loss-->14.486070,test_acc===0.549020
INFO:root:epoch:90 train_eval_loss-->7.679867,train_acc-->0.752212,test_eval_loss-->14.361300,test_acc===0.578431
INFO:root:epoch:91 train_eval_loss-->7.517449,train_acc-->0.855457,test_eval_loss-->14.319551,test_acc===0.588235
INFO:root:epoch:92 train_eval_loss-->7.584951,train_acc-->0.799410,test_eval_loss-->14.442481,test_acc===0.598039
INFO:root:epoch:93 train_eval_loss-->7.430692,train_acc-->0.879056,test_eval_loss-->14.392648,test_acc===0.549020
INFO:root:epoch:94 train_eval_loss-->7.545099,train_acc-->0.834808,test_eval_loss-->14.422171,test_acc===0.549020
INFO:root:epoch:95 train_eval_loss-->7.666959,train_acc-->0.772861,test_eval_loss-->14.493325,test_acc===0.539216
INFO:root:epoch:96 train_eval_loss-->7.571384,train_acc-->0.814159,test_eval_loss-->14.469958,test_acc===0.539216
INFO:root:epoch:97 train_eval_loss-->7.529998,train_acc-->0.837758,test_eval_loss-->14.381021,test_acc===0.539216
INFO:root:epoch:98 train_eval_loss-->7.471758,train_acc-->0.884956,test_eval_loss-->14.442314,test_acc===0.480392
INFO:root:epoch:99 train_eval_loss-->7.498161,train_acc-->0.870206,test_eval_loss-->14.279300,test_acc===0.666667
INFO:root:epoch:100 train_eval_loss-->7.429981,train_acc-->0.899705,test_eval_loss-->14.291745,test_acc===0.588235
INFO:root:epoch:101 train_eval_loss-->7.420991,train_acc-->0.887906,test_eval_loss-->14.256656,test_acc===0.666667
INFO:root:epoch:102 train_eval_loss-->7.395591,train_acc-->0.908555,test_eval_loss-->14.847340,test_acc===0.431373
INFO:root:epoch:103 train_eval_loss-->7.432676,train_acc-->0.873156,test_eval_loss-->14.426694,test_acc===0.627451
INFO:root:epoch:104 train_eval_loss-->7.352781,train_acc-->0.941003,test_eval_loss-->14.641534,test_acc===0.372549
INFO:root:epoch:105 train_eval_loss-->7.347530,train_acc-->0.938053,test_eval_loss-->14.199349,test_acc===0.647059
INFO:root:epoch:106 train_eval_loss-->7.234642,train_acc-->0.949853,test_eval_loss-->14.424557,test_acc===0.578431
INFO:root:epoch:107 train_eval_loss-->7.313823,train_acc-->0.943953,test_eval_loss-->14.276923,test_acc===0.647059
INFO:root:epoch:108 train_eval_loss-->7.454037,train_acc-->0.849558,test_eval_loss-->14.397243,test_acc===0.598039
INFO:root:epoch:109 train_eval_loss-->7.356212,train_acc-->0.911504,test_eval_loss-->14.125205,test_acc===0.686275
INFO:root:epoch:110 train_eval_loss-->7.323974,train_acc-->0.914454,test_eval_loss-->14.616666,test_acc===0.470588
INFO:root:epoch:111 train_eval_loss-->7.302835,train_acc-->0.938053,test_eval_loss-->14.643446,test_acc===0.509804
INFO:root:epoch:112 train_eval_loss-->7.272855,train_acc-->0.970501,test_eval_loss-->14.263377,test_acc===0.676471
INFO:root:epoch:113 train_eval_loss-->7.294188,train_acc-->0.917404,test_eval_loss-->14.377590,test_acc===0.588235
INFO:root:epoch:114 train_eval_loss-->7.193992,train_acc-->0.988201,test_eval_loss-->14.503330,test_acc===0.500000
INFO:root:epoch:115 train_eval_loss-->7.275126,train_acc-->0.955752,test_eval_loss-->14.527237,test_acc===0.500000
INFO:root:epoch:116 train_eval_loss-->7.239160,train_acc-->0.943953,test_eval_loss-->14.206651,test_acc===0.598039
INFO:root:epoch:117 train_eval_loss-->7.221187,train_acc-->0.946903,test_eval_loss-->14.325596,test_acc===0.578431
INFO:root:epoch:118 train_eval_loss-->7.114995,train_acc-->0.967552,test_eval_loss-->14.105034,test_acc===0.666667
INFO:root:epoch:119 train_eval_loss-->7.007393,train_acc-->0.991150,test_eval_loss-->14.169695,test_acc===0.647059
INFO:root:epoch:120 train_eval_loss-->6.992804,train_acc-->0.994100,test_eval_loss-->14.419892,test_acc===0.549020
INFO:root:epoch:121 train_eval_loss-->7.112182,train_acc-->0.961652,test_eval_loss-->14.147008,test_acc===0.666667
INFO:root:epoch:122 train_eval_loss-->6.995939,train_acc-->0.997050,test_eval_loss-->14.329523,test_acc===0.588235
INFO:root:epoch:123 train_eval_loss-->6.971086,train_acc-->0.988201,test_eval_loss-->14.172496,test_acc===0.676471
INFO:root:epoch:124 train_eval_loss-->6.968328,train_acc-->0.982301,test_eval_loss-->14.294869,test_acc===0.617647
INFO:root:epoch:125 train_eval_loss-->6.904180,train_acc-->0.988201,test_eval_loss-->14.111477,test_acc===0.676471
INFO:root:epoch:126 train_eval_loss-->6.888035,train_acc-->0.985251,test_eval_loss-->14.140905,test_acc===0.676471
INFO:root:epoch:127 train_eval_loss-->6.877471,train_acc-->0.997050,test_eval_loss-->14.202335,test_acc===0.617647
INFO:root:epoch:128 train_eval_loss-->6.854541,train_acc-->0.997050,test_eval_loss-->14.213834,test_acc===0.647059
INFO:root:epoch:129 train_eval_loss-->6.866440,train_acc-->0.997050,test_eval_loss-->14.181127,test_acc===0.656863
INFO:root:epoch:130 train_eval_loss-->6.819513,train_acc-->0.997050,test_eval_loss-->14.180357,test_acc===0.666667
INFO:root:epoch:131 train_eval_loss-->6.833269,train_acc-->0.997050,test_eval_loss-->14.115079,test_acc===0.666667
INFO:root:epoch:132 train_eval_loss-->6.778897,train_acc-->0.997050,test_eval_loss-->14.139441,test_acc===0.637255
INFO:root:epoch:133 train_eval_loss-->6.743354,train_acc-->0.997050,test_eval_loss-->14.109297,test_acc===0.647059
INFO:root:epoch:134 train_eval_loss-->6.738569,train_acc-->0.997050,test_eval_loss-->14.128778,test_acc===0.676471
INFO:root:epoch:135 train_eval_loss-->6.713745,train_acc-->0.997050,test_eval_loss-->14.118566,test_acc===0.627451
INFO:root:epoch:136 train_eval_loss-->6.701957,train_acc-->0.997050,test_eval_loss-->14.094935,test_acc===0.666667
INFO:root:epoch:137 train_eval_loss-->6.664201,train_acc-->0.997050,test_eval_loss-->14.105199,test_acc===0.637255
INFO:root:epoch:138 train_eval_loss-->6.641565,train_acc-->0.997050,test_eval_loss-->14.123159,test_acc===0.627451
INFO:root:epoch:139 train_eval_loss-->6.631074,train_acc-->0.997050,test_eval_loss-->14.110728,test_acc===0.656863
INFO:root:epoch:140 train_eval_loss-->6.609795,train_acc-->0.997050,test_eval_loss-->14.107875,test_acc===0.637255
INFO:root:epoch:141 train_eval_loss-->6.590115,train_acc-->0.997050,test_eval_loss-->14.112350,test_acc===0.656863
INFO:root:epoch:142 train_eval_loss-->6.577890,train_acc-->0.997050,test_eval_loss-->14.103870,test_acc===0.656863
INFO:root:epoch:143 train_eval_loss-->6.572945,train_acc-->0.997050,test_eval_loss-->14.123660,test_acc===0.627451
INFO:root:epoch:144 train_eval_loss-->6.566647,train_acc-->0.997050,test_eval_loss-->14.100724,test_acc===0.656863
INFO:root:epoch:145 train_eval_loss-->6.550427,train_acc-->0.997050,test_eval_loss-->14.102021,test_acc===0.656863
INFO:root:epoch:146 train_eval_loss-->6.542080,train_acc-->0.997050,test_eval_loss-->14.103137,test_acc===0.656863
INFO:root:epoch:147 train_eval_loss-->6.536967,train_acc-->0.997050,test_eval_loss-->14.100561,test_acc===0.656863
INFO:root:epoch:148 train_eval_loss-->6.532607,train_acc-->0.997050,test_eval_loss-->14.101917,test_acc===0.656863
INFO:root:epoch:149 train_eval_loss-->6.530594,train_acc-->0.997050,test_eval_loss-->14.103767,test_acc===0.656863
INFO:root:epoch:150 train_eval_loss-->6.527533,train_acc-->0.997050,test_eval_loss-->14.101254,test_acc===0.656863
INFO:root:epoch:151 train_eval_loss-->6.527048,train_acc-->0.997050,test_eval_loss-->14.102063,test_acc===0.656863
INFO:root:epoch:152 train_eval_loss-->6.526864,train_acc-->0.997050,test_eval_loss-->14.101744,test_acc===0.656863
INFO:root:epoch:153 train_eval_loss-->6.530617,train_acc-->0.997050,test_eval_loss-->14.102025,test_acc===0.647059
INFO:root:epoch:154 train_eval_loss-->6.530889,train_acc-->0.997050,test_eval_loss-->14.102426,test_acc===0.656863
INFO:root:epoch:155 train_eval_loss-->6.536462,train_acc-->0.997050,test_eval_loss-->14.096200,test_acc===0.656863
INFO:root:epoch:156 train_eval_loss-->6.542392,train_acc-->0.997050,test_eval_loss-->14.112222,test_acc===0.647059
INFO:root:epoch:157 train_eval_loss-->6.554089,train_acc-->0.997050,test_eval_loss-->14.100475,test_acc===0.647059
INFO:root:epoch:158 train_eval_loss-->6.565190,train_acc-->0.997050,test_eval_loss-->14.103684,test_acc===0.637255
INFO:root:epoch:159 train_eval_loss-->6.585977,train_acc-->0.997050,test_eval_loss-->14.111651,test_acc===0.647059
INFO:root:epoch:160 train_eval_loss-->6.602831,train_acc-->0.997050,test_eval_loss-->14.138462,test_acc===0.637255
INFO:root:epoch:161 train_eval_loss-->6.613211,train_acc-->0.997050,test_eval_loss-->14.100752,test_acc===0.656863
INFO:root:epoch:162 train_eval_loss-->6.645584,train_acc-->0.997050,test_eval_loss-->14.086632,test_acc===0.676471
INFO:root:epoch:163 train_eval_loss-->6.662442,train_acc-->0.997050,test_eval_loss-->14.099232,test_acc===0.656863
INFO:root:epoch:164 train_eval_loss-->6.696686,train_acc-->0.997050,test_eval_loss-->14.093410,test_acc===0.647059
INFO:root:epoch:165 train_eval_loss-->6.689138,train_acc-->0.997050,test_eval_loss-->14.074940,test_acc===0.676471
INFO:root:epoch:166 train_eval_loss-->6.715082,train_acc-->0.997050,test_eval_loss-->14.112246,test_acc===0.617647
INFO:root:epoch:167 train_eval_loss-->6.729139,train_acc-->0.997050,test_eval_loss-->14.132332,test_acc===0.598039
INFO:root:epoch:168 train_eval_loss-->6.776582,train_acc-->0.997050,test_eval_loss-->14.093804,test_acc===0.686275
INFO:root:epoch:169 train_eval_loss-->6.783829,train_acc-->0.997050,test_eval_loss-->14.091974,test_acc===0.656863
INFO:root:epoch:170 train_eval_loss-->6.799580,train_acc-->0.997050,test_eval_loss-->14.135638,test_acc===0.637255
INFO:root:epoch:171 train_eval_loss-->6.832100,train_acc-->0.994100,test_eval_loss-->14.156199,test_acc===0.617647
INFO:root:epoch:172 train_eval_loss-->6.831326,train_acc-->0.997050,test_eval_loss-->14.131725,test_acc===0.666667
INFO:root:epoch:173 train_eval_loss-->6.832272,train_acc-->0.988201,test_eval_loss-->14.194504,test_acc===0.607843
INFO:root:epoch:174 train_eval_loss-->6.933376,train_acc-->0.997050,test_eval_loss-->14.092862,test_acc===0.686275
INFO:root:epoch:175 train_eval_loss-->6.879669,train_acc-->0.988201,test_eval_loss-->14.125934,test_acc===0.676471
INFO:root:epoch:176 train_eval_loss-->6.912719,train_acc-->0.991150,test_eval_loss-->14.086169,test_acc===0.676471
INFO:root:epoch:177 train_eval_loss-->6.987080,train_acc-->0.982301,test_eval_loss-->14.211437,test_acc===0.637255
INFO:root:epoch:178 train_eval_loss-->7.037543,train_acc-->0.985251,test_eval_loss-->14.176062,test_acc===0.656863
INFO:root:epoch:179 train_eval_loss-->7.062520,train_acc-->0.967552,test_eval_loss-->14.140365,test_acc===0.676471
INFO:root:epoch:180 train_eval_loss-->7.104393,train_acc-->0.976401,test_eval_loss-->14.283191,test_acc===0.588235
INFO:root:epoch:181 train_eval_loss-->7.108023,train_acc-->0.976401,test_eval_loss-->14.209663,test_acc===0.558824
INFO:root:epoch:182 train_eval_loss-->7.149862,train_acc-->0.952802,test_eval_loss-->14.292027,test_acc===0.627451
INFO:root:epoch:183 train_eval_loss-->7.213287,train_acc-->0.932153,test_eval_loss-->14.235826,test_acc===0.598039
INFO:root:epoch:184 train_eval_loss-->7.080539,train_acc-->0.985251,test_eval_loss-->14.119659,test_acc===0.686275
INFO:root:epoch:185 train_eval_loss-->7.119687,train_acc-->0.976401,test_eval_loss-->14.414431,test_acc===0.558824
INFO:root:epoch:186 train_eval_loss-->7.182010,train_acc-->0.955752,test_eval_loss-->14.252374,test_acc===0.637255
INFO:root:epoch:187 train_eval_loss-->7.023352,train_acc-->0.985251,test_eval_loss-->14.171898,test_acc===0.656863
INFO:root:epoch:188 train_eval_loss-->7.117258,train_acc-->0.985251,test_eval_loss-->14.241256,test_acc===0.666667
INFO:root:epoch:189 train_eval_loss-->7.120715,train_acc-->0.982301,test_eval_loss-->14.170334,test_acc===0.607843
INFO:root:epoch:190 train_eval_loss-->7.064964,train_acc-->0.988201,test_eval_loss-->14.377171,test_acc===0.539216
INFO:root:epoch:191 train_eval_loss-->7.206634,train_acc-->0.958702,test_eval_loss-->14.184089,test_acc===0.666667
INFO:root:epoch:192 train_eval_loss-->7.201161,train_acc-->0.955752,test_eval_loss-->14.253948,test_acc===0.647059
INFO:root:epoch:193 train_eval_loss-->7.264318,train_acc-->0.908555,test_eval_loss-->14.168302,test_acc===0.656863
INFO:root:epoch:194 train_eval_loss-->7.121277,train_acc-->0.970501,test_eval_loss-->14.208310,test_acc===0.637255
INFO:root:epoch:195 train_eval_loss-->7.163461,train_acc-->0.967552,test_eval_loss-->14.410604,test_acc===0.509804
INFO:root:epoch:196 train_eval_loss-->7.264062,train_acc-->0.923304,test_eval_loss-->14.329743,test_acc===0.607843
INFO:root:epoch:197 train_eval_loss-->7.301374,train_acc-->0.920354,test_eval_loss-->14.552038,test_acc===0.490196
INFO:root:epoch:198 train_eval_loss-->7.171693,train_acc-->0.970501,test_eval_loss-->14.125352,test_acc===0.666667
INFO:root:epoch:199 train_eval_loss-->7.211087,train_acc-->0.941003,test_eval_loss-->14.722383,test_acc===0.500000
INFO:root:epoch:200 train_eval_loss-->7.445807,train_acc-->0.817109,test_eval_loss-->14.570767,test_acc===0.333333
INFO:root:epoch:201 train_eval_loss-->7.412558,train_acc-->0.867257,test_eval_loss-->14.165054,test_acc===0.686275
INFO:root:epoch:202 train_eval_loss-->7.077356,train_acc-->0.985251,test_eval_loss-->14.393246,test_acc===0.588235
INFO:root:epoch:203 train_eval_loss-->7.150824,train_acc-->0.973451,test_eval_loss-->14.236951,test_acc===0.617647
INFO:root:epoch:204 train_eval_loss-->7.209502,train_acc-->0.941003,test_eval_loss-->14.283600,test_acc===0.617647
INFO:root:epoch:205 train_eval_loss-->7.132173,train_acc-->0.967552,test_eval_loss-->14.278316,test_acc===0.607843
INFO:root:epoch:206 train_eval_loss-->7.127564,train_acc-->0.979351,test_eval_loss-->14.343040,test_acc===0.558824
INFO:root:epoch:207 train_eval_loss-->7.278228,train_acc-->0.932153,test_eval_loss-->14.245934,test_acc===0.656863
INFO:root:epoch:208 train_eval_loss-->7.074578,train_acc-->0.982301,test_eval_loss-->14.095008,test_acc===0.696078
INFO:root:epoch:209 train_eval_loss-->7.073903,train_acc-->0.973451,test_eval_loss-->14.156353,test_acc===0.666667
INFO:root:epoch:210 train_eval_loss-->6.987703,train_acc-->0.997050,test_eval_loss-->14.424074,test_acc===0.598039
INFO:root:epoch:211 train_eval_loss-->7.145147,train_acc-->0.958702,test_eval_loss-->14.100515,test_acc===0.705882
INFO:root:epoch:212 train_eval_loss-->7.034829,train_acc-->0.973451,test_eval_loss-->14.269115,test_acc===0.588235
INFO:root:epoch:213 train_eval_loss-->7.080966,train_acc-->0.967552,test_eval_loss-->14.235049,test_acc===0.617647
INFO:root:epoch:214 train_eval_loss-->7.008952,train_acc-->0.991150,test_eval_loss-->14.093583,test_acc===0.656863
INFO:root:epoch:215 train_eval_loss-->7.035873,train_acc-->0.994100,test_eval_loss-->14.148821,test_acc===0.627451
INFO:root:epoch:216 train_eval_loss-->7.005382,train_acc-->0.991150,test_eval_loss-->14.228489,test_acc===0.627451
INFO:root:epoch:217 train_eval_loss-->6.981722,train_acc-->0.982301,test_eval_loss-->14.175396,test_acc===0.598039
INFO:root:epoch:218 train_eval_loss-->6.925892,train_acc-->0.991150,test_eval_loss-->14.152889,test_acc===0.617647
INFO:root:epoch:219 train_eval_loss-->6.994364,train_acc-->0.985251,test_eval_loss-->14.246578,test_acc===0.607843
INFO:root:epoch:220 train_eval_loss-->6.889027,train_acc-->0.994100,test_eval_loss-->14.105035,test_acc===0.666667
INFO:root:epoch:221 train_eval_loss-->6.881894,train_acc-->0.988201,test_eval_loss-->14.155508,test_acc===0.647059
INFO:root:epoch:222 train_eval_loss-->6.837041,train_acc-->0.991150,test_eval_loss-->14.130012,test_acc===0.647059
INFO:root:epoch:223 train_eval_loss-->6.845061,train_acc-->0.991150,test_eval_loss-->14.204842,test_acc===0.656863
INFO:root:epoch:224 train_eval_loss-->6.847712,train_acc-->0.979351,test_eval_loss-->14.047672,test_acc===0.666667
INFO:root:epoch:225 train_eval_loss-->6.932380,train_acc-->0.997050,test_eval_loss-->14.241744,test_acc===0.617647
INFO:root:epoch:226 train_eval_loss-->6.839692,train_acc-->0.985251,test_eval_loss-->14.094794,test_acc===0.637255
INFO:root:epoch:227 train_eval_loss-->6.742066,train_acc-->0.997050,test_eval_loss-->14.109091,test_acc===0.627451
INFO:root:epoch:228 train_eval_loss-->6.709153,train_acc-->0.997050,test_eval_loss-->14.100066,test_acc===0.647059
INFO:root:epoch:229 train_eval_loss-->6.762205,train_acc-->0.997050,test_eval_loss-->14.139476,test_acc===0.647059
INFO:root:epoch:230 train_eval_loss-->6.692787,train_acc-->0.997050,test_eval_loss-->14.114309,test_acc===0.627451
INFO:root:epoch:231 train_eval_loss-->6.677603,train_acc-->0.997050,test_eval_loss-->14.117074,test_acc===0.647059
INFO:root:epoch:232 train_eval_loss-->6.671065,train_acc-->0.997050,test_eval_loss-->14.062452,test_acc===0.647059
INFO:root:epoch:233 train_eval_loss-->6.633199,train_acc-->0.997050,test_eval_loss-->14.095302,test_acc===0.627451
INFO:root:epoch:234 train_eval_loss-->6.654806,train_acc-->0.997050,test_eval_loss-->14.107287,test_acc===0.637255
INFO:root:epoch:235 train_eval_loss-->6.624176,train_acc-->1.000000,test_eval_loss-->14.079782,test_acc===0.637255
INFO:root:epoch:236 train_eval_loss-->6.603944,train_acc-->1.000000,test_eval_loss-->14.109974,test_acc===0.647059
INFO:root:epoch:237 train_eval_loss-->6.611991,train_acc-->1.000000,test_eval_loss-->14.075647,test_acc===0.647059
INFO:root:epoch:238 train_eval_loss-->6.589278,train_acc-->1.000000,test_eval_loss-->14.064470,test_acc===0.647059
INFO:root:epoch:239 train_eval_loss-->6.573565,train_acc-->1.000000,test_eval_loss-->14.068338,test_acc===0.647059
INFO:root:epoch:240 train_eval_loss-->6.547304,train_acc-->1.000000,test_eval_loss-->14.061625,test_acc===0.647059
INFO:root:epoch:241 train_eval_loss-->6.536380,train_acc-->1.000000,test_eval_loss-->14.063002,test_acc===0.647059
INFO:root:epoch:242 train_eval_loss-->6.522167,train_acc-->1.000000,test_eval_loss-->14.060677,test_acc===0.647059
INFO:root:epoch:243 train_eval_loss-->6.512104,train_acc-->1.000000,test_eval_loss-->14.072485,test_acc===0.637255
INFO:root:epoch:244 train_eval_loss-->6.510588,train_acc-->1.000000,test_eval_loss-->14.065893,test_acc===0.647059
INFO:root:epoch:245 train_eval_loss-->6.495306,train_acc-->1.000000,test_eval_loss-->14.069046,test_acc===0.647059
INFO:root:epoch:246 train_eval_loss-->6.491427,train_acc-->1.000000,test_eval_loss-->14.068292,test_acc===0.647059
INFO:root:epoch:247 train_eval_loss-->6.486255,train_acc-->1.000000,test_eval_loss-->14.064596,test_acc===0.647059
INFO:root:epoch:248 train_eval_loss-->6.483399,train_acc-->1.000000,test_eval_loss-->14.068838,test_acc===0.647059
INFO:root:epoch:249 train_eval_loss-->6.480992,train_acc-->1.000000,test_eval_loss-->14.068770,test_acc===0.647059
INFO:root:epoch:250 train_eval_loss-->6.480822,train_acc-->1.000000,test_eval_loss-->14.068362,test_acc===0.647059
INFO:root:epoch:251 train_eval_loss-->6.478994,train_acc-->1.000000,test_eval_loss-->14.065769,test_acc===0.647059
INFO:root:epoch:252 train_eval_loss-->6.479311,train_acc-->1.000000,test_eval_loss-->14.067372,test_acc===0.647059
INFO:root:epoch:253 train_eval_loss-->6.482705,train_acc-->1.000000,test_eval_loss-->14.066705,test_acc===0.647059
INFO:root:epoch:254 train_eval_loss-->6.481913,train_acc-->1.000000,test_eval_loss-->14.067593,test_acc===0.647059
INFO:root:epoch:255 train_eval_loss-->6.484995,train_acc-->1.000000,test_eval_loss-->14.065927,test_acc===0.647059
INFO:root:epoch:256 train_eval_loss-->6.498660,train_acc-->1.000000,test_eval_loss-->14.072052,test_acc===0.637255
INFO:root:epoch:257 train_eval_loss-->6.501241,train_acc-->1.000000,test_eval_loss-->14.077260,test_acc===0.627451
INFO:root:epoch:258 train_eval_loss-->6.512455,train_acc-->1.000000,test_eval_loss-->14.060135,test_acc===0.647059
INFO:root:epoch:259 train_eval_loss-->6.521217,train_acc-->1.000000,test_eval_loss-->14.070779,test_acc===0.647059
INFO:root:epoch:260 train_eval_loss-->6.523195,train_acc-->1.000000,test_eval_loss-->14.071770,test_acc===0.637255
INFO:root:epoch:261 train_eval_loss-->6.544594,train_acc-->1.000000,test_eval_loss-->14.095791,test_acc===0.617647
INFO:root:epoch:262 train_eval_loss-->6.561133,train_acc-->1.000000,test_eval_loss-->14.054546,test_acc===0.647059
INFO:root:epoch:263 train_eval_loss-->6.571618,train_acc-->1.000000,test_eval_loss-->14.077744,test_acc===0.647059
INFO:root:epoch:264 train_eval_loss-->6.587560,train_acc-->1.000000,test_eval_loss-->14.090052,test_acc===0.617647
INFO:root:epoch:265 train_eval_loss-->6.614259,train_acc-->1.000000,test_eval_loss-->14.085366,test_acc===0.627451
INFO:root:epoch:266 train_eval_loss-->6.621743,train_acc-->1.000000,test_eval_loss-->14.084945,test_acc===0.627451
INFO:root:epoch:267 train_eval_loss-->6.618164,train_acc-->1.000000,test_eval_loss-->14.087615,test_acc===0.647059
INFO:root:epoch:268 train_eval_loss-->6.659536,train_acc-->1.000000,test_eval_loss-->14.058409,test_acc===0.627451
INFO:root:epoch:269 train_eval_loss-->6.665208,train_acc-->1.000000,test_eval_loss-->14.039980,test_acc===0.656863
INFO:root:epoch:270 train_eval_loss-->6.667133,train_acc-->1.000000,test_eval_loss-->14.083584,test_acc===0.647059
INFO:root:epoch:271 train_eval_loss-->6.752801,train_acc-->1.000000,test_eval_loss-->14.111377,test_acc===0.666667
INFO:root:epoch:272 train_eval_loss-->6.701085,train_acc-->1.000000,test_eval_loss-->14.074550,test_acc===0.647059
INFO:root:epoch:273 train_eval_loss-->6.741983,train_acc-->1.000000,test_eval_loss-->14.072765,test_acc===0.666667
INFO:root:epoch:274 train_eval_loss-->6.754204,train_acc-->1.000000,test_eval_loss-->14.113678,test_acc===0.637255
INFO:root:epoch:275 train_eval_loss-->6.732106,train_acc-->1.000000,test_eval_loss-->14.078536,test_acc===0.676471
INFO:root:epoch:276 train_eval_loss-->6.779064,train_acc-->1.000000,test_eval_loss-->14.173758,test_acc===0.607843
INFO:root:epoch:277 train_eval_loss-->6.827581,train_acc-->1.000000,test_eval_loss-->14.168278,test_acc===0.627451
INFO:root:epoch:278 train_eval_loss-->6.831781,train_acc-->0.988201,test_eval_loss-->14.064464,test_acc===0.647059
INFO:root:epoch:279 train_eval_loss-->6.817790,train_acc-->0.994100,test_eval_loss-->14.231091,test_acc===0.607843
INFO:root:epoch:280 train_eval_loss-->6.850892,train_acc-->0.991150,test_eval_loss-->14.108245,test_acc===0.637255
INFO:root:epoch:281 train_eval_loss-->6.860292,train_acc-->1.000000,test_eval_loss-->14.157520,test_acc===0.607843
INFO:root:epoch:282 train_eval_loss-->6.903095,train_acc-->0.991150,test_eval_loss-->14.168426,test_acc===0.607843
INFO:root:epoch:283 train_eval_loss-->6.925692,train_acc-->1.000000,test_eval_loss-->14.261129,test_acc===0.578431
INFO:root:epoch:284 train_eval_loss-->6.914141,train_acc-->0.997050,test_eval_loss-->14.231364,test_acc===0.617647
INFO:root:epoch:285 train_eval_loss-->7.177027,train_acc-->0.958702,test_eval_loss-->14.442894,test_acc===0.411765
INFO:root:epoch:286 train_eval_loss-->7.188293,train_acc-->0.964602,test_eval_loss-->14.192976,test_acc===0.637255
INFO:root:epoch:287 train_eval_loss-->7.079791,train_acc-->0.985251,test_eval_loss-->14.440924,test_acc===0.539216
INFO:root:epoch:288 train_eval_loss-->7.098989,train_acc-->0.973451,test_eval_loss-->14.264341,test_acc===0.607843
INFO:root:epoch:289 train_eval_loss-->7.052158,train_acc-->0.961652,test_eval_loss-->14.006948,test_acc===0.725490
INFO:root:epoch:290 train_eval_loss-->7.110551,train_acc-->0.976401,test_eval_loss-->14.426321,test_acc===0.500000
INFO:root:epoch:291 train_eval_loss-->7.106706,train_acc-->0.976401,test_eval_loss-->14.176888,test_acc===0.647059
INFO:root:epoch:292 train_eval_loss-->7.209134,train_acc-->0.943953,test_eval_loss-->14.351905,test_acc===0.539216
INFO:root:epoch:293 train_eval_loss-->7.054980,train_acc-->0.976401,test_eval_loss-->14.142829,test_acc===0.647059
INFO:root:epoch:294 train_eval_loss-->7.073757,train_acc-->0.991150,test_eval_loss-->14.249790,test_acc===0.617647
INFO:root:epoch:295 train_eval_loss-->7.092683,train_acc-->0.970501,test_eval_loss-->14.366461,test_acc===0.509804
INFO:root:epoch:296 train_eval_loss-->7.116082,train_acc-->0.970501,test_eval_loss-->14.206657,test_acc===0.598039
INFO:root:epoch:297 train_eval_loss-->6.946594,train_acc-->0.997050,test_eval_loss-->14.138814,test_acc===0.627451
INFO:root:epoch:298 train_eval_loss-->7.049967,train_acc-->0.982301,test_eval_loss-->14.362766,test_acc===0.558824
INFO:root:epoch:299 train_eval_loss-->6.999571,train_acc-->0.991150,test_eval_loss-->14.333504,test_acc===0.568627
INFO:root:epoch:300 train_eval_loss-->7.044038,train_acc-->0.985251,test_eval_loss-->14.205273,test_acc===0.578431
INFO:root:epoch:301 train_eval_loss-->7.023433,train_acc-->0.988201,test_eval_loss-->14.372297,test_acc===0.539216
INFO:root:epoch:302 train_eval_loss-->7.038535,train_acc-->0.988201,test_eval_loss-->14.229611,test_acc===0.627451
INFO:root:epoch:303 train_eval_loss-->7.019312,train_acc-->0.985251,test_eval_loss-->14.425299,test_acc===0.500000
INFO:root:epoch:304 train_eval_loss-->7.035969,train_acc-->0.982301,test_eval_loss-->14.354791,test_acc===0.558824
INFO:root:epoch:305 train_eval_loss-->7.181989,train_acc-->0.952802,test_eval_loss-->14.188619,test_acc===0.588235
INFO:root:epoch:306 train_eval_loss-->7.026798,train_acc-->0.982301,test_eval_loss-->14.134980,test_acc===0.696078
INFO:root:epoch:307 train_eval_loss-->7.025458,train_acc-->0.988201,test_eval_loss-->14.469719,test_acc===0.529412
INFO:root:epoch:308 train_eval_loss-->7.256318,train_acc-->0.932153,test_eval_loss-->14.213222,test_acc===0.627451
INFO:root:epoch:309 train_eval_loss-->7.026570,train_acc-->0.994100,test_eval_loss-->14.183549,test_acc===0.637255
INFO:root:epoch:310 train_eval_loss-->6.953112,train_acc-->0.994100,test_eval_loss-->14.259619,test_acc===0.637255
INFO:root:epoch:311 train_eval_loss-->6.936190,train_acc-->0.994100,test_eval_loss-->14.114045,test_acc===0.686275
INFO:root:epoch:312 train_eval_loss-->6.967298,train_acc-->0.994100,test_eval_loss-->14.167438,test_acc===0.627451
INFO:root:epoch:313 train_eval_loss-->6.949002,train_acc-->1.000000,test_eval_loss-->14.264821,test_acc===0.588235
INFO:root:epoch:314 train_eval_loss-->6.931329,train_acc-->1.000000,test_eval_loss-->14.143350,test_acc===0.666667
INFO:root:epoch:315 train_eval_loss-->6.872636,train_acc-->1.000000,test_eval_loss-->14.243135,test_acc===0.637255
INFO:root:epoch:316 train_eval_loss-->6.814370,train_acc-->1.000000,test_eval_loss-->14.104756,test_acc===0.647059
INFO:root:epoch:317 train_eval_loss-->6.820880,train_acc-->0.991150,test_eval_loss-->14.163699,test_acc===0.656863
INFO:root:epoch:318 train_eval_loss-->6.799848,train_acc-->0.997050,test_eval_loss-->14.080659,test_acc===0.676471
INFO:root:epoch:319 train_eval_loss-->6.856280,train_acc-->0.994100,test_eval_loss-->14.218748,test_acc===0.617647
INFO:root:epoch:320 train_eval_loss-->6.888219,train_acc-->0.991150,test_eval_loss-->14.158611,test_acc===0.607843
INFO:root:epoch:321 train_eval_loss-->6.813851,train_acc-->1.000000,test_eval_loss-->14.238174,test_acc===0.598039
INFO:root:epoch:322 train_eval_loss-->6.840752,train_acc-->0.997050,test_eval_loss-->14.147769,test_acc===0.607843
INFO:root:epoch:323 train_eval_loss-->6.799061,train_acc-->1.000000,test_eval_loss-->14.199436,test_acc===0.647059
INFO:root:epoch:324 train_eval_loss-->6.813201,train_acc-->1.000000,test_eval_loss-->14.155947,test_acc===0.656863
INFO:root:epoch:325 train_eval_loss-->6.727768,train_acc-->1.000000,test_eval_loss-->14.188962,test_acc===0.627451
INFO:root:epoch:326 train_eval_loss-->6.709870,train_acc-->1.000000,test_eval_loss-->14.143289,test_acc===0.647059
INFO:root:epoch:327 train_eval_loss-->6.712350,train_acc-->0.994100,test_eval_loss-->14.104166,test_acc===0.637255
INFO:root:epoch:328 train_eval_loss-->6.678289,train_acc-->1.000000,test_eval_loss-->14.167065,test_acc===0.656863
INFO:root:epoch:329 train_eval_loss-->6.668711,train_acc-->1.000000,test_eval_loss-->14.094662,test_acc===0.637255
INFO:root:epoch:330 train_eval_loss-->6.644866,train_acc-->1.000000,test_eval_loss-->14.105627,test_acc===0.666667
INFO:root:epoch:331 train_eval_loss-->6.621327,train_acc-->1.000000,test_eval_loss-->14.084530,test_acc===0.647059
INFO:root:epoch:332 train_eval_loss-->6.627077,train_acc-->1.000000,test_eval_loss-->14.092482,test_acc===0.637255
INFO:root:epoch:333 train_eval_loss-->6.618789,train_acc-->1.000000,test_eval_loss-->14.071452,test_acc===0.656863
INFO:root:epoch:334 train_eval_loss-->6.600361,train_acc-->1.000000,test_eval_loss-->14.079737,test_acc===0.656863
INFO:root:epoch:335 train_eval_loss-->6.572760,train_acc-->1.000000,test_eval_loss-->14.083315,test_acc===0.666667
INFO:root:epoch:336 train_eval_loss-->6.569528,train_acc-->1.000000,test_eval_loss-->14.074748,test_acc===0.627451
INFO:root:epoch:337 train_eval_loss-->6.575448,train_acc-->1.000000,test_eval_loss-->14.068344,test_acc===0.666667
INFO:root:epoch:338 train_eval_loss-->6.563419,train_acc-->1.000000,test_eval_loss-->14.075371,test_acc===0.637255
INFO:root:epoch:339 train_eval_loss-->6.538694,train_acc-->1.000000,test_eval_loss-->14.075133,test_acc===0.647059
INFO:root:epoch:340 train_eval_loss-->6.537784,train_acc-->1.000000,test_eval_loss-->14.067739,test_acc===0.647059
INFO:root:epoch:341 train_eval_loss-->6.522798,train_acc-->1.000000,test_eval_loss-->14.077535,test_acc===0.647059
INFO:root:epoch:342 train_eval_loss-->6.504158,train_acc-->1.000000,test_eval_loss-->14.069892,test_acc===0.647059
INFO:root:epoch:343 train_eval_loss-->6.496232,train_acc-->1.000000,test_eval_loss-->14.072730,test_acc===0.647059
INFO:root:epoch:344 train_eval_loss-->6.488164,train_acc-->1.000000,test_eval_loss-->14.071936,test_acc===0.647059
INFO:root:epoch:345 train_eval_loss-->6.480809,train_acc-->1.000000,test_eval_loss-->14.071246,test_acc===0.647059
INFO:root:epoch:346 train_eval_loss-->6.473266,train_acc-->1.000000,test_eval_loss-->14.072001,test_acc===0.647059
INFO:root:epoch:347 train_eval_loss-->6.469252,train_acc-->1.000000,test_eval_loss-->14.072145,test_acc===0.647059
INFO:root:epoch:348 train_eval_loss-->6.466949,train_acc-->1.000000,test_eval_loss-->14.068330,test_acc===0.647059
INFO:root:epoch:349 train_eval_loss-->6.464876,train_acc-->1.000000,test_eval_loss-->14.071612,test_acc===0.647059
INFO:root:epoch:350 train_eval_loss-->6.463123,train_acc-->1.000000,test_eval_loss-->14.071170,test_acc===0.647059
INFO:root:epoch:351 train_eval_loss-->6.462297,train_acc-->1.000000,test_eval_loss-->14.071641,test_acc===0.647059
INFO:root:epoch:352 train_eval_loss-->6.463088,train_acc-->1.000000,test_eval_loss-->14.071240,test_acc===0.647059
INFO:root:epoch:353 train_eval_loss-->6.466087,train_acc-->1.000000,test_eval_loss-->14.072809,test_acc===0.647059
INFO:root:epoch:354 train_eval_loss-->6.468670,train_acc-->1.000000,test_eval_loss-->14.072659,test_acc===0.647059
INFO:root:epoch:355 train_eval_loss-->6.469706,train_acc-->1.000000,test_eval_loss-->14.072618,test_acc===0.647059
INFO:root:epoch:356 train_eval_loss-->6.473717,train_acc-->1.000000,test_eval_loss-->14.068541,test_acc===0.647059
INFO:root:epoch:357 train_eval_loss-->6.481749,train_acc-->1.000000,test_eval_loss-->14.072376,test_acc===0.647059
INFO:root:epoch:358 train_eval_loss-->6.486126,train_acc-->1.000000,test_eval_loss-->14.069143,test_acc===0.647059
INFO:root:epoch:359 train_eval_loss-->6.502499,train_acc-->1.000000,test_eval_loss-->14.060819,test_acc===0.647059
INFO:root:epoch:360 train_eval_loss-->6.513965,train_acc-->1.000000,test_eval_loss-->14.061498,test_acc===0.647059
INFO:root:epoch:361 train_eval_loss-->6.527643,train_acc-->1.000000,test_eval_loss-->14.069596,test_acc===0.647059
INFO:root:epoch:362 train_eval_loss-->6.533716,train_acc-->1.000000,test_eval_loss-->14.052821,test_acc===0.656863
INFO:root:epoch:363 train_eval_loss-->6.551216,train_acc-->1.000000,test_eval_loss-->14.075267,test_acc===0.656863
INFO:root:epoch:364 train_eval_loss-->6.577095,train_acc-->1.000000,test_eval_loss-->14.057755,test_acc===0.647059
INFO:root:epoch:365 train_eval_loss-->6.574315,train_acc-->1.000000,test_eval_loss-->14.086306,test_acc===0.637255
INFO:root:epoch:366 train_eval_loss-->6.568276,train_acc-->1.000000,test_eval_loss-->14.070222,test_acc===0.666667
INFO:root:epoch:367 train_eval_loss-->6.582943,train_acc-->1.000000,test_eval_loss-->14.056724,test_acc===0.656863
INFO:root:epoch:368 train_eval_loss-->6.626214,train_acc-->1.000000,test_eval_loss-->14.075310,test_acc===0.637255
INFO:root:epoch:369 train_eval_loss-->6.615741,train_acc-->1.000000,test_eval_loss-->14.057811,test_acc===0.656863
INFO:root:epoch:370 train_eval_loss-->6.684669,train_acc-->1.000000,test_eval_loss-->14.055541,test_acc===0.647059
INFO:root:epoch:371 train_eval_loss-->6.661090,train_acc-->1.000000,test_eval_loss-->14.061387,test_acc===0.637255
INFO:root:epoch:372 train_eval_loss-->6.656619,train_acc-->1.000000,test_eval_loss-->14.013957,test_acc===0.676471
INFO:root:epoch:373 train_eval_loss-->6.690449,train_acc-->1.000000,test_eval_loss-->14.094444,test_acc===0.656863
INFO:root:epoch:374 train_eval_loss-->6.753034,train_acc-->1.000000,test_eval_loss-->14.142928,test_acc===0.647059
INFO:root:epoch:375 train_eval_loss-->6.759255,train_acc-->1.000000,test_eval_loss-->14.045613,test_acc===0.696078
INFO:root:epoch:376 train_eval_loss-->6.740649,train_acc-->1.000000,test_eval_loss-->14.030740,test_acc===0.647059
INFO:root:epoch:377 train_eval_loss-->6.713318,train_acc-->1.000000,test_eval_loss-->14.062611,test_acc===0.637255
INFO:root:epoch:378 train_eval_loss-->6.743453,train_acc-->1.000000,test_eval_loss-->14.094191,test_acc===0.637255
INFO:root:epoch:379 train_eval_loss-->6.774859,train_acc-->1.000000,test_eval_loss-->14.011103,test_acc===0.686275
INFO:root:epoch:380 train_eval_loss-->6.767947,train_acc-->1.000000,test_eval_loss-->14.010266,test_acc===0.656863
INFO:root:epoch:381 train_eval_loss-->6.772754,train_acc-->1.000000,test_eval_loss-->14.173704,test_acc===0.617647
INFO:root:epoch:382 train_eval_loss-->6.862244,train_acc-->0.994100,test_eval_loss-->14.186819,test_acc===0.617647
INFO:root:epoch:383 train_eval_loss-->6.899026,train_acc-->1.000000,test_eval_loss-->14.129598,test_acc===0.627451
INFO:root:epoch:384 train_eval_loss-->6.847200,train_acc-->0.997050,test_eval_loss-->14.103268,test_acc===0.607843
INFO:root:epoch:385 train_eval_loss-->6.840901,train_acc-->0.994100,test_eval_loss-->14.019146,test_acc===0.676471
INFO:root:epoch:386 train_eval_loss-->6.909448,train_acc-->0.985251,test_eval_loss-->14.063375,test_acc===0.637255
INFO:root:epoch:387 train_eval_loss-->6.898453,train_acc-->0.982301,test_eval_loss-->14.069577,test_acc===0.666667
INFO:root:epoch:388 train_eval_loss-->6.849083,train_acc-->1.000000,test_eval_loss-->14.131048,test_acc===0.617647
INFO:root:epoch:389 train_eval_loss-->6.850138,train_acc-->0.991150,test_eval_loss-->14.012264,test_acc===0.666667
INFO:root:epoch:390 train_eval_loss-->6.926788,train_acc-->0.991150,test_eval_loss-->14.050564,test_acc===0.637255
INFO:root:epoch:391 train_eval_loss-->6.903806,train_acc-->0.994100,test_eval_loss-->14.076085,test_acc===0.656863
INFO:root:epoch:392 train_eval_loss-->6.910585,train_acc-->0.982301,test_eval_loss-->14.107799,test_acc===0.598039
INFO:root:epoch:393 train_eval_loss-->6.860155,train_acc-->0.997050,test_eval_loss-->14.192798,test_acc===0.627451
INFO:root:epoch:394 train_eval_loss-->6.955690,train_acc-->0.985251,test_eval_loss-->14.105221,test_acc===0.666667
INFO:root:epoch:395 train_eval_loss-->6.951136,train_acc-->0.991150,test_eval_loss-->14.164360,test_acc===0.637255
INFO:root:epoch:396 train_eval_loss-->6.928104,train_acc-->0.994100,test_eval_loss-->14.257797,test_acc===0.568627
INFO:root:epoch:397 train_eval_loss-->7.064733,train_acc-->0.973451,test_eval_loss-->14.187924,test_acc===0.627451
INFO:root:epoch:398 train_eval_loss-->6.934998,train_acc-->0.991150,test_eval_loss-->14.067878,test_acc===0.696078
INFO:root:epoch:399 train_eval_loss-->6.970018,train_acc-->0.994100,test_eval_loss-->14.097931,test_acc===0.656863
INFO:root:epoch:400 train_eval_loss-->6.975306,train_acc-->0.967552,test_eval_loss-->14.184750,test_acc===0.598039
INFO:root:epoch:401 train_eval_loss-->6.897211,train_acc-->0.991150,test_eval_loss-->14.187624,test_acc===0.607843
INFO:root:epoch:402 train_eval_loss-->6.885417,train_acc-->0.991150,test_eval_loss-->14.139975,test_acc===0.627451
INFO:root:epoch:403 train_eval_loss-->6.946008,train_acc-->1.000000,test_eval_loss-->14.075830,test_acc===0.696078
INFO:root:epoch:404 train_eval_loss-->6.880002,train_acc-->0.985251,test_eval_loss-->14.151868,test_acc===0.666667
INFO:root:epoch:405 train_eval_loss-->6.933441,train_acc-->1.000000,test_eval_loss-->14.129480,test_acc===0.627451
INFO:root:epoch:406 train_eval_loss-->6.954937,train_acc-->0.988201,test_eval_loss-->14.158812,test_acc===0.666667
INFO:root:epoch:407 train_eval_loss-->7.024894,train_acc-->0.997050,test_eval_loss-->14.181386,test_acc===0.647059
INFO:root:epoch:408 train_eval_loss-->7.067649,train_acc-->0.967552,test_eval_loss-->14.178503,test_acc===0.656863
INFO:root:epoch:409 train_eval_loss-->6.868731,train_acc-->0.991150,test_eval_loss-->14.050272,test_acc===0.666667
INFO:root:epoch:410 train_eval_loss-->6.944879,train_acc-->0.991150,test_eval_loss-->14.277245,test_acc===0.598039
INFO:root:epoch:411 train_eval_loss-->6.900729,train_acc-->1.000000,test_eval_loss-->14.088292,test_acc===0.705882
INFO:root:epoch:412 train_eval_loss-->6.841768,train_acc-->1.000000,test_eval_loss-->13.996226,test_acc===0.696078
INFO:root:epoch:413 train_eval_loss-->6.856032,train_acc-->0.997050,test_eval_loss-->14.093536,test_acc===0.666667
INFO:root:epoch:414 train_eval_loss-->6.872798,train_acc-->0.994100,test_eval_loss-->14.084169,test_acc===0.676471
INFO:root:epoch:415 train_eval_loss-->6.839368,train_acc-->1.000000,test_eval_loss-->14.039391,test_acc===0.696078
INFO:root:epoch:416 train_eval_loss-->6.784609,train_acc-->1.000000,test_eval_loss-->14.154411,test_acc===0.607843
INFO:root:epoch:417 train_eval_loss-->6.846934,train_acc-->1.000000,test_eval_loss-->14.448077,test_acc===0.470588
INFO:root:epoch:418 train_eval_loss-->6.888802,train_acc-->0.991150,test_eval_loss-->14.045027,test_acc===0.676471
INFO:root:epoch:419 train_eval_loss-->6.732938,train_acc-->1.000000,test_eval_loss-->14.118088,test_acc===0.637255
INFO:root:epoch:420 train_eval_loss-->6.712224,train_acc-->1.000000,test_eval_loss-->14.022111,test_acc===0.705882
INFO:root:epoch:421 train_eval_loss-->6.729642,train_acc-->0.997050,test_eval_loss-->14.018216,test_acc===0.686275
INFO:root:epoch:422 train_eval_loss-->6.711147,train_acc-->1.000000,test_eval_loss-->14.029529,test_acc===0.647059
INFO:root:epoch:423 train_eval_loss-->6.697324,train_acc-->0.994100,test_eval_loss-->14.047085,test_acc===0.637255
INFO:root:epoch:424 train_eval_loss-->6.689641,train_acc-->1.000000,test_eval_loss-->14.106717,test_acc===0.627451
INFO:root:epoch:425 train_eval_loss-->6.674167,train_acc-->1.000000,test_eval_loss-->14.061959,test_acc===0.647059
INFO:root:epoch:426 train_eval_loss-->6.696169,train_acc-->1.000000,test_eval_loss-->14.066082,test_acc===0.637255
INFO:root:epoch:427 train_eval_loss-->6.662293,train_acc-->1.000000,test_eval_loss-->14.036180,test_acc===0.656863
INFO:root:epoch:428 train_eval_loss-->6.644020,train_acc-->1.000000,test_eval_loss-->14.050727,test_acc===0.627451
INFO:root:epoch:429 train_eval_loss-->6.629724,train_acc-->0.991150,test_eval_loss-->14.020301,test_acc===0.656863
INFO:root:epoch:430 train_eval_loss-->6.570615,train_acc-->1.000000,test_eval_loss-->14.027219,test_acc===0.637255
INFO:root:epoch:431 train_eval_loss-->6.561924,train_acc-->1.000000,test_eval_loss-->14.082677,test_acc===0.617647
INFO:root:epoch:432 train_eval_loss-->6.571834,train_acc-->1.000000,test_eval_loss-->14.038663,test_acc===0.627451
INFO:root:epoch:433 train_eval_loss-->6.558887,train_acc-->1.000000,test_eval_loss-->14.029158,test_acc===0.647059
INFO:root:epoch:434 train_eval_loss-->6.564674,train_acc-->1.000000,test_eval_loss-->14.020293,test_acc===0.647059
INFO:root:epoch:435 train_eval_loss-->6.552580,train_acc-->1.000000,test_eval_loss-->14.002615,test_acc===0.656863
INFO:root:epoch:436 train_eval_loss-->6.537736,train_acc-->1.000000,test_eval_loss-->14.048808,test_acc===0.637255
INFO:root:epoch:437 train_eval_loss-->6.528721,train_acc-->1.000000,test_eval_loss-->14.013450,test_acc===0.656863
INFO:root:epoch:438 train_eval_loss-->6.501232,train_acc-->1.000000,test_eval_loss-->14.017365,test_acc===0.656863
INFO:root:epoch:439 train_eval_loss-->6.482616,train_acc-->1.000000,test_eval_loss-->14.004387,test_acc===0.666667
INFO:root:epoch:440 train_eval_loss-->6.473306,train_acc-->1.000000,test_eval_loss-->14.003496,test_acc===0.647059
INFO:root:epoch:441 train_eval_loss-->6.469406,train_acc-->1.000000,test_eval_loss-->14.001722,test_acc===0.656863
INFO:root:epoch:442 train_eval_loss-->6.463484,train_acc-->1.000000,test_eval_loss-->14.003303,test_acc===0.656863
INFO:root:epoch:443 train_eval_loss-->6.459084,train_acc-->1.000000,test_eval_loss-->14.014299,test_acc===0.656863
INFO:root:epoch:444 train_eval_loss-->6.445428,train_acc-->1.000000,test_eval_loss-->14.006744,test_acc===0.656863
INFO:root:epoch:445 train_eval_loss-->6.439285,train_acc-->1.000000,test_eval_loss-->14.009649,test_acc===0.656863
INFO:root:epoch:446 train_eval_loss-->6.436271,train_acc-->1.000000,test_eval_loss-->14.010325,test_acc===0.656863
INFO:root:epoch:447 train_eval_loss-->6.434694,train_acc-->1.000000,test_eval_loss-->14.007026,test_acc===0.656863
INFO:root:epoch:448 train_eval_loss-->6.430278,train_acc-->1.000000,test_eval_loss-->14.007244,test_acc===0.656863
INFO:root:epoch:449 train_eval_loss-->6.427032,train_acc-->1.000000,test_eval_loss-->14.007868,test_acc===0.656863
INFO:root:epoch:450 train_eval_loss-->6.426267,train_acc-->1.000000,test_eval_loss-->14.009146,test_acc===0.656863
INFO:root:epoch:451 train_eval_loss-->6.425829,train_acc-->1.000000,test_eval_loss-->14.006798,test_acc===0.656863
INFO:root:epoch:452 train_eval_loss-->6.426025,train_acc-->1.000000,test_eval_loss-->14.008116,test_acc===0.656863
INFO:root:epoch:453 train_eval_loss-->6.428906,train_acc-->1.000000,test_eval_loss-->14.009908,test_acc===0.656863
INFO:root:epoch:454 train_eval_loss-->6.428706,train_acc-->1.000000,test_eval_loss-->14.007203,test_acc===0.656863
INFO:root:epoch:455 train_eval_loss-->6.431706,train_acc-->1.000000,test_eval_loss-->14.009158,test_acc===0.656863
INFO:root:epoch:456 train_eval_loss-->6.438475,train_acc-->1.000000,test_eval_loss-->14.004967,test_acc===0.656863
INFO:root:epoch:457 train_eval_loss-->6.444024,train_acc-->1.000000,test_eval_loss-->14.011335,test_acc===0.656863
INFO:root:epoch:458 train_eval_loss-->6.448538,train_acc-->1.000000,test_eval_loss-->14.001375,test_acc===0.656863
INFO:root:epoch:459 train_eval_loss-->6.460386,train_acc-->1.000000,test_eval_loss-->14.016463,test_acc===0.656863
INFO:root:epoch:460 train_eval_loss-->6.479837,train_acc-->1.000000,test_eval_loss-->13.996335,test_acc===0.656863
INFO:root:epoch:461 train_eval_loss-->6.481408,train_acc-->1.000000,test_eval_loss-->13.995322,test_acc===0.656863
INFO:root:epoch:462 train_eval_loss-->6.479704,train_acc-->1.000000,test_eval_loss-->14.004701,test_acc===0.656863
INFO:root:epoch:463 train_eval_loss-->6.502149,train_acc-->1.000000,test_eval_loss-->14.017617,test_acc===0.637255
INFO:root:epoch:464 train_eval_loss-->6.514478,train_acc-->1.000000,test_eval_loss-->14.012605,test_acc===0.656863
INFO:root:epoch:465 train_eval_loss-->6.505874,train_acc-->1.000000,test_eval_loss-->14.007771,test_acc===0.647059
INFO:root:epoch:466 train_eval_loss-->6.544746,train_acc-->1.000000,test_eval_loss-->14.008938,test_acc===0.656863
INFO:root:epoch:467 train_eval_loss-->6.535861,train_acc-->1.000000,test_eval_loss-->13.992827,test_acc===0.676471
INFO:root:epoch:468 train_eval_loss-->6.544587,train_acc-->1.000000,test_eval_loss-->13.985559,test_acc===0.676471
INFO:root:epoch:469 train_eval_loss-->6.589124,train_acc-->1.000000,test_eval_loss-->14.001595,test_acc===0.656863
INFO:root:epoch:470 train_eval_loss-->6.599926,train_acc-->1.000000,test_eval_loss-->14.014286,test_acc===0.627451
INFO:root:epoch:471 train_eval_loss-->6.610978,train_acc-->1.000000,test_eval_loss-->14.045381,test_acc===0.617647
INFO:root:epoch:472 train_eval_loss-->6.626076,train_acc-->1.000000,test_eval_loss-->14.043295,test_acc===0.627451
INFO:root:epoch:473 train_eval_loss-->6.598086,train_acc-->1.000000,test_eval_loss-->13.945088,test_acc===0.666667
INFO:root:epoch:474 train_eval_loss-->6.615093,train_acc-->1.000000,test_eval_loss-->13.978251,test_acc===0.676471
INFO:root:epoch:475 train_eval_loss-->6.633787,train_acc-->1.000000,test_eval_loss-->14.077869,test_acc===0.607843
INFO:root:epoch:476 train_eval_loss-->6.676575,train_acc-->0.997050,test_eval_loss-->13.995035,test_acc===0.637255
INFO:root:epoch:477 train_eval_loss-->6.659909,train_acc-->1.000000,test_eval_loss-->13.991923,test_acc===0.637255
INFO:root:epoch:478 train_eval_loss-->6.713161,train_acc-->0.997050,test_eval_loss-->14.075255,test_acc===0.637255
INFO:root:epoch:479 train_eval_loss-->6.703582,train_acc-->1.000000,test_eval_loss-->14.023170,test_acc===0.666667
INFO:root:epoch:480 train_eval_loss-->6.704239,train_acc-->1.000000,test_eval_loss-->13.996574,test_acc===0.676471
INFO:root:epoch:481 train_eval_loss-->6.751815,train_acc-->1.000000,test_eval_loss-->13.997079,test_acc===0.627451
INFO:root:epoch:482 train_eval_loss-->6.731534,train_acc-->0.994100,test_eval_loss-->14.053986,test_acc===0.607843
INFO:root:epoch:483 train_eval_loss-->6.752787,train_acc-->0.988201,test_eval_loss-->14.030221,test_acc===0.617647
INFO:root:epoch:484 train_eval_loss-->6.719727,train_acc-->1.000000,test_eval_loss-->14.024981,test_acc===0.627451
INFO:root:epoch:485 train_eval_loss-->6.730473,train_acc-->1.000000,test_eval_loss-->14.037076,test_acc===0.647059
INFO:root:epoch:486 train_eval_loss-->6.733877,train_acc-->1.000000,test_eval_loss-->14.014254,test_acc===0.647059
INFO:root:epoch:487 train_eval_loss-->6.776424,train_acc-->0.991150,test_eval_loss-->13.980298,test_acc===0.686275
INFO:root:epoch:488 train_eval_loss-->6.800930,train_acc-->0.991150,test_eval_loss-->14.222419,test_acc===0.529412
INFO:root:epoch:489 train_eval_loss-->6.795199,train_acc-->1.000000,test_eval_loss-->14.143256,test_acc===0.598039
INFO:root:epoch:490 train_eval_loss-->6.836570,train_acc-->0.997050,test_eval_loss-->14.080790,test_acc===0.637255
INFO:root:epoch:491 train_eval_loss-->6.926225,train_acc-->0.988201,test_eval_loss-->14.028741,test_acc===0.627451
INFO:root:epoch:492 train_eval_loss-->6.881915,train_acc-->0.994100,test_eval_loss-->14.019400,test_acc===0.607843
INFO:root:epoch:493 train_eval_loss-->6.847368,train_acc-->0.988201,test_eval_loss-->14.054861,test_acc===0.666667
INFO:root:epoch:494 train_eval_loss-->6.885965,train_acc-->0.997050,test_eval_loss-->14.064642,test_acc===0.647059
INFO:root:epoch:495 train_eval_loss-->6.867590,train_acc-->0.994100,test_eval_loss-->14.026214,test_acc===0.637255
INFO:root:epoch:496 train_eval_loss-->6.973217,train_acc-->0.982301,test_eval_loss-->13.983612,test_acc===0.705882
INFO:root:epoch:497 train_eval_loss-->6.894772,train_acc-->1.000000,test_eval_loss-->14.059155,test_acc===0.637255
INFO:root:epoch:498 train_eval_loss-->6.861252,train_acc-->0.991150,test_eval_loss-->14.013332,test_acc===0.666667
INFO:root:epoch:499 train_eval_loss-->6.838946,train_acc-->1.000000,test_eval_loss-->14.130830,test_acc===0.598039
