2023-11-26 21:41:15 - #----------Config info----------#
2023-11-26 21:41:15 - network: Pointneted_plus,
2023-11-26 21:41:15 - data_path: /media/yxz/新加卷/teeth_ct_points/CT3Dpoints/,
2023-11-26 21:41:15 - label_path: /media/yxz/新加卷/teeth_ct_points/CT3Dpoints/三维坐标表格.xlsx,
2023-11-26 21:41:15 - pretrained_path: ./pre_trained/,
2023-11-26 21:41:15 - num_classes: 3,
2023-11-26 21:41:15 - input_size_h: 512,
2023-11-26 21:41:15 - input_size_w: 512,
2023-11-26 21:41:15 - input_channels: 50,
2023-11-26 21:41:15 - distributed: False,
2023-11-26 21:41:15 - local_rank: -1,
2023-11-26 21:41:15 - num_workers: 4,
2023-11-26 21:41:15 - seed: 42,
2023-11-26 21:41:15 - world_size: None,
2023-11-26 21:41:15 - rank: None,
2023-11-26 21:41:15 - amp: False,
2023-11-26 21:41:15 - gpu_id: 0,
2023-11-26 21:41:15 - batch_size: 2,
2023-11-26 21:41:15 - val_bs: 1,
2023-11-26 21:41:15 - epochs: 500,
2023-11-26 21:41:15 - deep_supervision: False,
2023-11-26 21:41:15 - tailadd: True,
2023-11-26 21:41:15 - threshold: 8.660254037844387,
2023-11-26 21:41:15 - train_mean: [38.167084, 36.47113, 35.658463, 34.7275, 34.397972, 34.392757, 33.96709, 34.126865, 34.28234, 33.729267, 32.7962, 32.064926, 31.681631, 31.124203, 30.844501, 31.361849, 32.73974, 34.215652, 36.648277, 38.611458, 40.539837, 42.120747, 43.28669, 44.45494, 45.614132, 46.21989, 47.45023, 48.500004, 49.44821, 50.419426, 52.140045, 53.649082, 54.722622, 55.427254, 55.996006, 56.55678, 57.03274, 56.78339, 56.16994, 56.052105, 56.084873, 55.73664, 55.51461, 54.455627, 53.19349, 51.708523, 50.496777, 48.39798, 46.618237],
2023-11-26 21:41:15 - train_std: [52.12329, 51.107494, 50.941055, 50.223755, 50.00628, 50.154346, 49.390217, 49.584064, 49.46689, 48.635002, 46.955963, 45.86415, 45.254314, 44.008198, 43.081245, 43.15782, 44.181343, 45.16833, 47.433487, 48.60615, 50.44894, 51.635715, 52.542904, 53.638527, 54.554443, 54.860928, 55.634895, 56.127644, 56.314377, 56.52658, 57.31575, 57.992775, 58.40813, 58.65052, 58.6726, 58.786034, 59.043797, 59.15101, 58.878242, 59.1303, 59.565495, 59.95643, 60.605595, 60.74457, 60.784153, 60.811424, 61.18004, 60.75567, 60.8064],
2023-11-26 21:41:15 - val_mean: [39.743374, 38.122738, 37.19561, 35.71686, 35.202812, 34.790627, 34.621647, 34.678947, 34.44854, 33.327152, 32.52173, 31.267305, 30.603254, 30.013475, 29.536041, 30.480452, 31.952286, 33.71057, 36.010574, 38.201912, 39.313183, 42.94376, 44.53766, 45.518337, 46.94797, 46.58542, 47.49811, 48.238167, 51.026104, 52.292915, 52.69654, 53.169758, 53.87486, 55.697067, 57.654236, 57.586315, 57.758514, 57.174618, 57.736595, 57.24419, 57.544117, 57.37176, 56.43062, 55.96641, 55.325653, 53.10815, 52.179287, 50.27785, 47.04305],
2023-11-26 21:41:15 - val_std: [53.15056, 52.15993, 51.616505, 50.33102, 50.21509, 50.081203, 50.03935, 49.86299, 49.531567, 48.28274, 46.95426, 45.172287, 43.96861, 42.88531, 41.24616, 42.37183, 43.43441, 44.75589, 46.571957, 48.567627, 49.173023, 51.97025, 53.31617, 54.147503, 55.217754, 54.256313, 54.82137, 55.228252, 57.024765, 57.493202, 57.21687, 57.12449, 57.009945, 58.07164, 58.968643, 58.816093, 58.97068, 58.471672, 58.976105, 58.958794, 59.510704, 60.026344, 60.16703, 60.841858, 61.621956, 61.22611, 61.83866, 62.08808, 61.1031],
2023-11-26 21:41:15 - work_dir: results/Pointneted_plus_Sunday_26_November_2023_21h_41m_15s/,
2023-11-26 21:41:15 - tensor_size: 0,
2023-11-26 21:41:15 - train_transformer: Compose(
    <utils.myToTensor object at 0x7efe6bb89610>
    <utils.myResize object at 0x7efd83612c40>
),
2023-11-26 21:41:15 - test_transformer: Compose(
    <utils.myToTensor object at 0x7efe6bb1da90>
    <utils.myResize object at 0x7efe6bb1dac0>
),
2023-11-26 21:41:15 - opt: AdamW,
2023-11-26 21:41:15 - lr: 0.001,
2023-11-26 21:41:15 - betas: (0.9, 0.999),
2023-11-26 21:41:15 - eps: 1e-08,
2023-11-26 21:41:15 - weight_decay: 0.01,
2023-11-26 21:41:15 - amsgrad: False,
2023-11-26 21:41:15 - sch: CosineAnnealingLR,
2023-11-26 21:41:15 - T_max: 50,
2023-11-26 21:41:15 - eta_min: 1e-05,
2023-11-26 21:41:15 - last_epoch: -1,
INFO:root:train--mean-->[38.167084 36.282433 35.33206  34.501812 34.328514 34.089027 34.31968
 33.73886  32.711807 32.053596 31.459759 30.585314 31.001612 33.272953
 35.307125 38.128185 40.230755 42.040703 44.116833 45.84692  47.189285
 47.862453 48.426006 49.57462  52.22601  53.281166 54.930416 56.534332
 57.352085 56.95121  57.324894 57.49759  56.55992  56.331055 55.17509
 54.127663 52.373817 50.89992  48.497612]
INFO:root:train--std-->[52.12329  51.057114 50.723377 50.020023 49.900814 49.63214  49.755882
 48.712685 46.795483 45.929806 44.718845 42.959393 42.76004  44.71938
 46.294544 48.44385  50.051918 51.224293 53.183487 54.529037 55.75727
 55.95652  55.686085 55.97867  57.426598 57.671047 58.335773 59.0423
 59.419876 58.994972 59.271538 59.866512 59.72463  60.359943 60.47457
 60.809494 60.94609  61.61655  61.53486 ]
INFO:root:val--mean-->[39.743374 38.16159  35.981613 35.175102 34.821747 34.66996  34.902107
 33.557873 32.367306 30.496664 30.04895  30.051113 30.893473 32.617393
 34.986366 37.390694 38.816868 43.531536 46.169476 47.322735 48.338676
 48.45115  49.237038 51.445995 53.294563 54.057976 56.10798  57.164093
 57.618046 58.610104 59.268894 58.641697 58.346096 57.486603 55.83476
 56.010654 53.459843 51.648716 48.775227]
INFO:root:val--std-->[53.15056  52.41803  50.547348 50.23925  50.082355 50.169308 50.052937
 48.502098 46.916042 43.75044  43.01239  42.61044  42.797318 43.966656
 45.68977  47.6849   48.543884 52.11773  54.28278  55.20659  55.96188
 55.434357 55.374165 56.832394 57.565952 57.30123  58.380104 58.657207
 58.44689  59.21948  59.798214 59.575493 59.972317 60.18399  60.135838
 61.70569  61.40478  61.918755 61.68547 ]
INFO:root:real_input_channels-->39
INFO:root:epoch:0 train_eval_loss-->4.704050,train_acc-->0.032448,test_eval_loss-->3.712795,test_acc===0.088235
INFO:root:epoch:1 train_eval_loss-->3.471543,train_acc-->0.100295,test_eval_loss-->3.446895,test_acc===0.058824
INFO:root:epoch:2 train_eval_loss-->3.264685,train_acc-->0.112094,test_eval_loss-->2.730921,test_acc===0.205882
INFO:root:epoch:3 train_eval_loss-->3.092924,train_acc-->0.129794,test_eval_loss-->2.846130,test_acc===0.137255
INFO:root:epoch:4 train_eval_loss-->3.040913,train_acc-->0.168142,test_eval_loss-->2.970480,test_acc===0.107843
INFO:root:epoch:5 train_eval_loss-->2.759081,train_acc-->0.191740,test_eval_loss-->2.391328,test_acc===0.303922
INFO:root:epoch:6 train_eval_loss-->2.818204,train_acc-->0.159292,test_eval_loss-->3.410185,test_acc===0.019608
INFO:root:epoch:7 train_eval_loss-->3.148046,train_acc-->0.120944,test_eval_loss-->2.361262,test_acc===0.274510
INFO:root:epoch:8 train_eval_loss-->2.769590,train_acc-->0.162242,test_eval_loss-->2.687583,test_acc===0.147059
INFO:root:epoch:9 train_eval_loss-->2.504982,train_acc-->0.235988,test_eval_loss-->1.948048,test_acc===0.500000
INFO:root:epoch:10 train_eval_loss-->2.569584,train_acc-->0.221239,test_eval_loss-->2.254254,test_acc===0.245098
INFO:root:epoch:11 train_eval_loss-->2.373285,train_acc-->0.230088,test_eval_loss-->2.288624,test_acc===0.225490
INFO:root:epoch:12 train_eval_loss-->2.486037,train_acc-->0.253687,test_eval_loss-->2.583328,test_acc===0.254902
INFO:root:epoch:13 train_eval_loss-->2.236854,train_acc-->0.294985,test_eval_loss-->2.162515,test_acc===0.382353
INFO:root:epoch:14 train_eval_loss-->2.243189,train_acc-->0.297935,test_eval_loss-->1.858940,test_acc===0.441176
INFO:root:epoch:15 train_eval_loss-->2.285223,train_acc-->0.250737,test_eval_loss-->3.076528,test_acc===0.019608
INFO:root:epoch:16 train_eval_loss-->2.101115,train_acc-->0.321534,test_eval_loss-->1.850572,test_acc===0.362745
INFO:root:epoch:17 train_eval_loss-->1.864874,train_acc-->0.418879,test_eval_loss-->2.043944,test_acc===0.421569
INFO:root:epoch:18 train_eval_loss-->1.882722,train_acc-->0.383481,test_eval_loss-->2.045538,test_acc===0.245098
INFO:root:epoch:19 train_eval_loss-->1.676921,train_acc-->0.483776,test_eval_loss-->2.033115,test_acc===0.343137
INFO:root:epoch:20 train_eval_loss-->1.815373,train_acc-->0.398230,test_eval_loss-->1.754648,test_acc===0.450980
INFO:root:epoch:21 train_eval_loss-->1.598493,train_acc-->0.495575,test_eval_loss-->2.300210,test_acc===0.166667
INFO:root:epoch:22 train_eval_loss-->1.685421,train_acc-->0.483776,test_eval_loss-->1.782095,test_acc===0.460784
INFO:root:epoch:23 train_eval_loss-->1.667789,train_acc-->0.466077,test_eval_loss-->1.792049,test_acc===0.519608
INFO:root:epoch:24 train_eval_loss-->1.398841,train_acc-->0.625369,test_eval_loss-->1.663562,test_acc===0.509804
INFO:root:epoch:25 train_eval_loss-->1.406834,train_acc-->0.584071,test_eval_loss-->2.068427,test_acc===0.215686
INFO:root:epoch:26 train_eval_loss-->1.284137,train_acc-->0.669617,test_eval_loss-->1.625228,test_acc===0.598039
INFO:root:epoch:27 train_eval_loss-->1.155727,train_acc-->0.743363,test_eval_loss-->1.566521,test_acc===0.578431
INFO:root:epoch:28 train_eval_loss-->1.227090,train_acc-->0.684366,test_eval_loss-->1.642263,test_acc===0.607843
INFO:root:epoch:29 train_eval_loss-->1.112432,train_acc-->0.772861,test_eval_loss-->1.803437,test_acc===0.421569
INFO:root:epoch:30 train_eval_loss-->1.141870,train_acc-->0.758112,test_eval_loss-->1.522921,test_acc===0.607843
INFO:root:epoch:31 train_eval_loss-->0.995053,train_acc-->0.843658,test_eval_loss-->1.457140,test_acc===0.607843
INFO:root:epoch:32 train_eval_loss-->0.945930,train_acc-->0.855457,test_eval_loss-->1.395681,test_acc===0.686275
INFO:root:epoch:33 train_eval_loss-->0.894994,train_acc-->0.876106,test_eval_loss-->1.546291,test_acc===0.627451
INFO:root:epoch:34 train_eval_loss-->0.924089,train_acc-->0.876106,test_eval_loss-->1.445396,test_acc===0.617647
INFO:root:epoch:35 train_eval_loss-->0.835931,train_acc-->0.911504,test_eval_loss-->1.551944,test_acc===0.617647
INFO:root:epoch:36 train_eval_loss-->0.778252,train_acc-->0.926254,test_eval_loss-->1.451851,test_acc===0.617647
INFO:root:epoch:37 train_eval_loss-->0.789642,train_acc-->0.902655,test_eval_loss-->1.456840,test_acc===0.676471
INFO:root:epoch:38 train_eval_loss-->0.675242,train_acc-->0.946903,test_eval_loss-->1.449326,test_acc===0.696078
INFO:root:epoch:39 train_eval_loss-->0.668148,train_acc-->0.946903,test_eval_loss-->1.412411,test_acc===0.637255
INFO:root:epoch:40 train_eval_loss-->0.600592,train_acc-->0.967552,test_eval_loss-->1.434818,test_acc===0.647059
INFO:root:epoch:41 train_eval_loss-->0.573828,train_acc-->0.970501,test_eval_loss-->1.454784,test_acc===0.647059
INFO:root:epoch:42 train_eval_loss-->0.548641,train_acc-->0.973451,test_eval_loss-->1.417803,test_acc===0.686275
INFO:root:epoch:43 train_eval_loss-->0.516362,train_acc-->0.976401,test_eval_loss-->1.411163,test_acc===0.676471
INFO:root:epoch:44 train_eval_loss-->0.473549,train_acc-->0.970501,test_eval_loss-->1.417063,test_acc===0.696078
INFO:root:epoch:45 train_eval_loss-->0.465747,train_acc-->0.976401,test_eval_loss-->1.435547,test_acc===0.666667
INFO:root:epoch:46 train_eval_loss-->0.445977,train_acc-->0.982301,test_eval_loss-->1.408680,test_acc===0.705882
INFO:root:epoch:47 train_eval_loss-->0.433711,train_acc-->0.985251,test_eval_loss-->1.412694,test_acc===0.696078
INFO:root:epoch:48 train_eval_loss-->0.416811,train_acc-->0.985251,test_eval_loss-->1.421617,test_acc===0.705882
INFO:root:epoch:49 train_eval_loss-->0.410641,train_acc-->0.985251,test_eval_loss-->1.419670,test_acc===0.696078
INFO:root:epoch:50 train_eval_loss-->0.404907,train_acc-->0.985251,test_eval_loss-->1.418733,test_acc===0.705882
INFO:root:epoch:51 train_eval_loss-->0.401754,train_acc-->0.985251,test_eval_loss-->1.422445,test_acc===0.686275
INFO:root:epoch:52 train_eval_loss-->0.401478,train_acc-->0.985251,test_eval_loss-->1.419958,test_acc===0.696078
INFO:root:epoch:53 train_eval_loss-->0.404355,train_acc-->0.985251,test_eval_loss-->1.435125,test_acc===0.686275
INFO:root:epoch:54 train_eval_loss-->0.405101,train_acc-->0.982301,test_eval_loss-->1.428121,test_acc===0.705882
INFO:root:epoch:55 train_eval_loss-->0.407046,train_acc-->0.985251,test_eval_loss-->1.428976,test_acc===0.666667
INFO:root:epoch:56 train_eval_loss-->0.409176,train_acc-->0.988201,test_eval_loss-->1.428969,test_acc===0.676471
INFO:root:epoch:57 train_eval_loss-->0.409300,train_acc-->0.994100,test_eval_loss-->1.458398,test_acc===0.696078
INFO:root:epoch:58 train_eval_loss-->0.449310,train_acc-->0.991150,test_eval_loss-->1.453922,test_acc===0.647059
INFO:root:epoch:59 train_eval_loss-->0.433536,train_acc-->0.991150,test_eval_loss-->1.441743,test_acc===0.696078
INFO:root:epoch:60 train_eval_loss-->0.499352,train_acc-->0.994100,test_eval_loss-->1.471718,test_acc===0.627451
INFO:root:epoch:61 train_eval_loss-->0.507274,train_acc-->0.985251,test_eval_loss-->1.465110,test_acc===0.666667
INFO:root:epoch:62 train_eval_loss-->0.550396,train_acc-->0.988201,test_eval_loss-->1.461076,test_acc===0.656863
INFO:root:epoch:63 train_eval_loss-->0.563856,train_acc-->0.985251,test_eval_loss-->1.436571,test_acc===0.627451
INFO:root:epoch:64 train_eval_loss-->0.665466,train_acc-->0.964602,test_eval_loss-->1.464875,test_acc===0.637255
INFO:root:epoch:65 train_eval_loss-->0.694219,train_acc-->0.967552,test_eval_loss-->1.561077,test_acc===0.529412
INFO:root:epoch:66 train_eval_loss-->0.780540,train_acc-->0.935103,test_eval_loss-->1.512009,test_acc===0.607843
INFO:root:epoch:67 train_eval_loss-->0.703184,train_acc-->0.961652,test_eval_loss-->1.636124,test_acc===0.480392
INFO:root:epoch:68 train_eval_loss-->0.751330,train_acc-->0.932153,test_eval_loss-->1.568365,test_acc===0.617647
INFO:root:epoch:69 train_eval_loss-->0.746365,train_acc-->0.955752,test_eval_loss-->1.535605,test_acc===0.558824
INFO:root:epoch:70 train_eval_loss-->0.877888,train_acc-->0.893805,test_eval_loss-->1.655106,test_acc===0.558824
INFO:root:epoch:71 train_eval_loss-->0.844020,train_acc-->0.917404,test_eval_loss-->1.478169,test_acc===0.598039
INFO:root:epoch:72 train_eval_loss-->0.931992,train_acc-->0.879056,test_eval_loss-->1.495739,test_acc===0.617647
INFO:root:epoch:73 train_eval_loss-->0.882860,train_acc-->0.893805,test_eval_loss-->1.576341,test_acc===0.529412
INFO:root:epoch:74 train_eval_loss-->1.114719,train_acc-->0.746313,test_eval_loss-->1.573312,test_acc===0.490196
INFO:root:epoch:75 train_eval_loss-->0.954489,train_acc-->0.867257,test_eval_loss-->1.591546,test_acc===0.578431
INFO:root:epoch:76 train_eval_loss-->0.878560,train_acc-->0.905605,test_eval_loss-->1.658134,test_acc===0.470588
INFO:root:epoch:77 train_eval_loss-->1.075463,train_acc-->0.796460,test_eval_loss-->1.563098,test_acc===0.588235
INFO:root:epoch:78 train_eval_loss-->0.997600,train_acc-->0.852507,test_eval_loss-->1.848836,test_acc===0.333333
INFO:root:epoch:79 train_eval_loss-->1.055144,train_acc-->0.820059,test_eval_loss-->2.017435,test_acc===0.392157
INFO:root:epoch:80 train_eval_loss-->1.029244,train_acc-->0.831858,test_eval_loss-->1.519050,test_acc===0.588235
INFO:root:epoch:81 train_eval_loss-->1.123361,train_acc-->0.787611,test_eval_loss-->1.631678,test_acc===0.578431
INFO:root:epoch:82 train_eval_loss-->1.018727,train_acc-->0.814159,test_eval_loss-->1.717848,test_acc===0.441176
INFO:root:epoch:83 train_eval_loss-->1.091416,train_acc-->0.766962,test_eval_loss-->1.800370,test_acc===0.450980
INFO:root:epoch:84 train_eval_loss-->0.965662,train_acc-->0.843658,test_eval_loss-->1.739069,test_acc===0.490196
INFO:root:epoch:85 train_eval_loss-->1.014490,train_acc-->0.828909,test_eval_loss-->1.829870,test_acc===0.401961
INFO:root:epoch:86 train_eval_loss-->0.989374,train_acc-->0.846608,test_eval_loss-->1.576768,test_acc===0.460784
INFO:root:epoch:87 train_eval_loss-->0.968866,train_acc-->0.852507,test_eval_loss-->1.536391,test_acc===0.578431
INFO:root:epoch:88 train_eval_loss-->0.902136,train_acc-->0.896755,test_eval_loss-->1.834582,test_acc===0.352941
INFO:root:epoch:89 train_eval_loss-->1.216873,train_acc-->0.687316,test_eval_loss-->1.944252,test_acc===0.362745
INFO:root:epoch:90 train_eval_loss-->1.061835,train_acc-->0.796460,test_eval_loss-->1.666901,test_acc===0.450980
INFO:root:epoch:91 train_eval_loss-->1.009115,train_acc-->0.828909,test_eval_loss-->1.943373,test_acc===0.313725
INFO:root:epoch:92 train_eval_loss-->1.069221,train_acc-->0.834808,test_eval_loss-->1.594341,test_acc===0.588235
INFO:root:epoch:93 train_eval_loss-->0.904481,train_acc-->0.882006,test_eval_loss-->1.482699,test_acc===0.558824
INFO:root:epoch:94 train_eval_loss-->0.893144,train_acc-->0.923304,test_eval_loss-->1.579420,test_acc===0.568627
INFO:root:epoch:95 train_eval_loss-->0.960049,train_acc-->0.858407,test_eval_loss-->1.625282,test_acc===0.490196
INFO:root:epoch:96 train_eval_loss-->0.978945,train_acc-->0.837758,test_eval_loss-->1.585112,test_acc===0.529412
INFO:root:epoch:97 train_eval_loss-->1.051952,train_acc-->0.799410,test_eval_loss-->1.540594,test_acc===0.578431
INFO:root:epoch:98 train_eval_loss-->0.876212,train_acc-->0.884956,test_eval_loss-->1.635362,test_acc===0.568627
INFO:root:epoch:99 train_eval_loss-->0.881030,train_acc-->0.905605,test_eval_loss-->1.615904,test_acc===0.568627
INFO:root:epoch:100 train_eval_loss-->0.919636,train_acc-->0.861357,test_eval_loss-->1.583252,test_acc===0.598039
INFO:root:epoch:101 train_eval_loss-->0.908013,train_acc-->0.864307,test_eval_loss-->1.436773,test_acc===0.637255
INFO:root:epoch:102 train_eval_loss-->0.943428,train_acc-->0.884956,test_eval_loss-->1.647178,test_acc===0.519608
INFO:root:epoch:103 train_eval_loss-->0.854607,train_acc-->0.932153,test_eval_loss-->1.426469,test_acc===0.666667
INFO:root:epoch:104 train_eval_loss-->0.758325,train_acc-->0.941003,test_eval_loss-->1.524870,test_acc===0.578431
INFO:root:epoch:105 train_eval_loss-->0.865567,train_acc-->0.896755,test_eval_loss-->1.738632,test_acc===0.382353
INFO:root:epoch:106 train_eval_loss-->0.766560,train_acc-->0.938053,test_eval_loss-->1.503488,test_acc===0.568627
INFO:root:epoch:107 train_eval_loss-->0.896521,train_acc-->0.890855,test_eval_loss-->2.029747,test_acc===0.352941
INFO:root:epoch:108 train_eval_loss-->0.940409,train_acc-->0.873156,test_eval_loss-->1.456953,test_acc===0.598039
INFO:root:epoch:109 train_eval_loss-->0.747173,train_acc-->0.952802,test_eval_loss-->1.435263,test_acc===0.637255
INFO:root:epoch:110 train_eval_loss-->0.734025,train_acc-->0.973451,test_eval_loss-->1.429961,test_acc===0.598039
INFO:root:epoch:111 train_eval_loss-->0.798516,train_acc-->0.926254,test_eval_loss-->1.463621,test_acc===0.676471
INFO:root:epoch:112 train_eval_loss-->0.740495,train_acc-->0.941003,test_eval_loss-->1.532862,test_acc===0.539216
INFO:root:epoch:113 train_eval_loss-->0.800111,train_acc-->0.932153,test_eval_loss-->1.451193,test_acc===0.696078
INFO:root:epoch:114 train_eval_loss-->0.709736,train_acc-->0.961652,test_eval_loss-->1.421039,test_acc===0.627451
INFO:root:epoch:115 train_eval_loss-->0.699156,train_acc-->0.967552,test_eval_loss-->1.385837,test_acc===0.627451
INFO:root:epoch:116 train_eval_loss-->0.598882,train_acc-->0.991150,test_eval_loss-->1.511171,test_acc===0.558824
INFO:root:epoch:117 train_eval_loss-->0.595697,train_acc-->0.979351,test_eval_loss-->1.473048,test_acc===0.617647
INFO:root:epoch:118 train_eval_loss-->0.596656,train_acc-->0.979351,test_eval_loss-->1.400845,test_acc===0.666667
INFO:root:epoch:119 train_eval_loss-->0.559362,train_acc-->0.991150,test_eval_loss-->1.436267,test_acc===0.637255
INFO:root:epoch:120 train_eval_loss-->0.525174,train_acc-->0.991150,test_eval_loss-->1.389794,test_acc===0.588235
INFO:root:epoch:121 train_eval_loss-->0.504905,train_acc-->0.994100,test_eval_loss-->1.463115,test_acc===0.588235
INFO:root:epoch:122 train_eval_loss-->0.537557,train_acc-->0.997050,test_eval_loss-->1.497427,test_acc===0.578431
INFO:root:epoch:123 train_eval_loss-->0.491783,train_acc-->0.994100,test_eval_loss-->1.353675,test_acc===0.676471
INFO:root:epoch:124 train_eval_loss-->0.546996,train_acc-->0.988201,test_eval_loss-->1.407685,test_acc===0.627451
INFO:root:epoch:125 train_eval_loss-->0.445625,train_acc-->0.988201,test_eval_loss-->1.368248,test_acc===0.627451
INFO:root:epoch:126 train_eval_loss-->0.420487,train_acc-->0.997050,test_eval_loss-->1.494652,test_acc===0.588235
INFO:root:epoch:127 train_eval_loss-->0.422521,train_acc-->0.997050,test_eval_loss-->1.393240,test_acc===0.598039
INFO:root:epoch:128 train_eval_loss-->0.372768,train_acc-->0.991150,test_eval_loss-->1.321168,test_acc===0.656863
INFO:root:epoch:129 train_eval_loss-->0.328499,train_acc-->0.997050,test_eval_loss-->1.363088,test_acc===0.637255
INFO:root:epoch:130 train_eval_loss-->0.340492,train_acc-->0.997050,test_eval_loss-->1.370209,test_acc===0.656863
INFO:root:epoch:131 train_eval_loss-->0.325387,train_acc-->0.997050,test_eval_loss-->1.371301,test_acc===0.637255
INFO:root:epoch:132 train_eval_loss-->0.281247,train_acc-->0.997050,test_eval_loss-->1.376020,test_acc===0.627451
INFO:root:epoch:133 train_eval_loss-->0.307250,train_acc-->0.994100,test_eval_loss-->1.388138,test_acc===0.637255
INFO:root:epoch:134 train_eval_loss-->0.244378,train_acc-->0.997050,test_eval_loss-->1.344321,test_acc===0.647059
INFO:root:epoch:135 train_eval_loss-->0.226926,train_acc-->0.997050,test_eval_loss-->1.327659,test_acc===0.647059
INFO:root:epoch:136 train_eval_loss-->0.204907,train_acc-->0.997050,test_eval_loss-->1.342289,test_acc===0.666667
INFO:root:epoch:137 train_eval_loss-->0.159372,train_acc-->0.997050,test_eval_loss-->1.353437,test_acc===0.647059
INFO:root:epoch:138 train_eval_loss-->0.170625,train_acc-->0.997050,test_eval_loss-->1.337143,test_acc===0.656863
INFO:root:epoch:139 train_eval_loss-->0.140704,train_acc-->0.997050,test_eval_loss-->1.352675,test_acc===0.647059
INFO:root:epoch:140 train_eval_loss-->0.126387,train_acc-->0.997050,test_eval_loss-->1.343965,test_acc===0.647059
INFO:root:epoch:141 train_eval_loss-->0.108879,train_acc-->0.997050,test_eval_loss-->1.349295,test_acc===0.656863
INFO:root:epoch:142 train_eval_loss-->0.102341,train_acc-->0.997050,test_eval_loss-->1.332856,test_acc===0.647059
INFO:root:epoch:143 train_eval_loss-->0.098677,train_acc-->0.997050,test_eval_loss-->1.339955,test_acc===0.647059
INFO:root:epoch:144 train_eval_loss-->0.079796,train_acc-->0.997050,test_eval_loss-->1.345105,test_acc===0.647059
INFO:root:epoch:145 train_eval_loss-->0.064815,train_acc-->0.997050,test_eval_loss-->1.342549,test_acc===0.647059
INFO:root:epoch:146 train_eval_loss-->0.057495,train_acc-->0.997050,test_eval_loss-->1.343789,test_acc===0.647059
INFO:root:epoch:147 train_eval_loss-->0.052312,train_acc-->0.997050,test_eval_loss-->1.341503,test_acc===0.647059
INFO:root:epoch:148 train_eval_loss-->0.050748,train_acc-->0.997050,test_eval_loss-->1.339625,test_acc===0.647059
INFO:root:epoch:149 train_eval_loss-->0.045234,train_acc-->0.997050,test_eval_loss-->1.340455,test_acc===0.647059
INFO:root:epoch:150 train_eval_loss-->0.044218,train_acc-->0.997050,test_eval_loss-->1.339926,test_acc===0.647059
INFO:root:epoch:151 train_eval_loss-->0.043846,train_acc-->0.997050,test_eval_loss-->1.340846,test_acc===0.647059
INFO:root:epoch:152 train_eval_loss-->0.043313,train_acc-->0.997050,test_eval_loss-->1.340770,test_acc===0.647059
INFO:root:epoch:153 train_eval_loss-->0.043471,train_acc-->0.997050,test_eval_loss-->1.341446,test_acc===0.647059
INFO:root:epoch:154 train_eval_loss-->0.047116,train_acc-->0.997050,test_eval_loss-->1.340855,test_acc===0.647059
INFO:root:epoch:155 train_eval_loss-->0.051366,train_acc-->0.997050,test_eval_loss-->1.339657,test_acc===0.647059
INFO:root:epoch:156 train_eval_loss-->0.063332,train_acc-->0.997050,test_eval_loss-->1.336165,test_acc===0.656863
INFO:root:epoch:157 train_eval_loss-->0.065057,train_acc-->0.997050,test_eval_loss-->1.344859,test_acc===0.647059
INFO:root:epoch:158 train_eval_loss-->0.078124,train_acc-->0.997050,test_eval_loss-->1.345430,test_acc===0.656863
INFO:root:epoch:159 train_eval_loss-->0.085549,train_acc-->0.997050,test_eval_loss-->1.348903,test_acc===0.647059
INFO:root:epoch:160 train_eval_loss-->0.101754,train_acc-->0.997050,test_eval_loss-->1.325756,test_acc===0.637255
INFO:root:epoch:161 train_eval_loss-->0.137826,train_acc-->0.997050,test_eval_loss-->1.349688,test_acc===0.647059
INFO:root:epoch:162 train_eval_loss-->0.159751,train_acc-->0.997050,test_eval_loss-->1.324414,test_acc===0.637255
INFO:root:epoch:163 train_eval_loss-->0.191917,train_acc-->0.997050,test_eval_loss-->1.370633,test_acc===0.666667
INFO:root:epoch:164 train_eval_loss-->0.191234,train_acc-->0.997050,test_eval_loss-->1.343413,test_acc===0.666667
INFO:root:epoch:165 train_eval_loss-->0.194014,train_acc-->0.997050,test_eval_loss-->1.406011,test_acc===0.627451
INFO:root:epoch:166 train_eval_loss-->0.245412,train_acc-->0.997050,test_eval_loss-->1.353518,test_acc===0.676471
INFO:root:epoch:167 train_eval_loss-->0.264612,train_acc-->0.997050,test_eval_loss-->1.410044,test_acc===0.637255
INFO:root:epoch:168 train_eval_loss-->0.337202,train_acc-->0.997050,test_eval_loss-->1.328569,test_acc===0.666667
INFO:root:epoch:169 train_eval_loss-->0.414130,train_acc-->0.997050,test_eval_loss-->1.426156,test_acc===0.617647
INFO:root:epoch:170 train_eval_loss-->0.331129,train_acc-->0.997050,test_eval_loss-->1.332968,test_acc===0.666667
INFO:root:epoch:171 train_eval_loss-->0.399712,train_acc-->0.997050,test_eval_loss-->1.364517,test_acc===0.617647
INFO:root:epoch:172 train_eval_loss-->0.390725,train_acc-->0.997050,test_eval_loss-->1.444582,test_acc===0.607843
INFO:root:epoch:173 train_eval_loss-->0.382667,train_acc-->0.997050,test_eval_loss-->1.426961,test_acc===0.627451
INFO:root:epoch:174 train_eval_loss-->0.495203,train_acc-->0.994100,test_eval_loss-->1.416429,test_acc===0.647059
INFO:root:epoch:175 train_eval_loss-->0.512015,train_acc-->0.988201,test_eval_loss-->1.357901,test_acc===0.686275
INFO:root:epoch:176 train_eval_loss-->0.495228,train_acc-->0.997050,test_eval_loss-->1.354490,test_acc===0.647059
INFO:root:epoch:177 train_eval_loss-->0.459331,train_acc-->0.979351,test_eval_loss-->1.439259,test_acc===0.627451
INFO:root:epoch:178 train_eval_loss-->0.483019,train_acc-->0.991150,test_eval_loss-->1.415403,test_acc===0.617647
INFO:root:epoch:179 train_eval_loss-->0.521773,train_acc-->0.991150,test_eval_loss-->1.400474,test_acc===0.617647
INFO:root:epoch:180 train_eval_loss-->0.630783,train_acc-->0.979351,test_eval_loss-->1.527786,test_acc===0.549020
INFO:root:epoch:181 train_eval_loss-->0.698429,train_acc-->0.976401,test_eval_loss-->1.391751,test_acc===0.627451
INFO:root:epoch:182 train_eval_loss-->0.706787,train_acc-->0.961652,test_eval_loss-->1.418025,test_acc===0.637255
INFO:root:epoch:183 train_eval_loss-->0.771060,train_acc-->0.955752,test_eval_loss-->1.579094,test_acc===0.539216
INFO:root:epoch:184 train_eval_loss-->0.773390,train_acc-->0.955752,test_eval_loss-->1.651089,test_acc===0.509804
INFO:root:epoch:185 train_eval_loss-->0.706323,train_acc-->0.952802,test_eval_loss-->1.381996,test_acc===0.656863
INFO:root:epoch:186 train_eval_loss-->0.632204,train_acc-->0.988201,test_eval_loss-->1.636169,test_acc===0.450980
INFO:root:epoch:187 train_eval_loss-->0.667901,train_acc-->0.961652,test_eval_loss-->1.584735,test_acc===0.578431
INFO:root:epoch:188 train_eval_loss-->0.679290,train_acc-->0.961652,test_eval_loss-->1.424661,test_acc===0.647059
INFO:root:epoch:189 train_eval_loss-->0.623974,train_acc-->0.979351,test_eval_loss-->1.639362,test_acc===0.470588
INFO:root:epoch:190 train_eval_loss-->0.674654,train_acc-->0.952802,test_eval_loss-->1.638420,test_acc===0.421569
INFO:root:epoch:191 train_eval_loss-->0.702492,train_acc-->0.976401,test_eval_loss-->1.464844,test_acc===0.666667
INFO:root:epoch:192 train_eval_loss-->0.757638,train_acc-->0.949853,test_eval_loss-->1.556968,test_acc===0.549020
INFO:root:epoch:193 train_eval_loss-->0.792491,train_acc-->0.955752,test_eval_loss-->1.405161,test_acc===0.647059
INFO:root:epoch:194 train_eval_loss-->0.695809,train_acc-->0.964602,test_eval_loss-->1.448137,test_acc===0.647059
INFO:root:epoch:195 train_eval_loss-->0.879434,train_acc-->0.870206,test_eval_loss-->1.607650,test_acc===0.519608
INFO:root:epoch:196 train_eval_loss-->0.835508,train_acc-->0.917404,test_eval_loss-->1.531107,test_acc===0.617647
INFO:root:epoch:197 train_eval_loss-->0.706708,train_acc-->0.929204,test_eval_loss-->1.447086,test_acc===0.637255
INFO:root:epoch:198 train_eval_loss-->0.621927,train_acc-->0.973451,test_eval_loss-->1.404346,test_acc===0.637255
INFO:root:epoch:199 train_eval_loss-->0.722266,train_acc-->0.970501,test_eval_loss-->1.542060,test_acc===0.647059
INFO:root:epoch:200 train_eval_loss-->0.644134,train_acc-->0.976401,test_eval_loss-->1.440202,test_acc===0.598039
INFO:root:epoch:201 train_eval_loss-->0.631968,train_acc-->0.976401,test_eval_loss-->1.499506,test_acc===0.598039
INFO:root:epoch:202 train_eval_loss-->0.699724,train_acc-->0.970501,test_eval_loss-->1.432784,test_acc===0.617647
INFO:root:epoch:203 train_eval_loss-->0.711926,train_acc-->0.982301,test_eval_loss-->1.563397,test_acc===0.529412
INFO:root:epoch:204 train_eval_loss-->0.683039,train_acc-->0.985251,test_eval_loss-->1.440410,test_acc===0.607843
INFO:root:epoch:205 train_eval_loss-->0.619127,train_acc-->0.988201,test_eval_loss-->1.340998,test_acc===0.666667
INFO:root:epoch:206 train_eval_loss-->0.672062,train_acc-->0.961652,test_eval_loss-->1.380609,test_acc===0.656863
INFO:root:epoch:207 train_eval_loss-->0.580928,train_acc-->0.994100,test_eval_loss-->1.324970,test_acc===0.627451
INFO:root:epoch:208 train_eval_loss-->0.553354,train_acc-->0.982301,test_eval_loss-->1.420070,test_acc===0.607843
INFO:root:epoch:209 train_eval_loss-->0.575128,train_acc-->0.988201,test_eval_loss-->1.529596,test_acc===0.568627
INFO:root:epoch:210 train_eval_loss-->0.627715,train_acc-->0.994100,test_eval_loss-->1.446166,test_acc===0.647059
INFO:root:epoch:211 train_eval_loss-->0.576019,train_acc-->0.985251,test_eval_loss-->1.350884,test_acc===0.656863
INFO:root:epoch:212 train_eval_loss-->0.673768,train_acc-->0.961652,test_eval_loss-->1.347939,test_acc===0.676471
INFO:root:epoch:213 train_eval_loss-->0.523944,train_acc-->0.985251,test_eval_loss-->1.459172,test_acc===0.607843
INFO:root:epoch:214 train_eval_loss-->0.483679,train_acc-->1.000000,test_eval_loss-->1.462129,test_acc===0.627451
INFO:root:epoch:215 train_eval_loss-->0.563136,train_acc-->0.994100,test_eval_loss-->1.498713,test_acc===0.607843
INFO:root:epoch:216 train_eval_loss-->0.426726,train_acc-->0.997050,test_eval_loss-->1.365815,test_acc===0.656863
INFO:root:epoch:217 train_eval_loss-->0.412480,train_acc-->0.997050,test_eval_loss-->1.399718,test_acc===0.647059
INFO:root:epoch:218 train_eval_loss-->0.414487,train_acc-->0.997050,test_eval_loss-->1.425361,test_acc===0.607843
INFO:root:epoch:219 train_eval_loss-->0.439710,train_acc-->1.000000,test_eval_loss-->1.446540,test_acc===0.656863
INFO:root:epoch:220 train_eval_loss-->0.422046,train_acc-->1.000000,test_eval_loss-->1.352593,test_acc===0.686275
INFO:root:epoch:221 train_eval_loss-->0.342092,train_acc-->0.997050,test_eval_loss-->1.318569,test_acc===0.627451
INFO:root:epoch:222 train_eval_loss-->0.360920,train_acc-->0.994100,test_eval_loss-->1.333927,test_acc===0.656863
INFO:root:epoch:223 train_eval_loss-->0.406960,train_acc-->1.000000,test_eval_loss-->1.343045,test_acc===0.647059
INFO:root:epoch:224 train_eval_loss-->0.336702,train_acc-->1.000000,test_eval_loss-->1.334818,test_acc===0.637255
INFO:root:epoch:225 train_eval_loss-->0.326176,train_acc-->1.000000,test_eval_loss-->1.365992,test_acc===0.647059
INFO:root:epoch:226 train_eval_loss-->0.340197,train_acc-->1.000000,test_eval_loss-->1.334398,test_acc===0.647059
INFO:root:epoch:227 train_eval_loss-->0.283655,train_acc-->1.000000,test_eval_loss-->1.392012,test_acc===0.656863
INFO:root:epoch:228 train_eval_loss-->0.314267,train_acc-->1.000000,test_eval_loss-->1.354188,test_acc===0.647059
INFO:root:epoch:229 train_eval_loss-->0.244555,train_acc-->1.000000,test_eval_loss-->1.315990,test_acc===0.647059
INFO:root:epoch:230 train_eval_loss-->0.243099,train_acc-->1.000000,test_eval_loss-->1.339263,test_acc===0.647059
INFO:root:epoch:231 train_eval_loss-->0.229263,train_acc-->1.000000,test_eval_loss-->1.322869,test_acc===0.656863
INFO:root:epoch:232 train_eval_loss-->0.195982,train_acc-->1.000000,test_eval_loss-->1.310467,test_acc===0.656863
INFO:root:epoch:233 train_eval_loss-->0.205281,train_acc-->1.000000,test_eval_loss-->1.325829,test_acc===0.656863
INFO:root:epoch:234 train_eval_loss-->0.182408,train_acc-->1.000000,test_eval_loss-->1.316237,test_acc===0.666667
INFO:root:epoch:235 train_eval_loss-->0.150997,train_acc-->1.000000,test_eval_loss-->1.329971,test_acc===0.656863
INFO:root:epoch:236 train_eval_loss-->0.149286,train_acc-->1.000000,test_eval_loss-->1.334875,test_acc===0.656863
INFO:root:epoch:237 train_eval_loss-->0.138713,train_acc-->1.000000,test_eval_loss-->1.322575,test_acc===0.666667
INFO:root:epoch:238 train_eval_loss-->0.108742,train_acc-->1.000000,test_eval_loss-->1.305011,test_acc===0.656863
INFO:root:epoch:239 train_eval_loss-->0.087121,train_acc-->1.000000,test_eval_loss-->1.306644,test_acc===0.666667
INFO:root:epoch:240 train_eval_loss-->0.076319,train_acc-->1.000000,test_eval_loss-->1.304426,test_acc===0.676471
INFO:root:epoch:241 train_eval_loss-->0.064359,train_acc-->1.000000,test_eval_loss-->1.308033,test_acc===0.666667
INFO:root:epoch:242 train_eval_loss-->0.068063,train_acc-->1.000000,test_eval_loss-->1.302523,test_acc===0.676471
INFO:root:epoch:243 train_eval_loss-->0.049132,train_acc-->1.000000,test_eval_loss-->1.308954,test_acc===0.666667
INFO:root:epoch:244 train_eval_loss-->0.047678,train_acc-->1.000000,test_eval_loss-->1.307055,test_acc===0.666667
INFO:root:epoch:245 train_eval_loss-->0.035627,train_acc-->1.000000,test_eval_loss-->1.306776,test_acc===0.666667
INFO:root:epoch:246 train_eval_loss-->0.026084,train_acc-->1.000000,test_eval_loss-->1.305332,test_acc===0.666667
INFO:root:epoch:247 train_eval_loss-->0.024775,train_acc-->1.000000,test_eval_loss-->1.304411,test_acc===0.666667
INFO:root:epoch:248 train_eval_loss-->0.019662,train_acc-->1.000000,test_eval_loss-->1.305261,test_acc===0.666667
INFO:root:epoch:249 train_eval_loss-->0.018255,train_acc-->1.000000,test_eval_loss-->1.305372,test_acc===0.666667
INFO:root:epoch:250 train_eval_loss-->0.016344,train_acc-->1.000000,test_eval_loss-->1.305820,test_acc===0.666667
INFO:root:epoch:251 train_eval_loss-->0.015388,train_acc-->1.000000,test_eval_loss-->1.304847,test_acc===0.666667
INFO:root:epoch:252 train_eval_loss-->0.017146,train_acc-->1.000000,test_eval_loss-->1.306845,test_acc===0.666667
INFO:root:epoch:253 train_eval_loss-->0.016932,train_acc-->1.000000,test_eval_loss-->1.305310,test_acc===0.666667
INFO:root:epoch:254 train_eval_loss-->0.017312,train_acc-->1.000000,test_eval_loss-->1.305560,test_acc===0.666667
INFO:root:epoch:255 train_eval_loss-->0.021879,train_acc-->1.000000,test_eval_loss-->1.305628,test_acc===0.666667
INFO:root:epoch:256 train_eval_loss-->0.025179,train_acc-->1.000000,test_eval_loss-->1.308393,test_acc===0.666667
INFO:root:epoch:257 train_eval_loss-->0.037531,train_acc-->1.000000,test_eval_loss-->1.300342,test_acc===0.676471
INFO:root:epoch:258 train_eval_loss-->0.046464,train_acc-->1.000000,test_eval_loss-->1.312153,test_acc===0.656863
INFO:root:epoch:259 train_eval_loss-->0.071554,train_acc-->1.000000,test_eval_loss-->1.294065,test_acc===0.676471
INFO:root:epoch:260 train_eval_loss-->0.067101,train_acc-->1.000000,test_eval_loss-->1.306068,test_acc===0.676471
INFO:root:epoch:261 train_eval_loss-->0.087165,train_acc-->1.000000,test_eval_loss-->1.303737,test_acc===0.666667
INFO:root:epoch:262 train_eval_loss-->0.095661,train_acc-->1.000000,test_eval_loss-->1.308350,test_acc===0.656863
INFO:root:epoch:263 train_eval_loss-->0.109021,train_acc-->1.000000,test_eval_loss-->1.322092,test_acc===0.666667
INFO:root:epoch:264 train_eval_loss-->0.119923,train_acc-->1.000000,test_eval_loss-->1.331648,test_acc===0.666667
INFO:root:epoch:265 train_eval_loss-->0.158651,train_acc-->1.000000,test_eval_loss-->1.326453,test_acc===0.656863
INFO:root:epoch:266 train_eval_loss-->0.161933,train_acc-->1.000000,test_eval_loss-->1.304510,test_acc===0.666667
INFO:root:epoch:267 train_eval_loss-->0.205479,train_acc-->1.000000,test_eval_loss-->1.319113,test_acc===0.666667
INFO:root:epoch:268 train_eval_loss-->0.238753,train_acc-->1.000000,test_eval_loss-->1.332525,test_acc===0.637255
INFO:root:epoch:269 train_eval_loss-->0.233589,train_acc-->1.000000,test_eval_loss-->1.305047,test_acc===0.676471
INFO:root:epoch:270 train_eval_loss-->0.230057,train_acc-->1.000000,test_eval_loss-->1.350379,test_acc===0.627451
INFO:root:epoch:271 train_eval_loss-->0.226857,train_acc-->1.000000,test_eval_loss-->1.283221,test_acc===0.666667
INFO:root:epoch:272 train_eval_loss-->0.245664,train_acc-->1.000000,test_eval_loss-->1.318914,test_acc===0.656863
INFO:root:epoch:273 train_eval_loss-->0.293654,train_acc-->1.000000,test_eval_loss-->1.303536,test_acc===0.676471
INFO:root:epoch:274 train_eval_loss-->0.289368,train_acc-->1.000000,test_eval_loss-->1.286923,test_acc===0.696078
INFO:root:epoch:275 train_eval_loss-->0.316206,train_acc-->1.000000,test_eval_loss-->1.318059,test_acc===0.686275
INFO:root:epoch:276 train_eval_loss-->0.368341,train_acc-->1.000000,test_eval_loss-->1.344768,test_acc===0.647059
INFO:root:epoch:277 train_eval_loss-->0.354442,train_acc-->1.000000,test_eval_loss-->1.284070,test_acc===0.696078
INFO:root:epoch:278 train_eval_loss-->0.367691,train_acc-->0.997050,test_eval_loss-->1.310208,test_acc===0.686275
INFO:root:epoch:279 train_eval_loss-->0.422956,train_acc-->1.000000,test_eval_loss-->1.369002,test_acc===0.607843
INFO:root:epoch:280 train_eval_loss-->0.399088,train_acc-->0.997050,test_eval_loss-->1.355179,test_acc===0.647059
INFO:root:epoch:281 train_eval_loss-->0.439421,train_acc-->1.000000,test_eval_loss-->1.349106,test_acc===0.666667
INFO:root:epoch:282 train_eval_loss-->0.454174,train_acc-->0.994100,test_eval_loss-->1.463189,test_acc===0.588235
INFO:root:epoch:283 train_eval_loss-->0.479329,train_acc-->0.997050,test_eval_loss-->1.368635,test_acc===0.637255
INFO:root:epoch:284 train_eval_loss-->0.485284,train_acc-->0.991150,test_eval_loss-->1.449397,test_acc===0.607843
INFO:root:epoch:285 train_eval_loss-->0.449967,train_acc-->1.000000,test_eval_loss-->1.368643,test_acc===0.637255
INFO:root:epoch:286 train_eval_loss-->0.496568,train_acc-->0.988201,test_eval_loss-->1.432897,test_acc===0.686275
INFO:root:epoch:287 train_eval_loss-->0.443223,train_acc-->0.991150,test_eval_loss-->1.351147,test_acc===0.666667
INFO:root:epoch:288 train_eval_loss-->0.493581,train_acc-->1.000000,test_eval_loss-->1.350652,test_acc===0.666667
INFO:root:epoch:289 train_eval_loss-->0.460394,train_acc-->1.000000,test_eval_loss-->1.499486,test_acc===0.598039
INFO:root:epoch:290 train_eval_loss-->0.664299,train_acc-->0.967552,test_eval_loss-->1.542111,test_acc===0.549020
INFO:root:epoch:291 train_eval_loss-->0.541204,train_acc-->0.994100,test_eval_loss-->1.412012,test_acc===0.647059
INFO:root:epoch:292 train_eval_loss-->0.579938,train_acc-->0.991150,test_eval_loss-->1.508457,test_acc===0.558824
INFO:root:epoch:293 train_eval_loss-->0.628508,train_acc-->0.988201,test_eval_loss-->1.413945,test_acc===0.627451
INFO:root:epoch:294 train_eval_loss-->0.619147,train_acc-->0.982301,test_eval_loss-->1.391099,test_acc===0.666667
INFO:root:epoch:295 train_eval_loss-->0.549141,train_acc-->0.997050,test_eval_loss-->1.449143,test_acc===0.666667
INFO:root:epoch:296 train_eval_loss-->0.609527,train_acc-->0.985251,test_eval_loss-->1.395630,test_acc===0.656863
INFO:root:epoch:297 train_eval_loss-->0.639451,train_acc-->0.985251,test_eval_loss-->1.431804,test_acc===0.647059
INFO:root:epoch:298 train_eval_loss-->0.572766,train_acc-->1.000000,test_eval_loss-->1.424316,test_acc===0.637255
INFO:root:epoch:299 train_eval_loss-->0.541423,train_acc-->0.991150,test_eval_loss-->1.393880,test_acc===0.627451
INFO:root:epoch:300 train_eval_loss-->0.552123,train_acc-->0.985251,test_eval_loss-->1.387554,test_acc===0.647059
INFO:root:epoch:301 train_eval_loss-->0.566175,train_acc-->0.997050,test_eval_loss-->1.429097,test_acc===0.607843
INFO:root:epoch:302 train_eval_loss-->0.625150,train_acc-->0.961652,test_eval_loss-->1.751482,test_acc===0.352941
INFO:root:epoch:303 train_eval_loss-->0.684840,train_acc-->0.958702,test_eval_loss-->1.331104,test_acc===0.647059
INFO:root:epoch:304 train_eval_loss-->0.526010,train_acc-->0.988201,test_eval_loss-->1.412547,test_acc===0.617647
INFO:root:epoch:305 train_eval_loss-->0.528281,train_acc-->0.994100,test_eval_loss-->1.599537,test_acc===0.490196
INFO:root:epoch:306 train_eval_loss-->0.624232,train_acc-->0.979351,test_eval_loss-->1.271447,test_acc===0.705882
INFO:root:epoch:307 train_eval_loss-->0.485710,train_acc-->1.000000,test_eval_loss-->1.344312,test_acc===0.666667
INFO:root:epoch:308 train_eval_loss-->0.514668,train_acc-->0.991150,test_eval_loss-->1.388652,test_acc===0.666667
INFO:root:epoch:309 train_eval_loss-->0.461294,train_acc-->1.000000,test_eval_loss-->1.324315,test_acc===0.696078
INFO:root:epoch:310 train_eval_loss-->0.518157,train_acc-->0.991150,test_eval_loss-->1.357307,test_acc===0.656863
INFO:root:epoch:311 train_eval_loss-->0.494257,train_acc-->0.994100,test_eval_loss-->1.407271,test_acc===0.578431
INFO:root:epoch:312 train_eval_loss-->0.478280,train_acc-->1.000000,test_eval_loss-->1.317106,test_acc===0.637255
INFO:root:epoch:313 train_eval_loss-->0.454988,train_acc-->0.988201,test_eval_loss-->1.375661,test_acc===0.647059
INFO:root:epoch:314 train_eval_loss-->0.412677,train_acc-->0.994100,test_eval_loss-->1.380196,test_acc===0.656863
INFO:root:epoch:315 train_eval_loss-->0.490305,train_acc-->0.997050,test_eval_loss-->1.344816,test_acc===0.627451
INFO:root:epoch:316 train_eval_loss-->0.415611,train_acc-->0.994100,test_eval_loss-->1.461930,test_acc===0.598039
INFO:root:epoch:317 train_eval_loss-->0.378877,train_acc-->1.000000,test_eval_loss-->1.328230,test_acc===0.627451
INFO:root:epoch:318 train_eval_loss-->0.355426,train_acc-->1.000000,test_eval_loss-->1.414600,test_acc===0.656863
INFO:root:epoch:319 train_eval_loss-->0.412699,train_acc-->0.994100,test_eval_loss-->1.298173,test_acc===0.627451
INFO:root:epoch:320 train_eval_loss-->0.336297,train_acc-->1.000000,test_eval_loss-->1.346847,test_acc===0.656863
INFO:root:epoch:321 train_eval_loss-->0.369248,train_acc-->1.000000,test_eval_loss-->1.309661,test_acc===0.666667
INFO:root:epoch:322 train_eval_loss-->0.288826,train_acc-->1.000000,test_eval_loss-->1.410462,test_acc===0.627451
INFO:root:epoch:323 train_eval_loss-->0.287938,train_acc-->1.000000,test_eval_loss-->1.355881,test_acc===0.627451
INFO:root:epoch:324 train_eval_loss-->0.305066,train_acc-->1.000000,test_eval_loss-->1.348117,test_acc===0.686275
INFO:root:epoch:325 train_eval_loss-->0.284528,train_acc-->1.000000,test_eval_loss-->1.368100,test_acc===0.656863
INFO:root:epoch:326 train_eval_loss-->0.242329,train_acc-->1.000000,test_eval_loss-->1.307959,test_acc===0.666667
INFO:root:epoch:327 train_eval_loss-->0.248359,train_acc-->1.000000,test_eval_loss-->1.334234,test_acc===0.705882
INFO:root:epoch:328 train_eval_loss-->0.226228,train_acc-->1.000000,test_eval_loss-->1.342969,test_acc===0.676471
INFO:root:epoch:329 train_eval_loss-->0.234843,train_acc-->1.000000,test_eval_loss-->1.368693,test_acc===0.666667
INFO:root:epoch:330 train_eval_loss-->0.238369,train_acc-->1.000000,test_eval_loss-->1.304659,test_acc===0.676471
INFO:root:epoch:331 train_eval_loss-->0.199867,train_acc-->1.000000,test_eval_loss-->1.292780,test_acc===0.676471
INFO:root:epoch:332 train_eval_loss-->0.186806,train_acc-->1.000000,test_eval_loss-->1.320968,test_acc===0.696078
INFO:root:epoch:333 train_eval_loss-->0.147844,train_acc-->1.000000,test_eval_loss-->1.305972,test_acc===0.676471
INFO:root:epoch:334 train_eval_loss-->0.138536,train_acc-->1.000000,test_eval_loss-->1.299903,test_acc===0.647059
INFO:root:epoch:335 train_eval_loss-->0.132709,train_acc-->1.000000,test_eval_loss-->1.298003,test_acc===0.647059
INFO:root:epoch:336 train_eval_loss-->0.128560,train_acc-->1.000000,test_eval_loss-->1.292229,test_acc===0.696078
INFO:root:epoch:337 train_eval_loss-->0.099243,train_acc-->1.000000,test_eval_loss-->1.320122,test_acc===0.666667
INFO:root:epoch:338 train_eval_loss-->0.098427,train_acc-->1.000000,test_eval_loss-->1.300598,test_acc===0.666667
INFO:root:epoch:339 train_eval_loss-->0.074217,train_acc-->1.000000,test_eval_loss-->1.306475,test_acc===0.656863
INFO:root:epoch:340 train_eval_loss-->0.069467,train_acc-->1.000000,test_eval_loss-->1.299153,test_acc===0.686275
INFO:root:epoch:341 train_eval_loss-->0.056712,train_acc-->1.000000,test_eval_loss-->1.301002,test_acc===0.666667
INFO:root:epoch:342 train_eval_loss-->0.042174,train_acc-->1.000000,test_eval_loss-->1.302467,test_acc===0.647059
INFO:root:epoch:343 train_eval_loss-->0.038159,train_acc-->1.000000,test_eval_loss-->1.297478,test_acc===0.676471
INFO:root:epoch:344 train_eval_loss-->0.036155,train_acc-->1.000000,test_eval_loss-->1.299869,test_acc===0.656863
INFO:root:epoch:345 train_eval_loss-->0.028398,train_acc-->1.000000,test_eval_loss-->1.298349,test_acc===0.676471
INFO:root:epoch:346 train_eval_loss-->0.020859,train_acc-->1.000000,test_eval_loss-->1.298041,test_acc===0.647059
INFO:root:epoch:347 train_eval_loss-->0.017570,train_acc-->1.000000,test_eval_loss-->1.298536,test_acc===0.666667
INFO:root:epoch:348 train_eval_loss-->0.013786,train_acc-->1.000000,test_eval_loss-->1.299175,test_acc===0.666667
INFO:root:epoch:349 train_eval_loss-->0.012226,train_acc-->1.000000,test_eval_loss-->1.298227,test_acc===0.676471
INFO:root:epoch:350 train_eval_loss-->0.010271,train_acc-->1.000000,test_eval_loss-->1.299078,test_acc===0.666667
INFO:root:epoch:351 train_eval_loss-->0.010039,train_acc-->1.000000,test_eval_loss-->1.298612,test_acc===0.666667
INFO:root:epoch:352 train_eval_loss-->0.010954,train_acc-->1.000000,test_eval_loss-->1.298106,test_acc===0.656863
INFO:root:epoch:353 train_eval_loss-->0.012084,train_acc-->1.000000,test_eval_loss-->1.298149,test_acc===0.666667
INFO:root:epoch:354 train_eval_loss-->0.014573,train_acc-->1.000000,test_eval_loss-->1.298013,test_acc===0.666667
INFO:root:epoch:355 train_eval_loss-->0.018835,train_acc-->1.000000,test_eval_loss-->1.298999,test_acc===0.676471
INFO:root:epoch:356 train_eval_loss-->0.020683,train_acc-->1.000000,test_eval_loss-->1.297238,test_acc===0.666667
INFO:root:epoch:357 train_eval_loss-->0.028624,train_acc-->1.000000,test_eval_loss-->1.296573,test_acc===0.666667
INFO:root:epoch:358 train_eval_loss-->0.036033,train_acc-->1.000000,test_eval_loss-->1.298299,test_acc===0.676471
INFO:root:epoch:359 train_eval_loss-->0.043419,train_acc-->1.000000,test_eval_loss-->1.300164,test_acc===0.647059
INFO:root:epoch:360 train_eval_loss-->0.049880,train_acc-->1.000000,test_eval_loss-->1.302648,test_acc===0.666667
INFO:root:epoch:361 train_eval_loss-->0.063409,train_acc-->1.000000,test_eval_loss-->1.309642,test_acc===0.656863
INFO:root:epoch:362 train_eval_loss-->0.076556,train_acc-->1.000000,test_eval_loss-->1.303805,test_acc===0.676471
INFO:root:epoch:363 train_eval_loss-->0.095103,train_acc-->1.000000,test_eval_loss-->1.289653,test_acc===0.696078
INFO:root:epoch:364 train_eval_loss-->0.121726,train_acc-->1.000000,test_eval_loss-->1.309331,test_acc===0.656863
INFO:root:epoch:365 train_eval_loss-->0.109370,train_acc-->1.000000,test_eval_loss-->1.308546,test_acc===0.676471
INFO:root:epoch:366 train_eval_loss-->0.141041,train_acc-->1.000000,test_eval_loss-->1.296164,test_acc===0.696078
INFO:root:epoch:367 train_eval_loss-->0.141980,train_acc-->1.000000,test_eval_loss-->1.303874,test_acc===0.656863
INFO:root:epoch:368 train_eval_loss-->0.164995,train_acc-->1.000000,test_eval_loss-->1.317201,test_acc===0.656863
INFO:root:epoch:369 train_eval_loss-->0.194763,train_acc-->1.000000,test_eval_loss-->1.298562,test_acc===0.676471
INFO:root:epoch:370 train_eval_loss-->0.212977,train_acc-->1.000000,test_eval_loss-->1.328089,test_acc===0.666667
INFO:root:epoch:371 train_eval_loss-->0.197669,train_acc-->1.000000,test_eval_loss-->1.319891,test_acc===0.647059
INFO:root:epoch:372 train_eval_loss-->0.242211,train_acc-->1.000000,test_eval_loss-->1.393701,test_acc===0.617647
INFO:root:epoch:373 train_eval_loss-->0.263989,train_acc-->1.000000,test_eval_loss-->1.329841,test_acc===0.686275
INFO:root:epoch:374 train_eval_loss-->0.297053,train_acc-->0.997050,test_eval_loss-->1.344484,test_acc===0.686275
INFO:root:epoch:375 train_eval_loss-->0.362680,train_acc-->1.000000,test_eval_loss-->1.314897,test_acc===0.666667
INFO:root:epoch:376 train_eval_loss-->0.349565,train_acc-->1.000000,test_eval_loss-->1.406104,test_acc===0.588235
INFO:root:epoch:377 train_eval_loss-->0.326966,train_acc-->1.000000,test_eval_loss-->1.395928,test_acc===0.656863
INFO:root:epoch:378 train_eval_loss-->0.348176,train_acc-->0.997050,test_eval_loss-->1.474776,test_acc===0.607843
INFO:root:epoch:379 train_eval_loss-->0.397952,train_acc-->1.000000,test_eval_loss-->1.331401,test_acc===0.627451
INFO:root:epoch:380 train_eval_loss-->0.370955,train_acc-->0.997050,test_eval_loss-->1.349329,test_acc===0.696078
INFO:root:epoch:381 train_eval_loss-->0.334993,train_acc-->1.000000,test_eval_loss-->1.359300,test_acc===0.656863
INFO:root:epoch:382 train_eval_loss-->0.363519,train_acc-->1.000000,test_eval_loss-->1.360069,test_acc===0.627451
INFO:root:epoch:383 train_eval_loss-->0.385677,train_acc-->1.000000,test_eval_loss-->1.395644,test_acc===0.617647
INFO:root:epoch:384 train_eval_loss-->0.415440,train_acc-->0.991150,test_eval_loss-->1.341603,test_acc===0.666667
INFO:root:epoch:385 train_eval_loss-->0.369271,train_acc-->1.000000,test_eval_loss-->1.349373,test_acc===0.676471
INFO:root:epoch:386 train_eval_loss-->0.460769,train_acc-->0.994100,test_eval_loss-->1.368294,test_acc===0.656863
INFO:root:epoch:387 train_eval_loss-->0.522451,train_acc-->1.000000,test_eval_loss-->1.538395,test_acc===0.617647
INFO:root:epoch:388 train_eval_loss-->0.565196,train_acc-->0.991150,test_eval_loss-->1.392486,test_acc===0.617647
INFO:root:epoch:389 train_eval_loss-->0.432224,train_acc-->0.988201,test_eval_loss-->1.367228,test_acc===0.637255
INFO:root:epoch:390 train_eval_loss-->0.447681,train_acc-->0.997050,test_eval_loss-->1.445448,test_acc===0.617647
INFO:root:epoch:391 train_eval_loss-->0.479098,train_acc-->0.991150,test_eval_loss-->1.293771,test_acc===0.696078
INFO:root:epoch:392 train_eval_loss-->0.468714,train_acc-->1.000000,test_eval_loss-->1.492734,test_acc===0.598039
INFO:root:epoch:393 train_eval_loss-->0.559610,train_acc-->0.988201,test_eval_loss-->1.392363,test_acc===0.617647
INFO:root:epoch:394 train_eval_loss-->0.462273,train_acc-->0.997050,test_eval_loss-->1.387171,test_acc===0.598039
INFO:root:epoch:395 train_eval_loss-->0.487773,train_acc-->0.991150,test_eval_loss-->1.416306,test_acc===0.637255
INFO:root:epoch:396 train_eval_loss-->0.479318,train_acc-->0.985251,test_eval_loss-->1.370049,test_acc===0.637255
INFO:root:epoch:397 train_eval_loss-->0.462672,train_acc-->0.997050,test_eval_loss-->1.332681,test_acc===0.676471
INFO:root:epoch:398 train_eval_loss-->0.508141,train_acc-->0.991150,test_eval_loss-->1.379998,test_acc===0.656863
INFO:root:epoch:399 train_eval_loss-->0.437229,train_acc-->1.000000,test_eval_loss-->1.295010,test_acc===0.676471
INFO:root:epoch:400 train_eval_loss-->0.412636,train_acc-->1.000000,test_eval_loss-->1.391116,test_acc===0.637255
INFO:root:epoch:401 train_eval_loss-->0.462310,train_acc-->1.000000,test_eval_loss-->1.336941,test_acc===0.656863
INFO:root:epoch:402 train_eval_loss-->0.475558,train_acc-->0.994100,test_eval_loss-->1.415906,test_acc===0.686275
INFO:root:epoch:403 train_eval_loss-->0.461037,train_acc-->1.000000,test_eval_loss-->1.360999,test_acc===0.647059
INFO:root:epoch:404 train_eval_loss-->0.505083,train_acc-->0.994100,test_eval_loss-->1.365040,test_acc===0.647059
INFO:root:epoch:405 train_eval_loss-->0.458985,train_acc-->0.997050,test_eval_loss-->1.420364,test_acc===0.617647
INFO:root:epoch:406 train_eval_loss-->0.432113,train_acc-->0.997050,test_eval_loss-->1.359013,test_acc===0.686275
INFO:root:epoch:407 train_eval_loss-->0.415990,train_acc-->1.000000,test_eval_loss-->1.368323,test_acc===0.598039
INFO:root:epoch:408 train_eval_loss-->0.512806,train_acc-->0.994100,test_eval_loss-->1.407074,test_acc===0.656863
INFO:root:epoch:409 train_eval_loss-->0.470119,train_acc-->0.994100,test_eval_loss-->1.358962,test_acc===0.686275
INFO:root:epoch:410 train_eval_loss-->0.385400,train_acc-->1.000000,test_eval_loss-->1.295387,test_acc===0.656863
INFO:root:epoch:411 train_eval_loss-->0.529144,train_acc-->0.991150,test_eval_loss-->1.451156,test_acc===0.637255
INFO:root:epoch:412 train_eval_loss-->0.463430,train_acc-->0.982301,test_eval_loss-->1.355395,test_acc===0.686275
INFO:root:epoch:413 train_eval_loss-->0.416519,train_acc-->0.997050,test_eval_loss-->1.365798,test_acc===0.627451
INFO:root:epoch:414 train_eval_loss-->0.435397,train_acc-->0.994100,test_eval_loss-->1.309805,test_acc===0.666667
INFO:root:epoch:415 train_eval_loss-->0.302714,train_acc-->0.997050,test_eval_loss-->1.334916,test_acc===0.637255
INFO:root:epoch:416 train_eval_loss-->0.338474,train_acc-->1.000000,test_eval_loss-->1.294843,test_acc===0.686275
INFO:root:epoch:417 train_eval_loss-->0.303712,train_acc-->1.000000,test_eval_loss-->1.341494,test_acc===0.637255
INFO:root:epoch:418 train_eval_loss-->0.319031,train_acc-->0.997050,test_eval_loss-->1.307401,test_acc===0.666667
INFO:root:epoch:419 train_eval_loss-->0.358270,train_acc-->0.997050,test_eval_loss-->1.315619,test_acc===0.686275
INFO:root:epoch:420 train_eval_loss-->0.354194,train_acc-->1.000000,test_eval_loss-->1.435666,test_acc===0.647059
INFO:root:epoch:421 train_eval_loss-->0.317395,train_acc-->1.000000,test_eval_loss-->1.320022,test_acc===0.637255
INFO:root:epoch:422 train_eval_loss-->0.271242,train_acc-->1.000000,test_eval_loss-->1.291087,test_acc===0.686275
INFO:root:epoch:423 train_eval_loss-->0.267929,train_acc-->1.000000,test_eval_loss-->1.326405,test_acc===0.656863
INFO:root:epoch:424 train_eval_loss-->0.237715,train_acc-->0.997050,test_eval_loss-->1.340915,test_acc===0.637255
INFO:root:epoch:425 train_eval_loss-->0.214162,train_acc-->1.000000,test_eval_loss-->1.275053,test_acc===0.676471
INFO:root:epoch:426 train_eval_loss-->0.219675,train_acc-->1.000000,test_eval_loss-->1.332527,test_acc===0.666667
INFO:root:epoch:427 train_eval_loss-->0.240321,train_acc-->1.000000,test_eval_loss-->1.317319,test_acc===0.656863
INFO:root:epoch:428 train_eval_loss-->0.203952,train_acc-->1.000000,test_eval_loss-->1.307409,test_acc===0.715686
INFO:root:epoch:429 train_eval_loss-->0.203571,train_acc-->1.000000,test_eval_loss-->1.308146,test_acc===0.676471
INFO:root:epoch:430 train_eval_loss-->0.187463,train_acc-->1.000000,test_eval_loss-->1.306071,test_acc===0.666667
INFO:root:epoch:431 train_eval_loss-->0.163244,train_acc-->1.000000,test_eval_loss-->1.307919,test_acc===0.686275
INFO:root:epoch:432 train_eval_loss-->0.166204,train_acc-->1.000000,test_eval_loss-->1.293481,test_acc===0.666667
INFO:root:epoch:433 train_eval_loss-->0.136888,train_acc-->1.000000,test_eval_loss-->1.307057,test_acc===0.666667
INFO:root:epoch:434 train_eval_loss-->0.123523,train_acc-->1.000000,test_eval_loss-->1.290658,test_acc===0.666667
INFO:root:epoch:435 train_eval_loss-->0.114016,train_acc-->1.000000,test_eval_loss-->1.291523,test_acc===0.696078
INFO:root:epoch:436 train_eval_loss-->0.110160,train_acc-->1.000000,test_eval_loss-->1.296504,test_acc===0.696078
INFO:root:epoch:437 train_eval_loss-->0.087018,train_acc-->1.000000,test_eval_loss-->1.293966,test_acc===0.676471
INFO:root:epoch:438 train_eval_loss-->0.075472,train_acc-->1.000000,test_eval_loss-->1.287215,test_acc===0.676471
INFO:root:epoch:439 train_eval_loss-->0.065297,train_acc-->1.000000,test_eval_loss-->1.290243,test_acc===0.666667
INFO:root:epoch:440 train_eval_loss-->0.055850,train_acc-->1.000000,test_eval_loss-->1.292086,test_acc===0.676471
INFO:root:epoch:441 train_eval_loss-->0.049182,train_acc-->1.000000,test_eval_loss-->1.290641,test_acc===0.666667
INFO:root:epoch:442 train_eval_loss-->0.039142,train_acc-->1.000000,test_eval_loss-->1.287929,test_acc===0.686275
INFO:root:epoch:443 train_eval_loss-->0.034041,train_acc-->1.000000,test_eval_loss-->1.288081,test_acc===0.676471
INFO:root:epoch:444 train_eval_loss-->0.025872,train_acc-->1.000000,test_eval_loss-->1.290013,test_acc===0.676471
INFO:root:epoch:445 train_eval_loss-->0.022585,train_acc-->1.000000,test_eval_loss-->1.289066,test_acc===0.666667
INFO:root:epoch:446 train_eval_loss-->0.018853,train_acc-->1.000000,test_eval_loss-->1.288613,test_acc===0.676471
INFO:root:epoch:447 train_eval_loss-->0.014998,train_acc-->1.000000,test_eval_loss-->1.287519,test_acc===0.676471
INFO:root:epoch:448 train_eval_loss-->0.012678,train_acc-->1.000000,test_eval_loss-->1.288544,test_acc===0.676471
INFO:root:epoch:449 train_eval_loss-->0.010741,train_acc-->1.000000,test_eval_loss-->1.289190,test_acc===0.676471
INFO:root:epoch:450 train_eval_loss-->0.008852,train_acc-->1.000000,test_eval_loss-->1.288322,test_acc===0.676471
INFO:root:epoch:451 train_eval_loss-->0.008634,train_acc-->1.000000,test_eval_loss-->1.289677,test_acc===0.676471
INFO:root:epoch:452 train_eval_loss-->0.009307,train_acc-->1.000000,test_eval_loss-->1.288859,test_acc===0.676471
INFO:root:epoch:453 train_eval_loss-->0.009500,train_acc-->1.000000,test_eval_loss-->1.290183,test_acc===0.676471
INFO:root:epoch:454 train_eval_loss-->0.013378,train_acc-->1.000000,test_eval_loss-->1.288699,test_acc===0.676471
INFO:root:epoch:455 train_eval_loss-->0.014810,train_acc-->1.000000,test_eval_loss-->1.289636,test_acc===0.676471
INFO:root:epoch:456 train_eval_loss-->0.019697,train_acc-->1.000000,test_eval_loss-->1.289606,test_acc===0.676471
INFO:root:epoch:457 train_eval_loss-->0.026580,train_acc-->1.000000,test_eval_loss-->1.288440,test_acc===0.676471
INFO:root:epoch:458 train_eval_loss-->0.035731,train_acc-->1.000000,test_eval_loss-->1.291915,test_acc===0.666667
INFO:root:epoch:459 train_eval_loss-->0.045075,train_acc-->1.000000,test_eval_loss-->1.294601,test_acc===0.676471
INFO:root:epoch:460 train_eval_loss-->0.046016,train_acc-->1.000000,test_eval_loss-->1.292538,test_acc===0.666667
INFO:root:epoch:461 train_eval_loss-->0.055174,train_acc-->1.000000,test_eval_loss-->1.297747,test_acc===0.676471
INFO:root:epoch:462 train_eval_loss-->0.064421,train_acc-->1.000000,test_eval_loss-->1.287061,test_acc===0.666667
INFO:root:epoch:463 train_eval_loss-->0.077977,train_acc-->1.000000,test_eval_loss-->1.285601,test_acc===0.696078
INFO:root:epoch:464 train_eval_loss-->0.086954,train_acc-->1.000000,test_eval_loss-->1.292240,test_acc===0.666667
INFO:root:epoch:465 train_eval_loss-->0.098332,train_acc-->1.000000,test_eval_loss-->1.301113,test_acc===0.676471
INFO:root:epoch:466 train_eval_loss-->0.098284,train_acc-->1.000000,test_eval_loss-->1.295081,test_acc===0.666667
INFO:root:epoch:467 train_eval_loss-->0.116686,train_acc-->1.000000,test_eval_loss-->1.293867,test_acc===0.696078
INFO:root:epoch:468 train_eval_loss-->0.149956,train_acc-->1.000000,test_eval_loss-->1.299812,test_acc===0.676471
INFO:root:epoch:469 train_eval_loss-->0.178646,train_acc-->1.000000,test_eval_loss-->1.277164,test_acc===0.686275
INFO:root:epoch:470 train_eval_loss-->0.159186,train_acc-->1.000000,test_eval_loss-->1.301070,test_acc===0.656863
INFO:root:epoch:471 train_eval_loss-->0.192790,train_acc-->1.000000,test_eval_loss-->1.292681,test_acc===0.676471
INFO:root:epoch:472 train_eval_loss-->0.210289,train_acc-->1.000000,test_eval_loss-->1.321885,test_acc===0.666667
INFO:root:epoch:473 train_eval_loss-->0.203997,train_acc-->1.000000,test_eval_loss-->1.319180,test_acc===0.676471
INFO:root:epoch:474 train_eval_loss-->0.217011,train_acc-->1.000000,test_eval_loss-->1.332190,test_acc===0.647059
INFO:root:epoch:475 train_eval_loss-->0.225526,train_acc-->1.000000,test_eval_loss-->1.283734,test_acc===0.686275
INFO:root:epoch:476 train_eval_loss-->0.225775,train_acc-->1.000000,test_eval_loss-->1.343943,test_acc===0.666667
INFO:root:epoch:477 train_eval_loss-->0.276476,train_acc-->1.000000,test_eval_loss-->1.293062,test_acc===0.656863
INFO:root:epoch:478 train_eval_loss-->0.253001,train_acc-->1.000000,test_eval_loss-->1.269999,test_acc===0.696078
INFO:root:epoch:479 train_eval_loss-->0.294211,train_acc-->0.997050,test_eval_loss-->1.361582,test_acc===0.627451
INFO:root:epoch:480 train_eval_loss-->0.335303,train_acc-->0.991150,test_eval_loss-->1.299287,test_acc===0.676471
INFO:root:epoch:481 train_eval_loss-->0.311198,train_acc-->1.000000,test_eval_loss-->1.317067,test_acc===0.676471
INFO:root:epoch:482 train_eval_loss-->0.324168,train_acc-->0.991150,test_eval_loss-->1.331570,test_acc===0.666667
INFO:root:epoch:483 train_eval_loss-->0.404100,train_acc-->1.000000,test_eval_loss-->1.387542,test_acc===0.647059
INFO:root:epoch:484 train_eval_loss-->0.446300,train_acc-->1.000000,test_eval_loss-->1.383513,test_acc===0.627451
INFO:root:epoch:485 train_eval_loss-->0.449667,train_acc-->1.000000,test_eval_loss-->1.271041,test_acc===0.666667
INFO:root:epoch:486 train_eval_loss-->0.388064,train_acc-->1.000000,test_eval_loss-->1.420354,test_acc===0.598039
INFO:root:epoch:487 train_eval_loss-->0.495533,train_acc-->0.997050,test_eval_loss-->1.421304,test_acc===0.578431
INFO:root:epoch:488 train_eval_loss-->0.542266,train_acc-->0.991150,test_eval_loss-->1.446407,test_acc===0.607843
INFO:root:epoch:489 train_eval_loss-->0.409906,train_acc-->0.994100,test_eval_loss-->1.321253,test_acc===0.676471
INFO:root:epoch:490 train_eval_loss-->0.497782,train_acc-->1.000000,test_eval_loss-->1.422699,test_acc===0.617647
INFO:root:epoch:491 train_eval_loss-->0.506410,train_acc-->0.997050,test_eval_loss-->1.327359,test_acc===0.705882
INFO:root:epoch:492 train_eval_loss-->0.507628,train_acc-->0.997050,test_eval_loss-->1.307737,test_acc===0.676471
INFO:root:epoch:493 train_eval_loss-->0.431266,train_acc-->1.000000,test_eval_loss-->1.483192,test_acc===0.607843
INFO:root:epoch:494 train_eval_loss-->0.417506,train_acc-->0.997050,test_eval_loss-->1.348296,test_acc===0.637255
INFO:root:epoch:495 train_eval_loss-->0.438496,train_acc-->1.000000,test_eval_loss-->1.388524,test_acc===0.676471
INFO:root:epoch:496 train_eval_loss-->0.401572,train_acc-->0.991150,test_eval_loss-->1.341583,test_acc===0.676471
INFO:root:epoch:497 train_eval_loss-->0.442641,train_acc-->0.997050,test_eval_loss-->1.325341,test_acc===0.666667
INFO:root:epoch:498 train_eval_loss-->0.433418,train_acc-->1.000000,test_eval_loss-->1.341911,test_acc===0.686275
INFO:root:epoch:499 train_eval_loss-->0.384692,train_acc-->0.997050,test_eval_loss-->1.400465,test_acc===0.666667
