2023-11-08 15:00:02 - #----------Config info----------#
2023-11-08 15:00:02 - network: resnet101,
2023-11-08 15:00:02 - data_path: /media/yxz/新加卷/teeth_ct_points/,
2023-11-08 15:00:02 - label_path: /media/yxz/新加卷/teeth_ct_points/三维坐标表格.xlsx,
2023-11-08 15:00:02 - pretrained_path: ./pre_trained/,
2023-11-08 15:00:02 - num_classes: 3,
2023-11-08 15:00:02 - input_size_h: 512,
2023-11-08 15:00:02 - input_size_w: 512,
2023-11-08 15:00:02 - input_channels: 64,
2023-11-08 15:00:02 - distributed: False,
2023-11-08 15:00:02 - local_rank: -1,
2023-11-08 15:00:02 - num_workers: 4,
2023-11-08 15:00:02 - seed: 42,
2023-11-08 15:00:02 - world_size: None,
2023-11-08 15:00:02 - rank: None,
2023-11-08 15:00:02 - amp: False,
2023-11-08 15:00:02 - gpu_id: 0,
2023-11-08 15:00:02 - batch_size: 2,
2023-11-08 15:00:02 - val_bs: 1,
2023-11-08 15:00:02 - epochs: 200,
2023-11-08 15:00:02 - deep_supervision: False,
2023-11-08 15:00:02 - threshold: 8.660254037844387,
2023-11-08 15:00:02 - train_mean: [38.167084, 36.47113, 35.658463, 34.7275, 34.397972, 34.392757, 33.96709, 34.126865, 34.28234, 33.729267, 32.7962, 32.064926, 31.681631, 31.124203, 30.844501, 31.361849, 32.73974, 34.215652, 36.648277, 38.611458, 40.539837, 42.120747, 43.28669, 44.45494, 45.614132, 46.21989, 47.45023, 48.500004, 49.44821, 50.419426, 52.140045, 53.649082, 54.722622, 55.427254, 55.996006, 56.55678, 57.03274, 56.78339, 56.16994, 56.052105, 56.084873, 55.73664, 55.51461, 54.455627, 53.19349, 51.708523, 50.496777, 48.39798, 46.618237],
2023-11-08 15:00:02 - train_std: [52.12329, 51.107494, 50.941055, 50.223755, 50.00628, 50.154346, 49.390217, 49.584064, 49.46689, 48.635002, 46.955963, 45.86415, 45.254314, 44.008198, 43.081245, 43.15782, 44.181343, 45.16833, 47.433487, 48.60615, 50.44894, 51.635715, 52.542904, 53.638527, 54.554443, 54.860928, 55.634895, 56.127644, 56.314377, 56.52658, 57.31575, 57.992775, 58.40813, 58.65052, 58.6726, 58.786034, 59.043797, 59.15101, 58.878242, 59.1303, 59.565495, 59.95643, 60.605595, 60.74457, 60.784153, 60.811424, 61.18004, 60.75567, 60.8064],
2023-11-08 15:00:02 - val_mean: [39.743374, 38.122738, 37.19561, 35.71686, 35.202812, 34.790627, 34.621647, 34.678947, 34.44854, 33.327152, 32.52173, 31.267305, 30.603254, 30.013475, 29.536041, 30.480452, 31.952286, 33.71057, 36.010574, 38.201912, 39.313183, 42.94376, 44.53766, 45.518337, 46.94797, 46.58542, 47.49811, 48.238167, 51.026104, 52.292915, 52.69654, 53.169758, 53.87486, 55.697067, 57.654236, 57.586315, 57.758514, 57.174618, 57.736595, 57.24419, 57.544117, 57.37176, 56.43062, 55.96641, 55.325653, 53.10815, 52.179287, 50.27785, 47.04305],
2023-11-08 15:00:02 - val_std: [53.15056, 52.15993, 51.616505, 50.33102, 50.21509, 50.081203, 50.03935, 49.86299, 49.531567, 48.28274, 46.95426, 45.172287, 43.96861, 42.88531, 41.24616, 42.37183, 43.43441, 44.75589, 46.571957, 48.567627, 49.173023, 51.97025, 53.31617, 54.147503, 55.217754, 54.256313, 54.82137, 55.228252, 57.024765, 57.493202, 57.21687, 57.12449, 57.009945, 58.07164, 58.968643, 58.816093, 58.97068, 58.471672, 58.976105, 58.958794, 59.510704, 60.026344, 60.16703, 60.841858, 61.621956, 61.22611, 61.83866, 62.08808, 61.1031],
2023-11-08 15:00:02 - work_dir: results/resnet101_Wednesday_08_November_2023_15h_00m_02s/,
2023-11-08 15:00:02 - tensor_size: 0,
2023-11-08 15:00:02 - train_transformer: Compose(
    <utils.myToTensor object at 0x7f25002516d0>
    <utils.myResize object at 0x7f2500240430>
),
2023-11-08 15:00:02 - test_transformer: Compose(
    <utils.myToTensor object at 0x7f24ffb20eb0>
    <utils.myResize object at 0x7f24ffb20ee0>
),
2023-11-08 15:00:02 - opt: AdamW,
2023-11-08 15:00:02 - lr: 0.001,
2023-11-08 15:00:02 - betas: (0.9, 0.999),
2023-11-08 15:00:02 - eps: 1e-08,
2023-11-08 15:00:02 - weight_decay: 0.01,
2023-11-08 15:00:02 - amsgrad: False,
2023-11-08 15:00:02 - sch: CosineAnnealingLR,
2023-11-08 15:00:02 - T_max: 50,
2023-11-08 15:00:02 - eta_min: 1e-05,
2023-11-08 15:00:02 - last_epoch: -1,
INFO:root:train--mean-->[38.167084 36.47113  35.658463 34.7275   34.397972 34.392757 33.96709
 34.126865 34.28234  33.729267 32.7962   32.064926 31.681631 31.124203
 30.844501 31.361849 32.73974  34.215652 36.648277 38.611458 40.539837
 42.120747 43.28669  44.45494  45.614132 46.21989  47.45023  48.500004
 49.44821  50.419426 52.140045 53.649082 54.722622 55.427254 55.996006
 56.55678  57.03274  56.78339  56.16994  56.052105 56.084873 55.73664
 55.51461  54.455627 53.19349  51.708523 50.496777 48.39798  46.618237]
INFO:root:train--std-->[52.12329  51.107494 50.941055 50.223755 50.00628  50.154346 49.390217
 49.584064 49.46689  48.635002 46.955963 45.86415  45.254314 44.008198
 43.081245 43.15782  44.181343 45.16833  47.433487 48.60615  50.44894
 51.635715 52.542904 53.638527 54.554443 54.860928 55.634895 56.127644
 56.314377 56.52658  57.31575  57.992775 58.40813  58.65052  58.6726
 58.786034 59.043797 59.15101  58.878242 59.1303   59.565495 59.95643
 60.605595 60.74457  60.784153 60.811424 61.18004  60.75567  60.8064  ]
INFO:root:val--mean-->[39.743374 38.122738 37.19561  35.71686  35.202812 34.790627 34.621647
 34.678947 34.44854  33.327152 32.52173  31.267305 30.603254 30.013475
 29.536041 30.480452 31.952286 33.71057  36.010574 38.201912 39.313183
 42.94376  44.53766  45.518337 46.94797  46.58542  47.49811  48.238167
 51.026104 52.292915 52.69654  53.169758 53.87486  55.697067 57.654236
 57.586315 57.758514 57.174618 57.736595 57.24419  57.544117 57.37176
 56.43062  55.96641  55.325653 53.10815  52.179287 50.27785  47.04305 ]
INFO:root:val--std-->[53.15056  52.15993  51.616505 50.33102  50.21509  50.081203 50.03935
 49.86299  49.531567 48.28274  46.95426  45.172287 43.96861  42.88531
 41.24616  42.37183  43.43441  44.75589  46.571957 48.567627 49.173023
 51.97025  53.31617  54.147503 55.217754 54.256313 54.82137  55.228252
 57.024765 57.493202 57.21687  57.12449  57.009945 58.07164  58.968643
 58.816093 58.97068  58.471672 58.976105 58.958794 59.510704 60.026344
 60.16703  60.841858 61.621956 61.22611  61.83866  62.08808  61.1031  ]
INFO:root:real_input_channels-->49
INFO:root:loss-->89.723328
INFO:root:loss-->4229.452637
INFO:root:loss-->3868.264404
INFO:root:loss-->2480.160156
INFO:root:loss-->1469.913818
INFO:root:loss-->903.187256
INFO:root:loss-->1287.485596
INFO:root:loss-->1300.620117
INFO:root:loss-->1185.287109
INFO:root:loss-->674.198669
INFO:root:loss-->550.418152
INFO:root:loss-->466.096802
INFO:root:loss-->424.795502
INFO:root:loss-->290.636719
INFO:root:loss-->285.719513
INFO:root:loss-->305.571259
INFO:root:loss-->315.553802
INFO:root:loss-->447.260925
INFO:root:loss-->352.376953
INFO:root:loss-->312.431030
INFO:root:loss-->155.148315
INFO:root:loss-->141.951035
INFO:root:loss-->260.507172
INFO:root:loss-->157.351501
INFO:root:loss-->151.512268
INFO:root:loss-->179.644531
INFO:root:loss-->173.139008
INFO:root:loss-->228.423767
INFO:root:loss-->130.080383
INFO:root:loss-->136.046875
INFO:root:loss-->113.593430
INFO:root:loss-->158.054291
INFO:root:loss-->77.048264
INFO:root:loss-->118.536865
INFO:root:loss-->132.081772
INFO:root:loss-->91.673340
INFO:root:loss-->76.921310
INFO:root:loss-->132.123840
INFO:root:loss-->83.758469
INFO:root:loss-->65.341080
INFO:root:loss-->118.626755
INFO:root:loss-->75.976608
INFO:root:loss-->71.882362
INFO:root:loss-->32.826721
INFO:root:loss-->46.739868
INFO:root:loss-->54.212826
INFO:root:loss-->148.567322
INFO:root:loss-->101.827866
INFO:root:loss-->89.327415
INFO:root:loss-->50.740383
INFO:root:loss-->64.663788
INFO:root:loss-->126.772583
INFO:root:loss-->108.252014
INFO:root:loss-->105.230011
INFO:root:loss-->63.998669
INFO:root:loss-->63.818737
INFO:root:loss-->32.093018
INFO:root:loss-->49.449261
INFO:root:loss-->118.722626
INFO:root:loss-->40.491489
INFO:root:loss-->57.229828
INFO:root:loss-->377.633972
INFO:root:loss-->67.079521
INFO:root:loss-->101.899857
INFO:root:loss-->149.153534
INFO:root:loss-->105.569656
INFO:root:loss-->101.784531
INFO:root:loss-->93.897079
INFO:root:loss-->63.974762
INFO:root:loss-->54.127739
INFO:root:loss-->49.919647
INFO:root:loss-->102.716415
INFO:root:loss-->93.483215
INFO:root:loss-->69.722008
INFO:root:loss-->67.562355
INFO:root:loss-->84.144363
INFO:root:loss-->86.794945
INFO:root:loss-->47.247910
INFO:root:loss-->42.228104
INFO:root:loss-->53.140839
INFO:root:loss-->217.527557
INFO:root:loss-->53.889294
INFO:root:loss-->61.414398
INFO:root:loss-->41.855289
INFO:root:loss-->67.240036
INFO:root:loss-->59.629040
INFO:root:loss-->51.586334
INFO:root:loss-->53.214592
INFO:root:loss-->53.259766
INFO:root:loss-->32.722168
INFO:root:loss-->32.172520
INFO:root:loss-->40.739281
INFO:root:loss-->34.607872
INFO:root:loss-->57.333019
INFO:root:loss-->47.844711
INFO:root:loss-->36.053020
INFO:root:loss-->30.176872
INFO:root:loss-->67.486069
INFO:root:loss-->35.323143
INFO:root:loss-->96.236832
INFO:root:loss-->46.835381
INFO:root:loss-->56.039623
INFO:root:loss-->51.710396
INFO:root:loss-->45.273880
INFO:root:loss-->64.287842
INFO:root:loss-->44.173428
INFO:root:loss-->73.816353
INFO:root:loss-->47.727982
INFO:root:loss-->39.769382
INFO:root:loss-->64.031738
INFO:root:loss-->53.504406
INFO:root:loss-->65.272583
INFO:root:loss-->49.098263
INFO:root:loss-->33.156235
INFO:root:loss-->331.405975
INFO:root:loss-->91.398155
INFO:root:loss-->52.568829
INFO:root:loss-->53.226391
INFO:root:loss-->58.612259
INFO:root:loss-->36.028282
INFO:root:loss-->31.067909
INFO:root:loss-->58.127422
INFO:root:loss-->41.503616
INFO:root:loss-->52.726330
INFO:root:loss-->71.985466
INFO:root:loss-->72.085617
INFO:root:loss-->64.814697
INFO:root:loss-->30.244650
INFO:root:loss-->87.513138
INFO:root:loss-->62.397675
INFO:root:loss-->115.767967
INFO:root:loss-->54.753105
INFO:root:loss-->64.358040
INFO:root:loss-->31.021809
INFO:root:loss-->45.363689
INFO:root:loss-->26.266340
INFO:root:loss-->26.680218
INFO:root:loss-->29.945736
INFO:root:loss-->22.721716
INFO:root:loss-->28.906719
INFO:root:loss-->25.786301
INFO:root:loss-->57.766003
INFO:root:loss-->44.115135
INFO:root:loss-->141.079025
INFO:root:loss-->41.104702
INFO:root:loss-->40.797112
INFO:root:loss-->806.907959
INFO:root:loss-->36.733696
INFO:root:loss-->43.779167
INFO:root:loss-->30.647663
INFO:root:loss-->90.943283
INFO:root:loss-->51.469872
INFO:root:loss-->38.658684
INFO:root:loss-->90.075645
INFO:root:loss-->109.952286
INFO:root:loss-->73.237366
INFO:root:loss-->62.248535
INFO:root:loss-->43.818848
INFO:root:loss-->52.729229
INFO:root:loss-->62.260174
INFO:root:loss-->43.939129
INFO:root:loss-->43.816631
INFO:root:loss-->44.043304
INFO:root:loss-->37.616879
INFO:root:loss-->34.567390
INFO:root:loss-->43.888454
INFO:root:loss-->97.713882
INFO:root:loss-->61.604355
INFO:root:loss-->57.698818
INFO:root:loss-->44.565849
INFO:root:loss-->26.011478
INFO:root:loss-->55.727417
INFO:root:loss-->48.285889
INFO:root:loss-->35.231812
INFO:root:loss-->54.480194
INFO:root:loss-->56.509956
INFO:root:loss-->31.337460
INFO:root:loss-->24.892090
INFO:root:loss-->50.182571
INFO:root:loss-->87.627258
INFO:root:loss-->60.500061
INFO:root:loss-->52.200645
INFO:root:loss-->91.182274
INFO:root:loss-->176.238190
INFO:root:loss-->63.473965
INFO:root:loss-->59.488380
INFO:root:loss-->36.052151
INFO:root:loss-->58.999168
INFO:root:loss-->269.851898
INFO:root:loss-->114.025139
INFO:root:loss-->72.203285
INFO:root:loss-->135.677338
INFO:root:loss-->50.596886
INFO:root:loss-->32.713921
INFO:root:loss-->242.376465
INFO:root:loss-->115.531662
INFO:root:loss-->84.790955
INFO:root:loss-->186.331528
INFO:root:loss-->277.031738
INFO:root:loss-->68.072159
INFO:root:loss-->73.698532
INFO:root:loss-->49.030060
INFO:root:loss-->48.387337
INFO:root:loss-->92.850883
INFO:root:loss-->77.605576
INFO:root:loss-->67.555145
INFO:root:loss-->64.764404
INFO:root:loss-->71.722672
INFO:root:loss-->65.376740
INFO:root:loss-->47.348854
INFO:root:loss-->69.601074
INFO:root:loss-->33.619942
INFO:root:loss-->84.308517
INFO:root:loss-->61.526836
INFO:root:loss-->95.711723
INFO:root:loss-->68.676590
INFO:root:loss-->62.357250
INFO:root:loss-->48.873302
INFO:root:loss-->130.909790
INFO:root:loss-->79.511520
INFO:root:loss-->55.037579
INFO:root:loss-->69.388931
INFO:root:loss-->56.580410
INFO:root:loss-->54.805260
INFO:root:loss-->66.465050
INFO:root:loss-->44.892986
INFO:root:loss-->178.042465
INFO:root:loss-->44.233639
INFO:root:loss-->74.698868
INFO:root:loss-->48.661682
INFO:root:loss-->98.226303
INFO:root:loss-->87.591423
INFO:root:loss-->70.478699
INFO:root:loss-->52.627953
INFO:root:loss-->35.520767
INFO:root:loss-->85.601120
INFO:root:loss-->39.817562
INFO:root:loss-->32.767624
INFO:root:loss-->33.940994
INFO:root:loss-->48.756493
INFO:root:loss-->159.266769
INFO:root:loss-->36.494560
INFO:root:loss-->88.802490
INFO:root:loss-->42.187248
INFO:root:loss-->27.861095
INFO:root:loss-->32.621510
INFO:root:loss-->43.022400
INFO:root:loss-->59.645855
INFO:root:loss-->75.591766
INFO:root:loss-->18.710463
INFO:root:loss-->34.457577
INFO:root:loss-->23.500771
INFO:root:loss-->33.695744
INFO:root:loss-->60.480728
INFO:root:loss-->165.202698
INFO:root:loss-->31.124083
INFO:root:loss-->31.187862
INFO:root:loss-->24.219259
INFO:root:loss-->59.504742
INFO:root:loss-->55.311516
INFO:root:loss-->74.256729
INFO:root:loss-->79.945274
INFO:root:loss-->68.400032
INFO:root:loss-->33.557018
INFO:root:loss-->62.607632
INFO:root:loss-->58.286663
INFO:root:loss-->53.859661
INFO:root:loss-->47.701122
INFO:root:loss-->36.284855
INFO:root:loss-->66.070496
INFO:root:loss-->50.248680
INFO:root:loss-->44.138988
INFO:root:loss-->36.606380
INFO:root:loss-->46.368767
INFO:root:loss-->57.046642
INFO:root:loss-->94.063683
INFO:root:loss-->56.147240
INFO:root:loss-->43.651913
INFO:root:loss-->36.273613
INFO:root:loss-->66.297623
INFO:root:loss-->61.881359
INFO:root:loss-->35.908413
INFO:root:loss-->53.360821
INFO:root:loss-->64.614807
INFO:root:loss-->19.672874
INFO:root:loss-->40.864223
INFO:root:loss-->78.796539
INFO:root:loss-->15.406482
INFO:root:loss-->42.031158
INFO:root:loss-->38.246380
INFO:root:loss-->45.725647
INFO:root:loss-->256.268799
INFO:root:loss-->36.547073
INFO:root:loss-->44.785351
INFO:root:loss-->57.565422
INFO:root:loss-->60.035366
INFO:root:loss-->41.233284
INFO:root:loss-->37.989365
INFO:root:loss-->64.873955
INFO:root:loss-->53.915920
INFO:root:loss-->38.949722
INFO:root:loss-->26.392406
INFO:root:loss-->50.017498
INFO:root:loss-->40.121853
INFO:root:loss-->49.896008
INFO:root:loss-->55.218182
INFO:root:loss-->31.438305
INFO:root:loss-->40.150280
INFO:root:loss-->36.212128
INFO:root:loss-->63.137642
INFO:root:loss-->41.218887
INFO:root:loss-->31.454487
INFO:root:loss-->35.922539
INFO:root:loss-->35.138020
INFO:root:loss-->14.828032
INFO:root:loss-->34.309402
INFO:root:loss-->46.926628
INFO:root:loss-->32.375954
INFO:root:loss-->54.528389
INFO:root:loss-->49.796738
INFO:root:loss-->50.701534
INFO:root:loss-->57.320267
INFO:root:loss-->52.212887
INFO:root:loss-->55.576317
INFO:root:loss-->189.576874
INFO:root:loss-->52.337898
INFO:root:loss-->70.655701
INFO:root:loss-->48.541634
INFO:root:loss-->49.382504
INFO:root:loss-->62.679535
INFO:root:loss-->46.736992
INFO:root:loss-->50.608200
INFO:root:loss-->74.058212
INFO:root:loss-->53.775215
INFO:root:loss-->31.586584
INFO:root:loss-->38.832973
INFO:root:loss-->48.362679
INFO:root:loss-->45.596329
INFO:root:loss-->38.200249
INFO:root:loss-->38.326031
INFO:root:loss-->83.061951
INFO:root:loss-->34.759224
INFO:root:loss-->50.816021
INFO:root:loss-->341.349060
INFO:root:loss-->51.916992
INFO:root:loss-->57.742168
INFO:root:loss-->36.034393
INFO:root:loss-->33.362267
INFO:root:loss-->63.043022
INFO:root:loss-->74.393005
INFO:root:loss-->36.000439
INFO:root:loss-->40.386467
INFO:root:loss-->32.894844
INFO:root:loss-->171.132187
INFO:root:loss-->38.411575
INFO:root:loss-->49.076550
INFO:root:loss-->23.315430
INFO:root:loss-->25.494398
INFO:root:loss-->20.999266
INFO:root:loss-->60.183891
INFO:root:loss-->52.527065
INFO:root:loss-->61.955547
INFO:root:loss-->36.683105
INFO:root:loss-->42.344498
INFO:root:loss-->52.279823
INFO:root:loss-->41.240261
INFO:root:loss-->42.942425
INFO:root:loss-->49.363232
INFO:root:loss-->36.228813
INFO:root:loss-->48.891106
INFO:root:loss-->64.060143
INFO:root:loss-->37.924767
INFO:root:loss-->38.819672
INFO:root:loss-->71.822182
INFO:root:loss-->60.365364
INFO:root:loss-->56.196022
INFO:root:loss-->71.958450
INFO:root:loss-->64.903328
INFO:root:loss-->54.752281
INFO:root:loss-->50.381523
INFO:root:loss-->23.386292
INFO:root:loss-->38.664581
INFO:root:loss-->61.500301
INFO:root:loss-->79.714050
INFO:root:loss-->53.875320
INFO:root:loss-->35.987286
INFO:root:loss-->51.568981
INFO:root:loss-->39.577576
INFO:root:loss-->46.223244
INFO:root:loss-->28.587631
INFO:root:loss-->37.598473
INFO:root:loss-->44.969742
INFO:root:loss-->72.994850
INFO:root:loss-->39.336887
INFO:root:loss-->53.917709
INFO:root:loss-->32.289955
INFO:root:loss-->32.416790
INFO:root:loss-->50.272064
INFO:root:loss-->20.043207
INFO:root:loss-->19.373474
INFO:root:loss-->28.907238
INFO:root:loss-->64.346626
INFO:root:loss-->26.114239
INFO:root:loss-->31.758675
INFO:root:loss-->25.784126
INFO:root:loss-->41.316505
INFO:root:loss-->28.980377
INFO:root:loss-->42.501953
INFO:root:loss-->44.004082
INFO:root:loss-->57.349564
INFO:root:loss-->45.229141
INFO:root:loss-->48.332909
INFO:root:loss-->45.635269
INFO:root:loss-->70.433311
INFO:root:loss-->63.477135
INFO:root:loss-->52.881405
INFO:root:loss-->36.422947
INFO:root:loss-->32.476540
INFO:root:loss-->36.303085
INFO:root:loss-->52.905071
INFO:root:loss-->26.667938
INFO:root:loss-->51.237480
INFO:root:loss-->24.879017
INFO:root:loss-->25.479803
INFO:root:loss-->23.109558
INFO:root:loss-->39.587181
INFO:root:loss-->37.957695
INFO:root:loss-->46.794964
INFO:root:loss-->51.615536
INFO:root:loss-->19.054512
INFO:root:loss-->49.492004
INFO:root:loss-->27.018448
INFO:root:loss-->26.111248
INFO:root:loss-->55.128937
INFO:root:loss-->53.468151
INFO:root:loss-->28.701025
INFO:root:loss-->30.998976
INFO:root:loss-->30.835638
INFO:root:loss-->28.699951
INFO:root:loss-->34.818932
INFO:root:loss-->110.298691
INFO:root:loss-->28.715755
INFO:root:loss-->37.818718
INFO:root:loss-->39.830944
INFO:root:loss-->36.420372
INFO:root:loss-->62.859268
INFO:root:loss-->30.067364
INFO:root:loss-->34.737251
INFO:root:loss-->41.318703
INFO:root:loss-->29.197805
INFO:root:loss-->16.527067
INFO:root:loss-->22.151211
INFO:root:loss-->31.387356
INFO:root:loss-->19.561930
INFO:root:loss-->21.869162
INFO:root:loss-->23.721451
INFO:root:loss-->26.250824
INFO:root:loss-->30.731735
INFO:root:loss-->47.637035
INFO:root:loss-->37.533760
INFO:root:loss-->58.480816
INFO:root:loss-->60.205303
INFO:root:loss-->63.091164
INFO:root:loss-->31.387863
INFO:root:loss-->32.876717
INFO:root:loss-->20.800940
INFO:root:loss-->24.719534
INFO:root:loss-->50.887768
INFO:root:loss-->38.921772
INFO:root:loss-->49.521420
INFO:root:loss-->45.785259
INFO:root:loss-->34.168575
INFO:root:loss-->31.427427
INFO:root:loss-->33.987514
INFO:root:loss-->33.799706
INFO:root:loss-->35.564789
INFO:root:loss-->36.746532
INFO:root:loss-->33.106621
INFO:root:loss-->26.050514
INFO:root:loss-->27.975525
INFO:root:loss-->46.993492
INFO:root:loss-->27.704672
INFO:root:loss-->26.364058
INFO:root:loss-->31.259418
INFO:root:loss-->50.408203
INFO:root:loss-->45.871078
INFO:root:loss-->90.769379
INFO:root:loss-->26.191483
INFO:root:loss-->35.976265
INFO:root:loss-->37.174507
INFO:root:loss-->24.064423
INFO:root:loss-->35.243710
INFO:root:loss-->303.858093
INFO:root:loss-->38.835915
INFO:root:loss-->64.456268
INFO:root:loss-->66.502243
INFO:root:loss-->45.979607
INFO:root:loss-->142.965179
INFO:root:loss-->48.526909
INFO:root:loss-->78.575035
INFO:root:loss-->60.813820
INFO:root:loss-->59.541245
INFO:root:loss-->49.150162
INFO:root:loss-->37.786060
INFO:root:loss-->71.161469
INFO:root:loss-->59.387688
INFO:root:loss-->46.249664
INFO:root:loss-->79.496582
INFO:root:loss-->42.761169
INFO:root:loss-->61.602943
INFO:root:loss-->23.113195
INFO:root:loss-->32.296516
INFO:root:loss-->37.618130
INFO:root:loss-->35.143974
INFO:root:loss-->48.005730
INFO:root:loss-->27.897526
INFO:root:loss-->19.696636
INFO:root:loss-->102.906769
INFO:root:loss-->27.339554
INFO:root:loss-->32.347275
INFO:root:loss-->48.801510
INFO:root:loss-->37.886230
INFO:root:loss-->25.908216
INFO:root:loss-->44.460503
INFO:root:loss-->27.887905
INFO:root:loss-->25.953596
INFO:root:loss-->32.961407
INFO:root:loss-->31.142742
INFO:root:loss-->30.826065
INFO:root:loss-->75.523094
INFO:root:loss-->22.955566
INFO:root:loss-->30.949566
INFO:root:loss-->48.781765
INFO:root:loss-->37.964188
INFO:root:loss-->27.592106
INFO:root:loss-->23.839705
INFO:root:loss-->22.008335
INFO:root:loss-->32.722790
INFO:root:loss-->50.226913
INFO:root:loss-->36.483543
INFO:root:loss-->41.616943
INFO:root:loss-->68.028320
INFO:root:loss-->57.351379
INFO:root:loss-->34.889751
INFO:root:loss-->30.042004
INFO:root:loss-->31.149887
INFO:root:loss-->14.615935
INFO:root:loss-->18.121525
INFO:root:loss-->29.623487
INFO:root:loss-->15.176425
INFO:root:loss-->52.486298
INFO:root:loss-->38.254166
INFO:root:loss-->23.969223
INFO:root:loss-->29.751095
INFO:root:loss-->13.736869
INFO:root:loss-->18.709435
INFO:root:loss-->53.880535
INFO:root:loss-->36.305328
INFO:root:loss-->27.388016
INFO:root:loss-->18.411291
INFO:root:loss-->41.496712
INFO:root:loss-->36.255184
INFO:root:loss-->41.479397
INFO:root:loss-->32.384293
INFO:root:loss-->23.972527
INFO:root:loss-->21.063461
INFO:root:loss-->36.021576
INFO:root:loss-->26.926941
INFO:root:loss-->31.047989
INFO:root:loss-->15.327881
INFO:root:loss-->34.880978
INFO:root:loss-->31.017101
INFO:root:loss-->28.741638
INFO:root:loss-->26.722824
INFO:root:loss-->20.248512
INFO:root:loss-->37.032806
INFO:root:loss-->47.116497
INFO:root:loss-->36.686050
INFO:root:loss-->34.575409
INFO:root:loss-->29.153952
INFO:root:loss-->16.188021
INFO:root:loss-->17.619068
INFO:root:loss-->16.344242
INFO:root:loss-->20.358309
INFO:root:loss-->33.273758
INFO:root:loss-->14.749464
INFO:root:loss-->32.807220
INFO:root:loss-->16.045549
INFO:root:loss-->41.678570
INFO:root:loss-->12.500002
INFO:root:loss-->18.181261
INFO:root:loss-->21.074520
INFO:root:loss-->13.148584
INFO:root:loss-->19.081989
INFO:root:loss-->35.840759
INFO:root:loss-->24.381254
INFO:root:loss-->22.970505
INFO:root:loss-->43.243156
INFO:root:loss-->20.991890
INFO:root:loss-->24.229637
INFO:root:loss-->30.629726
INFO:root:loss-->31.797832
INFO:root:loss-->16.962299
INFO:root:loss-->24.533318
INFO:root:loss-->26.305984
INFO:root:loss-->21.804121
INFO:root:loss-->55.735458
INFO:root:loss-->23.761368
INFO:root:loss-->21.965118
INFO:root:loss-->23.161703
INFO:root:loss-->26.978016
INFO:root:loss-->20.364288
INFO:root:loss-->27.477707
INFO:root:loss-->35.078022
INFO:root:loss-->25.730810
INFO:root:loss-->21.383322
INFO:root:loss-->26.270565
INFO:root:loss-->49.210369
INFO:root:loss-->28.772787
INFO:root:loss-->19.157530
INFO:root:loss-->17.824430
INFO:root:loss-->69.423874
INFO:root:loss-->52.285870
INFO:root:loss-->42.740257
INFO:root:loss-->24.936974
INFO:root:loss-->14.931192
INFO:root:loss-->12.928274
INFO:root:loss-->39.952293
INFO:root:loss-->43.965557
INFO:root:loss-->28.770569
INFO:root:loss-->38.264664
INFO:root:loss-->20.510153
INFO:root:loss-->22.367096
INFO:root:loss-->25.235275
INFO:root:loss-->14.962820
INFO:root:loss-->25.764053
INFO:root:loss-->22.506393
INFO:root:loss-->18.023983
INFO:root:loss-->22.504608
INFO:root:loss-->17.198158
INFO:root:loss-->28.656204
INFO:root:loss-->27.035995
INFO:root:loss-->24.906750
INFO:root:loss-->26.501888
INFO:root:loss-->14.326292
INFO:root:loss-->15.008995
INFO:root:loss-->30.349035
INFO:root:loss-->43.935928
INFO:root:loss-->40.262764
INFO:root:loss-->34.777428
INFO:root:loss-->18.281292
INFO:root:loss-->24.373098
INFO:root:loss-->19.916962
INFO:root:loss-->14.530005
INFO:root:loss-->12.100065
INFO:root:loss-->59.476025
INFO:root:loss-->22.265310
INFO:root:loss-->31.421844
INFO:root:loss-->19.404720
INFO:root:loss-->33.004593
INFO:root:loss-->17.633337
INFO:root:loss-->27.960043
INFO:root:loss-->23.607452
INFO:root:loss-->27.544312
INFO:root:loss-->36.271118
INFO:root:loss-->22.512152
INFO:root:loss-->19.449310
INFO:root:loss-->17.126875
INFO:root:loss-->26.256100
INFO:root:loss-->19.569351
INFO:root:loss-->28.581120
INFO:root:loss-->28.542263
INFO:root:loss-->22.108908
INFO:root:loss-->18.479685
INFO:root:loss-->15.035384
INFO:root:loss-->19.906872
INFO:root:loss-->27.240746
INFO:root:loss-->14.427069
INFO:root:loss-->33.080585
INFO:root:loss-->23.308430
INFO:root:loss-->115.628540
INFO:root:loss-->26.422237
INFO:root:loss-->20.658405
INFO:root:loss-->30.159546
INFO:root:loss-->19.322468
INFO:root:loss-->21.294580
INFO:root:loss-->18.006386
INFO:root:loss-->33.842335
INFO:root:loss-->24.628441
INFO:root:loss-->26.545731
INFO:root:loss-->16.962132
INFO:root:loss-->24.273764
INFO:root:loss-->13.980182
INFO:root:loss-->14.709389
INFO:root:loss-->20.727098
INFO:root:loss-->36.152412
INFO:root:loss-->24.018253
INFO:root:loss-->18.361973
INFO:root:loss-->27.621161
INFO:root:loss-->17.469069
INFO:root:loss-->24.149658
INFO:root:loss-->19.706604
INFO:root:loss-->23.784498
INFO:root:loss-->15.980281
INFO:root:loss-->16.278774
INFO:root:loss-->14.848608
INFO:root:loss-->31.645910
INFO:root:loss-->41.866253
INFO:root:loss-->44.827450
INFO:root:loss-->34.348454
INFO:root:loss-->22.402960
INFO:root:loss-->17.406553
INFO:root:loss-->22.421223
INFO:root:loss-->24.755873
INFO:root:loss-->17.641207
INFO:root:loss-->24.894293
INFO:root:loss-->31.715132
INFO:root:loss-->14.740715
INFO:root:loss-->67.774040
INFO:root:loss-->29.046270
INFO:root:loss-->27.266777
INFO:root:loss-->34.307659
INFO:root:loss-->19.407299
INFO:root:loss-->17.318325
INFO:root:loss-->25.272261
INFO:root:loss-->26.728275
INFO:root:loss-->40.199814
INFO:root:loss-->26.516264
INFO:root:loss-->20.594175
INFO:root:loss-->30.850393
INFO:root:loss-->26.692556
INFO:root:loss-->28.767010
INFO:root:loss-->38.414608
INFO:root:loss-->29.839956
INFO:root:loss-->18.160341
INFO:root:loss-->23.504501
INFO:root:loss-->34.779728
INFO:root:loss-->34.401825
INFO:root:loss-->29.361275
INFO:root:loss-->38.079288
INFO:root:loss-->10.503515
INFO:root:loss-->39.960693
INFO:root:loss-->24.043179
INFO:root:loss-->27.373060
INFO:root:loss-->17.181759
INFO:root:loss-->13.071653
INFO:root:loss-->7.796686
INFO:root:loss-->11.147591
INFO:root:loss-->16.306267
INFO:root:loss-->22.298107
INFO:root:loss-->16.837585
INFO:root:loss-->19.785213
INFO:root:loss-->15.233455
INFO:root:loss-->22.178749
INFO:root:loss-->30.168447
INFO:root:loss-->21.130430
INFO:root:loss-->29.329895
INFO:root:loss-->30.870937
INFO:root:loss-->26.599777
INFO:root:loss-->27.642584
INFO:root:loss-->30.263107
INFO:root:loss-->17.862040
INFO:root:loss-->16.534729
INFO:root:loss-->12.863884
INFO:root:loss-->17.861755
INFO:root:loss-->21.727804
INFO:root:loss-->26.698683
INFO:root:loss-->28.772232
INFO:root:loss-->21.985296
INFO:root:loss-->14.833693
INFO:root:loss-->14.799850
INFO:root:loss-->30.323807
INFO:root:loss-->10.812016
INFO:root:loss-->21.586750
INFO:root:loss-->16.213501
INFO:root:loss-->15.128989
INFO:root:loss-->18.701736
INFO:root:loss-->12.469971
INFO:root:loss-->10.749809
INFO:root:loss-->17.315777
INFO:root:loss-->20.535488
INFO:root:loss-->12.238585
INFO:root:loss-->20.931038
INFO:root:loss-->17.346153
INFO:root:loss-->21.554024
INFO:root:loss-->17.871778
INFO:root:loss-->18.511440
INFO:root:loss-->19.142500
INFO:root:loss-->17.351849
INFO:root:loss-->19.135906
INFO:root:loss-->18.826612
INFO:root:loss-->22.760443
INFO:root:loss-->30.750713
INFO:root:loss-->16.396614
INFO:root:loss-->33.660988
INFO:root:loss-->66.061646
INFO:root:loss-->29.270224
INFO:root:loss-->42.657700
INFO:root:loss-->25.942251
INFO:root:loss-->20.922913
INFO:root:loss-->23.706137
INFO:root:loss-->32.505638
INFO:root:loss-->26.139158
INFO:root:loss-->19.796221
INFO:root:loss-->11.151495
INFO:root:loss-->17.440453
INFO:root:loss-->20.095337
INFO:root:loss-->13.939444
INFO:root:loss-->18.938038
INFO:root:loss-->25.836514
INFO:root:loss-->21.364857
INFO:root:loss-->17.917589
INFO:root:loss-->20.936821
INFO:root:loss-->23.562809
INFO:root:loss-->32.064922
INFO:root:loss-->22.176710
INFO:root:loss-->32.983807
INFO:root:loss-->26.424679
INFO:root:loss-->22.482916
INFO:root:loss-->29.878973
INFO:root:loss-->16.042797
INFO:root:loss-->24.179937
INFO:root:loss-->27.800308
INFO:root:loss-->27.535461
INFO:root:loss-->20.810825
INFO:root:loss-->24.765854
INFO:root:loss-->26.572937
INFO:root:loss-->20.022375
INFO:root:loss-->15.095860
INFO:root:loss-->20.749449
INFO:root:loss-->38.733101
INFO:root:loss-->25.983063
INFO:root:loss-->19.082478
INFO:root:loss-->19.936653
INFO:root:loss-->24.824978
INFO:root:loss-->13.988718
INFO:root:loss-->29.773207
INFO:root:loss-->19.587055
INFO:root:loss-->21.699341
INFO:root:loss-->17.474377
INFO:root:loss-->53.026390
INFO:root:loss-->13.409012
INFO:root:loss-->11.728420
INFO:root:loss-->21.079081
INFO:root:loss-->8.087395
INFO:root:loss-->12.849333
INFO:root:loss-->13.711777
INFO:root:loss-->34.543934
INFO:root:loss-->18.439907
INFO:root:loss-->20.970907
INFO:root:loss-->8.711411
INFO:root:loss-->19.291561
INFO:root:loss-->22.687733
INFO:root:loss-->17.497124
INFO:root:loss-->6.074623
INFO:root:loss-->15.653641
INFO:root:loss-->18.470203
INFO:root:loss-->19.852890
INFO:root:loss-->14.507635
INFO:root:loss-->12.324673
INFO:root:loss-->27.833763
INFO:root:loss-->25.033916
INFO:root:loss-->20.187092
INFO:root:loss-->29.320837
INFO:root:loss-->27.235128
INFO:root:loss-->14.861305
INFO:root:loss-->35.228287
INFO:root:loss-->25.724556
INFO:root:loss-->18.319664
INFO:root:loss-->13.191223
INFO:root:loss-->13.064589
INFO:root:loss-->15.397894
INFO:root:loss-->15.556023
INFO:root:loss-->12.412615
INFO:root:loss-->15.580580
INFO:root:loss-->16.341108
INFO:root:loss-->21.251793
INFO:root:loss-->14.805914
INFO:root:loss-->12.601543
INFO:root:loss-->15.229457
INFO:root:loss-->29.853336
INFO:root:loss-->12.151904
INFO:root:loss-->18.458206
INFO:root:loss-->13.681570
INFO:root:loss-->16.711487
INFO:root:loss-->13.398186
INFO:root:loss-->20.713390
INFO:root:loss-->23.388153
INFO:root:loss-->36.771782
INFO:root:loss-->10.988041
INFO:root:loss-->18.710140
INFO:root:loss-->19.523479
INFO:root:loss-->31.942312
INFO:root:loss-->17.656517
INFO:root:loss-->18.978962
INFO:root:loss-->17.378092
INFO:root:loss-->15.022449
INFO:root:loss-->47.542873
INFO:root:loss-->13.589804
INFO:root:loss-->26.511703
INFO:root:loss-->19.673294
INFO:root:loss-->19.289978
INFO:root:loss-->17.675550
INFO:root:loss-->11.690746
INFO:root:loss-->10.768397
INFO:root:loss-->13.945872
INFO:root:loss-->19.411072
INFO:root:loss-->16.050653
INFO:root:loss-->22.008389
INFO:root:loss-->10.614786
INFO:root:loss-->15.185997
INFO:root:loss-->12.514584
INFO:root:loss-->23.530327
INFO:root:loss-->22.875229
INFO:root:loss-->28.704977
INFO:root:loss-->25.584160
INFO:root:loss-->25.195187
INFO:root:loss-->17.808592
INFO:root:loss-->24.260101
INFO:root:loss-->27.339705
INFO:root:loss-->16.196888
INFO:root:loss-->29.971691
INFO:root:loss-->18.858629
INFO:root:loss-->16.692602
INFO:root:loss-->15.515272
INFO:root:loss-->18.472389
INFO:root:loss-->13.210727
INFO:root:loss-->23.804853
INFO:root:loss-->21.679815
INFO:root:loss-->20.601948
INFO:root:loss-->19.760193
INFO:root:loss-->13.942554
INFO:root:loss-->10.392872
INFO:root:loss-->24.024517
INFO:root:loss-->16.777157
INFO:root:loss-->18.696585
INFO:root:loss-->12.064907
INFO:root:loss-->14.740100
INFO:root:loss-->13.577574
INFO:root:loss-->11.627953
INFO:root:loss-->13.439547
INFO:root:loss-->30.025549
INFO:root:loss-->18.064289
INFO:root:loss-->17.279745
INFO:root:loss-->13.408642
INFO:root:loss-->44.724091
INFO:root:loss-->14.949401
INFO:root:loss-->19.109756
INFO:root:loss-->10.289398
INFO:root:loss-->23.793005
INFO:root:loss-->6.252916
INFO:root:loss-->18.403500
INFO:root:loss-->11.198690
INFO:root:loss-->15.119487
INFO:root:loss-->20.700523
INFO:root:loss-->15.177197
INFO:root:loss-->24.413864
INFO:root:loss-->16.726349
INFO:root:loss-->18.164707
INFO:root:loss-->23.228760
INFO:root:loss-->20.344093
INFO:root:loss-->25.028097
INFO:root:loss-->21.903858
INFO:root:loss-->20.538786
INFO:root:loss-->22.684307
INFO:root:loss-->23.702927
INFO:root:loss-->33.517254
INFO:root:loss-->18.439234
INFO:root:loss-->10.566315
INFO:root:loss-->20.004101
INFO:root:loss-->15.198241
INFO:root:loss-->26.945766
INFO:root:loss-->56.621181
INFO:root:loss-->31.073223
INFO:root:loss-->16.267569
INFO:root:loss-->25.461182
INFO:root:loss-->14.318876
INFO:root:loss-->16.574520
INFO:root:loss-->18.111919
INFO:root:loss-->20.871914
INFO:root:loss-->14.809938
INFO:root:loss-->11.889858
INFO:root:loss-->12.942981
INFO:root:loss-->17.488991
INFO:root:loss-->18.880863
INFO:root:loss-->38.881187
INFO:root:loss-->20.648373
INFO:root:loss-->13.723989
INFO:root:loss-->25.333096
INFO:root:loss-->18.641184
INFO:root:loss-->25.288876
INFO:root:loss-->14.688179
INFO:root:loss-->27.179937
INFO:root:loss-->34.806320
INFO:root:loss-->27.014843
INFO:root:loss-->19.028324
INFO:root:loss-->34.640518
INFO:root:loss-->16.361851
INFO:root:loss-->20.597569
INFO:root:loss-->12.517241
INFO:root:loss-->21.129614
INFO:root:loss-->19.913099
INFO:root:loss-->24.206808
INFO:root:loss-->20.140848
INFO:root:loss-->15.325615
INFO:root:loss-->15.790622
INFO:root:loss-->21.327477
INFO:root:loss-->13.377123
INFO:root:loss-->8.653775
INFO:root:loss-->14.402199
INFO:root:loss-->19.251951
INFO:root:loss-->21.675491
INFO:root:loss-->19.025940
INFO:root:loss-->18.419598
INFO:root:loss-->16.155018
INFO:root:loss-->25.388433
INFO:root:loss-->18.781250
INFO:root:loss-->21.915524
INFO:root:loss-->12.969980
INFO:root:loss-->16.228279
INFO:root:loss-->18.956879
INFO:root:loss-->19.854765
INFO:root:loss-->15.773153
INFO:root:loss-->11.331926
INFO:root:loss-->17.879345
INFO:root:loss-->15.605709
INFO:root:loss-->28.460155
INFO:root:loss-->15.036219
INFO:root:loss-->39.074684
INFO:root:loss-->17.634537
INFO:root:loss-->19.716473
INFO:root:loss-->23.998228
INFO:root:loss-->26.291931
INFO:root:loss-->17.691814
INFO:root:loss-->29.145889
INFO:root:loss-->14.911652
INFO:root:loss-->16.988815
INFO:root:loss-->15.832149
INFO:root:loss-->18.304047
INFO:root:loss-->10.289926
INFO:root:loss-->31.220364
INFO:root:loss-->10.552596
INFO:root:loss-->14.919352
INFO:root:loss-->18.166479
INFO:root:loss-->16.519627
INFO:root:loss-->24.986103
INFO:root:loss-->11.773474
INFO:root:loss-->24.569321
INFO:root:loss-->30.964628
INFO:root:loss-->23.268469
INFO:root:loss-->18.550589
INFO:root:loss-->19.254084
INFO:root:loss-->10.734451
INFO:root:loss-->19.699137
INFO:root:loss-->20.969841
INFO:root:loss-->23.132368
INFO:root:loss-->24.157553
INFO:root:loss-->19.403473
INFO:root:loss-->50.418194
INFO:root:loss-->13.612399
INFO:root:loss-->16.307354
INFO:root:loss-->17.703205
INFO:root:loss-->14.927919
INFO:root:loss-->19.314095
INFO:root:loss-->11.473879
INFO:root:loss-->23.200308
INFO:root:loss-->18.113770
INFO:root:loss-->24.760826
INFO:root:loss-->15.828361
INFO:root:loss-->18.418398
INFO:root:loss-->29.238266
INFO:root:loss-->28.270803
INFO:root:loss-->42.179852
INFO:root:loss-->28.778418
INFO:root:loss-->20.218739
INFO:root:loss-->17.844030
INFO:root:loss-->21.165119
INFO:root:loss-->22.317398
INFO:root:loss-->20.139471
INFO:root:loss-->14.034640
INFO:root:loss-->6.708318
INFO:root:loss-->16.631023
INFO:root:loss-->20.355000
INFO:root:loss-->26.139572
INFO:root:loss-->31.930187
INFO:root:loss-->27.104994
INFO:root:loss-->15.107227
INFO:root:loss-->13.142250
INFO:root:loss-->20.751167
INFO:root:loss-->27.531902
INFO:root:loss-->15.021762
INFO:root:loss-->14.223526
INFO:root:loss-->24.169594
INFO:root:loss-->13.522652
INFO:root:loss-->29.442852
INFO:root:loss-->18.101049
INFO:root:loss-->11.934904
INFO:root:loss-->28.251747
INFO:root:loss-->14.625923
INFO:root:loss-->18.063282
INFO:root:loss-->15.388725
INFO:root:loss-->11.446953
INFO:root:loss-->13.337706
INFO:root:loss-->16.398970
INFO:root:loss-->16.910915
INFO:root:loss-->12.874212
INFO:root:loss-->12.070711
INFO:root:loss-->13.658409
INFO:root:loss-->10.888766
INFO:root:loss-->8.358471
INFO:root:loss-->10.619613
INFO:root:loss-->11.511101
INFO:root:loss-->15.518513
INFO:root:loss-->12.134746
INFO:root:loss-->21.818047
INFO:root:loss-->14.843585
INFO:root:loss-->7.542068
INFO:root:loss-->8.255730
INFO:root:loss-->17.639061
INFO:root:loss-->15.571521
INFO:root:loss-->29.192181
INFO:root:loss-->13.324308
INFO:root:loss-->14.630651
INFO:root:loss-->21.124243
INFO:root:loss-->16.459789
INFO:root:loss-->16.963991
INFO:root:loss-->8.808327
INFO:root:loss-->83.731888
INFO:root:loss-->25.090551
INFO:root:loss-->18.850212
INFO:root:loss-->15.431781
INFO:root:loss-->12.615687
INFO:root:loss-->22.718353
INFO:root:loss-->21.894821
INFO:root:loss-->12.336271
INFO:root:loss-->12.878906
INFO:root:loss-->14.281904
INFO:root:loss-->21.383627
INFO:root:loss-->17.638092
INFO:root:loss-->4.513058
INFO:root:loss-->17.459793
INFO:root:loss-->10.322684
INFO:root:loss-->14.638751
INFO:root:loss-->52.888237
INFO:root:loss-->24.154110
INFO:root:loss-->71.572983
INFO:root:loss-->27.016144
INFO:root:loss-->16.925392
INFO:root:loss-->18.630270
INFO:root:loss-->10.154911
INFO:root:loss-->19.775127
INFO:root:loss-->36.340302
INFO:root:loss-->25.343435
INFO:root:loss-->18.308903
INFO:root:loss-->17.290998
INFO:root:loss-->22.720272
INFO:root:loss-->13.854796
INFO:root:loss-->15.401626
INFO:root:loss-->15.706687
INFO:root:loss-->23.238930
INFO:root:loss-->20.371021
INFO:root:loss-->15.916496
INFO:root:loss-->30.006546
INFO:root:loss-->13.118477
INFO:root:loss-->31.270687
INFO:root:loss-->14.762919
INFO:root:loss-->19.967106
INFO:root:loss-->10.592449
INFO:root:loss-->20.899426
INFO:root:loss-->29.672333
INFO:root:loss-->18.539436
INFO:root:loss-->19.726448
INFO:root:loss-->15.874857
INFO:root:loss-->12.097629
INFO:root:loss-->14.228563
INFO:root:loss-->27.775396
INFO:root:loss-->17.725468
INFO:root:loss-->8.774967
INFO:root:loss-->14.598922
INFO:root:loss-->15.608522
INFO:root:loss-->18.735760
INFO:root:loss-->13.204208
INFO:root:loss-->8.015942
INFO:root:loss-->13.012671
INFO:root:loss-->11.506232
INFO:root:loss-->10.758556
INFO:root:loss-->14.044836
INFO:root:loss-->13.644847
INFO:root:loss-->15.740646
INFO:root:loss-->9.036460
INFO:root:loss-->23.157385
INFO:root:loss-->11.316940
INFO:root:loss-->18.749128
INFO:root:loss-->9.579122
INFO:root:loss-->11.040622
INFO:root:loss-->12.393073
INFO:root:loss-->7.222849
INFO:root:loss-->16.763187
INFO:root:loss-->14.369349
INFO:root:loss-->12.903862
INFO:root:loss-->14.253942
INFO:root:loss-->12.825752
INFO:root:loss-->13.366970
INFO:root:loss-->36.292862
INFO:root:loss-->15.831161
INFO:root:loss-->11.047327
INFO:root:loss-->9.643878
INFO:root:loss-->22.030521
INFO:root:loss-->13.530441
INFO:root:loss-->16.077221
INFO:root:loss-->19.219233
INFO:root:loss-->34.255276
INFO:root:loss-->15.506941
INFO:root:loss-->14.553101
INFO:root:loss-->21.291580
INFO:root:loss-->13.047865
INFO:root:loss-->22.987356
INFO:root:loss-->16.341160
INFO:root:loss-->23.304123
INFO:root:loss-->11.355105
INFO:root:loss-->8.810569
INFO:root:loss-->9.966388
INFO:root:loss-->16.881989
INFO:root:loss-->22.101559
INFO:root:loss-->16.155670
INFO:root:loss-->18.481337
INFO:root:loss-->11.260935
INFO:root:loss-->13.790081
INFO:root:loss-->22.383846
INFO:root:loss-->23.955374
INFO:root:loss-->33.987804
INFO:root:loss-->17.617863
INFO:root:loss-->12.568985
INFO:root:loss-->19.896549
INFO:root:loss-->12.055107
INFO:root:loss-->16.125603
INFO:root:loss-->15.976268
INFO:root:loss-->16.956833
INFO:root:loss-->14.511848
INFO:root:loss-->14.616699
INFO:root:loss-->35.302074
INFO:root:loss-->17.296438
INFO:root:loss-->17.975029
INFO:root:loss-->13.281338
INFO:root:loss-->18.337585
INFO:root:loss-->18.710205
INFO:root:loss-->15.043137
INFO:root:loss-->15.643939
INFO:root:loss-->20.843227
INFO:root:loss-->30.779135
INFO:root:loss-->21.540966
INFO:root:loss-->26.862020
INFO:root:loss-->19.447369
INFO:root:loss-->5.831728
INFO:root:loss-->26.730612
INFO:root:loss-->37.774448
INFO:root:loss-->24.824234
INFO:root:loss-->21.528440
INFO:root:loss-->9.196095
INFO:root:loss-->13.795138
INFO:root:loss-->19.191473
INFO:root:loss-->34.916546
INFO:root:loss-->24.243301
INFO:root:loss-->28.938049
INFO:root:loss-->19.523155
INFO:root:loss-->10.578622
INFO:root:loss-->27.495220
INFO:root:loss-->16.368673
INFO:root:loss-->20.535797
INFO:root:loss-->20.922352
INFO:root:loss-->19.362041
INFO:root:loss-->22.738491
INFO:root:loss-->20.675472
INFO:root:loss-->31.022449
INFO:root:loss-->24.906506
INFO:root:loss-->25.153097
INFO:root:loss-->31.168539
INFO:root:loss-->18.407089
INFO:root:loss-->29.731106
INFO:root:loss-->15.659109
INFO:root:loss-->15.869001
INFO:root:loss-->20.254009
INFO:root:loss-->12.736346
INFO:root:loss-->8.168747
INFO:root:loss-->22.007248
INFO:root:loss-->40.019588
INFO:root:loss-->22.632809
INFO:root:loss-->24.280323
INFO:root:loss-->25.480949
INFO:root:loss-->23.265249
INFO:root:loss-->16.519209
INFO:root:loss-->15.572323
INFO:root:loss-->24.470852
INFO:root:loss-->16.078497
INFO:root:loss-->15.177345
INFO:root:loss-->15.534514
INFO:root:loss-->33.652748
INFO:root:loss-->22.767990
INFO:root:loss-->14.704214
INFO:root:loss-->49.233009
INFO:root:loss-->27.249273
INFO:root:loss-->18.567501
INFO:root:loss-->23.050055
INFO:root:loss-->8.142450
INFO:root:loss-->23.897148
INFO:root:loss-->10.466877
INFO:root:loss-->18.433262
INFO:root:loss-->13.385825
INFO:root:loss-->11.454763
INFO:root:loss-->13.884720
INFO:root:loss-->5.471835
INFO:root:loss-->13.070505
INFO:root:loss-->12.436132
INFO:root:loss-->15.155764
INFO:root:loss-->9.059134
INFO:root:loss-->16.976267
INFO:root:loss-->10.038748
INFO:root:loss-->9.600222
INFO:root:loss-->17.480330
INFO:root:loss-->18.023207
INFO:root:loss-->9.395974
INFO:root:loss-->29.053299
INFO:root:loss-->12.121966
INFO:root:loss-->16.103043
INFO:root:loss-->14.096541
INFO:root:loss-->14.815310
INFO:root:loss-->14.328375
INFO:root:loss-->11.665370
INFO:root:loss-->11.585503
INFO:root:loss-->14.615080
INFO:root:loss-->16.130486
INFO:root:loss-->12.020670
INFO:root:loss-->14.869938
INFO:root:loss-->19.206549
INFO:root:loss-->19.148376
INFO:root:loss-->22.325127
INFO:root:loss-->27.096519
INFO:root:loss-->10.669317
INFO:root:loss-->17.060568
INFO:root:loss-->14.250667
INFO:root:loss-->18.394632
INFO:root:loss-->28.849377
INFO:root:loss-->12.676246
INFO:root:loss-->37.554409
INFO:root:loss-->11.547371
INFO:root:loss-->15.929057
INFO:root:loss-->44.971905
INFO:root:loss-->17.289379
INFO:root:loss-->14.063674
INFO:root:loss-->10.434402
INFO:root:loss-->11.392605
INFO:root:loss-->16.718254
INFO:root:loss-->28.892370
INFO:root:loss-->9.644861
INFO:root:loss-->9.233123
INFO:root:loss-->14.175531
INFO:root:loss-->15.356871
INFO:root:loss-->18.367212
INFO:root:loss-->12.198713
INFO:root:loss-->11.109493
INFO:root:loss-->14.303841
INFO:root:loss-->24.109550
INFO:root:loss-->19.944139
INFO:root:loss-->10.128330
INFO:root:loss-->14.681540
INFO:root:loss-->20.677921
INFO:root:loss-->25.630646
INFO:root:loss-->6.134701
INFO:root:loss-->12.855497
INFO:root:loss-->12.863464
INFO:root:loss-->13.810850
INFO:root:loss-->14.731272
INFO:root:loss-->33.889961
INFO:root:loss-->14.924785
INFO:root:loss-->16.035603
INFO:root:loss-->11.677221
INFO:root:loss-->16.847294
INFO:root:loss-->18.614506
INFO:root:loss-->12.226913
INFO:root:loss-->15.864284
INFO:root:loss-->17.083656
INFO:root:loss-->19.636644
INFO:root:loss-->15.876831
INFO:root:loss-->16.107338
INFO:root:loss-->10.004933
INFO:root:loss-->44.020325
INFO:root:loss-->12.330023
INFO:root:loss-->18.347347
INFO:root:loss-->13.386646
INFO:root:loss-->18.252796
INFO:root:loss-->11.831782
INFO:root:loss-->13.553848
INFO:root:loss-->9.427761
INFO:root:loss-->13.315372
INFO:root:loss-->9.049373
INFO:root:loss-->18.179138
INFO:root:loss-->21.802399
INFO:root:loss-->13.462280
INFO:root:loss-->13.703108
INFO:root:loss-->13.874691
INFO:root:loss-->13.462066
INFO:root:loss-->19.489386
INFO:root:loss-->15.001053
INFO:root:loss-->6.429922
INFO:root:loss-->21.389044
INFO:root:loss-->13.352665
INFO:root:loss-->11.987007
INFO:root:loss-->12.422542
INFO:root:loss-->12.348559
INFO:root:loss-->8.767405
INFO:root:loss-->24.136021
INFO:root:loss-->7.821701
INFO:root:loss-->21.168961
INFO:root:loss-->25.783422
INFO:root:loss-->14.294147
INFO:root:loss-->16.445923
INFO:root:loss-->16.942387
INFO:root:loss-->17.292019
INFO:root:loss-->9.095800
INFO:root:loss-->19.987947
INFO:root:loss-->16.199100
INFO:root:loss-->10.883082
INFO:root:loss-->12.658777
INFO:root:loss-->22.657330
INFO:root:loss-->5.290683
INFO:root:loss-->25.619955
INFO:root:loss-->15.789173
INFO:root:loss-->17.300159
INFO:root:loss-->15.062897
INFO:root:loss-->15.997763
INFO:root:loss-->11.513477
INFO:root:loss-->12.558508
INFO:root:loss-->16.188957
INFO:root:loss-->25.229797
INFO:root:loss-->18.793577
INFO:root:loss-->20.041393
INFO:root:loss-->23.751389
INFO:root:loss-->23.322926
INFO:root:loss-->21.216181
INFO:root:loss-->19.185299
INFO:root:loss-->10.727310
INFO:root:loss-->16.779009
INFO:root:loss-->13.130008
INFO:root:loss-->9.894101
INFO:root:loss-->9.176632
INFO:root:loss-->12.541510
INFO:root:loss-->21.826614
INFO:root:loss-->15.395503
INFO:root:loss-->20.513973
INFO:root:loss-->11.241856
INFO:root:loss-->10.670372
INFO:root:loss-->10.725444
INFO:root:loss-->8.516836
INFO:root:loss-->19.173386
INFO:root:loss-->14.031570
INFO:root:loss-->9.846522
INFO:root:loss-->14.363939
INFO:root:loss-->8.984463
INFO:root:loss-->23.543028
INFO:root:loss-->9.247351
INFO:root:loss-->12.349498
INFO:root:loss-->19.718410
INFO:root:loss-->34.618710
INFO:root:loss-->19.578339
INFO:root:loss-->16.432304
INFO:root:loss-->17.006613
INFO:root:loss-->32.024422
INFO:root:loss-->25.640524
INFO:root:loss-->14.645319
INFO:root:loss-->17.118031
INFO:root:loss-->16.695494
INFO:root:loss-->12.637413
INFO:root:loss-->10.606015
INFO:root:loss-->14.705344
INFO:root:loss-->16.121532
INFO:root:loss-->13.163429
INFO:root:loss-->13.199085
INFO:root:loss-->21.405273
INFO:root:loss-->9.399000
INFO:root:loss-->13.571630
INFO:root:loss-->17.837561
INFO:root:loss-->5.462099
INFO:root:loss-->19.381500
INFO:root:loss-->13.511986
INFO:root:loss-->12.354063
INFO:root:loss-->16.752085
INFO:root:loss-->15.357735
INFO:root:loss-->28.156445
INFO:root:loss-->12.678850
INFO:root:loss-->16.241142
INFO:root:loss-->36.880035
INFO:root:loss-->5.683521
INFO:root:loss-->14.759257
INFO:root:loss-->28.461370
INFO:root:loss-->20.156750
INFO:root:loss-->20.939650
INFO:root:loss-->11.219038
INFO:root:loss-->17.388840
INFO:root:loss-->13.589602
INFO:root:loss-->12.077738
INFO:root:loss-->17.446291
INFO:root:loss-->9.957600
INFO:root:loss-->10.595657
INFO:root:loss-->10.506727
INFO:root:loss-->20.806583
INFO:root:loss-->26.078163
INFO:root:loss-->17.139492
INFO:root:loss-->20.802441
INFO:root:loss-->12.464183
INFO:root:loss-->9.215831
INFO:root:loss-->19.156771
INFO:root:loss-->9.913802
INFO:root:loss-->12.039408
INFO:root:loss-->14.556166
INFO:root:loss-->13.273761
INFO:root:loss-->14.105230
INFO:root:loss-->18.734970
INFO:root:loss-->12.047626
INFO:root:loss-->11.379486
INFO:root:loss-->13.722637
INFO:root:loss-->19.590836
INFO:root:loss-->16.142712
INFO:root:loss-->16.410454
INFO:root:loss-->9.986103
INFO:root:loss-->18.642250
INFO:root:loss-->12.636189
INFO:root:loss-->18.720207
INFO:root:loss-->22.628502
INFO:root:loss-->11.464859
INFO:root:loss-->28.792273
INFO:root:loss-->9.486336
INFO:root:loss-->13.610331
INFO:root:loss-->15.271464
INFO:root:loss-->17.730009
INFO:root:loss-->17.539513
INFO:root:loss-->14.509377
INFO:root:loss-->10.018663
INFO:root:loss-->10.425796
INFO:root:loss-->4.982125
INFO:root:loss-->13.116982
INFO:root:loss-->9.276871
INFO:root:loss-->10.956576
INFO:root:loss-->23.355803
INFO:root:loss-->14.864284
INFO:root:loss-->10.531078
INFO:root:loss-->13.276108
INFO:root:loss-->29.171690
INFO:root:loss-->10.941353
INFO:root:loss-->10.483892
INFO:root:loss-->24.545258
INFO:root:loss-->9.387730
INFO:root:loss-->18.964184
INFO:root:loss-->20.663773
INFO:root:loss-->15.852766
INFO:root:loss-->13.727782
INFO:root:loss-->7.881671
INFO:root:loss-->10.934196
INFO:root:loss-->14.557112
INFO:root:loss-->15.897369
INFO:root:loss-->8.030639
INFO:root:loss-->29.190525
INFO:root:loss-->14.176776
INFO:root:loss-->12.705574
INFO:root:loss-->12.313579
INFO:root:loss-->15.829481
INFO:root:loss-->11.195281
INFO:root:loss-->13.605567
INFO:root:loss-->10.726784
INFO:root:loss-->11.520339
INFO:root:loss-->12.463785
INFO:root:loss-->36.242317
INFO:root:loss-->9.957209
INFO:root:loss-->9.504340
INFO:root:loss-->12.957932
INFO:root:loss-->25.304783
INFO:root:loss-->18.596119
INFO:root:loss-->11.555877
INFO:root:loss-->18.221275
INFO:root:loss-->14.446167
INFO:root:loss-->18.669811
INFO:root:loss-->12.110863
INFO:root:loss-->10.914330
INFO:root:loss-->12.861941
INFO:root:loss-->13.203731
INFO:root:loss-->8.631124
INFO:root:loss-->7.125548
INFO:root:loss-->11.130103
INFO:root:loss-->12.573095
INFO:root:loss-->16.091848
INFO:root:loss-->16.914433
INFO:root:loss-->18.465179
INFO:root:loss-->12.366859
INFO:root:loss-->7.307363
INFO:root:loss-->8.610461
INFO:root:loss-->11.189345
INFO:root:loss-->6.038524
INFO:root:loss-->11.471220
INFO:root:loss-->11.302015
INFO:root:loss-->16.722919
INFO:root:loss-->14.646500
INFO:root:loss-->7.894390
INFO:root:loss-->18.283333
INFO:root:loss-->10.525895
INFO:root:loss-->9.235893
INFO:root:loss-->8.313747
INFO:root:loss-->14.134304
INFO:root:loss-->10.280597
INFO:root:loss-->18.452757
INFO:root:loss-->7.060875
INFO:root:loss-->9.723139
INFO:root:loss-->7.960161
INFO:root:loss-->11.039778
INFO:root:loss-->7.003248
INFO:root:loss-->15.836483
INFO:root:loss-->5.787853
INFO:root:loss-->16.038816
INFO:root:loss-->18.345398
INFO:root:loss-->16.241003
INFO:root:loss-->11.231323
INFO:root:loss-->20.005129
INFO:root:loss-->24.912161
INFO:root:loss-->9.388424
INFO:root:loss-->9.541348
INFO:root:loss-->8.424625
INFO:root:loss-->10.336088
INFO:root:loss-->17.603994
INFO:root:loss-->7.486017
INFO:root:loss-->8.655692
INFO:root:loss-->6.382169
INFO:root:loss-->7.684624
INFO:root:loss-->10.093588
INFO:root:loss-->5.525518
INFO:root:loss-->17.588539
INFO:root:loss-->11.138008
INFO:root:loss-->12.648499
INFO:root:loss-->9.107985
INFO:root:loss-->13.899511
INFO:root:loss-->14.979011
INFO:root:loss-->16.092962
INFO:root:loss-->13.227303
INFO:root:loss-->13.303133
INFO:root:loss-->12.555976
INFO:root:loss-->7.391510
INFO:root:loss-->10.489087
INFO:root:loss-->20.730984
INFO:root:loss-->20.556484
INFO:root:loss-->13.963491
INFO:root:loss-->40.274593
INFO:root:loss-->18.111885
INFO:root:loss-->10.913221
INFO:root:loss-->9.945488
INFO:root:loss-->9.905466
INFO:root:loss-->4.699211
INFO:root:loss-->8.978872
INFO:root:loss-->9.548704
INFO:root:loss-->7.585857
INFO:root:loss-->8.582357
INFO:root:loss-->7.119016
INFO:root:loss-->10.057245
INFO:root:loss-->6.391607
INFO:root:loss-->7.479803
INFO:root:loss-->11.883181
INFO:root:loss-->11.135902
INFO:root:loss-->13.963934
INFO:root:loss-->7.703760
INFO:root:loss-->5.869208
INFO:root:loss-->13.282928
INFO:root:loss-->6.322621
INFO:root:loss-->8.780928
INFO:root:loss-->28.734287
INFO:root:loss-->12.536861
INFO:root:loss-->11.892828
INFO:root:loss-->32.288776
INFO:root:loss-->12.924767
INFO:root:loss-->15.643303
INFO:root:loss-->20.998844
INFO:root:loss-->16.455616
INFO:root:loss-->24.383705
INFO:root:loss-->14.840851
INFO:root:loss-->11.845985
INFO:root:loss-->9.413761
INFO:root:loss-->12.536224
INFO:root:loss-->10.894374
INFO:root:loss-->11.229317
INFO:root:loss-->30.351189
INFO:root:loss-->5.420451
INFO:root:loss-->9.877913
INFO:root:loss-->11.845726
INFO:root:loss-->9.383366
INFO:root:loss-->13.244450
INFO:root:loss-->8.214294
INFO:root:loss-->13.658865
INFO:root:loss-->6.745416
INFO:root:loss-->10.943518
INFO:root:loss-->14.441589
INFO:root:loss-->24.527008
INFO:root:loss-->19.601074
INFO:root:loss-->11.902873
INFO:root:loss-->10.213053
INFO:root:loss-->7.032334
INFO:root:loss-->14.736964
INFO:root:loss-->18.029972
INFO:root:loss-->14.348534
INFO:root:loss-->19.029158
INFO:root:loss-->8.488676
INFO:root:loss-->8.374144
INFO:root:loss-->9.243807
INFO:root:loss-->8.550522
INFO:root:loss-->10.418574
INFO:root:loss-->3.056159
INFO:root:loss-->9.767609
INFO:root:loss-->11.789839
INFO:root:loss-->23.050535
INFO:root:loss-->9.123654
INFO:root:loss-->8.890169
INFO:root:loss-->16.078802
INFO:root:loss-->10.633245
INFO:root:loss-->14.247871
INFO:root:loss-->12.175741
INFO:root:loss-->10.660179
INFO:root:loss-->10.813278
INFO:root:loss-->13.760733
INFO:root:loss-->7.570594
INFO:root:loss-->13.898239
INFO:root:loss-->10.405386
INFO:root:loss-->11.555385
INFO:root:loss-->7.818641
INFO:root:loss-->13.262317
INFO:root:loss-->6.702977
INFO:root:loss-->11.748436
INFO:root:loss-->14.787886
INFO:root:loss-->16.188931
INFO:root:loss-->8.943448
INFO:root:loss-->8.294988
INFO:root:loss-->18.188324
INFO:root:loss-->8.064868
INFO:root:loss-->15.256885
INFO:root:loss-->10.013462
INFO:root:loss-->9.314830
INFO:root:loss-->16.199741
INFO:root:loss-->6.469741
INFO:root:loss-->9.468996
INFO:root:loss-->8.000851
INFO:root:loss-->8.517179
INFO:root:loss-->6.417246
INFO:root:loss-->7.710741
INFO:root:loss-->16.114544
INFO:root:loss-->7.593452
INFO:root:loss-->13.046562
INFO:root:loss-->8.887356
INFO:root:loss-->13.488697
INFO:root:loss-->11.314978
INFO:root:loss-->9.929152
INFO:root:loss-->11.201813
INFO:root:loss-->17.984695
INFO:root:loss-->9.319944
INFO:root:loss-->10.733587
INFO:root:loss-->10.963375
INFO:root:loss-->10.947725
INFO:root:loss-->14.175997
INFO:root:loss-->12.710670
INFO:root:loss-->31.278942
INFO:root:loss-->39.535728
INFO:root:loss-->5.202714
INFO:root:loss-->11.625076
INFO:root:loss-->10.923241
INFO:root:loss-->4.827955
INFO:root:loss-->9.410877
INFO:root:loss-->8.516983
INFO:root:loss-->9.226444
INFO:root:loss-->12.361095
INFO:root:loss-->14.504576
INFO:root:loss-->11.655532
INFO:root:loss-->11.180456
INFO:root:loss-->12.778625
INFO:root:loss-->20.231884
INFO:root:loss-->7.138069
INFO:root:loss-->14.733904
INFO:root:loss-->11.500515
INFO:root:loss-->10.076660
INFO:root:loss-->9.783379
INFO:root:loss-->12.921474
INFO:root:loss-->8.758209
INFO:root:loss-->6.870870
INFO:root:loss-->11.216139
INFO:root:loss-->12.566229
INFO:root:loss-->11.902939
INFO:root:loss-->11.360176
INFO:root:loss-->8.912312
INFO:root:loss-->6.638332
INFO:root:loss-->7.956249
INFO:root:loss-->8.947327
INFO:root:loss-->17.033787
INFO:root:loss-->8.187452
INFO:root:loss-->6.092699
INFO:root:loss-->10.667694
INFO:root:loss-->7.173997
INFO:root:loss-->8.235387
INFO:root:loss-->11.460358
INFO:root:loss-->7.133274
INFO:root:loss-->11.769970
INFO:root:loss-->11.627790
INFO:root:loss-->11.572206
INFO:root:loss-->12.536705
INFO:root:loss-->10.313332
INFO:root:loss-->6.367609
INFO:root:loss-->7.450351
INFO:root:loss-->10.861537
INFO:root:loss-->11.137080
INFO:root:loss-->9.035171
INFO:root:loss-->10.701529
INFO:root:loss-->5.873440
INFO:root:loss-->7.679571
INFO:root:loss-->7.475124
INFO:root:loss-->8.186462
INFO:root:loss-->14.161045
INFO:root:loss-->39.633835
INFO:root:loss-->23.118088
INFO:root:loss-->8.302569
INFO:root:loss-->8.438029
INFO:root:loss-->7.604461
INFO:root:loss-->24.705265
INFO:root:loss-->10.513151
INFO:root:loss-->8.317893
INFO:root:loss-->10.914424
INFO:root:loss-->10.171197
INFO:root:loss-->14.392516
INFO:root:loss-->13.102542
INFO:root:loss-->10.436296
INFO:root:loss-->11.759802
INFO:root:loss-->9.040895
INFO:root:loss-->10.199581
INFO:root:loss-->15.698478
INFO:root:loss-->10.541499
INFO:root:loss-->5.532989
INFO:root:loss-->9.894110
INFO:root:loss-->9.106272
INFO:root:loss-->10.856112
INFO:root:loss-->6.495364
INFO:root:loss-->9.580557
INFO:root:loss-->11.596497
INFO:root:loss-->11.823433
INFO:root:loss-->10.303236
INFO:root:loss-->13.679759
INFO:root:loss-->8.329448
INFO:root:loss-->8.428692
INFO:root:loss-->12.130229
INFO:root:loss-->10.294379
INFO:root:loss-->6.825207
INFO:root:loss-->18.342031
INFO:root:loss-->9.058959
INFO:root:loss-->12.306422
INFO:root:loss-->9.827206
INFO:root:loss-->7.831634
INFO:root:loss-->8.010656
INFO:root:loss-->15.954803
INFO:root:loss-->17.621668
INFO:root:loss-->10.817531
INFO:root:loss-->7.697759
INFO:root:loss-->5.159745
INFO:root:loss-->6.919696
INFO:root:loss-->13.427605
INFO:root:loss-->23.212158
INFO:root:loss-->11.430029
INFO:root:loss-->16.774300
INFO:root:loss-->18.002426
INFO:root:loss-->11.002220
INFO:root:loss-->9.827459
INFO:root:loss-->11.966868
INFO:root:loss-->6.977696
INFO:root:loss-->16.170502
INFO:root:loss-->7.592813
INFO:root:loss-->12.483053
INFO:root:loss-->10.408394
INFO:root:loss-->8.881163
INFO:root:loss-->5.976167
INFO:root:loss-->9.458002
INFO:root:loss-->26.600460
INFO:root:loss-->22.474773
INFO:root:loss-->14.554244
INFO:root:loss-->5.362648
INFO:root:loss-->8.043598
INFO:root:loss-->7.250281
INFO:root:loss-->11.680927
INFO:root:loss-->5.154413
INFO:root:loss-->14.494089
INFO:root:loss-->6.438480
INFO:root:loss-->15.044090
INFO:root:loss-->10.012351
INFO:root:loss-->4.523355
INFO:root:loss-->12.362953
INFO:root:loss-->11.043777
INFO:root:loss-->11.972832
INFO:root:loss-->9.744528
INFO:root:loss-->8.832278
INFO:root:loss-->8.077885
INFO:root:loss-->10.491796
INFO:root:loss-->12.987372
INFO:root:loss-->9.068672
INFO:root:loss-->15.960501
INFO:root:loss-->8.193104
INFO:root:loss-->6.048477
INFO:root:loss-->8.687362
INFO:root:loss-->4.199893
INFO:root:loss-->44.732048
INFO:root:loss-->8.067869
INFO:root:loss-->9.870261
INFO:root:loss-->21.335409
INFO:root:loss-->10.468361
INFO:root:loss-->7.386573
INFO:root:loss-->9.479039
INFO:root:loss-->8.522700
INFO:root:loss-->8.286780
INFO:root:loss-->11.279373
INFO:root:loss-->6.365460
INFO:root:loss-->7.202476
INFO:root:loss-->10.088793
INFO:root:loss-->28.355755
INFO:root:loss-->10.801463
INFO:root:loss-->11.488111
INFO:root:loss-->11.699271
INFO:root:loss-->7.402862
INFO:root:loss-->10.172710
INFO:root:loss-->5.793831
INFO:root:loss-->13.405841
INFO:root:loss-->6.009621
INFO:root:loss-->11.350800
INFO:root:loss-->8.903292
INFO:root:loss-->8.453150
INFO:root:loss-->8.660914
INFO:root:loss-->6.030131
INFO:root:loss-->15.364916
INFO:root:loss-->10.319127
INFO:root:loss-->13.507891
INFO:root:loss-->7.625413
INFO:root:loss-->9.857632
INFO:root:loss-->14.610165
INFO:root:loss-->6.926565
INFO:root:loss-->10.441370
INFO:root:loss-->15.436419
INFO:root:loss-->13.331820
INFO:root:loss-->12.163806
INFO:root:loss-->15.186066
INFO:root:loss-->8.869495
INFO:root:loss-->13.477123
INFO:root:loss-->9.415099
INFO:root:loss-->17.747517
INFO:root:loss-->10.416277
INFO:root:loss-->10.992130
INFO:root:loss-->11.610296
INFO:root:loss-->5.951864
INFO:root:loss-->5.799531
INFO:root:loss-->9.236361
INFO:root:loss-->11.684721
INFO:root:loss-->8.737309
INFO:root:loss-->4.945938
INFO:root:loss-->9.550239
INFO:root:loss-->13.251175
INFO:root:loss-->11.803405
INFO:root:loss-->10.628257
INFO:root:loss-->13.063095
INFO:root:loss-->36.581917
INFO:root:loss-->8.000035
INFO:root:loss-->5.758924
INFO:root:loss-->16.916103
INFO:root:loss-->10.437695
INFO:root:loss-->10.737700
INFO:root:loss-->9.786136
INFO:root:loss-->7.510463
INFO:root:loss-->6.637482
INFO:root:loss-->9.737780
INFO:root:loss-->6.600774
INFO:root:loss-->16.581022
INFO:root:loss-->7.168829
INFO:root:loss-->9.459913
INFO:root:loss-->22.195677
INFO:root:loss-->9.819085
INFO:root:loss-->9.013222
INFO:root:loss-->8.228386
INFO:root:loss-->4.057841
INFO:root:loss-->11.247952
INFO:root:loss-->11.170250
INFO:root:loss-->12.006636
INFO:root:loss-->8.126899
INFO:root:loss-->7.246405
INFO:root:loss-->6.606726
INFO:root:loss-->10.206570
INFO:root:loss-->9.886621
INFO:root:loss-->7.917743
INFO:root:loss-->8.036050
INFO:root:loss-->7.762078
INFO:root:loss-->16.002035
INFO:root:loss-->10.214240
INFO:root:loss-->18.445919
INFO:root:loss-->1.895945
INFO:root:loss-->14.699206
INFO:root:loss-->8.751217
INFO:root:loss-->9.600969
INFO:root:loss-->15.413959
INFO:root:loss-->13.778885
INFO:root:loss-->12.623331
INFO:root:loss-->26.591520
INFO:root:loss-->6.323339
INFO:root:loss-->10.696289
INFO:root:loss-->11.510035
INFO:root:loss-->4.947991
INFO:root:loss-->5.809210
INFO:root:loss-->7.169763
INFO:root:loss-->11.087577
INFO:root:loss-->7.175814
INFO:root:loss-->7.895807
INFO:root:loss-->6.785188
INFO:root:loss-->12.852499
INFO:root:loss-->8.284834
INFO:root:loss-->6.854778
INFO:root:loss-->17.442448
INFO:root:loss-->7.671696
INFO:root:loss-->6.875453
INFO:root:loss-->5.613316
INFO:root:loss-->5.667503
INFO:root:loss-->10.140851
INFO:root:loss-->8.442303
INFO:root:loss-->11.701712
INFO:root:loss-->10.402559
INFO:root:loss-->9.962411
INFO:root:loss-->10.035992
INFO:root:loss-->5.985471
INFO:root:loss-->15.971309
INFO:root:loss-->9.313978
INFO:root:loss-->6.598985
INFO:root:loss-->9.781990
INFO:root:loss-->12.039701
INFO:root:loss-->7.225876
INFO:root:loss-->6.848079
INFO:root:loss-->17.399723
INFO:root:loss-->12.638859
INFO:root:loss-->13.820015
INFO:root:loss-->9.618865
INFO:root:loss-->6.694949
INFO:root:loss-->4.664562
INFO:root:loss-->6.560460
INFO:root:loss-->4.237014
INFO:root:loss-->5.923836
INFO:root:loss-->8.959791
INFO:root:loss-->10.719661
INFO:root:loss-->6.354522
INFO:root:loss-->7.006998
INFO:root:loss-->11.495193
INFO:root:loss-->6.702305
INFO:root:loss-->7.146330
INFO:root:loss-->8.950672
INFO:root:loss-->4.001473
INFO:root:loss-->23.635567
INFO:root:loss-->18.973724
INFO:root:loss-->10.226204
INFO:root:loss-->7.118237
INFO:root:loss-->8.962608
INFO:root:loss-->8.870313
INFO:root:loss-->4.583527
INFO:root:loss-->12.444862
INFO:root:loss-->7.062397
INFO:root:loss-->8.312351
INFO:root:loss-->6.497056
INFO:root:loss-->10.026438
INFO:root:loss-->7.540710
INFO:root:loss-->7.039794
INFO:root:loss-->15.687950
INFO:root:loss-->6.437854
INFO:root:loss-->9.925547
INFO:root:loss-->7.368327
INFO:root:loss-->7.416977
INFO:root:loss-->10.476737
INFO:root:loss-->6.191450
INFO:root:loss-->7.740660
INFO:root:loss-->6.043592
INFO:root:loss-->12.131068
INFO:root:loss-->8.940483
INFO:root:loss-->7.242774
INFO:root:loss-->6.730288
INFO:root:loss-->8.708636
INFO:root:loss-->13.668391
INFO:root:loss-->13.396935
INFO:root:loss-->7.003875
INFO:root:loss-->6.308321
INFO:root:loss-->10.608629
INFO:root:loss-->6.606143
INFO:root:loss-->12.353628
INFO:root:loss-->8.517893
INFO:root:loss-->9.324433
INFO:root:loss-->13.914077
INFO:root:loss-->10.468979
INFO:root:loss-->10.858690
INFO:root:loss-->9.891620
INFO:root:loss-->8.804690
INFO:root:loss-->7.864282
INFO:root:loss-->4.801445
INFO:root:loss-->8.678900
INFO:root:loss-->14.981058
INFO:root:loss-->4.893743
INFO:root:loss-->5.482038
INFO:root:loss-->5.354928
INFO:root:loss-->7.857436
INFO:root:loss-->11.742606
INFO:root:loss-->19.336136
INFO:root:loss-->5.409143
INFO:root:loss-->9.144077
INFO:root:loss-->8.654440
INFO:root:loss-->9.007347
INFO:root:loss-->6.442548
INFO:root:loss-->7.379746
INFO:root:loss-->7.874073
INFO:root:loss-->6.963605
INFO:root:loss-->9.286949
INFO:root:loss-->8.368356
INFO:root:loss-->10.188285
INFO:root:loss-->11.136534
INFO:root:loss-->6.004429
INFO:root:loss-->6.278419
INFO:root:loss-->7.711551
INFO:root:loss-->11.471071
INFO:root:loss-->7.399367
INFO:root:loss-->4.085105
INFO:root:loss-->7.039706
INFO:root:loss-->8.561916
INFO:root:loss-->9.041100
INFO:root:loss-->6.147104
INFO:root:loss-->7.249618
INFO:root:loss-->8.002899
INFO:root:loss-->10.401163
INFO:root:loss-->7.931161
INFO:root:loss-->7.895960
INFO:root:loss-->8.869938
INFO:root:loss-->6.095365
INFO:root:loss-->5.208451
INFO:root:loss-->7.441157
INFO:root:loss-->10.770636
INFO:root:loss-->5.584690
INFO:root:loss-->10.479187
INFO:root:loss-->12.326542
INFO:root:loss-->23.779308
INFO:root:loss-->12.334610
INFO:root:loss-->7.510509
INFO:root:loss-->7.318278
INFO:root:loss-->10.065670
INFO:root:loss-->15.667089
INFO:root:loss-->3.559980
INFO:root:loss-->6.896001
INFO:root:loss-->7.060359
INFO:root:loss-->8.605976
INFO:root:loss-->9.709764
INFO:root:loss-->7.963850
INFO:root:loss-->7.197806
INFO:root:loss-->4.319169
INFO:root:loss-->22.067192
INFO:root:loss-->7.962185
INFO:root:loss-->9.918204
INFO:root:loss-->8.601840
INFO:root:loss-->11.930357
INFO:root:loss-->10.955564
INFO:root:loss-->8.395033
INFO:root:loss-->6.627685
INFO:root:loss-->8.381598
INFO:root:loss-->4.777895
INFO:root:loss-->13.509802
INFO:root:loss-->5.447956
INFO:root:loss-->4.229389
INFO:root:loss-->9.819701
INFO:root:loss-->6.579891
INFO:root:loss-->7.926021
INFO:root:loss-->13.134201
INFO:root:loss-->5.863346
INFO:root:loss-->10.771564
INFO:root:loss-->5.010311
INFO:root:loss-->9.852102
INFO:root:loss-->7.432339
INFO:root:loss-->18.157103
INFO:root:loss-->4.883429
INFO:root:loss-->4.772330
INFO:root:loss-->5.749199
INFO:root:loss-->5.251440
INFO:root:loss-->7.683157
INFO:root:loss-->11.511760
INFO:root:loss-->7.289705
INFO:root:loss-->8.770983
INFO:root:loss-->5.570312
INFO:root:loss-->19.386671
INFO:root:loss-->11.036552
INFO:root:loss-->12.238705
INFO:root:loss-->7.016893
INFO:root:loss-->7.357563
INFO:root:loss-->5.901433
INFO:root:loss-->4.492684
INFO:root:loss-->11.614471
INFO:root:loss-->7.054485
INFO:root:loss-->8.711434
INFO:root:loss-->8.342716
INFO:root:loss-->9.629744
INFO:root:loss-->7.124602
INFO:root:loss-->9.050558
INFO:root:loss-->9.091051
INFO:root:loss-->10.900294
INFO:root:loss-->19.878080
INFO:root:loss-->10.571670
INFO:root:loss-->12.419711
INFO:root:loss-->8.970102
INFO:root:loss-->7.282966
INFO:root:loss-->16.378258
INFO:root:loss-->6.504715
INFO:root:loss-->5.286139
INFO:root:loss-->5.810950
INFO:root:loss-->7.715627
INFO:root:loss-->11.132518
INFO:root:loss-->7.674153
INFO:root:loss-->6.584064
INFO:root:loss-->7.198291
INFO:root:loss-->11.047586
INFO:root:loss-->6.987228
INFO:root:loss-->9.383697
INFO:root:loss-->4.823801
INFO:root:loss-->12.140715
INFO:root:loss-->6.037014
INFO:root:loss-->4.958071
INFO:root:loss-->3.395649
INFO:root:loss-->25.829494
INFO:root:loss-->7.003513
INFO:root:loss-->15.511561
INFO:root:loss-->10.661135
INFO:root:loss-->7.916233
INFO:root:loss-->5.647859
INFO:root:loss-->15.247443
INFO:root:loss-->7.985837
INFO:root:loss-->16.908697
INFO:root:loss-->5.924028
INFO:root:loss-->7.309862
INFO:root:loss-->5.524072
INFO:root:loss-->5.952342
INFO:root:loss-->4.953021
INFO:root:loss-->8.572364
INFO:root:loss-->10.291471
INFO:root:loss-->5.916191
INFO:root:loss-->7.797077
INFO:root:loss-->7.352313
INFO:root:loss-->7.780200
INFO:root:loss-->13.728994
INFO:root:loss-->9.717703
INFO:root:loss-->4.638274
INFO:root:loss-->7.315852
INFO:root:loss-->18.801971
INFO:root:loss-->4.932005
INFO:root:loss-->6.464542
INFO:root:loss-->4.506343
INFO:root:loss-->5.492691
INFO:root:loss-->20.183975
INFO:root:loss-->5.219202
INFO:root:loss-->4.717031
INFO:root:loss-->4.137250
INFO:root:loss-->6.448190
INFO:root:loss-->9.785361
INFO:root:loss-->5.870012
INFO:root:loss-->5.661991
INFO:root:loss-->4.981641
INFO:root:loss-->9.798691
INFO:root:loss-->7.955851
INFO:root:loss-->14.907416
INFO:root:loss-->8.816267
INFO:root:loss-->4.869576
INFO:root:loss-->6.729874
INFO:root:loss-->5.101130
INFO:root:loss-->6.404048
INFO:root:loss-->4.959228
INFO:root:loss-->9.847448
INFO:root:loss-->11.621862
INFO:root:loss-->5.467351
INFO:root:loss-->4.837639
INFO:root:loss-->6.875411
INFO:root:loss-->7.844707
INFO:root:loss-->8.472857
INFO:root:loss-->6.139168
INFO:root:loss-->11.138781
INFO:root:loss-->2.071050
INFO:root:loss-->8.718861
INFO:root:loss-->6.515876
INFO:root:loss-->8.395214
INFO:root:loss-->6.771322
INFO:root:loss-->5.421570
INFO:root:loss-->7.936357
INFO:root:loss-->4.487098
INFO:root:loss-->8.612995
INFO:root:loss-->5.093215
INFO:root:loss-->10.813655
INFO:root:loss-->4.971759
INFO:root:loss-->5.630594
INFO:root:loss-->5.970248
INFO:root:loss-->5.191185
INFO:root:loss-->3.709306
INFO:root:loss-->5.814838
INFO:root:loss-->4.818156
INFO:root:loss-->5.250345
INFO:root:loss-->9.660298
INFO:root:loss-->10.129732
INFO:root:loss-->4.696789
INFO:root:loss-->11.670337
INFO:root:loss-->7.651425
INFO:root:loss-->3.967203
INFO:root:loss-->4.898023
INFO:root:loss-->10.329628
INFO:root:loss-->4.860336
INFO:root:loss-->4.885135
INFO:root:loss-->9.746273
INFO:root:loss-->4.189025
INFO:root:loss-->5.199066
INFO:root:loss-->7.652935
INFO:root:loss-->4.347711
INFO:root:loss-->8.064571
INFO:root:loss-->10.178576
INFO:root:loss-->5.625875
INFO:root:loss-->5.562551
INFO:root:loss-->6.286962
INFO:root:loss-->3.851661
INFO:root:loss-->7.581525
INFO:root:loss-->6.707296
INFO:root:loss-->5.507246
INFO:root:loss-->10.816694
INFO:root:loss-->6.212424
INFO:root:loss-->8.267814
INFO:root:loss-->6.873899
INFO:root:loss-->6.989918
INFO:root:loss-->7.113742
INFO:root:loss-->8.912711
INFO:root:loss-->6.878356
INFO:root:loss-->24.840086
INFO:root:loss-->30.401876
INFO:root:loss-->7.679003
INFO:root:loss-->5.747501
INFO:root:loss-->6.982877
INFO:root:loss-->6.985296
INFO:root:loss-->4.400616
INFO:root:loss-->7.334211
INFO:root:loss-->9.459949
INFO:root:loss-->15.573558
INFO:root:loss-->6.544261
INFO:root:loss-->9.403455
INFO:root:loss-->6.117442
INFO:root:loss-->5.056545
INFO:root:loss-->4.051869
INFO:root:loss-->4.183483
INFO:root:loss-->5.293924
INFO:root:loss-->7.144376
INFO:root:loss-->4.965141
INFO:root:loss-->5.868441
INFO:root:loss-->11.903221
INFO:root:loss-->9.867661
INFO:root:loss-->6.718616
INFO:root:loss-->4.972898
INFO:root:loss-->6.729303
INFO:root:loss-->7.032949
INFO:root:loss-->14.431931
INFO:root:loss-->5.170870
INFO:root:loss-->4.355386
INFO:root:loss-->6.231770
INFO:root:loss-->4.772794
INFO:root:loss-->6.193215
INFO:root:loss-->8.709806
INFO:root:loss-->8.519306
INFO:root:loss-->5.627570
INFO:root:loss-->3.447753
INFO:root:loss-->10.593454
INFO:root:loss-->4.070337
INFO:root:loss-->7.713505
INFO:root:loss-->4.479330
INFO:root:loss-->6.262360
INFO:root:loss-->3.811714
INFO:root:loss-->5.386764
INFO:root:loss-->8.312919
INFO:root:loss-->4.466228
INFO:root:loss-->4.534553
INFO:root:loss-->6.640659
INFO:root:loss-->6.145511
INFO:root:loss-->6.699383
INFO:root:loss-->16.834295
INFO:root:loss-->5.547963
INFO:root:loss-->4.798589
INFO:root:loss-->4.260860
INFO:root:loss-->5.711645
INFO:root:loss-->3.412812
INFO:root:loss-->5.197957
INFO:root:loss-->29.402069
INFO:root:loss-->4.636816
INFO:root:loss-->4.830451
INFO:root:loss-->5.392360
INFO:root:loss-->4.936924
INFO:root:loss-->3.605441
INFO:root:loss-->4.894431
INFO:root:loss-->2.381575
INFO:root:loss-->9.872378
INFO:root:loss-->4.290326
INFO:root:loss-->5.090249
INFO:root:loss-->4.579989
INFO:root:loss-->4.356681
INFO:root:loss-->5.515514
INFO:root:loss-->3.774352
INFO:root:loss-->3.613163
INFO:root:loss-->7.341324
INFO:root:loss-->5.830621
INFO:root:loss-->5.989676
INFO:root:loss-->5.222227
INFO:root:loss-->6.580202
INFO:root:loss-->14.394584
INFO:root:loss-->4.001765
INFO:root:loss-->3.958243
INFO:root:loss-->5.574910
INFO:root:loss-->10.350454
INFO:root:loss-->4.383018
INFO:root:loss-->9.497009
INFO:root:loss-->7.103942
INFO:root:loss-->4.925939
INFO:root:loss-->7.973598
INFO:root:loss-->4.780024
INFO:root:loss-->6.332877
INFO:root:loss-->8.208601
INFO:root:loss-->5.893764
INFO:root:loss-->5.206195
INFO:root:loss-->4.137580
INFO:root:loss-->6.636162
INFO:root:loss-->7.364297
INFO:root:loss-->9.656130
INFO:root:loss-->6.670531
INFO:root:loss-->4.929844
INFO:root:loss-->5.041966
INFO:root:loss-->4.040057
INFO:root:loss-->5.507446
INFO:root:loss-->5.878802
INFO:root:loss-->7.183279
INFO:root:loss-->5.559738
INFO:root:loss-->6.961269
INFO:root:loss-->6.326716
INFO:root:loss-->4.622957
INFO:root:loss-->9.071237
INFO:root:loss-->10.208743
INFO:root:loss-->3.406661
INFO:root:loss-->3.356037
INFO:root:loss-->6.936574
INFO:root:loss-->8.510314
INFO:root:loss-->6.412838
INFO:root:loss-->7.674605
INFO:root:loss-->13.528494
INFO:root:loss-->6.902452
INFO:root:loss-->7.290174
INFO:root:loss-->12.703695
INFO:root:loss-->5.989942
INFO:root:loss-->13.788073
INFO:root:loss-->3.964314
INFO:root:loss-->5.285942
INFO:root:loss-->6.137474
INFO:root:loss-->5.850416
INFO:root:loss-->4.656148
INFO:root:loss-->4.286789
INFO:root:loss-->4.571967
INFO:root:loss-->3.987236
INFO:root:loss-->5.814332
INFO:root:loss-->3.530415
INFO:root:loss-->4.224779
INFO:root:loss-->10.059458
INFO:root:loss-->4.676873
INFO:root:loss-->7.693386
INFO:root:loss-->8.196091
INFO:root:loss-->6.088144
INFO:root:loss-->3.933657
INFO:root:loss-->5.553106
INFO:root:loss-->14.387221
INFO:root:loss-->3.378740
INFO:root:loss-->4.896503
INFO:root:loss-->6.828256
INFO:root:loss-->7.937813
INFO:root:loss-->3.368169
INFO:root:loss-->3.793720
INFO:root:loss-->5.692091
INFO:root:loss-->5.216786
INFO:root:loss-->5.612827
INFO:root:loss-->21.587362
INFO:root:loss-->6.644580
INFO:root:loss-->5.647489
INFO:root:loss-->3.902942
INFO:root:loss-->14.496389
INFO:root:loss-->5.997921
INFO:root:loss-->7.138469
INFO:root:loss-->10.869812
INFO:root:loss-->6.569297
INFO:root:loss-->10.770956
INFO:root:loss-->21.460684
INFO:root:loss-->4.592296
INFO:root:loss-->3.575545
INFO:root:loss-->6.167240
INFO:root:loss-->4.663807
INFO:root:loss-->4.769500
INFO:root:loss-->4.532871
INFO:root:loss-->7.097002
INFO:root:loss-->4.430520
INFO:root:loss-->5.007373
INFO:root:loss-->5.902859
INFO:root:loss-->6.278339
INFO:root:loss-->3.420578
INFO:root:loss-->6.435557
INFO:root:loss-->4.292229
INFO:root:loss-->4.380525
INFO:root:loss-->3.583274
INFO:root:loss-->3.998338
INFO:root:loss-->2.874800
INFO:root:loss-->5.463785
INFO:root:loss-->5.379526
INFO:root:loss-->4.677762
INFO:root:loss-->9.339525
INFO:root:loss-->5.854124
INFO:root:loss-->10.799263
INFO:root:loss-->4.732100
INFO:root:loss-->4.896328
INFO:root:loss-->11.575972
INFO:root:loss-->6.732885
INFO:root:loss-->17.130833
INFO:root:loss-->7.407700
INFO:root:loss-->6.056573
INFO:root:loss-->3.398479
INFO:root:loss-->3.611101
INFO:root:loss-->3.823590
INFO:root:loss-->2.852429
INFO:root:loss-->6.938615
INFO:root:loss-->10.310658
INFO:root:loss-->6.166954
INFO:root:loss-->8.247686
INFO:root:loss-->4.346522
INFO:root:loss-->8.125000
INFO:root:loss-->3.332536
INFO:root:loss-->11.501848
INFO:root:loss-->3.186557
INFO:root:loss-->7.203574
INFO:root:loss-->5.130358
INFO:root:loss-->4.895755
INFO:root:loss-->3.662148
INFO:root:loss-->11.217117
INFO:root:loss-->5.180450
INFO:root:loss-->4.440625
INFO:root:loss-->3.627217
INFO:root:loss-->12.995140
INFO:root:loss-->3.995997
INFO:root:loss-->4.122056
INFO:root:loss-->5.425410
INFO:root:loss-->6.916006
INFO:root:loss-->7.372005
INFO:root:loss-->6.177814
INFO:root:loss-->4.093265
INFO:root:loss-->5.042594
INFO:root:loss-->5.252898
INFO:root:loss-->5.945129
INFO:root:loss-->6.269306
INFO:root:loss-->7.042680
INFO:root:loss-->5.471332
INFO:root:loss-->4.909366
INFO:root:loss-->4.381468
INFO:root:loss-->6.131449
INFO:root:loss-->4.835619
INFO:root:loss-->5.378713
INFO:root:loss-->6.924933
INFO:root:loss-->7.392703
INFO:root:loss-->3.467067
INFO:root:loss-->1.631822
INFO:root:loss-->3.770197
INFO:root:loss-->10.343056
INFO:root:loss-->3.687229
INFO:root:loss-->4.125688
INFO:root:loss-->6.782495
INFO:root:loss-->8.134964
INFO:root:loss-->4.657721
INFO:root:loss-->5.083143
INFO:root:loss-->4.666287
INFO:root:loss-->6.201650
INFO:root:loss-->4.392827
INFO:root:loss-->3.692240
INFO:root:loss-->3.721047
INFO:root:loss-->8.050693
INFO:root:loss-->3.093153
INFO:root:loss-->4.438566
INFO:root:loss-->4.903022
INFO:root:loss-->3.652617
INFO:root:loss-->11.106464
INFO:root:loss-->4.195626
INFO:root:loss-->4.393191
INFO:root:loss-->10.586613
INFO:root:loss-->3.794385
INFO:root:loss-->3.635374
INFO:root:loss-->4.622379
INFO:root:loss-->3.727368
INFO:root:loss-->4.101814
INFO:root:loss-->4.776508
INFO:root:loss-->7.325915
INFO:root:loss-->3.959318
INFO:root:loss-->3.946105
INFO:root:loss-->3.414021
INFO:root:loss-->4.591550
INFO:root:loss-->3.546824
INFO:root:loss-->4.657822
INFO:root:loss-->11.886396
INFO:root:loss-->5.365579
INFO:root:loss-->4.848024
INFO:root:loss-->4.561882
INFO:root:loss-->3.857525
INFO:root:loss-->4.675801
INFO:root:loss-->4.600702
INFO:root:loss-->13.747555
INFO:root:loss-->4.514234
INFO:root:loss-->23.400280
INFO:root:loss-->3.566065
INFO:root:loss-->4.353702
INFO:root:loss-->7.708351
INFO:root:loss-->2.719499
INFO:root:loss-->6.327465
INFO:root:loss-->5.753721
INFO:root:loss-->8.418394
INFO:root:loss-->3.444611
INFO:root:loss-->2.822301
INFO:root:loss-->6.001797
INFO:root:loss-->4.830227
INFO:root:loss-->2.502876
INFO:root:loss-->5.818521
INFO:root:loss-->6.283338
INFO:root:loss-->4.315427
INFO:root:loss-->5.114038
INFO:root:loss-->3.815594
INFO:root:loss-->3.488695
INFO:root:loss-->4.119100
INFO:root:loss-->3.510431
INFO:root:loss-->5.066440
INFO:root:loss-->6.478974
INFO:root:loss-->4.339784
INFO:root:loss-->4.732999
INFO:root:loss-->3.282353
INFO:root:loss-->2.909227
INFO:root:loss-->11.040084
INFO:root:loss-->8.151460
INFO:root:loss-->4.936006
INFO:root:loss-->5.082240
INFO:root:loss-->9.257940
INFO:root:loss-->2.171700
INFO:root:loss-->3.826646
INFO:root:loss-->1.825820
INFO:root:loss-->4.950666
INFO:root:loss-->7.362057
INFO:root:loss-->3.693038
INFO:root:loss-->4.595237
INFO:root:loss-->5.706357
INFO:root:loss-->11.914175
INFO:root:loss-->18.584637
INFO:root:loss-->4.169921
INFO:root:loss-->3.165402
INFO:root:loss-->3.107119
INFO:root:loss-->3.275442
INFO:root:loss-->4.629124
INFO:root:loss-->6.303628
INFO:root:loss-->9.179823
INFO:root:loss-->9.471007
INFO:root:loss-->3.472967
INFO:root:loss-->5.132309
INFO:root:loss-->3.102055
INFO:root:loss-->4.600315
INFO:root:loss-->3.365823
INFO:root:loss-->4.889031
INFO:root:loss-->7.060529
INFO:root:loss-->5.088474
INFO:root:loss-->4.549177
INFO:root:loss-->4.071458
INFO:root:loss-->4.082023
INFO:root:loss-->4.375611
INFO:root:loss-->4.626143
INFO:root:loss-->4.692780
INFO:root:loss-->12.358412
INFO:root:loss-->3.141284
INFO:root:loss-->4.524275
INFO:root:loss-->3.500829
INFO:root:loss-->3.426879
INFO:root:loss-->9.392366
INFO:root:loss-->4.255754
INFO:root:loss-->6.977168
INFO:root:loss-->4.352532
INFO:root:loss-->6.173347
INFO:root:loss-->3.467322
INFO:root:loss-->8.164080
INFO:root:loss-->5.248059
INFO:root:loss-->9.595163
INFO:root:loss-->4.721617
INFO:root:loss-->3.916155
INFO:root:loss-->4.066010
INFO:root:loss-->5.167654
INFO:root:loss-->6.886053
INFO:root:loss-->3.654510
INFO:root:loss-->6.865249
INFO:root:loss-->8.898582
INFO:root:loss-->3.723315
INFO:root:loss-->4.626508
INFO:root:loss-->3.459994
INFO:root:loss-->3.609552
INFO:root:loss-->7.842221
INFO:root:loss-->5.432779
INFO:root:loss-->2.645792
INFO:root:loss-->3.153592
INFO:root:loss-->7.344764
INFO:root:loss-->5.228497
INFO:root:loss-->4.639801
INFO:root:loss-->5.931370
INFO:root:loss-->4.774206
INFO:root:loss-->3.367896
INFO:root:loss-->3.253630
INFO:root:loss-->3.088274
INFO:root:loss-->4.526189
INFO:root:loss-->3.785891
INFO:root:loss-->7.356075
INFO:root:loss-->4.376067
INFO:root:loss-->4.309011
INFO:root:loss-->3.317722
INFO:root:loss-->4.118008
INFO:root:loss-->6.039887
INFO:root:loss-->6.560225
INFO:root:loss-->3.429681
INFO:root:loss-->2.784799
INFO:root:loss-->14.889565
INFO:root:loss-->9.997339
INFO:root:loss-->13.644114
INFO:root:loss-->4.254148
INFO:root:loss-->8.439090
INFO:root:loss-->2.166001
INFO:root:loss-->6.322973
INFO:root:loss-->2.947767
INFO:root:loss-->3.998036
INFO:root:loss-->3.890223
INFO:root:loss-->19.646503
INFO:root:loss-->2.595828
INFO:root:loss-->2.713869
INFO:root:loss-->4.293386
INFO:root:loss-->4.040418
INFO:root:loss-->8.094778
INFO:root:loss-->5.752261
INFO:root:loss-->3.221298
INFO:root:loss-->3.091876
INFO:root:loss-->2.975354
INFO:root:loss-->5.510204
INFO:root:loss-->4.167299
INFO:root:loss-->9.730131
INFO:root:loss-->3.316488
INFO:root:loss-->4.407537
INFO:root:loss-->4.078970
INFO:root:loss-->6.704988
INFO:root:loss-->5.080578
INFO:root:loss-->5.156951
INFO:root:loss-->8.577961
INFO:root:loss-->3.694783
INFO:root:loss-->4.639684
INFO:root:loss-->4.539238
INFO:root:loss-->7.675020
INFO:root:loss-->4.619576
INFO:root:loss-->2.766109
INFO:root:loss-->2.811296
INFO:root:loss-->10.079500
INFO:root:loss-->2.198386
INFO:root:loss-->3.334037
INFO:root:loss-->4.112983
INFO:root:loss-->3.998567
INFO:root:loss-->7.822681
INFO:root:loss-->4.830869
INFO:root:loss-->5.441159
INFO:root:loss-->5.606511
INFO:root:loss-->4.486627
INFO:root:loss-->3.036040
INFO:root:loss-->6.431367
INFO:root:loss-->15.173785
INFO:root:loss-->14.219259
INFO:root:loss-->3.385600
INFO:root:loss-->7.788278
INFO:root:loss-->3.577725
INFO:root:loss-->4.919633
INFO:root:loss-->3.013252
INFO:root:loss-->3.893339
INFO:root:loss-->5.699497
INFO:root:loss-->5.091998
INFO:root:loss-->3.198865
INFO:root:loss-->3.782302
INFO:root:loss-->4.829351
INFO:root:loss-->4.390728
INFO:root:loss-->3.515793
INFO:root:loss-->4.982178
INFO:root:loss-->4.351018
INFO:root:loss-->3.740360
INFO:root:loss-->4.228852
INFO:root:loss-->3.149633
INFO:root:loss-->16.902523
INFO:root:loss-->4.473378
INFO:root:loss-->3.547288
INFO:root:loss-->4.636307
INFO:root:loss-->1.656623
INFO:root:loss-->4.025464
INFO:root:loss-->10.837685
INFO:root:loss-->16.343245
INFO:root:loss-->4.651606
INFO:root:loss-->2.912887
INFO:root:loss-->3.100309
INFO:root:loss-->2.266458
INFO:root:loss-->3.204965
INFO:root:loss-->2.660573
INFO:root:loss-->5.725488
INFO:root:loss-->4.388469
INFO:root:loss-->19.812542
INFO:root:loss-->2.769111
INFO:root:loss-->7.114262
INFO:root:loss-->6.938457
INFO:root:loss-->4.377443
INFO:root:loss-->3.208439
INFO:root:loss-->4.275931
INFO:root:loss-->2.753678
INFO:root:loss-->3.963228
INFO:root:loss-->2.230702
INFO:root:loss-->8.323295
INFO:root:loss-->2.497697
INFO:root:loss-->4.319157
INFO:root:loss-->4.510506
INFO:root:loss-->4.933548
INFO:root:loss-->7.986960
INFO:root:loss-->5.658892
INFO:root:loss-->6.366191
INFO:root:loss-->8.624019
INFO:root:loss-->4.593372
INFO:root:loss-->7.246604
INFO:root:loss-->6.898875
INFO:root:loss-->5.158650
INFO:root:loss-->4.415707
INFO:root:loss-->4.837793
INFO:root:loss-->4.676916
INFO:root:loss-->4.476993
INFO:root:loss-->3.964273
INFO:root:loss-->2.907052
INFO:root:loss-->4.427331
INFO:root:loss-->4.394247
INFO:root:loss-->4.594654
INFO:root:loss-->3.097570
INFO:root:loss-->3.306658
INFO:root:loss-->2.490439
INFO:root:loss-->4.112182
INFO:root:loss-->4.667356
INFO:root:loss-->3.873852
INFO:root:loss-->6.016550
INFO:root:loss-->8.103242
INFO:root:loss-->6.270027
INFO:root:loss-->2.181813
INFO:root:loss-->1.424083
INFO:root:loss-->3.501022
INFO:root:loss-->8.233212
INFO:root:loss-->4.967758
INFO:root:loss-->3.100803
INFO:root:loss-->4.036611
INFO:root:loss-->4.350802
INFO:root:loss-->2.764685
INFO:root:loss-->2.936041
INFO:root:loss-->4.364888
INFO:root:loss-->12.511694
INFO:root:loss-->5.202979
INFO:root:loss-->4.893143
INFO:root:loss-->3.864229
INFO:root:loss-->3.013703
INFO:root:loss-->2.699497
INFO:root:loss-->3.629494
INFO:root:loss-->1.694092
INFO:root:loss-->2.976625
INFO:root:loss-->5.341992
INFO:root:loss-->3.730731
INFO:root:loss-->4.460006
INFO:root:loss-->3.167394
INFO:root:loss-->4.497469
INFO:root:loss-->28.157516
INFO:root:loss-->3.876921
INFO:root:loss-->20.834665
INFO:root:loss-->4.193563
INFO:root:loss-->6.867821
INFO:root:loss-->4.164772
INFO:root:loss-->7.599035
INFO:root:loss-->4.062242
INFO:root:loss-->3.063837
INFO:root:loss-->4.464291
INFO:root:loss-->3.656065
INFO:root:loss-->6.771722
INFO:root:loss-->3.634745
INFO:root:loss-->3.091939
INFO:root:loss-->4.279933
INFO:root:loss-->3.928266
INFO:root:loss-->2.709935
INFO:root:loss-->3.420704
INFO:root:loss-->7.503635
INFO:root:loss-->7.635379
INFO:root:loss-->5.186053
INFO:root:loss-->5.296366
INFO:root:loss-->3.654339
INFO:root:loss-->12.763102
INFO:root:loss-->4.549533
INFO:root:loss-->5.216384
INFO:root:loss-->5.560040
INFO:root:loss-->6.747026
INFO:root:loss-->4.525722
INFO:root:loss-->4.140805
INFO:root:loss-->3.729439
INFO:root:loss-->6.377855
INFO:root:loss-->3.866935
INFO:root:loss-->1.819768
INFO:root:loss-->4.613461
INFO:root:loss-->2.425966
INFO:root:loss-->4.522530
INFO:root:loss-->3.054268
INFO:root:loss-->3.340464
INFO:root:loss-->4.494948
INFO:root:loss-->11.398256
INFO:root:loss-->2.424027
INFO:root:loss-->2.690393
INFO:root:loss-->4.545843
INFO:root:loss-->2.435979
INFO:root:loss-->6.861627
INFO:root:loss-->10.503092
INFO:root:loss-->3.150199
INFO:root:loss-->3.617760
INFO:root:loss-->5.208520
INFO:root:loss-->3.021354
INFO:root:loss-->8.238312
INFO:root:loss-->3.848181
INFO:root:loss-->5.942336
INFO:root:loss-->4.311014
INFO:root:loss-->5.631230
INFO:root:loss-->3.607987
INFO:root:loss-->4.093857
INFO:root:loss-->2.283009
INFO:root:loss-->3.359458
INFO:root:loss-->2.553107
INFO:root:loss-->6.096418
INFO:root:loss-->2.365178
INFO:root:loss-->4.604705
INFO:root:loss-->4.542006
INFO:root:loss-->4.490650
INFO:root:loss-->5.699154
INFO:root:loss-->4.463964
INFO:root:loss-->2.920950
INFO:root:loss-->2.988377
INFO:root:loss-->3.553886
INFO:root:loss-->3.521016
INFO:root:loss-->6.477674
INFO:root:loss-->14.197935
INFO:root:loss-->11.810438
INFO:root:loss-->4.650461
INFO:root:loss-->3.583551
INFO:root:loss-->4.813183
INFO:root:loss-->4.324421
INFO:root:loss-->6.585094
INFO:root:loss-->2.102252
INFO:root:loss-->3.459438
INFO:root:loss-->15.648814
INFO:root:loss-->3.483992
INFO:root:loss-->5.109446
INFO:root:loss-->2.906323
INFO:root:loss-->3.007909
INFO:root:loss-->3.046773
INFO:root:loss-->8.465396
INFO:root:loss-->9.930437
INFO:root:loss-->4.429924
INFO:root:loss-->3.677471
INFO:root:loss-->4.753335
INFO:root:loss-->3.731509
INFO:root:loss-->2.573070
INFO:root:loss-->5.041306
INFO:root:loss-->5.481730
INFO:root:loss-->5.310728
INFO:root:loss-->4.232526
INFO:root:loss-->3.352491
INFO:root:loss-->6.301452
INFO:root:loss-->3.975126
INFO:root:loss-->4.074940
INFO:root:loss-->2.337890
INFO:root:loss-->4.246357
INFO:root:loss-->5.535076
INFO:root:loss-->2.978749
INFO:root:loss-->3.139331
INFO:root:loss-->13.832137
INFO:root:loss-->4.404600
INFO:root:loss-->10.250780
INFO:root:loss-->4.233644
INFO:root:loss-->5.222013
INFO:root:loss-->7.479602
INFO:root:loss-->3.850112
INFO:root:loss-->6.214607
INFO:root:loss-->3.700443
INFO:root:loss-->2.466650
INFO:root:loss-->3.098372
INFO:root:loss-->4.092134
INFO:root:loss-->3.370280
INFO:root:loss-->4.257906
INFO:root:loss-->3.131454
INFO:root:loss-->3.233710
INFO:root:loss-->5.557018
INFO:root:loss-->3.197960
INFO:root:loss-->3.771895
INFO:root:loss-->4.634108
INFO:root:loss-->5.355203
INFO:root:loss-->6.212247
INFO:root:loss-->2.923115
INFO:root:loss-->6.182404
INFO:root:loss-->2.818141
INFO:root:loss-->2.977145
INFO:root:loss-->4.033169
INFO:root:loss-->3.159809
INFO:root:loss-->4.535875
INFO:root:loss-->7.789172
INFO:root:loss-->5.361900
INFO:root:loss-->4.494390
INFO:root:loss-->3.610301
INFO:root:loss-->17.185169
INFO:root:loss-->5.487572
INFO:root:loss-->3.161119
INFO:root:loss-->3.469701
INFO:root:loss-->2.650450
INFO:root:loss-->19.983080
INFO:root:loss-->3.870084
INFO:root:loss-->5.624265
INFO:root:loss-->5.220568
INFO:root:loss-->7.453216
INFO:root:loss-->4.413517
INFO:root:loss-->3.011794
INFO:root:loss-->4.042861
INFO:root:loss-->3.949335
INFO:root:loss-->10.652903
INFO:root:loss-->3.851468
INFO:root:loss-->3.084343
INFO:root:loss-->3.819777
INFO:root:loss-->3.564586
INFO:root:loss-->1.916326
INFO:root:loss-->2.725218
INFO:root:loss-->4.466161
INFO:root:loss-->4.599710
INFO:root:loss-->3.203751
INFO:root:loss-->4.575739
INFO:root:loss-->5.981925
INFO:root:loss-->4.699865
INFO:root:loss-->3.561813
INFO:root:loss-->3.435471
INFO:root:loss-->8.190421
INFO:root:loss-->3.167824
INFO:root:loss-->2.462366
INFO:root:loss-->3.267227
INFO:root:loss-->4.368863
INFO:root:loss-->3.710510
INFO:root:loss-->7.915113
INFO:root:loss-->3.880544
INFO:root:loss-->3.459234
INFO:root:loss-->6.263509
INFO:root:loss-->2.930909
INFO:root:loss-->3.778571
INFO:root:loss-->3.009752
INFO:root:loss-->15.840391
INFO:root:loss-->5.026063
INFO:root:loss-->4.154819
INFO:root:loss-->3.142285
INFO:root:loss-->2.734934
INFO:root:loss-->9.116125
INFO:root:loss-->7.139919
INFO:root:loss-->6.515106
INFO:root:loss-->4.995241
INFO:root:loss-->4.737735
INFO:root:loss-->5.673903
INFO:root:loss-->4.984883
INFO:root:loss-->5.116143
INFO:root:loss-->6.045196
INFO:root:loss-->8.126944
INFO:root:loss-->5.189629
INFO:root:loss-->3.437521
INFO:root:loss-->5.797733
INFO:root:loss-->3.851860
INFO:root:loss-->7.492898
INFO:root:loss-->4.358605
INFO:root:loss-->7.223154
INFO:root:loss-->4.236717
INFO:root:loss-->3.741590
INFO:root:loss-->3.368845
INFO:root:loss-->4.744328
INFO:root:loss-->3.215630
INFO:root:loss-->9.690526
INFO:root:loss-->15.854960
INFO:root:loss-->3.916316
INFO:root:loss-->3.184389
INFO:root:loss-->6.589267
INFO:root:loss-->6.563560
INFO:root:loss-->3.434874
INFO:root:loss-->3.359095
INFO:root:loss-->4.721156
INFO:root:loss-->5.258919
INFO:root:loss-->4.423805
INFO:root:loss-->4.853458
INFO:root:loss-->3.986023
INFO:root:loss-->5.936518
INFO:root:loss-->5.077417
INFO:root:loss-->4.908939
INFO:root:loss-->3.731270
INFO:root:loss-->3.243331
INFO:root:loss-->4.984119
INFO:root:loss-->4.173962
INFO:root:loss-->5.910560
INFO:root:loss-->2.820934
INFO:root:loss-->3.636785
INFO:root:loss-->3.230950
INFO:root:loss-->3.699977
INFO:root:loss-->3.595522
INFO:root:loss-->3.008139
INFO:root:loss-->2.913822
INFO:root:loss-->2.598990
INFO:root:loss-->7.907377
INFO:root:loss-->8.104263
INFO:root:loss-->2.936158
INFO:root:loss-->3.015715
INFO:root:loss-->5.449608
INFO:root:loss-->3.195414
INFO:root:loss-->3.616765
INFO:root:loss-->3.813530
INFO:root:loss-->7.701421
INFO:root:loss-->3.719308
INFO:root:loss-->4.694575
INFO:root:loss-->3.500541
INFO:root:loss-->4.113701
INFO:root:loss-->9.810631
INFO:root:loss-->11.607248
INFO:root:loss-->8.168776
INFO:root:loss-->2.398259
INFO:root:loss-->5.240853
INFO:root:loss-->5.236468
INFO:root:loss-->4.194275
INFO:root:loss-->4.591956
INFO:root:loss-->4.364995
INFO:root:loss-->5.516421
INFO:root:loss-->4.498271
INFO:root:loss-->5.255095
INFO:root:loss-->10.485643
INFO:root:loss-->4.103060
INFO:root:loss-->3.831027
INFO:root:loss-->3.993019
INFO:root:loss-->3.678176
INFO:root:loss-->3.441084
INFO:root:loss-->3.879868
INFO:root:loss-->3.782049
INFO:root:loss-->3.045007
INFO:root:loss-->5.845332
INFO:root:loss-->5.464751
INFO:root:loss-->12.782270
INFO:root:loss-->4.174526
INFO:root:loss-->3.004345
INFO:root:loss-->3.671734
INFO:root:loss-->5.228601
INFO:root:loss-->3.572277
INFO:root:loss-->3.496278
INFO:root:loss-->2.805341
INFO:root:loss-->5.888774
INFO:root:loss-->10.266687
INFO:root:loss-->3.313702
INFO:root:loss-->5.821766
INFO:root:loss-->4.348686
INFO:root:loss-->15.753184
INFO:root:loss-->2.945277
INFO:root:loss-->3.728988
INFO:root:loss-->3.832460
INFO:root:loss-->4.666677
INFO:root:loss-->4.945423
INFO:root:loss-->3.711929
INFO:root:loss-->5.496267
INFO:root:loss-->7.164541
INFO:root:loss-->11.244464
INFO:root:loss-->4.496674
INFO:root:loss-->5.283467
INFO:root:loss-->2.730546
INFO:root:loss-->3.023071
INFO:root:loss-->3.159687
INFO:root:loss-->3.305058
INFO:root:loss-->5.888414
INFO:root:loss-->3.107108
INFO:root:loss-->5.028980
INFO:root:loss-->18.283218
INFO:root:loss-->4.090927
INFO:root:loss-->4.817763
INFO:root:loss-->3.999342
INFO:root:loss-->11.283497
INFO:root:loss-->4.500007
INFO:root:loss-->4.323345
INFO:root:loss-->5.158641
INFO:root:loss-->4.274464
INFO:root:loss-->4.270847
INFO:root:loss-->4.354659
INFO:root:loss-->1.813264
