2023-11-21 15:38:27 - #----------Config info----------#
2023-11-21 15:38:27 - network: Pointneted_plus,
2023-11-21 15:38:27 - data_path: /media/yxz/新加卷/teeth_ct_points/CT3Dpoints/,
2023-11-21 15:38:27 - label_path: /media/yxz/新加卷/teeth_ct_points/CT3Dpoints/三维坐标表格.xlsx,
2023-11-21 15:38:27 - pretrained_path: ./pre_trained/,
2023-11-21 15:38:27 - num_classes: 3,
2023-11-21 15:38:27 - input_size_h: 512,
2023-11-21 15:38:27 - input_size_w: 512,
2023-11-21 15:38:27 - input_channels: 64,
2023-11-21 15:38:27 - distributed: False,
2023-11-21 15:38:27 - local_rank: -1,
2023-11-21 15:38:27 - num_workers: 4,
2023-11-21 15:38:27 - seed: 42,
2023-11-21 15:38:27 - world_size: None,
2023-11-21 15:38:27 - rank: None,
2023-11-21 15:38:27 - amp: False,
2023-11-21 15:38:27 - gpu_id: 0,
2023-11-21 15:38:27 - batch_size: 2,
2023-11-21 15:38:27 - val_bs: 1,
2023-11-21 15:38:27 - epochs: 800,
2023-11-21 15:38:27 - deep_supervision: True,
2023-11-21 15:38:27 - tailadd: True,
2023-11-21 15:38:27 - threshold: 8.660254037844387,
2023-11-21 15:38:27 - train_mean: [38.167084, 36.47113, 35.658463, 34.7275, 34.397972, 34.392757, 33.96709, 34.126865, 34.28234, 33.729267, 32.7962, 32.064926, 31.681631, 31.124203, 30.844501, 31.361849, 32.73974, 34.215652, 36.648277, 38.611458, 40.539837, 42.120747, 43.28669, 44.45494, 45.614132, 46.21989, 47.45023, 48.500004, 49.44821, 50.419426, 52.140045, 53.649082, 54.722622, 55.427254, 55.996006, 56.55678, 57.03274, 56.78339, 56.16994, 56.052105, 56.084873, 55.73664, 55.51461, 54.455627, 53.19349, 51.708523, 50.496777, 48.39798, 46.618237],
2023-11-21 15:38:27 - train_std: [52.12329, 51.107494, 50.941055, 50.223755, 50.00628, 50.154346, 49.390217, 49.584064, 49.46689, 48.635002, 46.955963, 45.86415, 45.254314, 44.008198, 43.081245, 43.15782, 44.181343, 45.16833, 47.433487, 48.60615, 50.44894, 51.635715, 52.542904, 53.638527, 54.554443, 54.860928, 55.634895, 56.127644, 56.314377, 56.52658, 57.31575, 57.992775, 58.40813, 58.65052, 58.6726, 58.786034, 59.043797, 59.15101, 58.878242, 59.1303, 59.565495, 59.95643, 60.605595, 60.74457, 60.784153, 60.811424, 61.18004, 60.75567, 60.8064],
2023-11-21 15:38:27 - val_mean: [39.743374, 38.122738, 37.19561, 35.71686, 35.202812, 34.790627, 34.621647, 34.678947, 34.44854, 33.327152, 32.52173, 31.267305, 30.603254, 30.013475, 29.536041, 30.480452, 31.952286, 33.71057, 36.010574, 38.201912, 39.313183, 42.94376, 44.53766, 45.518337, 46.94797, 46.58542, 47.49811, 48.238167, 51.026104, 52.292915, 52.69654, 53.169758, 53.87486, 55.697067, 57.654236, 57.586315, 57.758514, 57.174618, 57.736595, 57.24419, 57.544117, 57.37176, 56.43062, 55.96641, 55.325653, 53.10815, 52.179287, 50.27785, 47.04305],
2023-11-21 15:38:27 - val_std: [53.15056, 52.15993, 51.616505, 50.33102, 50.21509, 50.081203, 50.03935, 49.86299, 49.531567, 48.28274, 46.95426, 45.172287, 43.96861, 42.88531, 41.24616, 42.37183, 43.43441, 44.75589, 46.571957, 48.567627, 49.173023, 51.97025, 53.31617, 54.147503, 55.217754, 54.256313, 54.82137, 55.228252, 57.024765, 57.493202, 57.21687, 57.12449, 57.009945, 58.07164, 58.968643, 58.816093, 58.97068, 58.471672, 58.976105, 58.958794, 59.510704, 60.026344, 60.16703, 60.841858, 61.621956, 61.22611, 61.83866, 62.08808, 61.1031],
2023-11-21 15:38:27 - work_dir: results/Pointneted_plus_Tuesday_21_November_2023_15h_38m_27s/,
2023-11-21 15:38:27 - tensor_size: 0,
2023-11-21 15:38:27 - train_transformer: Compose(
    <utils.myToTensor object at 0x7f1b0fc2ca30>
    <utils.myResize object at 0x7f1a2702d670>
),
2023-11-21 15:38:27 - test_transformer: Compose(
    <utils.myToTensor object at 0x7f1b0fbc1eb0>
    <utils.myResize object at 0x7f1b0fbc1ee0>
),
2023-11-21 15:38:27 - opt: AdamW,
2023-11-21 15:38:27 - lr: 0.001,
2023-11-21 15:38:27 - betas: (0.9, 0.999),
2023-11-21 15:38:27 - eps: 1e-08,
2023-11-21 15:38:27 - weight_decay: 0.01,
2023-11-21 15:38:27 - amsgrad: False,
2023-11-21 15:38:27 - sch: CosineAnnealingLR,
2023-11-21 15:38:27 - T_max: 50,
2023-11-21 15:38:27 - eta_min: 1e-05,
2023-11-21 15:38:27 - last_epoch: -1,
INFO:root:train--mean-->[38.167084 36.47113  35.658463 34.7275   34.397972 34.392757 33.96709
 34.126865 34.28234  33.729267 32.7962   32.064926 31.681631 31.124203
 30.844501 31.361849 32.73974  34.215652 36.648277 38.611458 40.539837
 42.120747 43.28669  44.45494  45.614132 46.21989  47.45023  48.500004
 49.44821  50.419426 52.140045 53.649082 54.722622 55.427254 55.996006
 56.55678  57.03274  56.78339  56.16994  56.052105 56.084873 55.73664
 55.51461  54.455627 53.19349  51.708523 50.496777 48.39798  46.618237]
INFO:root:train--std-->[52.12329  51.107494 50.941055 50.223755 50.00628  50.154346 49.390217
 49.584064 49.46689  48.635002 46.955963 45.86415  45.254314 44.008198
 43.081245 43.15782  44.181343 45.16833  47.433487 48.60615  50.44894
 51.635715 52.542904 53.638527 54.554443 54.860928 55.634895 56.127644
 56.314377 56.52658  57.31575  57.992775 58.40813  58.65052  58.6726
 58.786034 59.043797 59.15101  58.878242 59.1303   59.565495 59.95643
 60.605595 60.74457  60.784153 60.811424 61.18004  60.75567  60.8064  ]
INFO:root:val--mean-->[39.743374 38.122738 37.19561  35.71686  35.202812 34.790627 34.621647
 34.678947 34.44854  33.327152 32.52173  31.267305 30.603254 30.013475
 29.536041 30.480452 31.952286 33.71057  36.010574 38.201912 39.313183
 42.94376  44.53766  45.518337 46.94797  46.58542  47.49811  48.238167
 51.026104 52.292915 52.69654  53.169758 53.87486  55.697067 57.654236
 57.586315 57.758514 57.174618 57.736595 57.24419  57.544117 57.37176
 56.43062  55.96641  55.325653 53.10815  52.179287 50.27785  47.04305 ]
INFO:root:val--std-->[53.15056  52.15993  51.616505 50.33102  50.21509  50.081203 50.03935
 49.86299  49.531567 48.28274  46.95426  45.172287 43.96861  42.88531
 41.24616  42.37183  43.43441  44.75589  46.571957 48.567627 49.173023
 51.97025  53.31617  54.147503 55.217754 54.256313 54.82137  55.228252
 57.024765 57.493202 57.21687  57.12449  57.009945 58.07164  58.968643
 58.816093 58.97068  58.471672 58.976105 58.958794 59.510704 60.026344
 60.16703  60.841858 61.621956 61.22611  61.83866  62.08808  61.1031  ]
INFO:root:real_input_channels-->49
INFO:root:epoch:0 train_eval_loss-->7.726715,train_acc-->0.050147,test_eval_loss-->5.098022,test_acc===0.137255
INFO:root:epoch:1 train_eval_loss-->5.305729,train_acc-->0.079646,test_eval_loss-->4.926452,test_acc===0.078431
INFO:root:epoch:2 train_eval_loss-->4.542123,train_acc-->0.132743,test_eval_loss-->4.270689,test_acc===0.156863
INFO:root:epoch:3 train_eval_loss-->4.210206,train_acc-->0.106195,test_eval_loss-->5.158459,test_acc===0.009804
INFO:root:epoch:4 train_eval_loss-->4.132370,train_acc-->0.126844,test_eval_loss-->4.567179,test_acc===0.019608
INFO:root:epoch:5 train_eval_loss-->4.004874,train_acc-->0.147493,test_eval_loss-->3.875482,test_acc===0.225490
INFO:root:epoch:6 train_eval_loss-->3.787913,train_acc-->0.209440,test_eval_loss-->5.369356,test_acc===0.000000
INFO:root:epoch:7 train_eval_loss-->3.580867,train_acc-->0.230088,test_eval_loss-->3.594414,test_acc===0.107843
INFO:root:epoch:8 train_eval_loss-->3.479543,train_acc-->0.221239,test_eval_loss-->4.010848,test_acc===0.058824
INFO:root:epoch:9 train_eval_loss-->3.440125,train_acc-->0.185841,test_eval_loss-->3.329052,test_acc===0.284314
INFO:root:epoch:10 train_eval_loss-->3.218181,train_acc-->0.259587,test_eval_loss-->3.129792,test_acc===0.352941
INFO:root:epoch:11 train_eval_loss-->2.922296,train_acc-->0.271386,test_eval_loss-->3.438212,test_acc===0.127451
INFO:root:epoch:12 train_eval_loss-->3.118054,train_acc-->0.259587,test_eval_loss-->3.667790,test_acc===0.098039
INFO:root:epoch:13 train_eval_loss-->3.085840,train_acc-->0.209440,test_eval_loss-->3.146078,test_acc===0.235294
INFO:root:epoch:14 train_eval_loss-->2.953764,train_acc-->0.303835,test_eval_loss-->2.715016,test_acc===0.392157
INFO:root:epoch:15 train_eval_loss-->2.508207,train_acc-->0.404130,test_eval_loss-->2.513806,test_acc===0.313725
INFO:root:epoch:16 train_eval_loss-->2.495466,train_acc-->0.412979,test_eval_loss-->2.573343,test_acc===0.441176
INFO:root:epoch:17 train_eval_loss-->2.490085,train_acc-->0.380531,test_eval_loss-->3.274361,test_acc===0.147059
INFO:root:epoch:18 train_eval_loss-->2.479973,train_acc-->0.374631,test_eval_loss-->2.748435,test_acc===0.323529
INFO:root:epoch:19 train_eval_loss-->2.270791,train_acc-->0.474926,test_eval_loss-->2.064383,test_acc===0.519608
INFO:root:epoch:20 train_eval_loss-->2.044571,train_acc-->0.572271,test_eval_loss-->2.129213,test_acc===0.568627
INFO:root:epoch:21 train_eval_loss-->2.041455,train_acc-->0.554572,test_eval_loss-->3.058901,test_acc===0.058824
INFO:root:epoch:22 train_eval_loss-->2.015389,train_acc-->0.566372,test_eval_loss-->2.746893,test_acc===0.225490
INFO:root:epoch:23 train_eval_loss-->1.885154,train_acc-->0.625369,test_eval_loss-->2.303404,test_acc===0.431373
INFO:root:epoch:24 train_eval_loss-->1.782122,train_acc-->0.631268,test_eval_loss-->2.259382,test_acc===0.490196
INFO:root:epoch:25 train_eval_loss-->1.644702,train_acc-->0.743363,test_eval_loss-->2.583898,test_acc===0.372549
INFO:root:epoch:26 train_eval_loss-->1.659239,train_acc-->0.728614,test_eval_loss-->2.260681,test_acc===0.431373
INFO:root:epoch:27 train_eval_loss-->1.497961,train_acc-->0.775811,test_eval_loss-->2.009841,test_acc===0.509804
INFO:root:epoch:28 train_eval_loss-->1.406593,train_acc-->0.828909,test_eval_loss-->2.376280,test_acc===0.441176
INFO:root:epoch:29 train_eval_loss-->1.318915,train_acc-->0.879056,test_eval_loss-->1.951249,test_acc===0.666667
INFO:root:epoch:30 train_eval_loss-->1.401155,train_acc-->0.802360,test_eval_loss-->2.202126,test_acc===0.519608
INFO:root:epoch:31 train_eval_loss-->1.272756,train_acc-->0.890855,test_eval_loss-->1.987235,test_acc===0.549020
INFO:root:epoch:32 train_eval_loss-->1.219725,train_acc-->0.896755,test_eval_loss-->1.815450,test_acc===0.656863
INFO:root:epoch:33 train_eval_loss-->1.128899,train_acc-->0.929204,test_eval_loss-->1.870655,test_acc===0.637255
INFO:root:epoch:34 train_eval_loss-->1.068619,train_acc-->0.955752,test_eval_loss-->1.884728,test_acc===0.617647
INFO:root:epoch:35 train_eval_loss-->0.940953,train_acc-->0.985251,test_eval_loss-->1.882846,test_acc===0.607843
INFO:root:epoch:36 train_eval_loss-->0.966377,train_acc-->0.967552,test_eval_loss-->1.807691,test_acc===0.637255
INFO:root:epoch:37 train_eval_loss-->0.825639,train_acc-->0.991150,test_eval_loss-->1.775615,test_acc===0.637255
INFO:root:epoch:38 train_eval_loss-->0.781561,train_acc-->0.994100,test_eval_loss-->1.720757,test_acc===0.686275
INFO:root:epoch:39 train_eval_loss-->0.735153,train_acc-->0.994100,test_eval_loss-->1.780400,test_acc===0.666667
INFO:root:epoch:40 train_eval_loss-->0.696299,train_acc-->0.994100,test_eval_loss-->1.780797,test_acc===0.627451
INFO:root:epoch:41 train_eval_loss-->0.659703,train_acc-->0.991150,test_eval_loss-->1.781172,test_acc===0.686275
INFO:root:epoch:42 train_eval_loss-->0.616745,train_acc-->0.994100,test_eval_loss-->1.743425,test_acc===0.686275
INFO:root:epoch:43 train_eval_loss-->0.586337,train_acc-->0.994100,test_eval_loss-->1.788569,test_acc===0.647059
INFO:root:epoch:44 train_eval_loss-->0.564665,train_acc-->0.994100,test_eval_loss-->1.767080,test_acc===0.676471
INFO:root:epoch:45 train_eval_loss-->0.538486,train_acc-->0.997050,test_eval_loss-->1.748130,test_acc===0.676471
INFO:root:epoch:46 train_eval_loss-->0.528913,train_acc-->0.994100,test_eval_loss-->1.797693,test_acc===0.647059
INFO:root:epoch:47 train_eval_loss-->0.509246,train_acc-->0.994100,test_eval_loss-->1.754424,test_acc===0.666667
INFO:root:epoch:48 train_eval_loss-->0.499449,train_acc-->0.994100,test_eval_loss-->1.765059,test_acc===0.656863
INFO:root:epoch:49 train_eval_loss-->0.491111,train_acc-->0.997050,test_eval_loss-->1.755240,test_acc===0.666667
INFO:root:epoch:50 train_eval_loss-->0.487618,train_acc-->0.994100,test_eval_loss-->1.771515,test_acc===0.656863
INFO:root:epoch:51 train_eval_loss-->0.487066,train_acc-->0.997050,test_eval_loss-->1.762230,test_acc===0.656863
INFO:root:epoch:52 train_eval_loss-->0.482476,train_acc-->0.994100,test_eval_loss-->1.752342,test_acc===0.666667
INFO:root:epoch:53 train_eval_loss-->0.488903,train_acc-->0.994100,test_eval_loss-->1.747421,test_acc===0.666667
INFO:root:epoch:54 train_eval_loss-->0.485017,train_acc-->0.997050,test_eval_loss-->1.754767,test_acc===0.686275
INFO:root:epoch:55 train_eval_loss-->0.492745,train_acc-->0.994100,test_eval_loss-->1.777604,test_acc===0.647059
INFO:root:epoch:56 train_eval_loss-->0.493872,train_acc-->0.994100,test_eval_loss-->1.781149,test_acc===0.656863
INFO:root:epoch:57 train_eval_loss-->0.511888,train_acc-->0.997050,test_eval_loss-->1.750575,test_acc===0.656863
INFO:root:epoch:58 train_eval_loss-->0.551137,train_acc-->0.997050,test_eval_loss-->1.859848,test_acc===0.598039
INFO:root:epoch:59 train_eval_loss-->0.588484,train_acc-->0.997050,test_eval_loss-->1.756089,test_acc===0.656863
INFO:root:epoch:60 train_eval_loss-->0.596938,train_acc-->0.997050,test_eval_loss-->1.779359,test_acc===0.637255
INFO:root:epoch:61 train_eval_loss-->0.617019,train_acc-->0.997050,test_eval_loss-->1.749488,test_acc===0.676471
INFO:root:epoch:62 train_eval_loss-->0.714089,train_acc-->0.994100,test_eval_loss-->1.837898,test_acc===0.647059
INFO:root:epoch:63 train_eval_loss-->0.777209,train_acc-->0.994100,test_eval_loss-->1.832472,test_acc===0.656863
INFO:root:epoch:64 train_eval_loss-->0.808491,train_acc-->0.991150,test_eval_loss-->2.004195,test_acc===0.627451
INFO:root:epoch:65 train_eval_loss-->0.891456,train_acc-->0.973451,test_eval_loss-->1.883167,test_acc===0.607843
INFO:root:epoch:66 train_eval_loss-->0.784375,train_acc-->0.988201,test_eval_loss-->1.884830,test_acc===0.617647
INFO:root:epoch:67 train_eval_loss-->0.971240,train_acc-->0.964602,test_eval_loss-->1.927309,test_acc===0.588235
INFO:root:epoch:68 train_eval_loss-->0.907629,train_acc-->0.979351,test_eval_loss-->2.188494,test_acc===0.509804
INFO:root:epoch:69 train_eval_loss-->1.099667,train_acc-->0.923304,test_eval_loss-->2.025082,test_acc===0.519608
INFO:root:epoch:70 train_eval_loss-->1.058294,train_acc-->0.932153,test_eval_loss-->2.073516,test_acc===0.490196
INFO:root:epoch:71 train_eval_loss-->1.138941,train_acc-->0.914454,test_eval_loss-->2.397362,test_acc===0.333333
INFO:root:epoch:72 train_eval_loss-->1.204277,train_acc-->0.876106,test_eval_loss-->1.939987,test_acc===0.617647
INFO:root:epoch:73 train_eval_loss-->1.075268,train_acc-->0.938053,test_eval_loss-->2.165177,test_acc===0.480392
INFO:root:epoch:74 train_eval_loss-->1.080985,train_acc-->0.941003,test_eval_loss-->1.836644,test_acc===0.676471
INFO:root:epoch:75 train_eval_loss-->1.120376,train_acc-->0.917404,test_eval_loss-->2.046576,test_acc===0.519608
INFO:root:epoch:76 train_eval_loss-->1.131347,train_acc-->0.926254,test_eval_loss-->2.254214,test_acc===0.470588
INFO:root:epoch:77 train_eval_loss-->1.189862,train_acc-->0.896755,test_eval_loss-->1.990905,test_acc===0.598039
INFO:root:epoch:78 train_eval_loss-->1.150172,train_acc-->0.920354,test_eval_loss-->1.978558,test_acc===0.568627
INFO:root:epoch:79 train_eval_loss-->1.207190,train_acc-->0.879056,test_eval_loss-->2.174114,test_acc===0.411765
INFO:root:epoch:80 train_eval_loss-->1.366107,train_acc-->0.808260,test_eval_loss-->1.988428,test_acc===0.578431
INFO:root:epoch:81 train_eval_loss-->1.302243,train_acc-->0.846608,test_eval_loss-->2.121633,test_acc===0.509804
INFO:root:epoch:82 train_eval_loss-->1.282117,train_acc-->0.890855,test_eval_loss-->2.087142,test_acc===0.509804
INFO:root:epoch:83 train_eval_loss-->1.212755,train_acc-->0.879056,test_eval_loss-->2.170345,test_acc===0.509804
INFO:root:epoch:84 train_eval_loss-->1.434503,train_acc-->0.784661,test_eval_loss-->2.247058,test_acc===0.401961
INFO:root:epoch:85 train_eval_loss-->1.447570,train_acc-->0.713864,test_eval_loss-->1.801347,test_acc===0.705882
INFO:root:epoch:86 train_eval_loss-->1.280631,train_acc-->0.849558,test_eval_loss-->1.916464,test_acc===0.539216
INFO:root:epoch:87 train_eval_loss-->1.268609,train_acc-->0.864307,test_eval_loss-->2.701764,test_acc===0.215686
INFO:root:epoch:88 train_eval_loss-->1.368020,train_acc-->0.825959,test_eval_loss-->1.897372,test_acc===0.627451
INFO:root:epoch:89 train_eval_loss-->1.324454,train_acc-->0.846608,test_eval_loss-->2.011738,test_acc===0.539216
INFO:root:epoch:90 train_eval_loss-->1.370376,train_acc-->0.837758,test_eval_loss-->1.935926,test_acc===0.637255
INFO:root:epoch:91 train_eval_loss-->1.163552,train_acc-->0.908555,test_eval_loss-->1.835592,test_acc===0.607843
INFO:root:epoch:92 train_eval_loss-->1.235656,train_acc-->0.902655,test_eval_loss-->2.259185,test_acc===0.392157
INFO:root:epoch:93 train_eval_loss-->1.359123,train_acc-->0.828909,test_eval_loss-->2.101257,test_acc===0.568627
INFO:root:epoch:94 train_eval_loss-->1.272739,train_acc-->0.843658,test_eval_loss-->1.829143,test_acc===0.607843
INFO:root:epoch:95 train_eval_loss-->1.460774,train_acc-->0.761062,test_eval_loss-->2.182484,test_acc===0.529412
INFO:root:epoch:96 train_eval_loss-->1.395221,train_acc-->0.823009,test_eval_loss-->2.216296,test_acc===0.421569
INFO:root:epoch:97 train_eval_loss-->1.359717,train_acc-->0.837758,test_eval_loss-->2.205468,test_acc===0.460784
INFO:root:epoch:98 train_eval_loss-->1.280595,train_acc-->0.864307,test_eval_loss-->2.055123,test_acc===0.588235
INFO:root:epoch:99 train_eval_loss-->1.386454,train_acc-->0.764012,test_eval_loss-->1.733127,test_acc===0.627451
INFO:root:epoch:100 train_eval_loss-->1.175466,train_acc-->0.908555,test_eval_loss-->2.403611,test_acc===0.372549
INFO:root:epoch:101 train_eval_loss-->1.344285,train_acc-->0.834808,test_eval_loss-->2.165091,test_acc===0.490196
INFO:root:epoch:102 train_eval_loss-->1.077618,train_acc-->0.911504,test_eval_loss-->2.317225,test_acc===0.500000
INFO:root:epoch:103 train_eval_loss-->1.076024,train_acc-->0.926254,test_eval_loss-->1.829343,test_acc===0.686275
INFO:root:epoch:104 train_eval_loss-->1.211138,train_acc-->0.873156,test_eval_loss-->2.248601,test_acc===0.421569
INFO:root:epoch:105 train_eval_loss-->1.112489,train_acc-->0.899705,test_eval_loss-->1.832104,test_acc===0.617647
INFO:root:epoch:106 train_eval_loss-->1.130916,train_acc-->0.914454,test_eval_loss-->1.961790,test_acc===0.549020
INFO:root:epoch:107 train_eval_loss-->1.019346,train_acc-->0.955752,test_eval_loss-->1.991288,test_acc===0.529412
INFO:root:epoch:108 train_eval_loss-->1.110530,train_acc-->0.899705,test_eval_loss-->1.984634,test_acc===0.529412
INFO:root:epoch:109 train_eval_loss-->1.006986,train_acc-->0.946903,test_eval_loss-->1.751671,test_acc===0.696078
INFO:root:epoch:110 train_eval_loss-->0.907537,train_acc-->0.964602,test_eval_loss-->1.924101,test_acc===0.607843
INFO:root:epoch:111 train_eval_loss-->0.922406,train_acc-->0.964602,test_eval_loss-->2.195302,test_acc===0.490196
INFO:root:epoch:112 train_eval_loss-->0.990962,train_acc-->0.961652,test_eval_loss-->1.626793,test_acc===0.676471
INFO:root:epoch:113 train_eval_loss-->0.944313,train_acc-->0.967552,test_eval_loss-->2.009715,test_acc===0.539216
INFO:root:epoch:114 train_eval_loss-->0.889938,train_acc-->0.970501,test_eval_loss-->1.960498,test_acc===0.549020
INFO:root:epoch:115 train_eval_loss-->0.845648,train_acc-->0.970501,test_eval_loss-->1.787107,test_acc===0.686275
INFO:root:epoch:116 train_eval_loss-->0.908267,train_acc-->0.976401,test_eval_loss-->1.956467,test_acc===0.588235
INFO:root:epoch:117 train_eval_loss-->0.854780,train_acc-->0.973451,test_eval_loss-->1.823526,test_acc===0.607843
INFO:root:epoch:118 train_eval_loss-->0.828875,train_acc-->0.979351,test_eval_loss-->2.143061,test_acc===0.519608
INFO:root:epoch:119 train_eval_loss-->0.779818,train_acc-->0.979351,test_eval_loss-->1.767096,test_acc===0.666667
INFO:root:epoch:120 train_eval_loss-->0.767733,train_acc-->0.976401,test_eval_loss-->2.061246,test_acc===0.529412
INFO:root:epoch:121 train_eval_loss-->0.710604,train_acc-->0.985251,test_eval_loss-->1.771051,test_acc===0.637255
INFO:root:epoch:122 train_eval_loss-->0.605837,train_acc-->0.988201,test_eval_loss-->1.967490,test_acc===0.529412
INFO:root:epoch:123 train_eval_loss-->0.590267,train_acc-->0.994100,test_eval_loss-->1.799759,test_acc===0.607843
INFO:root:epoch:124 train_eval_loss-->0.617644,train_acc-->0.988201,test_eval_loss-->1.939799,test_acc===0.568627
INFO:root:epoch:125 train_eval_loss-->0.582228,train_acc-->0.991150,test_eval_loss-->1.795044,test_acc===0.627451
INFO:root:epoch:126 train_eval_loss-->0.538511,train_acc-->0.994100,test_eval_loss-->1.827743,test_acc===0.588235
INFO:root:epoch:127 train_eval_loss-->0.539307,train_acc-->0.997050,test_eval_loss-->1.715278,test_acc===0.647059
INFO:root:epoch:128 train_eval_loss-->0.551412,train_acc-->0.997050,test_eval_loss-->1.751784,test_acc===0.617647
INFO:root:epoch:129 train_eval_loss-->0.486296,train_acc-->0.994100,test_eval_loss-->1.779071,test_acc===0.617647
INFO:root:epoch:130 train_eval_loss-->0.414229,train_acc-->0.997050,test_eval_loss-->1.789774,test_acc===0.607843
INFO:root:epoch:131 train_eval_loss-->0.438316,train_acc-->0.997050,test_eval_loss-->1.742945,test_acc===0.637255
INFO:root:epoch:132 train_eval_loss-->0.418320,train_acc-->0.997050,test_eval_loss-->1.682719,test_acc===0.676471
INFO:root:epoch:133 train_eval_loss-->0.385779,train_acc-->0.997050,test_eval_loss-->1.742288,test_acc===0.647059
INFO:root:epoch:134 train_eval_loss-->0.338751,train_acc-->0.997050,test_eval_loss-->1.671943,test_acc===0.676471
INFO:root:epoch:135 train_eval_loss-->0.339306,train_acc-->0.997050,test_eval_loss-->1.730112,test_acc===0.656863
INFO:root:epoch:136 train_eval_loss-->0.284141,train_acc-->0.997050,test_eval_loss-->1.683697,test_acc===0.686275
INFO:root:epoch:137 train_eval_loss-->0.259483,train_acc-->0.997050,test_eval_loss-->1.714357,test_acc===0.627451
INFO:root:epoch:138 train_eval_loss-->0.231612,train_acc-->0.997050,test_eval_loss-->1.705590,test_acc===0.647059
INFO:root:epoch:139 train_eval_loss-->0.203669,train_acc-->0.997050,test_eval_loss-->1.722770,test_acc===0.656863
INFO:root:epoch:140 train_eval_loss-->0.191842,train_acc-->0.997050,test_eval_loss-->1.715425,test_acc===0.647059
INFO:root:epoch:141 train_eval_loss-->0.173431,train_acc-->0.997050,test_eval_loss-->1.707041,test_acc===0.647059
INFO:root:epoch:142 train_eval_loss-->0.158536,train_acc-->0.997050,test_eval_loss-->1.714599,test_acc===0.627451
INFO:root:epoch:143 train_eval_loss-->0.145192,train_acc-->0.997050,test_eval_loss-->1.710117,test_acc===0.637255
INFO:root:epoch:144 train_eval_loss-->0.136153,train_acc-->0.997050,test_eval_loss-->1.700796,test_acc===0.666667
INFO:root:epoch:145 train_eval_loss-->0.125611,train_acc-->0.997050,test_eval_loss-->1.698300,test_acc===0.666667
INFO:root:epoch:146 train_eval_loss-->0.115629,train_acc-->0.997050,test_eval_loss-->1.703660,test_acc===0.656863
INFO:root:epoch:147 train_eval_loss-->0.112811,train_acc-->0.997050,test_eval_loss-->1.698970,test_acc===0.666667
INFO:root:epoch:148 train_eval_loss-->0.105592,train_acc-->0.997050,test_eval_loss-->1.699097,test_acc===0.666667
INFO:root:epoch:149 train_eval_loss-->0.102229,train_acc-->0.997050,test_eval_loss-->1.701715,test_acc===0.666667
INFO:root:epoch:150 train_eval_loss-->0.100122,train_acc-->0.997050,test_eval_loss-->1.701899,test_acc===0.666667
INFO:root:epoch:151 train_eval_loss-->0.098000,train_acc-->0.997050,test_eval_loss-->1.701921,test_acc===0.666667
INFO:root:epoch:152 train_eval_loss-->0.098907,train_acc-->0.997050,test_eval_loss-->1.698779,test_acc===0.666667
INFO:root:epoch:153 train_eval_loss-->0.098559,train_acc-->0.997050,test_eval_loss-->1.699991,test_acc===0.666667
INFO:root:epoch:154 train_eval_loss-->0.101322,train_acc-->0.997050,test_eval_loss-->1.701065,test_acc===0.666667
INFO:root:epoch:155 train_eval_loss-->0.107369,train_acc-->0.997050,test_eval_loss-->1.700446,test_acc===0.656863
INFO:root:epoch:156 train_eval_loss-->0.114666,train_acc-->0.997050,test_eval_loss-->1.701347,test_acc===0.656863
INFO:root:epoch:157 train_eval_loss-->0.123797,train_acc-->0.997050,test_eval_loss-->1.695687,test_acc===0.656863
INFO:root:epoch:158 train_eval_loss-->0.145219,train_acc-->0.997050,test_eval_loss-->1.728958,test_acc===0.627451
INFO:root:epoch:159 train_eval_loss-->0.169328,train_acc-->0.997050,test_eval_loss-->1.711248,test_acc===0.647059
INFO:root:epoch:160 train_eval_loss-->0.192949,train_acc-->0.997050,test_eval_loss-->1.692227,test_acc===0.656863
INFO:root:epoch:161 train_eval_loss-->0.192723,train_acc-->0.997050,test_eval_loss-->1.722700,test_acc===0.617647
INFO:root:epoch:162 train_eval_loss-->0.210175,train_acc-->0.997050,test_eval_loss-->1.694914,test_acc===0.656863
INFO:root:epoch:163 train_eval_loss-->0.265502,train_acc-->0.997050,test_eval_loss-->1.723083,test_acc===0.627451
INFO:root:epoch:164 train_eval_loss-->0.280628,train_acc-->0.997050,test_eval_loss-->1.731158,test_acc===0.647059
INFO:root:epoch:165 train_eval_loss-->0.307355,train_acc-->0.997050,test_eval_loss-->1.702986,test_acc===0.647059
INFO:root:epoch:166 train_eval_loss-->0.318234,train_acc-->0.997050,test_eval_loss-->1.716836,test_acc===0.627451
INFO:root:epoch:167 train_eval_loss-->0.358994,train_acc-->0.997050,test_eval_loss-->1.805613,test_acc===0.627451
INFO:root:epoch:168 train_eval_loss-->0.455738,train_acc-->0.997050,test_eval_loss-->1.731808,test_acc===0.637255
INFO:root:epoch:169 train_eval_loss-->0.390620,train_acc-->0.997050,test_eval_loss-->1.733584,test_acc===0.656863
INFO:root:epoch:170 train_eval_loss-->0.425066,train_acc-->0.994100,test_eval_loss-->1.708657,test_acc===0.656863
INFO:root:epoch:171 train_eval_loss-->0.500607,train_acc-->0.997050,test_eval_loss-->1.840807,test_acc===0.637255
INFO:root:epoch:172 train_eval_loss-->0.585275,train_acc-->0.991150,test_eval_loss-->1.727916,test_acc===0.656863
INFO:root:epoch:173 train_eval_loss-->0.547788,train_acc-->0.997050,test_eval_loss-->1.737368,test_acc===0.627451
INFO:root:epoch:174 train_eval_loss-->0.521970,train_acc-->0.994100,test_eval_loss-->1.828828,test_acc===0.637255
INFO:root:epoch:175 train_eval_loss-->0.651733,train_acc-->0.991150,test_eval_loss-->2.020159,test_acc===0.588235
INFO:root:epoch:176 train_eval_loss-->0.772075,train_acc-->0.973451,test_eval_loss-->1.745324,test_acc===0.686275
INFO:root:epoch:177 train_eval_loss-->0.631324,train_acc-->0.991150,test_eval_loss-->1.824660,test_acc===0.598039
INFO:root:epoch:178 train_eval_loss-->0.717959,train_acc-->0.982301,test_eval_loss-->1.988442,test_acc===0.578431
INFO:root:epoch:179 train_eval_loss-->0.760375,train_acc-->0.967552,test_eval_loss-->1.787814,test_acc===0.627451
INFO:root:epoch:180 train_eval_loss-->0.700202,train_acc-->0.985251,test_eval_loss-->2.085212,test_acc===0.480392
INFO:root:epoch:181 train_eval_loss-->0.770027,train_acc-->0.988201,test_eval_loss-->2.017551,test_acc===0.578431
INFO:root:epoch:182 train_eval_loss-->0.789318,train_acc-->0.988201,test_eval_loss-->1.854029,test_acc===0.578431
INFO:root:epoch:183 train_eval_loss-->0.918518,train_acc-->0.949853,test_eval_loss-->1.831876,test_acc===0.647059
INFO:root:epoch:184 train_eval_loss-->0.870842,train_acc-->0.973451,test_eval_loss-->1.850085,test_acc===0.607843
INFO:root:epoch:185 train_eval_loss-->0.977347,train_acc-->0.941003,test_eval_loss-->1.933962,test_acc===0.637255
INFO:root:epoch:186 train_eval_loss-->1.000018,train_acc-->0.973451,test_eval_loss-->1.783897,test_acc===0.637255
INFO:root:epoch:187 train_eval_loss-->0.783797,train_acc-->0.976401,test_eval_loss-->1.837564,test_acc===0.666667
INFO:root:epoch:188 train_eval_loss-->1.068982,train_acc-->0.902655,test_eval_loss-->1.867946,test_acc===0.578431
INFO:root:epoch:189 train_eval_loss-->0.973603,train_acc-->0.932153,test_eval_loss-->1.857134,test_acc===0.686275
INFO:root:epoch:190 train_eval_loss-->0.952571,train_acc-->0.932153,test_eval_loss-->1.884682,test_acc===0.588235
INFO:root:epoch:191 train_eval_loss-->0.886743,train_acc-->0.967552,test_eval_loss-->2.366254,test_acc===0.411765
INFO:root:epoch:192 train_eval_loss-->0.870201,train_acc-->0.964602,test_eval_loss-->2.026850,test_acc===0.500000
INFO:root:epoch:193 train_eval_loss-->1.026722,train_acc-->0.943953,test_eval_loss-->1.820148,test_acc===0.686275
INFO:root:epoch:194 train_eval_loss-->0.989859,train_acc-->0.961652,test_eval_loss-->1.944426,test_acc===0.558824
INFO:root:epoch:195 train_eval_loss-->0.967022,train_acc-->0.958702,test_eval_loss-->1.865988,test_acc===0.607843
INFO:root:epoch:196 train_eval_loss-->0.894369,train_acc-->0.964602,test_eval_loss-->2.052344,test_acc===0.539216
INFO:root:epoch:197 train_eval_loss-->1.077005,train_acc-->0.914454,test_eval_loss-->2.062826,test_acc===0.539216
INFO:root:epoch:198 train_eval_loss-->1.071945,train_acc-->0.890855,test_eval_loss-->1.908498,test_acc===0.617647
INFO:root:epoch:199 train_eval_loss-->0.919177,train_acc-->0.955752,test_eval_loss-->1.630598,test_acc===0.705882
INFO:root:epoch:200 train_eval_loss-->1.108118,train_acc-->0.840708,test_eval_loss-->1.989426,test_acc===0.588235
INFO:root:epoch:201 train_eval_loss-->1.154534,train_acc-->0.858407,test_eval_loss-->1.897344,test_acc===0.598039
INFO:root:epoch:202 train_eval_loss-->0.924459,train_acc-->0.949853,test_eval_loss-->1.824396,test_acc===0.627451
INFO:root:epoch:203 train_eval_loss-->0.798566,train_acc-->0.976401,test_eval_loss-->1.900814,test_acc===0.627451
INFO:root:epoch:204 train_eval_loss-->0.724752,train_acc-->0.988201,test_eval_loss-->1.811313,test_acc===0.647059
INFO:root:epoch:205 train_eval_loss-->0.692754,train_acc-->0.991150,test_eval_loss-->1.782449,test_acc===0.656863
INFO:root:epoch:206 train_eval_loss-->0.698263,train_acc-->0.994100,test_eval_loss-->1.721215,test_acc===0.725490
INFO:root:epoch:207 train_eval_loss-->0.750326,train_acc-->0.982301,test_eval_loss-->1.840412,test_acc===0.666667
INFO:root:epoch:208 train_eval_loss-->0.842832,train_acc-->0.982301,test_eval_loss-->1.908570,test_acc===0.568627
INFO:root:epoch:209 train_eval_loss-->0.778119,train_acc-->0.979351,test_eval_loss-->1.789037,test_acc===0.656863
INFO:root:epoch:210 train_eval_loss-->0.751294,train_acc-->0.988201,test_eval_loss-->2.208950,test_acc===0.431373
INFO:root:epoch:211 train_eval_loss-->0.712564,train_acc-->0.985251,test_eval_loss-->1.701623,test_acc===0.666667
INFO:root:epoch:212 train_eval_loss-->0.647950,train_acc-->0.991150,test_eval_loss-->1.849705,test_acc===0.568627
INFO:root:epoch:213 train_eval_loss-->0.602275,train_acc-->0.997050,test_eval_loss-->1.723639,test_acc===0.676471
INFO:root:epoch:214 train_eval_loss-->0.707479,train_acc-->0.976401,test_eval_loss-->1.776548,test_acc===0.637255
INFO:root:epoch:215 train_eval_loss-->0.700960,train_acc-->0.997050,test_eval_loss-->1.899463,test_acc===0.627451
INFO:root:epoch:216 train_eval_loss-->0.636113,train_acc-->0.994100,test_eval_loss-->1.772969,test_acc===0.637255
INFO:root:epoch:217 train_eval_loss-->0.545494,train_acc-->0.997050,test_eval_loss-->1.804752,test_acc===0.656863
INFO:root:epoch:218 train_eval_loss-->0.577119,train_acc-->0.994100,test_eval_loss-->1.868520,test_acc===0.598039
INFO:root:epoch:219 train_eval_loss-->0.585783,train_acc-->0.994100,test_eval_loss-->1.846672,test_acc===0.637255
INFO:root:epoch:220 train_eval_loss-->0.684715,train_acc-->1.000000,test_eval_loss-->1.732043,test_acc===0.666667
INFO:root:epoch:221 train_eval_loss-->0.528885,train_acc-->1.000000,test_eval_loss-->1.710397,test_acc===0.686275
INFO:root:epoch:222 train_eval_loss-->0.491361,train_acc-->1.000000,test_eval_loss-->1.705667,test_acc===0.696078
INFO:root:epoch:223 train_eval_loss-->0.530002,train_acc-->0.997050,test_eval_loss-->1.688112,test_acc===0.676471
INFO:root:epoch:224 train_eval_loss-->0.413410,train_acc-->1.000000,test_eval_loss-->1.711213,test_acc===0.725490
INFO:root:epoch:225 train_eval_loss-->0.431642,train_acc-->0.997050,test_eval_loss-->1.713214,test_acc===0.627451
INFO:root:epoch:226 train_eval_loss-->0.396317,train_acc-->1.000000,test_eval_loss-->1.681464,test_acc===0.715686
INFO:root:epoch:227 train_eval_loss-->0.366339,train_acc-->1.000000,test_eval_loss-->1.683943,test_acc===0.676471
INFO:root:epoch:228 train_eval_loss-->0.377854,train_acc-->1.000000,test_eval_loss-->1.712097,test_acc===0.705882
INFO:root:epoch:229 train_eval_loss-->0.320761,train_acc-->1.000000,test_eval_loss-->1.732954,test_acc===0.666667
INFO:root:epoch:230 train_eval_loss-->0.310871,train_acc-->1.000000,test_eval_loss-->1.778059,test_acc===0.627451
INFO:root:epoch:231 train_eval_loss-->0.282318,train_acc-->1.000000,test_eval_loss-->1.686500,test_acc===0.705882
INFO:root:epoch:232 train_eval_loss-->0.248889,train_acc-->1.000000,test_eval_loss-->1.691338,test_acc===0.725490
INFO:root:epoch:233 train_eval_loss-->0.257463,train_acc-->1.000000,test_eval_loss-->1.674099,test_acc===0.696078
INFO:root:epoch:234 train_eval_loss-->0.279652,train_acc-->1.000000,test_eval_loss-->1.700929,test_acc===0.686275
INFO:root:epoch:235 train_eval_loss-->0.201395,train_acc-->1.000000,test_eval_loss-->1.679545,test_acc===0.696078
INFO:root:epoch:236 train_eval_loss-->0.188038,train_acc-->1.000000,test_eval_loss-->1.742050,test_acc===0.647059
INFO:root:epoch:237 train_eval_loss-->0.227473,train_acc-->1.000000,test_eval_loss-->1.680068,test_acc===0.686275
INFO:root:epoch:238 train_eval_loss-->0.175265,train_acc-->1.000000,test_eval_loss-->1.685441,test_acc===0.715686
INFO:root:epoch:239 train_eval_loss-->0.140910,train_acc-->1.000000,test_eval_loss-->1.686463,test_acc===0.705882
INFO:root:epoch:240 train_eval_loss-->0.123931,train_acc-->1.000000,test_eval_loss-->1.685975,test_acc===0.705882
INFO:root:epoch:241 train_eval_loss-->0.116759,train_acc-->1.000000,test_eval_loss-->1.676192,test_acc===0.696078
INFO:root:epoch:242 train_eval_loss-->0.093391,train_acc-->1.000000,test_eval_loss-->1.681693,test_acc===0.696078
INFO:root:epoch:243 train_eval_loss-->0.083084,train_acc-->1.000000,test_eval_loss-->1.681444,test_acc===0.705882
INFO:root:epoch:244 train_eval_loss-->0.075714,train_acc-->1.000000,test_eval_loss-->1.668887,test_acc===0.705882
INFO:root:epoch:245 train_eval_loss-->0.065526,train_acc-->1.000000,test_eval_loss-->1.675850,test_acc===0.705882
INFO:root:epoch:246 train_eval_loss-->0.056777,train_acc-->1.000000,test_eval_loss-->1.674377,test_acc===0.705882
INFO:root:epoch:247 train_eval_loss-->0.053052,train_acc-->1.000000,test_eval_loss-->1.672699,test_acc===0.705882
INFO:root:epoch:248 train_eval_loss-->0.050238,train_acc-->1.000000,test_eval_loss-->1.675523,test_acc===0.705882
INFO:root:epoch:249 train_eval_loss-->0.046835,train_acc-->1.000000,test_eval_loss-->1.674933,test_acc===0.705882
INFO:root:epoch:250 train_eval_loss-->0.044933,train_acc-->1.000000,test_eval_loss-->1.673750,test_acc===0.705882
INFO:root:epoch:251 train_eval_loss-->0.044849,train_acc-->1.000000,test_eval_loss-->1.673438,test_acc===0.705882
INFO:root:epoch:252 train_eval_loss-->0.044654,train_acc-->1.000000,test_eval_loss-->1.672579,test_acc===0.705882
INFO:root:epoch:253 train_eval_loss-->0.044672,train_acc-->1.000000,test_eval_loss-->1.674708,test_acc===0.705882
INFO:root:epoch:254 train_eval_loss-->0.048923,train_acc-->1.000000,test_eval_loss-->1.674474,test_acc===0.705882
INFO:root:epoch:255 train_eval_loss-->0.057703,train_acc-->1.000000,test_eval_loss-->1.678761,test_acc===0.705882
INFO:root:epoch:256 train_eval_loss-->0.060661,train_acc-->1.000000,test_eval_loss-->1.675488,test_acc===0.715686
INFO:root:epoch:257 train_eval_loss-->0.068676,train_acc-->1.000000,test_eval_loss-->1.679115,test_acc===0.696078
INFO:root:epoch:258 train_eval_loss-->0.086633,train_acc-->1.000000,test_eval_loss-->1.658875,test_acc===0.715686
INFO:root:epoch:259 train_eval_loss-->0.098727,train_acc-->1.000000,test_eval_loss-->1.665668,test_acc===0.715686
INFO:root:epoch:260 train_eval_loss-->0.107025,train_acc-->1.000000,test_eval_loss-->1.659369,test_acc===0.715686
INFO:root:epoch:261 train_eval_loss-->0.121609,train_acc-->1.000000,test_eval_loss-->1.683303,test_acc===0.705882
INFO:root:epoch:262 train_eval_loss-->0.171056,train_acc-->1.000000,test_eval_loss-->1.699793,test_acc===0.696078
INFO:root:epoch:263 train_eval_loss-->0.208259,train_acc-->1.000000,test_eval_loss-->1.697500,test_acc===0.696078
INFO:root:epoch:264 train_eval_loss-->0.207177,train_acc-->1.000000,test_eval_loss-->1.660964,test_acc===0.705882
INFO:root:epoch:265 train_eval_loss-->0.246554,train_acc-->1.000000,test_eval_loss-->1.668434,test_acc===0.705882
INFO:root:epoch:266 train_eval_loss-->0.230769,train_acc-->1.000000,test_eval_loss-->1.686554,test_acc===0.686275
INFO:root:epoch:267 train_eval_loss-->0.244030,train_acc-->1.000000,test_eval_loss-->1.790215,test_acc===0.627451
INFO:root:epoch:268 train_eval_loss-->0.280706,train_acc-->1.000000,test_eval_loss-->1.751969,test_acc===0.696078
INFO:root:epoch:269 train_eval_loss-->0.267026,train_acc-->1.000000,test_eval_loss-->1.733512,test_acc===0.666667
INFO:root:epoch:270 train_eval_loss-->0.320488,train_acc-->1.000000,test_eval_loss-->1.718062,test_acc===0.705882
INFO:root:epoch:271 train_eval_loss-->0.360176,train_acc-->1.000000,test_eval_loss-->1.726663,test_acc===0.666667
INFO:root:epoch:272 train_eval_loss-->0.348036,train_acc-->1.000000,test_eval_loss-->1.821299,test_acc===0.666667
INFO:root:epoch:273 train_eval_loss-->0.393938,train_acc-->1.000000,test_eval_loss-->1.704105,test_acc===0.715686
INFO:root:epoch:274 train_eval_loss-->0.358390,train_acc-->1.000000,test_eval_loss-->1.748053,test_acc===0.656863
INFO:root:epoch:275 train_eval_loss-->0.401792,train_acc-->1.000000,test_eval_loss-->1.734504,test_acc===0.666667
INFO:root:epoch:276 train_eval_loss-->0.472665,train_acc-->1.000000,test_eval_loss-->1.702645,test_acc===0.686275
INFO:root:epoch:277 train_eval_loss-->0.521809,train_acc-->0.991150,test_eval_loss-->1.753171,test_acc===0.666667
INFO:root:epoch:278 train_eval_loss-->0.522611,train_acc-->1.000000,test_eval_loss-->1.790157,test_acc===0.666667
INFO:root:epoch:279 train_eval_loss-->0.648649,train_acc-->0.997050,test_eval_loss-->1.874631,test_acc===0.627451
INFO:root:epoch:280 train_eval_loss-->0.559792,train_acc-->0.994100,test_eval_loss-->1.760927,test_acc===0.666667
INFO:root:epoch:281 train_eval_loss-->0.595978,train_acc-->1.000000,test_eval_loss-->1.693481,test_acc===0.745098
INFO:root:epoch:282 train_eval_loss-->0.603917,train_acc-->0.994100,test_eval_loss-->1.691660,test_acc===0.696078
INFO:root:epoch:283 train_eval_loss-->0.663261,train_acc-->0.991150,test_eval_loss-->1.759065,test_acc===0.647059
INFO:root:epoch:284 train_eval_loss-->0.591720,train_acc-->0.991150,test_eval_loss-->1.721848,test_acc===0.627451
INFO:root:epoch:285 train_eval_loss-->0.602970,train_acc-->0.991150,test_eval_loss-->1.730922,test_acc===0.705882
INFO:root:epoch:286 train_eval_loss-->0.656093,train_acc-->0.991150,test_eval_loss-->1.819181,test_acc===0.656863
INFO:root:epoch:287 train_eval_loss-->0.608564,train_acc-->1.000000,test_eval_loss-->1.789697,test_acc===0.627451
INFO:root:epoch:288 train_eval_loss-->0.657123,train_acc-->0.994100,test_eval_loss-->1.711181,test_acc===0.725490
INFO:root:epoch:289 train_eval_loss-->0.633922,train_acc-->0.988201,test_eval_loss-->1.880025,test_acc===0.578431
INFO:root:epoch:290 train_eval_loss-->0.674631,train_acc-->0.997050,test_eval_loss-->2.182603,test_acc===0.431373
INFO:root:epoch:291 train_eval_loss-->0.747073,train_acc-->0.991150,test_eval_loss-->1.857686,test_acc===0.637255
INFO:root:epoch:292 train_eval_loss-->0.812530,train_acc-->0.982301,test_eval_loss-->2.125327,test_acc===0.519608
INFO:root:epoch:293 train_eval_loss-->0.810910,train_acc-->0.976401,test_eval_loss-->1.756800,test_acc===0.637255
INFO:root:epoch:294 train_eval_loss-->0.734389,train_acc-->0.970501,test_eval_loss-->2.113877,test_acc===0.519608
INFO:root:epoch:295 train_eval_loss-->0.849323,train_acc-->0.967552,test_eval_loss-->1.728577,test_acc===0.647059
INFO:root:epoch:296 train_eval_loss-->0.739809,train_acc-->0.994100,test_eval_loss-->1.785976,test_acc===0.637255
INFO:root:epoch:297 train_eval_loss-->0.710324,train_acc-->0.988201,test_eval_loss-->1.831467,test_acc===0.627451
INFO:root:epoch:298 train_eval_loss-->0.691523,train_acc-->0.982301,test_eval_loss-->1.724587,test_acc===0.686275
INFO:root:epoch:299 train_eval_loss-->0.726152,train_acc-->0.988201,test_eval_loss-->1.860861,test_acc===0.647059
INFO:root:epoch:300 train_eval_loss-->0.685314,train_acc-->0.997050,test_eval_loss-->1.838206,test_acc===0.607843
INFO:root:epoch:301 train_eval_loss-->0.627529,train_acc-->0.982301,test_eval_loss-->2.017306,test_acc===0.529412
INFO:root:epoch:302 train_eval_loss-->0.737485,train_acc-->0.988201,test_eval_loss-->1.882289,test_acc===0.617647
INFO:root:epoch:303 train_eval_loss-->0.688610,train_acc-->0.988201,test_eval_loss-->1.729022,test_acc===0.676471
INFO:root:epoch:304 train_eval_loss-->0.626613,train_acc-->0.988201,test_eval_loss-->1.821621,test_acc===0.627451
INFO:root:epoch:305 train_eval_loss-->0.644191,train_acc-->0.970501,test_eval_loss-->1.721676,test_acc===0.637255
INFO:root:epoch:306 train_eval_loss-->0.757047,train_acc-->0.976401,test_eval_loss-->1.811132,test_acc===0.627451
INFO:root:epoch:307 train_eval_loss-->0.664809,train_acc-->0.991150,test_eval_loss-->1.812091,test_acc===0.627451
INFO:root:epoch:308 train_eval_loss-->0.638261,train_acc-->0.994100,test_eval_loss-->1.664388,test_acc===0.745098
INFO:root:epoch:309 train_eval_loss-->0.577036,train_acc-->0.991150,test_eval_loss-->1.808125,test_acc===0.656863
INFO:root:epoch:310 train_eval_loss-->0.530099,train_acc-->0.997050,test_eval_loss-->1.778085,test_acc===0.656863
INFO:root:epoch:311 train_eval_loss-->0.587755,train_acc-->0.991150,test_eval_loss-->1.727701,test_acc===0.666667
INFO:root:epoch:312 train_eval_loss-->0.535707,train_acc-->0.997050,test_eval_loss-->1.953347,test_acc===0.578431
INFO:root:epoch:313 train_eval_loss-->0.522587,train_acc-->1.000000,test_eval_loss-->1.718056,test_acc===0.705882
INFO:root:epoch:314 train_eval_loss-->0.634500,train_acc-->0.997050,test_eval_loss-->1.717382,test_acc===0.725490
INFO:root:epoch:315 train_eval_loss-->0.711473,train_acc-->0.988201,test_eval_loss-->1.811264,test_acc===0.666667
INFO:root:epoch:316 train_eval_loss-->0.561057,train_acc-->1.000000,test_eval_loss-->1.668634,test_acc===0.696078
INFO:root:epoch:317 train_eval_loss-->0.535003,train_acc-->1.000000,test_eval_loss-->1.708442,test_acc===0.686275
INFO:root:epoch:318 train_eval_loss-->0.519487,train_acc-->1.000000,test_eval_loss-->1.734634,test_acc===0.735294
INFO:root:epoch:319 train_eval_loss-->0.484791,train_acc-->1.000000,test_eval_loss-->1.694404,test_acc===0.725490
INFO:root:epoch:320 train_eval_loss-->0.499937,train_acc-->1.000000,test_eval_loss-->1.729523,test_acc===0.656863
INFO:root:epoch:321 train_eval_loss-->0.487134,train_acc-->1.000000,test_eval_loss-->1.803515,test_acc===0.666667
INFO:root:epoch:322 train_eval_loss-->0.410771,train_acc-->0.991150,test_eval_loss-->1.744704,test_acc===0.666667
INFO:root:epoch:323 train_eval_loss-->0.374395,train_acc-->1.000000,test_eval_loss-->1.811031,test_acc===0.637255
INFO:root:epoch:324 train_eval_loss-->0.375538,train_acc-->1.000000,test_eval_loss-->1.831643,test_acc===0.676471
INFO:root:epoch:325 train_eval_loss-->0.363541,train_acc-->1.000000,test_eval_loss-->1.766618,test_acc===0.676471
INFO:root:epoch:326 train_eval_loss-->0.399901,train_acc-->0.997050,test_eval_loss-->1.761080,test_acc===0.666667
INFO:root:epoch:327 train_eval_loss-->0.319428,train_acc-->1.000000,test_eval_loss-->1.711732,test_acc===0.696078
INFO:root:epoch:328 train_eval_loss-->0.295538,train_acc-->1.000000,test_eval_loss-->1.683657,test_acc===0.715686
INFO:root:epoch:329 train_eval_loss-->0.281791,train_acc-->1.000000,test_eval_loss-->1.672911,test_acc===0.705882
INFO:root:epoch:330 train_eval_loss-->0.242988,train_acc-->1.000000,test_eval_loss-->1.663370,test_acc===0.715686
INFO:root:epoch:331 train_eval_loss-->0.213070,train_acc-->1.000000,test_eval_loss-->1.738276,test_acc===0.686275
INFO:root:epoch:332 train_eval_loss-->0.198102,train_acc-->1.000000,test_eval_loss-->1.686849,test_acc===0.696078
INFO:root:epoch:333 train_eval_loss-->0.188031,train_acc-->1.000000,test_eval_loss-->1.689196,test_acc===0.705882
INFO:root:epoch:334 train_eval_loss-->0.192270,train_acc-->1.000000,test_eval_loss-->1.662786,test_acc===0.715686
INFO:root:epoch:335 train_eval_loss-->0.170848,train_acc-->1.000000,test_eval_loss-->1.689290,test_acc===0.696078
INFO:root:epoch:336 train_eval_loss-->0.146234,train_acc-->1.000000,test_eval_loss-->1.668511,test_acc===0.725490
INFO:root:epoch:337 train_eval_loss-->0.138863,train_acc-->1.000000,test_eval_loss-->1.712753,test_acc===0.696078
INFO:root:epoch:338 train_eval_loss-->0.135228,train_acc-->1.000000,test_eval_loss-->1.690395,test_acc===0.705882
INFO:root:epoch:339 train_eval_loss-->0.109147,train_acc-->1.000000,test_eval_loss-->1.693169,test_acc===0.705882
INFO:root:epoch:340 train_eval_loss-->0.085716,train_acc-->1.000000,test_eval_loss-->1.677468,test_acc===0.705882
INFO:root:epoch:341 train_eval_loss-->0.071796,train_acc-->1.000000,test_eval_loss-->1.675911,test_acc===0.705882
INFO:root:epoch:342 train_eval_loss-->0.073932,train_acc-->1.000000,test_eval_loss-->1.681829,test_acc===0.705882
INFO:root:epoch:343 train_eval_loss-->0.068576,train_acc-->1.000000,test_eval_loss-->1.680326,test_acc===0.705882
INFO:root:epoch:344 train_eval_loss-->0.051500,train_acc-->1.000000,test_eval_loss-->1.679560,test_acc===0.705882
INFO:root:epoch:345 train_eval_loss-->0.046651,train_acc-->1.000000,test_eval_loss-->1.675127,test_acc===0.705882
INFO:root:epoch:346 train_eval_loss-->0.044844,train_acc-->1.000000,test_eval_loss-->1.682530,test_acc===0.705882
INFO:root:epoch:347 train_eval_loss-->0.036136,train_acc-->1.000000,test_eval_loss-->1.677705,test_acc===0.705882
INFO:root:epoch:348 train_eval_loss-->0.033235,train_acc-->1.000000,test_eval_loss-->1.682059,test_acc===0.705882
INFO:root:epoch:349 train_eval_loss-->0.031730,train_acc-->1.000000,test_eval_loss-->1.680042,test_acc===0.705882
INFO:root:epoch:350 train_eval_loss-->0.031529,train_acc-->1.000000,test_eval_loss-->1.679752,test_acc===0.705882
INFO:root:epoch:351 train_eval_loss-->0.028258,train_acc-->1.000000,test_eval_loss-->1.679779,test_acc===0.705882
INFO:root:epoch:352 train_eval_loss-->0.028332,train_acc-->1.000000,test_eval_loss-->1.678820,test_acc===0.705882
INFO:root:epoch:353 train_eval_loss-->0.029031,train_acc-->1.000000,test_eval_loss-->1.680899,test_acc===0.705882
INFO:root:epoch:354 train_eval_loss-->0.030982,train_acc-->1.000000,test_eval_loss-->1.679092,test_acc===0.705882
INFO:root:epoch:355 train_eval_loss-->0.034857,train_acc-->1.000000,test_eval_loss-->1.680917,test_acc===0.705882
INFO:root:epoch:356 train_eval_loss-->0.041015,train_acc-->1.000000,test_eval_loss-->1.681485,test_acc===0.705882
INFO:root:epoch:357 train_eval_loss-->0.057144,train_acc-->1.000000,test_eval_loss-->1.677588,test_acc===0.705882
INFO:root:epoch:358 train_eval_loss-->0.056193,train_acc-->1.000000,test_eval_loss-->1.688514,test_acc===0.705882
INFO:root:epoch:359 train_eval_loss-->0.067314,train_acc-->1.000000,test_eval_loss-->1.658117,test_acc===0.705882
INFO:root:epoch:360 train_eval_loss-->0.091695,train_acc-->1.000000,test_eval_loss-->1.686721,test_acc===0.705882
INFO:root:epoch:361 train_eval_loss-->0.105681,train_acc-->1.000000,test_eval_loss-->1.692853,test_acc===0.705882
INFO:root:epoch:362 train_eval_loss-->0.118852,train_acc-->1.000000,test_eval_loss-->1.645326,test_acc===0.715686
INFO:root:epoch:363 train_eval_loss-->0.153002,train_acc-->1.000000,test_eval_loss-->1.662791,test_acc===0.705882
INFO:root:epoch:364 train_eval_loss-->0.149802,train_acc-->1.000000,test_eval_loss-->1.680692,test_acc===0.696078
INFO:root:epoch:365 train_eval_loss-->0.171240,train_acc-->1.000000,test_eval_loss-->1.704666,test_acc===0.696078
INFO:root:epoch:366 train_eval_loss-->0.158706,train_acc-->1.000000,test_eval_loss-->1.670094,test_acc===0.705882
INFO:root:epoch:367 train_eval_loss-->0.217082,train_acc-->1.000000,test_eval_loss-->1.715382,test_acc===0.686275
INFO:root:epoch:368 train_eval_loss-->0.216501,train_acc-->1.000000,test_eval_loss-->1.694932,test_acc===0.666667
INFO:root:epoch:369 train_eval_loss-->0.252110,train_acc-->1.000000,test_eval_loss-->1.719613,test_acc===0.666667
INFO:root:epoch:370 train_eval_loss-->0.258156,train_acc-->1.000000,test_eval_loss-->1.698496,test_acc===0.705882
INFO:root:epoch:371 train_eval_loss-->0.272222,train_acc-->1.000000,test_eval_loss-->1.752405,test_acc===0.686275
INFO:root:epoch:372 train_eval_loss-->0.316386,train_acc-->1.000000,test_eval_loss-->1.761311,test_acc===0.686275
INFO:root:epoch:373 train_eval_loss-->0.343447,train_acc-->1.000000,test_eval_loss-->1.712562,test_acc===0.705882
INFO:root:epoch:374 train_eval_loss-->0.342664,train_acc-->0.994100,test_eval_loss-->1.688745,test_acc===0.705882
INFO:root:epoch:375 train_eval_loss-->0.347148,train_acc-->1.000000,test_eval_loss-->1.660370,test_acc===0.715686
INFO:root:epoch:376 train_eval_loss-->0.412301,train_acc-->1.000000,test_eval_loss-->1.731300,test_acc===0.676471
INFO:root:epoch:377 train_eval_loss-->0.396459,train_acc-->1.000000,test_eval_loss-->1.751079,test_acc===0.686275
INFO:root:epoch:378 train_eval_loss-->0.402770,train_acc-->1.000000,test_eval_loss-->1.652821,test_acc===0.725490
INFO:root:epoch:379 train_eval_loss-->0.448532,train_acc-->1.000000,test_eval_loss-->1.772252,test_acc===0.745098
INFO:root:epoch:380 train_eval_loss-->0.466075,train_acc-->1.000000,test_eval_loss-->1.877303,test_acc===0.656863
INFO:root:epoch:381 train_eval_loss-->0.472375,train_acc-->1.000000,test_eval_loss-->1.860847,test_acc===0.647059
INFO:root:epoch:382 train_eval_loss-->0.505207,train_acc-->0.991150,test_eval_loss-->1.811334,test_acc===0.686275
INFO:root:epoch:383 train_eval_loss-->0.493258,train_acc-->1.000000,test_eval_loss-->1.687962,test_acc===0.715686
INFO:root:epoch:384 train_eval_loss-->0.500751,train_acc-->0.991150,test_eval_loss-->1.710713,test_acc===0.656863
INFO:root:epoch:385 train_eval_loss-->0.527506,train_acc-->1.000000,test_eval_loss-->1.616211,test_acc===0.754902
INFO:root:epoch:386 train_eval_loss-->0.493108,train_acc-->0.991150,test_eval_loss-->1.675468,test_acc===0.705882
INFO:root:epoch:387 train_eval_loss-->0.530458,train_acc-->0.994100,test_eval_loss-->1.773636,test_acc===0.696078
INFO:root:epoch:388 train_eval_loss-->0.679769,train_acc-->0.973451,test_eval_loss-->1.841359,test_acc===0.686275
INFO:root:epoch:389 train_eval_loss-->0.746524,train_acc-->0.982301,test_eval_loss-->1.882164,test_acc===0.627451
INFO:root:epoch:390 train_eval_loss-->0.633403,train_acc-->0.991150,test_eval_loss-->1.885147,test_acc===0.558824
INFO:root:epoch:391 train_eval_loss-->0.771769,train_acc-->0.988201,test_eval_loss-->1.732286,test_acc===0.666667
INFO:root:epoch:392 train_eval_loss-->0.655743,train_acc-->0.988201,test_eval_loss-->1.957079,test_acc===0.578431
INFO:root:epoch:393 train_eval_loss-->0.571092,train_acc-->0.997050,test_eval_loss-->1.998832,test_acc===0.558824
INFO:root:epoch:394 train_eval_loss-->0.652592,train_acc-->0.985251,test_eval_loss-->1.963997,test_acc===0.607843
INFO:root:epoch:395 train_eval_loss-->0.638537,train_acc-->0.991150,test_eval_loss-->1.756434,test_acc===0.656863
INFO:root:epoch:396 train_eval_loss-->0.555541,train_acc-->1.000000,test_eval_loss-->1.734534,test_acc===0.705882
INFO:root:epoch:397 train_eval_loss-->0.591474,train_acc-->0.985251,test_eval_loss-->1.736446,test_acc===0.696078
INFO:root:epoch:398 train_eval_loss-->0.633435,train_acc-->0.991150,test_eval_loss-->1.684264,test_acc===0.715686
INFO:root:epoch:399 train_eval_loss-->0.660455,train_acc-->0.994100,test_eval_loss-->1.647812,test_acc===0.725490
INFO:root:epoch:400 train_eval_loss-->0.608064,train_acc-->0.991150,test_eval_loss-->1.744240,test_acc===0.666667
INFO:root:epoch:401 train_eval_loss-->0.644899,train_acc-->0.985251,test_eval_loss-->1.873631,test_acc===0.627451
INFO:root:epoch:402 train_eval_loss-->0.631343,train_acc-->1.000000,test_eval_loss-->1.821204,test_acc===0.598039
INFO:root:epoch:403 train_eval_loss-->0.697854,train_acc-->0.979351,test_eval_loss-->1.771680,test_acc===0.676471
INFO:root:epoch:404 train_eval_loss-->0.572856,train_acc-->0.994100,test_eval_loss-->1.787447,test_acc===0.647059
INFO:root:epoch:405 train_eval_loss-->0.583328,train_acc-->0.991150,test_eval_loss-->1.692015,test_acc===0.696078
INFO:root:epoch:406 train_eval_loss-->0.561941,train_acc-->0.994100,test_eval_loss-->1.711491,test_acc===0.686275
INFO:root:epoch:407 train_eval_loss-->0.560166,train_acc-->0.988201,test_eval_loss-->1.736501,test_acc===0.686275
INFO:root:epoch:408 train_eval_loss-->0.530280,train_acc-->0.991150,test_eval_loss-->1.691341,test_acc===0.666667
INFO:root:epoch:409 train_eval_loss-->0.545397,train_acc-->0.997050,test_eval_loss-->1.845972,test_acc===0.637255
INFO:root:epoch:410 train_eval_loss-->0.582145,train_acc-->0.994100,test_eval_loss-->1.788603,test_acc===0.607843
INFO:root:epoch:411 train_eval_loss-->0.694821,train_acc-->0.976401,test_eval_loss-->1.682984,test_acc===0.705882
INFO:root:epoch:412 train_eval_loss-->0.511835,train_acc-->0.991150,test_eval_loss-->1.666792,test_acc===0.715686
INFO:root:epoch:413 train_eval_loss-->0.467812,train_acc-->1.000000,test_eval_loss-->1.744365,test_acc===0.696078
INFO:root:epoch:414 train_eval_loss-->0.442593,train_acc-->0.994100,test_eval_loss-->1.806215,test_acc===0.607843
INFO:root:epoch:415 train_eval_loss-->0.464008,train_acc-->1.000000,test_eval_loss-->1.742184,test_acc===0.686275
INFO:root:epoch:416 train_eval_loss-->0.443460,train_acc-->1.000000,test_eval_loss-->1.783413,test_acc===0.676471
INFO:root:epoch:417 train_eval_loss-->0.466072,train_acc-->0.997050,test_eval_loss-->1.688016,test_acc===0.725490
INFO:root:epoch:418 train_eval_loss-->0.464383,train_acc-->0.991150,test_eval_loss-->1.667374,test_acc===0.754902
INFO:root:epoch:419 train_eval_loss-->0.348620,train_acc-->1.000000,test_eval_loss-->1.726113,test_acc===0.666667
INFO:root:epoch:420 train_eval_loss-->0.342467,train_acc-->0.991150,test_eval_loss-->1.799353,test_acc===0.647059
INFO:root:epoch:421 train_eval_loss-->0.316015,train_acc-->1.000000,test_eval_loss-->1.705837,test_acc===0.715686
INFO:root:epoch:422 train_eval_loss-->0.341229,train_acc-->1.000000,test_eval_loss-->1.809444,test_acc===0.607843
INFO:root:epoch:423 train_eval_loss-->0.401466,train_acc-->1.000000,test_eval_loss-->1.648570,test_acc===0.725490
INFO:root:epoch:424 train_eval_loss-->0.354140,train_acc-->1.000000,test_eval_loss-->1.748278,test_acc===0.696078
INFO:root:epoch:425 train_eval_loss-->0.304656,train_acc-->1.000000,test_eval_loss-->1.744853,test_acc===0.676471
INFO:root:epoch:426 train_eval_loss-->0.288969,train_acc-->1.000000,test_eval_loss-->1.707329,test_acc===0.725490
INFO:root:epoch:427 train_eval_loss-->0.276735,train_acc-->1.000000,test_eval_loss-->1.639757,test_acc===0.745098
INFO:root:epoch:428 train_eval_loss-->0.286908,train_acc-->1.000000,test_eval_loss-->1.683161,test_acc===0.705882
INFO:root:epoch:429 train_eval_loss-->0.244661,train_acc-->1.000000,test_eval_loss-->1.668536,test_acc===0.735294
INFO:root:epoch:430 train_eval_loss-->0.207010,train_acc-->1.000000,test_eval_loss-->1.652741,test_acc===0.735294
INFO:root:epoch:431 train_eval_loss-->0.216816,train_acc-->1.000000,test_eval_loss-->1.666625,test_acc===0.715686
INFO:root:epoch:432 train_eval_loss-->0.182716,train_acc-->1.000000,test_eval_loss-->1.690500,test_acc===0.725490
INFO:root:epoch:433 train_eval_loss-->0.169970,train_acc-->1.000000,test_eval_loss-->1.714376,test_acc===0.705882
INFO:root:epoch:434 train_eval_loss-->0.162489,train_acc-->1.000000,test_eval_loss-->1.685768,test_acc===0.715686
INFO:root:epoch:435 train_eval_loss-->0.150893,train_acc-->1.000000,test_eval_loss-->1.682749,test_acc===0.705882
INFO:root:epoch:436 train_eval_loss-->0.130164,train_acc-->1.000000,test_eval_loss-->1.655184,test_acc===0.745098
INFO:root:epoch:437 train_eval_loss-->0.107165,train_acc-->1.000000,test_eval_loss-->1.675818,test_acc===0.715686
INFO:root:epoch:438 train_eval_loss-->0.094465,train_acc-->1.000000,test_eval_loss-->1.693759,test_acc===0.705882
INFO:root:epoch:439 train_eval_loss-->0.084624,train_acc-->1.000000,test_eval_loss-->1.662843,test_acc===0.735294
INFO:root:epoch:440 train_eval_loss-->0.073348,train_acc-->1.000000,test_eval_loss-->1.701904,test_acc===0.696078
INFO:root:epoch:441 train_eval_loss-->0.074783,train_acc-->1.000000,test_eval_loss-->1.669959,test_acc===0.705882
INFO:root:epoch:442 train_eval_loss-->0.064959,train_acc-->1.000000,test_eval_loss-->1.689103,test_acc===0.696078
INFO:root:epoch:443 train_eval_loss-->0.055582,train_acc-->1.000000,test_eval_loss-->1.672608,test_acc===0.705882
INFO:root:epoch:444 train_eval_loss-->0.045819,train_acc-->1.000000,test_eval_loss-->1.677950,test_acc===0.705882
INFO:root:epoch:445 train_eval_loss-->0.036074,train_acc-->1.000000,test_eval_loss-->1.678796,test_acc===0.705882
INFO:root:epoch:446 train_eval_loss-->0.031749,train_acc-->1.000000,test_eval_loss-->1.676147,test_acc===0.715686
INFO:root:epoch:447 train_eval_loss-->0.027336,train_acc-->1.000000,test_eval_loss-->1.674708,test_acc===0.715686
INFO:root:epoch:448 train_eval_loss-->0.024107,train_acc-->1.000000,test_eval_loss-->1.678960,test_acc===0.705882
INFO:root:epoch:449 train_eval_loss-->0.021883,train_acc-->1.000000,test_eval_loss-->1.674982,test_acc===0.705882
INFO:root:epoch:450 train_eval_loss-->0.020295,train_acc-->1.000000,test_eval_loss-->1.676097,test_acc===0.705882
INFO:root:epoch:451 train_eval_loss-->0.019959,train_acc-->1.000000,test_eval_loss-->1.676699,test_acc===0.705882
INFO:root:epoch:452 train_eval_loss-->0.019753,train_acc-->1.000000,test_eval_loss-->1.676536,test_acc===0.705882
INFO:root:epoch:453 train_eval_loss-->0.021330,train_acc-->1.000000,test_eval_loss-->1.676573,test_acc===0.705882
INFO:root:epoch:454 train_eval_loss-->0.022531,train_acc-->1.000000,test_eval_loss-->1.676748,test_acc===0.705882
INFO:root:epoch:455 train_eval_loss-->0.027293,train_acc-->1.000000,test_eval_loss-->1.676211,test_acc===0.705882
INFO:root:epoch:456 train_eval_loss-->0.031917,train_acc-->1.000000,test_eval_loss-->1.676646,test_acc===0.705882
INFO:root:epoch:457 train_eval_loss-->0.039339,train_acc-->1.000000,test_eval_loss-->1.676915,test_acc===0.715686
INFO:root:epoch:458 train_eval_loss-->0.048350,train_acc-->1.000000,test_eval_loss-->1.671437,test_acc===0.705882
INFO:root:epoch:459 train_eval_loss-->0.060551,train_acc-->1.000000,test_eval_loss-->1.693801,test_acc===0.705882
INFO:root:epoch:460 train_eval_loss-->0.071770,train_acc-->1.000000,test_eval_loss-->1.671894,test_acc===0.735294
INFO:root:epoch:461 train_eval_loss-->0.082769,train_acc-->1.000000,test_eval_loss-->1.684993,test_acc===0.705882
INFO:root:epoch:462 train_eval_loss-->0.094213,train_acc-->1.000000,test_eval_loss-->1.664837,test_acc===0.735294
INFO:root:epoch:463 train_eval_loss-->0.099115,train_acc-->1.000000,test_eval_loss-->1.667507,test_acc===0.725490
INFO:root:epoch:464 train_eval_loss-->0.114199,train_acc-->1.000000,test_eval_loss-->1.681637,test_acc===0.725490
INFO:root:epoch:465 train_eval_loss-->0.132620,train_acc-->1.000000,test_eval_loss-->1.674814,test_acc===0.705882
INFO:root:epoch:466 train_eval_loss-->0.154689,train_acc-->1.000000,test_eval_loss-->1.665757,test_acc===0.715686
INFO:root:epoch:467 train_eval_loss-->0.170501,train_acc-->1.000000,test_eval_loss-->1.726745,test_acc===0.696078
INFO:root:epoch:468 train_eval_loss-->0.193626,train_acc-->1.000000,test_eval_loss-->1.663051,test_acc===0.745098
INFO:root:epoch:469 train_eval_loss-->0.230377,train_acc-->1.000000,test_eval_loss-->1.775751,test_acc===0.637255
INFO:root:epoch:470 train_eval_loss-->0.306751,train_acc-->1.000000,test_eval_loss-->1.670285,test_acc===0.735294
INFO:root:epoch:471 train_eval_loss-->0.285048,train_acc-->1.000000,test_eval_loss-->1.755185,test_acc===0.705882
INFO:root:epoch:472 train_eval_loss-->0.273487,train_acc-->1.000000,test_eval_loss-->1.738564,test_acc===0.686275
INFO:root:epoch:473 train_eval_loss-->0.290499,train_acc-->1.000000,test_eval_loss-->1.710164,test_acc===0.696078
INFO:root:epoch:474 train_eval_loss-->0.280552,train_acc-->1.000000,test_eval_loss-->1.683631,test_acc===0.735294
INFO:root:epoch:475 train_eval_loss-->0.308979,train_acc-->1.000000,test_eval_loss-->1.714766,test_acc===0.686275
INFO:root:epoch:476 train_eval_loss-->0.356964,train_acc-->1.000000,test_eval_loss-->1.687020,test_acc===0.715686
INFO:root:epoch:477 train_eval_loss-->0.358494,train_acc-->1.000000,test_eval_loss-->1.671105,test_acc===0.686275
INFO:root:epoch:478 train_eval_loss-->0.347958,train_acc-->1.000000,test_eval_loss-->1.770314,test_acc===0.627451
INFO:root:epoch:479 train_eval_loss-->0.345742,train_acc-->0.994100,test_eval_loss-->1.751594,test_acc===0.686275
INFO:root:epoch:480 train_eval_loss-->0.365321,train_acc-->1.000000,test_eval_loss-->1.729537,test_acc===0.647059
INFO:root:epoch:481 train_eval_loss-->0.385922,train_acc-->1.000000,test_eval_loss-->1.750545,test_acc===0.686275
INFO:root:epoch:482 train_eval_loss-->0.426441,train_acc-->0.997050,test_eval_loss-->1.854187,test_acc===0.637255
INFO:root:epoch:483 train_eval_loss-->0.442241,train_acc-->1.000000,test_eval_loss-->1.747333,test_acc===0.705882
INFO:root:epoch:484 train_eval_loss-->0.441881,train_acc-->0.997050,test_eval_loss-->1.754571,test_acc===0.686275
INFO:root:epoch:485 train_eval_loss-->0.469812,train_acc-->1.000000,test_eval_loss-->1.701371,test_acc===0.686275
INFO:root:epoch:486 train_eval_loss-->0.481453,train_acc-->0.997050,test_eval_loss-->1.725575,test_acc===0.715686
INFO:root:epoch:487 train_eval_loss-->0.500973,train_acc-->0.994100,test_eval_loss-->1.663873,test_acc===0.754902
INFO:root:epoch:488 train_eval_loss-->0.510643,train_acc-->0.997050,test_eval_loss-->1.795240,test_acc===0.656863
INFO:root:epoch:489 train_eval_loss-->0.491669,train_acc-->1.000000,test_eval_loss-->1.725904,test_acc===0.735294
INFO:root:epoch:490 train_eval_loss-->0.491536,train_acc-->0.994100,test_eval_loss-->1.683536,test_acc===0.735294
INFO:root:epoch:491 train_eval_loss-->0.442178,train_acc-->0.997050,test_eval_loss-->1.655969,test_acc===0.696078
INFO:root:epoch:492 train_eval_loss-->0.467873,train_acc-->0.997050,test_eval_loss-->1.724879,test_acc===0.686275
INFO:root:epoch:493 train_eval_loss-->0.491340,train_acc-->1.000000,test_eval_loss-->1.681157,test_acc===0.715686
INFO:root:epoch:494 train_eval_loss-->0.535336,train_acc-->1.000000,test_eval_loss-->1.773194,test_acc===0.666667
INFO:root:epoch:495 train_eval_loss-->0.567285,train_acc-->0.997050,test_eval_loss-->1.632532,test_acc===0.754902
INFO:root:epoch:496 train_eval_loss-->0.656657,train_acc-->0.991150,test_eval_loss-->1.711269,test_acc===0.686275
INFO:root:epoch:497 train_eval_loss-->0.571105,train_acc-->0.997050,test_eval_loss-->1.736194,test_acc===0.686275
INFO:root:epoch:498 train_eval_loss-->0.493973,train_acc-->0.997050,test_eval_loss-->1.730306,test_acc===0.666667
INFO:root:epoch:499 train_eval_loss-->0.534490,train_acc-->0.997050,test_eval_loss-->1.849964,test_acc===0.627451
INFO:root:epoch:500 train_eval_loss-->0.548208,train_acc-->0.994100,test_eval_loss-->1.744188,test_acc===0.666667
INFO:root:epoch:501 train_eval_loss-->0.510407,train_acc-->0.994100,test_eval_loss-->1.788416,test_acc===0.686275
INFO:root:epoch:502 train_eval_loss-->0.558536,train_acc-->1.000000,test_eval_loss-->1.742164,test_acc===0.676471
INFO:root:epoch:503 train_eval_loss-->0.512456,train_acc-->1.000000,test_eval_loss-->1.706433,test_acc===0.696078
INFO:root:epoch:504 train_eval_loss-->0.530080,train_acc-->1.000000,test_eval_loss-->1.693898,test_acc===0.715686
INFO:root:epoch:505 train_eval_loss-->0.541796,train_acc-->0.991150,test_eval_loss-->1.688375,test_acc===0.735294
INFO:root:epoch:506 train_eval_loss-->0.518978,train_acc-->1.000000,test_eval_loss-->1.800813,test_acc===0.686275
INFO:root:epoch:507 train_eval_loss-->0.467771,train_acc-->1.000000,test_eval_loss-->1.681660,test_acc===0.696078
INFO:root:epoch:508 train_eval_loss-->0.559179,train_acc-->1.000000,test_eval_loss-->1.822903,test_acc===0.637255
INFO:root:epoch:509 train_eval_loss-->0.542718,train_acc-->1.000000,test_eval_loss-->1.748111,test_acc===0.686275
INFO:root:epoch:510 train_eval_loss-->0.467363,train_acc-->0.997050,test_eval_loss-->1.724792,test_acc===0.705882
INFO:root:epoch:511 train_eval_loss-->0.486205,train_acc-->1.000000,test_eval_loss-->1.741265,test_acc===0.676471
INFO:root:epoch:512 train_eval_loss-->0.445915,train_acc-->0.997050,test_eval_loss-->1.732656,test_acc===0.676471
INFO:root:epoch:513 train_eval_loss-->0.451227,train_acc-->0.994100,test_eval_loss-->1.661029,test_acc===0.715686
INFO:root:epoch:514 train_eval_loss-->0.414935,train_acc-->1.000000,test_eval_loss-->1.738719,test_acc===0.686275
INFO:root:epoch:515 train_eval_loss-->0.413284,train_acc-->1.000000,test_eval_loss-->1.722613,test_acc===0.705882
INFO:root:epoch:516 train_eval_loss-->0.374855,train_acc-->1.000000,test_eval_loss-->1.751657,test_acc===0.676471
INFO:root:epoch:517 train_eval_loss-->0.376550,train_acc-->0.997050,test_eval_loss-->1.679880,test_acc===0.696078
INFO:root:epoch:518 train_eval_loss-->0.362735,train_acc-->1.000000,test_eval_loss-->1.670407,test_acc===0.705882
INFO:root:epoch:519 train_eval_loss-->0.341109,train_acc-->1.000000,test_eval_loss-->1.724836,test_acc===0.686275
INFO:root:epoch:520 train_eval_loss-->0.358860,train_acc-->1.000000,test_eval_loss-->1.757958,test_acc===0.686275
INFO:root:epoch:521 train_eval_loss-->0.354596,train_acc-->1.000000,test_eval_loss-->1.695013,test_acc===0.696078
INFO:root:epoch:522 train_eval_loss-->0.318082,train_acc-->1.000000,test_eval_loss-->1.708599,test_acc===0.705882
INFO:root:epoch:523 train_eval_loss-->0.298269,train_acc-->0.997050,test_eval_loss-->1.737846,test_acc===0.676471
INFO:root:epoch:524 train_eval_loss-->0.297728,train_acc-->1.000000,test_eval_loss-->1.681915,test_acc===0.725490
INFO:root:epoch:525 train_eval_loss-->0.257810,train_acc-->1.000000,test_eval_loss-->1.729523,test_acc===0.676471
INFO:root:epoch:526 train_eval_loss-->0.300386,train_acc-->1.000000,test_eval_loss-->1.696355,test_acc===0.705882
INFO:root:epoch:527 train_eval_loss-->0.247981,train_acc-->1.000000,test_eval_loss-->1.690207,test_acc===0.735294
INFO:root:epoch:528 train_eval_loss-->0.215407,train_acc-->1.000000,test_eval_loss-->1.725753,test_acc===0.696078
INFO:root:epoch:529 train_eval_loss-->0.210827,train_acc-->1.000000,test_eval_loss-->1.684378,test_acc===0.705882
INFO:root:epoch:530 train_eval_loss-->0.173327,train_acc-->1.000000,test_eval_loss-->1.698226,test_acc===0.696078
INFO:root:epoch:531 train_eval_loss-->0.189872,train_acc-->1.000000,test_eval_loss-->1.652194,test_acc===0.715686
INFO:root:epoch:532 train_eval_loss-->0.175458,train_acc-->1.000000,test_eval_loss-->1.693501,test_acc===0.696078
INFO:root:epoch:533 train_eval_loss-->0.153175,train_acc-->1.000000,test_eval_loss-->1.698646,test_acc===0.715686
INFO:root:epoch:534 train_eval_loss-->0.129756,train_acc-->1.000000,test_eval_loss-->1.731450,test_acc===0.676471
INFO:root:epoch:535 train_eval_loss-->0.140992,train_acc-->1.000000,test_eval_loss-->1.664107,test_acc===0.705882
INFO:root:epoch:536 train_eval_loss-->0.121024,train_acc-->1.000000,test_eval_loss-->1.676227,test_acc===0.715686
INFO:root:epoch:537 train_eval_loss-->0.097280,train_acc-->1.000000,test_eval_loss-->1.697410,test_acc===0.696078
INFO:root:epoch:538 train_eval_loss-->0.082046,train_acc-->1.000000,test_eval_loss-->1.687454,test_acc===0.705882
INFO:root:epoch:539 train_eval_loss-->0.077396,train_acc-->1.000000,test_eval_loss-->1.684737,test_acc===0.705882
INFO:root:epoch:540 train_eval_loss-->0.067702,train_acc-->1.000000,test_eval_loss-->1.672306,test_acc===0.725490
INFO:root:epoch:541 train_eval_loss-->0.059397,train_acc-->1.000000,test_eval_loss-->1.678804,test_acc===0.715686
INFO:root:epoch:542 train_eval_loss-->0.051898,train_acc-->1.000000,test_eval_loss-->1.679984,test_acc===0.715686
INFO:root:epoch:543 train_eval_loss-->0.041250,train_acc-->1.000000,test_eval_loss-->1.684438,test_acc===0.715686
INFO:root:epoch:544 train_eval_loss-->0.032696,train_acc-->1.000000,test_eval_loss-->1.677861,test_acc===0.705882
INFO:root:epoch:545 train_eval_loss-->0.027442,train_acc-->1.000000,test_eval_loss-->1.682240,test_acc===0.715686
INFO:root:epoch:546 train_eval_loss-->0.023911,train_acc-->1.000000,test_eval_loss-->1.682281,test_acc===0.705882
INFO:root:epoch:547 train_eval_loss-->0.021380,train_acc-->1.000000,test_eval_loss-->1.675557,test_acc===0.715686
INFO:root:epoch:548 train_eval_loss-->0.018327,train_acc-->1.000000,test_eval_loss-->1.680773,test_acc===0.705882
INFO:root:epoch:549 train_eval_loss-->0.016411,train_acc-->1.000000,test_eval_loss-->1.680109,test_acc===0.705882
INFO:root:epoch:550 train_eval_loss-->0.015071,train_acc-->1.000000,test_eval_loss-->1.679486,test_acc===0.705882
INFO:root:epoch:551 train_eval_loss-->0.014561,train_acc-->1.000000,test_eval_loss-->1.679316,test_acc===0.705882
INFO:root:epoch:552 train_eval_loss-->0.014396,train_acc-->1.000000,test_eval_loss-->1.680895,test_acc===0.705882
INFO:root:epoch:553 train_eval_loss-->0.016117,train_acc-->1.000000,test_eval_loss-->1.678669,test_acc===0.715686
INFO:root:epoch:554 train_eval_loss-->0.017852,train_acc-->1.000000,test_eval_loss-->1.682458,test_acc===0.705882
INFO:root:epoch:555 train_eval_loss-->0.021225,train_acc-->1.000000,test_eval_loss-->1.677427,test_acc===0.715686
INFO:root:epoch:556 train_eval_loss-->0.026369,train_acc-->1.000000,test_eval_loss-->1.685523,test_acc===0.705882
INFO:root:epoch:557 train_eval_loss-->0.034119,train_acc-->1.000000,test_eval_loss-->1.680820,test_acc===0.705882
INFO:root:epoch:558 train_eval_loss-->0.036632,train_acc-->1.000000,test_eval_loss-->1.694325,test_acc===0.705882
INFO:root:epoch:559 train_eval_loss-->0.049609,train_acc-->1.000000,test_eval_loss-->1.665302,test_acc===0.715686
INFO:root:epoch:560 train_eval_loss-->0.056885,train_acc-->1.000000,test_eval_loss-->1.698805,test_acc===0.696078
INFO:root:epoch:561 train_eval_loss-->0.069691,train_acc-->1.000000,test_eval_loss-->1.693195,test_acc===0.705882
INFO:root:epoch:562 train_eval_loss-->0.076422,train_acc-->1.000000,test_eval_loss-->1.685369,test_acc===0.705882
INFO:root:epoch:563 train_eval_loss-->0.083714,train_acc-->1.000000,test_eval_loss-->1.672236,test_acc===0.715686
INFO:root:epoch:564 train_eval_loss-->0.096323,train_acc-->1.000000,test_eval_loss-->1.691977,test_acc===0.715686
INFO:root:epoch:565 train_eval_loss-->0.105871,train_acc-->1.000000,test_eval_loss-->1.672021,test_acc===0.725490
INFO:root:epoch:566 train_eval_loss-->0.121503,train_acc-->1.000000,test_eval_loss-->1.688334,test_acc===0.715686
INFO:root:epoch:567 train_eval_loss-->0.142653,train_acc-->1.000000,test_eval_loss-->1.653107,test_acc===0.725490
INFO:root:epoch:568 train_eval_loss-->0.154260,train_acc-->1.000000,test_eval_loss-->1.659906,test_acc===0.715686
INFO:root:epoch:569 train_eval_loss-->0.180700,train_acc-->1.000000,test_eval_loss-->1.671857,test_acc===0.725490
INFO:root:epoch:570 train_eval_loss-->0.190530,train_acc-->1.000000,test_eval_loss-->1.691125,test_acc===0.705882
INFO:root:epoch:571 train_eval_loss-->0.221259,train_acc-->1.000000,test_eval_loss-->1.680050,test_acc===0.735294
INFO:root:epoch:572 train_eval_loss-->0.257745,train_acc-->1.000000,test_eval_loss-->1.679920,test_acc===0.735294
INFO:root:epoch:573 train_eval_loss-->0.256219,train_acc-->1.000000,test_eval_loss-->1.700091,test_acc===0.676471
INFO:root:epoch:574 train_eval_loss-->0.258991,train_acc-->1.000000,test_eval_loss-->1.646539,test_acc===0.715686
INFO:root:epoch:575 train_eval_loss-->0.269791,train_acc-->1.000000,test_eval_loss-->1.693780,test_acc===0.705882
INFO:root:epoch:576 train_eval_loss-->0.298535,train_acc-->1.000000,test_eval_loss-->1.767568,test_acc===0.637255
INFO:root:epoch:577 train_eval_loss-->0.331344,train_acc-->1.000000,test_eval_loss-->1.725876,test_acc===0.696078
INFO:root:epoch:578 train_eval_loss-->0.322642,train_acc-->1.000000,test_eval_loss-->1.744634,test_acc===0.656863
INFO:root:epoch:579 train_eval_loss-->0.358537,train_acc-->1.000000,test_eval_loss-->1.713154,test_acc===0.735294
INFO:root:epoch:580 train_eval_loss-->0.397612,train_acc-->1.000000,test_eval_loss-->1.750519,test_acc===0.676471
INFO:root:epoch:581 train_eval_loss-->0.449174,train_acc-->1.000000,test_eval_loss-->1.837213,test_acc===0.676471
INFO:root:epoch:582 train_eval_loss-->0.404261,train_acc-->1.000000,test_eval_loss-->1.762094,test_acc===0.676471
INFO:root:epoch:583 train_eval_loss-->0.406640,train_acc-->1.000000,test_eval_loss-->1.728612,test_acc===0.705882
INFO:root:epoch:584 train_eval_loss-->0.461441,train_acc-->1.000000,test_eval_loss-->1.783203,test_acc===0.647059
INFO:root:epoch:585 train_eval_loss-->0.466146,train_acc-->1.000000,test_eval_loss-->1.790626,test_acc===0.647059
INFO:root:epoch:586 train_eval_loss-->0.459578,train_acc-->0.994100,test_eval_loss-->1.732412,test_acc===0.686275
INFO:root:epoch:587 train_eval_loss-->0.437589,train_acc-->1.000000,test_eval_loss-->1.739393,test_acc===0.686275
INFO:root:epoch:588 train_eval_loss-->0.467381,train_acc-->0.994100,test_eval_loss-->1.823874,test_acc===0.656863
INFO:root:epoch:589 train_eval_loss-->0.432898,train_acc-->1.000000,test_eval_loss-->1.717620,test_acc===0.666667
INFO:root:epoch:590 train_eval_loss-->0.428418,train_acc-->1.000000,test_eval_loss-->1.729671,test_acc===0.656863
INFO:root:epoch:591 train_eval_loss-->0.496612,train_acc-->1.000000,test_eval_loss-->1.718785,test_acc===0.715686
INFO:root:epoch:592 train_eval_loss-->0.465663,train_acc-->1.000000,test_eval_loss-->1.677799,test_acc===0.745098
INFO:root:epoch:593 train_eval_loss-->0.455094,train_acc-->0.997050,test_eval_loss-->1.782374,test_acc===0.686275
INFO:root:epoch:594 train_eval_loss-->0.502000,train_acc-->1.000000,test_eval_loss-->1.669016,test_acc===0.735294
INFO:root:epoch:595 train_eval_loss-->0.678900,train_acc-->0.982301,test_eval_loss-->1.800864,test_acc===0.656863
INFO:root:epoch:596 train_eval_loss-->0.538741,train_acc-->0.991150,test_eval_loss-->1.797093,test_acc===0.647059
INFO:root:epoch:597 train_eval_loss-->0.499158,train_acc-->0.991150,test_eval_loss-->1.672716,test_acc===0.754902
INFO:root:epoch:598 train_eval_loss-->0.510398,train_acc-->0.991150,test_eval_loss-->1.803523,test_acc===0.666667
INFO:root:epoch:599 train_eval_loss-->0.483323,train_acc-->1.000000,test_eval_loss-->1.696518,test_acc===0.705882
INFO:root:epoch:600 train_eval_loss-->0.551711,train_acc-->0.994100,test_eval_loss-->1.930308,test_acc===0.558824
INFO:root:epoch:601 train_eval_loss-->0.534956,train_acc-->1.000000,test_eval_loss-->1.707554,test_acc===0.705882
INFO:root:epoch:602 train_eval_loss-->0.473744,train_acc-->0.991150,test_eval_loss-->1.828200,test_acc===0.568627
INFO:root:epoch:603 train_eval_loss-->0.542697,train_acc-->1.000000,test_eval_loss-->1.925500,test_acc===0.637255
INFO:root:epoch:604 train_eval_loss-->0.624105,train_acc-->0.976401,test_eval_loss-->1.796316,test_acc===0.686275
INFO:root:epoch:605 train_eval_loss-->0.479979,train_acc-->0.994100,test_eval_loss-->1.650010,test_acc===0.754902
INFO:root:epoch:606 train_eval_loss-->0.446067,train_acc-->0.997050,test_eval_loss-->1.738261,test_acc===0.607843
INFO:root:epoch:607 train_eval_loss-->0.464669,train_acc-->1.000000,test_eval_loss-->1.713090,test_acc===0.725490
INFO:root:epoch:608 train_eval_loss-->0.449375,train_acc-->1.000000,test_eval_loss-->1.863135,test_acc===0.607843
INFO:root:epoch:609 train_eval_loss-->0.449194,train_acc-->1.000000,test_eval_loss-->1.769493,test_acc===0.617647
INFO:root:epoch:610 train_eval_loss-->0.547199,train_acc-->1.000000,test_eval_loss-->1.901008,test_acc===0.637255
INFO:root:epoch:611 train_eval_loss-->0.607337,train_acc-->1.000000,test_eval_loss-->1.769117,test_acc===0.686275
INFO:root:epoch:612 train_eval_loss-->0.598102,train_acc-->0.994100,test_eval_loss-->1.667350,test_acc===0.715686
INFO:root:epoch:613 train_eval_loss-->0.469219,train_acc-->1.000000,test_eval_loss-->1.703633,test_acc===0.725490
INFO:root:epoch:614 train_eval_loss-->0.490598,train_acc-->1.000000,test_eval_loss-->1.660427,test_acc===0.715686
INFO:root:epoch:615 train_eval_loss-->0.448789,train_acc-->1.000000,test_eval_loss-->1.851516,test_acc===0.676471
INFO:root:epoch:616 train_eval_loss-->0.425307,train_acc-->1.000000,test_eval_loss-->1.680695,test_acc===0.715686
INFO:root:epoch:617 train_eval_loss-->0.453995,train_acc-->1.000000,test_eval_loss-->1.700643,test_acc===0.715686
INFO:root:epoch:618 train_eval_loss-->0.329230,train_acc-->1.000000,test_eval_loss-->1.719908,test_acc===0.705882
INFO:root:epoch:619 train_eval_loss-->0.331093,train_acc-->1.000000,test_eval_loss-->1.729191,test_acc===0.715686
INFO:root:epoch:620 train_eval_loss-->0.336492,train_acc-->1.000000,test_eval_loss-->1.712265,test_acc===0.735294
INFO:root:epoch:621 train_eval_loss-->0.331877,train_acc-->1.000000,test_eval_loss-->1.666269,test_acc===0.725490
INFO:root:epoch:622 train_eval_loss-->0.326433,train_acc-->1.000000,test_eval_loss-->1.714359,test_acc===0.656863
INFO:root:epoch:623 train_eval_loss-->0.276243,train_acc-->1.000000,test_eval_loss-->1.834557,test_acc===0.627451
INFO:root:epoch:624 train_eval_loss-->0.305949,train_acc-->0.994100,test_eval_loss-->1.700368,test_acc===0.725490
INFO:root:epoch:625 train_eval_loss-->0.271773,train_acc-->1.000000,test_eval_loss-->1.716152,test_acc===0.715686
INFO:root:epoch:626 train_eval_loss-->0.266716,train_acc-->1.000000,test_eval_loss-->1.711205,test_acc===0.715686
INFO:root:epoch:627 train_eval_loss-->0.242101,train_acc-->1.000000,test_eval_loss-->1.696501,test_acc===0.735294
INFO:root:epoch:628 train_eval_loss-->0.207949,train_acc-->1.000000,test_eval_loss-->1.703824,test_acc===0.715686
INFO:root:epoch:629 train_eval_loss-->0.175346,train_acc-->1.000000,test_eval_loss-->1.666185,test_acc===0.735294
INFO:root:epoch:630 train_eval_loss-->0.187612,train_acc-->1.000000,test_eval_loss-->1.722877,test_acc===0.715686
INFO:root:epoch:631 train_eval_loss-->0.170299,train_acc-->1.000000,test_eval_loss-->1.681064,test_acc===0.715686
INFO:root:epoch:632 train_eval_loss-->0.155002,train_acc-->1.000000,test_eval_loss-->1.698683,test_acc===0.715686
INFO:root:epoch:633 train_eval_loss-->0.147108,train_acc-->1.000000,test_eval_loss-->1.702294,test_acc===0.705882
INFO:root:epoch:634 train_eval_loss-->0.120608,train_acc-->1.000000,test_eval_loss-->1.705678,test_acc===0.705882
INFO:root:epoch:635 train_eval_loss-->0.126621,train_acc-->1.000000,test_eval_loss-->1.643783,test_acc===0.745098
INFO:root:epoch:636 train_eval_loss-->0.106598,train_acc-->1.000000,test_eval_loss-->1.693759,test_acc===0.715686
INFO:root:epoch:637 train_eval_loss-->0.096721,train_acc-->1.000000,test_eval_loss-->1.679839,test_acc===0.715686
INFO:root:epoch:638 train_eval_loss-->0.081434,train_acc-->1.000000,test_eval_loss-->1.688138,test_acc===0.715686
INFO:root:epoch:639 train_eval_loss-->0.068682,train_acc-->1.000000,test_eval_loss-->1.678229,test_acc===0.725490
INFO:root:epoch:640 train_eval_loss-->0.060130,train_acc-->1.000000,test_eval_loss-->1.680515,test_acc===0.725490
INFO:root:epoch:641 train_eval_loss-->0.051567,train_acc-->1.000000,test_eval_loss-->1.686078,test_acc===0.715686
INFO:root:epoch:642 train_eval_loss-->0.047723,train_acc-->1.000000,test_eval_loss-->1.683237,test_acc===0.715686
INFO:root:epoch:643 train_eval_loss-->0.037522,train_acc-->1.000000,test_eval_loss-->1.673122,test_acc===0.725490
INFO:root:epoch:644 train_eval_loss-->0.029343,train_acc-->1.000000,test_eval_loss-->1.674497,test_acc===0.725490
INFO:root:epoch:645 train_eval_loss-->0.024504,train_acc-->1.000000,test_eval_loss-->1.671809,test_acc===0.725490
INFO:root:epoch:646 train_eval_loss-->0.020665,train_acc-->1.000000,test_eval_loss-->1.675468,test_acc===0.725490
INFO:root:epoch:647 train_eval_loss-->0.018220,train_acc-->1.000000,test_eval_loss-->1.673992,test_acc===0.725490
INFO:root:epoch:648 train_eval_loss-->0.015099,train_acc-->1.000000,test_eval_loss-->1.675508,test_acc===0.725490
INFO:root:epoch:649 train_eval_loss-->0.013543,train_acc-->1.000000,test_eval_loss-->1.673671,test_acc===0.725490
INFO:root:epoch:650 train_eval_loss-->0.012441,train_acc-->1.000000,test_eval_loss-->1.675645,test_acc===0.725490
INFO:root:epoch:651 train_eval_loss-->0.011494,train_acc-->1.000000,test_eval_loss-->1.674236,test_acc===0.725490
INFO:root:epoch:652 train_eval_loss-->0.011849,train_acc-->1.000000,test_eval_loss-->1.674464,test_acc===0.725490
INFO:root:epoch:653 train_eval_loss-->0.012992,train_acc-->1.000000,test_eval_loss-->1.675635,test_acc===0.725490
INFO:root:epoch:654 train_eval_loss-->0.015210,train_acc-->1.000000,test_eval_loss-->1.673895,test_acc===0.725490
INFO:root:epoch:655 train_eval_loss-->0.018913,train_acc-->1.000000,test_eval_loss-->1.676785,test_acc===0.725490
INFO:root:epoch:656 train_eval_loss-->0.020800,train_acc-->1.000000,test_eval_loss-->1.680118,test_acc===0.725490
INFO:root:epoch:657 train_eval_loss-->0.030709,train_acc-->1.000000,test_eval_loss-->1.672191,test_acc===0.725490
INFO:root:epoch:658 train_eval_loss-->0.037662,train_acc-->1.000000,test_eval_loss-->1.683872,test_acc===0.725490
INFO:root:epoch:659 train_eval_loss-->0.042217,train_acc-->1.000000,test_eval_loss-->1.668588,test_acc===0.735294
INFO:root:epoch:660 train_eval_loss-->0.056613,train_acc-->1.000000,test_eval_loss-->1.666973,test_acc===0.725490
INFO:root:epoch:661 train_eval_loss-->0.062653,train_acc-->1.000000,test_eval_loss-->1.683133,test_acc===0.725490
INFO:root:epoch:662 train_eval_loss-->0.069320,train_acc-->1.000000,test_eval_loss-->1.674603,test_acc===0.725490
INFO:root:epoch:663 train_eval_loss-->0.083324,train_acc-->1.000000,test_eval_loss-->1.670540,test_acc===0.735294
INFO:root:epoch:664 train_eval_loss-->0.125166,train_acc-->1.000000,test_eval_loss-->1.702044,test_acc===0.705882
INFO:root:epoch:665 train_eval_loss-->0.125696,train_acc-->1.000000,test_eval_loss-->1.680219,test_acc===0.705882
INFO:root:epoch:666 train_eval_loss-->0.125041,train_acc-->1.000000,test_eval_loss-->1.651429,test_acc===0.735294
INFO:root:epoch:667 train_eval_loss-->0.136120,train_acc-->1.000000,test_eval_loss-->1.704434,test_acc===0.705882
INFO:root:epoch:668 train_eval_loss-->0.155975,train_acc-->1.000000,test_eval_loss-->1.630058,test_acc===0.725490
INFO:root:epoch:669 train_eval_loss-->0.144566,train_acc-->1.000000,test_eval_loss-->1.691281,test_acc===0.715686
INFO:root:epoch:670 train_eval_loss-->0.171144,train_acc-->1.000000,test_eval_loss-->1.681903,test_acc===0.715686
INFO:root:epoch:671 train_eval_loss-->0.159744,train_acc-->1.000000,test_eval_loss-->1.714938,test_acc===0.696078
INFO:root:epoch:672 train_eval_loss-->0.203869,train_acc-->1.000000,test_eval_loss-->1.696265,test_acc===0.696078
INFO:root:epoch:673 train_eval_loss-->0.200125,train_acc-->1.000000,test_eval_loss-->1.727495,test_acc===0.705882
INFO:root:epoch:674 train_eval_loss-->0.209722,train_acc-->1.000000,test_eval_loss-->1.677393,test_acc===0.705882
INFO:root:epoch:675 train_eval_loss-->0.300886,train_acc-->1.000000,test_eval_loss-->1.767860,test_acc===0.705882
INFO:root:epoch:676 train_eval_loss-->0.302858,train_acc-->1.000000,test_eval_loss-->1.830622,test_acc===0.617647
INFO:root:epoch:677 train_eval_loss-->0.293376,train_acc-->1.000000,test_eval_loss-->1.652524,test_acc===0.725490
INFO:root:epoch:678 train_eval_loss-->0.277906,train_acc-->1.000000,test_eval_loss-->1.730175,test_acc===0.705882
INFO:root:epoch:679 train_eval_loss-->0.316794,train_acc-->1.000000,test_eval_loss-->1.704259,test_acc===0.696078
INFO:root:epoch:680 train_eval_loss-->0.371640,train_acc-->1.000000,test_eval_loss-->1.676046,test_acc===0.715686
INFO:root:epoch:681 train_eval_loss-->0.350254,train_acc-->1.000000,test_eval_loss-->1.748575,test_acc===0.686275
INFO:root:epoch:682 train_eval_loss-->0.359695,train_acc-->1.000000,test_eval_loss-->1.692585,test_acc===0.725490
INFO:root:epoch:683 train_eval_loss-->0.399508,train_acc-->1.000000,test_eval_loss-->1.731674,test_acc===0.686275
INFO:root:epoch:684 train_eval_loss-->0.400673,train_acc-->1.000000,test_eval_loss-->1.642581,test_acc===0.725490
INFO:root:epoch:685 train_eval_loss-->0.426407,train_acc-->1.000000,test_eval_loss-->1.801801,test_acc===0.647059
INFO:root:epoch:686 train_eval_loss-->0.423998,train_acc-->1.000000,test_eval_loss-->1.703225,test_acc===0.715686
INFO:root:epoch:687 train_eval_loss-->0.381011,train_acc-->1.000000,test_eval_loss-->1.768316,test_acc===0.666667
INFO:root:epoch:688 train_eval_loss-->0.383847,train_acc-->1.000000,test_eval_loss-->1.681197,test_acc===0.696078
INFO:root:epoch:689 train_eval_loss-->0.439483,train_acc-->1.000000,test_eval_loss-->1.650447,test_acc===0.754902
INFO:root:epoch:690 train_eval_loss-->0.373636,train_acc-->1.000000,test_eval_loss-->1.637435,test_acc===0.725490
INFO:root:epoch:691 train_eval_loss-->0.425807,train_acc-->0.997050,test_eval_loss-->1.730748,test_acc===0.705882
INFO:root:epoch:692 train_eval_loss-->0.472780,train_acc-->0.997050,test_eval_loss-->1.828954,test_acc===0.627451
INFO:root:epoch:693 train_eval_loss-->0.503759,train_acc-->0.994100,test_eval_loss-->1.809501,test_acc===0.676471
INFO:root:epoch:694 train_eval_loss-->0.621197,train_acc-->1.000000,test_eval_loss-->1.705732,test_acc===0.715686
INFO:root:epoch:695 train_eval_loss-->0.522071,train_acc-->1.000000,test_eval_loss-->1.754793,test_acc===0.647059
INFO:root:epoch:696 train_eval_loss-->0.451238,train_acc-->0.991150,test_eval_loss-->1.678823,test_acc===0.725490
INFO:root:epoch:697 train_eval_loss-->0.472585,train_acc-->0.997050,test_eval_loss-->1.694407,test_acc===0.705882
INFO:root:epoch:698 train_eval_loss-->0.483057,train_acc-->0.994100,test_eval_loss-->1.739068,test_acc===0.725490
INFO:root:epoch:699 train_eval_loss-->0.449099,train_acc-->0.991150,test_eval_loss-->1.822578,test_acc===0.607843
INFO:root:epoch:700 train_eval_loss-->0.484412,train_acc-->1.000000,test_eval_loss-->1.660637,test_acc===0.725490
INFO:root:epoch:701 train_eval_loss-->0.455854,train_acc-->0.994100,test_eval_loss-->1.664367,test_acc===0.725490
INFO:root:epoch:702 train_eval_loss-->0.446807,train_acc-->1.000000,test_eval_loss-->1.712512,test_acc===0.705882
INFO:root:epoch:703 train_eval_loss-->0.500609,train_acc-->1.000000,test_eval_loss-->1.726594,test_acc===0.735294
INFO:root:epoch:704 train_eval_loss-->0.518514,train_acc-->0.997050,test_eval_loss-->1.654345,test_acc===0.754902
INFO:root:epoch:705 train_eval_loss-->0.516471,train_acc-->1.000000,test_eval_loss-->1.719121,test_acc===0.656863
INFO:root:epoch:706 train_eval_loss-->0.506753,train_acc-->1.000000,test_eval_loss-->1.862166,test_acc===0.568627
INFO:root:epoch:707 train_eval_loss-->0.529410,train_acc-->0.991150,test_eval_loss-->1.790192,test_acc===0.676471
INFO:root:epoch:708 train_eval_loss-->0.525690,train_acc-->0.982301,test_eval_loss-->1.691857,test_acc===0.696078
INFO:root:epoch:709 train_eval_loss-->0.472945,train_acc-->1.000000,test_eval_loss-->1.812419,test_acc===0.686275
INFO:root:epoch:710 train_eval_loss-->0.389386,train_acc-->1.000000,test_eval_loss-->1.659863,test_acc===0.735294
INFO:root:epoch:711 train_eval_loss-->0.383680,train_acc-->1.000000,test_eval_loss-->1.667231,test_acc===0.735294
INFO:root:epoch:712 train_eval_loss-->0.391241,train_acc-->0.991150,test_eval_loss-->1.686600,test_acc===0.725490
INFO:root:epoch:713 train_eval_loss-->0.385820,train_acc-->1.000000,test_eval_loss-->1.691981,test_acc===0.725490
INFO:root:epoch:714 train_eval_loss-->0.416983,train_acc-->1.000000,test_eval_loss-->1.647318,test_acc===0.725490
INFO:root:epoch:715 train_eval_loss-->0.353392,train_acc-->1.000000,test_eval_loss-->1.657409,test_acc===0.725490
INFO:root:epoch:716 train_eval_loss-->0.331941,train_acc-->1.000000,test_eval_loss-->1.757322,test_acc===0.676471
INFO:root:epoch:717 train_eval_loss-->0.319025,train_acc-->1.000000,test_eval_loss-->1.748760,test_acc===0.715686
INFO:root:epoch:718 train_eval_loss-->0.281957,train_acc-->1.000000,test_eval_loss-->1.702219,test_acc===0.696078
INFO:root:epoch:719 train_eval_loss-->0.297427,train_acc-->1.000000,test_eval_loss-->1.701738,test_acc===0.705882
INFO:root:epoch:720 train_eval_loss-->0.303099,train_acc-->1.000000,test_eval_loss-->1.634267,test_acc===0.754902
INFO:root:epoch:721 train_eval_loss-->0.296512,train_acc-->1.000000,test_eval_loss-->1.710331,test_acc===0.715686
INFO:root:epoch:722 train_eval_loss-->0.283673,train_acc-->1.000000,test_eval_loss-->1.708974,test_acc===0.715686
INFO:root:epoch:723 train_eval_loss-->0.258941,train_acc-->1.000000,test_eval_loss-->1.615794,test_acc===0.745098
INFO:root:epoch:724 train_eval_loss-->0.253764,train_acc-->1.000000,test_eval_loss-->1.678091,test_acc===0.754902
INFO:root:epoch:725 train_eval_loss-->0.233438,train_acc-->1.000000,test_eval_loss-->1.697200,test_acc===0.735294
INFO:root:epoch:726 train_eval_loss-->0.213174,train_acc-->1.000000,test_eval_loss-->1.694112,test_acc===0.725490
INFO:root:epoch:727 train_eval_loss-->0.201414,train_acc-->1.000000,test_eval_loss-->1.687853,test_acc===0.715686
INFO:root:epoch:728 train_eval_loss-->0.193754,train_acc-->1.000000,test_eval_loss-->1.665216,test_acc===0.725490
INFO:root:epoch:729 train_eval_loss-->0.211160,train_acc-->1.000000,test_eval_loss-->1.694868,test_acc===0.735294
INFO:root:epoch:730 train_eval_loss-->0.200864,train_acc-->1.000000,test_eval_loss-->1.686111,test_acc===0.715686
INFO:root:epoch:731 train_eval_loss-->0.172483,train_acc-->1.000000,test_eval_loss-->1.688276,test_acc===0.745098
INFO:root:epoch:732 train_eval_loss-->0.139330,train_acc-->1.000000,test_eval_loss-->1.668321,test_acc===0.725490
INFO:root:epoch:733 train_eval_loss-->0.130629,train_acc-->1.000000,test_eval_loss-->1.667046,test_acc===0.725490
INFO:root:epoch:734 train_eval_loss-->0.119474,train_acc-->1.000000,test_eval_loss-->1.674463,test_acc===0.735294
INFO:root:epoch:735 train_eval_loss-->0.091597,train_acc-->1.000000,test_eval_loss-->1.680259,test_acc===0.725490
INFO:root:epoch:736 train_eval_loss-->0.084644,train_acc-->1.000000,test_eval_loss-->1.676933,test_acc===0.725490
INFO:root:epoch:737 train_eval_loss-->0.086122,train_acc-->1.000000,test_eval_loss-->1.683804,test_acc===0.715686
INFO:root:epoch:738 train_eval_loss-->0.066384,train_acc-->1.000000,test_eval_loss-->1.680500,test_acc===0.715686
INFO:root:epoch:739 train_eval_loss-->0.061122,train_acc-->1.000000,test_eval_loss-->1.669309,test_acc===0.725490
INFO:root:epoch:740 train_eval_loss-->0.049272,train_acc-->1.000000,test_eval_loss-->1.677086,test_acc===0.715686
INFO:root:epoch:741 train_eval_loss-->0.046913,train_acc-->1.000000,test_eval_loss-->1.671323,test_acc===0.725490
INFO:root:epoch:742 train_eval_loss-->0.038846,train_acc-->1.000000,test_eval_loss-->1.666505,test_acc===0.735294
INFO:root:epoch:743 train_eval_loss-->0.035750,train_acc-->1.000000,test_eval_loss-->1.676739,test_acc===0.725490
INFO:root:epoch:744 train_eval_loss-->0.027620,train_acc-->1.000000,test_eval_loss-->1.675398,test_acc===0.725490
INFO:root:epoch:745 train_eval_loss-->0.025039,train_acc-->1.000000,test_eval_loss-->1.674613,test_acc===0.725490
INFO:root:epoch:746 train_eval_loss-->0.017434,train_acc-->1.000000,test_eval_loss-->1.674332,test_acc===0.725490
INFO:root:epoch:747 train_eval_loss-->0.014554,train_acc-->1.000000,test_eval_loss-->1.675089,test_acc===0.725490
INFO:root:epoch:748 train_eval_loss-->0.013310,train_acc-->1.000000,test_eval_loss-->1.673818,test_acc===0.725490
INFO:root:epoch:749 train_eval_loss-->0.011132,train_acc-->1.000000,test_eval_loss-->1.676188,test_acc===0.725490
INFO:root:epoch:750 train_eval_loss-->0.010580,train_acc-->1.000000,test_eval_loss-->1.675293,test_acc===0.725490
INFO:root:epoch:751 train_eval_loss-->0.009229,train_acc-->1.000000,test_eval_loss-->1.675998,test_acc===0.725490
INFO:root:epoch:752 train_eval_loss-->0.010321,train_acc-->1.000000,test_eval_loss-->1.675303,test_acc===0.725490
INFO:root:epoch:753 train_eval_loss-->0.012212,train_acc-->1.000000,test_eval_loss-->1.674877,test_acc===0.725490
INFO:root:epoch:754 train_eval_loss-->0.013393,train_acc-->1.000000,test_eval_loss-->1.674007,test_acc===0.725490
INFO:root:epoch:755 train_eval_loss-->0.015916,train_acc-->1.000000,test_eval_loss-->1.677961,test_acc===0.715686
INFO:root:epoch:756 train_eval_loss-->0.021771,train_acc-->1.000000,test_eval_loss-->1.675521,test_acc===0.725490
INFO:root:epoch:757 train_eval_loss-->0.023541,train_acc-->1.000000,test_eval_loss-->1.672479,test_acc===0.725490
INFO:root:epoch:758 train_eval_loss-->0.028052,train_acc-->1.000000,test_eval_loss-->1.668929,test_acc===0.725490
INFO:root:epoch:759 train_eval_loss-->0.039605,train_acc-->1.000000,test_eval_loss-->1.670468,test_acc===0.725490
INFO:root:epoch:760 train_eval_loss-->0.049441,train_acc-->1.000000,test_eval_loss-->1.685895,test_acc===0.715686
INFO:root:epoch:761 train_eval_loss-->0.055936,train_acc-->1.000000,test_eval_loss-->1.682013,test_acc===0.715686
INFO:root:epoch:762 train_eval_loss-->0.060466,train_acc-->1.000000,test_eval_loss-->1.675761,test_acc===0.715686
INFO:root:epoch:763 train_eval_loss-->0.071323,train_acc-->1.000000,test_eval_loss-->1.675573,test_acc===0.715686
INFO:root:epoch:764 train_eval_loss-->0.107592,train_acc-->1.000000,test_eval_loss-->1.674439,test_acc===0.725490
INFO:root:epoch:765 train_eval_loss-->0.111461,train_acc-->1.000000,test_eval_loss-->1.651662,test_acc===0.725490
INFO:root:epoch:766 train_eval_loss-->0.117911,train_acc-->1.000000,test_eval_loss-->1.713003,test_acc===0.705882
INFO:root:epoch:767 train_eval_loss-->0.120207,train_acc-->1.000000,test_eval_loss-->1.688739,test_acc===0.715686
INFO:root:epoch:768 train_eval_loss-->0.123994,train_acc-->1.000000,test_eval_loss-->1.689478,test_acc===0.725490
INFO:root:epoch:769 train_eval_loss-->0.138384,train_acc-->1.000000,test_eval_loss-->1.683272,test_acc===0.735294
INFO:root:epoch:770 train_eval_loss-->0.167004,train_acc-->1.000000,test_eval_loss-->1.700786,test_acc===0.705882
INFO:root:epoch:771 train_eval_loss-->0.185319,train_acc-->1.000000,test_eval_loss-->1.686579,test_acc===0.715686
INFO:root:epoch:772 train_eval_loss-->0.192626,train_acc-->1.000000,test_eval_loss-->1.687252,test_acc===0.735294
INFO:root:epoch:773 train_eval_loss-->0.197339,train_acc-->1.000000,test_eval_loss-->1.728956,test_acc===0.696078
INFO:root:epoch:774 train_eval_loss-->0.230080,train_acc-->1.000000,test_eval_loss-->1.747923,test_acc===0.696078
INFO:root:epoch:775 train_eval_loss-->0.236590,train_acc-->1.000000,test_eval_loss-->1.702981,test_acc===0.725490
INFO:root:epoch:776 train_eval_loss-->0.285663,train_acc-->1.000000,test_eval_loss-->1.674194,test_acc===0.754902
INFO:root:epoch:777 train_eval_loss-->0.259393,train_acc-->1.000000,test_eval_loss-->1.785957,test_acc===0.676471
INFO:root:epoch:778 train_eval_loss-->0.292477,train_acc-->1.000000,test_eval_loss-->1.751164,test_acc===0.686275
INFO:root:epoch:779 train_eval_loss-->0.280984,train_acc-->1.000000,test_eval_loss-->1.700930,test_acc===0.705882
INFO:root:epoch:780 train_eval_loss-->0.280376,train_acc-->1.000000,test_eval_loss-->1.678536,test_acc===0.725490
INFO:root:epoch:781 train_eval_loss-->0.325822,train_acc-->1.000000,test_eval_loss-->1.734375,test_acc===0.686275
INFO:root:epoch:782 train_eval_loss-->0.360668,train_acc-->1.000000,test_eval_loss-->1.631175,test_acc===0.774510
INFO:root:epoch:783 train_eval_loss-->0.400408,train_acc-->1.000000,test_eval_loss-->1.753824,test_acc===0.676471
INFO:root:epoch:784 train_eval_loss-->0.381626,train_acc-->1.000000,test_eval_loss-->1.771087,test_acc===0.696078
INFO:root:epoch:785 train_eval_loss-->0.308860,train_acc-->1.000000,test_eval_loss-->1.641836,test_acc===0.735294
INFO:root:epoch:786 train_eval_loss-->0.330336,train_acc-->1.000000,test_eval_loss-->1.723431,test_acc===0.686275
INFO:root:epoch:787 train_eval_loss-->0.360536,train_acc-->1.000000,test_eval_loss-->1.795379,test_acc===0.696078
INFO:root:epoch:788 train_eval_loss-->0.384892,train_acc-->1.000000,test_eval_loss-->1.626861,test_acc===0.774510
INFO:root:epoch:789 train_eval_loss-->0.395536,train_acc-->1.000000,test_eval_loss-->1.791268,test_acc===0.686275
INFO:root:epoch:790 train_eval_loss-->0.459007,train_acc-->1.000000,test_eval_loss-->1.715302,test_acc===0.705882
INFO:root:epoch:791 train_eval_loss-->0.399319,train_acc-->1.000000,test_eval_loss-->1.825940,test_acc===0.656863
INFO:root:epoch:792 train_eval_loss-->0.419829,train_acc-->1.000000,test_eval_loss-->1.787276,test_acc===0.666667
INFO:root:epoch:793 train_eval_loss-->0.437431,train_acc-->1.000000,test_eval_loss-->1.765112,test_acc===0.696078
INFO:root:epoch:794 train_eval_loss-->0.414618,train_acc-->1.000000,test_eval_loss-->1.769736,test_acc===0.676471
INFO:root:epoch:795 train_eval_loss-->0.407262,train_acc-->1.000000,test_eval_loss-->1.670683,test_acc===0.745098
INFO:root:epoch:796 train_eval_loss-->0.476455,train_acc-->1.000000,test_eval_loss-->1.739537,test_acc===0.745098
INFO:root:epoch:797 train_eval_loss-->0.527644,train_acc-->1.000000,test_eval_loss-->1.788910,test_acc===0.627451
INFO:root:epoch:798 train_eval_loss-->0.449683,train_acc-->1.000000,test_eval_loss-->1.675844,test_acc===0.725490
INFO:root:epoch:799 train_eval_loss-->0.407374,train_acc-->1.000000,test_eval_loss-->1.816200,test_acc===0.598039
