2023-12-14 16:06:36 - #----------Config info----------#
2023-12-14 16:06:36 - network: Pointneted_plus,
2023-12-14 16:06:36 - pre_net: None,
2023-12-14 16:06:36 - data_path: /media/yxz/新加卷/teeth_ct_points/CT3Dpoints/,
2023-12-14 16:06:36 - label_path: /media/yxz/新加卷/teeth_ct_points/CT3Dpoints/三维坐标表格.xlsx,
2023-12-14 16:06:36 - pretrained_path: ./pre_trained/,
2023-12-14 16:06:36 - cfg: [32, 64, 96, 128, 256, 128, 256, 128, 64, 32, 16],
2023-12-14 16:06:36 - label_num: [0, 1, 10, 11, 14, 19],
2023-12-14 16:06:36 - num_classes: 6,
2023-12-14 16:06:36 - input_size_h: 512,
2023-12-14 16:06:36 - input_size_w: 512,
2023-12-14 16:06:36 - input_channels: 64,
2023-12-14 16:06:36 - distributed: False,
2023-12-14 16:06:36 - local_rank: -1,
2023-12-14 16:06:36 - num_workers: 4,
2023-12-14 16:06:36 - seed: 42,
2023-12-14 16:06:36 - world_size: None,
2023-12-14 16:06:36 - rank: None,
2023-12-14 16:06:36 - amp: False,
2023-12-14 16:06:36 - l2_lambda: 0.0,
2023-12-14 16:06:36 - gpu_id: 0,
2023-12-14 16:06:36 - batch_size: 4,
2023-12-14 16:06:36 - val_bs: 1,
2023-12-14 16:06:36 - epochs: 800,
2023-12-14 16:06:36 - deep_supervision: True,
2023-12-14 16:06:36 - tailadd: True,
2023-12-14 16:06:36 - threshold: 8.660254037844387,
2023-12-14 16:06:36 - rand_data: False,
2023-12-14 16:06:36 - mean_common: False,
2023-12-14 16:06:36 - horizontal_flip: True,
2023-12-14 16:06:36 - Dynamic_regularization: False,
2023-12-14 16:06:36 - train_mean: [38.167084, 36.47113, 35.658463, 34.7275, 34.397972, 34.392757, 33.96709, 34.126865, 34.28234, 33.729267, 32.7962, 32.064926, 31.681631, 31.124203, 30.844501, 31.361849, 32.73974, 34.215652, 36.648277, 38.611458, 40.539837, 42.120747, 43.28669, 44.45494, 45.614132, 46.21989, 47.45023, 48.500004, 49.44821, 50.419426, 52.140045, 53.649082, 54.722622, 55.427254, 55.996006, 56.55678, 57.03274, 56.78339, 56.16994, 56.052105, 56.084873, 55.73664, 55.51461, 54.455627, 53.19349, 51.708523, 50.496777, 48.39798, 46.618237],
2023-12-14 16:06:36 - train_std: [52.12329, 51.107494, 50.941055, 50.223755, 50.00628, 50.154346, 49.390217, 49.584064, 49.46689, 48.635002, 46.955963, 45.86415, 45.254314, 44.008198, 43.081245, 43.15782, 44.181343, 45.16833, 47.433487, 48.60615, 50.44894, 51.635715, 52.542904, 53.638527, 54.554443, 54.860928, 55.634895, 56.127644, 56.314377, 56.52658, 57.31575, 57.992775, 58.40813, 58.65052, 58.6726, 58.786034, 59.043797, 59.15101, 58.878242, 59.1303, 59.565495, 59.95643, 60.605595, 60.74457, 60.784153, 60.811424, 61.18004, 60.75567, 60.8064],
2023-12-14 16:06:36 - val_mean: [39.743374, 38.122738, 37.19561, 35.71686, 35.202812, 34.790627, 34.621647, 34.678947, 34.44854, 33.327152, 32.52173, 31.267305, 30.603254, 30.013475, 29.536041, 30.480452, 31.952286, 33.71057, 36.010574, 38.201912, 39.313183, 42.94376, 44.53766, 45.518337, 46.94797, 46.58542, 47.49811, 48.238167, 51.026104, 52.292915, 52.69654, 53.169758, 53.87486, 55.697067, 57.654236, 57.586315, 57.758514, 57.174618, 57.736595, 57.24419, 57.544117, 57.37176, 56.43062, 55.96641, 55.325653, 53.10815, 52.179287, 50.27785, 47.04305],
2023-12-14 16:06:36 - val_std: [53.15056, 52.15993, 51.616505, 50.33102, 50.21509, 50.081203, 50.03935, 49.86299, 49.531567, 48.28274, 46.95426, 45.172287, 43.96861, 42.88531, 41.24616, 42.37183, 43.43441, 44.75589, 46.571957, 48.567627, 49.173023, 51.97025, 53.31617, 54.147503, 55.217754, 54.256313, 54.82137, 55.228252, 57.024765, 57.493202, 57.21687, 57.12449, 57.009945, 58.07164, 58.968643, 58.816093, 58.97068, 58.471672, 58.976105, 58.958794, 59.510704, 60.026344, 60.16703, 60.841858, 61.621956, 61.22611, 61.83866, 62.08808, 61.1031],
2023-12-14 16:06:36 - work_dir: results/Pointneted_plus_Thursday_14_December_2023_16h_06m_36s/,
2023-12-14 16:06:36 - tensor_size: 0,
2023-12-14 16:06:36 - train_transformer: Compose(
    <utils.myToTensor object at 0x7fbec786a310>
    <utils.myResize object at 0x7fbdef4da160>
),
2023-12-14 16:06:36 - test_transformer: Compose(
    <utils.myToTensor object at 0x7fbec7828a00>
    <utils.myResize object at 0x7fbec7828a30>
),
2023-12-14 16:06:36 - opt: AdamW,
2023-12-14 16:06:36 - lr: 0.001,
2023-12-14 16:06:36 - betas: (0.9, 0.999),
2023-12-14 16:06:36 - eps: 1e-08,
2023-12-14 16:06:36 - weight_decay: 0.01,
2023-12-14 16:06:36 - amsgrad: False,
2023-12-14 16:06:36 - sch: CosineAnnealingLR,
2023-12-14 16:06:36 - T_max: 50,
2023-12-14 16:06:36 - eta_min: 1e-05,
2023-12-14 16:06:36 - last_epoch: -1,
INFO:root:train--mean-->[38.167084 36.47113  35.658463 34.7275   34.397972 34.392757 33.96709
 34.126865 34.28234  33.729267 32.7962   32.064926 31.681631 31.124203
 30.844501 31.361849 32.73974  34.215652 36.648277 38.611458 40.539837
 42.120747 43.28669  44.45494  45.614132 46.21989  47.45023  48.500004
 49.44821  50.419426 52.140045 53.649082 54.722622 55.427254 55.996006
 56.55678  57.03274  56.78339  56.16994  56.052105 56.084873 55.73664
 55.51461  54.455627 53.19349  51.708523 50.496777 48.39798  46.618237]
INFO:root:train--std-->[52.12329  51.107494 50.941055 50.223755 50.00628  50.154346 49.390217
 49.584064 49.46689  48.635002 46.955963 45.86415  45.254314 44.008198
 43.081245 43.15782  44.181343 45.16833  47.433487 48.60615  50.44894
 51.635715 52.542904 53.638527 54.554443 54.860928 55.634895 56.127644
 56.314377 56.52658  57.31575  57.992775 58.40813  58.65052  58.6726
 58.786034 59.043797 59.15101  58.878242 59.1303   59.565495 59.95643
 60.605595 60.74457  60.784153 60.811424 61.18004  60.75567  60.8064  ]
INFO:root:val--mean-->[39.743374 38.122738 37.19561  35.71686  35.202812 34.790627 34.621647
 34.678947 34.44854  33.327152 32.52173  31.267305 30.603254 30.013475
 29.536041 30.480452 31.952286 33.71057  36.010574 38.201912 39.313183
 42.94376  44.53766  45.518337 46.94797  46.58542  47.49811  48.238167
 51.026104 52.292915 52.69654  53.169758 53.87486  55.697067 57.654236
 57.586315 57.758514 57.174618 57.736595 57.24419  57.544117 57.37176
 56.43062  55.96641  55.325653 53.10815  52.179287 50.27785  47.04305 ]
INFO:root:val--std-->[53.15056  52.15993  51.616505 50.33102  50.21509  50.081203 50.03935
 49.86299  49.531567 48.28274  46.95426  45.172287 43.96861  42.88531
 41.24616  42.37183  43.43441  44.75589  46.571957 48.567627 49.173023
 51.97025  53.31617  54.147503 55.217754 54.256313 54.82137  55.228252
 57.024765 57.493202 57.21687  57.12449  57.009945 58.07164  58.968643
 58.816093 58.97068  58.471672 58.976105 58.958794 59.510704 60.026344
 60.16703  60.841858 61.621956 61.22611  61.83866  62.08808  61.1031  ]
INFO:root:real_input_channels-->49
INFO:root:epoch:0 train_eval_loss-->14.694842,train_acc-->0.060472,test_eval_loss-->10.383672,test_acc===0.093137
INFO:root:epoch:1 train_eval_loss-->8.733176,train_acc-->0.113569,test_eval_loss-->8.218452,test_acc===0.102941
INFO:root:epoch:2 train_eval_loss-->7.618174,train_acc-->0.143068,test_eval_loss-->7.096731,test_acc===0.196078
INFO:root:epoch:3 train_eval_loss-->6.805381,train_acc-->0.119469,test_eval_loss-->5.633577,test_acc===0.220588
INFO:root:epoch:4 train_eval_loss-->5.714191,train_acc-->0.143068,test_eval_loss-->5.202864,test_acc===0.156863
INFO:root:epoch:5 train_eval_loss-->5.057462,train_acc-->0.172566,test_eval_loss-->4.766179,test_acc===0.186275
INFO:root:epoch:6 train_eval_loss-->4.411875,train_acc-->0.278761,test_eval_loss-->4.589884,test_acc===0.078431
INFO:root:epoch:7 train_eval_loss-->4.079034,train_acc-->0.238938,test_eval_loss-->4.339922,test_acc===0.147059
INFO:root:epoch:8 train_eval_loss-->3.682530,train_acc-->0.327434,test_eval_loss-->3.315639,test_acc===0.372549
INFO:root:epoch:9 train_eval_loss-->3.472743,train_acc-->0.325959,test_eval_loss-->3.678377,test_acc===0.308824
INFO:root:epoch:10 train_eval_loss-->3.039689,train_acc-->0.418879,test_eval_loss-->3.747987,test_acc===0.225490
INFO:root:epoch:11 train_eval_loss-->3.014750,train_acc-->0.420354,test_eval_loss-->3.303571,test_acc===0.269608
INFO:root:epoch:12 train_eval_loss-->2.746484,train_acc-->0.427729,test_eval_loss-->2.742973,test_acc===0.475490
INFO:root:epoch:13 train_eval_loss-->2.874728,train_acc-->0.438053,test_eval_loss-->2.906420,test_acc===0.387255
INFO:root:epoch:14 train_eval_loss-->2.630592,train_acc-->0.473451,test_eval_loss-->3.394305,test_acc===0.127451
INFO:root:epoch:15 train_eval_loss-->2.649174,train_acc-->0.464602,test_eval_loss-->2.733732,test_acc===0.338235
INFO:root:epoch:16 train_eval_loss-->2.471790,train_acc-->0.544248,test_eval_loss-->2.564449,test_acc===0.446078
INFO:root:epoch:17 train_eval_loss-->2.147475,train_acc-->0.641593,test_eval_loss-->2.451520,test_acc===0.529412
INFO:root:epoch:18 train_eval_loss-->2.312161,train_acc-->0.551622,test_eval_loss-->2.643236,test_acc===0.500000
INFO:root:epoch:19 train_eval_loss-->2.139848,train_acc-->0.648968,test_eval_loss-->2.279989,test_acc===0.647059
INFO:root:epoch:20 train_eval_loss-->2.283372,train_acc-->0.556047,test_eval_loss-->2.342859,test_acc===0.573529
INFO:root:epoch:21 train_eval_loss-->2.141839,train_acc-->0.604720,test_eval_loss-->2.261463,test_acc===0.544118
INFO:root:epoch:22 train_eval_loss-->1.962123,train_acc-->0.709440,test_eval_loss-->2.879854,test_acc===0.274510
INFO:root:epoch:23 train_eval_loss-->2.057167,train_acc-->0.601770,test_eval_loss-->2.505462,test_acc===0.495098
INFO:root:epoch:24 train_eval_loss-->1.816866,train_acc-->0.738938,test_eval_loss-->2.220145,test_acc===0.480392
INFO:root:epoch:25 train_eval_loss-->1.772773,train_acc-->0.774336,test_eval_loss-->2.078310,test_acc===0.617647
INFO:root:epoch:26 train_eval_loss-->1.632588,train_acc-->0.836283,test_eval_loss-->2.052385,test_acc===0.622549
INFO:root:epoch:27 train_eval_loss-->1.561223,train_acc-->0.855457,test_eval_loss-->1.914401,test_acc===0.681373
INFO:root:epoch:28 train_eval_loss-->1.550238,train_acc-->0.861357,test_eval_loss-->2.328602,test_acc===0.549020
INFO:root:epoch:29 train_eval_loss-->1.588603,train_acc-->0.834808,test_eval_loss-->1.992509,test_acc===0.647059
INFO:root:epoch:30 train_eval_loss-->1.464937,train_acc-->0.886431,test_eval_loss-->2.019747,test_acc===0.622549
INFO:root:epoch:31 train_eval_loss-->1.443966,train_acc-->0.882006,test_eval_loss-->1.936501,test_acc===0.696078
INFO:root:epoch:32 train_eval_loss-->1.401375,train_acc-->0.890855,test_eval_loss-->1.976099,test_acc===0.656863
INFO:root:epoch:33 train_eval_loss-->1.327299,train_acc-->0.926254,test_eval_loss-->1.969758,test_acc===0.656863
INFO:root:epoch:34 train_eval_loss-->1.306887,train_acc-->0.923304,test_eval_loss-->1.935970,test_acc===0.676471
INFO:root:epoch:35 train_eval_loss-->1.310058,train_acc-->0.926254,test_eval_loss-->1.902814,test_acc===0.676471
INFO:root:epoch:36 train_eval_loss-->1.179984,train_acc-->0.945428,test_eval_loss-->2.005473,test_acc===0.666667
INFO:root:epoch:37 train_eval_loss-->1.164911,train_acc-->0.955752,test_eval_loss-->1.949617,test_acc===0.661765
INFO:root:epoch:38 train_eval_loss-->1.131036,train_acc-->0.967552,test_eval_loss-->1.917082,test_acc===0.676471
INFO:root:epoch:39 train_eval_loss-->1.117574,train_acc-->0.949853,test_eval_loss-->1.849726,test_acc===0.691176
INFO:root:epoch:40 train_eval_loss-->1.073453,train_acc-->0.964602,test_eval_loss-->1.822431,test_acc===0.696078
INFO:root:epoch:41 train_eval_loss-->1.046154,train_acc-->0.963127,test_eval_loss-->1.800231,test_acc===0.700980
INFO:root:epoch:42 train_eval_loss-->1.019705,train_acc-->0.969027,test_eval_loss-->1.824344,test_acc===0.705882
INFO:root:epoch:43 train_eval_loss-->1.032005,train_acc-->0.967552,test_eval_loss-->1.826515,test_acc===0.700980
INFO:root:epoch:44 train_eval_loss-->0.982540,train_acc-->0.974926,test_eval_loss-->1.825505,test_acc===0.696078
INFO:root:epoch:45 train_eval_loss-->0.975208,train_acc-->0.974926,test_eval_loss-->1.810966,test_acc===0.696078
INFO:root:epoch:46 train_eval_loss-->0.955665,train_acc-->0.977876,test_eval_loss-->1.799906,test_acc===0.700980
INFO:root:epoch:47 train_eval_loss-->0.948388,train_acc-->0.976401,test_eval_loss-->1.801453,test_acc===0.705882
INFO:root:epoch:48 train_eval_loss-->0.958248,train_acc-->0.976401,test_eval_loss-->1.798918,test_acc===0.691176
INFO:root:epoch:49 train_eval_loss-->0.938858,train_acc-->0.980826,test_eval_loss-->1.803392,test_acc===0.691176
INFO:root:epoch:50 train_eval_loss-->0.926158,train_acc-->0.982301,test_eval_loss-->1.796447,test_acc===0.710784
INFO:root:epoch:51 train_eval_loss-->0.953937,train_acc-->0.974926,test_eval_loss-->1.796961,test_acc===0.705882
INFO:root:epoch:52 train_eval_loss-->0.929942,train_acc-->0.976401,test_eval_loss-->1.798225,test_acc===0.715686
INFO:root:epoch:53 train_eval_loss-->0.926303,train_acc-->0.980826,test_eval_loss-->1.782983,test_acc===0.710784
INFO:root:epoch:54 train_eval_loss-->0.943118,train_acc-->0.970501,test_eval_loss-->1.779791,test_acc===0.715686
INFO:root:epoch:55 train_eval_loss-->0.941306,train_acc-->0.977876,test_eval_loss-->1.774989,test_acc===0.720588
INFO:root:epoch:56 train_eval_loss-->0.948765,train_acc-->0.977876,test_eval_loss-->1.840143,test_acc===0.691176
INFO:root:epoch:57 train_eval_loss-->0.922495,train_acc-->0.983776,test_eval_loss-->1.805136,test_acc===0.710784
INFO:root:epoch:58 train_eval_loss-->0.943137,train_acc-->0.983776,test_eval_loss-->1.774515,test_acc===0.730392
INFO:root:epoch:59 train_eval_loss-->0.936532,train_acc-->0.980826,test_eval_loss-->1.854461,test_acc===0.705882
INFO:root:epoch:60 train_eval_loss-->0.964085,train_acc-->0.979351,test_eval_loss-->1.855400,test_acc===0.715686
INFO:root:epoch:61 train_eval_loss-->0.999425,train_acc-->0.969027,test_eval_loss-->1.893043,test_acc===0.686275
INFO:root:epoch:62 train_eval_loss-->1.038791,train_acc-->0.976401,test_eval_loss-->2.006382,test_acc===0.666667
INFO:root:epoch:63 train_eval_loss-->1.085761,train_acc-->0.961652,test_eval_loss-->1.915586,test_acc===0.656863
INFO:root:epoch:64 train_eval_loss-->1.051490,train_acc-->0.969027,test_eval_loss-->1.881231,test_acc===0.700980
INFO:root:epoch:65 train_eval_loss-->1.148298,train_acc-->0.966077,test_eval_loss-->2.103618,test_acc===0.627451
INFO:root:epoch:66 train_eval_loss-->1.225055,train_acc-->0.949853,test_eval_loss-->2.015624,test_acc===0.637255
INFO:root:epoch:67 train_eval_loss-->1.220007,train_acc-->0.936578,test_eval_loss-->1.821475,test_acc===0.740196
INFO:root:epoch:68 train_eval_loss-->1.324583,train_acc-->0.915929,test_eval_loss-->1.983327,test_acc===0.671569
INFO:root:epoch:69 train_eval_loss-->1.319522,train_acc-->0.938053,test_eval_loss-->2.084410,test_acc===0.617647
INFO:root:epoch:70 train_eval_loss-->1.296444,train_acc-->0.921829,test_eval_loss-->2.227232,test_acc===0.553922
INFO:root:epoch:71 train_eval_loss-->1.556225,train_acc-->0.848083,test_eval_loss-->1.993776,test_acc===0.696078
INFO:root:epoch:72 train_eval_loss-->1.454835,train_acc-->0.883481,test_eval_loss-->2.265888,test_acc===0.549020
INFO:root:epoch:73 train_eval_loss-->1.410797,train_acc-->0.886431,test_eval_loss-->1.998687,test_acc===0.622549
INFO:root:epoch:74 train_eval_loss-->1.450158,train_acc-->0.861357,test_eval_loss-->2.040588,test_acc===0.617647
INFO:root:epoch:75 train_eval_loss-->1.523496,train_acc-->0.834808,test_eval_loss-->2.188785,test_acc===0.588235
INFO:root:epoch:76 train_eval_loss-->1.637618,train_acc-->0.811209,test_eval_loss-->2.514441,test_acc===0.460784
INFO:root:epoch:77 train_eval_loss-->1.587873,train_acc-->0.849558,test_eval_loss-->2.422825,test_acc===0.514706
INFO:root:epoch:78 train_eval_loss-->1.906293,train_acc-->0.710914,test_eval_loss-->3.135302,test_acc===0.220588
INFO:root:epoch:79 train_eval_loss-->1.883832,train_acc-->0.681416,test_eval_loss-->2.172460,test_acc===0.593137
INFO:root:epoch:80 train_eval_loss-->1.476259,train_acc-->0.867257,test_eval_loss-->2.524686,test_acc===0.436275
INFO:root:epoch:81 train_eval_loss-->1.720436,train_acc-->0.735988,test_eval_loss-->2.056059,test_acc===0.602941
INFO:root:epoch:82 train_eval_loss-->1.507822,train_acc-->0.853982,test_eval_loss-->2.336145,test_acc===0.539216
INFO:root:epoch:83 train_eval_loss-->1.809837,train_acc-->0.706490,test_eval_loss-->2.014927,test_acc===0.705882
INFO:root:epoch:84 train_eval_loss-->1.516631,train_acc-->0.868732,test_eval_loss-->2.134061,test_acc===0.593137
INFO:root:epoch:85 train_eval_loss-->1.512920,train_acc-->0.848083,test_eval_loss-->2.057441,test_acc===0.656863
INFO:root:epoch:86 train_eval_loss-->1.769470,train_acc-->0.715339,test_eval_loss-->2.241572,test_acc===0.558824
INFO:root:epoch:87 train_eval_loss-->1.775783,train_acc-->0.718289,test_eval_loss-->2.660803,test_acc===0.421569
INFO:root:epoch:88 train_eval_loss-->1.870522,train_acc-->0.690265,test_eval_loss-->2.302148,test_acc===0.539216
INFO:root:epoch:89 train_eval_loss-->1.806061,train_acc-->0.731563,test_eval_loss-->3.413954,test_acc===0.225490
INFO:root:epoch:90 train_eval_loss-->1.997997,train_acc-->0.637168,test_eval_loss-->2.616463,test_acc===0.367647
INFO:root:epoch:91 train_eval_loss-->1.755516,train_acc-->0.747788,test_eval_loss-->2.142891,test_acc===0.632353
INFO:root:epoch:92 train_eval_loss-->1.670057,train_acc-->0.764012,test_eval_loss-->2.270777,test_acc===0.558824
INFO:root:epoch:93 train_eval_loss-->1.920956,train_acc-->0.657817,test_eval_loss-->2.222075,test_acc===0.553922
INFO:root:epoch:94 train_eval_loss-->1.538208,train_acc-->0.846608,test_eval_loss-->2.109616,test_acc===0.607843
INFO:root:epoch:95 train_eval_loss-->1.583559,train_acc-->0.834808,test_eval_loss-->2.141260,test_acc===0.637255
INFO:root:epoch:96 train_eval_loss-->1.523275,train_acc-->0.861357,test_eval_loss-->2.174647,test_acc===0.637255
INFO:root:epoch:97 train_eval_loss-->1.573383,train_acc-->0.828909,test_eval_loss-->2.308691,test_acc===0.573529
INFO:root:epoch:98 train_eval_loss-->1.560823,train_acc-->0.870206,test_eval_loss-->2.295094,test_acc===0.607843
INFO:root:epoch:99 train_eval_loss-->1.833006,train_acc-->0.672566,test_eval_loss-->2.815966,test_acc===0.250000
INFO:root:epoch:100 train_eval_loss-->1.839479,train_acc-->0.684366,test_eval_loss-->2.437190,test_acc===0.534314
INFO:root:epoch:101 train_eval_loss-->1.681474,train_acc-->0.784661,test_eval_loss-->2.182063,test_acc===0.598039
INFO:root:epoch:102 train_eval_loss-->1.559510,train_acc-->0.796460,test_eval_loss-->2.081530,test_acc===0.642157
INFO:root:epoch:103 train_eval_loss-->1.454390,train_acc-->0.849558,test_eval_loss-->2.220289,test_acc===0.588235
INFO:root:epoch:104 train_eval_loss-->1.365447,train_acc-->0.880531,test_eval_loss-->2.107612,test_acc===0.578431
INFO:root:epoch:105 train_eval_loss-->1.394391,train_acc-->0.902655,test_eval_loss-->2.076464,test_acc===0.642157
INFO:root:epoch:106 train_eval_loss-->1.458146,train_acc-->0.862832,test_eval_loss-->2.121727,test_acc===0.598039
INFO:root:epoch:107 train_eval_loss-->1.388533,train_acc-->0.892330,test_eval_loss-->2.062639,test_acc===0.671569
INFO:root:epoch:108 train_eval_loss-->1.404844,train_acc-->0.871681,test_eval_loss-->2.423750,test_acc===0.568627
INFO:root:epoch:109 train_eval_loss-->1.487193,train_acc-->0.853982,test_eval_loss-->2.674294,test_acc===0.294118
INFO:root:epoch:110 train_eval_loss-->1.790985,train_acc-->0.632743,test_eval_loss-->2.383651,test_acc===0.470588
INFO:root:epoch:111 train_eval_loss-->1.431674,train_acc-->0.848083,test_eval_loss-->1.978778,test_acc===0.671569
INFO:root:epoch:112 train_eval_loss-->1.353380,train_acc-->0.893805,test_eval_loss-->2.045444,test_acc===0.622549
INFO:root:epoch:113 train_eval_loss-->1.358237,train_acc-->0.883481,test_eval_loss-->2.259577,test_acc===0.529412
INFO:root:epoch:114 train_eval_loss-->1.388017,train_acc-->0.877581,test_eval_loss-->2.448790,test_acc===0.446078
INFO:root:epoch:115 train_eval_loss-->1.288926,train_acc-->0.923304,test_eval_loss-->1.852181,test_acc===0.715686
INFO:root:epoch:116 train_eval_loss-->1.183498,train_acc-->0.955752,test_eval_loss-->1.932713,test_acc===0.666667
INFO:root:epoch:117 train_eval_loss-->1.101517,train_acc-->0.957227,test_eval_loss-->1.989616,test_acc===0.637255
INFO:root:epoch:118 train_eval_loss-->1.216507,train_acc-->0.924779,test_eval_loss-->2.622729,test_acc===0.416667
INFO:root:epoch:119 train_eval_loss-->1.330966,train_acc-->0.864307,test_eval_loss-->2.223441,test_acc===0.539216
INFO:root:epoch:120 train_eval_loss-->1.169464,train_acc-->0.914454,test_eval_loss-->2.021642,test_acc===0.651961
INFO:root:epoch:121 train_eval_loss-->1.046140,train_acc-->0.973451,test_eval_loss-->1.873700,test_acc===0.710784
INFO:root:epoch:122 train_eval_loss-->0.965248,train_acc-->0.986726,test_eval_loss-->1.774282,test_acc===0.730392
INFO:root:epoch:123 train_eval_loss-->0.987156,train_acc-->0.974926,test_eval_loss-->1.754835,test_acc===0.745098
INFO:root:epoch:124 train_eval_loss-->0.906142,train_acc-->0.988201,test_eval_loss-->1.784631,test_acc===0.700980
INFO:root:epoch:125 train_eval_loss-->0.888190,train_acc-->0.991150,test_eval_loss-->1.819992,test_acc===0.705882
INFO:root:epoch:126 train_eval_loss-->0.860437,train_acc-->0.989676,test_eval_loss-->1.799339,test_acc===0.740196
INFO:root:epoch:127 train_eval_loss-->0.796350,train_acc-->0.998525,test_eval_loss-->1.703671,test_acc===0.779412
INFO:root:epoch:128 train_eval_loss-->0.782459,train_acc-->0.997050,test_eval_loss-->1.756402,test_acc===0.710784
INFO:root:epoch:129 train_eval_loss-->0.767287,train_acc-->0.998525,test_eval_loss-->1.700405,test_acc===0.745098
INFO:root:epoch:130 train_eval_loss-->0.727575,train_acc-->1.000000,test_eval_loss-->1.750827,test_acc===0.759804
INFO:root:epoch:131 train_eval_loss-->0.697691,train_acc-->0.998525,test_eval_loss-->1.703058,test_acc===0.769608
INFO:root:epoch:132 train_eval_loss-->0.676529,train_acc-->0.998525,test_eval_loss-->1.680560,test_acc===0.774510
INFO:root:epoch:133 train_eval_loss-->0.646640,train_acc-->1.000000,test_eval_loss-->1.710014,test_acc===0.754902
INFO:root:epoch:134 train_eval_loss-->0.640309,train_acc-->0.997050,test_eval_loss-->1.679485,test_acc===0.754902
INFO:root:epoch:135 train_eval_loss-->0.617696,train_acc-->1.000000,test_eval_loss-->1.703456,test_acc===0.779412
INFO:root:epoch:136 train_eval_loss-->0.623499,train_acc-->0.998525,test_eval_loss-->1.672737,test_acc===0.759804
INFO:root:epoch:137 train_eval_loss-->0.597521,train_acc-->1.000000,test_eval_loss-->1.690114,test_acc===0.740196
INFO:root:epoch:138 train_eval_loss-->0.577930,train_acc-->1.000000,test_eval_loss-->1.693902,test_acc===0.750000
INFO:root:epoch:139 train_eval_loss-->0.568808,train_acc-->1.000000,test_eval_loss-->1.678981,test_acc===0.764706
INFO:root:epoch:140 train_eval_loss-->0.556408,train_acc-->0.998525,test_eval_loss-->1.691698,test_acc===0.735294
INFO:root:epoch:141 train_eval_loss-->0.533010,train_acc-->1.000000,test_eval_loss-->1.666711,test_acc===0.764706
INFO:root:epoch:142 train_eval_loss-->0.521921,train_acc-->0.998525,test_eval_loss-->1.672385,test_acc===0.750000
INFO:root:epoch:143 train_eval_loss-->0.507003,train_acc-->0.998525,test_eval_loss-->1.673569,test_acc===0.759804
INFO:root:epoch:144 train_eval_loss-->0.506743,train_acc-->0.998525,test_eval_loss-->1.667213,test_acc===0.754902
INFO:root:epoch:145 train_eval_loss-->0.491020,train_acc-->0.998525,test_eval_loss-->1.661306,test_acc===0.754902
INFO:root:epoch:146 train_eval_loss-->0.483076,train_acc-->1.000000,test_eval_loss-->1.664805,test_acc===0.774510
INFO:root:epoch:147 train_eval_loss-->0.477484,train_acc-->0.998525,test_eval_loss-->1.665439,test_acc===0.754902
INFO:root:epoch:148 train_eval_loss-->0.487165,train_acc-->0.998525,test_eval_loss-->1.659848,test_acc===0.759804
INFO:root:epoch:149 train_eval_loss-->0.484618,train_acc-->0.998525,test_eval_loss-->1.665355,test_acc===0.754902
INFO:root:epoch:150 train_eval_loss-->0.470953,train_acc-->1.000000,test_eval_loss-->1.667960,test_acc===0.745098
INFO:root:epoch:151 train_eval_loss-->0.477754,train_acc-->0.998525,test_eval_loss-->1.663831,test_acc===0.750000
INFO:root:epoch:152 train_eval_loss-->0.474569,train_acc-->1.000000,test_eval_loss-->1.665214,test_acc===0.754902
INFO:root:epoch:153 train_eval_loss-->0.470874,train_acc-->0.998525,test_eval_loss-->1.665970,test_acc===0.759804
INFO:root:epoch:154 train_eval_loss-->0.477992,train_acc-->0.998525,test_eval_loss-->1.667450,test_acc===0.764706
INFO:root:epoch:155 train_eval_loss-->0.486657,train_acc-->1.000000,test_eval_loss-->1.676622,test_acc===0.754902
INFO:root:epoch:156 train_eval_loss-->0.483447,train_acc-->1.000000,test_eval_loss-->1.670154,test_acc===0.754902
INFO:root:epoch:157 train_eval_loss-->0.500200,train_acc-->0.998525,test_eval_loss-->1.672511,test_acc===0.769608
INFO:root:epoch:158 train_eval_loss-->0.499180,train_acc-->1.000000,test_eval_loss-->1.668000,test_acc===0.759804
INFO:root:epoch:159 train_eval_loss-->0.515318,train_acc-->0.997050,test_eval_loss-->1.668826,test_acc===0.750000
INFO:root:epoch:160 train_eval_loss-->0.497238,train_acc-->0.998525,test_eval_loss-->1.669587,test_acc===0.759804
INFO:root:epoch:161 train_eval_loss-->0.506737,train_acc-->1.000000,test_eval_loss-->1.696502,test_acc===0.740196
INFO:root:epoch:162 train_eval_loss-->0.550639,train_acc-->0.998525,test_eval_loss-->1.661957,test_acc===0.759804
INFO:root:epoch:163 train_eval_loss-->0.541667,train_acc-->1.000000,test_eval_loss-->1.690153,test_acc===0.750000
INFO:root:epoch:164 train_eval_loss-->0.571465,train_acc-->1.000000,test_eval_loss-->1.699640,test_acc===0.754902
INFO:root:epoch:165 train_eval_loss-->0.587571,train_acc-->1.000000,test_eval_loss-->1.720924,test_acc===0.730392
INFO:root:epoch:166 train_eval_loss-->0.601435,train_acc-->0.995575,test_eval_loss-->1.726900,test_acc===0.725490
INFO:root:epoch:167 train_eval_loss-->0.658923,train_acc-->0.998525,test_eval_loss-->1.811180,test_acc===0.720588
INFO:root:epoch:168 train_eval_loss-->0.730912,train_acc-->0.997050,test_eval_loss-->1.754479,test_acc===0.735294
INFO:root:epoch:169 train_eval_loss-->0.699627,train_acc-->1.000000,test_eval_loss-->1.680968,test_acc===0.774510
INFO:root:epoch:170 train_eval_loss-->0.756598,train_acc-->0.989676,test_eval_loss-->1.922626,test_acc===0.637255
INFO:root:epoch:171 train_eval_loss-->0.837221,train_acc-->0.982301,test_eval_loss-->1.825715,test_acc===0.696078
INFO:root:epoch:172 train_eval_loss-->0.858738,train_acc-->0.985251,test_eval_loss-->1.843382,test_acc===0.676471
INFO:root:epoch:173 train_eval_loss-->0.847420,train_acc-->0.988201,test_eval_loss-->1.915472,test_acc===0.686275
INFO:root:epoch:174 train_eval_loss-->0.926497,train_acc-->0.983776,test_eval_loss-->1.896768,test_acc===0.725490
INFO:root:epoch:175 train_eval_loss-->0.848249,train_acc-->0.989676,test_eval_loss-->1.920837,test_acc===0.705882
INFO:root:epoch:176 train_eval_loss-->1.010498,train_acc-->0.957227,test_eval_loss-->2.114811,test_acc===0.558824
INFO:root:epoch:177 train_eval_loss-->1.223598,train_acc-->0.920354,test_eval_loss-->1.865662,test_acc===0.696078
INFO:root:epoch:178 train_eval_loss-->1.040040,train_acc-->0.973451,test_eval_loss-->1.844974,test_acc===0.725490
INFO:root:epoch:179 train_eval_loss-->1.099982,train_acc-->0.971976,test_eval_loss-->1.892582,test_acc===0.754902
INFO:root:epoch:180 train_eval_loss-->1.000748,train_acc-->0.976401,test_eval_loss-->2.048338,test_acc===0.627451
INFO:root:epoch:181 train_eval_loss-->1.001349,train_acc-->0.970501,test_eval_loss-->1.882154,test_acc===0.700980
INFO:root:epoch:182 train_eval_loss-->1.008428,train_acc-->0.970501,test_eval_loss-->1.766785,test_acc===0.784314
INFO:root:epoch:183 train_eval_loss-->1.027770,train_acc-->0.967552,test_eval_loss-->1.950979,test_acc===0.671569
INFO:root:epoch:184 train_eval_loss-->1.150919,train_acc-->0.945428,test_eval_loss-->1.865796,test_acc===0.691176
INFO:root:epoch:185 train_eval_loss-->1.126354,train_acc-->0.964602,test_eval_loss-->1.892730,test_acc===0.710784
INFO:root:epoch:186 train_eval_loss-->1.205335,train_acc-->0.912979,test_eval_loss-->2.219085,test_acc===0.549020
INFO:root:epoch:187 train_eval_loss-->1.431491,train_acc-->0.893805,test_eval_loss-->2.258975,test_acc===0.598039
INFO:root:epoch:188 train_eval_loss-->1.179931,train_acc-->0.942478,test_eval_loss-->1.928702,test_acc===0.676471
INFO:root:epoch:189 train_eval_loss-->1.175193,train_acc-->0.943953,test_eval_loss-->2.418680,test_acc===0.465686
INFO:root:epoch:190 train_eval_loss-->1.429996,train_acc-->0.848083,test_eval_loss-->2.137299,test_acc===0.602941
INFO:root:epoch:191 train_eval_loss-->1.341294,train_acc-->0.887906,test_eval_loss-->1.956591,test_acc===0.661765
INFO:root:epoch:192 train_eval_loss-->1.172694,train_acc-->0.946903,test_eval_loss-->1.911028,test_acc===0.661765
INFO:root:epoch:193 train_eval_loss-->1.283903,train_acc-->0.890855,test_eval_loss-->2.220883,test_acc===0.573529
INFO:root:epoch:194 train_eval_loss-->1.483574,train_acc-->0.823009,test_eval_loss-->2.213436,test_acc===0.612745
INFO:root:epoch:195 train_eval_loss-->1.286719,train_acc-->0.901180,test_eval_loss-->2.024812,test_acc===0.647059
INFO:root:epoch:196 train_eval_loss-->1.231993,train_acc-->0.899705,test_eval_loss-->2.243010,test_acc===0.558824
INFO:root:epoch:197 train_eval_loss-->1.312789,train_acc-->0.901180,test_eval_loss-->2.171712,test_acc===0.588235
INFO:root:epoch:198 train_eval_loss-->1.314978,train_acc-->0.914454,test_eval_loss-->2.002763,test_acc===0.671569
INFO:root:epoch:199 train_eval_loss-->1.261675,train_acc-->0.920354,test_eval_loss-->2.175615,test_acc===0.578431
INFO:root:epoch:200 train_eval_loss-->1.324565,train_acc-->0.886431,test_eval_loss-->2.570402,test_acc===0.514706
INFO:root:epoch:201 train_eval_loss-->1.498507,train_acc-->0.845133,test_eval_loss-->2.005015,test_acc===0.593137
INFO:root:epoch:202 train_eval_loss-->1.205546,train_acc-->0.945428,test_eval_loss-->2.220713,test_acc===0.529412
INFO:root:epoch:203 train_eval_loss-->1.229688,train_acc-->0.930678,test_eval_loss-->2.262743,test_acc===0.460784
INFO:root:epoch:204 train_eval_loss-->1.327358,train_acc-->0.895280,test_eval_loss-->1.915162,test_acc===0.696078
INFO:root:epoch:205 train_eval_loss-->1.229679,train_acc-->0.929204,test_eval_loss-->2.238090,test_acc===0.558824
INFO:root:epoch:206 train_eval_loss-->1.150997,train_acc-->0.936578,test_eval_loss-->1.858382,test_acc===0.705882
INFO:root:epoch:207 train_eval_loss-->1.058923,train_acc-->0.954277,test_eval_loss-->2.064142,test_acc===0.602941
INFO:root:epoch:208 train_eval_loss-->1.035412,train_acc-->0.977876,test_eval_loss-->1.949103,test_acc===0.656863
INFO:root:epoch:209 train_eval_loss-->1.052991,train_acc-->0.966077,test_eval_loss-->1.964164,test_acc===0.681373
INFO:root:epoch:210 train_eval_loss-->1.072693,train_acc-->0.954277,test_eval_loss-->1.886664,test_acc===0.696078
INFO:root:epoch:211 train_eval_loss-->1.024856,train_acc-->0.977876,test_eval_loss-->1.930967,test_acc===0.661765
INFO:root:epoch:212 train_eval_loss-->0.937946,train_acc-->0.976401,test_eval_loss-->1.858275,test_acc===0.696078
INFO:root:epoch:213 train_eval_loss-->0.907673,train_acc-->0.977876,test_eval_loss-->1.842480,test_acc===0.710784
INFO:root:epoch:214 train_eval_loss-->0.923417,train_acc-->0.976401,test_eval_loss-->1.994817,test_acc===0.637255
INFO:root:epoch:215 train_eval_loss-->1.010313,train_acc-->0.976401,test_eval_loss-->1.892298,test_acc===0.700980
INFO:root:epoch:216 train_eval_loss-->0.984426,train_acc-->0.971976,test_eval_loss-->1.884113,test_acc===0.686275
INFO:root:epoch:217 train_eval_loss-->0.980356,train_acc-->0.977876,test_eval_loss-->1.962003,test_acc===0.642157
INFO:root:epoch:218 train_eval_loss-->0.952108,train_acc-->0.985251,test_eval_loss-->1.829125,test_acc===0.745098
INFO:root:epoch:219 train_eval_loss-->0.926351,train_acc-->0.986726,test_eval_loss-->1.768004,test_acc===0.735294
INFO:root:epoch:220 train_eval_loss-->0.791900,train_acc-->0.989676,test_eval_loss-->1.750239,test_acc===0.759804
INFO:root:epoch:221 train_eval_loss-->0.767908,train_acc-->0.991150,test_eval_loss-->1.748788,test_acc===0.759804
INFO:root:epoch:222 train_eval_loss-->0.747091,train_acc-->1.000000,test_eval_loss-->1.755156,test_acc===0.725490
INFO:root:epoch:223 train_eval_loss-->0.746579,train_acc-->0.994100,test_eval_loss-->1.783917,test_acc===0.730392
INFO:root:epoch:224 train_eval_loss-->0.664256,train_acc-->0.998525,test_eval_loss-->1.691213,test_acc===0.789216
INFO:root:epoch:225 train_eval_loss-->0.673791,train_acc-->0.994100,test_eval_loss-->1.728630,test_acc===0.764706
INFO:root:epoch:226 train_eval_loss-->0.642125,train_acc-->0.995575,test_eval_loss-->1.787410,test_acc===0.730392
INFO:root:epoch:227 train_eval_loss-->0.633342,train_acc-->1.000000,test_eval_loss-->1.703329,test_acc===0.754902
INFO:root:epoch:228 train_eval_loss-->0.537237,train_acc-->0.995575,test_eval_loss-->1.687485,test_acc===0.754902
INFO:root:epoch:229 train_eval_loss-->0.565540,train_acc-->0.994100,test_eval_loss-->1.728919,test_acc===0.740196
INFO:root:epoch:230 train_eval_loss-->0.562444,train_acc-->1.000000,test_eval_loss-->1.677239,test_acc===0.764706
INFO:root:epoch:231 train_eval_loss-->0.550328,train_acc-->1.000000,test_eval_loss-->1.709497,test_acc===0.799020
INFO:root:epoch:232 train_eval_loss-->0.511757,train_acc-->1.000000,test_eval_loss-->1.655947,test_acc===0.794118
INFO:root:epoch:233 train_eval_loss-->0.483643,train_acc-->0.998525,test_eval_loss-->1.676469,test_acc===0.779412
INFO:root:epoch:234 train_eval_loss-->0.446883,train_acc-->1.000000,test_eval_loss-->1.679681,test_acc===0.769608
INFO:root:epoch:235 train_eval_loss-->0.416916,train_acc-->1.000000,test_eval_loss-->1.656267,test_acc===0.769608
INFO:root:epoch:236 train_eval_loss-->0.400680,train_acc-->1.000000,test_eval_loss-->1.649842,test_acc===0.769608
INFO:root:epoch:237 train_eval_loss-->0.410743,train_acc-->1.000000,test_eval_loss-->1.683877,test_acc===0.764706
INFO:root:epoch:238 train_eval_loss-->0.396585,train_acc-->1.000000,test_eval_loss-->1.660097,test_acc===0.784314
INFO:root:epoch:239 train_eval_loss-->0.359967,train_acc-->1.000000,test_eval_loss-->1.652655,test_acc===0.769608
INFO:root:epoch:240 train_eval_loss-->0.356637,train_acc-->1.000000,test_eval_loss-->1.672360,test_acc===0.754902
INFO:root:epoch:241 train_eval_loss-->0.355321,train_acc-->1.000000,test_eval_loss-->1.648695,test_acc===0.774510
INFO:root:epoch:242 train_eval_loss-->0.337847,train_acc-->1.000000,test_eval_loss-->1.656402,test_acc===0.769608
INFO:root:epoch:243 train_eval_loss-->0.335459,train_acc-->1.000000,test_eval_loss-->1.641179,test_acc===0.774510
INFO:root:epoch:244 train_eval_loss-->0.334001,train_acc-->1.000000,test_eval_loss-->1.649337,test_acc===0.774510
INFO:root:epoch:245 train_eval_loss-->0.321347,train_acc-->1.000000,test_eval_loss-->1.651236,test_acc===0.769608
INFO:root:epoch:246 train_eval_loss-->0.312806,train_acc-->1.000000,test_eval_loss-->1.651583,test_acc===0.769608
INFO:root:epoch:247 train_eval_loss-->0.303810,train_acc-->1.000000,test_eval_loss-->1.647537,test_acc===0.769608
INFO:root:epoch:248 train_eval_loss-->0.309699,train_acc-->1.000000,test_eval_loss-->1.644769,test_acc===0.769608
INFO:root:epoch:249 train_eval_loss-->0.299761,train_acc-->1.000000,test_eval_loss-->1.645442,test_acc===0.774510
INFO:root:epoch:250 train_eval_loss-->0.297690,train_acc-->1.000000,test_eval_loss-->1.642616,test_acc===0.774510
INFO:root:epoch:251 train_eval_loss-->0.308812,train_acc-->1.000000,test_eval_loss-->1.638124,test_acc===0.779412
INFO:root:epoch:252 train_eval_loss-->0.296909,train_acc-->1.000000,test_eval_loss-->1.643445,test_acc===0.779412
INFO:root:epoch:253 train_eval_loss-->0.298571,train_acc-->1.000000,test_eval_loss-->1.646154,test_acc===0.769608
INFO:root:epoch:254 train_eval_loss-->0.299380,train_acc-->1.000000,test_eval_loss-->1.643997,test_acc===0.779412
INFO:root:epoch:255 train_eval_loss-->0.305451,train_acc-->1.000000,test_eval_loss-->1.640714,test_acc===0.769608
INFO:root:epoch:256 train_eval_loss-->0.306512,train_acc-->1.000000,test_eval_loss-->1.652994,test_acc===0.764706
INFO:root:epoch:257 train_eval_loss-->0.313145,train_acc-->1.000000,test_eval_loss-->1.646758,test_acc===0.774510
INFO:root:epoch:258 train_eval_loss-->0.328040,train_acc-->1.000000,test_eval_loss-->1.651941,test_acc===0.779412
INFO:root:epoch:259 train_eval_loss-->0.323821,train_acc-->1.000000,test_eval_loss-->1.644342,test_acc===0.774510
INFO:root:epoch:260 train_eval_loss-->0.324477,train_acc-->1.000000,test_eval_loss-->1.650953,test_acc===0.769608
INFO:root:epoch:261 train_eval_loss-->0.330011,train_acc-->1.000000,test_eval_loss-->1.651350,test_acc===0.779412
INFO:root:epoch:262 train_eval_loss-->0.326609,train_acc-->1.000000,test_eval_loss-->1.659821,test_acc===0.769608
INFO:root:epoch:263 train_eval_loss-->0.358957,train_acc-->1.000000,test_eval_loss-->1.671812,test_acc===0.769608
INFO:root:epoch:264 train_eval_loss-->0.393619,train_acc-->1.000000,test_eval_loss-->1.661478,test_acc===0.789216
INFO:root:epoch:265 train_eval_loss-->0.442350,train_acc-->1.000000,test_eval_loss-->1.645551,test_acc===0.769608
INFO:root:epoch:266 train_eval_loss-->0.442702,train_acc-->1.000000,test_eval_loss-->1.694734,test_acc===0.754902
INFO:root:epoch:267 train_eval_loss-->0.443976,train_acc-->1.000000,test_eval_loss-->1.674871,test_acc===0.759804
INFO:root:epoch:268 train_eval_loss-->0.476164,train_acc-->1.000000,test_eval_loss-->1.645353,test_acc===0.803922
INFO:root:epoch:269 train_eval_loss-->0.482320,train_acc-->0.998525,test_eval_loss-->1.700992,test_acc===0.759804
INFO:root:epoch:270 train_eval_loss-->0.550920,train_acc-->1.000000,test_eval_loss-->1.693826,test_acc===0.769608
INFO:root:epoch:271 train_eval_loss-->0.578343,train_acc-->1.000000,test_eval_loss-->1.727834,test_acc===0.754902
INFO:root:epoch:272 train_eval_loss-->0.667456,train_acc-->0.991150,test_eval_loss-->1.815414,test_acc===0.725490
INFO:root:epoch:273 train_eval_loss-->0.697495,train_acc-->0.998525,test_eval_loss-->2.081030,test_acc===0.593137
INFO:root:epoch:274 train_eval_loss-->0.752626,train_acc-->0.998525,test_eval_loss-->1.753413,test_acc===0.769608
INFO:root:epoch:275 train_eval_loss-->0.725933,train_acc-->0.997050,test_eval_loss-->1.825795,test_acc===0.750000
INFO:root:epoch:276 train_eval_loss-->0.766444,train_acc-->0.989676,test_eval_loss-->1.798184,test_acc===0.750000
INFO:root:epoch:277 train_eval_loss-->0.735919,train_acc-->0.998525,test_eval_loss-->1.867905,test_acc===0.686275
INFO:root:epoch:278 train_eval_loss-->0.864430,train_acc-->0.983776,test_eval_loss-->1.784074,test_acc===0.754902
INFO:root:epoch:279 train_eval_loss-->0.832548,train_acc-->0.983776,test_eval_loss-->1.808746,test_acc===0.735294
INFO:root:epoch:280 train_eval_loss-->0.868129,train_acc-->0.963127,test_eval_loss-->1.772658,test_acc===0.745098
INFO:root:epoch:281 train_eval_loss-->0.760391,train_acc-->0.997050,test_eval_loss-->1.802912,test_acc===0.754902
INFO:root:epoch:282 train_eval_loss-->0.854193,train_acc-->0.982301,test_eval_loss-->1.862284,test_acc===0.745098
INFO:root:epoch:283 train_eval_loss-->0.877197,train_acc-->0.991150,test_eval_loss-->1.947819,test_acc===0.637255
INFO:root:epoch:284 train_eval_loss-->0.812815,train_acc-->0.991150,test_eval_loss-->1.861479,test_acc===0.735294
INFO:root:epoch:285 train_eval_loss-->0.866898,train_acc-->0.980826,test_eval_loss-->1.941732,test_acc===0.651961
INFO:root:epoch:286 train_eval_loss-->0.917337,train_acc-->0.988201,test_eval_loss-->2.218893,test_acc===0.524510
INFO:root:epoch:287 train_eval_loss-->0.998287,train_acc-->0.969027,test_eval_loss-->1.873961,test_acc===0.696078
INFO:root:epoch:288 train_eval_loss-->0.926809,train_acc-->0.985251,test_eval_loss-->1.783328,test_acc===0.740196
INFO:root:epoch:289 train_eval_loss-->1.026720,train_acc-->0.969027,test_eval_loss-->1.921391,test_acc===0.686275
INFO:root:epoch:290 train_eval_loss-->0.992740,train_acc-->0.976401,test_eval_loss-->1.783629,test_acc===0.750000
INFO:root:epoch:291 train_eval_loss-->0.953611,train_acc-->0.979351,test_eval_loss-->1.937785,test_acc===0.691176
INFO:root:epoch:292 train_eval_loss-->1.060110,train_acc-->0.967552,test_eval_loss-->2.167627,test_acc===0.583333
INFO:root:epoch:293 train_eval_loss-->1.137522,train_acc-->0.942478,test_eval_loss-->1.908427,test_acc===0.686275
INFO:root:epoch:294 train_eval_loss-->0.982676,train_acc-->0.980826,test_eval_loss-->2.039289,test_acc===0.671569
INFO:root:epoch:295 train_eval_loss-->1.013590,train_acc-->0.970501,test_eval_loss-->1.992728,test_acc===0.617647
INFO:root:epoch:296 train_eval_loss-->1.242940,train_acc-->0.908555,test_eval_loss-->2.008933,test_acc===0.647059
INFO:root:epoch:297 train_eval_loss-->1.103583,train_acc-->0.955752,test_eval_loss-->2.134206,test_acc===0.642157
INFO:root:epoch:298 train_eval_loss-->1.138272,train_acc-->0.964602,test_eval_loss-->1.810753,test_acc===0.754902
INFO:root:epoch:299 train_eval_loss-->0.995815,train_acc-->0.967552,test_eval_loss-->1.936121,test_acc===0.676471
INFO:root:epoch:300 train_eval_loss-->0.936357,train_acc-->0.977876,test_eval_loss-->1.879613,test_acc===0.745098
INFO:root:epoch:301 train_eval_loss-->1.143282,train_acc-->0.955752,test_eval_loss-->1.923360,test_acc===0.715686
INFO:root:epoch:302 train_eval_loss-->1.028242,train_acc-->0.969027,test_eval_loss-->1.988647,test_acc===0.647059
INFO:root:epoch:303 train_eval_loss-->1.037313,train_acc-->0.961652,test_eval_loss-->1.895361,test_acc===0.700980
INFO:root:epoch:304 train_eval_loss-->0.998985,train_acc-->0.961652,test_eval_loss-->1.891213,test_acc===0.730392
INFO:root:epoch:305 train_eval_loss-->0.958116,train_acc-->0.970501,test_eval_loss-->1.872841,test_acc===0.720588
INFO:root:epoch:306 train_eval_loss-->0.869133,train_acc-->0.982301,test_eval_loss-->1.862298,test_acc===0.710784
INFO:root:epoch:307 train_eval_loss-->0.869669,train_acc-->0.982301,test_eval_loss-->1.821330,test_acc===0.745098
INFO:root:epoch:308 train_eval_loss-->0.859960,train_acc-->0.986726,test_eval_loss-->1.973832,test_acc===0.700980
INFO:root:epoch:309 train_eval_loss-->1.027818,train_acc-->0.960177,test_eval_loss-->1.905873,test_acc===0.686275
INFO:root:epoch:310 train_eval_loss-->1.026550,train_acc-->0.966077,test_eval_loss-->1.889595,test_acc===0.705882
INFO:root:epoch:311 train_eval_loss-->1.062648,train_acc-->0.943953,test_eval_loss-->1.791154,test_acc===0.759804
INFO:root:epoch:312 train_eval_loss-->0.839362,train_acc-->0.985251,test_eval_loss-->1.913053,test_acc===0.671569
INFO:root:epoch:313 train_eval_loss-->0.822242,train_acc-->0.982301,test_eval_loss-->1.759180,test_acc===0.750000
INFO:root:epoch:314 train_eval_loss-->0.757741,train_acc-->0.988201,test_eval_loss-->1.712000,test_acc===0.759804
INFO:root:epoch:315 train_eval_loss-->0.722581,train_acc-->0.991150,test_eval_loss-->1.798657,test_acc===0.754902
INFO:root:epoch:316 train_eval_loss-->0.751146,train_acc-->0.995575,test_eval_loss-->1.667091,test_acc===0.789216
INFO:root:epoch:317 train_eval_loss-->0.684999,train_acc-->0.998525,test_eval_loss-->1.920211,test_acc===0.720588
INFO:root:epoch:318 train_eval_loss-->0.759795,train_acc-->0.998525,test_eval_loss-->1.823038,test_acc===0.730392
INFO:root:epoch:319 train_eval_loss-->0.765082,train_acc-->0.992625,test_eval_loss-->1.751391,test_acc===0.759804
INFO:root:epoch:320 train_eval_loss-->0.684140,train_acc-->0.994100,test_eval_loss-->1.749793,test_acc===0.769608
INFO:root:epoch:321 train_eval_loss-->0.697030,train_acc-->0.998525,test_eval_loss-->1.722029,test_acc===0.764706
INFO:root:epoch:322 train_eval_loss-->0.652122,train_acc-->0.998525,test_eval_loss-->1.767382,test_acc===0.745098
INFO:root:epoch:323 train_eval_loss-->0.607578,train_acc-->1.000000,test_eval_loss-->1.684394,test_acc===0.779412
INFO:root:epoch:324 train_eval_loss-->0.607199,train_acc-->1.000000,test_eval_loss-->1.682751,test_acc===0.789216
INFO:root:epoch:325 train_eval_loss-->0.539100,train_acc-->0.998525,test_eval_loss-->1.698023,test_acc===0.779412
INFO:root:epoch:326 train_eval_loss-->0.512994,train_acc-->1.000000,test_eval_loss-->1.705885,test_acc===0.750000
INFO:root:epoch:327 train_eval_loss-->0.521739,train_acc-->1.000000,test_eval_loss-->1.669344,test_acc===0.789216
INFO:root:epoch:328 train_eval_loss-->0.490787,train_acc-->1.000000,test_eval_loss-->1.719058,test_acc===0.754902
INFO:root:epoch:329 train_eval_loss-->0.475586,train_acc-->0.997050,test_eval_loss-->1.683600,test_acc===0.789216
INFO:root:epoch:330 train_eval_loss-->0.481988,train_acc-->1.000000,test_eval_loss-->1.703965,test_acc===0.754902
INFO:root:epoch:331 train_eval_loss-->0.424037,train_acc-->1.000000,test_eval_loss-->1.680180,test_acc===0.789216
INFO:root:epoch:332 train_eval_loss-->0.390073,train_acc-->1.000000,test_eval_loss-->1.673117,test_acc===0.779412
INFO:root:epoch:333 train_eval_loss-->0.370210,train_acc-->1.000000,test_eval_loss-->1.650600,test_acc===0.784314
INFO:root:epoch:334 train_eval_loss-->0.356370,train_acc-->1.000000,test_eval_loss-->1.693914,test_acc===0.740196
INFO:root:epoch:335 train_eval_loss-->0.331232,train_acc-->1.000000,test_eval_loss-->1.667652,test_acc===0.779412
INFO:root:epoch:336 train_eval_loss-->0.318151,train_acc-->1.000000,test_eval_loss-->1.653509,test_acc===0.784314
INFO:root:epoch:337 train_eval_loss-->0.307916,train_acc-->1.000000,test_eval_loss-->1.676835,test_acc===0.769608
INFO:root:epoch:338 train_eval_loss-->0.274934,train_acc-->1.000000,test_eval_loss-->1.651027,test_acc===0.784314
INFO:root:epoch:339 train_eval_loss-->0.280554,train_acc-->1.000000,test_eval_loss-->1.666496,test_acc===0.759804
INFO:root:epoch:340 train_eval_loss-->0.262996,train_acc-->1.000000,test_eval_loss-->1.663997,test_acc===0.769608
INFO:root:epoch:341 train_eval_loss-->0.248181,train_acc-->1.000000,test_eval_loss-->1.658890,test_acc===0.764706
INFO:root:epoch:342 train_eval_loss-->0.243613,train_acc-->1.000000,test_eval_loss-->1.655617,test_acc===0.774510
INFO:root:epoch:343 train_eval_loss-->0.237958,train_acc-->1.000000,test_eval_loss-->1.645609,test_acc===0.769608
INFO:root:epoch:344 train_eval_loss-->0.228458,train_acc-->1.000000,test_eval_loss-->1.662747,test_acc===0.774510
INFO:root:epoch:345 train_eval_loss-->0.224157,train_acc-->1.000000,test_eval_loss-->1.660672,test_acc===0.764706
INFO:root:epoch:346 train_eval_loss-->0.219708,train_acc-->1.000000,test_eval_loss-->1.656233,test_acc===0.764706
INFO:root:epoch:347 train_eval_loss-->0.213216,train_acc-->1.000000,test_eval_loss-->1.655447,test_acc===0.769608
INFO:root:epoch:348 train_eval_loss-->0.217959,train_acc-->1.000000,test_eval_loss-->1.655884,test_acc===0.769608
INFO:root:epoch:349 train_eval_loss-->0.214181,train_acc-->1.000000,test_eval_loss-->1.657543,test_acc===0.769608
INFO:root:epoch:350 train_eval_loss-->0.214948,train_acc-->1.000000,test_eval_loss-->1.654279,test_acc===0.769608
INFO:root:epoch:351 train_eval_loss-->0.211507,train_acc-->1.000000,test_eval_loss-->1.655502,test_acc===0.769608
INFO:root:epoch:352 train_eval_loss-->0.206491,train_acc-->1.000000,test_eval_loss-->1.657300,test_acc===0.769608
INFO:root:epoch:353 train_eval_loss-->0.208271,train_acc-->1.000000,test_eval_loss-->1.655951,test_acc===0.759804
INFO:root:epoch:354 train_eval_loss-->0.212302,train_acc-->1.000000,test_eval_loss-->1.659245,test_acc===0.769608
INFO:root:epoch:355 train_eval_loss-->0.212135,train_acc-->1.000000,test_eval_loss-->1.653547,test_acc===0.769608
INFO:root:epoch:356 train_eval_loss-->0.218837,train_acc-->1.000000,test_eval_loss-->1.654376,test_acc===0.764706
INFO:root:epoch:357 train_eval_loss-->0.224568,train_acc-->1.000000,test_eval_loss-->1.650617,test_acc===0.769608
INFO:root:epoch:358 train_eval_loss-->0.225788,train_acc-->1.000000,test_eval_loss-->1.661283,test_acc===0.764706
INFO:root:epoch:359 train_eval_loss-->0.234992,train_acc-->1.000000,test_eval_loss-->1.656785,test_acc===0.769608
INFO:root:epoch:360 train_eval_loss-->0.230443,train_acc-->1.000000,test_eval_loss-->1.668567,test_acc===0.769608
INFO:root:epoch:361 train_eval_loss-->0.242434,train_acc-->1.000000,test_eval_loss-->1.648859,test_acc===0.784314
INFO:root:epoch:362 train_eval_loss-->0.249626,train_acc-->1.000000,test_eval_loss-->1.656397,test_acc===0.794118
INFO:root:epoch:363 train_eval_loss-->0.272114,train_acc-->1.000000,test_eval_loss-->1.665201,test_acc===0.769608
INFO:root:epoch:364 train_eval_loss-->0.283610,train_acc-->1.000000,test_eval_loss-->1.692623,test_acc===0.750000
INFO:root:epoch:365 train_eval_loss-->0.330946,train_acc-->1.000000,test_eval_loss-->1.675565,test_acc===0.774510
INFO:root:epoch:366 train_eval_loss-->0.330958,train_acc-->1.000000,test_eval_loss-->1.685730,test_acc===0.754902
INFO:root:epoch:367 train_eval_loss-->0.333480,train_acc-->1.000000,test_eval_loss-->1.645578,test_acc===0.808824
INFO:root:epoch:368 train_eval_loss-->0.372657,train_acc-->1.000000,test_eval_loss-->1.652886,test_acc===0.779412
INFO:root:epoch:369 train_eval_loss-->0.382548,train_acc-->1.000000,test_eval_loss-->1.708733,test_acc===0.754902
INFO:root:epoch:370 train_eval_loss-->0.408247,train_acc-->0.991150,test_eval_loss-->1.661977,test_acc===0.779412
INFO:root:epoch:371 train_eval_loss-->0.426383,train_acc-->1.000000,test_eval_loss-->1.728908,test_acc===0.745098
INFO:root:epoch:372 train_eval_loss-->0.454894,train_acc-->1.000000,test_eval_loss-->1.663619,test_acc===0.789216
INFO:root:epoch:373 train_eval_loss-->0.522893,train_acc-->0.998525,test_eval_loss-->1.684121,test_acc===0.779412
INFO:root:epoch:374 train_eval_loss-->0.505606,train_acc-->0.997050,test_eval_loss-->1.712842,test_acc===0.745098
INFO:root:epoch:375 train_eval_loss-->0.514711,train_acc-->1.000000,test_eval_loss-->1.699086,test_acc===0.754902
INFO:root:epoch:376 train_eval_loss-->0.576810,train_acc-->0.995575,test_eval_loss-->1.691839,test_acc===0.784314
INFO:root:epoch:377 train_eval_loss-->0.527573,train_acc-->0.998525,test_eval_loss-->1.766522,test_acc===0.769608
INFO:root:epoch:378 train_eval_loss-->0.600697,train_acc-->1.000000,test_eval_loss-->1.734236,test_acc===0.750000
INFO:root:epoch:379 train_eval_loss-->0.654563,train_acc-->0.989676,test_eval_loss-->1.701189,test_acc===0.740196
INFO:root:epoch:380 train_eval_loss-->0.635795,train_acc-->0.992625,test_eval_loss-->1.876688,test_acc===0.735294
INFO:root:epoch:381 train_eval_loss-->0.798043,train_acc-->0.991150,test_eval_loss-->1.793564,test_acc===0.720588
INFO:root:epoch:382 train_eval_loss-->0.686253,train_acc-->0.989676,test_eval_loss-->1.824321,test_acc===0.725490
INFO:root:epoch:383 train_eval_loss-->0.763610,train_acc-->0.998525,test_eval_loss-->1.793113,test_acc===0.710784
INFO:root:epoch:384 train_eval_loss-->0.796195,train_acc-->0.989676,test_eval_loss-->1.754601,test_acc===0.764706
INFO:root:epoch:385 train_eval_loss-->0.816683,train_acc-->0.989676,test_eval_loss-->1.765020,test_acc===0.779412
INFO:root:epoch:386 train_eval_loss-->0.826138,train_acc-->0.988201,test_eval_loss-->1.818738,test_acc===0.745098
INFO:root:epoch:387 train_eval_loss-->0.789147,train_acc-->0.985251,test_eval_loss-->1.826718,test_acc===0.769608
INFO:root:epoch:388 train_eval_loss-->0.868118,train_acc-->0.980826,test_eval_loss-->1.764298,test_acc===0.774510
INFO:root:epoch:389 train_eval_loss-->0.799693,train_acc-->0.983776,test_eval_loss-->1.969787,test_acc===0.705882
INFO:root:epoch:390 train_eval_loss-->1.025125,train_acc-->0.964602,test_eval_loss-->2.138134,test_acc===0.632353
INFO:root:epoch:391 train_eval_loss-->1.018937,train_acc-->0.963127,test_eval_loss-->1.952801,test_acc===0.656863
INFO:root:epoch:392 train_eval_loss-->0.818380,train_acc-->0.986726,test_eval_loss-->1.743175,test_acc===0.779412
INFO:root:epoch:393 train_eval_loss-->0.852670,train_acc-->0.983776,test_eval_loss-->1.836934,test_acc===0.730392
INFO:root:epoch:394 train_eval_loss-->0.824730,train_acc-->0.988201,test_eval_loss-->1.930650,test_acc===0.681373
INFO:root:epoch:395 train_eval_loss-->0.823238,train_acc-->0.985251,test_eval_loss-->1.929415,test_acc===0.676471
INFO:root:epoch:396 train_eval_loss-->0.862644,train_acc-->0.991150,test_eval_loss-->1.938191,test_acc===0.671569
INFO:root:epoch:397 train_eval_loss-->0.839516,train_acc-->0.991150,test_eval_loss-->2.129252,test_acc===0.612745
INFO:root:epoch:398 train_eval_loss-->0.954204,train_acc-->0.967552,test_eval_loss-->2.035135,test_acc===0.671569
INFO:root:epoch:399 train_eval_loss-->0.913439,train_acc-->0.973451,test_eval_loss-->1.961854,test_acc===0.705882
INFO:root:epoch:400 train_eval_loss-->1.019824,train_acc-->0.967552,test_eval_loss-->1.991093,test_acc===0.627451
INFO:root:epoch:401 train_eval_loss-->0.851657,train_acc-->0.976401,test_eval_loss-->2.141637,test_acc===0.578431
INFO:root:epoch:402 train_eval_loss-->0.973230,train_acc-->0.973451,test_eval_loss-->1.845178,test_acc===0.725490
INFO:root:epoch:403 train_eval_loss-->0.908599,train_acc-->0.979351,test_eval_loss-->1.828661,test_acc===0.725490
INFO:root:epoch:404 train_eval_loss-->0.973551,train_acc-->0.974926,test_eval_loss-->1.878277,test_acc===0.691176
INFO:root:epoch:405 train_eval_loss-->0.798508,train_acc-->0.989676,test_eval_loss-->1.906260,test_acc===0.710784
INFO:root:epoch:406 train_eval_loss-->0.997083,train_acc-->0.951327,test_eval_loss-->1.880478,test_acc===0.725490
INFO:root:epoch:407 train_eval_loss-->0.875403,train_acc-->0.966077,test_eval_loss-->1.928008,test_acc===0.696078
INFO:root:epoch:408 train_eval_loss-->0.952398,train_acc-->0.961652,test_eval_loss-->2.028394,test_acc===0.632353
INFO:root:epoch:409 train_eval_loss-->0.878784,train_acc-->0.971976,test_eval_loss-->1.976175,test_acc===0.671569
INFO:root:epoch:410 train_eval_loss-->0.809926,train_acc-->0.986726,test_eval_loss-->1.741107,test_acc===0.769608
INFO:root:epoch:411 train_eval_loss-->0.708405,train_acc-->0.992625,test_eval_loss-->1.755126,test_acc===0.759804
INFO:root:epoch:412 train_eval_loss-->0.744242,train_acc-->0.983776,test_eval_loss-->2.076240,test_acc===0.607843
INFO:root:epoch:413 train_eval_loss-->0.803566,train_acc-->0.983776,test_eval_loss-->1.752975,test_acc===0.779412
INFO:root:epoch:414 train_eval_loss-->0.684344,train_acc-->0.994100,test_eval_loss-->1.747627,test_acc===0.764706
INFO:root:epoch:415 train_eval_loss-->0.650265,train_acc-->0.998525,test_eval_loss-->1.785300,test_acc===0.764706
INFO:root:epoch:416 train_eval_loss-->0.709554,train_acc-->0.983776,test_eval_loss-->2.051555,test_acc===0.617647
INFO:root:epoch:417 train_eval_loss-->0.721394,train_acc-->0.986726,test_eval_loss-->1.705301,test_acc===0.764706
INFO:root:epoch:418 train_eval_loss-->0.689393,train_acc-->1.000000,test_eval_loss-->1.768957,test_acc===0.754902
INFO:root:epoch:419 train_eval_loss-->0.605845,train_acc-->0.989676,test_eval_loss-->1.901833,test_acc===0.642157
INFO:root:epoch:420 train_eval_loss-->0.845735,train_acc-->0.994100,test_eval_loss-->1.757893,test_acc===0.754902
INFO:root:epoch:421 train_eval_loss-->0.588103,train_acc-->0.991150,test_eval_loss-->1.772761,test_acc===0.730392
INFO:root:epoch:422 train_eval_loss-->0.600586,train_acc-->0.998525,test_eval_loss-->1.785719,test_acc===0.696078
INFO:root:epoch:423 train_eval_loss-->0.631281,train_acc-->0.992625,test_eval_loss-->1.703014,test_acc===0.745098
INFO:root:epoch:424 train_eval_loss-->0.516958,train_acc-->1.000000,test_eval_loss-->1.782501,test_acc===0.715686
INFO:root:epoch:425 train_eval_loss-->0.484803,train_acc-->1.000000,test_eval_loss-->1.672876,test_acc===0.794118
INFO:root:epoch:426 train_eval_loss-->0.461436,train_acc-->0.997050,test_eval_loss-->1.746265,test_acc===0.725490
INFO:root:epoch:427 train_eval_loss-->0.416327,train_acc-->1.000000,test_eval_loss-->1.681148,test_acc===0.754902
INFO:root:epoch:428 train_eval_loss-->0.405267,train_acc-->0.998525,test_eval_loss-->1.737816,test_acc===0.754902
INFO:root:epoch:429 train_eval_loss-->0.408590,train_acc-->1.000000,test_eval_loss-->1.658862,test_acc===0.774510
INFO:root:epoch:430 train_eval_loss-->0.364813,train_acc-->1.000000,test_eval_loss-->1.677617,test_acc===0.789216
INFO:root:epoch:431 train_eval_loss-->0.362720,train_acc-->0.998525,test_eval_loss-->1.643447,test_acc===0.794118
INFO:root:epoch:432 train_eval_loss-->0.349628,train_acc-->1.000000,test_eval_loss-->1.634657,test_acc===0.799020
INFO:root:epoch:433 train_eval_loss-->0.332243,train_acc-->1.000000,test_eval_loss-->1.702280,test_acc===0.745098
INFO:root:epoch:434 train_eval_loss-->0.306885,train_acc-->1.000000,test_eval_loss-->1.664981,test_acc===0.794118
INFO:root:epoch:435 train_eval_loss-->0.277522,train_acc-->1.000000,test_eval_loss-->1.632862,test_acc===0.784314
INFO:root:epoch:436 train_eval_loss-->0.261443,train_acc-->1.000000,test_eval_loss-->1.681848,test_acc===0.759804
INFO:root:epoch:437 train_eval_loss-->0.245230,train_acc-->1.000000,test_eval_loss-->1.645075,test_acc===0.779412
INFO:root:epoch:438 train_eval_loss-->0.239584,train_acc-->1.000000,test_eval_loss-->1.647041,test_acc===0.803922
INFO:root:epoch:439 train_eval_loss-->0.235281,train_acc-->1.000000,test_eval_loss-->1.661518,test_acc===0.774510
INFO:root:epoch:440 train_eval_loss-->0.214399,train_acc-->1.000000,test_eval_loss-->1.648073,test_acc===0.779412
INFO:root:epoch:441 train_eval_loss-->0.193011,train_acc-->1.000000,test_eval_loss-->1.650517,test_acc===0.794118
INFO:root:epoch:442 train_eval_loss-->0.200737,train_acc-->1.000000,test_eval_loss-->1.651950,test_acc===0.784314
INFO:root:epoch:443 train_eval_loss-->0.188184,train_acc-->1.000000,test_eval_loss-->1.644289,test_acc===0.779412
INFO:root:epoch:444 train_eval_loss-->0.180725,train_acc-->1.000000,test_eval_loss-->1.648156,test_acc===0.774510
INFO:root:epoch:445 train_eval_loss-->0.170866,train_acc-->1.000000,test_eval_loss-->1.643491,test_acc===0.779412
INFO:root:epoch:446 train_eval_loss-->0.168911,train_acc-->1.000000,test_eval_loss-->1.645001,test_acc===0.789216
INFO:root:epoch:447 train_eval_loss-->0.162902,train_acc-->1.000000,test_eval_loss-->1.644877,test_acc===0.779412
INFO:root:epoch:448 train_eval_loss-->0.164051,train_acc-->1.000000,test_eval_loss-->1.647014,test_acc===0.774510
INFO:root:epoch:449 train_eval_loss-->0.163979,train_acc-->1.000000,test_eval_loss-->1.643344,test_acc===0.779412
INFO:root:epoch:450 train_eval_loss-->0.164278,train_acc-->1.000000,test_eval_loss-->1.643044,test_acc===0.774510
INFO:root:epoch:451 train_eval_loss-->0.159326,train_acc-->1.000000,test_eval_loss-->1.647261,test_acc===0.774510
INFO:root:epoch:452 train_eval_loss-->0.162734,train_acc-->1.000000,test_eval_loss-->1.649719,test_acc===0.774510
INFO:root:epoch:453 train_eval_loss-->0.163558,train_acc-->1.000000,test_eval_loss-->1.652885,test_acc===0.779412
INFO:root:epoch:454 train_eval_loss-->0.156979,train_acc-->1.000000,test_eval_loss-->1.650181,test_acc===0.779412
INFO:root:epoch:455 train_eval_loss-->0.166620,train_acc-->1.000000,test_eval_loss-->1.644957,test_acc===0.779412
INFO:root:epoch:456 train_eval_loss-->0.164125,train_acc-->1.000000,test_eval_loss-->1.645818,test_acc===0.779412
INFO:root:epoch:457 train_eval_loss-->0.166042,train_acc-->1.000000,test_eval_loss-->1.648930,test_acc===0.784314
INFO:root:epoch:458 train_eval_loss-->0.178032,train_acc-->1.000000,test_eval_loss-->1.641908,test_acc===0.779412
INFO:root:epoch:459 train_eval_loss-->0.179365,train_acc-->1.000000,test_eval_loss-->1.631722,test_acc===0.794118
INFO:root:epoch:460 train_eval_loss-->0.181103,train_acc-->1.000000,test_eval_loss-->1.647867,test_acc===0.774510
INFO:root:epoch:461 train_eval_loss-->0.190360,train_acc-->1.000000,test_eval_loss-->1.645234,test_acc===0.789216
INFO:root:epoch:462 train_eval_loss-->0.206870,train_acc-->1.000000,test_eval_loss-->1.662175,test_acc===0.794118
INFO:root:epoch:463 train_eval_loss-->0.219108,train_acc-->1.000000,test_eval_loss-->1.650680,test_acc===0.769608
INFO:root:epoch:464 train_eval_loss-->0.233423,train_acc-->1.000000,test_eval_loss-->1.653594,test_acc===0.769608
INFO:root:epoch:465 train_eval_loss-->0.246888,train_acc-->1.000000,test_eval_loss-->1.683757,test_acc===0.769608
INFO:root:epoch:466 train_eval_loss-->0.266341,train_acc-->1.000000,test_eval_loss-->1.649343,test_acc===0.794118
INFO:root:epoch:467 train_eval_loss-->0.277946,train_acc-->1.000000,test_eval_loss-->1.663327,test_acc===0.784314
INFO:root:epoch:468 train_eval_loss-->0.293739,train_acc-->1.000000,test_eval_loss-->1.671876,test_acc===0.779412
INFO:root:epoch:469 train_eval_loss-->0.320897,train_acc-->1.000000,test_eval_loss-->1.703560,test_acc===0.774510
INFO:root:epoch:470 train_eval_loss-->0.406910,train_acc-->1.000000,test_eval_loss-->1.683089,test_acc===0.799020
INFO:root:epoch:471 train_eval_loss-->0.382010,train_acc-->1.000000,test_eval_loss-->1.721514,test_acc===0.754902
INFO:root:epoch:472 train_eval_loss-->0.397495,train_acc-->0.997050,test_eval_loss-->1.748986,test_acc===0.730392
INFO:root:epoch:473 train_eval_loss-->0.423200,train_acc-->0.998525,test_eval_loss-->1.704769,test_acc===0.759804
INFO:root:epoch:474 train_eval_loss-->0.461164,train_acc-->0.998525,test_eval_loss-->1.732273,test_acc===0.754902
INFO:root:epoch:475 train_eval_loss-->0.460241,train_acc-->1.000000,test_eval_loss-->1.683856,test_acc===0.750000
INFO:root:epoch:476 train_eval_loss-->0.531177,train_acc-->0.991150,test_eval_loss-->1.695904,test_acc===0.764706
INFO:root:epoch:477 train_eval_loss-->0.504190,train_acc-->1.000000,test_eval_loss-->1.852985,test_acc===0.691176
INFO:root:epoch:478 train_eval_loss-->0.589959,train_acc-->0.992625,test_eval_loss-->1.835886,test_acc===0.710784
INFO:root:epoch:479 train_eval_loss-->0.630229,train_acc-->0.997050,test_eval_loss-->1.786178,test_acc===0.725490
INFO:root:epoch:480 train_eval_loss-->0.551052,train_acc-->0.998525,test_eval_loss-->1.714585,test_acc===0.764706
INFO:root:epoch:481 train_eval_loss-->0.601185,train_acc-->0.998525,test_eval_loss-->1.862236,test_acc===0.671569
INFO:root:epoch:482 train_eval_loss-->0.568781,train_acc-->1.000000,test_eval_loss-->1.671617,test_acc===0.784314
INFO:root:epoch:483 train_eval_loss-->0.655932,train_acc-->0.991150,test_eval_loss-->1.772765,test_acc===0.764706
INFO:root:epoch:484 train_eval_loss-->0.645189,train_acc-->0.991150,test_eval_loss-->1.795360,test_acc===0.730392
INFO:root:epoch:485 train_eval_loss-->0.735031,train_acc-->0.998525,test_eval_loss-->1.710482,test_acc===0.740196
INFO:root:epoch:486 train_eval_loss-->0.657466,train_acc-->0.994100,test_eval_loss-->1.855194,test_acc===0.661765
INFO:root:epoch:487 train_eval_loss-->0.645691,train_acc-->0.995575,test_eval_loss-->1.863323,test_acc===0.710784
INFO:root:epoch:488 train_eval_loss-->0.741839,train_acc-->0.997050,test_eval_loss-->1.699872,test_acc===0.764706
INFO:root:epoch:489 train_eval_loss-->0.640871,train_acc-->0.998525,test_eval_loss-->1.789065,test_acc===0.764706
INFO:root:epoch:490 train_eval_loss-->0.726210,train_acc-->0.985251,test_eval_loss-->1.755160,test_acc===0.764706
INFO:root:epoch:491 train_eval_loss-->0.711034,train_acc-->0.995575,test_eval_loss-->1.960395,test_acc===0.671569
INFO:root:epoch:492 train_eval_loss-->0.751627,train_acc-->0.983776,test_eval_loss-->1.734528,test_acc===0.754902
INFO:root:epoch:493 train_eval_loss-->0.736708,train_acc-->0.995575,test_eval_loss-->1.802453,test_acc===0.745098
INFO:root:epoch:494 train_eval_loss-->0.769890,train_acc-->0.988201,test_eval_loss-->1.779872,test_acc===0.740196
INFO:root:epoch:495 train_eval_loss-->0.746593,train_acc-->0.995575,test_eval_loss-->1.754090,test_acc===0.745098
INFO:root:epoch:496 train_eval_loss-->0.780348,train_acc-->0.989676,test_eval_loss-->2.035186,test_acc===0.642157
INFO:root:epoch:497 train_eval_loss-->0.827156,train_acc-->0.989676,test_eval_loss-->1.716119,test_acc===0.759804
INFO:root:epoch:498 train_eval_loss-->0.769360,train_acc-->0.983776,test_eval_loss-->1.752428,test_acc===0.745098
INFO:root:epoch:499 train_eval_loss-->0.816404,train_acc-->0.991150,test_eval_loss-->1.847775,test_acc===0.750000
INFO:root:epoch:500 train_eval_loss-->0.860424,train_acc-->0.982301,test_eval_loss-->1.837510,test_acc===0.759804
INFO:root:epoch:501 train_eval_loss-->0.924689,train_acc-->0.970501,test_eval_loss-->1.889624,test_acc===0.691176
INFO:root:epoch:502 train_eval_loss-->0.819294,train_acc-->0.983776,test_eval_loss-->1.845639,test_acc===0.725490
INFO:root:epoch:503 train_eval_loss-->0.723767,train_acc-->0.995575,test_eval_loss-->1.757367,test_acc===0.779412
INFO:root:epoch:504 train_eval_loss-->0.759169,train_acc-->0.983776,test_eval_loss-->1.988381,test_acc===0.651961
INFO:root:epoch:505 train_eval_loss-->0.860305,train_acc-->0.991150,test_eval_loss-->1.741599,test_acc===0.759804
INFO:root:epoch:506 train_eval_loss-->0.763272,train_acc-->0.992625,test_eval_loss-->1.765955,test_acc===0.759804
INFO:root:epoch:507 train_eval_loss-->0.754926,train_acc-->0.985251,test_eval_loss-->1.719323,test_acc===0.745098
INFO:root:epoch:508 train_eval_loss-->0.729427,train_acc-->0.991150,test_eval_loss-->1.987389,test_acc===0.642157
INFO:root:epoch:509 train_eval_loss-->0.742937,train_acc-->0.989676,test_eval_loss-->1.758450,test_acc===0.784314
INFO:root:epoch:510 train_eval_loss-->0.806221,train_acc-->0.991150,test_eval_loss-->2.057177,test_acc===0.651961
INFO:root:epoch:511 train_eval_loss-->0.809329,train_acc-->0.995575,test_eval_loss-->1.718616,test_acc===0.764706
INFO:root:epoch:512 train_eval_loss-->0.685447,train_acc-->0.994100,test_eval_loss-->1.804595,test_acc===0.715686
INFO:root:epoch:513 train_eval_loss-->0.694164,train_acc-->0.989676,test_eval_loss-->1.791866,test_acc===0.715686
INFO:root:epoch:514 train_eval_loss-->0.612090,train_acc-->0.998525,test_eval_loss-->1.713636,test_acc===0.769608
INFO:root:epoch:515 train_eval_loss-->0.617121,train_acc-->0.997050,test_eval_loss-->1.705477,test_acc===0.779412
INFO:root:epoch:516 train_eval_loss-->0.596844,train_acc-->0.997050,test_eval_loss-->1.880947,test_acc===0.700980
INFO:root:epoch:517 train_eval_loss-->0.629717,train_acc-->0.997050,test_eval_loss-->1.685540,test_acc===0.769608
INFO:root:epoch:518 train_eval_loss-->0.634469,train_acc-->0.991150,test_eval_loss-->1.744170,test_acc===0.779412
INFO:root:epoch:519 train_eval_loss-->0.641739,train_acc-->0.994100,test_eval_loss-->1.765165,test_acc===0.754902
INFO:root:epoch:520 train_eval_loss-->0.605059,train_acc-->0.997050,test_eval_loss-->1.711342,test_acc===0.754902
INFO:root:epoch:521 train_eval_loss-->0.518055,train_acc-->1.000000,test_eval_loss-->1.707865,test_acc===0.759804
INFO:root:epoch:522 train_eval_loss-->0.469176,train_acc-->1.000000,test_eval_loss-->1.754776,test_acc===0.715686
INFO:root:epoch:523 train_eval_loss-->0.423086,train_acc-->1.000000,test_eval_loss-->1.690059,test_acc===0.794118
INFO:root:epoch:524 train_eval_loss-->0.431672,train_acc-->1.000000,test_eval_loss-->1.716104,test_acc===0.750000
INFO:root:epoch:525 train_eval_loss-->0.441626,train_acc-->0.998525,test_eval_loss-->1.657159,test_acc===0.799020
INFO:root:epoch:526 train_eval_loss-->0.398367,train_acc-->1.000000,test_eval_loss-->1.767628,test_acc===0.710784
INFO:root:epoch:527 train_eval_loss-->0.457537,train_acc-->0.998525,test_eval_loss-->1.690509,test_acc===0.779412
INFO:root:epoch:528 train_eval_loss-->0.401316,train_acc-->1.000000,test_eval_loss-->1.659768,test_acc===0.784314
INFO:root:epoch:529 train_eval_loss-->0.370904,train_acc-->1.000000,test_eval_loss-->1.675410,test_acc===0.794118
INFO:root:epoch:530 train_eval_loss-->0.337760,train_acc-->1.000000,test_eval_loss-->1.672703,test_acc===0.789216
INFO:root:epoch:531 train_eval_loss-->0.287670,train_acc-->1.000000,test_eval_loss-->1.680232,test_acc===0.769608
INFO:root:epoch:532 train_eval_loss-->0.290700,train_acc-->1.000000,test_eval_loss-->1.661063,test_acc===0.794118
INFO:root:epoch:533 train_eval_loss-->0.256673,train_acc-->1.000000,test_eval_loss-->1.657346,test_acc===0.799020
INFO:root:epoch:534 train_eval_loss-->0.245426,train_acc-->1.000000,test_eval_loss-->1.653440,test_acc===0.803922
INFO:root:epoch:535 train_eval_loss-->0.239056,train_acc-->1.000000,test_eval_loss-->1.686306,test_acc===0.784314
INFO:root:epoch:536 train_eval_loss-->0.236820,train_acc-->1.000000,test_eval_loss-->1.674135,test_acc===0.789216
INFO:root:epoch:537 train_eval_loss-->0.207269,train_acc-->1.000000,test_eval_loss-->1.659620,test_acc===0.803922
INFO:root:epoch:538 train_eval_loss-->0.201034,train_acc-->1.000000,test_eval_loss-->1.637646,test_acc===0.799020
INFO:root:epoch:539 train_eval_loss-->0.181780,train_acc-->1.000000,test_eval_loss-->1.671478,test_acc===0.779412
INFO:root:epoch:540 train_eval_loss-->0.182258,train_acc-->1.000000,test_eval_loss-->1.645791,test_acc===0.794118
INFO:root:epoch:541 train_eval_loss-->0.167964,train_acc-->1.000000,test_eval_loss-->1.662451,test_acc===0.789216
INFO:root:epoch:542 train_eval_loss-->0.161304,train_acc-->1.000000,test_eval_loss-->1.662152,test_acc===0.789216
INFO:root:epoch:543 train_eval_loss-->0.144899,train_acc-->1.000000,test_eval_loss-->1.654526,test_acc===0.784314
INFO:root:epoch:544 train_eval_loss-->0.136809,train_acc-->1.000000,test_eval_loss-->1.648205,test_acc===0.789216
INFO:root:epoch:545 train_eval_loss-->0.141618,train_acc-->1.000000,test_eval_loss-->1.658551,test_acc===0.789216
INFO:root:epoch:546 train_eval_loss-->0.138630,train_acc-->1.000000,test_eval_loss-->1.648066,test_acc===0.794118
INFO:root:epoch:547 train_eval_loss-->0.131976,train_acc-->1.000000,test_eval_loss-->1.650357,test_acc===0.784314
INFO:root:epoch:548 train_eval_loss-->0.127517,train_acc-->1.000000,test_eval_loss-->1.656150,test_acc===0.789216
INFO:root:epoch:549 train_eval_loss-->0.125476,train_acc-->1.000000,test_eval_loss-->1.652577,test_acc===0.789216
INFO:root:epoch:550 train_eval_loss-->0.127900,train_acc-->1.000000,test_eval_loss-->1.656137,test_acc===0.789216
INFO:root:epoch:551 train_eval_loss-->0.122122,train_acc-->1.000000,test_eval_loss-->1.655877,test_acc===0.789216
INFO:root:epoch:552 train_eval_loss-->0.126060,train_acc-->1.000000,test_eval_loss-->1.653908,test_acc===0.789216
INFO:root:epoch:553 train_eval_loss-->0.127554,train_acc-->1.000000,test_eval_loss-->1.657428,test_acc===0.784314
INFO:root:epoch:554 train_eval_loss-->0.129427,train_acc-->1.000000,test_eval_loss-->1.646190,test_acc===0.784314
INFO:root:epoch:555 train_eval_loss-->0.129839,train_acc-->1.000000,test_eval_loss-->1.649619,test_acc===0.784314
INFO:root:epoch:556 train_eval_loss-->0.135234,train_acc-->1.000000,test_eval_loss-->1.652095,test_acc===0.799020
INFO:root:epoch:557 train_eval_loss-->0.139771,train_acc-->1.000000,test_eval_loss-->1.649140,test_acc===0.784314
INFO:root:epoch:558 train_eval_loss-->0.141985,train_acc-->1.000000,test_eval_loss-->1.655596,test_acc===0.779412
INFO:root:epoch:559 train_eval_loss-->0.150253,train_acc-->1.000000,test_eval_loss-->1.662443,test_acc===0.784314
INFO:root:epoch:560 train_eval_loss-->0.147556,train_acc-->1.000000,test_eval_loss-->1.656571,test_acc===0.794118
INFO:root:epoch:561 train_eval_loss-->0.160078,train_acc-->1.000000,test_eval_loss-->1.648050,test_acc===0.799020
INFO:root:epoch:562 train_eval_loss-->0.176843,train_acc-->1.000000,test_eval_loss-->1.673492,test_acc===0.784314
INFO:root:epoch:563 train_eval_loss-->0.184953,train_acc-->1.000000,test_eval_loss-->1.655997,test_acc===0.784314
INFO:root:epoch:564 train_eval_loss-->0.184769,train_acc-->1.000000,test_eval_loss-->1.670710,test_acc===0.789216
INFO:root:epoch:565 train_eval_loss-->0.211281,train_acc-->1.000000,test_eval_loss-->1.676245,test_acc===0.784314
INFO:root:epoch:566 train_eval_loss-->0.212264,train_acc-->1.000000,test_eval_loss-->1.680439,test_acc===0.769608
INFO:root:epoch:567 train_eval_loss-->0.236944,train_acc-->1.000000,test_eval_loss-->1.671782,test_acc===0.789216
INFO:root:epoch:568 train_eval_loss-->0.255696,train_acc-->1.000000,test_eval_loss-->1.658629,test_acc===0.789216
INFO:root:epoch:569 train_eval_loss-->0.247365,train_acc-->1.000000,test_eval_loss-->1.670698,test_acc===0.794118
INFO:root:epoch:570 train_eval_loss-->0.277339,train_acc-->1.000000,test_eval_loss-->1.643060,test_acc===0.808824
INFO:root:epoch:571 train_eval_loss-->0.286839,train_acc-->1.000000,test_eval_loss-->1.662513,test_acc===0.789216
INFO:root:epoch:572 train_eval_loss-->0.319824,train_acc-->1.000000,test_eval_loss-->1.638231,test_acc===0.799020
INFO:root:epoch:573 train_eval_loss-->0.412693,train_acc-->1.000000,test_eval_loss-->1.644947,test_acc===0.784314
INFO:root:epoch:574 train_eval_loss-->0.414938,train_acc-->1.000000,test_eval_loss-->1.689568,test_acc===0.754902
INFO:root:epoch:575 train_eval_loss-->0.394524,train_acc-->1.000000,test_eval_loss-->1.712831,test_acc===0.779412
INFO:root:epoch:576 train_eval_loss-->0.447634,train_acc-->1.000000,test_eval_loss-->1.693629,test_acc===0.779412
INFO:root:epoch:577 train_eval_loss-->0.475946,train_acc-->0.998525,test_eval_loss-->1.685543,test_acc===0.779412
INFO:root:epoch:578 train_eval_loss-->0.451943,train_acc-->0.997050,test_eval_loss-->1.690211,test_acc===0.784314
INFO:root:epoch:579 train_eval_loss-->0.549984,train_acc-->1.000000,test_eval_loss-->1.695346,test_acc===0.808824
INFO:root:epoch:580 train_eval_loss-->0.501288,train_acc-->1.000000,test_eval_loss-->1.943005,test_acc===0.696078
INFO:root:epoch:581 train_eval_loss-->0.587394,train_acc-->0.998525,test_eval_loss-->1.744342,test_acc===0.735294
INFO:root:epoch:582 train_eval_loss-->0.537857,train_acc-->0.994100,test_eval_loss-->1.794075,test_acc===0.774510
INFO:root:epoch:583 train_eval_loss-->0.595111,train_acc-->0.988201,test_eval_loss-->1.775440,test_acc===0.784314
INFO:root:epoch:584 train_eval_loss-->0.587140,train_acc-->0.992625,test_eval_loss-->1.803290,test_acc===0.720588
INFO:root:epoch:585 train_eval_loss-->0.601403,train_acc-->0.994100,test_eval_loss-->1.860591,test_acc===0.715686
INFO:root:epoch:586 train_eval_loss-->0.581573,train_acc-->0.997050,test_eval_loss-->1.722655,test_acc===0.769608
INFO:root:epoch:587 train_eval_loss-->0.612959,train_acc-->0.998525,test_eval_loss-->1.839293,test_acc===0.725490
INFO:root:epoch:588 train_eval_loss-->0.698161,train_acc-->0.985251,test_eval_loss-->1.875116,test_acc===0.725490
INFO:root:epoch:589 train_eval_loss-->0.772773,train_acc-->0.988201,test_eval_loss-->1.898357,test_acc===0.671569
INFO:root:epoch:590 train_eval_loss-->0.760808,train_acc-->0.992625,test_eval_loss-->1.971989,test_acc===0.656863
INFO:root:epoch:591 train_eval_loss-->0.869203,train_acc-->0.982301,test_eval_loss-->1.820270,test_acc===0.750000
INFO:root:epoch:592 train_eval_loss-->0.788059,train_acc-->0.986726,test_eval_loss-->1.726834,test_acc===0.789216
INFO:root:epoch:593 train_eval_loss-->0.669233,train_acc-->0.992625,test_eval_loss-->1.801932,test_acc===0.735294
INFO:root:epoch:594 train_eval_loss-->0.746297,train_acc-->0.980826,test_eval_loss-->1.891202,test_acc===0.696078
INFO:root:epoch:595 train_eval_loss-->0.750642,train_acc-->0.983776,test_eval_loss-->1.724378,test_acc===0.745098
INFO:root:epoch:596 train_eval_loss-->0.668177,train_acc-->0.991150,test_eval_loss-->1.978014,test_acc===0.681373
INFO:root:epoch:597 train_eval_loss-->0.690926,train_acc-->0.989676,test_eval_loss-->1.699725,test_acc===0.789216
INFO:root:epoch:598 train_eval_loss-->0.626887,train_acc-->0.997050,test_eval_loss-->1.871569,test_acc===0.740196
INFO:root:epoch:599 train_eval_loss-->0.751482,train_acc-->0.994100,test_eval_loss-->1.700992,test_acc===0.794118
INFO:root:epoch:600 train_eval_loss-->0.669417,train_acc-->0.992625,test_eval_loss-->1.737462,test_acc===0.779412
INFO:root:epoch:601 train_eval_loss-->0.700369,train_acc-->0.991150,test_eval_loss-->1.763922,test_acc===0.789216
INFO:root:epoch:602 train_eval_loss-->0.752905,train_acc-->0.989676,test_eval_loss-->1.897870,test_acc===0.715686
INFO:root:epoch:603 train_eval_loss-->0.791630,train_acc-->0.979351,test_eval_loss-->1.824137,test_acc===0.720588
INFO:root:epoch:604 train_eval_loss-->0.811106,train_acc-->0.985251,test_eval_loss-->1.795439,test_acc===0.740196
INFO:root:epoch:605 train_eval_loss-->0.750106,train_acc-->0.988201,test_eval_loss-->1.740708,test_acc===0.779412
INFO:root:epoch:606 train_eval_loss-->0.671972,train_acc-->0.994100,test_eval_loss-->1.716077,test_acc===0.764706
INFO:root:epoch:607 train_eval_loss-->0.655305,train_acc-->0.997050,test_eval_loss-->1.796303,test_acc===0.764706
INFO:root:epoch:608 train_eval_loss-->0.630835,train_acc-->0.995575,test_eval_loss-->1.730211,test_acc===0.740196
INFO:root:epoch:609 train_eval_loss-->0.658631,train_acc-->0.997050,test_eval_loss-->1.749210,test_acc===0.779412
INFO:root:epoch:610 train_eval_loss-->0.695142,train_acc-->0.998525,test_eval_loss-->1.752850,test_acc===0.774510
INFO:root:epoch:611 train_eval_loss-->0.616133,train_acc-->0.998525,test_eval_loss-->1.798419,test_acc===0.750000
INFO:root:epoch:612 train_eval_loss-->0.616852,train_acc-->0.995575,test_eval_loss-->1.723549,test_acc===0.784314
INFO:root:epoch:613 train_eval_loss-->0.576155,train_acc-->1.000000,test_eval_loss-->1.730102,test_acc===0.779412
INFO:root:epoch:614 train_eval_loss-->0.611749,train_acc-->0.991150,test_eval_loss-->1.780646,test_acc===0.735294
INFO:root:epoch:615 train_eval_loss-->0.600819,train_acc-->0.998525,test_eval_loss-->1.676931,test_acc===0.769608
INFO:root:epoch:616 train_eval_loss-->0.621250,train_acc-->0.995575,test_eval_loss-->1.742204,test_acc===0.750000
INFO:root:epoch:617 train_eval_loss-->0.553165,train_acc-->0.992625,test_eval_loss-->1.707111,test_acc===0.750000
INFO:root:epoch:618 train_eval_loss-->0.512608,train_acc-->0.995575,test_eval_loss-->1.714798,test_acc===0.759804
INFO:root:epoch:619 train_eval_loss-->0.459879,train_acc-->0.997050,test_eval_loss-->1.686056,test_acc===0.764706
INFO:root:epoch:620 train_eval_loss-->0.429433,train_acc-->1.000000,test_eval_loss-->1.762388,test_acc===0.745098
INFO:root:epoch:621 train_eval_loss-->0.466742,train_acc-->0.995575,test_eval_loss-->1.642171,test_acc===0.789216
INFO:root:epoch:622 train_eval_loss-->0.437993,train_acc-->1.000000,test_eval_loss-->1.678130,test_acc===0.759804
INFO:root:epoch:623 train_eval_loss-->0.388285,train_acc-->1.000000,test_eval_loss-->1.681446,test_acc===0.784314
INFO:root:epoch:624 train_eval_loss-->0.404570,train_acc-->0.994100,test_eval_loss-->1.709371,test_acc===0.754902
INFO:root:epoch:625 train_eval_loss-->0.415067,train_acc-->1.000000,test_eval_loss-->1.686288,test_acc===0.745098
INFO:root:epoch:626 train_eval_loss-->0.403659,train_acc-->1.000000,test_eval_loss-->1.685598,test_acc===0.779412
INFO:root:epoch:627 train_eval_loss-->0.358792,train_acc-->1.000000,test_eval_loss-->1.704703,test_acc===0.759804
INFO:root:epoch:628 train_eval_loss-->0.322982,train_acc-->1.000000,test_eval_loss-->1.659707,test_acc===0.789216
INFO:root:epoch:629 train_eval_loss-->0.299036,train_acc-->0.994100,test_eval_loss-->1.691995,test_acc===0.774510
INFO:root:epoch:630 train_eval_loss-->0.266957,train_acc-->1.000000,test_eval_loss-->1.667357,test_acc===0.794118
INFO:root:epoch:631 train_eval_loss-->0.272869,train_acc-->1.000000,test_eval_loss-->1.650764,test_acc===0.789216
INFO:root:epoch:632 train_eval_loss-->0.243956,train_acc-->1.000000,test_eval_loss-->1.674973,test_acc===0.769608
INFO:root:epoch:633 train_eval_loss-->0.237849,train_acc-->1.000000,test_eval_loss-->1.650767,test_acc===0.779412
INFO:root:epoch:634 train_eval_loss-->0.218651,train_acc-->1.000000,test_eval_loss-->1.646838,test_acc===0.803922
INFO:root:epoch:635 train_eval_loss-->0.196868,train_acc-->1.000000,test_eval_loss-->1.648478,test_acc===0.799020
INFO:root:epoch:636 train_eval_loss-->0.192509,train_acc-->1.000000,test_eval_loss-->1.645434,test_acc===0.794118
INFO:root:epoch:637 train_eval_loss-->0.179509,train_acc-->1.000000,test_eval_loss-->1.647711,test_acc===0.784314
INFO:root:epoch:638 train_eval_loss-->0.171954,train_acc-->1.000000,test_eval_loss-->1.644113,test_acc===0.799020
INFO:root:epoch:639 train_eval_loss-->0.172467,train_acc-->1.000000,test_eval_loss-->1.647049,test_acc===0.789216
INFO:root:epoch:640 train_eval_loss-->0.145227,train_acc-->1.000000,test_eval_loss-->1.642023,test_acc===0.794118
INFO:root:epoch:641 train_eval_loss-->0.137806,train_acc-->1.000000,test_eval_loss-->1.635920,test_acc===0.803922
INFO:root:epoch:642 train_eval_loss-->0.129103,train_acc-->1.000000,test_eval_loss-->1.638552,test_acc===0.794118
INFO:root:epoch:643 train_eval_loss-->0.118851,train_acc-->1.000000,test_eval_loss-->1.645628,test_acc===0.789216
INFO:root:epoch:644 train_eval_loss-->0.116108,train_acc-->1.000000,test_eval_loss-->1.639215,test_acc===0.794118
INFO:root:epoch:645 train_eval_loss-->0.117193,train_acc-->1.000000,test_eval_loss-->1.643189,test_acc===0.794118
INFO:root:epoch:646 train_eval_loss-->0.108252,train_acc-->1.000000,test_eval_loss-->1.642272,test_acc===0.803922
INFO:root:epoch:647 train_eval_loss-->0.109227,train_acc-->1.000000,test_eval_loss-->1.639560,test_acc===0.803922
INFO:root:epoch:648 train_eval_loss-->0.108180,train_acc-->1.000000,test_eval_loss-->1.639677,test_acc===0.803922
INFO:root:epoch:649 train_eval_loss-->0.106352,train_acc-->1.000000,test_eval_loss-->1.643049,test_acc===0.794118
INFO:root:epoch:650 train_eval_loss-->0.104552,train_acc-->1.000000,test_eval_loss-->1.640594,test_acc===0.794118
INFO:root:epoch:651 train_eval_loss-->0.103599,train_acc-->1.000000,test_eval_loss-->1.640334,test_acc===0.799020
INFO:root:epoch:652 train_eval_loss-->0.103878,train_acc-->1.000000,test_eval_loss-->1.641249,test_acc===0.803922
INFO:root:epoch:653 train_eval_loss-->0.101337,train_acc-->1.000000,test_eval_loss-->1.642623,test_acc===0.794118
INFO:root:epoch:654 train_eval_loss-->0.102330,train_acc-->1.000000,test_eval_loss-->1.636750,test_acc===0.803922
INFO:root:epoch:655 train_eval_loss-->0.105170,train_acc-->1.000000,test_eval_loss-->1.642741,test_acc===0.789216
INFO:root:epoch:656 train_eval_loss-->0.105131,train_acc-->1.000000,test_eval_loss-->1.642671,test_acc===0.789216
INFO:root:epoch:657 train_eval_loss-->0.106345,train_acc-->1.000000,test_eval_loss-->1.646528,test_acc===0.794118
INFO:root:epoch:658 train_eval_loss-->0.115833,train_acc-->1.000000,test_eval_loss-->1.652061,test_acc===0.784314
INFO:root:epoch:659 train_eval_loss-->0.125222,train_acc-->1.000000,test_eval_loss-->1.646400,test_acc===0.808824
INFO:root:epoch:660 train_eval_loss-->0.130171,train_acc-->1.000000,test_eval_loss-->1.639992,test_acc===0.799020
INFO:root:epoch:661 train_eval_loss-->0.124538,train_acc-->1.000000,test_eval_loss-->1.648353,test_acc===0.789216
INFO:root:epoch:662 train_eval_loss-->0.147588,train_acc-->1.000000,test_eval_loss-->1.657329,test_acc===0.799020
INFO:root:epoch:663 train_eval_loss-->0.148644,train_acc-->1.000000,test_eval_loss-->1.641807,test_acc===0.803922
INFO:root:epoch:664 train_eval_loss-->0.162014,train_acc-->1.000000,test_eval_loss-->1.664001,test_acc===0.784314
INFO:root:epoch:665 train_eval_loss-->0.197087,train_acc-->1.000000,test_eval_loss-->1.655685,test_acc===0.784314
INFO:root:epoch:666 train_eval_loss-->0.212374,train_acc-->1.000000,test_eval_loss-->1.661833,test_acc===0.813725
INFO:root:epoch:667 train_eval_loss-->0.200376,train_acc-->1.000000,test_eval_loss-->1.658341,test_acc===0.774510
INFO:root:epoch:668 train_eval_loss-->0.243125,train_acc-->1.000000,test_eval_loss-->1.693833,test_acc===0.779412
INFO:root:epoch:669 train_eval_loss-->0.261290,train_acc-->1.000000,test_eval_loss-->1.641787,test_acc===0.803922
INFO:root:epoch:670 train_eval_loss-->0.257008,train_acc-->1.000000,test_eval_loss-->1.680992,test_acc===0.774510
INFO:root:epoch:671 train_eval_loss-->0.309112,train_acc-->1.000000,test_eval_loss-->1.654582,test_acc===0.799020
INFO:root:epoch:672 train_eval_loss-->0.277677,train_acc-->1.000000,test_eval_loss-->1.635052,test_acc===0.789216
INFO:root:epoch:673 train_eval_loss-->0.309279,train_acc-->1.000000,test_eval_loss-->1.691550,test_acc===0.784314
INFO:root:epoch:674 train_eval_loss-->0.365342,train_acc-->1.000000,test_eval_loss-->1.767730,test_acc===0.750000
INFO:root:epoch:675 train_eval_loss-->0.442324,train_acc-->1.000000,test_eval_loss-->1.692639,test_acc===0.774510
INFO:root:epoch:676 train_eval_loss-->0.420349,train_acc-->1.000000,test_eval_loss-->1.711219,test_acc===0.784314
INFO:root:epoch:677 train_eval_loss-->0.477213,train_acc-->0.995575,test_eval_loss-->1.763531,test_acc===0.759804
INFO:root:epoch:678 train_eval_loss-->0.435863,train_acc-->0.997050,test_eval_loss-->1.760779,test_acc===0.740196
INFO:root:epoch:679 train_eval_loss-->0.433775,train_acc-->1.000000,test_eval_loss-->1.761853,test_acc===0.730392
INFO:root:epoch:680 train_eval_loss-->0.507030,train_acc-->0.997050,test_eval_loss-->1.782235,test_acc===0.750000
INFO:root:epoch:681 train_eval_loss-->0.534135,train_acc-->1.000000,test_eval_loss-->1.709767,test_acc===0.774510
INFO:root:epoch:682 train_eval_loss-->0.495938,train_acc-->1.000000,test_eval_loss-->1.819234,test_acc===0.725490
INFO:root:epoch:683 train_eval_loss-->0.507833,train_acc-->0.991150,test_eval_loss-->1.685635,test_acc===0.794118
INFO:root:epoch:684 train_eval_loss-->0.513656,train_acc-->1.000000,test_eval_loss-->1.738567,test_acc===0.754902
INFO:root:epoch:685 train_eval_loss-->0.565118,train_acc-->0.997050,test_eval_loss-->1.814243,test_acc===0.725490
INFO:root:epoch:686 train_eval_loss-->0.597188,train_acc-->0.997050,test_eval_loss-->1.683904,test_acc===0.789216
INFO:root:epoch:687 train_eval_loss-->0.565874,train_acc-->0.992625,test_eval_loss-->1.690287,test_acc===0.774510
INFO:root:epoch:688 train_eval_loss-->0.554783,train_acc-->0.998525,test_eval_loss-->1.740113,test_acc===0.764706
INFO:root:epoch:689 train_eval_loss-->0.560709,train_acc-->0.994100,test_eval_loss-->1.813781,test_acc===0.700980
INFO:root:epoch:690 train_eval_loss-->0.659225,train_acc-->0.992625,test_eval_loss-->1.931600,test_acc===0.691176
INFO:root:epoch:691 train_eval_loss-->0.705238,train_acc-->0.995575,test_eval_loss-->1.916406,test_acc===0.651961
INFO:root:epoch:692 train_eval_loss-->0.682196,train_acc-->0.997050,test_eval_loss-->1.813180,test_acc===0.745098
INFO:root:epoch:693 train_eval_loss-->0.642362,train_acc-->0.994100,test_eval_loss-->1.863926,test_acc===0.705882
INFO:root:epoch:694 train_eval_loss-->0.627210,train_acc-->0.989676,test_eval_loss-->1.729097,test_acc===0.750000
INFO:root:epoch:695 train_eval_loss-->0.667701,train_acc-->0.998525,test_eval_loss-->1.811894,test_acc===0.759804
INFO:root:epoch:696 train_eval_loss-->0.770682,train_acc-->0.985251,test_eval_loss-->1.881016,test_acc===0.661765
INFO:root:epoch:697 train_eval_loss-->0.660756,train_acc-->0.998525,test_eval_loss-->1.781638,test_acc===0.745098
INFO:root:epoch:698 train_eval_loss-->0.679903,train_acc-->0.989676,test_eval_loss-->1.780069,test_acc===0.730392
INFO:root:epoch:699 train_eval_loss-->0.710423,train_acc-->1.000000,test_eval_loss-->1.741496,test_acc===0.789216
INFO:root:epoch:700 train_eval_loss-->0.746641,train_acc-->0.988201,test_eval_loss-->1.716665,test_acc===0.774510
INFO:root:epoch:701 train_eval_loss-->0.679422,train_acc-->0.995575,test_eval_loss-->1.898423,test_acc===0.730392
INFO:root:epoch:702 train_eval_loss-->0.629817,train_acc-->0.998525,test_eval_loss-->1.721584,test_acc===0.803922
INFO:root:epoch:703 train_eval_loss-->0.599732,train_acc-->0.997050,test_eval_loss-->1.842852,test_acc===0.754902
INFO:root:epoch:704 train_eval_loss-->0.600393,train_acc-->0.998525,test_eval_loss-->1.821493,test_acc===0.720588
INFO:root:epoch:705 train_eval_loss-->0.612309,train_acc-->0.994100,test_eval_loss-->1.892400,test_acc===0.681373
INFO:root:epoch:706 train_eval_loss-->0.618921,train_acc-->0.995575,test_eval_loss-->1.782014,test_acc===0.740196
INFO:root:epoch:707 train_eval_loss-->0.630792,train_acc-->1.000000,test_eval_loss-->1.818523,test_acc===0.735294
INFO:root:epoch:708 train_eval_loss-->0.611700,train_acc-->1.000000,test_eval_loss-->1.780925,test_acc===0.725490
INFO:root:epoch:709 train_eval_loss-->0.647371,train_acc-->1.000000,test_eval_loss-->1.820343,test_acc===0.715686
INFO:root:epoch:710 train_eval_loss-->0.586585,train_acc-->0.998525,test_eval_loss-->1.747105,test_acc===0.789216
INFO:root:epoch:711 train_eval_loss-->0.651181,train_acc-->0.992625,test_eval_loss-->1.792858,test_acc===0.730392
INFO:root:epoch:712 train_eval_loss-->0.603389,train_acc-->1.000000,test_eval_loss-->1.703300,test_acc===0.759804
INFO:root:epoch:713 train_eval_loss-->0.501912,train_acc-->0.998525,test_eval_loss-->1.775913,test_acc===0.754902
INFO:root:epoch:714 train_eval_loss-->0.496570,train_acc-->1.000000,test_eval_loss-->1.735614,test_acc===0.745098
INFO:root:epoch:715 train_eval_loss-->0.511971,train_acc-->1.000000,test_eval_loss-->1.698545,test_acc===0.750000
INFO:root:epoch:716 train_eval_loss-->0.555637,train_acc-->0.991150,test_eval_loss-->1.696446,test_acc===0.779412
INFO:root:epoch:717 train_eval_loss-->0.456043,train_acc-->1.000000,test_eval_loss-->1.681737,test_acc===0.784314
INFO:root:epoch:718 train_eval_loss-->0.474199,train_acc-->0.994100,test_eval_loss-->1.672163,test_acc===0.808824
INFO:root:epoch:719 train_eval_loss-->0.476345,train_acc-->1.000000,test_eval_loss-->1.704195,test_acc===0.789216
INFO:root:epoch:720 train_eval_loss-->0.469544,train_acc-->0.998525,test_eval_loss-->1.677509,test_acc===0.779412
INFO:root:epoch:721 train_eval_loss-->0.447700,train_acc-->1.000000,test_eval_loss-->1.665444,test_acc===0.789216
INFO:root:epoch:722 train_eval_loss-->0.397812,train_acc-->1.000000,test_eval_loss-->1.734774,test_acc===0.794118
INFO:root:epoch:723 train_eval_loss-->0.427555,train_acc-->1.000000,test_eval_loss-->1.668480,test_acc===0.799020
INFO:root:epoch:724 train_eval_loss-->0.373774,train_acc-->1.000000,test_eval_loss-->1.693393,test_acc===0.759804
INFO:root:epoch:725 train_eval_loss-->0.342659,train_acc-->0.998525,test_eval_loss-->1.708184,test_acc===0.759804
INFO:root:epoch:726 train_eval_loss-->0.371940,train_acc-->1.000000,test_eval_loss-->1.674736,test_acc===0.759804
INFO:root:epoch:727 train_eval_loss-->0.357254,train_acc-->0.998525,test_eval_loss-->1.685837,test_acc===0.779412
INFO:root:epoch:728 train_eval_loss-->0.346406,train_acc-->1.000000,test_eval_loss-->1.667474,test_acc===0.799020
INFO:root:epoch:729 train_eval_loss-->0.302058,train_acc-->1.000000,test_eval_loss-->1.660277,test_acc===0.789216
INFO:root:epoch:730 train_eval_loss-->0.251381,train_acc-->1.000000,test_eval_loss-->1.655708,test_acc===0.808824
INFO:root:epoch:731 train_eval_loss-->0.235375,train_acc-->1.000000,test_eval_loss-->1.644417,test_acc===0.813725
INFO:root:epoch:732 train_eval_loss-->0.229233,train_acc-->1.000000,test_eval_loss-->1.673198,test_acc===0.794118
INFO:root:epoch:733 train_eval_loss-->0.229190,train_acc-->1.000000,test_eval_loss-->1.640115,test_acc===0.808824
INFO:root:epoch:734 train_eval_loss-->0.213453,train_acc-->1.000000,test_eval_loss-->1.626685,test_acc===0.803922
INFO:root:epoch:735 train_eval_loss-->0.198013,train_acc-->1.000000,test_eval_loss-->1.626276,test_acc===0.803922
INFO:root:epoch:736 train_eval_loss-->0.182865,train_acc-->1.000000,test_eval_loss-->1.669572,test_acc===0.789216
INFO:root:epoch:737 train_eval_loss-->0.172322,train_acc-->1.000000,test_eval_loss-->1.630301,test_acc===0.813725
INFO:root:epoch:738 train_eval_loss-->0.154432,train_acc-->1.000000,test_eval_loss-->1.635606,test_acc===0.803922
INFO:root:epoch:739 train_eval_loss-->0.147905,train_acc-->1.000000,test_eval_loss-->1.643752,test_acc===0.784314
INFO:root:epoch:740 train_eval_loss-->0.134462,train_acc-->1.000000,test_eval_loss-->1.647350,test_acc===0.789216
INFO:root:epoch:741 train_eval_loss-->0.128783,train_acc-->1.000000,test_eval_loss-->1.631231,test_acc===0.794118
INFO:root:epoch:742 train_eval_loss-->0.120801,train_acc-->1.000000,test_eval_loss-->1.625957,test_acc===0.803922
INFO:root:epoch:743 train_eval_loss-->0.109231,train_acc-->1.000000,test_eval_loss-->1.632205,test_acc===0.799020
INFO:root:epoch:744 train_eval_loss-->0.105462,train_acc-->1.000000,test_eval_loss-->1.638726,test_acc===0.799020
INFO:root:epoch:745 train_eval_loss-->0.102344,train_acc-->1.000000,test_eval_loss-->1.637807,test_acc===0.799020
INFO:root:epoch:746 train_eval_loss-->0.103709,train_acc-->1.000000,test_eval_loss-->1.635612,test_acc===0.799020
INFO:root:epoch:747 train_eval_loss-->0.097609,train_acc-->1.000000,test_eval_loss-->1.642506,test_acc===0.803922
INFO:root:epoch:748 train_eval_loss-->0.095066,train_acc-->1.000000,test_eval_loss-->1.639102,test_acc===0.799020
INFO:root:epoch:749 train_eval_loss-->0.092133,train_acc-->1.000000,test_eval_loss-->1.638159,test_acc===0.799020
INFO:root:epoch:750 train_eval_loss-->0.090170,train_acc-->1.000000,test_eval_loss-->1.633769,test_acc===0.803922
INFO:root:epoch:751 train_eval_loss-->0.088699,train_acc-->1.000000,test_eval_loss-->1.636878,test_acc===0.803922
INFO:root:epoch:752 train_eval_loss-->0.091494,train_acc-->1.000000,test_eval_loss-->1.634992,test_acc===0.799020
INFO:root:epoch:753 train_eval_loss-->0.091784,train_acc-->1.000000,test_eval_loss-->1.632453,test_acc===0.799020
INFO:root:epoch:754 train_eval_loss-->0.089412,train_acc-->1.000000,test_eval_loss-->1.634657,test_acc===0.799020
INFO:root:epoch:755 train_eval_loss-->0.094056,train_acc-->1.000000,test_eval_loss-->1.640756,test_acc===0.799020
INFO:root:epoch:756 train_eval_loss-->0.094350,train_acc-->1.000000,test_eval_loss-->1.638469,test_acc===0.803922
INFO:root:epoch:757 train_eval_loss-->0.099190,train_acc-->1.000000,test_eval_loss-->1.638993,test_acc===0.803922
INFO:root:epoch:758 train_eval_loss-->0.104003,train_acc-->1.000000,test_eval_loss-->1.630798,test_acc===0.799020
INFO:root:epoch:759 train_eval_loss-->0.104413,train_acc-->1.000000,test_eval_loss-->1.637755,test_acc===0.789216
INFO:root:epoch:760 train_eval_loss-->0.110897,train_acc-->1.000000,test_eval_loss-->1.643333,test_acc===0.799020
INFO:root:epoch:761 train_eval_loss-->0.115918,train_acc-->1.000000,test_eval_loss-->1.637780,test_acc===0.803922
INFO:root:epoch:762 train_eval_loss-->0.130431,train_acc-->1.000000,test_eval_loss-->1.640273,test_acc===0.803922
INFO:root:epoch:763 train_eval_loss-->0.150680,train_acc-->1.000000,test_eval_loss-->1.637954,test_acc===0.799020
INFO:root:epoch:764 train_eval_loss-->0.152047,train_acc-->1.000000,test_eval_loss-->1.634308,test_acc===0.808824
INFO:root:epoch:765 train_eval_loss-->0.169286,train_acc-->1.000000,test_eval_loss-->1.639071,test_acc===0.803922
INFO:root:epoch:766 train_eval_loss-->0.180349,train_acc-->1.000000,test_eval_loss-->1.633716,test_acc===0.799020
INFO:root:epoch:767 train_eval_loss-->0.200049,train_acc-->1.000000,test_eval_loss-->1.675327,test_acc===0.808824
INFO:root:epoch:768 train_eval_loss-->0.216397,train_acc-->1.000000,test_eval_loss-->1.629455,test_acc===0.813725
INFO:root:epoch:769 train_eval_loss-->0.215683,train_acc-->1.000000,test_eval_loss-->1.682835,test_acc===0.784314
INFO:root:epoch:770 train_eval_loss-->0.256520,train_acc-->1.000000,test_eval_loss-->1.659918,test_acc===0.789216
INFO:root:epoch:771 train_eval_loss-->0.245645,train_acc-->1.000000,test_eval_loss-->1.658624,test_acc===0.808824
INFO:root:epoch:772 train_eval_loss-->0.312178,train_acc-->1.000000,test_eval_loss-->1.706944,test_acc===0.789216
INFO:root:epoch:773 train_eval_loss-->0.426258,train_acc-->1.000000,test_eval_loss-->1.724213,test_acc===0.769608
INFO:root:epoch:774 train_eval_loss-->0.392363,train_acc-->1.000000,test_eval_loss-->1.666555,test_acc===0.779412
INFO:root:epoch:775 train_eval_loss-->0.342587,train_acc-->1.000000,test_eval_loss-->1.666243,test_acc===0.803922
INFO:root:epoch:776 train_eval_loss-->0.362170,train_acc-->1.000000,test_eval_loss-->1.657066,test_acc===0.803922
INFO:root:epoch:777 train_eval_loss-->0.366787,train_acc-->1.000000,test_eval_loss-->1.658698,test_acc===0.784314
INFO:root:epoch:778 train_eval_loss-->0.399059,train_acc-->1.000000,test_eval_loss-->1.665302,test_acc===0.789216
INFO:root:epoch:779 train_eval_loss-->0.439512,train_acc-->0.995575,test_eval_loss-->1.693780,test_acc===0.779412
INFO:root:epoch:780 train_eval_loss-->0.476081,train_acc-->0.998525,test_eval_loss-->1.753741,test_acc===0.759804
INFO:root:epoch:781 train_eval_loss-->0.543517,train_acc-->0.997050,test_eval_loss-->1.778399,test_acc===0.715686
INFO:root:epoch:782 train_eval_loss-->0.540480,train_acc-->0.992625,test_eval_loss-->1.765178,test_acc===0.730392
INFO:root:epoch:783 train_eval_loss-->0.481355,train_acc-->1.000000,test_eval_loss-->1.696983,test_acc===0.764706
INFO:root:epoch:784 train_eval_loss-->0.559514,train_acc-->0.991150,test_eval_loss-->1.923987,test_acc===0.666667
INFO:root:epoch:785 train_eval_loss-->0.571276,train_acc-->0.998525,test_eval_loss-->1.728296,test_acc===0.779412
INFO:root:epoch:786 train_eval_loss-->0.560526,train_acc-->1.000000,test_eval_loss-->1.827334,test_acc===0.740196
INFO:root:epoch:787 train_eval_loss-->0.586556,train_acc-->1.000000,test_eval_loss-->1.677556,test_acc===0.774510
INFO:root:epoch:788 train_eval_loss-->0.614504,train_acc-->1.000000,test_eval_loss-->1.850564,test_acc===0.735294
INFO:root:epoch:789 train_eval_loss-->0.824587,train_acc-->0.991150,test_eval_loss-->2.040258,test_acc===0.642157
INFO:root:epoch:790 train_eval_loss-->0.777657,train_acc-->0.980826,test_eval_loss-->1.832716,test_acc===0.745098
INFO:root:epoch:791 train_eval_loss-->0.576947,train_acc-->0.995575,test_eval_loss-->1.946126,test_acc===0.632353
INFO:root:epoch:792 train_eval_loss-->0.622234,train_acc-->0.995575,test_eval_loss-->1.707347,test_acc===0.774510
INFO:root:epoch:793 train_eval_loss-->0.547598,train_acc-->0.992625,test_eval_loss-->1.746818,test_acc===0.754902
INFO:root:epoch:794 train_eval_loss-->0.549824,train_acc-->0.995575,test_eval_loss-->1.853386,test_acc===0.710784
INFO:root:epoch:795 train_eval_loss-->0.640218,train_acc-->0.994100,test_eval_loss-->1.726784,test_acc===0.774510
INFO:root:epoch:796 train_eval_loss-->0.607660,train_acc-->0.995575,test_eval_loss-->1.985159,test_acc===0.637255
INFO:root:epoch:797 train_eval_loss-->0.675069,train_acc-->0.989676,test_eval_loss-->1.806085,test_acc===0.754902
INFO:root:epoch:798 train_eval_loss-->0.672464,train_acc-->1.000000,test_eval_loss-->1.764628,test_acc===0.750000
INFO:root:epoch:799 train_eval_loss-->0.667076,train_acc-->0.994100,test_eval_loss-->1.709223,test_acc===0.759804
INFO:root:the best test acc===0.813725
