2023-12-08 08:11:26 - #----------Config info----------#
2023-12-08 08:11:26 - network: Pointneted_plus,
2023-12-08 08:11:26 - data_path: /media/yxz/新加卷/teeth_ct_points/CT3Dpoints/,
2023-12-08 08:11:26 - label_path: /media/yxz/新加卷/teeth_ct_points/CT3Dpoints/三维坐标表格.xlsx,
2023-12-08 08:11:26 - pretrained_path: ./pre_trained/,
2023-12-08 08:11:26 - cfg: [32, 64, 96, 128, 224, 128, 256, 128, 64, 32, 16],
2023-12-08 08:11:26 - label_num: [0, 1, 10, 11, 14, 19],
2023-12-08 08:11:26 - num_classes: 6,
2023-12-08 08:11:26 - input_size_h: 512,
2023-12-08 08:11:26 - input_size_w: 512,
2023-12-08 08:11:26 - input_channels: 64,
2023-12-08 08:11:26 - distributed: False,
2023-12-08 08:11:26 - local_rank: -1,
2023-12-08 08:11:26 - num_workers: 4,
2023-12-08 08:11:26 - seed: 42,
2023-12-08 08:11:26 - world_size: None,
2023-12-08 08:11:26 - rank: None,
2023-12-08 08:11:26 - amp: False,
2023-12-08 08:11:26 - l2_lambda: 0.01,
2023-12-08 08:11:26 - gpu_id: 0,
2023-12-08 08:11:26 - batch_size: 4,
2023-12-08 08:11:26 - val_bs: 1,
2023-12-08 08:11:26 - epochs: 800,
2023-12-08 08:11:26 - deep_supervision: 1,
2023-12-08 08:11:26 - tailadd: True,
2023-12-08 08:11:26 - threshold: 8.660254037844387,
2023-12-08 08:11:26 - rand_data: False,
2023-12-08 08:11:26 - mean_common: False,
2023-12-08 08:11:26 - horizontal_flip: False,
2023-12-08 08:11:26 - train_mean: [38.167084, 36.47113, 35.658463, 34.7275, 34.397972, 34.392757, 33.96709, 34.126865, 34.28234, 33.729267, 32.7962, 32.064926, 31.681631, 31.124203, 30.844501, 31.361849, 32.73974, 34.215652, 36.648277, 38.611458, 40.539837, 42.120747, 43.28669, 44.45494, 45.614132, 46.21989, 47.45023, 48.500004, 49.44821, 50.419426, 52.140045, 53.649082, 54.722622, 55.427254, 55.996006, 56.55678, 57.03274, 56.78339, 56.16994, 56.052105, 56.084873, 55.73664, 55.51461, 54.455627, 53.19349, 51.708523, 50.496777, 48.39798, 46.618237],
2023-12-08 08:11:26 - train_std: [52.12329, 51.107494, 50.941055, 50.223755, 50.00628, 50.154346, 49.390217, 49.584064, 49.46689, 48.635002, 46.955963, 45.86415, 45.254314, 44.008198, 43.081245, 43.15782, 44.181343, 45.16833, 47.433487, 48.60615, 50.44894, 51.635715, 52.542904, 53.638527, 54.554443, 54.860928, 55.634895, 56.127644, 56.314377, 56.52658, 57.31575, 57.992775, 58.40813, 58.65052, 58.6726, 58.786034, 59.043797, 59.15101, 58.878242, 59.1303, 59.565495, 59.95643, 60.605595, 60.74457, 60.784153, 60.811424, 61.18004, 60.75567, 60.8064],
2023-12-08 08:11:26 - val_mean: [39.743374, 38.122738, 37.19561, 35.71686, 35.202812, 34.790627, 34.621647, 34.678947, 34.44854, 33.327152, 32.52173, 31.267305, 30.603254, 30.013475, 29.536041, 30.480452, 31.952286, 33.71057, 36.010574, 38.201912, 39.313183, 42.94376, 44.53766, 45.518337, 46.94797, 46.58542, 47.49811, 48.238167, 51.026104, 52.292915, 52.69654, 53.169758, 53.87486, 55.697067, 57.654236, 57.586315, 57.758514, 57.174618, 57.736595, 57.24419, 57.544117, 57.37176, 56.43062, 55.96641, 55.325653, 53.10815, 52.179287, 50.27785, 47.04305],
2023-12-08 08:11:26 - val_std: [53.15056, 52.15993, 51.616505, 50.33102, 50.21509, 50.081203, 50.03935, 49.86299, 49.531567, 48.28274, 46.95426, 45.172287, 43.96861, 42.88531, 41.24616, 42.37183, 43.43441, 44.75589, 46.571957, 48.567627, 49.173023, 51.97025, 53.31617, 54.147503, 55.217754, 54.256313, 54.82137, 55.228252, 57.024765, 57.493202, 57.21687, 57.12449, 57.009945, 58.07164, 58.968643, 58.816093, 58.97068, 58.471672, 58.976105, 58.958794, 59.510704, 60.026344, 60.16703, 60.841858, 61.621956, 61.22611, 61.83866, 62.08808, 61.1031],
2023-12-08 08:11:26 - work_dir: results/Pointneted_plus_Friday_08_December_2023_08h_11m_26s/,
2023-12-08 08:11:26 - tensor_size: 0,
2023-12-08 08:11:26 - train_transformer: Compose(
    <utils.myToTensor object at 0x7f3d7da2dd90>
    <utils.myResize object at 0x7f3c9806bca0>
),
2023-12-08 08:11:26 - test_transformer: Compose(
    <utils.myToTensor object at 0x7f3d7da4d1f0>
    <utils.myResize object at 0x7f3d7da4d220>
),
2023-12-08 08:11:26 - opt: AdamW,
2023-12-08 08:11:26 - lr: 0.001,
2023-12-08 08:11:26 - betas: (0.9, 0.999),
2023-12-08 08:11:26 - eps: 1e-08,
2023-12-08 08:11:26 - weight_decay: 0.01,
2023-12-08 08:11:26 - amsgrad: False,
2023-12-08 08:11:26 - sch: CosineAnnealingLR,
2023-12-08 08:11:26 - T_max: 50,
2023-12-08 08:11:26 - eta_min: 1e-05,
2023-12-08 08:11:26 - last_epoch: -1,
INFO:root:train--mean-->[38.167084 36.47113  35.658463 34.7275   34.397972 34.392757 33.96709
 34.126865 34.28234  33.729267 32.7962   32.064926 31.681631 31.124203
 30.844501 31.361849 32.73974  34.215652 36.648277 38.611458 40.539837
 42.120747 43.28669  44.45494  45.614132 46.21989  47.45023  48.500004
 49.44821  50.419426 52.140045 53.649082 54.722622 55.427254 55.996006
 56.55678  57.03274  56.78339  56.16994  56.052105 56.084873 55.73664
 55.51461  54.455627 53.19349  51.708523 50.496777 48.39798  46.618237]
INFO:root:train--std-->[52.12329  51.107494 50.941055 50.223755 50.00628  50.154346 49.390217
 49.584064 49.46689  48.635002 46.955963 45.86415  45.254314 44.008198
 43.081245 43.15782  44.181343 45.16833  47.433487 48.60615  50.44894
 51.635715 52.542904 53.638527 54.554443 54.860928 55.634895 56.127644
 56.314377 56.52658  57.31575  57.992775 58.40813  58.65052  58.6726
 58.786034 59.043797 59.15101  58.878242 59.1303   59.565495 59.95643
 60.605595 60.74457  60.784153 60.811424 61.18004  60.75567  60.8064  ]
INFO:root:val--mean-->[39.743374 38.122738 37.19561  35.71686  35.202812 34.790627 34.621647
 34.678947 34.44854  33.327152 32.52173  31.267305 30.603254 30.013475
 29.536041 30.480452 31.952286 33.71057  36.010574 38.201912 39.313183
 42.94376  44.53766  45.518337 46.94797  46.58542  47.49811  48.238167
 51.026104 52.292915 52.69654  53.169758 53.87486  55.697067 57.654236
 57.586315 57.758514 57.174618 57.736595 57.24419  57.544117 57.37176
 56.43062  55.96641  55.325653 53.10815  52.179287 50.27785  47.04305 ]
INFO:root:val--std-->[53.15056  52.15993  51.616505 50.33102  50.21509  50.081203 50.03935
 49.86299  49.531567 48.28274  46.95426  45.172287 43.96861  42.88531
 41.24616  42.37183  43.43441  44.75589  46.571957 48.567627 49.173023
 51.97025  53.31617  54.147503 55.217754 54.256313 54.82137  55.228252
 57.024765 57.493202 57.21687  57.12449  57.009945 58.07164  58.968643
 58.816093 58.97068  58.471672 58.976105 58.958794 59.510704 60.026344
 60.16703  60.841858 61.621956 61.22611  61.83866  62.08808  61.1031  ]
INFO:root:real_input_channels-->49
INFO:root:epoch:0 train_eval_loss-->6.249903,train_acc-->0.051622,test_eval_loss-->18.371140,test_acc===0.127451
INFO:root:epoch:1 train_eval_loss-->4.506911,train_acc-->0.095870,test_eval_loss-->16.885401,test_acc===0.102941
INFO:root:epoch:2 train_eval_loss-->4.239770,train_acc-->0.106195,test_eval_loss-->17.019388,test_acc===0.053922
INFO:root:epoch:3 train_eval_loss-->4.068281,train_acc-->0.082596,test_eval_loss-->15.046785,test_acc===0.093137
INFO:root:epoch:4 train_eval_loss-->3.782741,train_acc-->0.129794,test_eval_loss-->13.666281,test_acc===0.254902
INFO:root:epoch:5 train_eval_loss-->3.631158,train_acc-->0.159292,test_eval_loss-->13.178770,test_acc===0.259804
INFO:root:epoch:6 train_eval_loss-->3.483037,train_acc-->0.200590,test_eval_loss-->13.165773,test_acc===0.186275
INFO:root:epoch:7 train_eval_loss-->3.501409,train_acc-->0.172566,test_eval_loss-->12.696758,test_acc===0.274510
INFO:root:epoch:8 train_eval_loss-->3.463364,train_acc-->0.162242,test_eval_loss-->13.181208,test_acc===0.181373
INFO:root:epoch:9 train_eval_loss-->3.450844,train_acc-->0.135693,test_eval_loss-->12.806563,test_acc===0.250000
INFO:root:epoch:10 train_eval_loss-->3.260545,train_acc-->0.213864,test_eval_loss-->12.381936,test_acc===0.259804
INFO:root:epoch:11 train_eval_loss-->3.254504,train_acc-->0.228614,test_eval_loss-->12.236139,test_acc===0.323529
INFO:root:epoch:12 train_eval_loss-->3.226327,train_acc-->0.253687,test_eval_loss-->12.188793,test_acc===0.308824
INFO:root:epoch:13 train_eval_loss-->3.204336,train_acc-->0.216814,test_eval_loss-->12.132344,test_acc===0.220588
INFO:root:epoch:14 train_eval_loss-->3.157375,train_acc-->0.296460,test_eval_loss-->13.449115,test_acc===0.044118
INFO:root:epoch:15 train_eval_loss-->3.239647,train_acc-->0.200590,test_eval_loss-->12.218338,test_acc===0.343137
INFO:root:epoch:16 train_eval_loss-->3.175491,train_acc-->0.258112,test_eval_loss-->12.523665,test_acc===0.200980
INFO:root:epoch:17 train_eval_loss-->3.109303,train_acc-->0.269912,test_eval_loss-->11.998453,test_acc===0.279412
INFO:root:epoch:18 train_eval_loss-->3.092508,train_acc-->0.343658,test_eval_loss-->11.792675,test_acc===0.367647
INFO:root:epoch:19 train_eval_loss-->3.082335,train_acc-->0.293510,test_eval_loss-->11.992395,test_acc===0.377451
INFO:root:epoch:20 train_eval_loss-->2.988235,train_acc-->0.402655,test_eval_loss-->11.945373,test_acc===0.323529
INFO:root:epoch:21 train_eval_loss-->2.960310,train_acc-->0.442478,test_eval_loss-->11.597630,test_acc===0.455882
INFO:root:epoch:22 train_eval_loss-->2.925097,train_acc-->0.483776,test_eval_loss-->11.655910,test_acc===0.397059
INFO:root:epoch:23 train_eval_loss-->2.912331,train_acc-->0.507375,test_eval_loss-->12.037005,test_acc===0.333333
INFO:root:epoch:24 train_eval_loss-->2.899993,train_acc-->0.520649,test_eval_loss-->11.764172,test_acc===0.357843
INFO:root:epoch:25 train_eval_loss-->2.875073,train_acc-->0.557522,test_eval_loss-->11.682921,test_acc===0.367647
INFO:root:epoch:26 train_eval_loss-->2.836097,train_acc-->0.620944,test_eval_loss-->11.640777,test_acc===0.470588
INFO:root:epoch:27 train_eval_loss-->2.842580,train_acc-->0.617994,test_eval_loss-->11.480536,test_acc===0.475490
INFO:root:epoch:28 train_eval_loss-->2.822437,train_acc-->0.629794,test_eval_loss-->11.773741,test_acc===0.416667
INFO:root:epoch:29 train_eval_loss-->2.814364,train_acc-->0.628319,test_eval_loss-->11.726993,test_acc===0.377451
INFO:root:epoch:30 train_eval_loss-->2.761786,train_acc-->0.688791,test_eval_loss-->11.512395,test_acc===0.485294
INFO:root:epoch:31 train_eval_loss-->2.728348,train_acc-->0.769912,test_eval_loss-->11.479476,test_acc===0.470588
INFO:root:epoch:32 train_eval_loss-->2.695534,train_acc-->0.793510,test_eval_loss-->11.448593,test_acc===0.509804
INFO:root:epoch:33 train_eval_loss-->2.671876,train_acc-->0.839233,test_eval_loss-->11.370476,test_acc===0.514706
INFO:root:epoch:34 train_eval_loss-->2.659142,train_acc-->0.855457,test_eval_loss-->11.359910,test_acc===0.485294
INFO:root:epoch:35 train_eval_loss-->2.650202,train_acc-->0.858407,test_eval_loss-->11.389256,test_acc===0.490196
INFO:root:epoch:36 train_eval_loss-->2.624463,train_acc-->0.883481,test_eval_loss-->11.336334,test_acc===0.504902
INFO:root:epoch:37 train_eval_loss-->2.612208,train_acc-->0.896755,test_eval_loss-->11.318297,test_acc===0.514706
INFO:root:epoch:38 train_eval_loss-->2.601012,train_acc-->0.901180,test_eval_loss-->11.300879,test_acc===0.524510
INFO:root:epoch:39 train_eval_loss-->2.586098,train_acc-->0.910029,test_eval_loss-->11.335531,test_acc===0.500000
INFO:root:epoch:40 train_eval_loss-->2.572727,train_acc-->0.918879,test_eval_loss-->11.319371,test_acc===0.529412
INFO:root:epoch:41 train_eval_loss-->2.566701,train_acc-->0.921829,test_eval_loss-->11.298654,test_acc===0.534314
INFO:root:epoch:42 train_eval_loss-->2.562620,train_acc-->0.926254,test_eval_loss-->11.358367,test_acc===0.504902
INFO:root:epoch:43 train_eval_loss-->2.550667,train_acc-->0.929204,test_eval_loss-->11.315738,test_acc===0.509804
INFO:root:epoch:44 train_eval_loss-->2.542652,train_acc-->0.930678,test_eval_loss-->11.352752,test_acc===0.509804
INFO:root:epoch:45 train_eval_loss-->2.538537,train_acc-->0.939528,test_eval_loss-->11.330921,test_acc===0.509804
INFO:root:epoch:46 train_eval_loss-->2.534029,train_acc-->0.933628,test_eval_loss-->11.331541,test_acc===0.500000
INFO:root:epoch:47 train_eval_loss-->2.533880,train_acc-->0.936578,test_eval_loss-->11.335954,test_acc===0.509804
INFO:root:epoch:48 train_eval_loss-->2.531335,train_acc-->0.936578,test_eval_loss-->11.329472,test_acc===0.504902
INFO:root:epoch:49 train_eval_loss-->2.530080,train_acc-->0.938053,test_eval_loss-->11.331864,test_acc===0.504902
INFO:root:epoch:50 train_eval_loss-->2.528920,train_acc-->0.939528,test_eval_loss-->11.331664,test_acc===0.500000
INFO:root:epoch:51 train_eval_loss-->2.525323,train_acc-->0.936578,test_eval_loss-->11.339207,test_acc===0.504902
INFO:root:epoch:52 train_eval_loss-->2.530644,train_acc-->0.939528,test_eval_loss-->11.337754,test_acc===0.504902
INFO:root:epoch:53 train_eval_loss-->2.528095,train_acc-->0.939528,test_eval_loss-->11.333103,test_acc===0.509804
INFO:root:epoch:54 train_eval_loss-->2.526511,train_acc-->0.938053,test_eval_loss-->11.331191,test_acc===0.500000
INFO:root:epoch:55 train_eval_loss-->2.536964,train_acc-->0.945428,test_eval_loss-->11.336279,test_acc===0.509804
INFO:root:epoch:56 train_eval_loss-->2.527054,train_acc-->0.938053,test_eval_loss-->11.343149,test_acc===0.495098
INFO:root:epoch:57 train_eval_loss-->2.529276,train_acc-->0.948378,test_eval_loss-->11.339125,test_acc===0.509804
INFO:root:epoch:58 train_eval_loss-->2.531108,train_acc-->0.938053,test_eval_loss-->11.343387,test_acc===0.495098
INFO:root:epoch:59 train_eval_loss-->2.536032,train_acc-->0.945428,test_eval_loss-->11.459297,test_acc===0.504902
INFO:root:epoch:60 train_eval_loss-->2.543774,train_acc-->0.938053,test_eval_loss-->11.371298,test_acc===0.495098
INFO:root:epoch:61 train_eval_loss-->2.559160,train_acc-->0.935103,test_eval_loss-->11.354761,test_acc===0.519608
INFO:root:epoch:62 train_eval_loss-->2.571432,train_acc-->0.933628,test_eval_loss-->11.346940,test_acc===0.495098
INFO:root:epoch:63 train_eval_loss-->2.581394,train_acc-->0.917404,test_eval_loss-->11.468066,test_acc===0.495098
INFO:root:epoch:64 train_eval_loss-->2.585489,train_acc-->0.939528,test_eval_loss-->11.419470,test_acc===0.470588
INFO:root:epoch:65 train_eval_loss-->2.582341,train_acc-->0.924779,test_eval_loss-->11.337020,test_acc===0.514706
INFO:root:epoch:66 train_eval_loss-->2.607532,train_acc-->0.924779,test_eval_loss-->11.534575,test_acc===0.416667
INFO:root:epoch:67 train_eval_loss-->2.636168,train_acc-->0.876106,test_eval_loss-->11.608575,test_acc===0.392157
INFO:root:epoch:68 train_eval_loss-->2.631896,train_acc-->0.889381,test_eval_loss-->11.634115,test_acc===0.431373
INFO:root:epoch:69 train_eval_loss-->2.665025,train_acc-->0.839233,test_eval_loss-->11.492881,test_acc===0.421569
INFO:root:epoch:70 train_eval_loss-->2.631012,train_acc-->0.877581,test_eval_loss-->11.526031,test_acc===0.495098
INFO:root:epoch:71 train_eval_loss-->2.637172,train_acc-->0.873156,test_eval_loss-->11.375932,test_acc===0.480392
INFO:root:epoch:72 train_eval_loss-->2.658496,train_acc-->0.853982,test_eval_loss-->11.622593,test_acc===0.382353
INFO:root:epoch:73 train_eval_loss-->2.654424,train_acc-->0.851032,test_eval_loss-->11.549666,test_acc===0.406863
INFO:root:epoch:74 train_eval_loss-->2.633516,train_acc-->0.879056,test_eval_loss-->12.072447,test_acc===0.289216
INFO:root:epoch:75 train_eval_loss-->2.685500,train_acc-->0.796460,test_eval_loss-->11.457541,test_acc===0.465686
INFO:root:epoch:76 train_eval_loss-->2.689749,train_acc-->0.806785,test_eval_loss-->11.625380,test_acc===0.401961
INFO:root:epoch:77 train_eval_loss-->2.701103,train_acc-->0.790560,test_eval_loss-->11.698833,test_acc===0.392157
INFO:root:epoch:78 train_eval_loss-->2.738770,train_acc-->0.725664,test_eval_loss-->12.250802,test_acc===0.235294
INFO:root:epoch:79 train_eval_loss-->2.791455,train_acc-->0.650442,test_eval_loss-->11.534188,test_acc===0.470588
INFO:root:epoch:80 train_eval_loss-->2.699901,train_acc-->0.787611,test_eval_loss-->11.472727,test_acc===0.436275
INFO:root:epoch:81 train_eval_loss-->2.688148,train_acc-->0.794985,test_eval_loss-->11.463888,test_acc===0.480392
INFO:root:epoch:82 train_eval_loss-->2.709625,train_acc-->0.766962,test_eval_loss-->11.548837,test_acc===0.431373
INFO:root:epoch:83 train_eval_loss-->2.718711,train_acc-->0.756637,test_eval_loss-->11.760755,test_acc===0.382353
INFO:root:epoch:84 train_eval_loss-->2.759718,train_acc-->0.735988,test_eval_loss-->11.568037,test_acc===0.436275
INFO:root:epoch:85 train_eval_loss-->2.671034,train_acc-->0.846608,test_eval_loss-->11.707471,test_acc===0.377451
INFO:root:epoch:86 train_eval_loss-->2.701727,train_acc-->0.774336,test_eval_loss-->11.727194,test_acc===0.392157
INFO:root:epoch:87 train_eval_loss-->2.753444,train_acc-->0.668142,test_eval_loss-->11.524385,test_acc===0.416667
INFO:root:epoch:88 train_eval_loss-->2.771362,train_acc-->0.644543,test_eval_loss-->12.173072,test_acc===0.171569
INFO:root:epoch:89 train_eval_loss-->2.842210,train_acc-->0.501475,test_eval_loss-->11.608564,test_acc===0.431373
INFO:root:epoch:90 train_eval_loss-->2.769147,train_acc-->0.651917,test_eval_loss-->11.768209,test_acc===0.323529
INFO:root:epoch:91 train_eval_loss-->2.707156,train_acc-->0.771386,test_eval_loss-->11.401864,test_acc===0.446078
INFO:root:epoch:92 train_eval_loss-->2.691219,train_acc-->0.783186,test_eval_loss-->11.750352,test_acc===0.382353
INFO:root:epoch:93 train_eval_loss-->2.718252,train_acc-->0.734513,test_eval_loss-->11.565058,test_acc===0.441176
INFO:root:epoch:94 train_eval_loss-->2.707183,train_acc-->0.769912,test_eval_loss-->11.595523,test_acc===0.401961
INFO:root:epoch:95 train_eval_loss-->2.685355,train_acc-->0.792035,test_eval_loss-->11.669536,test_acc===0.416667
INFO:root:epoch:96 train_eval_loss-->2.697067,train_acc-->0.778761,test_eval_loss-->11.454991,test_acc===0.475490
INFO:root:epoch:97 train_eval_loss-->2.655484,train_acc-->0.856932,test_eval_loss-->11.559591,test_acc===0.421569
INFO:root:epoch:98 train_eval_loss-->2.656480,train_acc-->0.817109,test_eval_loss-->11.392617,test_acc===0.524510
INFO:root:epoch:99 train_eval_loss-->2.644051,train_acc-->0.862832,test_eval_loss-->11.513533,test_acc===0.475490
INFO:root:epoch:100 train_eval_loss-->2.690956,train_acc-->0.766962,test_eval_loss-->11.990842,test_acc===0.245098
INFO:root:epoch:101 train_eval_loss-->2.819285,train_acc-->0.535398,test_eval_loss-->11.761267,test_acc===0.377451
INFO:root:epoch:102 train_eval_loss-->2.660159,train_acc-->0.853982,test_eval_loss-->11.402940,test_acc===0.500000
INFO:root:epoch:103 train_eval_loss-->2.625663,train_acc-->0.874631,test_eval_loss-->11.629675,test_acc===0.401961
INFO:root:epoch:104 train_eval_loss-->2.644357,train_acc-->0.859882,test_eval_loss-->11.425488,test_acc===0.500000
INFO:root:epoch:105 train_eval_loss-->2.622517,train_acc-->0.870206,test_eval_loss-->11.661114,test_acc===0.397059
INFO:root:epoch:106 train_eval_loss-->2.635166,train_acc-->0.859882,test_eval_loss-->11.936052,test_acc===0.240196
INFO:root:epoch:107 train_eval_loss-->2.655993,train_acc-->0.808260,test_eval_loss-->11.531454,test_acc===0.455882
INFO:root:epoch:108 train_eval_loss-->2.625459,train_acc-->0.853982,test_eval_loss-->11.529384,test_acc===0.436275
INFO:root:epoch:109 train_eval_loss-->2.609730,train_acc-->0.901180,test_eval_loss-->11.444727,test_acc===0.465686
INFO:root:epoch:110 train_eval_loss-->2.592905,train_acc-->0.915929,test_eval_loss-->11.425649,test_acc===0.455882
INFO:root:epoch:111 train_eval_loss-->2.591445,train_acc-->0.920354,test_eval_loss-->11.437377,test_acc===0.480392
INFO:root:epoch:112 train_eval_loss-->2.630254,train_acc-->0.883481,test_eval_loss-->11.476536,test_acc===0.465686
INFO:root:epoch:113 train_eval_loss-->2.573517,train_acc-->0.945428,test_eval_loss-->11.362355,test_acc===0.475490
INFO:root:epoch:114 train_eval_loss-->2.553871,train_acc-->0.960177,test_eval_loss-->11.255681,test_acc===0.514706
INFO:root:epoch:115 train_eval_loss-->2.564585,train_acc-->0.963127,test_eval_loss-->11.342762,test_acc===0.441176
INFO:root:epoch:116 train_eval_loss-->2.544850,train_acc-->0.969027,test_eval_loss-->11.471399,test_acc===0.446078
INFO:root:epoch:117 train_eval_loss-->2.544094,train_acc-->0.970501,test_eval_loss-->11.310871,test_acc===0.524510
INFO:root:epoch:118 train_eval_loss-->2.512954,train_acc-->0.980826,test_eval_loss-->11.349279,test_acc===0.490196
INFO:root:epoch:119 train_eval_loss-->2.498558,train_acc-->0.992625,test_eval_loss-->11.466795,test_acc===0.470588
INFO:root:epoch:120 train_eval_loss-->2.507014,train_acc-->0.985251,test_eval_loss-->11.357483,test_acc===0.490196
INFO:root:epoch:121 train_eval_loss-->2.505804,train_acc-->0.991150,test_eval_loss-->11.262705,test_acc===0.524510
INFO:root:epoch:122 train_eval_loss-->2.481363,train_acc-->0.994100,test_eval_loss-->11.224274,test_acc===0.509804
INFO:root:epoch:123 train_eval_loss-->2.466884,train_acc-->0.997050,test_eval_loss-->11.293727,test_acc===0.504902
INFO:root:epoch:124 train_eval_loss-->2.486724,train_acc-->0.997050,test_eval_loss-->11.232947,test_acc===0.549020
INFO:root:epoch:125 train_eval_loss-->2.470764,train_acc-->0.997050,test_eval_loss-->11.212931,test_acc===0.549020
INFO:root:epoch:126 train_eval_loss-->2.453957,train_acc-->0.991150,test_eval_loss-->11.260013,test_acc===0.549020
INFO:root:epoch:127 train_eval_loss-->2.452882,train_acc-->0.991150,test_eval_loss-->11.204796,test_acc===0.534314
INFO:root:epoch:128 train_eval_loss-->2.449917,train_acc-->0.998525,test_eval_loss-->11.216379,test_acc===0.534314
INFO:root:epoch:129 train_eval_loss-->2.448465,train_acc-->1.000000,test_eval_loss-->11.255728,test_acc===0.553922
INFO:root:epoch:130 train_eval_loss-->2.426636,train_acc-->0.998525,test_eval_loss-->11.220936,test_acc===0.549020
INFO:root:epoch:131 train_eval_loss-->2.413667,train_acc-->1.000000,test_eval_loss-->11.213002,test_acc===0.549020
INFO:root:epoch:132 train_eval_loss-->2.407243,train_acc-->0.997050,test_eval_loss-->11.170783,test_acc===0.539216
INFO:root:epoch:133 train_eval_loss-->2.399177,train_acc-->1.000000,test_eval_loss-->11.187461,test_acc===0.549020
INFO:root:epoch:134 train_eval_loss-->2.383568,train_acc-->0.998525,test_eval_loss-->11.180640,test_acc===0.539216
INFO:root:epoch:135 train_eval_loss-->2.385781,train_acc-->1.000000,test_eval_loss-->11.169497,test_acc===0.553922
INFO:root:epoch:136 train_eval_loss-->2.382204,train_acc-->1.000000,test_eval_loss-->11.172005,test_acc===0.558824
INFO:root:epoch:137 train_eval_loss-->2.369611,train_acc-->1.000000,test_eval_loss-->11.185530,test_acc===0.553922
INFO:root:epoch:138 train_eval_loss-->2.362823,train_acc-->1.000000,test_eval_loss-->11.192429,test_acc===0.553922
INFO:root:epoch:139 train_eval_loss-->2.356657,train_acc-->1.000000,test_eval_loss-->11.166813,test_acc===0.553922
INFO:root:epoch:140 train_eval_loss-->2.353856,train_acc-->1.000000,test_eval_loss-->11.163632,test_acc===0.563725
INFO:root:epoch:141 train_eval_loss-->2.349244,train_acc-->1.000000,test_eval_loss-->11.175011,test_acc===0.553922
INFO:root:epoch:142 train_eval_loss-->2.346547,train_acc-->1.000000,test_eval_loss-->11.172816,test_acc===0.553922
INFO:root:epoch:143 train_eval_loss-->2.342834,train_acc-->1.000000,test_eval_loss-->11.163764,test_acc===0.568627
INFO:root:epoch:144 train_eval_loss-->2.338755,train_acc-->1.000000,test_eval_loss-->11.173631,test_acc===0.549020
INFO:root:epoch:145 train_eval_loss-->2.336212,train_acc-->1.000000,test_eval_loss-->11.172248,test_acc===0.549020
INFO:root:epoch:146 train_eval_loss-->2.334738,train_acc-->1.000000,test_eval_loss-->11.164779,test_acc===0.563725
INFO:root:epoch:147 train_eval_loss-->2.332366,train_acc-->1.000000,test_eval_loss-->11.170257,test_acc===0.558824
INFO:root:epoch:148 train_eval_loss-->2.332580,train_acc-->1.000000,test_eval_loss-->11.168142,test_acc===0.553922
INFO:root:epoch:149 train_eval_loss-->2.332044,train_acc-->1.000000,test_eval_loss-->11.169951,test_acc===0.558824
INFO:root:epoch:150 train_eval_loss-->2.331463,train_acc-->1.000000,test_eval_loss-->11.168428,test_acc===0.563725
INFO:root:epoch:151 train_eval_loss-->2.331528,train_acc-->1.000000,test_eval_loss-->11.169085,test_acc===0.558824
INFO:root:epoch:152 train_eval_loss-->2.330336,train_acc-->1.000000,test_eval_loss-->11.169469,test_acc===0.558824
INFO:root:epoch:153 train_eval_loss-->2.330415,train_acc-->1.000000,test_eval_loss-->11.170281,test_acc===0.563725
INFO:root:epoch:154 train_eval_loss-->2.331618,train_acc-->1.000000,test_eval_loss-->11.170170,test_acc===0.563725
INFO:root:epoch:155 train_eval_loss-->2.331774,train_acc-->1.000000,test_eval_loss-->11.174709,test_acc===0.558824
INFO:root:epoch:156 train_eval_loss-->2.333158,train_acc-->1.000000,test_eval_loss-->11.170006,test_acc===0.558824
INFO:root:epoch:157 train_eval_loss-->2.332812,train_acc-->1.000000,test_eval_loss-->11.172703,test_acc===0.553922
INFO:root:epoch:158 train_eval_loss-->2.335816,train_acc-->1.000000,test_eval_loss-->11.174850,test_acc===0.563725
INFO:root:epoch:159 train_eval_loss-->2.336041,train_acc-->1.000000,test_eval_loss-->11.181594,test_acc===0.558824
INFO:root:epoch:160 train_eval_loss-->2.339955,train_acc-->1.000000,test_eval_loss-->11.170573,test_acc===0.568627
INFO:root:epoch:161 train_eval_loss-->2.345393,train_acc-->1.000000,test_eval_loss-->11.183424,test_acc===0.558824
INFO:root:epoch:162 train_eval_loss-->2.352492,train_acc-->1.000000,test_eval_loss-->11.177023,test_acc===0.563725
INFO:root:epoch:163 train_eval_loss-->2.359086,train_acc-->1.000000,test_eval_loss-->11.181914,test_acc===0.568627
INFO:root:epoch:164 train_eval_loss-->2.365102,train_acc-->1.000000,test_eval_loss-->11.211457,test_acc===0.549020
INFO:root:epoch:165 train_eval_loss-->2.375771,train_acc-->1.000000,test_eval_loss-->11.184077,test_acc===0.563725
INFO:root:epoch:166 train_eval_loss-->2.384358,train_acc-->1.000000,test_eval_loss-->11.166750,test_acc===0.563725
INFO:root:epoch:167 train_eval_loss-->2.383582,train_acc-->1.000000,test_eval_loss-->11.226711,test_acc===0.524510
INFO:root:epoch:168 train_eval_loss-->2.403506,train_acc-->1.000000,test_eval_loss-->11.207313,test_acc===0.544118
INFO:root:epoch:169 train_eval_loss-->2.408453,train_acc-->0.997050,test_eval_loss-->11.277516,test_acc===0.524510
INFO:root:epoch:170 train_eval_loss-->2.415901,train_acc-->1.000000,test_eval_loss-->11.285384,test_acc===0.509804
INFO:root:epoch:171 train_eval_loss-->2.437803,train_acc-->1.000000,test_eval_loss-->11.232708,test_acc===0.514706
INFO:root:epoch:172 train_eval_loss-->2.452619,train_acc-->0.988201,test_eval_loss-->11.251252,test_acc===0.529412
INFO:root:epoch:173 train_eval_loss-->2.445516,train_acc-->1.000000,test_eval_loss-->11.227583,test_acc===0.519608
INFO:root:epoch:174 train_eval_loss-->2.467835,train_acc-->0.998525,test_eval_loss-->11.257069,test_acc===0.563725
INFO:root:epoch:175 train_eval_loss-->2.463690,train_acc-->0.988201,test_eval_loss-->11.286854,test_acc===0.524510
INFO:root:epoch:176 train_eval_loss-->2.460455,train_acc-->0.980826,test_eval_loss-->11.232093,test_acc===0.558824
INFO:root:epoch:177 train_eval_loss-->2.483419,train_acc-->0.986726,test_eval_loss-->11.342250,test_acc===0.495098
INFO:root:epoch:178 train_eval_loss-->2.506071,train_acc-->0.989676,test_eval_loss-->11.268834,test_acc===0.504902
INFO:root:epoch:179 train_eval_loss-->2.514833,train_acc-->0.976401,test_eval_loss-->11.228574,test_acc===0.519608
INFO:root:epoch:180 train_eval_loss-->2.513710,train_acc-->0.988201,test_eval_loss-->11.299686,test_acc===0.495098
INFO:root:epoch:181 train_eval_loss-->2.523924,train_acc-->0.989676,test_eval_loss-->11.405375,test_acc===0.485294
INFO:root:epoch:182 train_eval_loss-->2.570562,train_acc-->0.943953,test_eval_loss-->11.324616,test_acc===0.519608
INFO:root:epoch:183 train_eval_loss-->2.525204,train_acc-->0.971976,test_eval_loss-->11.230252,test_acc===0.539216
INFO:root:epoch:184 train_eval_loss-->2.581620,train_acc-->0.905605,test_eval_loss-->11.332499,test_acc===0.500000
INFO:root:epoch:185 train_eval_loss-->2.554287,train_acc-->0.949853,test_eval_loss-->11.241955,test_acc===0.514706
INFO:root:epoch:186 train_eval_loss-->2.553746,train_acc-->0.966077,test_eval_loss-->11.330456,test_acc===0.495098
INFO:root:epoch:187 train_eval_loss-->2.543203,train_acc-->0.961652,test_eval_loss-->11.263134,test_acc===0.514706
INFO:root:epoch:188 train_eval_loss-->2.558924,train_acc-->0.938053,test_eval_loss-->11.194018,test_acc===0.514706
INFO:root:epoch:189 train_eval_loss-->2.589486,train_acc-->0.912979,test_eval_loss-->11.445618,test_acc===0.495098
INFO:root:epoch:190 train_eval_loss-->2.627895,train_acc-->0.862832,test_eval_loss-->11.404200,test_acc===0.441176
INFO:root:epoch:191 train_eval_loss-->2.613731,train_acc-->0.905605,test_eval_loss-->11.298541,test_acc===0.485294
INFO:root:epoch:192 train_eval_loss-->2.588349,train_acc-->0.933628,test_eval_loss-->11.341370,test_acc===0.460784
INFO:root:epoch:193 train_eval_loss-->2.551792,train_acc-->0.961652,test_eval_loss-->11.455946,test_acc===0.421569
INFO:root:epoch:194 train_eval_loss-->2.574281,train_acc-->0.914454,test_eval_loss-->11.368135,test_acc===0.450980
INFO:root:epoch:195 train_eval_loss-->2.621297,train_acc-->0.839233,test_eval_loss-->11.270232,test_acc===0.514706
INFO:root:epoch:196 train_eval_loss-->2.554740,train_acc-->0.954277,test_eval_loss-->11.343860,test_acc===0.490196
INFO:root:epoch:197 train_eval_loss-->2.577621,train_acc-->0.938053,test_eval_loss-->11.468138,test_acc===0.460784
INFO:root:epoch:198 train_eval_loss-->2.622839,train_acc-->0.884956,test_eval_loss-->11.204851,test_acc===0.514706
INFO:root:epoch:199 train_eval_loss-->2.605099,train_acc-->0.910029,test_eval_loss-->11.417069,test_acc===0.470588
INFO:root:epoch:200 train_eval_loss-->2.557133,train_acc-->0.939528,test_eval_loss-->11.433789,test_acc===0.465686
INFO:root:epoch:201 train_eval_loss-->2.619042,train_acc-->0.868732,test_eval_loss-->11.337263,test_acc===0.495098
INFO:root:epoch:202 train_eval_loss-->2.662354,train_acc-->0.792035,test_eval_loss-->11.314260,test_acc===0.504902
INFO:root:epoch:203 train_eval_loss-->2.574805,train_acc-->0.917404,test_eval_loss-->11.269309,test_acc===0.544118
INFO:root:epoch:204 train_eval_loss-->2.537723,train_acc-->0.954277,test_eval_loss-->11.387855,test_acc===0.460784
INFO:root:epoch:205 train_eval_loss-->2.538971,train_acc-->0.955752,test_eval_loss-->11.270519,test_acc===0.514706
INFO:root:epoch:206 train_eval_loss-->2.522972,train_acc-->0.955752,test_eval_loss-->11.215749,test_acc===0.500000
INFO:root:epoch:207 train_eval_loss-->2.517393,train_acc-->0.976401,test_eval_loss-->11.291595,test_acc===0.519608
INFO:root:epoch:208 train_eval_loss-->2.523147,train_acc-->0.970501,test_eval_loss-->11.314469,test_acc===0.524510
INFO:root:epoch:209 train_eval_loss-->2.514237,train_acc-->0.976401,test_eval_loss-->11.233408,test_acc===0.504902
INFO:root:epoch:210 train_eval_loss-->2.493517,train_acc-->0.985251,test_eval_loss-->11.259409,test_acc===0.524510
INFO:root:epoch:211 train_eval_loss-->2.495615,train_acc-->0.994100,test_eval_loss-->11.350471,test_acc===0.475490
INFO:root:epoch:212 train_eval_loss-->2.499514,train_acc-->0.989676,test_eval_loss-->11.412704,test_acc===0.455882
INFO:root:epoch:213 train_eval_loss-->2.523639,train_acc-->0.980826,test_eval_loss-->11.170962,test_acc===0.544118
INFO:root:epoch:214 train_eval_loss-->2.487445,train_acc-->0.971976,test_eval_loss-->11.267241,test_acc===0.485294
INFO:root:epoch:215 train_eval_loss-->2.483610,train_acc-->0.971976,test_eval_loss-->11.357985,test_acc===0.495098
INFO:root:epoch:216 train_eval_loss-->2.474156,train_acc-->0.985251,test_eval_loss-->11.158552,test_acc===0.558824
INFO:root:epoch:217 train_eval_loss-->2.452777,train_acc-->0.989676,test_eval_loss-->11.168036,test_acc===0.539216
INFO:root:epoch:218 train_eval_loss-->2.455587,train_acc-->0.983776,test_eval_loss-->11.224710,test_acc===0.544118
INFO:root:epoch:219 train_eval_loss-->2.444841,train_acc-->1.000000,test_eval_loss-->11.147282,test_acc===0.563725
INFO:root:epoch:220 train_eval_loss-->2.424563,train_acc-->0.995575,test_eval_loss-->11.149069,test_acc===0.568627
INFO:root:epoch:221 train_eval_loss-->2.420170,train_acc-->1.000000,test_eval_loss-->11.165295,test_acc===0.558824
INFO:root:epoch:222 train_eval_loss-->2.431024,train_acc-->0.998525,test_eval_loss-->11.201194,test_acc===0.568627
INFO:root:epoch:223 train_eval_loss-->2.428106,train_acc-->1.000000,test_eval_loss-->11.053544,test_acc===0.578431
INFO:root:epoch:224 train_eval_loss-->2.407029,train_acc-->0.997050,test_eval_loss-->11.120891,test_acc===0.573529
INFO:root:epoch:225 train_eval_loss-->2.403153,train_acc-->1.000000,test_eval_loss-->11.128911,test_acc===0.568627
INFO:root:epoch:226 train_eval_loss-->2.397740,train_acc-->0.994100,test_eval_loss-->11.139291,test_acc===0.568627
INFO:root:epoch:227 train_eval_loss-->2.388039,train_acc-->1.000000,test_eval_loss-->11.073933,test_acc===0.578431
INFO:root:epoch:228 train_eval_loss-->2.403297,train_acc-->1.000000,test_eval_loss-->11.118089,test_acc===0.578431
INFO:root:epoch:229 train_eval_loss-->2.383851,train_acc-->1.000000,test_eval_loss-->11.090231,test_acc===0.573529
INFO:root:epoch:230 train_eval_loss-->2.368097,train_acc-->1.000000,test_eval_loss-->11.142313,test_acc===0.563725
INFO:root:epoch:231 train_eval_loss-->2.363864,train_acc-->1.000000,test_eval_loss-->11.112537,test_acc===0.578431
INFO:root:epoch:232 train_eval_loss-->2.350384,train_acc-->1.000000,test_eval_loss-->11.095276,test_acc===0.588235
INFO:root:epoch:233 train_eval_loss-->2.340998,train_acc-->1.000000,test_eval_loss-->11.087343,test_acc===0.593137
INFO:root:epoch:234 train_eval_loss-->2.340500,train_acc-->1.000000,test_eval_loss-->11.076116,test_acc===0.598039
INFO:root:epoch:235 train_eval_loss-->2.335065,train_acc-->1.000000,test_eval_loss-->11.091892,test_acc===0.588235
INFO:root:epoch:236 train_eval_loss-->2.334456,train_acc-->1.000000,test_eval_loss-->11.077982,test_acc===0.593137
INFO:root:epoch:237 train_eval_loss-->2.325251,train_acc-->1.000000,test_eval_loss-->11.089471,test_acc===0.578431
INFO:root:epoch:238 train_eval_loss-->2.323171,train_acc-->1.000000,test_eval_loss-->11.074897,test_acc===0.578431
INFO:root:epoch:239 train_eval_loss-->2.317211,train_acc-->1.000000,test_eval_loss-->11.081287,test_acc===0.573529
INFO:root:epoch:240 train_eval_loss-->2.312241,train_acc-->1.000000,test_eval_loss-->11.063972,test_acc===0.588235
INFO:root:epoch:241 train_eval_loss-->2.307021,train_acc-->1.000000,test_eval_loss-->11.085852,test_acc===0.583333
INFO:root:epoch:242 train_eval_loss-->2.304306,train_acc-->1.000000,test_eval_loss-->11.074138,test_acc===0.588235
INFO:root:epoch:243 train_eval_loss-->2.303025,train_acc-->1.000000,test_eval_loss-->11.083062,test_acc===0.588235
INFO:root:epoch:244 train_eval_loss-->2.299355,train_acc-->1.000000,test_eval_loss-->11.074377,test_acc===0.598039
INFO:root:epoch:245 train_eval_loss-->2.297017,train_acc-->1.000000,test_eval_loss-->11.079382,test_acc===0.588235
INFO:root:epoch:246 train_eval_loss-->2.295748,train_acc-->1.000000,test_eval_loss-->11.076878,test_acc===0.588235
INFO:root:epoch:247 train_eval_loss-->2.295250,train_acc-->1.000000,test_eval_loss-->11.077508,test_acc===0.588235
INFO:root:epoch:248 train_eval_loss-->2.294080,train_acc-->1.000000,test_eval_loss-->11.079298,test_acc===0.588235
INFO:root:epoch:249 train_eval_loss-->2.292964,train_acc-->1.000000,test_eval_loss-->11.077893,test_acc===0.588235
INFO:root:epoch:250 train_eval_loss-->2.293263,train_acc-->1.000000,test_eval_loss-->11.077407,test_acc===0.588235
INFO:root:epoch:251 train_eval_loss-->2.292928,train_acc-->1.000000,test_eval_loss-->11.078777,test_acc===0.588235
INFO:root:epoch:252 train_eval_loss-->2.293023,train_acc-->1.000000,test_eval_loss-->11.078190,test_acc===0.588235
INFO:root:epoch:253 train_eval_loss-->2.293245,train_acc-->1.000000,test_eval_loss-->11.077679,test_acc===0.588235
INFO:root:epoch:254 train_eval_loss-->2.293112,train_acc-->1.000000,test_eval_loss-->11.076795,test_acc===0.588235
INFO:root:epoch:255 train_eval_loss-->2.294068,train_acc-->1.000000,test_eval_loss-->11.078516,test_acc===0.588235
INFO:root:epoch:256 train_eval_loss-->2.295497,train_acc-->1.000000,test_eval_loss-->11.078321,test_acc===0.593137
INFO:root:epoch:257 train_eval_loss-->2.295992,train_acc-->1.000000,test_eval_loss-->11.074860,test_acc===0.588235
INFO:root:epoch:258 train_eval_loss-->2.299830,train_acc-->1.000000,test_eval_loss-->11.076749,test_acc===0.588235
INFO:root:epoch:259 train_eval_loss-->2.300803,train_acc-->1.000000,test_eval_loss-->11.078634,test_acc===0.593137
INFO:root:epoch:260 train_eval_loss-->2.304915,train_acc-->1.000000,test_eval_loss-->11.083569,test_acc===0.588235
INFO:root:epoch:261 train_eval_loss-->2.309488,train_acc-->1.000000,test_eval_loss-->11.064248,test_acc===0.588235
INFO:root:epoch:262 train_eval_loss-->2.315162,train_acc-->1.000000,test_eval_loss-->11.092463,test_acc===0.588235
INFO:root:epoch:263 train_eval_loss-->2.322979,train_acc-->1.000000,test_eval_loss-->11.088885,test_acc===0.593137
INFO:root:epoch:264 train_eval_loss-->2.329075,train_acc-->1.000000,test_eval_loss-->11.102367,test_acc===0.573529
INFO:root:epoch:265 train_eval_loss-->2.331315,train_acc-->1.000000,test_eval_loss-->11.086006,test_acc===0.583333
INFO:root:epoch:266 train_eval_loss-->2.337166,train_acc-->1.000000,test_eval_loss-->11.084875,test_acc===0.578431
INFO:root:epoch:267 train_eval_loss-->2.348076,train_acc-->1.000000,test_eval_loss-->11.141007,test_acc===0.568627
INFO:root:epoch:268 train_eval_loss-->2.375451,train_acc-->0.997050,test_eval_loss-->11.096095,test_acc===0.553922
INFO:root:epoch:269 train_eval_loss-->2.377518,train_acc-->1.000000,test_eval_loss-->11.085372,test_acc===0.588235
INFO:root:epoch:270 train_eval_loss-->2.367377,train_acc-->1.000000,test_eval_loss-->11.104998,test_acc===0.583333
INFO:root:epoch:271 train_eval_loss-->2.375934,train_acc-->1.000000,test_eval_loss-->11.060223,test_acc===0.598039
INFO:root:epoch:272 train_eval_loss-->2.387636,train_acc-->1.000000,test_eval_loss-->11.139708,test_acc===0.553922
INFO:root:epoch:273 train_eval_loss-->2.397200,train_acc-->0.998525,test_eval_loss-->11.124054,test_acc===0.568627
INFO:root:epoch:274 train_eval_loss-->2.406213,train_acc-->1.000000,test_eval_loss-->11.124022,test_acc===0.568627
INFO:root:epoch:275 train_eval_loss-->2.415584,train_acc-->0.995575,test_eval_loss-->11.082235,test_acc===0.588235
INFO:root:epoch:276 train_eval_loss-->2.418101,train_acc-->1.000000,test_eval_loss-->11.155863,test_acc===0.563725
INFO:root:epoch:277 train_eval_loss-->2.448228,train_acc-->0.992625,test_eval_loss-->11.152472,test_acc===0.534314
INFO:root:epoch:278 train_eval_loss-->2.462153,train_acc-->0.994100,test_eval_loss-->11.129335,test_acc===0.573529
INFO:root:epoch:279 train_eval_loss-->2.452517,train_acc-->0.998525,test_eval_loss-->11.370920,test_acc===0.475490
INFO:root:epoch:280 train_eval_loss-->2.531906,train_acc-->0.973451,test_eval_loss-->11.210040,test_acc===0.529412
INFO:root:epoch:281 train_eval_loss-->2.535333,train_acc-->0.963127,test_eval_loss-->11.201207,test_acc===0.539216
INFO:root:epoch:282 train_eval_loss-->2.452644,train_acc-->0.991150,test_eval_loss-->11.261738,test_acc===0.495098
INFO:root:epoch:283 train_eval_loss-->2.481339,train_acc-->0.991150,test_eval_loss-->11.298370,test_acc===0.490196
INFO:root:epoch:284 train_eval_loss-->2.512160,train_acc-->0.983776,test_eval_loss-->11.264750,test_acc===0.549020
INFO:root:epoch:285 train_eval_loss-->2.528422,train_acc-->0.976401,test_eval_loss-->11.197311,test_acc===0.549020
INFO:root:epoch:286 train_eval_loss-->2.523388,train_acc-->0.973451,test_eval_loss-->11.231672,test_acc===0.544118
INFO:root:epoch:287 train_eval_loss-->2.501121,train_acc-->0.992625,test_eval_loss-->11.137093,test_acc===0.534314
INFO:root:epoch:288 train_eval_loss-->2.463506,train_acc-->0.997050,test_eval_loss-->11.206648,test_acc===0.539216
INFO:root:epoch:289 train_eval_loss-->2.468713,train_acc-->0.991150,test_eval_loss-->11.212697,test_acc===0.509804
INFO:root:epoch:290 train_eval_loss-->2.509095,train_acc-->0.979351,test_eval_loss-->11.447779,test_acc===0.431373
INFO:root:epoch:291 train_eval_loss-->2.579819,train_acc-->0.915929,test_eval_loss-->11.268691,test_acc===0.495098
INFO:root:epoch:292 train_eval_loss-->2.578077,train_acc-->0.926254,test_eval_loss-->11.682403,test_acc===0.323529
INFO:root:epoch:293 train_eval_loss-->2.614678,train_acc-->0.886431,test_eval_loss-->11.823704,test_acc===0.245098
INFO:root:epoch:294 train_eval_loss-->2.572751,train_acc-->0.892330,test_eval_loss-->11.413086,test_acc===0.441176
INFO:root:epoch:295 train_eval_loss-->2.518015,train_acc-->0.958702,test_eval_loss-->11.327039,test_acc===0.519608
INFO:root:epoch:296 train_eval_loss-->2.524798,train_acc-->0.982301,test_eval_loss-->11.172394,test_acc===0.544118
INFO:root:epoch:297 train_eval_loss-->2.543740,train_acc-->0.941003,test_eval_loss-->11.380291,test_acc===0.470588
INFO:root:epoch:298 train_eval_loss-->2.573100,train_acc-->0.908555,test_eval_loss-->11.228031,test_acc===0.500000
INFO:root:epoch:299 train_eval_loss-->2.530853,train_acc-->0.954277,test_eval_loss-->11.282225,test_acc===0.490196
INFO:root:epoch:300 train_eval_loss-->2.491181,train_acc-->0.991150,test_eval_loss-->11.126457,test_acc===0.539216
INFO:root:epoch:301 train_eval_loss-->2.527368,train_acc-->0.963127,test_eval_loss-->11.374787,test_acc===0.421569
INFO:root:epoch:302 train_eval_loss-->2.579210,train_acc-->0.852507,test_eval_loss-->11.245347,test_acc===0.558824
INFO:root:epoch:303 train_eval_loss-->2.501451,train_acc-->0.980826,test_eval_loss-->11.274405,test_acc===0.514706
INFO:root:epoch:304 train_eval_loss-->2.508103,train_acc-->0.988201,test_eval_loss-->11.231654,test_acc===0.500000
INFO:root:epoch:305 train_eval_loss-->2.497030,train_acc-->0.986726,test_eval_loss-->11.188683,test_acc===0.549020
INFO:root:epoch:306 train_eval_loss-->2.483734,train_acc-->0.977876,test_eval_loss-->11.155022,test_acc===0.549020
INFO:root:epoch:307 train_eval_loss-->2.451269,train_acc-->0.994100,test_eval_loss-->11.221405,test_acc===0.558824
INFO:root:epoch:308 train_eval_loss-->2.457309,train_acc-->0.995575,test_eval_loss-->11.153949,test_acc===0.553922
INFO:root:epoch:309 train_eval_loss-->2.465300,train_acc-->0.985251,test_eval_loss-->11.208249,test_acc===0.553922
INFO:root:epoch:310 train_eval_loss-->2.445527,train_acc-->0.997050,test_eval_loss-->11.188849,test_acc===0.534314
INFO:root:epoch:311 train_eval_loss-->2.445073,train_acc-->0.998525,test_eval_loss-->11.201991,test_acc===0.563725
INFO:root:epoch:312 train_eval_loss-->2.461461,train_acc-->0.986726,test_eval_loss-->11.189822,test_acc===0.558824
INFO:root:epoch:313 train_eval_loss-->2.450089,train_acc-->0.992625,test_eval_loss-->11.196178,test_acc===0.524510
INFO:root:epoch:314 train_eval_loss-->2.457476,train_acc-->0.992625,test_eval_loss-->11.207105,test_acc===0.534314
INFO:root:epoch:315 train_eval_loss-->2.442730,train_acc-->0.998525,test_eval_loss-->11.200151,test_acc===0.529412
INFO:root:epoch:316 train_eval_loss-->2.435589,train_acc-->0.997050,test_eval_loss-->11.230697,test_acc===0.549020
INFO:root:epoch:317 train_eval_loss-->2.422218,train_acc-->0.998525,test_eval_loss-->11.058130,test_acc===0.563725
INFO:root:epoch:318 train_eval_loss-->2.424698,train_acc-->0.986726,test_eval_loss-->11.122140,test_acc===0.563725
INFO:root:epoch:319 train_eval_loss-->2.422550,train_acc-->1.000000,test_eval_loss-->11.159610,test_acc===0.563725
INFO:root:epoch:320 train_eval_loss-->2.432854,train_acc-->0.997050,test_eval_loss-->11.180751,test_acc===0.544118
INFO:root:epoch:321 train_eval_loss-->2.411319,train_acc-->0.994100,test_eval_loss-->11.179272,test_acc===0.529412
INFO:root:epoch:322 train_eval_loss-->2.397871,train_acc-->0.998525,test_eval_loss-->11.142591,test_acc===0.568627
INFO:root:epoch:323 train_eval_loss-->2.382246,train_acc-->0.998525,test_eval_loss-->11.097400,test_acc===0.573529
INFO:root:epoch:324 train_eval_loss-->2.373217,train_acc-->1.000000,test_eval_loss-->11.082571,test_acc===0.588235
INFO:root:epoch:325 train_eval_loss-->2.370790,train_acc-->0.997050,test_eval_loss-->11.090618,test_acc===0.583333
INFO:root:epoch:326 train_eval_loss-->2.365104,train_acc-->1.000000,test_eval_loss-->11.129312,test_acc===0.558824
INFO:root:epoch:327 train_eval_loss-->2.376478,train_acc-->1.000000,test_eval_loss-->11.124614,test_acc===0.588235
INFO:root:epoch:328 train_eval_loss-->2.363604,train_acc-->1.000000,test_eval_loss-->11.097041,test_acc===0.553922
INFO:root:epoch:329 train_eval_loss-->2.351872,train_acc-->1.000000,test_eval_loss-->11.102994,test_acc===0.568627
INFO:root:epoch:330 train_eval_loss-->2.356738,train_acc-->1.000000,test_eval_loss-->11.061428,test_acc===0.573529
INFO:root:epoch:331 train_eval_loss-->2.351359,train_acc-->1.000000,test_eval_loss-->11.082836,test_acc===0.578431
INFO:root:epoch:332 train_eval_loss-->2.327411,train_acc-->1.000000,test_eval_loss-->11.078414,test_acc===0.563725
INFO:root:epoch:333 train_eval_loss-->2.323368,train_acc-->1.000000,test_eval_loss-->11.054676,test_acc===0.573529
INFO:root:epoch:334 train_eval_loss-->2.323478,train_acc-->1.000000,test_eval_loss-->11.074267,test_acc===0.573529
INFO:root:epoch:335 train_eval_loss-->2.325893,train_acc-->1.000000,test_eval_loss-->11.070266,test_acc===0.578431
INFO:root:epoch:336 train_eval_loss-->2.314629,train_acc-->1.000000,test_eval_loss-->11.067256,test_acc===0.588235
INFO:root:epoch:337 train_eval_loss-->2.311230,train_acc-->1.000000,test_eval_loss-->11.055743,test_acc===0.578431
INFO:root:epoch:338 train_eval_loss-->2.307423,train_acc-->1.000000,test_eval_loss-->11.071311,test_acc===0.583333
INFO:root:epoch:339 train_eval_loss-->2.302378,train_acc-->1.000000,test_eval_loss-->11.065442,test_acc===0.588235
INFO:root:epoch:340 train_eval_loss-->2.298354,train_acc-->1.000000,test_eval_loss-->11.063495,test_acc===0.578431
INFO:root:epoch:341 train_eval_loss-->2.294440,train_acc-->1.000000,test_eval_loss-->11.067967,test_acc===0.583333
INFO:root:epoch:342 train_eval_loss-->2.291241,train_acc-->1.000000,test_eval_loss-->11.065439,test_acc===0.583333
INFO:root:epoch:343 train_eval_loss-->2.288984,train_acc-->1.000000,test_eval_loss-->11.064234,test_acc===0.583333
INFO:root:epoch:344 train_eval_loss-->2.286689,train_acc-->1.000000,test_eval_loss-->11.060071,test_acc===0.583333
INFO:root:epoch:345 train_eval_loss-->2.284290,train_acc-->1.000000,test_eval_loss-->11.061288,test_acc===0.583333
INFO:root:epoch:346 train_eval_loss-->2.283632,train_acc-->1.000000,test_eval_loss-->11.060673,test_acc===0.583333
INFO:root:epoch:347 train_eval_loss-->2.281904,train_acc-->1.000000,test_eval_loss-->11.060112,test_acc===0.583333
INFO:root:epoch:348 train_eval_loss-->2.281330,train_acc-->1.000000,test_eval_loss-->11.060277,test_acc===0.583333
INFO:root:epoch:349 train_eval_loss-->2.280701,train_acc-->1.000000,test_eval_loss-->11.059790,test_acc===0.583333
INFO:root:epoch:350 train_eval_loss-->2.280330,train_acc-->1.000000,test_eval_loss-->11.060860,test_acc===0.583333
INFO:root:epoch:351 train_eval_loss-->2.280157,train_acc-->1.000000,test_eval_loss-->11.060377,test_acc===0.583333
INFO:root:epoch:352 train_eval_loss-->2.280294,train_acc-->1.000000,test_eval_loss-->11.061076,test_acc===0.583333
INFO:root:epoch:353 train_eval_loss-->2.281045,train_acc-->1.000000,test_eval_loss-->11.061336,test_acc===0.583333
INFO:root:epoch:354 train_eval_loss-->2.280883,train_acc-->1.000000,test_eval_loss-->11.059826,test_acc===0.583333
INFO:root:epoch:355 train_eval_loss-->2.281389,train_acc-->1.000000,test_eval_loss-->11.059762,test_acc===0.583333
INFO:root:epoch:356 train_eval_loss-->2.282365,train_acc-->1.000000,test_eval_loss-->11.060757,test_acc===0.583333
INFO:root:epoch:357 train_eval_loss-->2.285134,train_acc-->1.000000,test_eval_loss-->11.058870,test_acc===0.583333
INFO:root:epoch:358 train_eval_loss-->2.286684,train_acc-->1.000000,test_eval_loss-->11.064098,test_acc===0.583333
INFO:root:epoch:359 train_eval_loss-->2.291374,train_acc-->1.000000,test_eval_loss-->11.062456,test_acc===0.583333
INFO:root:epoch:360 train_eval_loss-->2.295032,train_acc-->1.000000,test_eval_loss-->11.064286,test_acc===0.583333
INFO:root:epoch:361 train_eval_loss-->2.302979,train_acc-->1.000000,test_eval_loss-->11.069823,test_acc===0.578431
INFO:root:epoch:362 train_eval_loss-->2.306535,train_acc-->1.000000,test_eval_loss-->11.065557,test_acc===0.583333
INFO:root:epoch:363 train_eval_loss-->2.312180,train_acc-->1.000000,test_eval_loss-->11.066278,test_acc===0.583333
INFO:root:epoch:364 train_eval_loss-->2.316443,train_acc-->1.000000,test_eval_loss-->11.071991,test_acc===0.568627
INFO:root:epoch:365 train_eval_loss-->2.330269,train_acc-->1.000000,test_eval_loss-->11.061365,test_acc===0.578431
INFO:root:epoch:366 train_eval_loss-->2.321194,train_acc-->1.000000,test_eval_loss-->11.073762,test_acc===0.583333
INFO:root:epoch:367 train_eval_loss-->2.336264,train_acc-->1.000000,test_eval_loss-->11.065198,test_acc===0.583333
INFO:root:epoch:368 train_eval_loss-->2.338272,train_acc-->1.000000,test_eval_loss-->11.098523,test_acc===0.578431
INFO:root:epoch:369 train_eval_loss-->2.341115,train_acc-->1.000000,test_eval_loss-->11.123734,test_acc===0.553922
INFO:root:epoch:370 train_eval_loss-->2.380864,train_acc-->1.000000,test_eval_loss-->11.088963,test_acc===0.568627
INFO:root:epoch:371 train_eval_loss-->2.369862,train_acc-->1.000000,test_eval_loss-->11.175260,test_acc===0.544118
INFO:root:epoch:372 train_eval_loss-->2.394104,train_acc-->0.995575,test_eval_loss-->11.076865,test_acc===0.583333
INFO:root:epoch:373 train_eval_loss-->2.377632,train_acc-->1.000000,test_eval_loss-->11.091289,test_acc===0.588235
INFO:root:epoch:374 train_eval_loss-->2.394069,train_acc-->1.000000,test_eval_loss-->11.090819,test_acc===0.568627
INFO:root:epoch:375 train_eval_loss-->2.384521,train_acc-->1.000000,test_eval_loss-->11.121690,test_acc===0.568627
INFO:root:epoch:376 train_eval_loss-->2.383012,train_acc-->1.000000,test_eval_loss-->11.103909,test_acc===0.602941
INFO:root:epoch:377 train_eval_loss-->2.384611,train_acc-->1.000000,test_eval_loss-->11.113194,test_acc===0.553922
INFO:root:epoch:378 train_eval_loss-->2.404911,train_acc-->1.000000,test_eval_loss-->11.045645,test_acc===0.598039
INFO:root:epoch:379 train_eval_loss-->2.429563,train_acc-->1.000000,test_eval_loss-->11.155079,test_acc===0.549020
INFO:root:epoch:380 train_eval_loss-->2.448219,train_acc-->0.995575,test_eval_loss-->11.234200,test_acc===0.519608
INFO:root:epoch:381 train_eval_loss-->2.436039,train_acc-->0.983776,test_eval_loss-->11.158554,test_acc===0.558824
INFO:root:epoch:382 train_eval_loss-->2.456065,train_acc-->0.992625,test_eval_loss-->11.172915,test_acc===0.529412
INFO:root:epoch:383 train_eval_loss-->2.460707,train_acc-->0.979351,test_eval_loss-->11.058398,test_acc===0.578431
INFO:root:epoch:384 train_eval_loss-->2.438750,train_acc-->0.995575,test_eval_loss-->11.269129,test_acc===0.524510
INFO:root:epoch:385 train_eval_loss-->2.472199,train_acc-->0.979351,test_eval_loss-->11.211261,test_acc===0.553922
INFO:root:epoch:386 train_eval_loss-->2.459945,train_acc-->0.997050,test_eval_loss-->11.377703,test_acc===0.465686
INFO:root:epoch:387 train_eval_loss-->2.469087,train_acc-->0.991150,test_eval_loss-->11.137111,test_acc===0.549020
INFO:root:epoch:388 train_eval_loss-->2.462087,train_acc-->0.986726,test_eval_loss-->11.066894,test_acc===0.539216
INFO:root:epoch:389 train_eval_loss-->2.453920,train_acc-->0.994100,test_eval_loss-->11.157319,test_acc===0.563725
INFO:root:epoch:390 train_eval_loss-->2.445305,train_acc-->0.998525,test_eval_loss-->11.288249,test_acc===0.490196
INFO:root:epoch:391 train_eval_loss-->2.463985,train_acc-->0.995575,test_eval_loss-->11.184786,test_acc===0.524510
INFO:root:epoch:392 train_eval_loss-->2.475901,train_acc-->0.986726,test_eval_loss-->11.196662,test_acc===0.544118
INFO:root:epoch:393 train_eval_loss-->2.477911,train_acc-->0.994100,test_eval_loss-->11.375120,test_acc===0.509804
INFO:root:epoch:394 train_eval_loss-->2.526077,train_acc-->0.958702,test_eval_loss-->11.175083,test_acc===0.558824
INFO:root:epoch:395 train_eval_loss-->2.481031,train_acc-->0.980826,test_eval_loss-->11.120845,test_acc===0.598039
INFO:root:epoch:396 train_eval_loss-->2.454886,train_acc-->0.994100,test_eval_loss-->11.095750,test_acc===0.544118
INFO:root:epoch:397 train_eval_loss-->2.472385,train_acc-->0.982301,test_eval_loss-->11.318021,test_acc===0.470588
INFO:root:epoch:398 train_eval_loss-->2.496153,train_acc-->0.977876,test_eval_loss-->11.244181,test_acc===0.524510
INFO:root:epoch:399 train_eval_loss-->2.475807,train_acc-->0.997050,test_eval_loss-->11.081218,test_acc===0.573529
INFO:root:epoch:400 train_eval_loss-->2.462014,train_acc-->0.994100,test_eval_loss-->11.225185,test_acc===0.509804
INFO:root:epoch:401 train_eval_loss-->2.473412,train_acc-->0.992625,test_eval_loss-->11.234969,test_acc===0.553922
INFO:root:epoch:402 train_eval_loss-->2.479738,train_acc-->0.994100,test_eval_loss-->11.188208,test_acc===0.558824
INFO:root:epoch:403 train_eval_loss-->2.465618,train_acc-->0.992625,test_eval_loss-->11.207579,test_acc===0.529412
INFO:root:epoch:404 train_eval_loss-->2.476938,train_acc-->0.986726,test_eval_loss-->11.151499,test_acc===0.544118
INFO:root:epoch:405 train_eval_loss-->2.455862,train_acc-->0.980826,test_eval_loss-->11.170028,test_acc===0.534314
INFO:root:epoch:406 train_eval_loss-->2.467386,train_acc-->0.991150,test_eval_loss-->11.159295,test_acc===0.558824
INFO:root:epoch:407 train_eval_loss-->2.469190,train_acc-->0.994100,test_eval_loss-->11.351643,test_acc===0.495098
INFO:root:epoch:408 train_eval_loss-->2.472086,train_acc-->0.980826,test_eval_loss-->11.156631,test_acc===0.534314
INFO:root:epoch:409 train_eval_loss-->2.455541,train_acc-->0.992625,test_eval_loss-->11.301511,test_acc===0.514706
INFO:root:epoch:410 train_eval_loss-->2.445093,train_acc-->0.994100,test_eval_loss-->11.195659,test_acc===0.509804
INFO:root:epoch:411 train_eval_loss-->2.448350,train_acc-->0.988201,test_eval_loss-->11.188210,test_acc===0.529412
INFO:root:epoch:412 train_eval_loss-->2.455005,train_acc-->0.988201,test_eval_loss-->11.143513,test_acc===0.573529
INFO:root:epoch:413 train_eval_loss-->2.468328,train_acc-->0.988201,test_eval_loss-->11.152747,test_acc===0.563725
INFO:root:epoch:414 train_eval_loss-->2.430198,train_acc-->0.998525,test_eval_loss-->11.119006,test_acc===0.544118
INFO:root:epoch:415 train_eval_loss-->2.474982,train_acc-->0.986726,test_eval_loss-->11.117185,test_acc===0.573529
INFO:root:epoch:416 train_eval_loss-->2.433923,train_acc-->0.985251,test_eval_loss-->11.188071,test_acc===0.509804
INFO:root:epoch:417 train_eval_loss-->2.417287,train_acc-->0.998525,test_eval_loss-->11.095359,test_acc===0.573529
INFO:root:epoch:418 train_eval_loss-->2.416219,train_acc-->0.989676,test_eval_loss-->11.156741,test_acc===0.607843
INFO:root:epoch:419 train_eval_loss-->2.434482,train_acc-->1.000000,test_eval_loss-->11.034873,test_acc===0.588235
INFO:root:epoch:420 train_eval_loss-->2.406184,train_acc-->1.000000,test_eval_loss-->11.067016,test_acc===0.583333
INFO:root:epoch:421 train_eval_loss-->2.396141,train_acc-->1.000000,test_eval_loss-->11.104240,test_acc===0.573529
INFO:root:epoch:422 train_eval_loss-->2.387563,train_acc-->1.000000,test_eval_loss-->11.052896,test_acc===0.583333
INFO:root:epoch:423 train_eval_loss-->2.378841,train_acc-->1.000000,test_eval_loss-->11.118447,test_acc===0.563725
INFO:root:epoch:424 train_eval_loss-->2.376319,train_acc-->1.000000,test_eval_loss-->11.051962,test_acc===0.593137
INFO:root:epoch:425 train_eval_loss-->2.376420,train_acc-->1.000000,test_eval_loss-->11.082252,test_acc===0.568627
INFO:root:epoch:426 train_eval_loss-->2.362966,train_acc-->1.000000,test_eval_loss-->11.041726,test_acc===0.588235
INFO:root:epoch:427 train_eval_loss-->2.342693,train_acc-->1.000000,test_eval_loss-->11.079226,test_acc===0.583333
INFO:root:epoch:428 train_eval_loss-->2.342515,train_acc-->1.000000,test_eval_loss-->11.061434,test_acc===0.578431
INFO:root:epoch:429 train_eval_loss-->2.340777,train_acc-->1.000000,test_eval_loss-->11.037224,test_acc===0.593137
INFO:root:epoch:430 train_eval_loss-->2.339478,train_acc-->0.998525,test_eval_loss-->11.080067,test_acc===0.573529
INFO:root:epoch:431 train_eval_loss-->2.336692,train_acc-->1.000000,test_eval_loss-->11.041018,test_acc===0.598039
INFO:root:epoch:432 train_eval_loss-->2.331721,train_acc-->1.000000,test_eval_loss-->11.041997,test_acc===0.573529
INFO:root:epoch:433 train_eval_loss-->2.323212,train_acc-->0.998525,test_eval_loss-->11.029010,test_acc===0.593137
INFO:root:epoch:434 train_eval_loss-->2.315072,train_acc-->1.000000,test_eval_loss-->11.053222,test_acc===0.578431
INFO:root:epoch:435 train_eval_loss-->2.322164,train_acc-->1.000000,test_eval_loss-->11.058788,test_acc===0.568627
INFO:root:epoch:436 train_eval_loss-->2.306988,train_acc-->1.000000,test_eval_loss-->11.034497,test_acc===0.578431
INFO:root:epoch:437 train_eval_loss-->2.305362,train_acc-->1.000000,test_eval_loss-->11.039180,test_acc===0.593137
INFO:root:epoch:438 train_eval_loss-->2.304025,train_acc-->1.000000,test_eval_loss-->11.028304,test_acc===0.593137
INFO:root:epoch:439 train_eval_loss-->2.301918,train_acc-->1.000000,test_eval_loss-->11.035076,test_acc===0.573529
INFO:root:epoch:440 train_eval_loss-->2.296583,train_acc-->1.000000,test_eval_loss-->11.039331,test_acc===0.568627
INFO:root:epoch:441 train_eval_loss-->2.290846,train_acc-->1.000000,test_eval_loss-->11.029630,test_acc===0.578431
INFO:root:epoch:442 train_eval_loss-->2.284151,train_acc-->1.000000,test_eval_loss-->11.027927,test_acc===0.583333
INFO:root:epoch:443 train_eval_loss-->2.283126,train_acc-->1.000000,test_eval_loss-->11.029973,test_acc===0.578431
INFO:root:epoch:444 train_eval_loss-->2.280230,train_acc-->1.000000,test_eval_loss-->11.034947,test_acc===0.578431
INFO:root:epoch:445 train_eval_loss-->2.278050,train_acc-->1.000000,test_eval_loss-->11.033774,test_acc===0.583333
INFO:root:epoch:446 train_eval_loss-->2.276371,train_acc-->1.000000,test_eval_loss-->11.034289,test_acc===0.578431
INFO:root:epoch:447 train_eval_loss-->2.275143,train_acc-->1.000000,test_eval_loss-->11.032450,test_acc===0.583333
INFO:root:epoch:448 train_eval_loss-->2.274515,train_acc-->1.000000,test_eval_loss-->11.032910,test_acc===0.583333
INFO:root:epoch:449 train_eval_loss-->2.273862,train_acc-->1.000000,test_eval_loss-->11.032973,test_acc===0.583333
INFO:root:epoch:450 train_eval_loss-->2.273512,train_acc-->1.000000,test_eval_loss-->11.032618,test_acc===0.583333
INFO:root:epoch:451 train_eval_loss-->2.273202,train_acc-->1.000000,test_eval_loss-->11.032003,test_acc===0.583333
INFO:root:epoch:452 train_eval_loss-->2.273103,train_acc-->1.000000,test_eval_loss-->11.032019,test_acc===0.583333
INFO:root:epoch:453 train_eval_loss-->2.273749,train_acc-->1.000000,test_eval_loss-->11.032991,test_acc===0.583333
INFO:root:epoch:454 train_eval_loss-->2.273585,train_acc-->1.000000,test_eval_loss-->11.030813,test_acc===0.578431
INFO:root:epoch:455 train_eval_loss-->2.274382,train_acc-->1.000000,test_eval_loss-->11.032888,test_acc===0.583333
INFO:root:epoch:456 train_eval_loss-->2.274683,train_acc-->1.000000,test_eval_loss-->11.030773,test_acc===0.583333
INFO:root:epoch:457 train_eval_loss-->2.276628,train_acc-->1.000000,test_eval_loss-->11.032290,test_acc===0.583333
INFO:root:epoch:458 train_eval_loss-->2.277935,train_acc-->1.000000,test_eval_loss-->11.030858,test_acc===0.578431
INFO:root:epoch:459 train_eval_loss-->2.279096,train_acc-->1.000000,test_eval_loss-->11.032624,test_acc===0.583333
INFO:root:epoch:460 train_eval_loss-->2.281802,train_acc-->1.000000,test_eval_loss-->11.037029,test_acc===0.578431
INFO:root:epoch:461 train_eval_loss-->2.286062,train_acc-->1.000000,test_eval_loss-->11.031451,test_acc===0.578431
INFO:root:epoch:462 train_eval_loss-->2.290555,train_acc-->1.000000,test_eval_loss-->11.027125,test_acc===0.578431
INFO:root:epoch:463 train_eval_loss-->2.295442,train_acc-->1.000000,test_eval_loss-->11.033455,test_acc===0.578431
INFO:root:epoch:464 train_eval_loss-->2.303587,train_acc-->1.000000,test_eval_loss-->11.028605,test_acc===0.578431
INFO:root:epoch:465 train_eval_loss-->2.305164,train_acc-->1.000000,test_eval_loss-->11.031777,test_acc===0.573529
INFO:root:epoch:466 train_eval_loss-->2.311716,train_acc-->1.000000,test_eval_loss-->11.032705,test_acc===0.588235
INFO:root:epoch:467 train_eval_loss-->2.325550,train_acc-->1.000000,test_eval_loss-->11.065678,test_acc===0.578431
INFO:root:epoch:468 train_eval_loss-->2.331648,train_acc-->1.000000,test_eval_loss-->11.023564,test_acc===0.578431
INFO:root:epoch:469 train_eval_loss-->2.337148,train_acc-->1.000000,test_eval_loss-->11.035336,test_acc===0.573529
INFO:root:epoch:470 train_eval_loss-->2.350187,train_acc-->0.998525,test_eval_loss-->11.066726,test_acc===0.583333
INFO:root:epoch:471 train_eval_loss-->2.346796,train_acc-->1.000000,test_eval_loss-->11.059995,test_acc===0.578431
INFO:root:epoch:472 train_eval_loss-->2.352821,train_acc-->1.000000,test_eval_loss-->11.037262,test_acc===0.573529
INFO:root:epoch:473 train_eval_loss-->2.372933,train_acc-->1.000000,test_eval_loss-->11.026282,test_acc===0.583333
INFO:root:epoch:474 train_eval_loss-->2.366880,train_acc-->1.000000,test_eval_loss-->11.055070,test_acc===0.588235
INFO:root:epoch:475 train_eval_loss-->2.387413,train_acc-->0.998525,test_eval_loss-->11.030796,test_acc===0.578431
INFO:root:epoch:476 train_eval_loss-->2.378535,train_acc-->0.995575,test_eval_loss-->11.142065,test_acc===0.553922
INFO:root:epoch:477 train_eval_loss-->2.396850,train_acc-->0.995575,test_eval_loss-->11.081440,test_acc===0.583333
INFO:root:epoch:478 train_eval_loss-->2.379717,train_acc-->1.000000,test_eval_loss-->11.039194,test_acc===0.588235
INFO:root:epoch:479 train_eval_loss-->2.396662,train_acc-->0.998525,test_eval_loss-->11.094769,test_acc===0.568627
INFO:root:epoch:480 train_eval_loss-->2.393588,train_acc-->0.998525,test_eval_loss-->11.091048,test_acc===0.578431
INFO:root:epoch:481 train_eval_loss-->2.388683,train_acc-->0.994100,test_eval_loss-->11.201726,test_acc===0.514706
INFO:root:epoch:482 train_eval_loss-->2.403915,train_acc-->1.000000,test_eval_loss-->11.075703,test_acc===0.544118
INFO:root:epoch:483 train_eval_loss-->2.411429,train_acc-->0.992625,test_eval_loss-->11.043991,test_acc===0.583333
INFO:root:epoch:484 train_eval_loss-->2.405544,train_acc-->1.000000,test_eval_loss-->11.085684,test_acc===0.568627
INFO:root:epoch:485 train_eval_loss-->2.414887,train_acc-->0.994100,test_eval_loss-->11.146407,test_acc===0.549020
INFO:root:epoch:486 train_eval_loss-->2.419633,train_acc-->1.000000,test_eval_loss-->11.142018,test_acc===0.553922
INFO:root:epoch:487 train_eval_loss-->2.508576,train_acc-->0.967552,test_eval_loss-->11.024571,test_acc===0.563725
INFO:root:epoch:488 train_eval_loss-->2.435038,train_acc-->0.992625,test_eval_loss-->11.186871,test_acc===0.539216
INFO:root:epoch:489 train_eval_loss-->2.467157,train_acc-->0.977876,test_eval_loss-->11.156416,test_acc===0.539216
INFO:root:epoch:490 train_eval_loss-->2.446016,train_acc-->0.985251,test_eval_loss-->11.157744,test_acc===0.558824
INFO:root:epoch:491 train_eval_loss-->2.440861,train_acc-->1.000000,test_eval_loss-->11.190210,test_acc===0.509804
INFO:root:epoch:492 train_eval_loss-->2.485589,train_acc-->0.976401,test_eval_loss-->11.255863,test_acc===0.524510
INFO:root:epoch:493 train_eval_loss-->2.456743,train_acc-->0.989676,test_eval_loss-->11.203991,test_acc===0.553922
INFO:root:epoch:494 train_eval_loss-->2.460339,train_acc-->0.998525,test_eval_loss-->11.383651,test_acc===0.485294
INFO:root:epoch:495 train_eval_loss-->2.446884,train_acc-->0.998525,test_eval_loss-->11.087194,test_acc===0.549020
INFO:root:epoch:496 train_eval_loss-->2.446592,train_acc-->0.995575,test_eval_loss-->11.123164,test_acc===0.593137
INFO:root:epoch:497 train_eval_loss-->2.467503,train_acc-->0.991150,test_eval_loss-->11.122231,test_acc===0.578431
INFO:root:epoch:498 train_eval_loss-->2.438091,train_acc-->0.989676,test_eval_loss-->11.356570,test_acc===0.485294
INFO:root:epoch:499 train_eval_loss-->2.488281,train_acc-->0.976401,test_eval_loss-->11.127122,test_acc===0.529412
INFO:root:epoch:500 train_eval_loss-->2.458006,train_acc-->0.992625,test_eval_loss-->11.093572,test_acc===0.568627
INFO:root:epoch:501 train_eval_loss-->2.435169,train_acc-->0.997050,test_eval_loss-->11.037050,test_acc===0.612745
INFO:root:epoch:502 train_eval_loss-->2.433436,train_acc-->0.991150,test_eval_loss-->11.326986,test_acc===0.475490
INFO:root:epoch:503 train_eval_loss-->2.453630,train_acc-->0.997050,test_eval_loss-->11.272991,test_acc===0.495098
INFO:root:epoch:504 train_eval_loss-->2.467294,train_acc-->0.979351,test_eval_loss-->11.188690,test_acc===0.544118
INFO:root:epoch:505 train_eval_loss-->2.466720,train_acc-->0.989676,test_eval_loss-->11.128190,test_acc===0.568627
INFO:root:epoch:506 train_eval_loss-->2.452499,train_acc-->0.991150,test_eval_loss-->11.099152,test_acc===0.593137
INFO:root:epoch:507 train_eval_loss-->2.424487,train_acc-->0.997050,test_eval_loss-->11.124483,test_acc===0.553922
INFO:root:epoch:508 train_eval_loss-->2.416993,train_acc-->0.998525,test_eval_loss-->11.160202,test_acc===0.583333
INFO:root:epoch:509 train_eval_loss-->2.433955,train_acc-->0.994100,test_eval_loss-->11.146026,test_acc===0.568627
INFO:root:epoch:510 train_eval_loss-->2.434675,train_acc-->0.986726,test_eval_loss-->11.149433,test_acc===0.558824
INFO:root:epoch:511 train_eval_loss-->2.442708,train_acc-->0.988201,test_eval_loss-->11.174818,test_acc===0.534314
INFO:root:epoch:512 train_eval_loss-->2.448419,train_acc-->0.989676,test_eval_loss-->11.146770,test_acc===0.549020
INFO:root:epoch:513 train_eval_loss-->2.419356,train_acc-->1.000000,test_eval_loss-->11.134385,test_acc===0.568627
INFO:root:epoch:514 train_eval_loss-->2.410842,train_acc-->0.997050,test_eval_loss-->11.140929,test_acc===0.568627
INFO:root:epoch:515 train_eval_loss-->2.406175,train_acc-->0.994100,test_eval_loss-->11.094007,test_acc===0.588235
INFO:root:epoch:516 train_eval_loss-->2.390163,train_acc-->0.994100,test_eval_loss-->11.132722,test_acc===0.549020
INFO:root:epoch:517 train_eval_loss-->2.397497,train_acc-->0.997050,test_eval_loss-->11.078486,test_acc===0.578431
INFO:root:epoch:518 train_eval_loss-->2.399042,train_acc-->1.000000,test_eval_loss-->11.091928,test_acc===0.568627
INFO:root:epoch:519 train_eval_loss-->2.382095,train_acc-->1.000000,test_eval_loss-->11.115759,test_acc===0.563725
INFO:root:epoch:520 train_eval_loss-->2.380551,train_acc-->0.998525,test_eval_loss-->11.043820,test_acc===0.563725
INFO:root:epoch:521 train_eval_loss-->2.375805,train_acc-->1.000000,test_eval_loss-->11.106336,test_acc===0.549020
INFO:root:epoch:522 train_eval_loss-->2.362261,train_acc-->1.000000,test_eval_loss-->11.149807,test_acc===0.563725
INFO:root:epoch:523 train_eval_loss-->2.377412,train_acc-->0.994100,test_eval_loss-->11.096791,test_acc===0.573529
INFO:root:epoch:524 train_eval_loss-->2.357020,train_acc-->1.000000,test_eval_loss-->11.045039,test_acc===0.583333
INFO:root:epoch:525 train_eval_loss-->2.357791,train_acc-->1.000000,test_eval_loss-->11.031362,test_acc===0.578431
INFO:root:epoch:526 train_eval_loss-->2.360093,train_acc-->1.000000,test_eval_loss-->11.100013,test_acc===0.583333
INFO:root:epoch:527 train_eval_loss-->2.344879,train_acc-->1.000000,test_eval_loss-->11.053225,test_acc===0.558824
INFO:root:epoch:528 train_eval_loss-->2.340306,train_acc-->1.000000,test_eval_loss-->11.044257,test_acc===0.573529
INFO:root:epoch:529 train_eval_loss-->2.330228,train_acc-->1.000000,test_eval_loss-->11.061531,test_acc===0.588235
INFO:root:epoch:530 train_eval_loss-->2.327841,train_acc-->1.000000,test_eval_loss-->11.098034,test_acc===0.563725
INFO:root:epoch:531 train_eval_loss-->2.355061,train_acc-->0.991150,test_eval_loss-->11.067887,test_acc===0.588235
INFO:root:epoch:532 train_eval_loss-->2.327226,train_acc-->0.994100,test_eval_loss-->11.062981,test_acc===0.583333
INFO:root:epoch:533 train_eval_loss-->2.315671,train_acc-->1.000000,test_eval_loss-->11.063965,test_acc===0.573529
INFO:root:epoch:534 train_eval_loss-->2.309447,train_acc-->1.000000,test_eval_loss-->11.040008,test_acc===0.583333
INFO:root:epoch:535 train_eval_loss-->2.304934,train_acc-->1.000000,test_eval_loss-->11.040219,test_acc===0.578431
INFO:root:epoch:536 train_eval_loss-->2.298675,train_acc-->1.000000,test_eval_loss-->11.041765,test_acc===0.578431
INFO:root:epoch:537 train_eval_loss-->2.302122,train_acc-->0.992625,test_eval_loss-->11.051621,test_acc===0.568627
INFO:root:epoch:538 train_eval_loss-->2.291881,train_acc-->1.000000,test_eval_loss-->11.037087,test_acc===0.578431
INFO:root:epoch:539 train_eval_loss-->2.288578,train_acc-->1.000000,test_eval_loss-->11.048837,test_acc===0.578431
INFO:root:epoch:540 train_eval_loss-->2.285240,train_acc-->1.000000,test_eval_loss-->11.042536,test_acc===0.583333
INFO:root:epoch:541 train_eval_loss-->2.281196,train_acc-->1.000000,test_eval_loss-->11.048525,test_acc===0.583333
INFO:root:epoch:542 train_eval_loss-->2.280144,train_acc-->1.000000,test_eval_loss-->11.043747,test_acc===0.583333
INFO:root:epoch:543 train_eval_loss-->2.275722,train_acc-->1.000000,test_eval_loss-->11.041433,test_acc===0.583333
INFO:root:epoch:544 train_eval_loss-->2.273976,train_acc-->1.000000,test_eval_loss-->11.038374,test_acc===0.583333
INFO:root:epoch:545 train_eval_loss-->2.272046,train_acc-->1.000000,test_eval_loss-->11.040475,test_acc===0.578431
INFO:root:epoch:546 train_eval_loss-->2.270861,train_acc-->1.000000,test_eval_loss-->11.039983,test_acc===0.583333
INFO:root:epoch:547 train_eval_loss-->2.269685,train_acc-->1.000000,test_eval_loss-->11.038460,test_acc===0.583333
INFO:root:epoch:548 train_eval_loss-->2.269043,train_acc-->1.000000,test_eval_loss-->11.039513,test_acc===0.578431
INFO:root:epoch:549 train_eval_loss-->2.268704,train_acc-->1.000000,test_eval_loss-->11.039458,test_acc===0.578431
INFO:root:epoch:550 train_eval_loss-->2.268314,train_acc-->1.000000,test_eval_loss-->11.039804,test_acc===0.578431
INFO:root:epoch:551 train_eval_loss-->2.267898,train_acc-->1.000000,test_eval_loss-->11.040033,test_acc===0.583333
INFO:root:epoch:552 train_eval_loss-->2.268169,train_acc-->1.000000,test_eval_loss-->11.039887,test_acc===0.573529
INFO:root:epoch:553 train_eval_loss-->2.268189,train_acc-->1.000000,test_eval_loss-->11.038995,test_acc===0.578431
INFO:root:epoch:554 train_eval_loss-->2.268270,train_acc-->1.000000,test_eval_loss-->11.039694,test_acc===0.573529
INFO:root:epoch:555 train_eval_loss-->2.268801,train_acc-->1.000000,test_eval_loss-->11.041194,test_acc===0.568627
INFO:root:epoch:556 train_eval_loss-->2.269611,train_acc-->1.000000,test_eval_loss-->11.040332,test_acc===0.578431
INFO:root:epoch:557 train_eval_loss-->2.271311,train_acc-->1.000000,test_eval_loss-->11.036127,test_acc===0.583333
INFO:root:epoch:558 train_eval_loss-->2.273459,train_acc-->1.000000,test_eval_loss-->11.036670,test_acc===0.583333
INFO:root:epoch:559 train_eval_loss-->2.274732,train_acc-->1.000000,test_eval_loss-->11.037922,test_acc===0.583333
INFO:root:epoch:560 train_eval_loss-->2.276573,train_acc-->1.000000,test_eval_loss-->11.033535,test_acc===0.573529
INFO:root:epoch:561 train_eval_loss-->2.279766,train_acc-->1.000000,test_eval_loss-->11.033416,test_acc===0.568627
INFO:root:epoch:562 train_eval_loss-->2.286282,train_acc-->1.000000,test_eval_loss-->11.031668,test_acc===0.583333
INFO:root:epoch:563 train_eval_loss-->2.292628,train_acc-->1.000000,test_eval_loss-->11.039246,test_acc===0.583333
INFO:root:epoch:564 train_eval_loss-->2.296783,train_acc-->1.000000,test_eval_loss-->11.043944,test_acc===0.583333
INFO:root:epoch:565 train_eval_loss-->2.296232,train_acc-->1.000000,test_eval_loss-->11.043574,test_acc===0.573529
INFO:root:epoch:566 train_eval_loss-->2.306172,train_acc-->1.000000,test_eval_loss-->11.043069,test_acc===0.583333
INFO:root:epoch:567 train_eval_loss-->2.308928,train_acc-->1.000000,test_eval_loss-->11.045239,test_acc===0.593137
INFO:root:epoch:568 train_eval_loss-->2.333134,train_acc-->1.000000,test_eval_loss-->11.076621,test_acc===0.553922
INFO:root:epoch:569 train_eval_loss-->2.325704,train_acc-->1.000000,test_eval_loss-->11.073082,test_acc===0.593137
INFO:root:epoch:570 train_eval_loss-->2.340245,train_acc-->1.000000,test_eval_loss-->11.071118,test_acc===0.573529
INFO:root:epoch:571 train_eval_loss-->2.358630,train_acc-->1.000000,test_eval_loss-->11.045243,test_acc===0.583333
INFO:root:epoch:572 train_eval_loss-->2.352499,train_acc-->1.000000,test_eval_loss-->11.084026,test_acc===0.553922
INFO:root:epoch:573 train_eval_loss-->2.341412,train_acc-->1.000000,test_eval_loss-->11.040093,test_acc===0.593137
INFO:root:epoch:574 train_eval_loss-->2.346358,train_acc-->1.000000,test_eval_loss-->11.104016,test_acc===0.583333
INFO:root:epoch:575 train_eval_loss-->2.355695,train_acc-->1.000000,test_eval_loss-->11.062733,test_acc===0.578431
INFO:root:epoch:576 train_eval_loss-->2.380351,train_acc-->1.000000,test_eval_loss-->11.050352,test_acc===0.578431
INFO:root:epoch:577 train_eval_loss-->2.359632,train_acc-->1.000000,test_eval_loss-->11.115378,test_acc===0.558824
INFO:root:epoch:578 train_eval_loss-->2.361390,train_acc-->0.995575,test_eval_loss-->11.070127,test_acc===0.573529
INFO:root:epoch:579 train_eval_loss-->2.370560,train_acc-->1.000000,test_eval_loss-->11.051456,test_acc===0.568627
INFO:root:epoch:580 train_eval_loss-->2.384841,train_acc-->0.997050,test_eval_loss-->11.047849,test_acc===0.598039
INFO:root:epoch:581 train_eval_loss-->2.380744,train_acc-->1.000000,test_eval_loss-->11.077850,test_acc===0.578431
INFO:root:epoch:582 train_eval_loss-->2.417158,train_acc-->0.992625,test_eval_loss-->11.165553,test_acc===0.558824
INFO:root:epoch:583 train_eval_loss-->2.386697,train_acc-->0.998525,test_eval_loss-->11.054445,test_acc===0.573529
INFO:root:epoch:584 train_eval_loss-->2.392599,train_acc-->1.000000,test_eval_loss-->11.133645,test_acc===0.578431
INFO:root:epoch:585 train_eval_loss-->2.405844,train_acc-->1.000000,test_eval_loss-->11.120234,test_acc===0.544118
INFO:root:epoch:586 train_eval_loss-->2.430865,train_acc-->0.971976,test_eval_loss-->11.071638,test_acc===0.578431
INFO:root:epoch:587 train_eval_loss-->2.417386,train_acc-->0.995575,test_eval_loss-->11.117364,test_acc===0.568627
INFO:root:epoch:588 train_eval_loss-->2.422493,train_acc-->0.991150,test_eval_loss-->11.116872,test_acc===0.583333
INFO:root:epoch:589 train_eval_loss-->2.418956,train_acc-->0.988201,test_eval_loss-->11.111215,test_acc===0.578431
INFO:root:epoch:590 train_eval_loss-->2.426215,train_acc-->0.995575,test_eval_loss-->11.124524,test_acc===0.558824
INFO:root:epoch:591 train_eval_loss-->2.419388,train_acc-->0.998525,test_eval_loss-->11.060287,test_acc===0.553922
INFO:root:epoch:592 train_eval_loss-->2.413274,train_acc-->0.997050,test_eval_loss-->11.082183,test_acc===0.563725
INFO:root:epoch:593 train_eval_loss-->2.425324,train_acc-->1.000000,test_eval_loss-->11.131634,test_acc===0.539216
INFO:root:epoch:594 train_eval_loss-->2.434964,train_acc-->0.995575,test_eval_loss-->11.125354,test_acc===0.549020
INFO:root:epoch:595 train_eval_loss-->2.439172,train_acc-->0.995575,test_eval_loss-->11.083109,test_acc===0.529412
INFO:root:epoch:596 train_eval_loss-->2.421382,train_acc-->1.000000,test_eval_loss-->11.080804,test_acc===0.549020
INFO:root:epoch:597 train_eval_loss-->2.433384,train_acc-->0.985251,test_eval_loss-->11.192326,test_acc===0.504902
INFO:root:epoch:598 train_eval_loss-->2.448694,train_acc-->0.997050,test_eval_loss-->11.062512,test_acc===0.568627
INFO:root:epoch:599 train_eval_loss-->2.426918,train_acc-->0.994100,test_eval_loss-->11.133525,test_acc===0.573529
INFO:root:epoch:600 train_eval_loss-->2.446915,train_acc-->0.995575,test_eval_loss-->11.101079,test_acc===0.568627
INFO:root:epoch:601 train_eval_loss-->2.432771,train_acc-->1.000000,test_eval_loss-->11.136118,test_acc===0.549020
INFO:root:epoch:602 train_eval_loss-->2.421619,train_acc-->0.991150,test_eval_loss-->11.077320,test_acc===0.563725
INFO:root:epoch:603 train_eval_loss-->2.437519,train_acc-->0.992625,test_eval_loss-->11.130206,test_acc===0.539216
INFO:root:epoch:604 train_eval_loss-->2.425449,train_acc-->0.995575,test_eval_loss-->11.078358,test_acc===0.588235
INFO:root:epoch:605 train_eval_loss-->2.439892,train_acc-->0.994100,test_eval_loss-->11.197857,test_acc===0.534314
INFO:root:epoch:606 train_eval_loss-->2.440768,train_acc-->0.992625,test_eval_loss-->11.101855,test_acc===0.563725
INFO:root:epoch:607 train_eval_loss-->2.446345,train_acc-->0.989676,test_eval_loss-->11.117054,test_acc===0.593137
INFO:root:epoch:608 train_eval_loss-->2.424516,train_acc-->1.000000,test_eval_loss-->11.118539,test_acc===0.553922
INFO:root:epoch:609 train_eval_loss-->2.408541,train_acc-->0.994100,test_eval_loss-->11.091367,test_acc===0.563725
INFO:root:epoch:610 train_eval_loss-->2.417146,train_acc-->0.998525,test_eval_loss-->11.109711,test_acc===0.563725
INFO:root:epoch:611 train_eval_loss-->2.409697,train_acc-->0.994100,test_eval_loss-->11.091623,test_acc===0.558824
INFO:root:epoch:612 train_eval_loss-->2.389483,train_acc-->0.998525,test_eval_loss-->11.060600,test_acc===0.568627
INFO:root:epoch:613 train_eval_loss-->2.392461,train_acc-->0.997050,test_eval_loss-->11.127078,test_acc===0.563725
INFO:root:epoch:614 train_eval_loss-->2.388081,train_acc-->0.997050,test_eval_loss-->11.094144,test_acc===0.568627
INFO:root:epoch:615 train_eval_loss-->2.380620,train_acc-->0.997050,test_eval_loss-->11.017120,test_acc===0.593137
INFO:root:epoch:616 train_eval_loss-->2.387178,train_acc-->1.000000,test_eval_loss-->11.080160,test_acc===0.539216
INFO:root:epoch:617 train_eval_loss-->2.377446,train_acc-->0.997050,test_eval_loss-->11.042710,test_acc===0.563725
INFO:root:epoch:618 train_eval_loss-->2.400546,train_acc-->1.000000,test_eval_loss-->11.124648,test_acc===0.544118
INFO:root:epoch:619 train_eval_loss-->2.374697,train_acc-->1.000000,test_eval_loss-->11.048977,test_acc===0.568627
INFO:root:epoch:620 train_eval_loss-->2.369056,train_acc-->0.998525,test_eval_loss-->11.091222,test_acc===0.558824
INFO:root:epoch:621 train_eval_loss-->2.385196,train_acc-->1.000000,test_eval_loss-->11.154482,test_acc===0.514706
INFO:root:epoch:622 train_eval_loss-->2.374439,train_acc-->0.997050,test_eval_loss-->11.073481,test_acc===0.568627
INFO:root:epoch:623 train_eval_loss-->2.370868,train_acc-->0.997050,test_eval_loss-->11.073832,test_acc===0.568627
INFO:root:epoch:624 train_eval_loss-->2.362218,train_acc-->0.998525,test_eval_loss-->11.048751,test_acc===0.558824
INFO:root:epoch:625 train_eval_loss-->2.349350,train_acc-->1.000000,test_eval_loss-->11.031831,test_acc===0.583333
INFO:root:epoch:626 train_eval_loss-->2.343412,train_acc-->1.000000,test_eval_loss-->11.051991,test_acc===0.563725
INFO:root:epoch:627 train_eval_loss-->2.341026,train_acc-->1.000000,test_eval_loss-->11.041018,test_acc===0.583333
INFO:root:epoch:628 train_eval_loss-->2.325249,train_acc-->0.997050,test_eval_loss-->10.982965,test_acc===0.593137
INFO:root:epoch:629 train_eval_loss-->2.315655,train_acc-->1.000000,test_eval_loss-->11.011399,test_acc===0.583333
INFO:root:epoch:630 train_eval_loss-->2.312911,train_acc-->1.000000,test_eval_loss-->11.014594,test_acc===0.598039
INFO:root:epoch:631 train_eval_loss-->2.307335,train_acc-->1.000000,test_eval_loss-->11.011021,test_acc===0.588235
INFO:root:epoch:632 train_eval_loss-->2.305776,train_acc-->1.000000,test_eval_loss-->11.014935,test_acc===0.583333
INFO:root:epoch:633 train_eval_loss-->2.297848,train_acc-->1.000000,test_eval_loss-->10.998290,test_acc===0.573529
INFO:root:epoch:634 train_eval_loss-->2.291225,train_acc-->1.000000,test_eval_loss-->11.009398,test_acc===0.588235
INFO:root:epoch:635 train_eval_loss-->2.287152,train_acc-->1.000000,test_eval_loss-->11.014120,test_acc===0.563725
INFO:root:epoch:636 train_eval_loss-->2.285702,train_acc-->1.000000,test_eval_loss-->10.995622,test_acc===0.593137
INFO:root:epoch:637 train_eval_loss-->2.283490,train_acc-->1.000000,test_eval_loss-->11.006477,test_acc===0.598039
INFO:root:epoch:638 train_eval_loss-->2.279532,train_acc-->1.000000,test_eval_loss-->11.006059,test_acc===0.583333
INFO:root:epoch:639 train_eval_loss-->2.276079,train_acc-->1.000000,test_eval_loss-->11.007160,test_acc===0.598039
INFO:root:epoch:640 train_eval_loss-->2.275534,train_acc-->1.000000,test_eval_loss-->11.006506,test_acc===0.583333
INFO:root:epoch:641 train_eval_loss-->2.270814,train_acc-->1.000000,test_eval_loss-->11.004065,test_acc===0.588235
INFO:root:epoch:642 train_eval_loss-->2.270076,train_acc-->1.000000,test_eval_loss-->11.004994,test_acc===0.573529
INFO:root:epoch:643 train_eval_loss-->2.268567,train_acc-->1.000000,test_eval_loss-->11.002251,test_acc===0.578431
INFO:root:epoch:644 train_eval_loss-->2.267101,train_acc-->1.000000,test_eval_loss-->11.004323,test_acc===0.583333
INFO:root:epoch:645 train_eval_loss-->2.264205,train_acc-->1.000000,test_eval_loss-->11.003586,test_acc===0.583333
INFO:root:epoch:646 train_eval_loss-->2.263181,train_acc-->1.000000,test_eval_loss-->11.002588,test_acc===0.578431
INFO:root:epoch:647 train_eval_loss-->2.261672,train_acc-->1.000000,test_eval_loss-->11.004210,test_acc===0.563725
INFO:root:epoch:648 train_eval_loss-->2.260607,train_acc-->1.000000,test_eval_loss-->11.003200,test_acc===0.573529
INFO:root:epoch:649 train_eval_loss-->2.260006,train_acc-->1.000000,test_eval_loss-->11.003208,test_acc===0.578431
INFO:root:epoch:650 train_eval_loss-->2.259687,train_acc-->1.000000,test_eval_loss-->11.002627,test_acc===0.573529
INFO:root:epoch:651 train_eval_loss-->2.259536,train_acc-->1.000000,test_eval_loss-->11.003563,test_acc===0.573529
INFO:root:epoch:652 train_eval_loss-->2.259327,train_acc-->1.000000,test_eval_loss-->11.003057,test_acc===0.578431
INFO:root:epoch:653 train_eval_loss-->2.259256,train_acc-->1.000000,test_eval_loss-->11.002936,test_acc===0.578431
INFO:root:epoch:654 train_eval_loss-->2.259541,train_acc-->1.000000,test_eval_loss-->11.004075,test_acc===0.578431
INFO:root:epoch:655 train_eval_loss-->2.260302,train_acc-->1.000000,test_eval_loss-->11.003415,test_acc===0.573529
INFO:root:epoch:656 train_eval_loss-->2.261274,train_acc-->1.000000,test_eval_loss-->11.000534,test_acc===0.578431
INFO:root:epoch:657 train_eval_loss-->2.262600,train_acc-->1.000000,test_eval_loss-->11.004506,test_acc===0.573529
INFO:root:epoch:658 train_eval_loss-->2.264080,train_acc-->1.000000,test_eval_loss-->11.002463,test_acc===0.583333
INFO:root:epoch:659 train_eval_loss-->2.265279,train_acc-->1.000000,test_eval_loss-->10.999571,test_acc===0.588235
INFO:root:epoch:660 train_eval_loss-->2.267584,train_acc-->1.000000,test_eval_loss-->11.003119,test_acc===0.583333
INFO:root:epoch:661 train_eval_loss-->2.272623,train_acc-->1.000000,test_eval_loss-->11.000662,test_acc===0.578431
INFO:root:epoch:662 train_eval_loss-->2.274817,train_acc-->1.000000,test_eval_loss-->10.996748,test_acc===0.583333
INFO:root:epoch:663 train_eval_loss-->2.277306,train_acc-->1.000000,test_eval_loss-->11.010198,test_acc===0.583333
INFO:root:epoch:664 train_eval_loss-->2.287943,train_acc-->1.000000,test_eval_loss-->11.028116,test_acc===0.583333
INFO:root:epoch:665 train_eval_loss-->2.296575,train_acc-->1.000000,test_eval_loss-->11.004056,test_acc===0.578431
INFO:root:epoch:666 train_eval_loss-->2.302843,train_acc-->1.000000,test_eval_loss-->10.994370,test_acc===0.593137
INFO:root:epoch:667 train_eval_loss-->2.297265,train_acc-->1.000000,test_eval_loss-->11.020182,test_acc===0.588235
INFO:root:epoch:668 train_eval_loss-->2.293415,train_acc-->1.000000,test_eval_loss-->11.007304,test_acc===0.583333
INFO:root:epoch:669 train_eval_loss-->2.302342,train_acc-->1.000000,test_eval_loss-->11.009017,test_acc===0.588235
INFO:root:epoch:670 train_eval_loss-->2.313996,train_acc-->1.000000,test_eval_loss-->11.023942,test_acc===0.602941
INFO:root:epoch:671 train_eval_loss-->2.319854,train_acc-->1.000000,test_eval_loss-->10.986738,test_acc===0.598039
INFO:root:epoch:672 train_eval_loss-->2.324229,train_acc-->1.000000,test_eval_loss-->11.023047,test_acc===0.588235
INFO:root:epoch:673 train_eval_loss-->2.327715,train_acc-->1.000000,test_eval_loss-->10.998012,test_acc===0.558824
INFO:root:epoch:674 train_eval_loss-->2.337234,train_acc-->1.000000,test_eval_loss-->11.026630,test_acc===0.593137
INFO:root:epoch:675 train_eval_loss-->2.340450,train_acc-->1.000000,test_eval_loss-->11.029566,test_acc===0.573529
INFO:root:epoch:676 train_eval_loss-->2.336774,train_acc-->1.000000,test_eval_loss-->11.030253,test_acc===0.583333
INFO:root:epoch:677 train_eval_loss-->2.350098,train_acc-->1.000000,test_eval_loss-->11.041318,test_acc===0.544118
INFO:root:epoch:678 train_eval_loss-->2.353828,train_acc-->0.994100,test_eval_loss-->11.057804,test_acc===0.534314
INFO:root:epoch:679 train_eval_loss-->2.365761,train_acc-->1.000000,test_eval_loss-->11.054575,test_acc===0.558824
INFO:root:epoch:680 train_eval_loss-->2.376793,train_acc-->0.998525,test_eval_loss-->11.077645,test_acc===0.573529
INFO:root:epoch:681 train_eval_loss-->2.383551,train_acc-->0.995575,test_eval_loss-->11.013439,test_acc===0.563725
INFO:root:epoch:682 train_eval_loss-->2.369923,train_acc-->1.000000,test_eval_loss-->11.047038,test_acc===0.578431
INFO:root:epoch:683 train_eval_loss-->2.401904,train_acc-->0.991150,test_eval_loss-->11.107461,test_acc===0.539216
INFO:root:epoch:684 train_eval_loss-->2.414314,train_acc-->0.997050,test_eval_loss-->11.051005,test_acc===0.558824
INFO:root:epoch:685 train_eval_loss-->2.410301,train_acc-->0.989676,test_eval_loss-->10.977716,test_acc===0.602941
INFO:root:epoch:686 train_eval_loss-->2.406733,train_acc-->0.998525,test_eval_loss-->11.114628,test_acc===0.558824
INFO:root:epoch:687 train_eval_loss-->2.407163,train_acc-->0.991150,test_eval_loss-->11.099337,test_acc===0.573529
INFO:root:epoch:688 train_eval_loss-->2.385455,train_acc-->1.000000,test_eval_loss-->11.004565,test_acc===0.607843
INFO:root:epoch:689 train_eval_loss-->2.384091,train_acc-->1.000000,test_eval_loss-->11.066657,test_acc===0.529412
INFO:root:epoch:690 train_eval_loss-->2.409260,train_acc-->0.994100,test_eval_loss-->11.054095,test_acc===0.607843
INFO:root:epoch:691 train_eval_loss-->2.400851,train_acc-->0.998525,test_eval_loss-->11.067341,test_acc===0.544118
INFO:root:epoch:692 train_eval_loss-->2.395553,train_acc-->1.000000,test_eval_loss-->11.043579,test_acc===0.563725
INFO:root:epoch:693 train_eval_loss-->2.402434,train_acc-->0.998525,test_eval_loss-->11.088928,test_acc===0.549020
INFO:root:epoch:694 train_eval_loss-->2.413588,train_acc-->0.983776,test_eval_loss-->11.138791,test_acc===0.544118
INFO:root:epoch:695 train_eval_loss-->2.412196,train_acc-->1.000000,test_eval_loss-->11.090830,test_acc===0.549020
INFO:root:epoch:696 train_eval_loss-->2.416819,train_acc-->0.995575,test_eval_loss-->11.046540,test_acc===0.568627
INFO:root:epoch:697 train_eval_loss-->2.426202,train_acc-->0.988201,test_eval_loss-->11.037728,test_acc===0.549020
INFO:root:epoch:698 train_eval_loss-->2.443193,train_acc-->0.988201,test_eval_loss-->11.044436,test_acc===0.553922
INFO:root:epoch:699 train_eval_loss-->2.401244,train_acc-->0.998525,test_eval_loss-->11.125726,test_acc===0.598039
INFO:root:epoch:700 train_eval_loss-->2.414391,train_acc-->0.989676,test_eval_loss-->11.135501,test_acc===0.524510
INFO:root:epoch:701 train_eval_loss-->2.419286,train_acc-->0.985251,test_eval_loss-->11.029010,test_acc===0.602941
INFO:root:epoch:702 train_eval_loss-->2.399173,train_acc-->0.994100,test_eval_loss-->11.129895,test_acc===0.529412
INFO:root:epoch:703 train_eval_loss-->2.423526,train_acc-->1.000000,test_eval_loss-->11.142141,test_acc===0.553922
INFO:root:epoch:704 train_eval_loss-->2.417837,train_acc-->0.995575,test_eval_loss-->11.095922,test_acc===0.558824
INFO:root:epoch:705 train_eval_loss-->2.412611,train_acc-->0.997050,test_eval_loss-->11.042582,test_acc===0.539216
INFO:root:epoch:706 train_eval_loss-->2.422495,train_acc-->0.995575,test_eval_loss-->11.121002,test_acc===0.573529
INFO:root:epoch:707 train_eval_loss-->2.403683,train_acc-->0.997050,test_eval_loss-->11.167145,test_acc===0.524510
INFO:root:epoch:708 train_eval_loss-->2.407931,train_acc-->0.995575,test_eval_loss-->11.109171,test_acc===0.549020
INFO:root:epoch:709 train_eval_loss-->2.423412,train_acc-->0.991150,test_eval_loss-->11.126174,test_acc===0.568627
INFO:root:epoch:710 train_eval_loss-->2.397136,train_acc-->0.995575,test_eval_loss-->11.044399,test_acc===0.578431
INFO:root:epoch:711 train_eval_loss-->2.393665,train_acc-->1.000000,test_eval_loss-->11.077136,test_acc===0.573529
INFO:root:epoch:712 train_eval_loss-->2.396881,train_acc-->0.991150,test_eval_loss-->11.025083,test_acc===0.578431
INFO:root:epoch:713 train_eval_loss-->2.373404,train_acc-->1.000000,test_eval_loss-->11.144134,test_acc===0.544118
INFO:root:epoch:714 train_eval_loss-->2.377488,train_acc-->1.000000,test_eval_loss-->11.040568,test_acc===0.563725
INFO:root:epoch:715 train_eval_loss-->2.398318,train_acc-->1.000000,test_eval_loss-->11.029309,test_acc===0.568627
INFO:root:epoch:716 train_eval_loss-->2.389477,train_acc-->0.991150,test_eval_loss-->11.177549,test_acc===0.509804
INFO:root:epoch:717 train_eval_loss-->2.456698,train_acc-->0.980826,test_eval_loss-->11.071220,test_acc===0.549020
INFO:root:epoch:718 train_eval_loss-->2.396242,train_acc-->0.991150,test_eval_loss-->11.056769,test_acc===0.568627
INFO:root:epoch:719 train_eval_loss-->2.378366,train_acc-->0.991150,test_eval_loss-->11.117276,test_acc===0.544118
INFO:root:epoch:720 train_eval_loss-->2.378341,train_acc-->0.991150,test_eval_loss-->11.040944,test_acc===0.578431
INFO:root:epoch:721 train_eval_loss-->2.366407,train_acc-->1.000000,test_eval_loss-->11.020878,test_acc===0.568627
INFO:root:epoch:722 train_eval_loss-->2.352968,train_acc-->1.000000,test_eval_loss-->11.028327,test_acc===0.558824
INFO:root:epoch:723 train_eval_loss-->2.357199,train_acc-->1.000000,test_eval_loss-->11.061527,test_acc===0.558824
INFO:root:epoch:724 train_eval_loss-->2.338788,train_acc-->1.000000,test_eval_loss-->11.041279,test_acc===0.563725
INFO:root:epoch:725 train_eval_loss-->2.341765,train_acc-->1.000000,test_eval_loss-->11.004919,test_acc===0.578431
INFO:root:epoch:726 train_eval_loss-->2.347793,train_acc-->1.000000,test_eval_loss-->10.983557,test_acc===0.593137
INFO:root:epoch:727 train_eval_loss-->2.324045,train_acc-->1.000000,test_eval_loss-->11.025836,test_acc===0.588235
INFO:root:epoch:728 train_eval_loss-->2.317372,train_acc-->1.000000,test_eval_loss-->11.025483,test_acc===0.568627
INFO:root:epoch:729 train_eval_loss-->2.320919,train_acc-->1.000000,test_eval_loss-->11.007397,test_acc===0.583333
INFO:root:epoch:730 train_eval_loss-->2.298778,train_acc-->1.000000,test_eval_loss-->11.001317,test_acc===0.578431
INFO:root:epoch:731 train_eval_loss-->2.300979,train_acc-->1.000000,test_eval_loss-->11.008754,test_acc===0.573529
INFO:root:epoch:732 train_eval_loss-->2.299997,train_acc-->1.000000,test_eval_loss-->10.976843,test_acc===0.612745
INFO:root:epoch:733 train_eval_loss-->2.291548,train_acc-->1.000000,test_eval_loss-->11.014488,test_acc===0.583333
INFO:root:epoch:734 train_eval_loss-->2.292176,train_acc-->1.000000,test_eval_loss-->10.992777,test_acc===0.583333
INFO:root:epoch:735 train_eval_loss-->2.288116,train_acc-->1.000000,test_eval_loss-->11.006225,test_acc===0.573529
INFO:root:epoch:736 train_eval_loss-->2.283792,train_acc-->1.000000,test_eval_loss-->11.003403,test_acc===0.588235
INFO:root:epoch:737 train_eval_loss-->2.281209,train_acc-->1.000000,test_eval_loss-->10.998762,test_acc===0.588235
INFO:root:epoch:738 train_eval_loss-->2.281602,train_acc-->1.000000,test_eval_loss-->11.002553,test_acc===0.573529
INFO:root:epoch:739 train_eval_loss-->2.274702,train_acc-->1.000000,test_eval_loss-->10.987843,test_acc===0.583333
INFO:root:epoch:740 train_eval_loss-->2.273527,train_acc-->1.000000,test_eval_loss-->10.992106,test_acc===0.588235
INFO:root:epoch:741 train_eval_loss-->2.268664,train_acc-->1.000000,test_eval_loss-->10.995437,test_acc===0.578431
INFO:root:epoch:742 train_eval_loss-->2.264267,train_acc-->1.000000,test_eval_loss-->10.995276,test_acc===0.573529
INFO:root:epoch:743 train_eval_loss-->2.262376,train_acc-->1.000000,test_eval_loss-->10.992207,test_acc===0.578431
INFO:root:epoch:744 train_eval_loss-->2.260377,train_acc-->1.000000,test_eval_loss-->10.992136,test_acc===0.583333
INFO:root:epoch:745 train_eval_loss-->2.259977,train_acc-->1.000000,test_eval_loss-->10.990778,test_acc===0.583333
INFO:root:epoch:746 train_eval_loss-->2.258219,train_acc-->1.000000,test_eval_loss-->10.988474,test_acc===0.578431
INFO:root:epoch:747 train_eval_loss-->2.256625,train_acc-->1.000000,test_eval_loss-->10.990421,test_acc===0.583333
INFO:root:epoch:748 train_eval_loss-->2.256259,train_acc-->1.000000,test_eval_loss-->10.990707,test_acc===0.583333
INFO:root:epoch:749 train_eval_loss-->2.255781,train_acc-->1.000000,test_eval_loss-->10.990455,test_acc===0.578431
INFO:root:epoch:750 train_eval_loss-->2.255380,train_acc-->1.000000,test_eval_loss-->10.990144,test_acc===0.583333
INFO:root:epoch:751 train_eval_loss-->2.255164,train_acc-->1.000000,test_eval_loss-->10.990340,test_acc===0.573529
INFO:root:epoch:752 train_eval_loss-->2.255322,train_acc-->1.000000,test_eval_loss-->10.989333,test_acc===0.578431
INFO:root:epoch:753 train_eval_loss-->2.255553,train_acc-->1.000000,test_eval_loss-->10.991055,test_acc===0.583333
INFO:root:epoch:754 train_eval_loss-->2.255487,train_acc-->1.000000,test_eval_loss-->10.989646,test_acc===0.578431
INFO:root:epoch:755 train_eval_loss-->2.256353,train_acc-->1.000000,test_eval_loss-->10.992599,test_acc===0.578431
INFO:root:epoch:756 train_eval_loss-->2.256802,train_acc-->1.000000,test_eval_loss-->10.988134,test_acc===0.578431
INFO:root:epoch:757 train_eval_loss-->2.259366,train_acc-->1.000000,test_eval_loss-->10.989990,test_acc===0.578431
INFO:root:epoch:758 train_eval_loss-->2.260720,train_acc-->1.000000,test_eval_loss-->10.991406,test_acc===0.578431
INFO:root:epoch:759 train_eval_loss-->2.263060,train_acc-->1.000000,test_eval_loss-->10.993703,test_acc===0.578431
INFO:root:epoch:760 train_eval_loss-->2.263513,train_acc-->1.000000,test_eval_loss-->10.990326,test_acc===0.578431
INFO:root:epoch:761 train_eval_loss-->2.267393,train_acc-->1.000000,test_eval_loss-->10.987988,test_acc===0.593137
INFO:root:epoch:762 train_eval_loss-->2.273747,train_acc-->1.000000,test_eval_loss-->10.984014,test_acc===0.593137
INFO:root:epoch:763 train_eval_loss-->2.274741,train_acc-->1.000000,test_eval_loss-->10.995669,test_acc===0.573529
INFO:root:epoch:764 train_eval_loss-->2.280071,train_acc-->1.000000,test_eval_loss-->10.983230,test_acc===0.578431
INFO:root:epoch:765 train_eval_loss-->2.284073,train_acc-->1.000000,test_eval_loss-->10.991072,test_acc===0.578431
INFO:root:epoch:766 train_eval_loss-->2.284412,train_acc-->1.000000,test_eval_loss-->11.005765,test_acc===0.573529
INFO:root:epoch:767 train_eval_loss-->2.290005,train_acc-->1.000000,test_eval_loss-->10.985529,test_acc===0.573529
INFO:root:epoch:768 train_eval_loss-->2.291037,train_acc-->1.000000,test_eval_loss-->10.973810,test_acc===0.593137
INFO:root:epoch:769 train_eval_loss-->2.297650,train_acc-->1.000000,test_eval_loss-->10.979120,test_acc===0.602941
INFO:root:epoch:770 train_eval_loss-->2.300950,train_acc-->1.000000,test_eval_loss-->10.986120,test_acc===0.588235
INFO:root:epoch:771 train_eval_loss-->2.312909,train_acc-->1.000000,test_eval_loss-->10.979468,test_acc===0.598039
INFO:root:epoch:772 train_eval_loss-->2.315022,train_acc-->1.000000,test_eval_loss-->10.995053,test_acc===0.593137
INFO:root:epoch:773 train_eval_loss-->2.322048,train_acc-->1.000000,test_eval_loss-->10.979200,test_acc===0.583333
INFO:root:epoch:774 train_eval_loss-->2.326085,train_acc-->1.000000,test_eval_loss-->10.996656,test_acc===0.573529
INFO:root:epoch:775 train_eval_loss-->2.321861,train_acc-->1.000000,test_eval_loss-->10.967946,test_acc===0.588235
INFO:root:epoch:776 train_eval_loss-->2.324065,train_acc-->1.000000,test_eval_loss-->10.979043,test_acc===0.593137
INFO:root:epoch:777 train_eval_loss-->2.323143,train_acc-->1.000000,test_eval_loss-->10.993824,test_acc===0.563725
INFO:root:epoch:778 train_eval_loss-->2.333335,train_acc-->1.000000,test_eval_loss-->10.993725,test_acc===0.598039
INFO:root:epoch:779 train_eval_loss-->2.331631,train_acc-->1.000000,test_eval_loss-->10.983492,test_acc===0.598039
INFO:root:epoch:780 train_eval_loss-->2.344757,train_acc-->0.995575,test_eval_loss-->11.040356,test_acc===0.588235
INFO:root:epoch:781 train_eval_loss-->2.352799,train_acc-->1.000000,test_eval_loss-->11.024480,test_acc===0.553922
INFO:root:epoch:782 train_eval_loss-->2.348748,train_acc-->1.000000,test_eval_loss-->11.010834,test_acc===0.583333
INFO:root:epoch:783 train_eval_loss-->2.356135,train_acc-->1.000000,test_eval_loss-->11.042488,test_acc===0.588235
INFO:root:epoch:784 train_eval_loss-->2.368472,train_acc-->1.000000,test_eval_loss-->11.034591,test_acc===0.588235
INFO:root:epoch:785 train_eval_loss-->2.361412,train_acc-->1.000000,test_eval_loss-->11.034307,test_acc===0.583333
INFO:root:epoch:786 train_eval_loss-->2.359732,train_acc-->1.000000,test_eval_loss-->10.959869,test_acc===0.602941
INFO:root:epoch:787 train_eval_loss-->2.368611,train_acc-->1.000000,test_eval_loss-->11.046762,test_acc===0.553922
INFO:root:epoch:788 train_eval_loss-->2.382433,train_acc-->1.000000,test_eval_loss-->11.028573,test_acc===0.578431
INFO:root:epoch:789 train_eval_loss-->2.385063,train_acc-->0.995575,test_eval_loss-->11.008690,test_acc===0.568627
INFO:root:epoch:790 train_eval_loss-->2.385450,train_acc-->0.998525,test_eval_loss-->10.988763,test_acc===0.583333
INFO:root:epoch:791 train_eval_loss-->2.391317,train_acc-->0.992625,test_eval_loss-->11.073498,test_acc===0.558824
INFO:root:epoch:792 train_eval_loss-->2.394043,train_acc-->1.000000,test_eval_loss-->11.036904,test_acc===0.549020
INFO:root:epoch:793 train_eval_loss-->2.398271,train_acc-->0.998525,test_eval_loss-->11.089862,test_acc===0.558824
INFO:root:epoch:794 train_eval_loss-->2.398598,train_acc-->1.000000,test_eval_loss-->11.018747,test_acc===0.568627
INFO:root:epoch:795 train_eval_loss-->2.407485,train_acc-->0.982301,test_eval_loss-->11.069629,test_acc===0.578431
INFO:root:epoch:796 train_eval_loss-->2.396749,train_acc-->0.998525,test_eval_loss-->11.030222,test_acc===0.549020
INFO:root:epoch:797 train_eval_loss-->2.423485,train_acc-->0.989676,test_eval_loss-->11.048000,test_acc===0.568627
INFO:root:epoch:798 train_eval_loss-->2.407432,train_acc-->1.000000,test_eval_loss-->11.070207,test_acc===0.549020
INFO:root:epoch:799 train_eval_loss-->2.395615,train_acc-->0.997050,test_eval_loss-->11.121426,test_acc===0.573529
INFO:root:the best test acc===0.612745
