2023-12-26 12:36:25 - #----------Config info----------#
2023-12-26 12:36:25 - network: Pointneted_plus,
2023-12-26 12:36:25 - data_mmld: True,
2023-12-26 12:36:25 - pre_net: None,
2023-12-26 12:36:25 - data_path: /media/yxz/新加卷/teeth_ct_points/CT3Dpoints/,
2023-12-26 12:36:25 - label_path: /media/yxz/新加卷/teeth_ct_points/CT3Dpoints/三维坐标表格.xlsx,
2023-12-26 12:36:25 - pretrained_path: ./pre_trained/,
2023-12-26 12:36:25 - cfg: [32, 64, 96, 128, 256, 128, 256, 128, 64, 32, 16],
2023-12-26 12:36:25 - label_num: [0, 1, 10, 11, 14, 19],
2023-12-26 12:36:25 - num_classes: 6,
2023-12-26 12:36:25 - input_size_h: 512,
2023-12-26 12:36:25 - input_size_w: 512,
2023-12-26 12:36:25 - input_channels: 64,
2023-12-26 12:36:25 - distributed: False,
2023-12-26 12:36:25 - local_rank: -1,
2023-12-26 12:36:25 - num_workers: 4,
2023-12-26 12:36:25 - seed: 42,
2023-12-26 12:36:25 - world_size: None,
2023-12-26 12:36:25 - rank: None,
2023-12-26 12:36:25 - amp: False,
2023-12-26 12:36:25 - l2_lambda: 0.0,
2023-12-26 12:36:25 - gpu_id: 0,
2023-12-26 12:36:25 - batch_size: 4,
2023-12-26 12:36:25 - val_bs: 1,
2023-12-26 12:36:25 - epochs: 1000,
2023-12-26 12:36:25 - deep_supervision: True,
2023-12-26 12:36:25 - tailadd: True,
2023-12-26 12:36:25 - threshold: 8.660254037844387,
2023-12-26 12:36:25 - rand_data: False,
2023-12-26 12:36:25 - mean_common: False,
2023-12-26 12:36:25 - horizontal_flip: True,
2023-12-26 12:36:25 - Dynamic_regularization: False,
2023-12-26 12:36:25 - freeze: False,
2023-12-26 12:36:25 - train_mean: [38.167084, 36.47113, 35.658463, 34.7275, 34.397972, 34.392757, 33.96709, 34.126865, 34.28234, 33.729267, 32.7962, 32.064926, 31.681631, 31.124203, 30.844501, 31.361849, 32.73974, 34.215652, 36.648277, 38.611458, 40.539837, 42.120747, 43.28669, 44.45494, 45.614132, 46.21989, 47.45023, 48.500004, 49.44821, 50.419426, 52.140045, 53.649082, 54.722622, 55.427254, 55.996006, 56.55678, 57.03274, 56.78339, 56.16994, 56.052105, 56.084873, 55.73664, 55.51461, 54.455627, 53.19349, 51.708523, 50.496777, 48.39798, 46.618237],
2023-12-26 12:36:25 - train_std: [52.12329, 51.107494, 50.941055, 50.223755, 50.00628, 50.154346, 49.390217, 49.584064, 49.46689, 48.635002, 46.955963, 45.86415, 45.254314, 44.008198, 43.081245, 43.15782, 44.181343, 45.16833, 47.433487, 48.60615, 50.44894, 51.635715, 52.542904, 53.638527, 54.554443, 54.860928, 55.634895, 56.127644, 56.314377, 56.52658, 57.31575, 57.992775, 58.40813, 58.65052, 58.6726, 58.786034, 59.043797, 59.15101, 58.878242, 59.1303, 59.565495, 59.95643, 60.605595, 60.74457, 60.784153, 60.811424, 61.18004, 60.75567, 60.8064],
2023-12-26 12:36:25 - val_mean: [39.743374, 38.122738, 37.19561, 35.71686, 35.202812, 34.790627, 34.621647, 34.678947, 34.44854, 33.327152, 32.52173, 31.267305, 30.603254, 30.013475, 29.536041, 30.480452, 31.952286, 33.71057, 36.010574, 38.201912, 39.313183, 42.94376, 44.53766, 45.518337, 46.94797, 46.58542, 47.49811, 48.238167, 51.026104, 52.292915, 52.69654, 53.169758, 53.87486, 55.697067, 57.654236, 57.586315, 57.758514, 57.174618, 57.736595, 57.24419, 57.544117, 57.37176, 56.43062, 55.96641, 55.325653, 53.10815, 52.179287, 50.27785, 47.04305],
2023-12-26 12:36:25 - val_std: [53.15056, 52.15993, 51.616505, 50.33102, 50.21509, 50.081203, 50.03935, 49.86299, 49.531567, 48.28274, 46.95426, 45.172287, 43.96861, 42.88531, 41.24616, 42.37183, 43.43441, 44.75589, 46.571957, 48.567627, 49.173023, 51.97025, 53.31617, 54.147503, 55.217754, 54.256313, 54.82137, 55.228252, 57.024765, 57.493202, 57.21687, 57.12449, 57.009945, 58.07164, 58.968643, 58.816093, 58.97068, 58.471672, 58.976105, 58.958794, 59.510704, 60.026344, 60.16703, 60.841858, 61.621956, 61.22611, 61.83866, 62.08808, 61.1031],
2023-12-26 12:36:25 - work_dir: results/Pointneted_plus_Tuesday_26_December_2023_12h_36m_25s/,
2023-12-26 12:36:25 - tensor_size: 0,
2023-12-26 12:36:25 - train_transformer: Compose(
    <utils.myToTensor object at 0x7fee8a562d30>
    <utils.myResize object at 0x7feda4b63cd0>
),
2023-12-26 12:36:25 - test_transformer: Compose(
    <utils.myToTensor object at 0x7fee8a582190>
    <utils.myResize object at 0x7fee8a5821c0>
),
2023-12-26 12:36:25 - opt: AdamW,
2023-12-26 12:36:25 - lr: 0.001,
2023-12-26 12:36:25 - betas: (0.9, 0.999),
2023-12-26 12:36:25 - eps: 1e-08,
2023-12-26 12:36:25 - weight_decay: 0.01,
2023-12-26 12:36:25 - amsgrad: False,
2023-12-26 12:36:25 - sch: CosineAnnealingLR,
2023-12-26 12:36:25 - T_max: 50,
2023-12-26 12:36:25 - eta_min: 1e-05,
2023-12-26 12:36:25 - last_epoch: -1,
INFO:root:epoch:0 train_eval_loss-->24.890872,train_acc-->0.094822,test_eval_loss-->26.063202,test_acc===0.180714
INFO:root:epoch:1 train_eval_loss-->20.067322,train_acc-->0.105115,test_eval_loss-->19.617760,test_acc===0.069286
INFO:root:epoch:2 train_eval_loss-->16.867312,train_acc-->0.142233,test_eval_loss-->18.368416,test_acc===0.199286
INFO:root:epoch:3 train_eval_loss-->15.166442,train_acc-->0.211946,test_eval_loss-->17.153549,test_acc===0.263571
INFO:root:epoch:4 train_eval_loss-->14.451120,train_acc-->0.223331,test_eval_loss-->17.484591,test_acc===0.131429
INFO:root:epoch:5 train_eval_loss-->14.891681,train_acc-->0.183562,test_eval_loss-->16.804415,test_acc===0.202857
INFO:root:epoch:6 train_eval_loss-->13.053261,train_acc-->0.218808,test_eval_loss-->16.809166,test_acc===0.272857
INFO:root:epoch:7 train_eval_loss-->12.570703,train_acc-->0.288366,test_eval_loss-->14.847705,test_acc===0.311429
INFO:root:epoch:8 train_eval_loss-->12.399442,train_acc-->0.337804,test_eval_loss-->12.647857,test_acc===0.374286
INFO:root:epoch:9 train_eval_loss-->13.743427,train_acc-->0.267935,test_eval_loss-->13.966435,test_acc===0.127143
INFO:root:epoch:10 train_eval_loss-->12.825652,train_acc-->0.282907,test_eval_loss-->14.088541,test_acc===0.184286
INFO:root:epoch:11 train_eval_loss-->12.883653,train_acc-->0.286806,test_eval_loss-->15.571314,test_acc===0.222143
INFO:root:epoch:12 train_eval_loss-->13.089814,train_acc-->0.331254,test_eval_loss-->15.756501,test_acc===0.355000
INFO:root:epoch:13 train_eval_loss-->12.624222,train_acc-->0.373518,test_eval_loss-->15.343534,test_acc===0.342143
INFO:root:epoch:14 train_eval_loss-->12.464860,train_acc-->0.354959,test_eval_loss-->13.258951,test_acc===0.202143
