2023-12-06 10:32:07 - #----------Config info----------#
2023-12-06 10:32:07 - network: Pointneted_plus,
2023-12-06 10:32:07 - data_path: /media/yxz/新加卷/teeth_ct_points/CT3Dpoints/,
2023-12-06 10:32:07 - label_path: /media/yxz/新加卷/teeth_ct_points/CT3Dpoints/三维坐标表格.xlsx,
2023-12-06 10:32:07 - pretrained_path: ./pre_trained/,
2023-12-06 10:32:07 - cfg: [32, 64, 128, 256, 512, 128, 256, 128, 64, 32, 16],
2023-12-06 10:32:07 - num_classes: 6,
2023-12-06 10:32:07 - input_size_h: 512,
2023-12-06 10:32:07 - input_size_w: 512,
2023-12-06 10:32:07 - input_channels: 64,
2023-12-06 10:32:07 - distributed: False,
2023-12-06 10:32:07 - local_rank: -1,
2023-12-06 10:32:07 - num_workers: 4,
2023-12-06 10:32:07 - seed: 42,
2023-12-06 10:32:07 - world_size: None,
2023-12-06 10:32:07 - rank: None,
2023-12-06 10:32:07 - amp: False,
2023-12-06 10:32:07 - l2_lambda: 0.01,
2023-12-06 10:32:07 - gpu_id: 0,
2023-12-06 10:32:07 - batch_size: 3,
2023-12-06 10:32:07 - val_bs: 1,
2023-12-06 10:32:07 - epochs: 800,
2023-12-06 10:32:07 - deep_supervision: True,
2023-12-06 10:32:07 - tailadd: True,
2023-12-06 10:32:07 - threshold: 8.660254037844387,
2023-12-06 10:32:07 - rand_data: False,
2023-12-06 10:32:07 - mean_common: False,
2023-12-06 10:32:07 - horizontal_flip: True,
2023-12-06 10:32:07 - train_mean: [38.167084, 36.47113, 35.658463, 34.7275, 34.397972, 34.392757, 33.96709, 34.126865, 34.28234, 33.729267, 32.7962, 32.064926, 31.681631, 31.124203, 30.844501, 31.361849, 32.73974, 34.215652, 36.648277, 38.611458, 40.539837, 42.120747, 43.28669, 44.45494, 45.614132, 46.21989, 47.45023, 48.500004, 49.44821, 50.419426, 52.140045, 53.649082, 54.722622, 55.427254, 55.996006, 56.55678, 57.03274, 56.78339, 56.16994, 56.052105, 56.084873, 55.73664, 55.51461, 54.455627, 53.19349, 51.708523, 50.496777, 48.39798, 46.618237],
2023-12-06 10:32:07 - train_std: [52.12329, 51.107494, 50.941055, 50.223755, 50.00628, 50.154346, 49.390217, 49.584064, 49.46689, 48.635002, 46.955963, 45.86415, 45.254314, 44.008198, 43.081245, 43.15782, 44.181343, 45.16833, 47.433487, 48.60615, 50.44894, 51.635715, 52.542904, 53.638527, 54.554443, 54.860928, 55.634895, 56.127644, 56.314377, 56.52658, 57.31575, 57.992775, 58.40813, 58.65052, 58.6726, 58.786034, 59.043797, 59.15101, 58.878242, 59.1303, 59.565495, 59.95643, 60.605595, 60.74457, 60.784153, 60.811424, 61.18004, 60.75567, 60.8064],
2023-12-06 10:32:07 - val_mean: [39.743374, 38.122738, 37.19561, 35.71686, 35.202812, 34.790627, 34.621647, 34.678947, 34.44854, 33.327152, 32.52173, 31.267305, 30.603254, 30.013475, 29.536041, 30.480452, 31.952286, 33.71057, 36.010574, 38.201912, 39.313183, 42.94376, 44.53766, 45.518337, 46.94797, 46.58542, 47.49811, 48.238167, 51.026104, 52.292915, 52.69654, 53.169758, 53.87486, 55.697067, 57.654236, 57.586315, 57.758514, 57.174618, 57.736595, 57.24419, 57.544117, 57.37176, 56.43062, 55.96641, 55.325653, 53.10815, 52.179287, 50.27785, 47.04305],
2023-12-06 10:32:07 - val_std: [53.15056, 52.15993, 51.616505, 50.33102, 50.21509, 50.081203, 50.03935, 49.86299, 49.531567, 48.28274, 46.95426, 45.172287, 43.96861, 42.88531, 41.24616, 42.37183, 43.43441, 44.75589, 46.571957, 48.567627, 49.173023, 51.97025, 53.31617, 54.147503, 55.217754, 54.256313, 54.82137, 55.228252, 57.024765, 57.493202, 57.21687, 57.12449, 57.009945, 58.07164, 58.968643, 58.816093, 58.97068, 58.471672, 58.976105, 58.958794, 59.510704, 60.026344, 60.16703, 60.841858, 61.621956, 61.22611, 61.83866, 62.08808, 61.1031],
2023-12-06 10:32:07 - work_dir: results/Pointneted_plus_Wednesday_06_December_2023_10h_32m_07s/,
2023-12-06 10:32:07 - tensor_size: 0,
2023-12-06 10:32:07 - train_transformer: Compose(
    <utils.myToTensor object at 0x7faff9b0ca30>
    <utils.myResize object at 0x7faff9b0cac0>
),
2023-12-06 10:32:07 - test_transformer: Compose(
    <utils.myToTensor object at 0x7faff9b0cd30>
    <utils.myResize object at 0x7faff9b0cd60>
),
2023-12-06 10:32:07 - opt: AdamW,
2023-12-06 10:32:07 - lr: 0.001,
2023-12-06 10:32:07 - betas: (0.9, 0.999),
2023-12-06 10:32:07 - eps: 1e-08,
2023-12-06 10:32:07 - weight_decay: 0.01,
2023-12-06 10:32:07 - amsgrad: False,
2023-12-06 10:32:07 - sch: CosineAnnealingLR,
2023-12-06 10:32:07 - T_max: 50,
2023-12-06 10:32:07 - eta_min: 1e-05,
2023-12-06 10:32:07 - last_epoch: -1,
INFO:root:train--mean-->[38.167084 36.47113  35.658463 34.7275   34.397972 34.392757 33.96709
 34.126865 34.28234  33.729267 32.7962   32.064926 31.681631 31.124203
 30.844501 31.361849 32.73974  34.215652 36.648277 38.611458 40.539837
 42.120747 43.28669  44.45494  45.614132 46.21989  47.45023  48.500004
 49.44821  50.419426 52.140045 53.649082 54.722622 55.427254 55.996006
 56.55678  57.03274  56.78339  56.16994  56.052105 56.084873 55.73664
 55.51461  54.455627 53.19349  51.708523 50.496777 48.39798  46.618237]
INFO:root:train--std-->[52.12329  51.107494 50.941055 50.223755 50.00628  50.154346 49.390217
 49.584064 49.46689  48.635002 46.955963 45.86415  45.254314 44.008198
 43.081245 43.15782  44.181343 45.16833  47.433487 48.60615  50.44894
 51.635715 52.542904 53.638527 54.554443 54.860928 55.634895 56.127644
 56.314377 56.52658  57.31575  57.992775 58.40813  58.65052  58.6726
 58.786034 59.043797 59.15101  58.878242 59.1303   59.565495 59.95643
 60.605595 60.74457  60.784153 60.811424 61.18004  60.75567  60.8064  ]
INFO:root:val--mean-->[39.743374 38.122738 37.19561  35.71686  35.202812 34.790627 34.621647
 34.678947 34.44854  33.327152 32.52173  31.267305 30.603254 30.013475
 29.536041 30.480452 31.952286 33.71057  36.010574 38.201912 39.313183
 42.94376  44.53766  45.518337 46.94797  46.58542  47.49811  48.238167
 51.026104 52.292915 52.69654  53.169758 53.87486  55.697067 57.654236
 57.586315 57.758514 57.174618 57.736595 57.24419  57.544117 57.37176
 56.43062  55.96641  55.325653 53.10815  52.179287 50.27785  47.04305 ]
INFO:root:val--std-->[53.15056  52.15993  51.616505 50.33102  50.21509  50.081203 50.03935
 49.86299  49.531567 48.28274  46.95426  45.172287 43.96861  42.88531
 41.24616  42.37183  43.43441  44.75589  46.571957 48.567627 49.173023
 51.97025  53.31617  54.147503 55.217754 54.256313 54.82137  55.228252
 57.024765 57.493202 57.21687  57.12449  57.009945 58.07164  58.968643
 58.816093 58.97068  58.471672 58.976105 58.958794 59.510704 60.026344
 60.16703  60.841858 61.621956 61.22611  61.83866  62.08808  61.1031  ]
INFO:root:real_input_channels-->49
INFO:root:epoch:0 train_eval_loss-->7.016847,train_acc-->0.051622,test_eval_loss-->9.981478,test_acc===0.044118
INFO:root:epoch:1 train_eval_loss-->5.115843,train_acc-->0.097345,test_eval_loss-->9.369009,test_acc===0.083333
INFO:root:epoch:2 train_eval_loss-->4.734814,train_acc-->0.109145,test_eval_loss-->8.890710,test_acc===0.205882
INFO:root:epoch:3 train_eval_loss-->4.346901,train_acc-->0.140118,test_eval_loss-->8.883225,test_acc===0.044118
INFO:root:epoch:4 train_eval_loss-->4.142465,train_acc-->0.137168,test_eval_loss-->8.661215,test_acc===0.093137
INFO:root:epoch:5 train_eval_loss-->4.024120,train_acc-->0.163717,test_eval_loss-->8.640371,test_acc===0.127451
INFO:root:epoch:6 train_eval_loss-->3.887663,train_acc-->0.168142,test_eval_loss-->8.483670,test_acc===0.142157
INFO:root:epoch:7 train_eval_loss-->3.775735,train_acc-->0.219764,test_eval_loss-->8.291601,test_acc===0.205882
INFO:root:epoch:8 train_eval_loss-->3.759396,train_acc-->0.184366,test_eval_loss-->8.193189,test_acc===0.186275
INFO:root:epoch:9 train_eval_loss-->3.668851,train_acc-->0.191740,test_eval_loss-->8.282927,test_acc===0.210784
INFO:root:epoch:10 train_eval_loss-->3.666823,train_acc-->0.185841,test_eval_loss-->8.206525,test_acc===0.215686
INFO:root:epoch:11 train_eval_loss-->3.619439,train_acc-->0.246313,test_eval_loss-->8.068835,test_acc===0.294118
INFO:root:epoch:12 train_eval_loss-->3.486278,train_acc-->0.272861,test_eval_loss-->8.025320,test_acc===0.323529
INFO:root:epoch:13 train_eval_loss-->3.418695,train_acc-->0.336283,test_eval_loss-->8.062853,test_acc===0.269608
INFO:root:epoch:14 train_eval_loss-->3.400749,train_acc-->0.367257,test_eval_loss-->8.063527,test_acc===0.240196
INFO:root:epoch:15 train_eval_loss-->3.423415,train_acc-->0.286136,test_eval_loss-->7.932508,test_acc===0.367647
INFO:root:epoch:16 train_eval_loss-->3.320567,train_acc-->0.351032,test_eval_loss-->7.961864,test_acc===0.348039
INFO:root:epoch:17 train_eval_loss-->3.431471,train_acc-->0.283186,test_eval_loss-->8.348270,test_acc===0.063725
INFO:root:epoch:18 train_eval_loss-->3.335463,train_acc-->0.389381,test_eval_loss-->7.881374,test_acc===0.426471
INFO:root:epoch:19 train_eval_loss-->3.275361,train_acc-->0.405605,test_eval_loss-->7.920285,test_acc===0.367647
INFO:root:epoch:20 train_eval_loss-->3.254455,train_acc-->0.417404,test_eval_loss-->8.109328,test_acc===0.235294
INFO:root:epoch:21 train_eval_loss-->3.249625,train_acc-->0.412979,test_eval_loss-->7.879595,test_acc===0.377451
INFO:root:epoch:22 train_eval_loss-->3.159068,train_acc-->0.479351,test_eval_loss-->7.809613,test_acc===0.426471
INFO:root:epoch:23 train_eval_loss-->3.153002,train_acc-->0.507375,test_eval_loss-->7.831583,test_acc===0.470588
INFO:root:epoch:24 train_eval_loss-->3.098076,train_acc-->0.592920,test_eval_loss-->7.780089,test_acc===0.524510
INFO:root:epoch:25 train_eval_loss-->3.120414,train_acc-->0.525074,test_eval_loss-->7.856172,test_acc===0.426471
INFO:root:epoch:26 train_eval_loss-->3.081773,train_acc-->0.604720,test_eval_loss-->7.775332,test_acc===0.495098
INFO:root:epoch:27 train_eval_loss-->3.065257,train_acc-->0.589971,test_eval_loss-->7.749761,test_acc===0.534314
INFO:root:epoch:28 train_eval_loss-->3.041876,train_acc-->0.625369,test_eval_loss-->7.764899,test_acc===0.529412
INFO:root:epoch:29 train_eval_loss-->3.019231,train_acc-->0.656342,test_eval_loss-->7.703764,test_acc===0.593137
INFO:root:epoch:30 train_eval_loss-->2.974798,train_acc-->0.702065,test_eval_loss-->7.740366,test_acc===0.558824
INFO:root:epoch:31 train_eval_loss-->2.977425,train_acc-->0.728614,test_eval_loss-->7.748434,test_acc===0.553922
INFO:root:epoch:32 train_eval_loss-->2.959579,train_acc-->0.733038,test_eval_loss-->7.722317,test_acc===0.549020
INFO:root:epoch:33 train_eval_loss-->2.949138,train_acc-->0.727139,test_eval_loss-->7.739421,test_acc===0.563725
INFO:root:epoch:34 train_eval_loss-->2.916894,train_acc-->0.777286,test_eval_loss-->7.715198,test_acc===0.568627
INFO:root:epoch:35 train_eval_loss-->2.879821,train_acc-->0.820059,test_eval_loss-->7.692415,test_acc===0.578431
INFO:root:epoch:36 train_eval_loss-->2.862075,train_acc-->0.852507,test_eval_loss-->7.735153,test_acc===0.504902
INFO:root:epoch:37 train_eval_loss-->2.852161,train_acc-->0.848083,test_eval_loss-->7.711724,test_acc===0.553922
INFO:root:epoch:38 train_eval_loss-->2.840827,train_acc-->0.861357,test_eval_loss-->7.725083,test_acc===0.563725
INFO:root:epoch:39 train_eval_loss-->2.840406,train_acc-->0.862832,test_eval_loss-->7.721235,test_acc===0.553922
INFO:root:epoch:40 train_eval_loss-->2.822541,train_acc-->0.868732,test_eval_loss-->7.727171,test_acc===0.573529
INFO:root:epoch:41 train_eval_loss-->2.808440,train_acc-->0.870206,test_eval_loss-->7.705786,test_acc===0.593137
INFO:root:epoch:42 train_eval_loss-->2.788724,train_acc-->0.899705,test_eval_loss-->7.685924,test_acc===0.602941
INFO:root:epoch:43 train_eval_loss-->2.785847,train_acc-->0.889381,test_eval_loss-->7.692654,test_acc===0.588235
INFO:root:epoch:44 train_eval_loss-->2.776540,train_acc-->0.901180,test_eval_loss-->7.686022,test_acc===0.568627
INFO:root:epoch:45 train_eval_loss-->2.775193,train_acc-->0.905605,test_eval_loss-->7.678542,test_acc===0.607843
INFO:root:epoch:46 train_eval_loss-->2.769982,train_acc-->0.899705,test_eval_loss-->7.675248,test_acc===0.593137
INFO:root:epoch:47 train_eval_loss-->2.769867,train_acc-->0.895280,test_eval_loss-->7.682522,test_acc===0.607843
INFO:root:epoch:48 train_eval_loss-->2.757925,train_acc-->0.899705,test_eval_loss-->7.688683,test_acc===0.588235
INFO:root:epoch:49 train_eval_loss-->2.757583,train_acc-->0.904130,test_eval_loss-->7.674043,test_acc===0.602941
INFO:root:epoch:50 train_eval_loss-->2.758115,train_acc-->0.905605,test_eval_loss-->7.665402,test_acc===0.617647
INFO:root:epoch:51 train_eval_loss-->2.761348,train_acc-->0.904130,test_eval_loss-->7.687593,test_acc===0.598039
INFO:root:epoch:52 train_eval_loss-->2.754916,train_acc-->0.899705,test_eval_loss-->7.675488,test_acc===0.602941
INFO:root:epoch:53 train_eval_loss-->2.759980,train_acc-->0.905605,test_eval_loss-->7.681691,test_acc===0.612745
INFO:root:epoch:54 train_eval_loss-->2.753036,train_acc-->0.911504,test_eval_loss-->7.677118,test_acc===0.612745
INFO:root:epoch:55 train_eval_loss-->2.754066,train_acc-->0.904130,test_eval_loss-->7.695866,test_acc===0.593137
INFO:root:epoch:56 train_eval_loss-->2.766924,train_acc-->0.895280,test_eval_loss-->7.655722,test_acc===0.612745
INFO:root:epoch:57 train_eval_loss-->2.759742,train_acc-->0.910029,test_eval_loss-->7.672909,test_acc===0.593137
INFO:root:epoch:58 train_eval_loss-->2.766005,train_acc-->0.901180,test_eval_loss-->7.682650,test_acc===0.593137
INFO:root:epoch:59 train_eval_loss-->2.758464,train_acc-->0.914454,test_eval_loss-->7.664196,test_acc===0.602941
INFO:root:epoch:60 train_eval_loss-->2.776718,train_acc-->0.899705,test_eval_loss-->7.667895,test_acc===0.607843
INFO:root:epoch:61 train_eval_loss-->2.781147,train_acc-->0.905605,test_eval_loss-->7.707699,test_acc===0.568627
INFO:root:epoch:62 train_eval_loss-->2.781436,train_acc-->0.907080,test_eval_loss-->7.702873,test_acc===0.578431
INFO:root:epoch:63 train_eval_loss-->2.775502,train_acc-->0.904130,test_eval_loss-->7.707992,test_acc===0.573529
INFO:root:epoch:64 train_eval_loss-->2.807837,train_acc-->0.884956,test_eval_loss-->7.683391,test_acc===0.588235
INFO:root:epoch:65 train_eval_loss-->2.811453,train_acc-->0.880531,test_eval_loss-->7.743136,test_acc===0.563725
INFO:root:epoch:66 train_eval_loss-->2.829578,train_acc-->0.874631,test_eval_loss-->7.789656,test_acc===0.475490
INFO:root:epoch:67 train_eval_loss-->2.870083,train_acc-->0.803835,test_eval_loss-->7.731348,test_acc===0.578431
INFO:root:epoch:68 train_eval_loss-->2.876389,train_acc-->0.792035,test_eval_loss-->7.770319,test_acc===0.485294
INFO:root:epoch:69 train_eval_loss-->2.890160,train_acc-->0.806785,test_eval_loss-->7.747476,test_acc===0.529412
INFO:root:epoch:70 train_eval_loss-->2.913148,train_acc-->0.743363,test_eval_loss-->7.884192,test_acc===0.323529
INFO:root:epoch:71 train_eval_loss-->2.915309,train_acc-->0.750737,test_eval_loss-->7.744384,test_acc===0.588235
INFO:root:epoch:72 train_eval_loss-->2.902752,train_acc-->0.771386,test_eval_loss-->7.811694,test_acc===0.485294
INFO:root:epoch:73 train_eval_loss-->2.926875,train_acc-->0.738938,test_eval_loss-->7.763803,test_acc===0.553922
INFO:root:epoch:74 train_eval_loss-->2.917128,train_acc-->0.769912,test_eval_loss-->7.757300,test_acc===0.539216
INFO:root:epoch:75 train_eval_loss-->2.909585,train_acc-->0.777286,test_eval_loss-->7.711436,test_acc===0.549020
INFO:root:epoch:76 train_eval_loss-->2.885796,train_acc-->0.789086,test_eval_loss-->7.781641,test_acc===0.480392
INFO:root:epoch:77 train_eval_loss-->2.911511,train_acc-->0.774336,test_eval_loss-->7.812071,test_acc===0.539216
INFO:root:epoch:78 train_eval_loss-->2.926592,train_acc-->0.762537,test_eval_loss-->7.731726,test_acc===0.553922
INFO:root:epoch:79 train_eval_loss-->2.915283,train_acc-->0.752212,test_eval_loss-->7.760316,test_acc===0.495098
INFO:root:epoch:80 train_eval_loss-->2.914783,train_acc-->0.753687,test_eval_loss-->7.741010,test_acc===0.519608
INFO:root:epoch:81 train_eval_loss-->2.911873,train_acc-->0.762537,test_eval_loss-->7.738454,test_acc===0.529412
INFO:root:epoch:82 train_eval_loss-->2.910271,train_acc-->0.759587,test_eval_loss-->7.832303,test_acc===0.446078
INFO:root:epoch:83 train_eval_loss-->2.993968,train_acc-->0.623894,test_eval_loss-->7.794738,test_acc===0.480392
INFO:root:epoch:84 train_eval_loss-->2.970780,train_acc-->0.675516,test_eval_loss-->7.863883,test_acc===0.406863
INFO:root:epoch:85 train_eval_loss-->3.040146,train_acc-->0.572271,test_eval_loss-->7.886795,test_acc===0.348039
INFO:root:epoch:86 train_eval_loss-->2.990145,train_acc-->0.659292,test_eval_loss-->7.839955,test_acc===0.441176
INFO:root:epoch:87 train_eval_loss-->2.958024,train_acc-->0.697640,test_eval_loss-->7.878093,test_acc===0.367647
INFO:root:epoch:88 train_eval_loss-->2.965577,train_acc-->0.678466,test_eval_loss-->7.766008,test_acc===0.514706
INFO:root:epoch:89 train_eval_loss-->2.977945,train_acc-->0.665192,test_eval_loss-->7.750964,test_acc===0.549020
INFO:root:epoch:90 train_eval_loss-->2.993426,train_acc-->0.644543,test_eval_loss-->7.703065,test_acc===0.573529
INFO:root:epoch:91 train_eval_loss-->2.934967,train_acc-->0.719764,test_eval_loss-->7.742042,test_acc===0.573529
INFO:root:epoch:92 train_eval_loss-->2.925826,train_acc-->0.740413,test_eval_loss-->7.782469,test_acc===0.475490
INFO:root:epoch:93 train_eval_loss-->2.911913,train_acc-->0.766962,test_eval_loss-->7.748666,test_acc===0.539216
INFO:root:epoch:94 train_eval_loss-->2.911540,train_acc-->0.780236,test_eval_loss-->7.785828,test_acc===0.431373
INFO:root:epoch:95 train_eval_loss-->2.999098,train_acc-->0.637168,test_eval_loss-->7.982195,test_acc===0.264706
INFO:root:epoch:96 train_eval_loss-->2.945758,train_acc-->0.674041,test_eval_loss-->7.738573,test_acc===0.593137
INFO:root:epoch:97 train_eval_loss-->2.997993,train_acc-->0.623894,test_eval_loss-->7.835459,test_acc===0.406863
INFO:root:epoch:98 train_eval_loss-->2.951065,train_acc-->0.716814,test_eval_loss-->7.749971,test_acc===0.524510
INFO:root:epoch:99 train_eval_loss-->2.903120,train_acc-->0.772861,test_eval_loss-->7.748528,test_acc===0.524510
INFO:root:epoch:100 train_eval_loss-->2.888006,train_acc-->0.778761,test_eval_loss-->7.792240,test_acc===0.529412
INFO:root:epoch:101 train_eval_loss-->2.922507,train_acc-->0.747788,test_eval_loss-->7.742845,test_acc===0.558824
INFO:root:epoch:102 train_eval_loss-->2.890216,train_acc-->0.775811,test_eval_loss-->7.746279,test_acc===0.524510
INFO:root:epoch:103 train_eval_loss-->2.901980,train_acc-->0.764012,test_eval_loss-->7.733170,test_acc===0.500000
INFO:root:epoch:104 train_eval_loss-->2.895782,train_acc-->0.759587,test_eval_loss-->7.798665,test_acc===0.504902
INFO:root:epoch:105 train_eval_loss-->2.905519,train_acc-->0.750737,test_eval_loss-->7.742305,test_acc===0.490196
INFO:root:epoch:106 train_eval_loss-->2.915738,train_acc-->0.731563,test_eval_loss-->7.790958,test_acc===0.524510
INFO:root:epoch:107 train_eval_loss-->2.920873,train_acc-->0.752212,test_eval_loss-->7.752301,test_acc===0.583333
INFO:root:epoch:108 train_eval_loss-->2.899876,train_acc-->0.768437,test_eval_loss-->7.729884,test_acc===0.598039
INFO:root:epoch:109 train_eval_loss-->2.877665,train_acc-->0.809735,test_eval_loss-->7.883977,test_acc===0.392157
INFO:root:epoch:110 train_eval_loss-->2.970129,train_acc-->0.653392,test_eval_loss-->7.685648,test_acc===0.593137
INFO:root:epoch:111 train_eval_loss-->2.882564,train_acc-->0.781711,test_eval_loss-->7.723052,test_acc===0.583333
INFO:root:epoch:112 train_eval_loss-->2.810383,train_acc-->0.882006,test_eval_loss-->7.720091,test_acc===0.539216
INFO:root:epoch:113 train_eval_loss-->2.760725,train_acc-->0.930678,test_eval_loss-->7.652554,test_acc===0.598039
INFO:root:epoch:114 train_eval_loss-->2.754730,train_acc-->0.941003,test_eval_loss-->7.673161,test_acc===0.612745
INFO:root:epoch:115 train_eval_loss-->2.736572,train_acc-->0.952802,test_eval_loss-->7.696297,test_acc===0.593137
INFO:root:epoch:116 train_eval_loss-->2.776051,train_acc-->0.924779,test_eval_loss-->7.695631,test_acc===0.573529
INFO:root:epoch:117 train_eval_loss-->2.776273,train_acc-->0.917404,test_eval_loss-->7.692131,test_acc===0.602941
INFO:root:epoch:118 train_eval_loss-->2.846065,train_acc-->0.830383,test_eval_loss-->7.752746,test_acc===0.509804
INFO:root:epoch:119 train_eval_loss-->2.794436,train_acc-->0.895280,test_eval_loss-->7.623010,test_acc===0.671569
INFO:root:epoch:120 train_eval_loss-->2.738159,train_acc-->0.951327,test_eval_loss-->7.717772,test_acc===0.568627
INFO:root:epoch:121 train_eval_loss-->2.749758,train_acc-->0.924779,test_eval_loss-->7.624632,test_acc===0.651961
INFO:root:epoch:122 train_eval_loss-->2.704977,train_acc-->0.974926,test_eval_loss-->7.691310,test_acc===0.588235
INFO:root:epoch:123 train_eval_loss-->2.689185,train_acc-->0.982301,test_eval_loss-->7.656050,test_acc===0.617647
INFO:root:epoch:124 train_eval_loss-->2.680910,train_acc-->0.982301,test_eval_loss-->7.644454,test_acc===0.632353
INFO:root:epoch:125 train_eval_loss-->2.686697,train_acc-->0.971976,test_eval_loss-->7.628154,test_acc===0.627451
INFO:root:epoch:126 train_eval_loss-->2.658436,train_acc-->0.977876,test_eval_loss-->7.641776,test_acc===0.602941
INFO:root:epoch:127 train_eval_loss-->2.669827,train_acc-->0.980826,test_eval_loss-->7.632599,test_acc===0.656863
INFO:root:epoch:128 train_eval_loss-->2.650501,train_acc-->0.988201,test_eval_loss-->7.635500,test_acc===0.617647
INFO:root:epoch:129 train_eval_loss-->2.644601,train_acc-->0.982301,test_eval_loss-->7.638246,test_acc===0.647059
INFO:root:epoch:130 train_eval_loss-->2.625530,train_acc-->0.992625,test_eval_loss-->7.645715,test_acc===0.622549
INFO:root:epoch:131 train_eval_loss-->2.627371,train_acc-->0.991150,test_eval_loss-->7.617498,test_acc===0.637255
INFO:root:epoch:132 train_eval_loss-->2.603228,train_acc-->0.997050,test_eval_loss-->7.597898,test_acc===0.656863
INFO:root:epoch:133 train_eval_loss-->2.590878,train_acc-->0.995575,test_eval_loss-->7.600034,test_acc===0.666667
INFO:root:epoch:134 train_eval_loss-->2.579857,train_acc-->0.998525,test_eval_loss-->7.607184,test_acc===0.656863
INFO:root:epoch:135 train_eval_loss-->2.575211,train_acc-->0.995575,test_eval_loss-->7.606132,test_acc===0.656863
INFO:root:epoch:136 train_eval_loss-->2.572771,train_acc-->0.997050,test_eval_loss-->7.616445,test_acc===0.642157
INFO:root:epoch:137 train_eval_loss-->2.560721,train_acc-->0.997050,test_eval_loss-->7.610611,test_acc===0.671569
INFO:root:epoch:138 train_eval_loss-->2.556634,train_acc-->0.997050,test_eval_loss-->7.586201,test_acc===0.681373
INFO:root:epoch:139 train_eval_loss-->2.548233,train_acc-->1.000000,test_eval_loss-->7.592393,test_acc===0.671569
INFO:root:epoch:140 train_eval_loss-->2.541923,train_acc-->0.997050,test_eval_loss-->7.584237,test_acc===0.661765
INFO:root:epoch:141 train_eval_loss-->2.535364,train_acc-->0.998525,test_eval_loss-->7.586176,test_acc===0.666667
INFO:root:epoch:142 train_eval_loss-->2.532913,train_acc-->0.998525,test_eval_loss-->7.598526,test_acc===0.647059
INFO:root:epoch:143 train_eval_loss-->2.527059,train_acc-->1.000000,test_eval_loss-->7.598504,test_acc===0.666667
INFO:root:epoch:144 train_eval_loss-->2.528295,train_acc-->1.000000,test_eval_loss-->7.587688,test_acc===0.676471
INFO:root:epoch:145 train_eval_loss-->2.525283,train_acc-->0.998525,test_eval_loss-->7.575728,test_acc===0.671569
INFO:root:epoch:146 train_eval_loss-->2.518865,train_acc-->0.998525,test_eval_loss-->7.588408,test_acc===0.666667
INFO:root:epoch:147 train_eval_loss-->2.519103,train_acc-->1.000000,test_eval_loss-->7.581396,test_acc===0.676471
INFO:root:epoch:148 train_eval_loss-->2.517927,train_acc-->1.000000,test_eval_loss-->7.564717,test_acc===0.700980
INFO:root:epoch:149 train_eval_loss-->2.513392,train_acc-->1.000000,test_eval_loss-->7.593202,test_acc===0.676471
INFO:root:epoch:150 train_eval_loss-->2.516117,train_acc-->1.000000,test_eval_loss-->7.583972,test_acc===0.691176
INFO:root:epoch:151 train_eval_loss-->2.517229,train_acc-->0.998525,test_eval_loss-->7.590537,test_acc===0.676471
INFO:root:epoch:152 train_eval_loss-->2.517336,train_acc-->1.000000,test_eval_loss-->7.589261,test_acc===0.666667
INFO:root:epoch:153 train_eval_loss-->2.511668,train_acc-->0.998525,test_eval_loss-->7.599297,test_acc===0.676471
INFO:root:epoch:154 train_eval_loss-->2.519755,train_acc-->1.000000,test_eval_loss-->7.597281,test_acc===0.656863
INFO:root:epoch:155 train_eval_loss-->2.514743,train_acc-->0.998525,test_eval_loss-->7.592623,test_acc===0.666667
INFO:root:epoch:156 train_eval_loss-->2.517978,train_acc-->0.998525,test_eval_loss-->7.605416,test_acc===0.661765
INFO:root:epoch:157 train_eval_loss-->2.517691,train_acc-->0.998525,test_eval_loss-->7.583955,test_acc===0.676471
INFO:root:epoch:158 train_eval_loss-->2.521230,train_acc-->0.998525,test_eval_loss-->7.588995,test_acc===0.691176
INFO:root:epoch:159 train_eval_loss-->2.522436,train_acc-->1.000000,test_eval_loss-->7.604073,test_acc===0.686275
INFO:root:epoch:160 train_eval_loss-->2.525959,train_acc-->0.998525,test_eval_loss-->7.611466,test_acc===0.656863
INFO:root:epoch:161 train_eval_loss-->2.531975,train_acc-->0.998525,test_eval_loss-->7.609667,test_acc===0.642157
INFO:root:epoch:162 train_eval_loss-->2.536208,train_acc-->0.998525,test_eval_loss-->7.609845,test_acc===0.651961
INFO:root:epoch:163 train_eval_loss-->2.534308,train_acc-->0.998525,test_eval_loss-->7.590151,test_acc===0.637255
INFO:root:epoch:164 train_eval_loss-->2.538643,train_acc-->1.000000,test_eval_loss-->7.590594,test_acc===0.686275
INFO:root:epoch:165 train_eval_loss-->2.563988,train_acc-->0.997050,test_eval_loss-->7.587310,test_acc===0.681373
INFO:root:epoch:166 train_eval_loss-->2.575000,train_acc-->1.000000,test_eval_loss-->7.610442,test_acc===0.661765
INFO:root:epoch:167 train_eval_loss-->2.583935,train_acc-->0.994100,test_eval_loss-->7.578527,test_acc===0.720588
INFO:root:epoch:168 train_eval_loss-->2.590230,train_acc-->0.997050,test_eval_loss-->7.595392,test_acc===0.686275
INFO:root:epoch:169 train_eval_loss-->2.600489,train_acc-->0.991150,test_eval_loss-->7.594520,test_acc===0.671569
INFO:root:epoch:170 train_eval_loss-->2.637002,train_acc-->0.983776,test_eval_loss-->7.637380,test_acc===0.612745
INFO:root:epoch:171 train_eval_loss-->2.622705,train_acc-->0.994100,test_eval_loss-->7.626489,test_acc===0.647059
INFO:root:epoch:172 train_eval_loss-->2.645202,train_acc-->0.980826,test_eval_loss-->7.610406,test_acc===0.676471
INFO:root:epoch:173 train_eval_loss-->2.643247,train_acc-->0.994100,test_eval_loss-->7.617933,test_acc===0.681373
INFO:root:epoch:174 train_eval_loss-->2.679641,train_acc-->0.982301,test_eval_loss-->7.633514,test_acc===0.647059
INFO:root:epoch:175 train_eval_loss-->2.658254,train_acc-->0.976401,test_eval_loss-->7.630065,test_acc===0.622549
INFO:root:epoch:176 train_eval_loss-->2.693156,train_acc-->0.960177,test_eval_loss-->7.684147,test_acc===0.602941
INFO:root:epoch:177 train_eval_loss-->2.714849,train_acc-->0.961652,test_eval_loss-->7.653678,test_acc===0.632353
INFO:root:epoch:178 train_eval_loss-->2.685977,train_acc-->0.979351,test_eval_loss-->7.638774,test_acc===0.647059
INFO:root:epoch:179 train_eval_loss-->2.711368,train_acc-->0.948378,test_eval_loss-->7.661687,test_acc===0.588235
INFO:root:epoch:180 train_eval_loss-->2.723354,train_acc-->0.957227,test_eval_loss-->7.730733,test_acc===0.509804
INFO:root:epoch:181 train_eval_loss-->2.757541,train_acc-->0.921829,test_eval_loss-->7.674739,test_acc===0.607843
INFO:root:epoch:182 train_eval_loss-->2.784944,train_acc-->0.898230,test_eval_loss-->7.704101,test_acc===0.607843
INFO:root:epoch:183 train_eval_loss-->2.803925,train_acc-->0.874631,test_eval_loss-->7.672475,test_acc===0.602941
INFO:root:epoch:184 train_eval_loss-->2.804735,train_acc-->0.882006,test_eval_loss-->7.768556,test_acc===0.534314
INFO:root:epoch:185 train_eval_loss-->2.790547,train_acc-->0.895280,test_eval_loss-->7.701671,test_acc===0.578431
INFO:root:epoch:186 train_eval_loss-->2.779442,train_acc-->0.907080,test_eval_loss-->7.739053,test_acc===0.553922
INFO:root:epoch:187 train_eval_loss-->2.871391,train_acc-->0.731563,test_eval_loss-->7.710596,test_acc===0.593137
INFO:root:epoch:188 train_eval_loss-->2.777679,train_acc-->0.910029,test_eval_loss-->7.727664,test_acc===0.504902
INFO:root:epoch:189 train_eval_loss-->2.795982,train_acc-->0.873156,test_eval_loss-->7.670510,test_acc===0.563725
INFO:root:epoch:190 train_eval_loss-->2.759686,train_acc-->0.927729,test_eval_loss-->7.729015,test_acc===0.612745
INFO:root:epoch:191 train_eval_loss-->2.785022,train_acc-->0.899705,test_eval_loss-->7.711606,test_acc===0.578431
INFO:root:epoch:192 train_eval_loss-->2.771451,train_acc-->0.915929,test_eval_loss-->7.646427,test_acc===0.617647
INFO:root:epoch:193 train_eval_loss-->2.782101,train_acc-->0.886431,test_eval_loss-->7.715078,test_acc===0.627451
INFO:root:epoch:194 train_eval_loss-->2.800280,train_acc-->0.886431,test_eval_loss-->7.672756,test_acc===0.666667
INFO:root:epoch:195 train_eval_loss-->2.794630,train_acc-->0.895280,test_eval_loss-->7.685318,test_acc===0.627451
INFO:root:epoch:196 train_eval_loss-->2.751631,train_acc-->0.946903,test_eval_loss-->7.681382,test_acc===0.593137
INFO:root:epoch:197 train_eval_loss-->2.777048,train_acc-->0.927729,test_eval_loss-->7.653656,test_acc===0.627451
INFO:root:epoch:198 train_eval_loss-->2.745759,train_acc-->0.924779,test_eval_loss-->7.668454,test_acc===0.642157
INFO:root:epoch:199 train_eval_loss-->2.772875,train_acc-->0.927729,test_eval_loss-->7.701118,test_acc===0.607843
INFO:root:epoch:200 train_eval_loss-->2.737054,train_acc-->0.949853,test_eval_loss-->7.693850,test_acc===0.588235
INFO:root:epoch:201 train_eval_loss-->2.788458,train_acc-->0.890855,test_eval_loss-->7.785357,test_acc===0.441176
INFO:root:epoch:202 train_eval_loss-->2.818822,train_acc-->0.880531,test_eval_loss-->7.778933,test_acc===0.544118
INFO:root:epoch:203 train_eval_loss-->2.797927,train_acc-->0.889381,test_eval_loss-->7.684927,test_acc===0.602941
INFO:root:epoch:204 train_eval_loss-->2.731963,train_acc-->0.954277,test_eval_loss-->7.707727,test_acc===0.558824
INFO:root:epoch:205 train_eval_loss-->2.731807,train_acc-->0.939528,test_eval_loss-->7.730169,test_acc===0.558824
INFO:root:epoch:206 train_eval_loss-->2.754942,train_acc-->0.911504,test_eval_loss-->7.677000,test_acc===0.622549
INFO:root:epoch:207 train_eval_loss-->2.762976,train_acc-->0.904130,test_eval_loss-->7.666137,test_acc===0.647059
INFO:root:epoch:208 train_eval_loss-->2.698234,train_acc-->0.971976,test_eval_loss-->7.696025,test_acc===0.602941
INFO:root:epoch:209 train_eval_loss-->2.691991,train_acc-->0.967552,test_eval_loss-->7.671022,test_acc===0.642157
INFO:root:epoch:210 train_eval_loss-->2.714413,train_acc-->0.955752,test_eval_loss-->7.718814,test_acc===0.563725
INFO:root:epoch:211 train_eval_loss-->2.720323,train_acc-->0.954277,test_eval_loss-->7.615027,test_acc===0.686275
INFO:root:epoch:212 train_eval_loss-->2.701241,train_acc-->0.970501,test_eval_loss-->7.691837,test_acc===0.607843
INFO:root:epoch:213 train_eval_loss-->2.674261,train_acc-->0.977876,test_eval_loss-->7.659369,test_acc===0.622549
INFO:root:epoch:214 train_eval_loss-->2.643655,train_acc-->0.988201,test_eval_loss-->7.643842,test_acc===0.637255
INFO:root:epoch:215 train_eval_loss-->2.648785,train_acc-->0.988201,test_eval_loss-->7.650626,test_acc===0.676471
INFO:root:epoch:216 train_eval_loss-->2.658904,train_acc-->0.988201,test_eval_loss-->7.645856,test_acc===0.637255
INFO:root:epoch:217 train_eval_loss-->2.654649,train_acc-->0.979351,test_eval_loss-->7.754830,test_acc===0.504902
INFO:root:epoch:218 train_eval_loss-->2.655878,train_acc-->0.986726,test_eval_loss-->7.657911,test_acc===0.651961
INFO:root:epoch:219 train_eval_loss-->2.637999,train_acc-->0.992625,test_eval_loss-->7.603546,test_acc===0.681373
INFO:root:epoch:220 train_eval_loss-->2.632693,train_acc-->0.992625,test_eval_loss-->7.651845,test_acc===0.622549
INFO:root:epoch:221 train_eval_loss-->2.613775,train_acc-->0.994100,test_eval_loss-->7.616868,test_acc===0.666667
INFO:root:epoch:222 train_eval_loss-->2.608424,train_acc-->0.991150,test_eval_loss-->7.638645,test_acc===0.647059
INFO:root:epoch:223 train_eval_loss-->2.609290,train_acc-->0.998525,test_eval_loss-->7.678457,test_acc===0.612745
INFO:root:epoch:224 train_eval_loss-->2.591146,train_acc-->0.994100,test_eval_loss-->7.651035,test_acc===0.651961
INFO:root:epoch:225 train_eval_loss-->2.579090,train_acc-->1.000000,test_eval_loss-->7.640016,test_acc===0.666667
INFO:root:epoch:226 train_eval_loss-->2.568637,train_acc-->0.998525,test_eval_loss-->7.635247,test_acc===0.656863
INFO:root:epoch:227 train_eval_loss-->2.545930,train_acc-->0.998525,test_eval_loss-->7.642770,test_acc===0.661765
INFO:root:epoch:228 train_eval_loss-->2.551209,train_acc-->0.998525,test_eval_loss-->7.631596,test_acc===0.651961
INFO:root:epoch:229 train_eval_loss-->2.537559,train_acc-->1.000000,test_eval_loss-->7.617640,test_acc===0.681373
INFO:root:epoch:230 train_eval_loss-->2.547875,train_acc-->1.000000,test_eval_loss-->7.607794,test_acc===0.681373
INFO:root:epoch:231 train_eval_loss-->2.532318,train_acc-->1.000000,test_eval_loss-->7.627749,test_acc===0.656863
INFO:root:epoch:232 train_eval_loss-->2.536069,train_acc-->0.998525,test_eval_loss-->7.602658,test_acc===0.686275
INFO:root:epoch:233 train_eval_loss-->2.506619,train_acc-->1.000000,test_eval_loss-->7.597968,test_acc===0.676471
INFO:root:epoch:234 train_eval_loss-->2.503930,train_acc-->1.000000,test_eval_loss-->7.604146,test_acc===0.691176
INFO:root:epoch:235 train_eval_loss-->2.487069,train_acc-->1.000000,test_eval_loss-->7.609609,test_acc===0.681373
INFO:root:epoch:236 train_eval_loss-->2.481456,train_acc-->1.000000,test_eval_loss-->7.588976,test_acc===0.671569
INFO:root:epoch:237 train_eval_loss-->2.477792,train_acc-->1.000000,test_eval_loss-->7.604527,test_acc===0.656863
INFO:root:epoch:238 train_eval_loss-->2.475410,train_acc-->1.000000,test_eval_loss-->7.599754,test_acc===0.666667
INFO:root:epoch:239 train_eval_loss-->2.468418,train_acc-->1.000000,test_eval_loss-->7.591976,test_acc===0.696078
INFO:root:epoch:240 train_eval_loss-->2.463151,train_acc-->1.000000,test_eval_loss-->7.615548,test_acc===0.661765
INFO:root:epoch:241 train_eval_loss-->2.461816,train_acc-->1.000000,test_eval_loss-->7.600390,test_acc===0.686275
INFO:root:epoch:242 train_eval_loss-->2.453286,train_acc-->1.000000,test_eval_loss-->7.597931,test_acc===0.696078
INFO:root:epoch:243 train_eval_loss-->2.448507,train_acc-->1.000000,test_eval_loss-->7.591275,test_acc===0.676471
INFO:root:epoch:244 train_eval_loss-->2.448479,train_acc-->1.000000,test_eval_loss-->7.584913,test_acc===0.705882
INFO:root:epoch:245 train_eval_loss-->2.445206,train_acc-->1.000000,test_eval_loss-->7.587720,test_acc===0.696078
INFO:root:epoch:246 train_eval_loss-->2.442406,train_acc-->1.000000,test_eval_loss-->7.584347,test_acc===0.700980
INFO:root:epoch:247 train_eval_loss-->2.442910,train_acc-->1.000000,test_eval_loss-->7.593268,test_acc===0.700980
INFO:root:epoch:248 train_eval_loss-->2.439794,train_acc-->1.000000,test_eval_loss-->7.606296,test_acc===0.666667
INFO:root:epoch:249 train_eval_loss-->2.441672,train_acc-->1.000000,test_eval_loss-->7.600395,test_acc===0.671569
INFO:root:epoch:250 train_eval_loss-->2.440055,train_acc-->1.000000,test_eval_loss-->7.600019,test_acc===0.705882
INFO:root:epoch:251 train_eval_loss-->2.443204,train_acc-->1.000000,test_eval_loss-->7.602905,test_acc===0.656863
INFO:root:epoch:252 train_eval_loss-->2.439865,train_acc-->1.000000,test_eval_loss-->7.601928,test_acc===0.676471
INFO:root:epoch:253 train_eval_loss-->2.442589,train_acc-->1.000000,test_eval_loss-->7.592128,test_acc===0.686275
INFO:root:epoch:254 train_eval_loss-->2.442839,train_acc-->1.000000,test_eval_loss-->7.605977,test_acc===0.676471
INFO:root:epoch:255 train_eval_loss-->2.442803,train_acc-->1.000000,test_eval_loss-->7.584489,test_acc===0.696078
INFO:root:epoch:256 train_eval_loss-->2.445109,train_acc-->1.000000,test_eval_loss-->7.586599,test_acc===0.715686
INFO:root:epoch:257 train_eval_loss-->2.444831,train_acc-->1.000000,test_eval_loss-->7.588997,test_acc===0.705882
INFO:root:epoch:258 train_eval_loss-->2.444223,train_acc-->1.000000,test_eval_loss-->7.600216,test_acc===0.661765
INFO:root:epoch:259 train_eval_loss-->2.444104,train_acc-->1.000000,test_eval_loss-->7.596315,test_acc===0.691176
INFO:root:epoch:260 train_eval_loss-->2.451024,train_acc-->1.000000,test_eval_loss-->7.592967,test_acc===0.676471
INFO:root:epoch:261 train_eval_loss-->2.449927,train_acc-->1.000000,test_eval_loss-->7.603435,test_acc===0.681373
INFO:root:epoch:262 train_eval_loss-->2.457865,train_acc-->1.000000,test_eval_loss-->7.609864,test_acc===0.676471
INFO:root:epoch:263 train_eval_loss-->2.468588,train_acc-->1.000000,test_eval_loss-->7.591050,test_acc===0.705882
INFO:root:epoch:264 train_eval_loss-->2.471640,train_acc-->1.000000,test_eval_loss-->7.583709,test_acc===0.686275
INFO:root:epoch:265 train_eval_loss-->2.476673,train_acc-->1.000000,test_eval_loss-->7.591607,test_acc===0.676471
INFO:root:epoch:266 train_eval_loss-->2.487110,train_acc-->1.000000,test_eval_loss-->7.600350,test_acc===0.666667
INFO:root:epoch:267 train_eval_loss-->2.488988,train_acc-->1.000000,test_eval_loss-->7.607359,test_acc===0.671569
INFO:root:epoch:268 train_eval_loss-->2.505504,train_acc-->1.000000,test_eval_loss-->7.618260,test_acc===0.676471
INFO:root:epoch:269 train_eval_loss-->2.528452,train_acc-->0.994100,test_eval_loss-->7.620645,test_acc===0.666667
INFO:root:epoch:270 train_eval_loss-->2.550674,train_acc-->1.000000,test_eval_loss-->7.638156,test_acc===0.627451
INFO:root:epoch:271 train_eval_loss-->2.553994,train_acc-->1.000000,test_eval_loss-->7.627400,test_acc===0.700980
INFO:root:epoch:272 train_eval_loss-->2.567876,train_acc-->0.997050,test_eval_loss-->7.582411,test_acc===0.696078
INFO:root:epoch:273 train_eval_loss-->2.567658,train_acc-->0.995575,test_eval_loss-->7.611317,test_acc===0.671569
INFO:root:epoch:274 train_eval_loss-->2.554375,train_acc-->1.000000,test_eval_loss-->7.597571,test_acc===0.671569
INFO:root:epoch:275 train_eval_loss-->2.571663,train_acc-->0.989676,test_eval_loss-->7.630928,test_acc===0.681373
INFO:root:epoch:276 train_eval_loss-->2.595676,train_acc-->0.994100,test_eval_loss-->7.650066,test_acc===0.612745
INFO:root:epoch:277 train_eval_loss-->2.594984,train_acc-->0.989676,test_eval_loss-->7.629229,test_acc===0.642157
INFO:root:epoch:278 train_eval_loss-->2.606778,train_acc-->0.986726,test_eval_loss-->7.638349,test_acc===0.642157
INFO:root:epoch:279 train_eval_loss-->2.617307,train_acc-->0.991150,test_eval_loss-->7.648953,test_acc===0.632353
INFO:root:epoch:280 train_eval_loss-->2.639857,train_acc-->0.989676,test_eval_loss-->7.604836,test_acc===0.666667
INFO:root:epoch:281 train_eval_loss-->2.673207,train_acc-->0.982301,test_eval_loss-->7.660829,test_acc===0.651961
INFO:root:epoch:282 train_eval_loss-->2.678951,train_acc-->0.967552,test_eval_loss-->7.720322,test_acc===0.553922
INFO:root:epoch:283 train_eval_loss-->2.660529,train_acc-->0.991150,test_eval_loss-->7.625971,test_acc===0.671569
INFO:root:epoch:284 train_eval_loss-->2.653146,train_acc-->0.989676,test_eval_loss-->7.689981,test_acc===0.583333
INFO:root:epoch:285 train_eval_loss-->2.670973,train_acc-->0.973451,test_eval_loss-->7.629667,test_acc===0.676471
INFO:root:epoch:286 train_eval_loss-->2.666662,train_acc-->0.980826,test_eval_loss-->7.705353,test_acc===0.573529
INFO:root:epoch:287 train_eval_loss-->2.694664,train_acc-->0.970501,test_eval_loss-->7.697227,test_acc===0.627451
INFO:root:epoch:288 train_eval_loss-->2.653791,train_acc-->0.980826,test_eval_loss-->7.641033,test_acc===0.622549
INFO:root:epoch:289 train_eval_loss-->2.671019,train_acc-->0.985251,test_eval_loss-->7.704969,test_acc===0.617647
INFO:root:epoch:290 train_eval_loss-->2.729484,train_acc-->0.921829,test_eval_loss-->7.757582,test_acc===0.436275
INFO:root:epoch:291 train_eval_loss-->2.712151,train_acc-->0.943953,test_eval_loss-->7.662244,test_acc===0.656863
INFO:root:epoch:292 train_eval_loss-->2.718441,train_acc-->0.939528,test_eval_loss-->7.684144,test_acc===0.563725
INFO:root:epoch:293 train_eval_loss-->2.758711,train_acc-->0.930678,test_eval_loss-->7.679437,test_acc===0.622549
INFO:root:epoch:294 train_eval_loss-->2.700046,train_acc-->0.961652,test_eval_loss-->7.680737,test_acc===0.583333
INFO:root:epoch:295 train_eval_loss-->2.704871,train_acc-->0.951327,test_eval_loss-->7.657366,test_acc===0.612745
INFO:root:epoch:296 train_eval_loss-->2.748478,train_acc-->0.912979,test_eval_loss-->7.746667,test_acc===0.539216
INFO:root:epoch:297 train_eval_loss-->2.690092,train_acc-->0.960177,test_eval_loss-->7.633058,test_acc===0.651961
INFO:root:epoch:298 train_eval_loss-->2.705285,train_acc-->0.961652,test_eval_loss-->7.707000,test_acc===0.578431
INFO:root:epoch:299 train_eval_loss-->2.697080,train_acc-->0.971976,test_eval_loss-->7.675214,test_acc===0.598039
INFO:root:epoch:300 train_eval_loss-->2.714689,train_acc-->0.966077,test_eval_loss-->7.694129,test_acc===0.602941
INFO:root:epoch:301 train_eval_loss-->2.689979,train_acc-->0.967552,test_eval_loss-->7.695148,test_acc===0.602941
INFO:root:epoch:302 train_eval_loss-->2.667910,train_acc-->0.979351,test_eval_loss-->7.666150,test_acc===0.647059
INFO:root:epoch:303 train_eval_loss-->2.717531,train_acc-->0.941003,test_eval_loss-->7.717249,test_acc===0.583333
INFO:root:epoch:304 train_eval_loss-->2.678541,train_acc-->0.969027,test_eval_loss-->7.716221,test_acc===0.588235
INFO:root:epoch:305 train_eval_loss-->2.668852,train_acc-->0.973451,test_eval_loss-->7.656659,test_acc===0.656863
INFO:root:epoch:306 train_eval_loss-->2.687164,train_acc-->0.976401,test_eval_loss-->7.649925,test_acc===0.651961
INFO:root:epoch:307 train_eval_loss-->2.689524,train_acc-->0.957227,test_eval_loss-->7.692327,test_acc===0.617647
INFO:root:epoch:308 train_eval_loss-->2.693434,train_acc-->0.964602,test_eval_loss-->7.683136,test_acc===0.627451
INFO:root:epoch:309 train_eval_loss-->2.653458,train_acc-->0.974926,test_eval_loss-->7.688335,test_acc===0.617647
INFO:root:epoch:310 train_eval_loss-->2.634053,train_acc-->0.992625,test_eval_loss-->7.637589,test_acc===0.656863
INFO:root:epoch:311 train_eval_loss-->2.639313,train_acc-->0.997050,test_eval_loss-->7.657223,test_acc===0.656863
INFO:root:epoch:312 train_eval_loss-->2.644647,train_acc-->0.994100,test_eval_loss-->7.643466,test_acc===0.676471
INFO:root:epoch:313 train_eval_loss-->2.654118,train_acc-->0.974926,test_eval_loss-->7.659778,test_acc===0.656863
INFO:root:epoch:314 train_eval_loss-->2.641788,train_acc-->0.977876,test_eval_loss-->7.680702,test_acc===0.627451
INFO:root:epoch:315 train_eval_loss-->2.621299,train_acc-->0.986726,test_eval_loss-->7.674695,test_acc===0.632353
INFO:root:epoch:316 train_eval_loss-->2.641409,train_acc-->0.983776,test_eval_loss-->7.624319,test_acc===0.705882
INFO:root:epoch:317 train_eval_loss-->2.586688,train_acc-->0.992625,test_eval_loss-->7.643308,test_acc===0.661765
INFO:root:epoch:318 train_eval_loss-->2.586919,train_acc-->1.000000,test_eval_loss-->7.616655,test_acc===0.686275
INFO:root:epoch:319 train_eval_loss-->2.574268,train_acc-->0.992625,test_eval_loss-->7.622381,test_acc===0.696078
INFO:root:epoch:320 train_eval_loss-->2.574468,train_acc-->0.994100,test_eval_loss-->7.651595,test_acc===0.642157
INFO:root:epoch:321 train_eval_loss-->2.565918,train_acc-->1.000000,test_eval_loss-->7.639967,test_acc===0.661765
INFO:root:epoch:322 train_eval_loss-->2.574325,train_acc-->0.997050,test_eval_loss-->7.623999,test_acc===0.661765
INFO:root:epoch:323 train_eval_loss-->2.552529,train_acc-->1.000000,test_eval_loss-->7.617524,test_acc===0.696078
INFO:root:epoch:324 train_eval_loss-->2.542116,train_acc-->0.997050,test_eval_loss-->7.632839,test_acc===0.676471
INFO:root:epoch:325 train_eval_loss-->2.544144,train_acc-->1.000000,test_eval_loss-->7.616139,test_acc===0.686275
INFO:root:epoch:326 train_eval_loss-->2.510588,train_acc-->0.997050,test_eval_loss-->7.618316,test_acc===0.671569
INFO:root:epoch:327 train_eval_loss-->2.525093,train_acc-->1.000000,test_eval_loss-->7.653990,test_acc===0.632353
INFO:root:epoch:328 train_eval_loss-->2.531791,train_acc-->1.000000,test_eval_loss-->7.639128,test_acc===0.647059
INFO:root:epoch:329 train_eval_loss-->2.505650,train_acc-->0.998525,test_eval_loss-->7.621663,test_acc===0.661765
INFO:root:epoch:330 train_eval_loss-->2.495575,train_acc-->1.000000,test_eval_loss-->7.623050,test_acc===0.696078
INFO:root:epoch:331 train_eval_loss-->2.498931,train_acc-->1.000000,test_eval_loss-->7.620430,test_acc===0.691176
INFO:root:epoch:332 train_eval_loss-->2.479348,train_acc-->1.000000,test_eval_loss-->7.618188,test_acc===0.710784
INFO:root:epoch:333 train_eval_loss-->2.463927,train_acc-->1.000000,test_eval_loss-->7.604838,test_acc===0.696078
INFO:root:epoch:334 train_eval_loss-->2.461146,train_acc-->1.000000,test_eval_loss-->7.587371,test_acc===0.696078
INFO:root:epoch:335 train_eval_loss-->2.458628,train_acc-->1.000000,test_eval_loss-->7.602277,test_acc===0.725490
INFO:root:epoch:336 train_eval_loss-->2.453984,train_acc-->1.000000,test_eval_loss-->7.617799,test_acc===0.676471
INFO:root:epoch:337 train_eval_loss-->2.445880,train_acc-->1.000000,test_eval_loss-->7.624764,test_acc===0.676471
INFO:root:epoch:338 train_eval_loss-->2.437787,train_acc-->1.000000,test_eval_loss-->7.594378,test_acc===0.710784
INFO:root:epoch:339 train_eval_loss-->2.436133,train_acc-->1.000000,test_eval_loss-->7.599236,test_acc===0.700980
INFO:root:epoch:340 train_eval_loss-->2.428156,train_acc-->1.000000,test_eval_loss-->7.608130,test_acc===0.700980
INFO:root:epoch:341 train_eval_loss-->2.423540,train_acc-->1.000000,test_eval_loss-->7.614323,test_acc===0.681373
INFO:root:epoch:342 train_eval_loss-->2.422043,train_acc-->1.000000,test_eval_loss-->7.607913,test_acc===0.700980
INFO:root:epoch:343 train_eval_loss-->2.419798,train_acc-->1.000000,test_eval_loss-->7.597295,test_acc===0.700980
INFO:root:epoch:344 train_eval_loss-->2.416466,train_acc-->1.000000,test_eval_loss-->7.597890,test_acc===0.681373
INFO:root:epoch:345 train_eval_loss-->2.414929,train_acc-->1.000000,test_eval_loss-->7.600594,test_acc===0.681373
INFO:root:epoch:346 train_eval_loss-->2.412106,train_acc-->1.000000,test_eval_loss-->7.607524,test_acc===0.696078
INFO:root:epoch:347 train_eval_loss-->2.409200,train_acc-->1.000000,test_eval_loss-->7.610239,test_acc===0.681373
INFO:root:epoch:348 train_eval_loss-->2.408439,train_acc-->1.000000,test_eval_loss-->7.594388,test_acc===0.691176
INFO:root:epoch:349 train_eval_loss-->2.407305,train_acc-->1.000000,test_eval_loss-->7.607736,test_acc===0.681373
INFO:root:epoch:350 train_eval_loss-->2.406382,train_acc-->1.000000,test_eval_loss-->7.606374,test_acc===0.666667
INFO:root:epoch:351 train_eval_loss-->2.406581,train_acc-->1.000000,test_eval_loss-->7.598143,test_acc===0.715686
INFO:root:epoch:352 train_eval_loss-->2.407101,train_acc-->1.000000,test_eval_loss-->7.586801,test_acc===0.735294
INFO:root:epoch:353 train_eval_loss-->2.408182,train_acc-->1.000000,test_eval_loss-->7.603306,test_acc===0.710784
INFO:root:epoch:354 train_eval_loss-->2.406759,train_acc-->1.000000,test_eval_loss-->7.610930,test_acc===0.696078
INFO:root:epoch:355 train_eval_loss-->2.407087,train_acc-->1.000000,test_eval_loss-->7.597747,test_acc===0.715686
INFO:root:epoch:356 train_eval_loss-->2.408599,train_acc-->1.000000,test_eval_loss-->7.602517,test_acc===0.705882
INFO:root:epoch:357 train_eval_loss-->2.409665,train_acc-->1.000000,test_eval_loss-->7.627193,test_acc===0.686275
INFO:root:epoch:358 train_eval_loss-->2.410432,train_acc-->1.000000,test_eval_loss-->7.587718,test_acc===0.725490
INFO:root:epoch:359 train_eval_loss-->2.413161,train_acc-->1.000000,test_eval_loss-->7.593342,test_acc===0.700980
INFO:root:epoch:360 train_eval_loss-->2.414829,train_acc-->1.000000,test_eval_loss-->7.605449,test_acc===0.700980
INFO:root:epoch:361 train_eval_loss-->2.417351,train_acc-->1.000000,test_eval_loss-->7.605019,test_acc===0.705882
INFO:root:epoch:362 train_eval_loss-->2.424183,train_acc-->1.000000,test_eval_loss-->7.613465,test_acc===0.676471
INFO:root:epoch:363 train_eval_loss-->2.432908,train_acc-->1.000000,test_eval_loss-->7.597445,test_acc===0.715686
INFO:root:epoch:364 train_eval_loss-->2.434056,train_acc-->1.000000,test_eval_loss-->7.607172,test_acc===0.696078
INFO:root:epoch:365 train_eval_loss-->2.438224,train_acc-->1.000000,test_eval_loss-->7.607141,test_acc===0.686275
INFO:root:epoch:366 train_eval_loss-->2.449341,train_acc-->1.000000,test_eval_loss-->7.613167,test_acc===0.681373
INFO:root:epoch:367 train_eval_loss-->2.447659,train_acc-->1.000000,test_eval_loss-->7.598696,test_acc===0.691176
INFO:root:epoch:368 train_eval_loss-->2.465686,train_acc-->1.000000,test_eval_loss-->7.605486,test_acc===0.700980
INFO:root:epoch:369 train_eval_loss-->2.472659,train_acc-->1.000000,test_eval_loss-->7.599030,test_acc===0.686275
INFO:root:epoch:370 train_eval_loss-->2.491910,train_acc-->1.000000,test_eval_loss-->7.598885,test_acc===0.696078
INFO:root:epoch:371 train_eval_loss-->2.491653,train_acc-->1.000000,test_eval_loss-->7.628843,test_acc===0.656863
INFO:root:epoch:372 train_eval_loss-->2.502749,train_acc-->1.000000,test_eval_loss-->7.634955,test_acc===0.627451
INFO:root:epoch:373 train_eval_loss-->2.529998,train_acc-->0.997050,test_eval_loss-->7.626677,test_acc===0.642157
INFO:root:epoch:374 train_eval_loss-->2.522396,train_acc-->1.000000,test_eval_loss-->7.609787,test_acc===0.666667
INFO:root:epoch:375 train_eval_loss-->2.547658,train_acc-->0.997050,test_eval_loss-->7.623388,test_acc===0.651961
INFO:root:epoch:376 train_eval_loss-->2.542113,train_acc-->1.000000,test_eval_loss-->7.633353,test_acc===0.671569
INFO:root:epoch:377 train_eval_loss-->2.575824,train_acc-->0.991150,test_eval_loss-->7.611397,test_acc===0.686275
INFO:root:epoch:378 train_eval_loss-->2.582899,train_acc-->0.991150,test_eval_loss-->7.683212,test_acc===0.617647
INFO:root:epoch:379 train_eval_loss-->2.603523,train_acc-->0.989676,test_eval_loss-->7.639461,test_acc===0.656863
INFO:root:epoch:380 train_eval_loss-->2.572902,train_acc-->0.989676,test_eval_loss-->7.669118,test_acc===0.622549
INFO:root:epoch:381 train_eval_loss-->2.615563,train_acc-->0.991150,test_eval_loss-->7.634647,test_acc===0.661765
INFO:root:epoch:382 train_eval_loss-->2.590635,train_acc-->0.994100,test_eval_loss-->7.609717,test_acc===0.666667
INFO:root:epoch:383 train_eval_loss-->2.590709,train_acc-->0.997050,test_eval_loss-->7.685573,test_acc===0.607843
INFO:root:epoch:384 train_eval_loss-->2.643090,train_acc-->0.983776,test_eval_loss-->7.690166,test_acc===0.642157
INFO:root:epoch:385 train_eval_loss-->2.636763,train_acc-->0.977876,test_eval_loss-->7.631014,test_acc===0.642157
INFO:root:epoch:386 train_eval_loss-->2.627368,train_acc-->0.991150,test_eval_loss-->7.666906,test_acc===0.612745
INFO:root:epoch:387 train_eval_loss-->2.634780,train_acc-->0.988201,test_eval_loss-->7.640817,test_acc===0.651961
INFO:root:epoch:388 train_eval_loss-->2.649073,train_acc-->0.973451,test_eval_loss-->7.633829,test_acc===0.656863
INFO:root:epoch:389 train_eval_loss-->2.606731,train_acc-->0.985251,test_eval_loss-->7.640171,test_acc===0.637255
INFO:root:epoch:390 train_eval_loss-->2.585790,train_acc-->0.997050,test_eval_loss-->7.649464,test_acc===0.671569
INFO:root:epoch:391 train_eval_loss-->2.624142,train_acc-->0.988201,test_eval_loss-->7.637565,test_acc===0.656863
INFO:root:epoch:392 train_eval_loss-->2.639994,train_acc-->0.973451,test_eval_loss-->7.646623,test_acc===0.651961
INFO:root:epoch:393 train_eval_loss-->2.655174,train_acc-->0.973451,test_eval_loss-->7.728989,test_acc===0.617647
INFO:root:epoch:394 train_eval_loss-->2.644598,train_acc-->0.980826,test_eval_loss-->7.638443,test_acc===0.647059
INFO:root:epoch:395 train_eval_loss-->2.673877,train_acc-->0.980826,test_eval_loss-->7.739886,test_acc===0.524510
INFO:root:epoch:396 train_eval_loss-->2.687446,train_acc-->0.964602,test_eval_loss-->7.685724,test_acc===0.607843
INFO:root:epoch:397 train_eval_loss-->2.654634,train_acc-->0.979351,test_eval_loss-->7.694067,test_acc===0.593137
INFO:root:epoch:398 train_eval_loss-->2.657566,train_acc-->0.980826,test_eval_loss-->7.722876,test_acc===0.583333
INFO:root:epoch:399 train_eval_loss-->2.644450,train_acc-->0.983776,test_eval_loss-->7.652958,test_acc===0.666667
INFO:root:epoch:400 train_eval_loss-->2.647588,train_acc-->0.983776,test_eval_loss-->7.751554,test_acc===0.612745
INFO:root:epoch:401 train_eval_loss-->2.663912,train_acc-->0.980826,test_eval_loss-->7.699477,test_acc===0.607843
INFO:root:epoch:402 train_eval_loss-->2.643843,train_acc-->0.985251,test_eval_loss-->7.694103,test_acc===0.637255
INFO:root:epoch:403 train_eval_loss-->2.657853,train_acc-->0.979351,test_eval_loss-->7.662395,test_acc===0.637255
INFO:root:epoch:404 train_eval_loss-->2.643012,train_acc-->0.971976,test_eval_loss-->7.668417,test_acc===0.622549
INFO:root:epoch:405 train_eval_loss-->2.632370,train_acc-->0.988201,test_eval_loss-->7.678943,test_acc===0.637255
INFO:root:epoch:406 train_eval_loss-->2.626638,train_acc-->0.989676,test_eval_loss-->7.671385,test_acc===0.647059
INFO:root:epoch:407 train_eval_loss-->2.628706,train_acc-->0.980826,test_eval_loss-->7.642133,test_acc===0.632353
INFO:root:epoch:408 train_eval_loss-->2.585318,train_acc-->0.998525,test_eval_loss-->7.633458,test_acc===0.681373
INFO:root:epoch:409 train_eval_loss-->2.604832,train_acc-->0.994100,test_eval_loss-->7.656322,test_acc===0.651961
INFO:root:epoch:410 train_eval_loss-->2.621450,train_acc-->0.995575,test_eval_loss-->7.672407,test_acc===0.627451
INFO:root:epoch:411 train_eval_loss-->2.595428,train_acc-->0.986726,test_eval_loss-->7.686262,test_acc===0.617647
INFO:root:epoch:412 train_eval_loss-->2.596929,train_acc-->0.998525,test_eval_loss-->7.621416,test_acc===0.671569
INFO:root:epoch:413 train_eval_loss-->2.563161,train_acc-->0.995575,test_eval_loss-->7.637004,test_acc===0.696078
INFO:root:epoch:414 train_eval_loss-->2.594850,train_acc-->0.992625,test_eval_loss-->7.634771,test_acc===0.647059
INFO:root:epoch:415 train_eval_loss-->2.615682,train_acc-->0.997050,test_eval_loss-->7.646415,test_acc===0.622549
INFO:root:epoch:416 train_eval_loss-->2.598547,train_acc-->0.992625,test_eval_loss-->7.655831,test_acc===0.651961
INFO:root:epoch:417 train_eval_loss-->2.558068,train_acc-->0.992625,test_eval_loss-->7.636711,test_acc===0.686275
INFO:root:epoch:418 train_eval_loss-->2.545301,train_acc-->0.998525,test_eval_loss-->7.631775,test_acc===0.681373
INFO:root:epoch:419 train_eval_loss-->2.547509,train_acc-->1.000000,test_eval_loss-->7.631797,test_acc===0.671569
INFO:root:epoch:420 train_eval_loss-->2.531224,train_acc-->0.995575,test_eval_loss-->7.608010,test_acc===0.705882
INFO:root:epoch:421 train_eval_loss-->2.523662,train_acc-->0.998525,test_eval_loss-->7.679605,test_acc===0.627451
INFO:root:epoch:422 train_eval_loss-->2.541100,train_acc-->0.994100,test_eval_loss-->7.653106,test_acc===0.647059
INFO:root:epoch:423 train_eval_loss-->2.517660,train_acc-->1.000000,test_eval_loss-->7.599415,test_acc===0.715686
INFO:root:epoch:424 train_eval_loss-->2.504484,train_acc-->1.000000,test_eval_loss-->7.622354,test_acc===0.666667
INFO:root:epoch:425 train_eval_loss-->2.506718,train_acc-->1.000000,test_eval_loss-->7.608483,test_acc===0.681373
INFO:root:epoch:426 train_eval_loss-->2.489128,train_acc-->1.000000,test_eval_loss-->7.634162,test_acc===0.671569
INFO:root:epoch:427 train_eval_loss-->2.481290,train_acc-->1.000000,test_eval_loss-->7.619832,test_acc===0.666667
INFO:root:epoch:428 train_eval_loss-->2.489022,train_acc-->1.000000,test_eval_loss-->7.619520,test_acc===0.705882
INFO:root:epoch:429 train_eval_loss-->2.484350,train_acc-->1.000000,test_eval_loss-->7.606581,test_acc===0.700980
INFO:root:epoch:430 train_eval_loss-->2.464633,train_acc-->1.000000,test_eval_loss-->7.633980,test_acc===0.647059
INFO:root:epoch:431 train_eval_loss-->2.458597,train_acc-->1.000000,test_eval_loss-->7.614739,test_acc===0.696078
INFO:root:epoch:432 train_eval_loss-->2.448261,train_acc-->1.000000,test_eval_loss-->7.608547,test_acc===0.681373
INFO:root:epoch:433 train_eval_loss-->2.435860,train_acc-->1.000000,test_eval_loss-->7.600281,test_acc===0.691176
INFO:root:epoch:434 train_eval_loss-->2.433559,train_acc-->1.000000,test_eval_loss-->7.605169,test_acc===0.700980
INFO:root:epoch:435 train_eval_loss-->2.431902,train_acc-->1.000000,test_eval_loss-->7.611217,test_acc===0.686275
INFO:root:epoch:436 train_eval_loss-->2.422262,train_acc-->1.000000,test_eval_loss-->7.591782,test_acc===0.730392
INFO:root:epoch:437 train_eval_loss-->2.417991,train_acc-->1.000000,test_eval_loss-->7.594561,test_acc===0.700980
INFO:root:epoch:438 train_eval_loss-->2.411812,train_acc-->1.000000,test_eval_loss-->7.602759,test_acc===0.691176
INFO:root:epoch:439 train_eval_loss-->2.409280,train_acc-->1.000000,test_eval_loss-->7.600620,test_acc===0.686275
INFO:root:epoch:440 train_eval_loss-->2.404221,train_acc-->1.000000,test_eval_loss-->7.605869,test_acc===0.681373
INFO:root:epoch:441 train_eval_loss-->2.399540,train_acc-->1.000000,test_eval_loss-->7.603939,test_acc===0.686275
INFO:root:epoch:442 train_eval_loss-->2.395891,train_acc-->1.000000,test_eval_loss-->7.598407,test_acc===0.700980
INFO:root:epoch:443 train_eval_loss-->2.392698,train_acc-->1.000000,test_eval_loss-->7.603128,test_acc===0.696078
INFO:root:epoch:444 train_eval_loss-->2.390347,train_acc-->1.000000,test_eval_loss-->7.590362,test_acc===0.691176
INFO:root:epoch:445 train_eval_loss-->2.390402,train_acc-->1.000000,test_eval_loss-->7.600809,test_acc===0.691176
INFO:root:epoch:446 train_eval_loss-->2.387409,train_acc-->1.000000,test_eval_loss-->7.600403,test_acc===0.676471
INFO:root:epoch:447 train_eval_loss-->2.386371,train_acc-->1.000000,test_eval_loss-->7.609391,test_acc===0.671569
INFO:root:epoch:448 train_eval_loss-->2.386367,train_acc-->1.000000,test_eval_loss-->7.596131,test_acc===0.686275
INFO:root:epoch:449 train_eval_loss-->2.384760,train_acc-->1.000000,test_eval_loss-->7.603555,test_acc===0.681373
INFO:root:epoch:450 train_eval_loss-->2.384428,train_acc-->1.000000,test_eval_loss-->7.614374,test_acc===0.681373
INFO:root:epoch:451 train_eval_loss-->2.383353,train_acc-->1.000000,test_eval_loss-->7.596182,test_acc===0.691176
INFO:root:epoch:452 train_eval_loss-->2.383728,train_acc-->1.000000,test_eval_loss-->7.600744,test_acc===0.696078
INFO:root:epoch:453 train_eval_loss-->2.383831,train_acc-->1.000000,test_eval_loss-->7.620542,test_acc===0.656863
INFO:root:epoch:454 train_eval_loss-->2.384222,train_acc-->1.000000,test_eval_loss-->7.599645,test_acc===0.691176
INFO:root:epoch:455 train_eval_loss-->2.384552,train_acc-->1.000000,test_eval_loss-->7.600484,test_acc===0.681373
INFO:root:epoch:456 train_eval_loss-->2.386252,train_acc-->1.000000,test_eval_loss-->7.600851,test_acc===0.705882
INFO:root:epoch:457 train_eval_loss-->2.385911,train_acc-->1.000000,test_eval_loss-->7.607499,test_acc===0.705882
INFO:root:epoch:458 train_eval_loss-->2.387824,train_acc-->1.000000,test_eval_loss-->7.605291,test_acc===0.681373
INFO:root:epoch:459 train_eval_loss-->2.392046,train_acc-->1.000000,test_eval_loss-->7.600162,test_acc===0.681373
INFO:root:epoch:460 train_eval_loss-->2.393676,train_acc-->1.000000,test_eval_loss-->7.597789,test_acc===0.681373
INFO:root:epoch:461 train_eval_loss-->2.400093,train_acc-->1.000000,test_eval_loss-->7.586794,test_acc===0.725490
INFO:root:epoch:462 train_eval_loss-->2.400817,train_acc-->1.000000,test_eval_loss-->7.601824,test_acc===0.691176
INFO:root:epoch:463 train_eval_loss-->2.405089,train_acc-->1.000000,test_eval_loss-->7.592472,test_acc===0.705882
INFO:root:epoch:464 train_eval_loss-->2.412762,train_acc-->1.000000,test_eval_loss-->7.609304,test_acc===0.671569
INFO:root:epoch:465 train_eval_loss-->2.419692,train_acc-->1.000000,test_eval_loss-->7.613942,test_acc===0.686275
INFO:root:epoch:466 train_eval_loss-->2.430623,train_acc-->1.000000,test_eval_loss-->7.598182,test_acc===0.700980
INFO:root:epoch:467 train_eval_loss-->2.443772,train_acc-->1.000000,test_eval_loss-->7.593713,test_acc===0.691176
INFO:root:epoch:468 train_eval_loss-->2.456172,train_acc-->1.000000,test_eval_loss-->7.607475,test_acc===0.696078
INFO:root:epoch:469 train_eval_loss-->2.459386,train_acc-->1.000000,test_eval_loss-->7.596838,test_acc===0.720588
INFO:root:epoch:470 train_eval_loss-->2.468026,train_acc-->1.000000,test_eval_loss-->7.598165,test_acc===0.671569
INFO:root:epoch:471 train_eval_loss-->2.484545,train_acc-->1.000000,test_eval_loss-->7.619573,test_acc===0.676471
INFO:root:epoch:472 train_eval_loss-->2.478892,train_acc-->1.000000,test_eval_loss-->7.610210,test_acc===0.681373
INFO:root:epoch:473 train_eval_loss-->2.477783,train_acc-->1.000000,test_eval_loss-->7.597594,test_acc===0.700980
INFO:root:epoch:474 train_eval_loss-->2.490517,train_acc-->0.994100,test_eval_loss-->7.606170,test_acc===0.696078
INFO:root:epoch:475 train_eval_loss-->2.496523,train_acc-->1.000000,test_eval_loss-->7.628630,test_acc===0.681373
INFO:root:epoch:476 train_eval_loss-->2.505075,train_acc-->1.000000,test_eval_loss-->7.621196,test_acc===0.642157
INFO:root:epoch:477 train_eval_loss-->2.523194,train_acc-->1.000000,test_eval_loss-->7.584963,test_acc===0.720588
INFO:root:epoch:478 train_eval_loss-->2.527738,train_acc-->1.000000,test_eval_loss-->7.659585,test_acc===0.622549
INFO:root:epoch:479 train_eval_loss-->2.541919,train_acc-->1.000000,test_eval_loss-->7.626159,test_acc===0.686275
INFO:root:epoch:480 train_eval_loss-->2.561328,train_acc-->0.997050,test_eval_loss-->7.631784,test_acc===0.632353
INFO:root:epoch:481 train_eval_loss-->2.567783,train_acc-->0.992625,test_eval_loss-->7.624902,test_acc===0.671569
INFO:root:epoch:482 train_eval_loss-->2.567614,train_acc-->0.994100,test_eval_loss-->7.612841,test_acc===0.637255
INFO:root:epoch:483 train_eval_loss-->2.569433,train_acc-->0.989676,test_eval_loss-->7.643086,test_acc===0.656863
INFO:root:epoch:484 train_eval_loss-->2.569224,train_acc-->0.995575,test_eval_loss-->7.630583,test_acc===0.676471
INFO:root:epoch:485 train_eval_loss-->2.553729,train_acc-->0.997050,test_eval_loss-->7.612611,test_acc===0.671569
INFO:root:epoch:486 train_eval_loss-->2.573607,train_acc-->0.992625,test_eval_loss-->7.685833,test_acc===0.617647
INFO:root:epoch:487 train_eval_loss-->2.586448,train_acc-->0.988201,test_eval_loss-->7.678719,test_acc===0.622549
INFO:root:epoch:488 train_eval_loss-->2.600099,train_acc-->0.989676,test_eval_loss-->7.622499,test_acc===0.666667
INFO:root:epoch:489 train_eval_loss-->2.573867,train_acc-->0.997050,test_eval_loss-->7.633291,test_acc===0.642157
INFO:root:epoch:490 train_eval_loss-->2.589751,train_acc-->0.995575,test_eval_loss-->7.653233,test_acc===0.632353
INFO:root:epoch:491 train_eval_loss-->2.577925,train_acc-->0.995575,test_eval_loss-->7.657640,test_acc===0.632353
INFO:root:epoch:492 train_eval_loss-->2.623412,train_acc-->0.988201,test_eval_loss-->7.655516,test_acc===0.598039
INFO:root:epoch:493 train_eval_loss-->2.609377,train_acc-->0.994100,test_eval_loss-->7.653066,test_acc===0.676471
INFO:root:epoch:494 train_eval_loss-->2.609549,train_acc-->0.986726,test_eval_loss-->7.678968,test_acc===0.627451
INFO:root:epoch:495 train_eval_loss-->2.615760,train_acc-->0.982301,test_eval_loss-->7.671067,test_acc===0.632353
INFO:root:epoch:496 train_eval_loss-->2.619124,train_acc-->0.979351,test_eval_loss-->7.692898,test_acc===0.583333
INFO:root:epoch:497 train_eval_loss-->2.602626,train_acc-->0.995575,test_eval_loss-->7.677476,test_acc===0.622549
INFO:root:epoch:498 train_eval_loss-->2.640979,train_acc-->0.974926,test_eval_loss-->7.691339,test_acc===0.593137
INFO:root:epoch:499 train_eval_loss-->2.612914,train_acc-->0.985251,test_eval_loss-->7.638095,test_acc===0.642157
INFO:root:epoch:500 train_eval_loss-->2.594981,train_acc-->0.995575,test_eval_loss-->7.633326,test_acc===0.647059
INFO:root:epoch:501 train_eval_loss-->2.575486,train_acc-->0.997050,test_eval_loss-->7.645164,test_acc===0.642157
INFO:root:epoch:502 train_eval_loss-->2.625309,train_acc-->0.988201,test_eval_loss-->7.667399,test_acc===0.642157
INFO:root:epoch:503 train_eval_loss-->2.612376,train_acc-->0.994100,test_eval_loss-->7.708603,test_acc===0.583333
INFO:root:epoch:504 train_eval_loss-->2.611750,train_acc-->0.988201,test_eval_loss-->7.650824,test_acc===0.632353
INFO:root:epoch:505 train_eval_loss-->2.601467,train_acc-->0.988201,test_eval_loss-->7.651588,test_acc===0.642157
INFO:root:epoch:506 train_eval_loss-->2.593319,train_acc-->0.995575,test_eval_loss-->7.699612,test_acc===0.622549
INFO:root:epoch:507 train_eval_loss-->2.597334,train_acc-->0.988201,test_eval_loss-->7.624258,test_acc===0.686275
INFO:root:epoch:508 train_eval_loss-->2.618695,train_acc-->0.983776,test_eval_loss-->7.652764,test_acc===0.627451
INFO:root:epoch:509 train_eval_loss-->2.590598,train_acc-->0.988201,test_eval_loss-->7.634737,test_acc===0.681373
INFO:root:epoch:510 train_eval_loss-->2.593286,train_acc-->0.992625,test_eval_loss-->7.643328,test_acc===0.681373
INFO:root:epoch:511 train_eval_loss-->2.559092,train_acc-->0.998525,test_eval_loss-->7.649989,test_acc===0.622549
INFO:root:epoch:512 train_eval_loss-->2.566474,train_acc-->0.998525,test_eval_loss-->7.620827,test_acc===0.691176
INFO:root:epoch:513 train_eval_loss-->2.574469,train_acc-->0.998525,test_eval_loss-->7.665582,test_acc===0.661765
INFO:root:epoch:514 train_eval_loss-->2.558329,train_acc-->0.997050,test_eval_loss-->7.608500,test_acc===0.681373
INFO:root:epoch:515 train_eval_loss-->2.549461,train_acc-->0.998525,test_eval_loss-->7.644738,test_acc===0.661765
INFO:root:epoch:516 train_eval_loss-->2.554331,train_acc-->0.992625,test_eval_loss-->7.635198,test_acc===0.686275
INFO:root:epoch:517 train_eval_loss-->2.543980,train_acc-->0.997050,test_eval_loss-->7.621917,test_acc===0.642157
INFO:root:epoch:518 train_eval_loss-->2.541960,train_acc-->0.989676,test_eval_loss-->7.636593,test_acc===0.637255
INFO:root:epoch:519 train_eval_loss-->2.546591,train_acc-->1.000000,test_eval_loss-->7.648256,test_acc===0.632353
INFO:root:epoch:520 train_eval_loss-->2.531795,train_acc-->1.000000,test_eval_loss-->7.632139,test_acc===0.700980
INFO:root:epoch:521 train_eval_loss-->2.513430,train_acc-->1.000000,test_eval_loss-->7.631126,test_acc===0.651961
INFO:root:epoch:522 train_eval_loss-->2.523629,train_acc-->0.997050,test_eval_loss-->7.604934,test_acc===0.691176
INFO:root:epoch:523 train_eval_loss-->2.498717,train_acc-->1.000000,test_eval_loss-->7.614891,test_acc===0.686275
INFO:root:epoch:524 train_eval_loss-->2.480676,train_acc-->1.000000,test_eval_loss-->7.612340,test_acc===0.681373
INFO:root:epoch:525 train_eval_loss-->2.485527,train_acc-->1.000000,test_eval_loss-->7.623478,test_acc===0.686275
INFO:root:epoch:526 train_eval_loss-->2.476867,train_acc-->1.000000,test_eval_loss-->7.607883,test_acc===0.705882
INFO:root:epoch:527 train_eval_loss-->2.468295,train_acc-->1.000000,test_eval_loss-->7.608067,test_acc===0.681373
INFO:root:epoch:528 train_eval_loss-->2.458521,train_acc-->0.997050,test_eval_loss-->7.626661,test_acc===0.676471
INFO:root:epoch:529 train_eval_loss-->2.457833,train_acc-->1.000000,test_eval_loss-->7.627048,test_acc===0.642157
INFO:root:epoch:530 train_eval_loss-->2.452585,train_acc-->1.000000,test_eval_loss-->7.596687,test_acc===0.696078
INFO:root:epoch:531 train_eval_loss-->2.446474,train_acc-->1.000000,test_eval_loss-->7.613308,test_acc===0.686275
INFO:root:epoch:532 train_eval_loss-->2.440006,train_acc-->1.000000,test_eval_loss-->7.586653,test_acc===0.705882
INFO:root:epoch:533 train_eval_loss-->2.426417,train_acc-->1.000000,test_eval_loss-->7.605952,test_acc===0.691176
INFO:root:epoch:534 train_eval_loss-->2.427104,train_acc-->1.000000,test_eval_loss-->7.603017,test_acc===0.725490
INFO:root:epoch:535 train_eval_loss-->2.418691,train_acc-->1.000000,test_eval_loss-->7.614314,test_acc===0.671569
INFO:root:epoch:536 train_eval_loss-->2.409730,train_acc-->1.000000,test_eval_loss-->7.607143,test_acc===0.691176
INFO:root:epoch:537 train_eval_loss-->2.405253,train_acc-->1.000000,test_eval_loss-->7.606225,test_acc===0.700980
INFO:root:epoch:538 train_eval_loss-->2.396201,train_acc-->1.000000,test_eval_loss-->7.611474,test_acc===0.691176
INFO:root:epoch:539 train_eval_loss-->2.393917,train_acc-->1.000000,test_eval_loss-->7.601845,test_acc===0.696078
INFO:root:epoch:540 train_eval_loss-->2.392591,train_acc-->1.000000,test_eval_loss-->7.604280,test_acc===0.676471
INFO:root:epoch:541 train_eval_loss-->2.384670,train_acc-->1.000000,test_eval_loss-->7.601563,test_acc===0.686275
INFO:root:epoch:542 train_eval_loss-->2.380340,train_acc-->1.000000,test_eval_loss-->7.604789,test_acc===0.720588
INFO:root:epoch:543 train_eval_loss-->2.379257,train_acc-->1.000000,test_eval_loss-->7.596385,test_acc===0.705882
INFO:root:epoch:544 train_eval_loss-->2.377621,train_acc-->1.000000,test_eval_loss-->7.600524,test_acc===0.705882
INFO:root:epoch:545 train_eval_loss-->2.374643,train_acc-->1.000000,test_eval_loss-->7.598858,test_acc===0.696078
INFO:root:epoch:546 train_eval_loss-->2.372648,train_acc-->1.000000,test_eval_loss-->7.603809,test_acc===0.696078
INFO:root:epoch:547 train_eval_loss-->2.371120,train_acc-->1.000000,test_eval_loss-->7.604953,test_acc===0.686275
INFO:root:epoch:548 train_eval_loss-->2.371686,train_acc-->1.000000,test_eval_loss-->7.604388,test_acc===0.696078
INFO:root:epoch:549 train_eval_loss-->2.370615,train_acc-->1.000000,test_eval_loss-->7.603036,test_acc===0.686275
INFO:root:epoch:550 train_eval_loss-->2.370409,train_acc-->1.000000,test_eval_loss-->7.606351,test_acc===0.700980
INFO:root:epoch:551 train_eval_loss-->2.370245,train_acc-->1.000000,test_eval_loss-->7.606828,test_acc===0.700980
INFO:root:epoch:552 train_eval_loss-->2.369755,train_acc-->1.000000,test_eval_loss-->7.610152,test_acc===0.700980
INFO:root:epoch:553 train_eval_loss-->2.369477,train_acc-->1.000000,test_eval_loss-->7.608840,test_acc===0.691176
INFO:root:epoch:554 train_eval_loss-->2.370804,train_acc-->1.000000,test_eval_loss-->7.585929,test_acc===0.725490
INFO:root:epoch:555 train_eval_loss-->2.370751,train_acc-->1.000000,test_eval_loss-->7.589318,test_acc===0.715686
INFO:root:epoch:556 train_eval_loss-->2.371755,train_acc-->1.000000,test_eval_loss-->7.612875,test_acc===0.696078
INFO:root:epoch:557 train_eval_loss-->2.371749,train_acc-->1.000000,test_eval_loss-->7.606437,test_acc===0.705882
INFO:root:epoch:558 train_eval_loss-->2.372791,train_acc-->1.000000,test_eval_loss-->7.596770,test_acc===0.691176
INFO:root:epoch:559 train_eval_loss-->2.376387,train_acc-->1.000000,test_eval_loss-->7.588853,test_acc===0.720588
INFO:root:epoch:560 train_eval_loss-->2.376900,train_acc-->1.000000,test_eval_loss-->7.595681,test_acc===0.720588
INFO:root:epoch:561 train_eval_loss-->2.381265,train_acc-->1.000000,test_eval_loss-->7.597277,test_acc===0.691176
INFO:root:epoch:562 train_eval_loss-->2.385909,train_acc-->1.000000,test_eval_loss-->7.595609,test_acc===0.700980
INFO:root:epoch:563 train_eval_loss-->2.388585,train_acc-->1.000000,test_eval_loss-->7.603270,test_acc===0.691176
INFO:root:epoch:564 train_eval_loss-->2.395434,train_acc-->1.000000,test_eval_loss-->7.593423,test_acc===0.705882
INFO:root:epoch:565 train_eval_loss-->2.402796,train_acc-->1.000000,test_eval_loss-->7.601907,test_acc===0.686275
INFO:root:epoch:566 train_eval_loss-->2.409314,train_acc-->1.000000,test_eval_loss-->7.590686,test_acc===0.705882
INFO:root:epoch:567 train_eval_loss-->2.408532,train_acc-->1.000000,test_eval_loss-->7.598117,test_acc===0.691176
INFO:root:epoch:568 train_eval_loss-->2.430713,train_acc-->1.000000,test_eval_loss-->7.582161,test_acc===0.715686
INFO:root:epoch:569 train_eval_loss-->2.433011,train_acc-->1.000000,test_eval_loss-->7.617273,test_acc===0.686275
INFO:root:epoch:570 train_eval_loss-->2.441203,train_acc-->1.000000,test_eval_loss-->7.605664,test_acc===0.686275
INFO:root:epoch:571 train_eval_loss-->2.443556,train_acc-->1.000000,test_eval_loss-->7.593214,test_acc===0.681373
INFO:root:epoch:572 train_eval_loss-->2.449734,train_acc-->1.000000,test_eval_loss-->7.604412,test_acc===0.681373
INFO:root:epoch:573 train_eval_loss-->2.458151,train_acc-->1.000000,test_eval_loss-->7.595395,test_acc===0.681373
INFO:root:epoch:574 train_eval_loss-->2.460749,train_acc-->1.000000,test_eval_loss-->7.618208,test_acc===0.676471
INFO:root:epoch:575 train_eval_loss-->2.484894,train_acc-->1.000000,test_eval_loss-->7.615629,test_acc===0.666667
INFO:root:epoch:576 train_eval_loss-->2.484752,train_acc-->1.000000,test_eval_loss-->7.604456,test_acc===0.656863
INFO:root:epoch:577 train_eval_loss-->2.498917,train_acc-->1.000000,test_eval_loss-->7.624095,test_acc===0.651961
INFO:root:epoch:578 train_eval_loss-->2.494342,train_acc-->1.000000,test_eval_loss-->7.619094,test_acc===0.671569
INFO:root:epoch:579 train_eval_loss-->2.499502,train_acc-->1.000000,test_eval_loss-->7.608034,test_acc===0.681373
INFO:root:epoch:580 train_eval_loss-->2.522802,train_acc-->0.997050,test_eval_loss-->7.633139,test_acc===0.617647
INFO:root:epoch:581 train_eval_loss-->2.540754,train_acc-->0.998525,test_eval_loss-->7.593829,test_acc===0.681373
INFO:root:epoch:582 train_eval_loss-->2.518158,train_acc-->0.997050,test_eval_loss-->7.622896,test_acc===0.642157
INFO:root:epoch:583 train_eval_loss-->2.522995,train_acc-->0.995575,test_eval_loss-->7.624209,test_acc===0.661765
INFO:root:epoch:584 train_eval_loss-->2.544698,train_acc-->0.998525,test_eval_loss-->7.632771,test_acc===0.647059
INFO:root:epoch:585 train_eval_loss-->2.546112,train_acc-->0.995575,test_eval_loss-->7.610738,test_acc===0.676471
INFO:root:epoch:586 train_eval_loss-->2.551334,train_acc-->0.998525,test_eval_loss-->7.641455,test_acc===0.642157
INFO:root:epoch:587 train_eval_loss-->2.602363,train_acc-->0.986726,test_eval_loss-->7.672745,test_acc===0.607843
INFO:root:epoch:588 train_eval_loss-->2.593339,train_acc-->0.992625,test_eval_loss-->7.614151,test_acc===0.696078
INFO:root:epoch:589 train_eval_loss-->2.587567,train_acc-->0.995575,test_eval_loss-->7.658002,test_acc===0.647059
INFO:root:epoch:590 train_eval_loss-->2.551730,train_acc-->1.000000,test_eval_loss-->7.619817,test_acc===0.656863
INFO:root:epoch:591 train_eval_loss-->2.566476,train_acc-->0.994100,test_eval_loss-->7.617032,test_acc===0.637255
INFO:root:epoch:592 train_eval_loss-->2.591415,train_acc-->0.994100,test_eval_loss-->7.623954,test_acc===0.647059
INFO:root:epoch:593 train_eval_loss-->2.613259,train_acc-->0.989676,test_eval_loss-->7.625943,test_acc===0.656863
INFO:root:epoch:594 train_eval_loss-->2.609976,train_acc-->0.980826,test_eval_loss-->7.677399,test_acc===0.661765
INFO:root:epoch:595 train_eval_loss-->2.623780,train_acc-->0.988201,test_eval_loss-->7.650871,test_acc===0.637255
INFO:root:epoch:596 train_eval_loss-->2.628333,train_acc-->0.974926,test_eval_loss-->7.647851,test_acc===0.598039
INFO:root:epoch:597 train_eval_loss-->2.605961,train_acc-->0.989676,test_eval_loss-->7.649058,test_acc===0.632353
INFO:root:epoch:598 train_eval_loss-->2.572672,train_acc-->0.994100,test_eval_loss-->7.644794,test_acc===0.651961
INFO:root:epoch:599 train_eval_loss-->2.586044,train_acc-->0.989676,test_eval_loss-->7.672505,test_acc===0.637255
INFO:root:epoch:600 train_eval_loss-->2.597878,train_acc-->0.995575,test_eval_loss-->7.633563,test_acc===0.637255
INFO:root:epoch:601 train_eval_loss-->2.619546,train_acc-->0.985251,test_eval_loss-->7.657689,test_acc===0.607843
INFO:root:epoch:602 train_eval_loss-->2.614074,train_acc-->0.988201,test_eval_loss-->7.601812,test_acc===0.656863
INFO:root:epoch:603 train_eval_loss-->2.579933,train_acc-->0.985251,test_eval_loss-->7.635377,test_acc===0.681373
INFO:root:epoch:604 train_eval_loss-->2.564289,train_acc-->1.000000,test_eval_loss-->7.628414,test_acc===0.622549
INFO:root:epoch:605 train_eval_loss-->2.570941,train_acc-->0.994100,test_eval_loss-->7.637580,test_acc===0.647059
INFO:root:epoch:606 train_eval_loss-->2.583197,train_acc-->0.994100,test_eval_loss-->7.613726,test_acc===0.671569
INFO:root:epoch:607 train_eval_loss-->2.556487,train_acc-->0.995575,test_eval_loss-->7.636574,test_acc===0.651961
INFO:root:epoch:608 train_eval_loss-->2.558825,train_acc-->0.992625,test_eval_loss-->7.641959,test_acc===0.666667
INFO:root:epoch:609 train_eval_loss-->2.557976,train_acc-->0.989676,test_eval_loss-->7.650294,test_acc===0.676471
INFO:root:epoch:610 train_eval_loss-->2.567801,train_acc-->0.998525,test_eval_loss-->7.639085,test_acc===0.612745
INFO:root:epoch:611 train_eval_loss-->2.574780,train_acc-->0.992625,test_eval_loss-->7.636093,test_acc===0.632353
INFO:root:epoch:612 train_eval_loss-->2.567266,train_acc-->0.991150,test_eval_loss-->7.632795,test_acc===0.656863
INFO:root:epoch:613 train_eval_loss-->2.540030,train_acc-->0.998525,test_eval_loss-->7.618581,test_acc===0.681373
INFO:root:epoch:614 train_eval_loss-->2.550172,train_acc-->1.000000,test_eval_loss-->7.606108,test_acc===0.681373
INFO:root:epoch:615 train_eval_loss-->2.544990,train_acc-->1.000000,test_eval_loss-->7.620175,test_acc===0.661765
INFO:root:epoch:616 train_eval_loss-->2.538718,train_acc-->1.000000,test_eval_loss-->7.626562,test_acc===0.681373
INFO:root:epoch:617 train_eval_loss-->2.516283,train_acc-->0.994100,test_eval_loss-->7.621388,test_acc===0.666667
INFO:root:epoch:618 train_eval_loss-->2.500807,train_acc-->0.995575,test_eval_loss-->7.600429,test_acc===0.676471
INFO:root:epoch:619 train_eval_loss-->2.497925,train_acc-->1.000000,test_eval_loss-->7.612526,test_acc===0.691176
INFO:root:epoch:620 train_eval_loss-->2.514122,train_acc-->1.000000,test_eval_loss-->7.633389,test_acc===0.661765
INFO:root:epoch:621 train_eval_loss-->2.503805,train_acc-->1.000000,test_eval_loss-->7.623948,test_acc===0.661765
INFO:root:epoch:622 train_eval_loss-->2.485485,train_acc-->0.998525,test_eval_loss-->7.620626,test_acc===0.686275
INFO:root:epoch:623 train_eval_loss-->2.496988,train_acc-->0.998525,test_eval_loss-->7.599566,test_acc===0.705882
INFO:root:epoch:624 train_eval_loss-->2.466556,train_acc-->1.000000,test_eval_loss-->7.596193,test_acc===0.696078
INFO:root:epoch:625 train_eval_loss-->2.460051,train_acc-->1.000000,test_eval_loss-->7.600663,test_acc===0.710784
INFO:root:epoch:626 train_eval_loss-->2.454244,train_acc-->1.000000,test_eval_loss-->7.603219,test_acc===0.676471
INFO:root:epoch:627 train_eval_loss-->2.455784,train_acc-->1.000000,test_eval_loss-->7.609741,test_acc===0.661765
INFO:root:epoch:628 train_eval_loss-->2.447129,train_acc-->1.000000,test_eval_loss-->7.595909,test_acc===0.691176
INFO:root:epoch:629 train_eval_loss-->2.437760,train_acc-->1.000000,test_eval_loss-->7.611080,test_acc===0.681373
INFO:root:epoch:630 train_eval_loss-->2.434609,train_acc-->1.000000,test_eval_loss-->7.602284,test_acc===0.681373
INFO:root:epoch:631 train_eval_loss-->2.426524,train_acc-->1.000000,test_eval_loss-->7.593990,test_acc===0.700980
INFO:root:epoch:632 train_eval_loss-->2.418749,train_acc-->1.000000,test_eval_loss-->7.590706,test_acc===0.671569
INFO:root:epoch:633 train_eval_loss-->2.414545,train_acc-->1.000000,test_eval_loss-->7.597402,test_acc===0.671569
INFO:root:epoch:634 train_eval_loss-->2.411557,train_acc-->1.000000,test_eval_loss-->7.599781,test_acc===0.696078
INFO:root:epoch:635 train_eval_loss-->2.405411,train_acc-->1.000000,test_eval_loss-->7.603969,test_acc===0.671569
INFO:root:epoch:636 train_eval_loss-->2.400249,train_acc-->1.000000,test_eval_loss-->7.599806,test_acc===0.676471
INFO:root:epoch:637 train_eval_loss-->2.394429,train_acc-->1.000000,test_eval_loss-->7.577215,test_acc===0.705882
INFO:root:epoch:638 train_eval_loss-->2.386063,train_acc-->1.000000,test_eval_loss-->7.587626,test_acc===0.715686
INFO:root:epoch:639 train_eval_loss-->2.387622,train_acc-->1.000000,test_eval_loss-->7.579244,test_acc===0.720588
INFO:root:epoch:640 train_eval_loss-->2.378602,train_acc-->1.000000,test_eval_loss-->7.590823,test_acc===0.691176
INFO:root:epoch:641 train_eval_loss-->2.376858,train_acc-->1.000000,test_eval_loss-->7.587634,test_acc===0.705882
INFO:root:epoch:642 train_eval_loss-->2.372758,train_acc-->1.000000,test_eval_loss-->7.594364,test_acc===0.686275
INFO:root:epoch:643 train_eval_loss-->2.367343,train_acc-->1.000000,test_eval_loss-->7.592132,test_acc===0.696078
INFO:root:epoch:644 train_eval_loss-->2.364897,train_acc-->1.000000,test_eval_loss-->7.587817,test_acc===0.710784
INFO:root:epoch:645 train_eval_loss-->2.365068,train_acc-->1.000000,test_eval_loss-->7.587717,test_acc===0.696078
INFO:root:epoch:646 train_eval_loss-->2.363360,train_acc-->1.000000,test_eval_loss-->7.596634,test_acc===0.696078
INFO:root:epoch:647 train_eval_loss-->2.361613,train_acc-->1.000000,test_eval_loss-->7.595924,test_acc===0.686275
INFO:root:epoch:648 train_eval_loss-->2.359809,train_acc-->1.000000,test_eval_loss-->7.586326,test_acc===0.710784
INFO:root:epoch:649 train_eval_loss-->2.359759,train_acc-->1.000000,test_eval_loss-->7.576380,test_acc===0.700980
INFO:root:epoch:650 train_eval_loss-->2.358973,train_acc-->1.000000,test_eval_loss-->7.589955,test_acc===0.686275
INFO:root:epoch:651 train_eval_loss-->2.360040,train_acc-->1.000000,test_eval_loss-->7.601446,test_acc===0.686275
INFO:root:epoch:652 train_eval_loss-->2.358136,train_acc-->1.000000,test_eval_loss-->7.593445,test_acc===0.686275
INFO:root:epoch:653 train_eval_loss-->2.359439,train_acc-->1.000000,test_eval_loss-->7.588415,test_acc===0.696078
INFO:root:epoch:654 train_eval_loss-->2.358616,train_acc-->1.000000,test_eval_loss-->7.584404,test_acc===0.705882
INFO:root:epoch:655 train_eval_loss-->2.360553,train_acc-->1.000000,test_eval_loss-->7.588542,test_acc===0.705882
INFO:root:epoch:656 train_eval_loss-->2.360155,train_acc-->1.000000,test_eval_loss-->7.578120,test_acc===0.720588
INFO:root:epoch:657 train_eval_loss-->2.363510,train_acc-->1.000000,test_eval_loss-->7.594619,test_acc===0.691176
INFO:root:epoch:658 train_eval_loss-->2.363279,train_acc-->1.000000,test_eval_loss-->7.583481,test_acc===0.710784
INFO:root:epoch:659 train_eval_loss-->2.363987,train_acc-->1.000000,test_eval_loss-->7.590553,test_acc===0.700980
INFO:root:epoch:660 train_eval_loss-->2.366734,train_acc-->1.000000,test_eval_loss-->7.582495,test_acc===0.691176
INFO:root:epoch:661 train_eval_loss-->2.371107,train_acc-->1.000000,test_eval_loss-->7.586531,test_acc===0.686275
INFO:root:epoch:662 train_eval_loss-->2.375771,train_acc-->1.000000,test_eval_loss-->7.593928,test_acc===0.700980
INFO:root:epoch:663 train_eval_loss-->2.383619,train_acc-->1.000000,test_eval_loss-->7.580995,test_acc===0.700980
INFO:root:epoch:664 train_eval_loss-->2.382941,train_acc-->1.000000,test_eval_loss-->7.585931,test_acc===0.686275
INFO:root:epoch:665 train_eval_loss-->2.385694,train_acc-->1.000000,test_eval_loss-->7.577698,test_acc===0.705882
INFO:root:epoch:666 train_eval_loss-->2.390772,train_acc-->1.000000,test_eval_loss-->7.582504,test_acc===0.681373
INFO:root:epoch:667 train_eval_loss-->2.399428,train_acc-->1.000000,test_eval_loss-->7.590308,test_acc===0.705882
INFO:root:epoch:668 train_eval_loss-->2.410289,train_acc-->1.000000,test_eval_loss-->7.588649,test_acc===0.686275
INFO:root:epoch:669 train_eval_loss-->2.417020,train_acc-->1.000000,test_eval_loss-->7.578950,test_acc===0.696078
INFO:root:epoch:670 train_eval_loss-->2.430871,train_acc-->1.000000,test_eval_loss-->7.585521,test_acc===0.696078
INFO:root:epoch:671 train_eval_loss-->2.425456,train_acc-->1.000000,test_eval_loss-->7.577849,test_acc===0.705882
INFO:root:epoch:672 train_eval_loss-->2.451023,train_acc-->1.000000,test_eval_loss-->7.576786,test_acc===0.720588
INFO:root:epoch:673 train_eval_loss-->2.455773,train_acc-->1.000000,test_eval_loss-->7.585707,test_acc===0.691176
INFO:root:epoch:674 train_eval_loss-->2.465979,train_acc-->1.000000,test_eval_loss-->7.600282,test_acc===0.676471
INFO:root:epoch:675 train_eval_loss-->2.458944,train_acc-->1.000000,test_eval_loss-->7.595450,test_acc===0.681373
INFO:root:epoch:676 train_eval_loss-->2.484255,train_acc-->0.998525,test_eval_loss-->7.594445,test_acc===0.671569
INFO:root:epoch:677 train_eval_loss-->2.477358,train_acc-->1.000000,test_eval_loss-->7.594466,test_acc===0.666667
INFO:root:epoch:678 train_eval_loss-->2.471538,train_acc-->1.000000,test_eval_loss-->7.587957,test_acc===0.705882
INFO:root:epoch:679 train_eval_loss-->2.486820,train_acc-->0.997050,test_eval_loss-->7.599820,test_acc===0.666667
INFO:root:epoch:680 train_eval_loss-->2.502543,train_acc-->0.997050,test_eval_loss-->7.601895,test_acc===0.676471
INFO:root:epoch:681 train_eval_loss-->2.495471,train_acc-->0.998525,test_eval_loss-->7.602132,test_acc===0.671569
INFO:root:epoch:682 train_eval_loss-->2.503247,train_acc-->0.997050,test_eval_loss-->7.610728,test_acc===0.666667
INFO:root:epoch:683 train_eval_loss-->2.487402,train_acc-->1.000000,test_eval_loss-->7.597050,test_acc===0.661765
INFO:root:epoch:684 train_eval_loss-->2.518470,train_acc-->0.997050,test_eval_loss-->7.562539,test_acc===0.691176
INFO:root:epoch:685 train_eval_loss-->2.520419,train_acc-->1.000000,test_eval_loss-->7.569035,test_acc===0.705882
INFO:root:epoch:686 train_eval_loss-->2.529512,train_acc-->0.998525,test_eval_loss-->7.617259,test_acc===0.627451
INFO:root:epoch:687 train_eval_loss-->2.550956,train_acc-->0.988201,test_eval_loss-->7.622059,test_acc===0.612745
INFO:root:epoch:688 train_eval_loss-->2.597361,train_acc-->0.983776,test_eval_loss-->7.613812,test_acc===0.661765
INFO:root:epoch:689 train_eval_loss-->2.558929,train_acc-->0.983776,test_eval_loss-->7.610008,test_acc===0.656863
INFO:root:epoch:690 train_eval_loss-->2.580538,train_acc-->0.994100,test_eval_loss-->7.596687,test_acc===0.691176
INFO:root:epoch:691 train_eval_loss-->2.588869,train_acc-->0.971976,test_eval_loss-->7.602426,test_acc===0.671569
INFO:root:epoch:692 train_eval_loss-->2.547935,train_acc-->1.000000,test_eval_loss-->7.600372,test_acc===0.700980
INFO:root:epoch:693 train_eval_loss-->2.550024,train_acc-->1.000000,test_eval_loss-->7.612383,test_acc===0.671569
INFO:root:epoch:694 train_eval_loss-->2.565430,train_acc-->0.995575,test_eval_loss-->7.613418,test_acc===0.696078
INFO:root:epoch:695 train_eval_loss-->2.546464,train_acc-->0.994100,test_eval_loss-->7.624158,test_acc===0.637255
INFO:root:epoch:696 train_eval_loss-->2.562525,train_acc-->0.989676,test_eval_loss-->7.633673,test_acc===0.622549
INFO:root:epoch:697 train_eval_loss-->2.571706,train_acc-->0.991150,test_eval_loss-->7.609214,test_acc===0.676471
INFO:root:epoch:698 train_eval_loss-->2.559926,train_acc-->0.998525,test_eval_loss-->7.605175,test_acc===0.686275
INFO:root:epoch:699 train_eval_loss-->2.554144,train_acc-->0.995575,test_eval_loss-->7.633730,test_acc===0.666667
INFO:root:epoch:700 train_eval_loss-->2.569873,train_acc-->0.994100,test_eval_loss-->7.613128,test_acc===0.666667
INFO:root:epoch:701 train_eval_loss-->2.543117,train_acc-->0.991150,test_eval_loss-->7.600637,test_acc===0.696078
INFO:root:epoch:702 train_eval_loss-->2.544952,train_acc-->1.000000,test_eval_loss-->7.620292,test_acc===0.607843
INFO:root:epoch:703 train_eval_loss-->2.562522,train_acc-->0.995575,test_eval_loss-->7.596952,test_acc===0.676471
INFO:root:epoch:704 train_eval_loss-->2.545555,train_acc-->0.998525,test_eval_loss-->7.614538,test_acc===0.656863
INFO:root:epoch:705 train_eval_loss-->2.551035,train_acc-->0.994100,test_eval_loss-->7.621435,test_acc===0.696078
INFO:root:epoch:706 train_eval_loss-->2.570413,train_acc-->0.991150,test_eval_loss-->7.629914,test_acc===0.671569
INFO:root:epoch:707 train_eval_loss-->2.577986,train_acc-->0.998525,test_eval_loss-->7.640986,test_acc===0.647059
INFO:root:epoch:708 train_eval_loss-->2.542185,train_acc-->0.992625,test_eval_loss-->7.637223,test_acc===0.627451
INFO:root:epoch:709 train_eval_loss-->2.532091,train_acc-->1.000000,test_eval_loss-->7.595869,test_acc===0.651961
INFO:root:epoch:710 train_eval_loss-->2.532326,train_acc-->0.991150,test_eval_loss-->7.632040,test_acc===0.666667
INFO:root:epoch:711 train_eval_loss-->2.527467,train_acc-->1.000000,test_eval_loss-->7.601412,test_acc===0.676471
INFO:root:epoch:712 train_eval_loss-->2.527850,train_acc-->0.994100,test_eval_loss-->7.601587,test_acc===0.656863
INFO:root:epoch:713 train_eval_loss-->2.529242,train_acc-->1.000000,test_eval_loss-->7.594874,test_acc===0.686275
INFO:root:epoch:714 train_eval_loss-->2.529325,train_acc-->0.995575,test_eval_loss-->7.603377,test_acc===0.671569
INFO:root:epoch:715 train_eval_loss-->2.519815,train_acc-->0.994100,test_eval_loss-->7.620319,test_acc===0.671569
INFO:root:epoch:716 train_eval_loss-->2.512344,train_acc-->0.994100,test_eval_loss-->7.593262,test_acc===0.696078
INFO:root:epoch:717 train_eval_loss-->2.513346,train_acc-->0.998525,test_eval_loss-->7.611130,test_acc===0.661765
INFO:root:epoch:718 train_eval_loss-->2.491055,train_acc-->0.998525,test_eval_loss-->7.601279,test_acc===0.666667
INFO:root:epoch:719 train_eval_loss-->2.473838,train_acc-->0.997050,test_eval_loss-->7.624353,test_acc===0.656863
INFO:root:epoch:720 train_eval_loss-->2.482063,train_acc-->0.997050,test_eval_loss-->7.591083,test_acc===0.686275
INFO:root:epoch:721 train_eval_loss-->2.469194,train_acc-->1.000000,test_eval_loss-->7.578956,test_acc===0.700980
INFO:root:epoch:722 train_eval_loss-->2.478739,train_acc-->1.000000,test_eval_loss-->7.581391,test_acc===0.681373
INFO:root:epoch:723 train_eval_loss-->2.472526,train_acc-->0.997050,test_eval_loss-->7.587476,test_acc===0.681373
INFO:root:epoch:724 train_eval_loss-->2.466675,train_acc-->0.998525,test_eval_loss-->7.593724,test_acc===0.681373
INFO:root:epoch:725 train_eval_loss-->2.445489,train_acc-->1.000000,test_eval_loss-->7.605710,test_acc===0.666667
INFO:root:epoch:726 train_eval_loss-->2.441015,train_acc-->1.000000,test_eval_loss-->7.580443,test_acc===0.710784
INFO:root:epoch:727 train_eval_loss-->2.439080,train_acc-->1.000000,test_eval_loss-->7.580256,test_acc===0.691176
INFO:root:epoch:728 train_eval_loss-->2.429272,train_acc-->1.000000,test_eval_loss-->7.581012,test_acc===0.715686
INFO:root:epoch:729 train_eval_loss-->2.436244,train_acc-->1.000000,test_eval_loss-->7.569893,test_acc===0.705882
INFO:root:epoch:730 train_eval_loss-->2.429699,train_acc-->1.000000,test_eval_loss-->7.580132,test_acc===0.691176
INFO:root:epoch:731 train_eval_loss-->2.421196,train_acc-->1.000000,test_eval_loss-->7.574636,test_acc===0.691176
INFO:root:epoch:732 train_eval_loss-->2.405559,train_acc-->1.000000,test_eval_loss-->7.572804,test_acc===0.696078
INFO:root:epoch:733 train_eval_loss-->2.395096,train_acc-->1.000000,test_eval_loss-->7.579370,test_acc===0.696078
INFO:root:epoch:734 train_eval_loss-->2.394243,train_acc-->1.000000,test_eval_loss-->7.576086,test_acc===0.686275
INFO:root:epoch:735 train_eval_loss-->2.391131,train_acc-->1.000000,test_eval_loss-->7.572269,test_acc===0.671569
INFO:root:epoch:736 train_eval_loss-->2.387829,train_acc-->1.000000,test_eval_loss-->7.575821,test_acc===0.700980
INFO:root:epoch:737 train_eval_loss-->2.380417,train_acc-->1.000000,test_eval_loss-->7.580571,test_acc===0.700980
INFO:root:epoch:738 train_eval_loss-->2.378006,train_acc-->1.000000,test_eval_loss-->7.578391,test_acc===0.686275
INFO:root:epoch:739 train_eval_loss-->2.374482,train_acc-->1.000000,test_eval_loss-->7.568196,test_acc===0.715686
INFO:root:epoch:740 train_eval_loss-->2.369875,train_acc-->1.000000,test_eval_loss-->7.552292,test_acc===0.710784
INFO:root:epoch:741 train_eval_loss-->2.366047,train_acc-->1.000000,test_eval_loss-->7.561487,test_acc===0.715686
INFO:root:epoch:742 train_eval_loss-->2.361869,train_acc-->1.000000,test_eval_loss-->7.554766,test_acc===0.725490
INFO:root:epoch:743 train_eval_loss-->2.358643,train_acc-->1.000000,test_eval_loss-->7.556025,test_acc===0.705882
INFO:root:epoch:744 train_eval_loss-->2.355899,train_acc-->1.000000,test_eval_loss-->7.575331,test_acc===0.720588
INFO:root:epoch:745 train_eval_loss-->2.354672,train_acc-->1.000000,test_eval_loss-->7.573919,test_acc===0.705882
INFO:root:epoch:746 train_eval_loss-->2.353079,train_acc-->1.000000,test_eval_loss-->7.570515,test_acc===0.710784
INFO:root:epoch:747 train_eval_loss-->2.350995,train_acc-->1.000000,test_eval_loss-->7.575473,test_acc===0.691176
INFO:root:epoch:748 train_eval_loss-->2.351150,train_acc-->1.000000,test_eval_loss-->7.567098,test_acc===0.710784
INFO:root:epoch:749 train_eval_loss-->2.350379,train_acc-->1.000000,test_eval_loss-->7.559415,test_acc===0.710784
INFO:root:epoch:750 train_eval_loss-->2.349811,train_acc-->1.000000,test_eval_loss-->7.575522,test_acc===0.686275
INFO:root:epoch:751 train_eval_loss-->2.349718,train_acc-->1.000000,test_eval_loss-->7.581567,test_acc===0.696078
INFO:root:epoch:752 train_eval_loss-->2.350299,train_acc-->1.000000,test_eval_loss-->7.566806,test_acc===0.720588
INFO:root:epoch:753 train_eval_loss-->2.349967,train_acc-->1.000000,test_eval_loss-->7.574274,test_acc===0.686275
INFO:root:epoch:754 train_eval_loss-->2.350107,train_acc-->1.000000,test_eval_loss-->7.589058,test_acc===0.661765
INFO:root:epoch:755 train_eval_loss-->2.350741,train_acc-->1.000000,test_eval_loss-->7.573708,test_acc===0.705882
INFO:root:epoch:756 train_eval_loss-->2.350435,train_acc-->1.000000,test_eval_loss-->7.574325,test_acc===0.705882
INFO:root:epoch:757 train_eval_loss-->2.350717,train_acc-->1.000000,test_eval_loss-->7.577626,test_acc===0.691176
INFO:root:epoch:758 train_eval_loss-->2.351858,train_acc-->1.000000,test_eval_loss-->7.564356,test_acc===0.715686
INFO:root:epoch:759 train_eval_loss-->2.355755,train_acc-->1.000000,test_eval_loss-->7.580081,test_acc===0.696078
INFO:root:epoch:760 train_eval_loss-->2.357438,train_acc-->1.000000,test_eval_loss-->7.566583,test_acc===0.696078
INFO:root:epoch:761 train_eval_loss-->2.358532,train_acc-->1.000000,test_eval_loss-->7.586138,test_acc===0.691176
INFO:root:epoch:762 train_eval_loss-->2.362932,train_acc-->1.000000,test_eval_loss-->7.559713,test_acc===0.705882
INFO:root:epoch:763 train_eval_loss-->2.369515,train_acc-->1.000000,test_eval_loss-->7.561983,test_acc===0.686275
INFO:root:epoch:764 train_eval_loss-->2.378732,train_acc-->1.000000,test_eval_loss-->7.576126,test_acc===0.705882
INFO:root:epoch:765 train_eval_loss-->2.382485,train_acc-->1.000000,test_eval_loss-->7.570046,test_acc===0.686275
INFO:root:epoch:766 train_eval_loss-->2.383257,train_acc-->1.000000,test_eval_loss-->7.560629,test_acc===0.715686
INFO:root:epoch:767 train_eval_loss-->2.393147,train_acc-->1.000000,test_eval_loss-->7.570873,test_acc===0.686275
INFO:root:epoch:768 train_eval_loss-->2.391095,train_acc-->1.000000,test_eval_loss-->7.579567,test_acc===0.700980
INFO:root:epoch:769 train_eval_loss-->2.397481,train_acc-->1.000000,test_eval_loss-->7.568153,test_acc===0.700980
INFO:root:epoch:770 train_eval_loss-->2.410872,train_acc-->1.000000,test_eval_loss-->7.568471,test_acc===0.696078
INFO:root:epoch:771 train_eval_loss-->2.417274,train_acc-->1.000000,test_eval_loss-->7.566732,test_acc===0.681373
INFO:root:epoch:772 train_eval_loss-->2.425550,train_acc-->1.000000,test_eval_loss-->7.570844,test_acc===0.676471
INFO:root:epoch:773 train_eval_loss-->2.448975,train_acc-->1.000000,test_eval_loss-->7.569543,test_acc===0.696078
INFO:root:epoch:774 train_eval_loss-->2.456770,train_acc-->1.000000,test_eval_loss-->7.539919,test_acc===0.700980
INFO:root:epoch:775 train_eval_loss-->2.455543,train_acc-->0.997050,test_eval_loss-->7.574067,test_acc===0.696078
INFO:root:epoch:776 train_eval_loss-->2.448810,train_acc-->1.000000,test_eval_loss-->7.567973,test_acc===0.710784
INFO:root:epoch:777 train_eval_loss-->2.456259,train_acc-->1.000000,test_eval_loss-->7.569767,test_acc===0.671569
INFO:root:epoch:778 train_eval_loss-->2.459271,train_acc-->1.000000,test_eval_loss-->7.576443,test_acc===0.671569
INFO:root:epoch:779 train_eval_loss-->2.460207,train_acc-->1.000000,test_eval_loss-->7.567419,test_acc===0.686275
INFO:root:epoch:780 train_eval_loss-->2.462104,train_acc-->1.000000,test_eval_loss-->7.606799,test_acc===0.627451
INFO:root:epoch:781 train_eval_loss-->2.486156,train_acc-->0.998525,test_eval_loss-->7.566185,test_acc===0.681373
INFO:root:epoch:782 train_eval_loss-->2.503415,train_acc-->0.997050,test_eval_loss-->7.563893,test_acc===0.661765
INFO:root:epoch:783 train_eval_loss-->2.495710,train_acc-->1.000000,test_eval_loss-->7.600756,test_acc===0.647059
INFO:root:epoch:784 train_eval_loss-->2.504820,train_acc-->1.000000,test_eval_loss-->7.631102,test_acc===0.612745
INFO:root:epoch:785 train_eval_loss-->2.522751,train_acc-->0.992625,test_eval_loss-->7.589968,test_acc===0.686275
INFO:root:epoch:786 train_eval_loss-->2.527212,train_acc-->1.000000,test_eval_loss-->7.597099,test_acc===0.681373
INFO:root:epoch:787 train_eval_loss-->2.524497,train_acc-->0.998525,test_eval_loss-->7.590463,test_acc===0.661765
INFO:root:epoch:788 train_eval_loss-->2.516479,train_acc-->0.998525,test_eval_loss-->7.612900,test_acc===0.598039
INFO:root:epoch:789 train_eval_loss-->2.539397,train_acc-->0.988201,test_eval_loss-->7.611966,test_acc===0.647059
INFO:root:epoch:790 train_eval_loss-->2.539439,train_acc-->1.000000,test_eval_loss-->7.637452,test_acc===0.617647
INFO:root:epoch:791 train_eval_loss-->2.563367,train_acc-->0.991150,test_eval_loss-->7.626429,test_acc===0.612745
INFO:root:epoch:792 train_eval_loss-->2.554683,train_acc-->1.000000,test_eval_loss-->7.588697,test_acc===0.691176
INFO:root:epoch:793 train_eval_loss-->2.566322,train_acc-->0.986726,test_eval_loss-->7.591123,test_acc===0.637255
INFO:root:epoch:794 train_eval_loss-->2.549140,train_acc-->0.991150,test_eval_loss-->7.608538,test_acc===0.651961
INFO:root:epoch:795 train_eval_loss-->2.550083,train_acc-->0.994100,test_eval_loss-->7.584641,test_acc===0.696078
INFO:root:epoch:796 train_eval_loss-->2.563432,train_acc-->0.989676,test_eval_loss-->7.649474,test_acc===0.583333
INFO:root:epoch:797 train_eval_loss-->2.591137,train_acc-->0.994100,test_eval_loss-->7.613936,test_acc===0.642157
INFO:root:epoch:798 train_eval_loss-->2.645966,train_acc-->0.955752,test_eval_loss-->7.663830,test_acc===0.627451
INFO:root:epoch:799 train_eval_loss-->2.596144,train_acc-->0.986726,test_eval_loss-->7.617472,test_acc===0.651961
