2023-12-18 12:56:31 - #----------Config info----------#
2023-12-18 12:56:31 - network: Pointneted_plus,
2023-12-18 12:56:31 - pre_net: None,
2023-12-18 12:56:31 - data_path: /media/yxz/新加卷/teeth_ct_points/CT3Dpoints/,
2023-12-18 12:56:31 - label_path: /media/yxz/新加卷/teeth_ct_points/CT3Dpoints/三维坐标表格.xlsx,
2023-12-18 12:56:31 - pretrained_path: ./pre_trained/,
2023-12-18 12:56:31 - cfg: [32, 64, 96, 128, 256, 128, 256, 128, 64, 32, 16],
2023-12-18 12:56:31 - label_num: [0, 1, 10, 11, 14, 19, 3, 8, 15, 18, 21],
2023-12-18 12:56:31 - num_classes: 11,
2023-12-18 12:56:31 - input_size_h: 512,
2023-12-18 12:56:31 - input_size_w: 512,
2023-12-18 12:56:31 - input_channels: 64,
2023-12-18 12:56:31 - distributed: False,
2023-12-18 12:56:31 - local_rank: -1,
2023-12-18 12:56:31 - num_workers: 4,
2023-12-18 12:56:31 - seed: 42,
2023-12-18 12:56:31 - world_size: None,
2023-12-18 12:56:31 - rank: None,
2023-12-18 12:56:31 - amp: False,
2023-12-18 12:56:31 - l2_lambda: 0.0,
2023-12-18 12:56:31 - gpu_id: 0,
2023-12-18 12:56:31 - batch_size: 4,
2023-12-18 12:56:31 - val_bs: 1,
2023-12-18 12:56:31 - epochs: 800,
2023-12-18 12:56:31 - deep_supervision: True,
2023-12-18 12:56:31 - tailadd: True,
2023-12-18 12:56:31 - threshold: 8.660254037844387,
2023-12-18 12:56:31 - rand_data: False,
2023-12-18 12:56:31 - mean_common: False,
2023-12-18 12:56:31 - horizontal_flip: True,
2023-12-18 12:56:31 - Dynamic_regularization: False,
2023-12-18 12:56:31 - train_mean: [38.167084, 36.47113, 35.658463, 34.7275, 34.397972, 34.392757, 33.96709, 34.126865, 34.28234, 33.729267, 32.7962, 32.064926, 31.681631, 31.124203, 30.844501, 31.361849, 32.73974, 34.215652, 36.648277, 38.611458, 40.539837, 42.120747, 43.28669, 44.45494, 45.614132, 46.21989, 47.45023, 48.500004, 49.44821, 50.419426, 52.140045, 53.649082, 54.722622, 55.427254, 55.996006, 56.55678, 57.03274, 56.78339, 56.16994, 56.052105, 56.084873, 55.73664, 55.51461, 54.455627, 53.19349, 51.708523, 50.496777, 48.39798, 46.618237],
2023-12-18 12:56:31 - train_std: [52.12329, 51.107494, 50.941055, 50.223755, 50.00628, 50.154346, 49.390217, 49.584064, 49.46689, 48.635002, 46.955963, 45.86415, 45.254314, 44.008198, 43.081245, 43.15782, 44.181343, 45.16833, 47.433487, 48.60615, 50.44894, 51.635715, 52.542904, 53.638527, 54.554443, 54.860928, 55.634895, 56.127644, 56.314377, 56.52658, 57.31575, 57.992775, 58.40813, 58.65052, 58.6726, 58.786034, 59.043797, 59.15101, 58.878242, 59.1303, 59.565495, 59.95643, 60.605595, 60.74457, 60.784153, 60.811424, 61.18004, 60.75567, 60.8064],
2023-12-18 12:56:31 - val_mean: [39.743374, 38.122738, 37.19561, 35.71686, 35.202812, 34.790627, 34.621647, 34.678947, 34.44854, 33.327152, 32.52173, 31.267305, 30.603254, 30.013475, 29.536041, 30.480452, 31.952286, 33.71057, 36.010574, 38.201912, 39.313183, 42.94376, 44.53766, 45.518337, 46.94797, 46.58542, 47.49811, 48.238167, 51.026104, 52.292915, 52.69654, 53.169758, 53.87486, 55.697067, 57.654236, 57.586315, 57.758514, 57.174618, 57.736595, 57.24419, 57.544117, 57.37176, 56.43062, 55.96641, 55.325653, 53.10815, 52.179287, 50.27785, 47.04305],
2023-12-18 12:56:31 - val_std: [53.15056, 52.15993, 51.616505, 50.33102, 50.21509, 50.081203, 50.03935, 49.86299, 49.531567, 48.28274, 46.95426, 45.172287, 43.96861, 42.88531, 41.24616, 42.37183, 43.43441, 44.75589, 46.571957, 48.567627, 49.173023, 51.97025, 53.31617, 54.147503, 55.217754, 54.256313, 54.82137, 55.228252, 57.024765, 57.493202, 57.21687, 57.12449, 57.009945, 58.07164, 58.968643, 58.816093, 58.97068, 58.471672, 58.976105, 58.958794, 59.510704, 60.026344, 60.16703, 60.841858, 61.621956, 61.22611, 61.83866, 62.08808, 61.1031],
2023-12-18 12:56:31 - work_dir: results/Pointneted_plus_Monday_18_December_2023_12h_56m_31s/,
2023-12-18 12:56:31 - tensor_size: 0,
2023-12-18 12:56:31 - train_transformer: Compose(
    <utils.myToTensor object at 0x7f174ae99d30>
    <utils.myResize object at 0x7f17584d71c0>
),
2023-12-18 12:56:31 - test_transformer: Compose(
    <utils.myToTensor object at 0x7f1836892790>
    <utils.myResize object at 0x7f18368927c0>
),
2023-12-18 12:56:31 - opt: AdamW,
2023-12-18 12:56:31 - lr: 0.001,
2023-12-18 12:56:31 - betas: (0.9, 0.999),
2023-12-18 12:56:31 - eps: 1e-08,
2023-12-18 12:56:31 - weight_decay: 0.01,
2023-12-18 12:56:31 - amsgrad: False,
2023-12-18 12:56:31 - sch: CosineAnnealingLR,
2023-12-18 12:56:31 - T_max: 50,
2023-12-18 12:56:31 - eta_min: 1e-05,
2023-12-18 12:56:31 - last_epoch: -1,
INFO:root:train--mean-->[38.167084 36.47113  35.658463 34.7275   34.397972 34.392757 33.96709
 34.126865 34.28234  33.729267 32.7962   32.064926 31.681631 31.124203
 30.844501 31.361849 32.73974  34.215652 36.648277 38.611458 40.539837
 42.120747 43.28669  44.45494  45.614132 46.21989  47.45023  48.500004
 49.44821  50.419426 52.140045 53.649082 54.722622 55.427254 55.996006
 56.55678  57.03274  56.78339  56.16994  56.052105 56.084873 55.73664
 55.51461  54.455627 53.19349  51.708523 50.496777 48.39798  46.618237]
INFO:root:train--std-->[52.12329  51.107494 50.941055 50.223755 50.00628  50.154346 49.390217
 49.584064 49.46689  48.635002 46.955963 45.86415  45.254314 44.008198
 43.081245 43.15782  44.181343 45.16833  47.433487 48.60615  50.44894
 51.635715 52.542904 53.638527 54.554443 54.860928 55.634895 56.127644
 56.314377 56.52658  57.31575  57.992775 58.40813  58.65052  58.6726
 58.786034 59.043797 59.15101  58.878242 59.1303   59.565495 59.95643
 60.605595 60.74457  60.784153 60.811424 61.18004  60.75567  60.8064  ]
INFO:root:val--mean-->[39.743374 38.122738 37.19561  35.71686  35.202812 34.790627 34.621647
 34.678947 34.44854  33.327152 32.52173  31.267305 30.603254 30.013475
 29.536041 30.480452 31.952286 33.71057  36.010574 38.201912 39.313183
 42.94376  44.53766  45.518337 46.94797  46.58542  47.49811  48.238167
 51.026104 52.292915 52.69654  53.169758 53.87486  55.697067 57.654236
 57.586315 57.758514 57.174618 57.736595 57.24419  57.544117 57.37176
 56.43062  55.96641  55.325653 53.10815  52.179287 50.27785  47.04305 ]
INFO:root:val--std-->[53.15056  52.15993  51.616505 50.33102  50.21509  50.081203 50.03935
 49.86299  49.531567 48.28274  46.95426  45.172287 43.96861  42.88531
 41.24616  42.37183  43.43441  44.75589  46.571957 48.567627 49.173023
 51.97025  53.31617  54.147503 55.217754 54.256313 54.82137  55.228252
 57.024765 57.493202 57.21687  57.12449  57.009945 58.07164  58.968643
 58.816093 58.97068  58.471672 58.976105 58.958794 59.510704 60.026344
 60.16703  60.841858 61.621956 61.22611  61.83866  62.08808  61.1031  ]
INFO:root:real_input_channels-->49
INFO:root:epoch:0 train_eval_loss-->10.735373,train_acc-->0.011263,test_eval_loss-->6.406377,test_acc===0.042781
INFO:root:epoch:1 train_eval_loss-->6.234566,train_acc-->0.060338,test_eval_loss-->5.056716,test_acc===0.056150
INFO:root:epoch:2 train_eval_loss-->5.638298,train_acc-->0.060338,test_eval_loss-->5.762511,test_acc===0.018717
INFO:root:epoch:3 train_eval_loss-->5.044640,train_acc-->0.093323,test_eval_loss-->4.444057,test_acc===0.109626
INFO:root:epoch:4 train_eval_loss-->4.528185,train_acc-->0.106999,test_eval_loss-->3.574462,test_acc===0.085561
INFO:root:epoch:5 train_eval_loss-->4.298484,train_acc-->0.115044,test_eval_loss-->3.841210,test_acc===0.093583
INFO:root:epoch:6 train_eval_loss-->4.031334,train_acc-->0.133548,test_eval_loss-->3.934990,test_acc===0.045455
INFO:root:epoch:7 train_eval_loss-->3.972903,train_acc-->0.124698,test_eval_loss-->3.554531,test_acc===0.080214
INFO:root:epoch:8 train_eval_loss-->3.781509,train_acc-->0.152051,test_eval_loss-->3.678994,test_acc===0.165775
INFO:root:epoch:9 train_eval_loss-->3.735852,train_acc-->0.125503,test_eval_loss-->3.340747,test_acc===0.096257
INFO:root:epoch:10 train_eval_loss-->3.603728,train_acc-->0.162510,test_eval_loss-->3.833899,test_acc===0.080214
INFO:root:epoch:11 train_eval_loss-->3.453026,train_acc-->0.209171,test_eval_loss-->3.421453,test_acc===0.098930
INFO:root:epoch:12 train_eval_loss-->3.489403,train_acc-->0.164119,test_eval_loss-->3.094776,test_acc===0.085561
INFO:root:epoch:13 train_eval_loss-->3.352661,train_acc-->0.189059,test_eval_loss-->4.029165,test_acc===0.254011
INFO:root:epoch:14 train_eval_loss-->3.374892,train_acc-->0.222848,test_eval_loss-->3.216746,test_acc===0.106952
INFO:root:epoch:15 train_eval_loss-->3.199085,train_acc-->0.220434,test_eval_loss-->3.122551,test_acc===0.173797
INFO:root:epoch:16 train_eval_loss-->3.159235,train_acc-->0.243765,test_eval_loss-->3.433975,test_acc===0.189840
INFO:root:epoch:17 train_eval_loss-->3.114144,train_acc-->0.247788,test_eval_loss-->3.370375,test_acc===0.275401
INFO:root:epoch:18 train_eval_loss-->3.129800,train_acc-->0.233307,test_eval_loss-->3.351074,test_acc===0.125668
INFO:root:epoch:19 train_eval_loss-->3.043385,train_acc-->0.255028,test_eval_loss-->2.919550,test_acc===0.187166
INFO:root:epoch:20 train_eval_loss-->3.043092,train_acc-->0.246179,test_eval_loss-->3.460584,test_acc===0.093583
INFO:root:epoch:21 train_eval_loss-->3.014415,train_acc-->0.225261,test_eval_loss-->3.267821,test_acc===0.136364
INFO:root:epoch:22 train_eval_loss-->3.026693,train_acc-->0.193886,test_eval_loss-->3.091373,test_acc===0.152406
INFO:root:epoch:23 train_eval_loss-->2.697946,train_acc-->0.239743,test_eval_loss-->3.093399,test_acc===0.149733
INFO:root:epoch:24 train_eval_loss-->2.505121,train_acc-->0.314562,test_eval_loss-->2.313488,test_acc===0.326203
INFO:root:epoch:25 train_eval_loss-->2.360207,train_acc-->0.407884,test_eval_loss-->1.989829,test_acc===0.385027
INFO:root:epoch:26 train_eval_loss-->2.225641,train_acc-->0.386163,test_eval_loss-->2.697420,test_acc===0.141711
INFO:root:epoch:27 train_eval_loss-->2.451102,train_acc-->0.317780,test_eval_loss-->1.922403,test_acc===0.398396
INFO:root:epoch:28 train_eval_loss-->2.138034,train_acc-->0.416734,test_eval_loss-->1.943901,test_acc===0.433155
INFO:root:epoch:29 train_eval_loss-->1.871946,train_acc-->0.497989,test_eval_loss-->2.029148,test_acc===0.307487
INFO:root:epoch:30 train_eval_loss-->1.843195,train_acc-->0.514079,test_eval_loss-->1.767592,test_acc===0.438503
INFO:root:epoch:31 train_eval_loss-->1.746718,train_acc-->0.553500,test_eval_loss-->1.921798,test_acc===0.433155
INFO:root:epoch:32 train_eval_loss-->1.747745,train_acc-->0.557522,test_eval_loss-->1.944019,test_acc===0.379679
INFO:root:epoch:33 train_eval_loss-->1.747757,train_acc-->0.553500,test_eval_loss-->1.707970,test_acc===0.470588
INFO:root:epoch:34 train_eval_loss-->1.693460,train_acc-->0.606597,test_eval_loss-->1.732040,test_acc===0.497326
INFO:root:epoch:35 train_eval_loss-->1.534132,train_acc-->0.658085,test_eval_loss-->1.833128,test_acc===0.449198
INFO:root:epoch:36 train_eval_loss-->1.585124,train_acc-->0.612228,test_eval_loss-->1.605064,test_acc===0.521390
INFO:root:epoch:37 train_eval_loss-->1.462709,train_acc-->0.691874,test_eval_loss-->1.721348,test_acc===0.462567
INFO:root:epoch:38 train_eval_loss-->1.347839,train_acc-->0.725664,test_eval_loss-->1.708060,test_acc===0.532086
INFO:root:epoch:39 train_eval_loss-->1.354675,train_acc-->0.723250,test_eval_loss-->1.669804,test_acc===0.518717
INFO:root:epoch:40 train_eval_loss-->1.304674,train_acc-->0.775543,test_eval_loss-->1.639079,test_acc===0.556150
INFO:root:epoch:41 train_eval_loss-->1.257957,train_acc-->0.765889,test_eval_loss-->1.654734,test_acc===0.540107
INFO:root:epoch:42 train_eval_loss-->1.263172,train_acc-->0.777152,test_eval_loss-->1.729013,test_acc===0.524064
INFO:root:epoch:43 train_eval_loss-->1.205582,train_acc-->0.800483,test_eval_loss-->1.658877,test_acc===0.534759
INFO:root:epoch:44 train_eval_loss-->1.187196,train_acc-->0.822204,test_eval_loss-->1.698020,test_acc===0.532086
INFO:root:epoch:45 train_eval_loss-->1.161507,train_acc-->0.812550,test_eval_loss-->1.656683,test_acc===0.550802
INFO:root:epoch:46 train_eval_loss-->1.151704,train_acc-->0.816573,test_eval_loss-->1.649634,test_acc===0.561497
INFO:root:epoch:47 train_eval_loss-->1.115524,train_acc-->0.836685,test_eval_loss-->1.657363,test_acc===0.561497
INFO:root:epoch:48 train_eval_loss-->1.139589,train_acc-->0.831054,test_eval_loss-->1.653658,test_acc===0.550802
INFO:root:epoch:49 train_eval_loss-->1.150780,train_acc-->0.820595,test_eval_loss-->1.683840,test_acc===0.550802
INFO:root:epoch:50 train_eval_loss-->1.160353,train_acc-->0.840708,test_eval_loss-->1.682476,test_acc===0.558824
INFO:root:epoch:51 train_eval_loss-->1.100938,train_acc-->0.833467,test_eval_loss-->1.645252,test_acc===0.548128
INFO:root:epoch:52 train_eval_loss-->1.102347,train_acc-->0.836685,test_eval_loss-->1.670689,test_acc===0.553476
INFO:root:epoch:53 train_eval_loss-->1.101520,train_acc-->0.840708,test_eval_loss-->1.694098,test_acc===0.558824
INFO:root:epoch:54 train_eval_loss-->1.124207,train_acc-->0.837490,test_eval_loss-->1.675163,test_acc===0.542781
INFO:root:epoch:55 train_eval_loss-->1.069585,train_acc-->0.831054,test_eval_loss-->1.599622,test_acc===0.561497
INFO:root:epoch:56 train_eval_loss-->1.144245,train_acc-->0.834272,test_eval_loss-->1.686620,test_acc===0.556150
INFO:root:epoch:57 train_eval_loss-->1.046538,train_acc-->0.843926,test_eval_loss-->1.643856,test_acc===0.566845
INFO:root:epoch:58 train_eval_loss-->1.110076,train_acc-->0.839099,test_eval_loss-->1.604062,test_acc===0.569519
INFO:root:epoch:59 train_eval_loss-->1.125732,train_acc-->0.840708,test_eval_loss-->1.719842,test_acc===0.513369
INFO:root:epoch:60 train_eval_loss-->1.151048,train_acc-->0.820595,test_eval_loss-->1.758336,test_acc===0.478610
INFO:root:epoch:61 train_eval_loss-->1.137709,train_acc-->0.818182,test_eval_loss-->1.674452,test_acc===0.556150
INFO:root:epoch:62 train_eval_loss-->1.172895,train_acc-->0.831054,test_eval_loss-->1.758224,test_acc===0.446524
INFO:root:epoch:63 train_eval_loss-->1.238784,train_acc-->0.773934,test_eval_loss-->1.808208,test_acc===0.387701
INFO:root:epoch:64 train_eval_loss-->1.189548,train_acc-->0.778761,test_eval_loss-->1.772193,test_acc===0.494652
INFO:root:epoch:65 train_eval_loss-->1.302893,train_acc-->0.747385,test_eval_loss-->1.801403,test_acc===0.537433
INFO:root:epoch:66 train_eval_loss-->1.159333,train_acc-->0.774739,test_eval_loss-->1.688841,test_acc===0.497326
INFO:root:epoch:67 train_eval_loss-->1.291630,train_acc-->0.752212,test_eval_loss-->1.738508,test_acc===0.435829
INFO:root:epoch:68 train_eval_loss-->1.241430,train_acc-->0.770716,test_eval_loss-->1.843707,test_acc===0.467914
INFO:root:epoch:69 train_eval_loss-->1.255889,train_acc-->0.758648,test_eval_loss-->1.852364,test_acc===0.475936
INFO:root:epoch:70 train_eval_loss-->1.303820,train_acc-->0.716814,test_eval_loss-->1.925575,test_acc===0.310160
INFO:root:epoch:71 train_eval_loss-->1.380023,train_acc-->0.687852,test_eval_loss-->1.813640,test_acc===0.481283
INFO:root:epoch:72 train_eval_loss-->1.348512,train_acc-->0.672566,test_eval_loss-->1.931528,test_acc===0.339572
INFO:root:epoch:73 train_eval_loss-->1.521866,train_acc-->0.588898,test_eval_loss-->2.540937,test_acc===0.264706
INFO:root:epoch:74 train_eval_loss-->1.578470,train_acc-->0.530973,test_eval_loss-->1.852932,test_acc===0.414439
INFO:root:epoch:75 train_eval_loss-->1.507771,train_acc-->0.560740,test_eval_loss-->1.789875,test_acc===0.355615
INFO:root:epoch:76 train_eval_loss-->1.556447,train_acc-->0.491553,test_eval_loss-->1.865288,test_acc===0.358289
INFO:root:epoch:77 train_eval_loss-->1.707551,train_acc-->0.458568,test_eval_loss-->1.913239,test_acc===0.312834
INFO:root:epoch:78 train_eval_loss-->1.604801,train_acc-->0.513274,test_eval_loss-->1.619636,test_acc===0.516043
INFO:root:epoch:79 train_eval_loss-->1.430678,train_acc-->0.584071,test_eval_loss-->3.203088,test_acc===0.310160
INFO:root:epoch:80 train_eval_loss-->1.528041,train_acc-->0.578439,test_eval_loss-->1.831379,test_acc===0.374332
INFO:root:epoch:81 train_eval_loss-->1.472532,train_acc-->0.532582,test_eval_loss-->2.484506,test_acc===0.393048
INFO:root:epoch:82 train_eval_loss-->1.688243,train_acc-->0.486726,test_eval_loss-->4.321927,test_acc===0.235294
INFO:root:epoch:83 train_eval_loss-->1.532387,train_acc-->0.518906,test_eval_loss-->1.986497,test_acc===0.254011
INFO:root:epoch:84 train_eval_loss-->1.450487,train_acc-->0.534996,test_eval_loss-->2.013602,test_acc===0.320856
INFO:root:epoch:85 train_eval_loss-->1.491003,train_acc-->0.510861,test_eval_loss-->1.919486,test_acc===0.347594
INFO:root:epoch:86 train_eval_loss-->1.512143,train_acc-->0.502816,test_eval_loss-->1.874032,test_acc===0.283422
INFO:root:epoch:87 train_eval_loss-->1.425596,train_acc-->0.583266,test_eval_loss-->1.746144,test_acc===0.395722
INFO:root:epoch:88 train_eval_loss-->1.481391,train_acc-->0.538214,test_eval_loss-->2.104192,test_acc===0.307487
INFO:root:epoch:89 train_eval_loss-->1.470034,train_acc-->0.537409,test_eval_loss-->2.397557,test_acc===0.168449
INFO:root:epoch:90 train_eval_loss-->1.448653,train_acc-->0.504425,test_eval_loss-->1.961678,test_acc===0.427807
INFO:root:epoch:91 train_eval_loss-->1.378294,train_acc-->0.545455,test_eval_loss-->1.982253,test_acc===0.232620
INFO:root:epoch:92 train_eval_loss-->1.147355,train_acc-->0.621883,test_eval_loss-->1.765162,test_acc===0.446524
INFO:root:epoch:93 train_eval_loss-->1.313179,train_acc-->0.634755,test_eval_loss-->1.794715,test_acc===0.374332
INFO:root:epoch:94 train_eval_loss-->1.325973,train_acc-->0.642800,test_eval_loss-->2.056566,test_acc===0.454545
INFO:root:epoch:95 train_eval_loss-->1.378303,train_acc-->0.549477,test_eval_loss-->2.717753,test_acc===0.342246
INFO:root:epoch:96 train_eval_loss-->1.490333,train_acc-->0.498793,test_eval_loss-->1.954248,test_acc===0.360963
INFO:root:epoch:97 train_eval_loss-->1.469492,train_acc-->0.524537,test_eval_loss-->1.911750,test_acc===0.240642
INFO:root:epoch:98 train_eval_loss-->1.409103,train_acc-->0.517297,test_eval_loss-->1.840295,test_acc===0.352941
INFO:root:epoch:99 train_eval_loss-->1.274162,train_acc-->0.639582,test_eval_loss-->1.893497,test_acc===0.245989
INFO:root:epoch:100 train_eval_loss-->1.282574,train_acc-->0.635559,test_eval_loss-->1.850343,test_acc===0.395722
INFO:root:epoch:101 train_eval_loss-->1.267417,train_acc-->0.596138,test_eval_loss-->1.934331,test_acc===0.221925
INFO:root:epoch:102 train_eval_loss-->1.201648,train_acc-->0.584071,test_eval_loss-->1.495678,test_acc===0.489305
INFO:root:epoch:103 train_eval_loss-->1.474206,train_acc-->0.565567,test_eval_loss-->1.825506,test_acc===0.307487
INFO:root:epoch:104 train_eval_loss-->1.338377,train_acc-->0.578439,test_eval_loss-->1.806005,test_acc===0.419786
INFO:root:epoch:105 train_eval_loss-->1.374320,train_acc-->0.619469,test_eval_loss-->2.438320,test_acc===0.422460
INFO:root:epoch:106 train_eval_loss-->1.325294,train_acc-->0.609815,test_eval_loss-->2.303946,test_acc===0.302139
INFO:root:epoch:107 train_eval_loss-->1.370185,train_acc-->0.626710,test_eval_loss-->1.670656,test_acc===0.417112
INFO:root:epoch:108 train_eval_loss-->1.320543,train_acc-->0.658085,test_eval_loss-->1.909507,test_acc===0.360963
INFO:root:epoch:109 train_eval_loss-->1.263568,train_acc-->0.624296,test_eval_loss-->1.726350,test_acc===0.470588
INFO:root:epoch:110 train_eval_loss-->1.110662,train_acc-->0.714401,test_eval_loss-->1.789888,test_acc===0.457219
INFO:root:epoch:111 train_eval_loss-->1.127983,train_acc-->0.702333,test_eval_loss-->1.733835,test_acc===0.454545
INFO:root:epoch:112 train_eval_loss-->1.150883,train_acc-->0.638777,test_eval_loss-->1.689465,test_acc===0.537433
INFO:root:epoch:113 train_eval_loss-->1.011312,train_acc-->0.732904,test_eval_loss-->1.690372,test_acc===0.491979
INFO:root:epoch:114 train_eval_loss-->1.026903,train_acc-->0.800483,test_eval_loss-->1.540246,test_acc===0.532086
INFO:root:epoch:115 train_eval_loss-->1.044401,train_acc-->0.773130,test_eval_loss-->1.760630,test_acc===0.288770
INFO:root:epoch:116 train_eval_loss-->1.104365,train_acc-->0.781175,test_eval_loss-->1.763219,test_acc===0.417112
INFO:root:epoch:117 train_eval_loss-->0.883134,train_acc-->0.830249,test_eval_loss-->1.645282,test_acc===0.425134
INFO:root:epoch:118 train_eval_loss-->0.879729,train_acc-->0.806114,test_eval_loss-->1.632921,test_acc===0.473262
INFO:root:epoch:119 train_eval_loss-->0.960371,train_acc-->0.798069,test_eval_loss-->1.687102,test_acc===0.534759
INFO:root:epoch:120 train_eval_loss-->0.833542,train_acc-->0.839099,test_eval_loss-->1.621096,test_acc===0.548128
INFO:root:epoch:121 train_eval_loss-->0.796439,train_acc-->0.883347,test_eval_loss-->1.663806,test_acc===0.508021
INFO:root:epoch:122 train_eval_loss-->0.837024,train_acc-->0.861625,test_eval_loss-->1.783277,test_acc===0.491979
INFO:root:epoch:123 train_eval_loss-->0.869630,train_acc-->0.862430,test_eval_loss-->1.518882,test_acc===0.606952
INFO:root:epoch:124 train_eval_loss-->0.786072,train_acc-->0.900241,test_eval_loss-->1.461709,test_acc===0.590909
INFO:root:epoch:125 train_eval_loss-->0.781829,train_acc-->0.874497,test_eval_loss-->1.530681,test_acc===0.542781
INFO:root:epoch:126 train_eval_loss-->0.792566,train_acc-->0.884151,test_eval_loss-->1.530862,test_acc===0.601604
INFO:root:epoch:127 train_eval_loss-->0.668688,train_acc-->0.933226,test_eval_loss-->1.470192,test_acc===0.580214
INFO:root:epoch:128 train_eval_loss-->0.619868,train_acc-->0.946098,test_eval_loss-->1.443741,test_acc===0.606952
INFO:root:epoch:129 train_eval_loss-->0.593520,train_acc-->0.959775,test_eval_loss-->1.480581,test_acc===0.588235
INFO:root:epoch:130 train_eval_loss-->0.622808,train_acc-->0.942076,test_eval_loss-->1.459083,test_acc===0.566845
INFO:root:epoch:131 train_eval_loss-->0.587499,train_acc-->0.960579,test_eval_loss-->1.443666,test_acc===0.590909
INFO:root:epoch:132 train_eval_loss-->0.561226,train_acc-->0.962188,test_eval_loss-->1.454651,test_acc===0.598930
INFO:root:epoch:133 train_eval_loss-->0.551489,train_acc-->0.962993,test_eval_loss-->1.433996,test_acc===0.601604
INFO:root:epoch:134 train_eval_loss-->0.555565,train_acc-->0.963797,test_eval_loss-->1.469276,test_acc===0.593583
INFO:root:epoch:135 train_eval_loss-->0.520746,train_acc-->0.980692,test_eval_loss-->1.439214,test_acc===0.593583
INFO:root:epoch:136 train_eval_loss-->0.514408,train_acc-->0.974256,test_eval_loss-->1.441887,test_acc===0.588235
INFO:root:epoch:137 train_eval_loss-->0.513105,train_acc-->0.972647,test_eval_loss-->1.437640,test_acc===0.601604
INFO:root:epoch:138 train_eval_loss-->0.494609,train_acc-->0.973451,test_eval_loss-->1.446046,test_acc===0.614973
INFO:root:epoch:139 train_eval_loss-->0.484214,train_acc-->0.978278,test_eval_loss-->1.433798,test_acc===0.609626
INFO:root:epoch:140 train_eval_loss-->0.478009,train_acc-->0.975865,test_eval_loss-->1.442861,test_acc===0.606952
INFO:root:epoch:141 train_eval_loss-->0.475512,train_acc-->0.974256,test_eval_loss-->1.448785,test_acc===0.606952
INFO:root:epoch:142 train_eval_loss-->0.471022,train_acc-->0.977474,test_eval_loss-->1.458869,test_acc===0.588235
INFO:root:epoch:143 train_eval_loss-->0.466943,train_acc-->0.978278,test_eval_loss-->1.433703,test_acc===0.601604
INFO:root:epoch:144 train_eval_loss-->0.460723,train_acc-->0.977474,test_eval_loss-->1.436202,test_acc===0.598930
INFO:root:epoch:145 train_eval_loss-->0.449101,train_acc-->0.980692,test_eval_loss-->1.442481,test_acc===0.596257
INFO:root:epoch:146 train_eval_loss-->0.453722,train_acc-->0.982301,test_eval_loss-->1.434476,test_acc===0.604278
INFO:root:epoch:147 train_eval_loss-->0.446574,train_acc-->0.982301,test_eval_loss-->1.443584,test_acc===0.604278
INFO:root:epoch:148 train_eval_loss-->0.446690,train_acc-->0.981496,test_eval_loss-->1.441112,test_acc===0.601604
INFO:root:epoch:149 train_eval_loss-->0.447250,train_acc-->0.979083,test_eval_loss-->1.444794,test_acc===0.601604
INFO:root:epoch:150 train_eval_loss-->0.443487,train_acc-->0.979083,test_eval_loss-->1.441175,test_acc===0.604278
INFO:root:epoch:151 train_eval_loss-->0.438390,train_acc-->0.984714,test_eval_loss-->1.434132,test_acc===0.601604
INFO:root:epoch:152 train_eval_loss-->0.448010,train_acc-->0.981496,test_eval_loss-->1.437484,test_acc===0.598930
INFO:root:epoch:153 train_eval_loss-->0.441348,train_acc-->0.986323,test_eval_loss-->1.440721,test_acc===0.606952
INFO:root:epoch:154 train_eval_loss-->0.446590,train_acc-->0.977474,test_eval_loss-->1.443392,test_acc===0.598930
INFO:root:epoch:155 train_eval_loss-->0.449938,train_acc-->0.979887,test_eval_loss-->1.435166,test_acc===0.609626
INFO:root:epoch:156 train_eval_loss-->0.447399,train_acc-->0.983105,test_eval_loss-->1.440407,test_acc===0.609626
INFO:root:epoch:157 train_eval_loss-->0.451760,train_acc-->0.980692,test_eval_loss-->1.446108,test_acc===0.596257
INFO:root:epoch:158 train_eval_loss-->0.447739,train_acc-->0.983105,test_eval_loss-->1.451543,test_acc===0.596257
INFO:root:epoch:159 train_eval_loss-->0.452908,train_acc-->0.977474,test_eval_loss-->1.446228,test_acc===0.609626
INFO:root:epoch:160 train_eval_loss-->0.446118,train_acc-->0.984714,test_eval_loss-->1.445826,test_acc===0.588235
INFO:root:epoch:161 train_eval_loss-->0.452845,train_acc-->0.979887,test_eval_loss-->1.453503,test_acc===0.593583
INFO:root:epoch:162 train_eval_loss-->0.461196,train_acc-->0.981496,test_eval_loss-->1.456335,test_acc===0.598930
INFO:root:epoch:163 train_eval_loss-->0.468381,train_acc-->0.981496,test_eval_loss-->1.475302,test_acc===0.577540
INFO:root:epoch:164 train_eval_loss-->0.482744,train_acc-->0.984714,test_eval_loss-->1.461263,test_acc===0.596257
INFO:root:epoch:165 train_eval_loss-->0.478899,train_acc-->0.982301,test_eval_loss-->1.442324,test_acc===0.596257
INFO:root:epoch:166 train_eval_loss-->0.480674,train_acc-->0.975865,test_eval_loss-->1.461618,test_acc===0.588235
INFO:root:epoch:167 train_eval_loss-->0.508195,train_acc-->0.974256,test_eval_loss-->1.494018,test_acc===0.572193
INFO:root:epoch:168 train_eval_loss-->0.527677,train_acc-->0.983105,test_eval_loss-->1.513388,test_acc===0.542781
INFO:root:epoch:169 train_eval_loss-->0.585604,train_acc-->0.958166,test_eval_loss-->1.563560,test_acc===0.508021
INFO:root:epoch:170 train_eval_loss-->0.562616,train_acc-->0.964602,test_eval_loss-->1.517766,test_acc===0.580214
INFO:root:epoch:171 train_eval_loss-->0.587540,train_acc-->0.964602,test_eval_loss-->1.480552,test_acc===0.620321
INFO:root:epoch:172 train_eval_loss-->0.590504,train_acc-->0.960579,test_eval_loss-->1.501857,test_acc===0.577540
INFO:root:epoch:173 train_eval_loss-->0.612772,train_acc-->0.951730,test_eval_loss-->1.509326,test_acc===0.556150
INFO:root:epoch:174 train_eval_loss-->0.628421,train_acc-->0.956557,test_eval_loss-->1.598054,test_acc===0.505348
INFO:root:epoch:175 train_eval_loss-->0.630250,train_acc-->0.954143,test_eval_loss-->1.485235,test_acc===0.585561
INFO:root:epoch:176 train_eval_loss-->0.644458,train_acc-->0.944489,test_eval_loss-->1.620061,test_acc===0.478610
INFO:root:epoch:177 train_eval_loss-->0.716118,train_acc-->0.898632,test_eval_loss-->1.682953,test_acc===0.385027
INFO:root:epoch:178 train_eval_loss-->0.782407,train_acc-->0.885760,test_eval_loss-->1.771442,test_acc===0.307487
INFO:root:epoch:179 train_eval_loss-->0.929560,train_acc-->0.707160,test_eval_loss-->1.649162,test_acc===0.451872
INFO:root:epoch:180 train_eval_loss-->0.860846,train_acc-->0.810137,test_eval_loss-->1.699259,test_acc===0.422460
INFO:root:epoch:181 train_eval_loss-->0.951539,train_acc-->0.716814,test_eval_loss-->1.677103,test_acc===0.449198
INFO:root:epoch:182 train_eval_loss-->0.815250,train_acc-->0.832663,test_eval_loss-->1.515828,test_acc===0.526738
INFO:root:epoch:183 train_eval_loss-->0.787192,train_acc-->0.864843,test_eval_loss-->1.579122,test_acc===0.486631
INFO:root:epoch:184 train_eval_loss-->0.750411,train_acc-->0.889783,test_eval_loss-->1.641491,test_acc===0.465241
INFO:root:epoch:185 train_eval_loss-->0.813155,train_acc-->0.846340,test_eval_loss-->1.642696,test_acc===0.411765
INFO:root:epoch:186 train_eval_loss-->0.724568,train_acc-->0.911504,test_eval_loss-->1.658430,test_acc===0.494652
INFO:root:epoch:187 train_eval_loss-->0.784266,train_acc-->0.863234,test_eval_loss-->1.548438,test_acc===0.524064
INFO:root:epoch:188 train_eval_loss-->0.759163,train_acc-->0.874497,test_eval_loss-->1.566829,test_acc===0.548128
INFO:root:epoch:189 train_eval_loss-->0.769970,train_acc-->0.872084,test_eval_loss-->1.673173,test_acc===0.417112
INFO:root:epoch:190 train_eval_loss-->0.817261,train_acc-->0.843121,test_eval_loss-->1.562995,test_acc===0.545455
INFO:root:epoch:191 train_eval_loss-->0.747201,train_acc-->0.895414,test_eval_loss-->1.607888,test_acc===0.467914
INFO:root:epoch:192 train_eval_loss-->0.822378,train_acc-->0.842317,test_eval_loss-->1.815262,test_acc===0.323529
INFO:root:epoch:193 train_eval_loss-->1.060645,train_acc-->0.650845,test_eval_loss-->1.595270,test_acc===0.478610
INFO:root:epoch:194 train_eval_loss-->1.010784,train_acc-->0.766693,test_eval_loss-->1.992048,test_acc===0.427807
INFO:root:epoch:195 train_eval_loss-->1.345149,train_acc-->0.680611,test_eval_loss-->1.922860,test_acc===0.419786
INFO:root:epoch:196 train_eval_loss-->1.409327,train_acc-->0.613837,test_eval_loss-->1.837728,test_acc===0.352941
INFO:root:epoch:197 train_eval_loss-->1.325962,train_acc-->0.557522,test_eval_loss-->2.338999,test_acc===0.181818
INFO:root:epoch:198 train_eval_loss-->1.411775,train_acc-->0.572003,test_eval_loss-->1.740102,test_acc===0.368984
INFO:root:epoch:199 train_eval_loss-->1.411371,train_acc-->0.621078,test_eval_loss-->1.559451,test_acc===0.532086
INFO:root:epoch:200 train_eval_loss-->1.417255,train_acc-->0.654063,test_eval_loss-->1.767290,test_acc===0.454545
INFO:root:epoch:201 train_eval_loss-->1.166731,train_acc-->0.707965,test_eval_loss-->1.348315,test_acc===0.526738
INFO:root:epoch:202 train_eval_loss-->1.148638,train_acc-->0.732100,test_eval_loss-->1.661496,test_acc===0.505348
INFO:root:epoch:203 train_eval_loss-->0.979662,train_acc-->0.772325,test_eval_loss-->1.708075,test_acc===0.473262
INFO:root:epoch:204 train_eval_loss-->1.049832,train_acc-->0.769912,test_eval_loss-->1.775252,test_acc===0.446524
INFO:root:epoch:205 train_eval_loss-->1.004872,train_acc-->0.772325,test_eval_loss-->1.803989,test_acc===0.422460
INFO:root:epoch:206 train_eval_loss-->0.980454,train_acc-->0.758648,test_eval_loss-->1.749715,test_acc===0.449198
INFO:root:epoch:207 train_eval_loss-->1.001830,train_acc-->0.795656,test_eval_loss-->1.537077,test_acc===0.491979
INFO:root:epoch:208 train_eval_loss-->0.881904,train_acc-->0.851971,test_eval_loss-->1.803630,test_acc===0.355615
INFO:root:epoch:209 train_eval_loss-->0.833160,train_acc-->0.837490,test_eval_loss-->1.534075,test_acc===0.550802
INFO:root:epoch:210 train_eval_loss-->0.793804,train_acc-->0.886565,test_eval_loss-->1.668741,test_acc===0.454545
INFO:root:epoch:211 train_eval_loss-->0.814512,train_acc-->0.868061,test_eval_loss-->1.584087,test_acc===0.470588
INFO:root:epoch:212 train_eval_loss-->0.878447,train_acc-->0.832663,test_eval_loss-->1.526791,test_acc===0.540107
INFO:root:epoch:213 train_eval_loss-->0.770797,train_acc-->0.888978,test_eval_loss-->1.606231,test_acc===0.449198
INFO:root:epoch:214 train_eval_loss-->0.725941,train_acc-->0.903459,test_eval_loss-->1.455146,test_acc===0.580214
INFO:root:epoch:215 train_eval_loss-->0.725221,train_acc-->0.916331,test_eval_loss-->1.471211,test_acc===0.513369
INFO:root:epoch:216 train_eval_loss-->0.723966,train_acc-->0.892196,test_eval_loss-->1.469617,test_acc===0.534759
INFO:root:epoch:217 train_eval_loss-->0.726527,train_acc-->0.904264,test_eval_loss-->1.581209,test_acc===0.502674
INFO:root:epoch:218 train_eval_loss-->0.746025,train_acc-->0.890587,test_eval_loss-->1.546934,test_acc===0.489305
INFO:root:epoch:219 train_eval_loss-->0.653083,train_acc-->0.939662,test_eval_loss-->1.415462,test_acc===0.582888
INFO:root:epoch:220 train_eval_loss-->0.611694,train_acc-->0.958166,test_eval_loss-->1.552558,test_acc===0.489305
INFO:root:epoch:221 train_eval_loss-->0.676783,train_acc-->0.950925,test_eval_loss-->1.496176,test_acc===0.510695
INFO:root:epoch:222 train_eval_loss-->0.748342,train_acc-->0.898632,test_eval_loss-->1.698082,test_acc===0.344920
INFO:root:epoch:223 train_eval_loss-->0.721514,train_acc-->0.893001,test_eval_loss-->1.464769,test_acc===0.569519
INFO:root:epoch:224 train_eval_loss-->0.568670,train_acc-->0.968624,test_eval_loss-->1.439622,test_acc===0.588235
INFO:root:epoch:225 train_eval_loss-->0.562496,train_acc-->0.980692,test_eval_loss-->1.508139,test_acc===0.558824
INFO:root:epoch:226 train_eval_loss-->0.510405,train_acc-->0.979083,test_eval_loss-->1.481139,test_acc===0.614973
INFO:root:epoch:227 train_eval_loss-->0.496306,train_acc-->0.981496,test_eval_loss-->1.438389,test_acc===0.572193
INFO:root:epoch:228 train_eval_loss-->0.474499,train_acc-->0.981496,test_eval_loss-->1.460163,test_acc===0.582888
INFO:root:epoch:229 train_eval_loss-->0.468375,train_acc-->0.992759,test_eval_loss-->1.447335,test_acc===0.577540
INFO:root:epoch:230 train_eval_loss-->0.460117,train_acc-->0.990346,test_eval_loss-->1.446691,test_acc===0.566845
INFO:root:epoch:231 train_eval_loss-->0.419927,train_acc-->0.992759,test_eval_loss-->1.422861,test_acc===0.601604
INFO:root:epoch:232 train_eval_loss-->0.419549,train_acc-->0.995173,test_eval_loss-->1.407326,test_acc===0.617647
INFO:root:epoch:233 train_eval_loss-->0.404007,train_acc-->0.993564,test_eval_loss-->1.426140,test_acc===0.598930
INFO:root:epoch:234 train_eval_loss-->0.392992,train_acc-->0.996782,test_eval_loss-->1.411433,test_acc===0.628342
INFO:root:epoch:235 train_eval_loss-->0.375670,train_acc-->0.995977,test_eval_loss-->1.399996,test_acc===0.620321
INFO:root:epoch:236 train_eval_loss-->0.364093,train_acc-->0.995977,test_eval_loss-->1.399503,test_acc===0.612299
INFO:root:epoch:237 train_eval_loss-->0.358370,train_acc-->0.994368,test_eval_loss-->1.388503,test_acc===0.612299
INFO:root:epoch:238 train_eval_loss-->0.347355,train_acc-->0.995173,test_eval_loss-->1.396428,test_acc===0.609626
INFO:root:epoch:239 train_eval_loss-->0.350038,train_acc-->0.996782,test_eval_loss-->1.404082,test_acc===0.625668
INFO:root:epoch:240 train_eval_loss-->0.333683,train_acc-->0.998391,test_eval_loss-->1.398643,test_acc===0.601604
INFO:root:epoch:241 train_eval_loss-->0.337272,train_acc-->0.995977,test_eval_loss-->1.405556,test_acc===0.604278
INFO:root:epoch:242 train_eval_loss-->0.327933,train_acc-->0.997586,test_eval_loss-->1.387683,test_acc===0.617647
INFO:root:epoch:243 train_eval_loss-->0.327186,train_acc-->0.997586,test_eval_loss-->1.392968,test_acc===0.620321
INFO:root:epoch:244 train_eval_loss-->0.330082,train_acc-->0.997586,test_eval_loss-->1.392313,test_acc===0.617647
INFO:root:epoch:245 train_eval_loss-->0.320668,train_acc-->0.997586,test_eval_loss-->1.395369,test_acc===0.614973
INFO:root:epoch:246 train_eval_loss-->0.315774,train_acc-->0.996782,test_eval_loss-->1.384421,test_acc===0.617647
INFO:root:epoch:247 train_eval_loss-->0.316082,train_acc-->0.996782,test_eval_loss-->1.392149,test_acc===0.604278
INFO:root:epoch:248 train_eval_loss-->0.313261,train_acc-->0.997586,test_eval_loss-->1.385335,test_acc===0.622995
INFO:root:epoch:249 train_eval_loss-->0.317180,train_acc-->0.997586,test_eval_loss-->1.384081,test_acc===0.622995
INFO:root:epoch:250 train_eval_loss-->0.311819,train_acc-->0.995977,test_eval_loss-->1.386401,test_acc===0.620321
INFO:root:epoch:251 train_eval_loss-->0.315768,train_acc-->0.996782,test_eval_loss-->1.393405,test_acc===0.617647
INFO:root:epoch:252 train_eval_loss-->0.312952,train_acc-->0.997586,test_eval_loss-->1.387071,test_acc===0.620321
INFO:root:epoch:253 train_eval_loss-->0.312060,train_acc-->0.996782,test_eval_loss-->1.391371,test_acc===0.606952
INFO:root:epoch:254 train_eval_loss-->0.313638,train_acc-->0.997586,test_eval_loss-->1.387107,test_acc===0.617647
INFO:root:epoch:255 train_eval_loss-->0.313016,train_acc-->0.995977,test_eval_loss-->1.390418,test_acc===0.628342
INFO:root:epoch:256 train_eval_loss-->0.316171,train_acc-->0.997586,test_eval_loss-->1.392900,test_acc===0.612299
INFO:root:epoch:257 train_eval_loss-->0.316280,train_acc-->0.996782,test_eval_loss-->1.388632,test_acc===0.620321
INFO:root:epoch:258 train_eval_loss-->0.320570,train_acc-->0.995977,test_eval_loss-->1.393955,test_acc===0.604278
INFO:root:epoch:259 train_eval_loss-->0.319272,train_acc-->0.997586,test_eval_loss-->1.399931,test_acc===0.620321
INFO:root:epoch:260 train_eval_loss-->0.319320,train_acc-->0.996782,test_eval_loss-->1.385446,test_acc===0.620321
INFO:root:epoch:261 train_eval_loss-->0.322539,train_acc-->0.996782,test_eval_loss-->1.389574,test_acc===0.625668
INFO:root:epoch:262 train_eval_loss-->0.323226,train_acc-->0.997586,test_eval_loss-->1.398221,test_acc===0.620321
INFO:root:epoch:263 train_eval_loss-->0.331622,train_acc-->0.996782,test_eval_loss-->1.399409,test_acc===0.625668
INFO:root:epoch:264 train_eval_loss-->0.336468,train_acc-->0.997586,test_eval_loss-->1.396847,test_acc===0.617647
INFO:root:epoch:265 train_eval_loss-->0.347320,train_acc-->0.997586,test_eval_loss-->1.404201,test_acc===0.622995
INFO:root:epoch:266 train_eval_loss-->0.350054,train_acc-->0.998391,test_eval_loss-->1.421541,test_acc===0.614973
INFO:root:epoch:267 train_eval_loss-->0.385895,train_acc-->0.997586,test_eval_loss-->1.406938,test_acc===0.596257
INFO:root:epoch:268 train_eval_loss-->0.393357,train_acc-->0.995173,test_eval_loss-->1.380897,test_acc===0.644385
INFO:root:epoch:269 train_eval_loss-->0.420503,train_acc-->0.995173,test_eval_loss-->1.415100,test_acc===0.614973
INFO:root:epoch:270 train_eval_loss-->0.431395,train_acc-->0.995173,test_eval_loss-->1.456492,test_acc===0.612299
INFO:root:epoch:271 train_eval_loss-->0.430475,train_acc-->0.997586,test_eval_loss-->1.399451,test_acc===0.612299
INFO:root:epoch:272 train_eval_loss-->0.442081,train_acc-->0.994368,test_eval_loss-->1.419117,test_acc===0.636364
INFO:root:epoch:273 train_eval_loss-->0.432232,train_acc-->0.995173,test_eval_loss-->1.450102,test_acc===0.620321
INFO:root:epoch:274 train_eval_loss-->0.496818,train_acc-->0.988737,test_eval_loss-->1.497870,test_acc===0.585561
INFO:root:epoch:275 train_eval_loss-->0.536984,train_acc-->0.979887,test_eval_loss-->1.503653,test_acc===0.537433
INFO:root:epoch:276 train_eval_loss-->0.531508,train_acc-->0.986323,test_eval_loss-->1.481010,test_acc===0.548128
INFO:root:epoch:277 train_eval_loss-->0.530782,train_acc-->0.979887,test_eval_loss-->1.477764,test_acc===0.569519
INFO:root:epoch:278 train_eval_loss-->0.555912,train_acc-->0.963797,test_eval_loss-->1.530637,test_acc===0.556150
INFO:root:epoch:279 train_eval_loss-->0.625832,train_acc-->0.958166,test_eval_loss-->1.425686,test_acc===0.590909
INFO:root:epoch:280 train_eval_loss-->0.534148,train_acc-->0.980692,test_eval_loss-->1.578942,test_acc===0.518717
INFO:root:epoch:281 train_eval_loss-->0.612652,train_acc-->0.960579,test_eval_loss-->1.564447,test_acc===0.486631
INFO:root:epoch:282 train_eval_loss-->0.620465,train_acc-->0.941271,test_eval_loss-->1.517704,test_acc===0.521390
INFO:root:epoch:283 train_eval_loss-->0.626214,train_acc-->0.956557,test_eval_loss-->1.647091,test_acc===0.350267
INFO:root:epoch:284 train_eval_loss-->0.644713,train_acc-->0.929204,test_eval_loss-->1.487915,test_acc===0.542781
INFO:root:epoch:285 train_eval_loss-->0.616657,train_acc-->0.958970,test_eval_loss-->1.664419,test_acc===0.449198
INFO:root:epoch:286 train_eval_loss-->0.656642,train_acc-->0.934835,test_eval_loss-->1.559524,test_acc===0.500000
INFO:root:epoch:287 train_eval_loss-->0.786221,train_acc-->0.827031,test_eval_loss-->1.818976,test_acc===0.368984
INFO:root:epoch:288 train_eval_loss-->0.850208,train_acc-->0.758648,test_eval_loss-->1.499128,test_acc===0.556150
INFO:root:epoch:289 train_eval_loss-->0.744536,train_acc-->0.875302,test_eval_loss-->1.454361,test_acc===0.590909
INFO:root:epoch:290 train_eval_loss-->0.644675,train_acc-->0.949316,test_eval_loss-->1.513583,test_acc===0.532086
INFO:root:epoch:291 train_eval_loss-->0.634504,train_acc-->0.950121,test_eval_loss-->1.491182,test_acc===0.537433
INFO:root:epoch:292 train_eval_loss-->0.716414,train_acc-->0.895414,test_eval_loss-->1.601860,test_acc===0.489305
INFO:root:epoch:293 train_eval_loss-->0.680305,train_acc-->0.923572,test_eval_loss-->1.538059,test_acc===0.540107
INFO:root:epoch:294 train_eval_loss-->0.684710,train_acc-->0.925986,test_eval_loss-->1.540373,test_acc===0.494652
INFO:root:epoch:295 train_eval_loss-->0.684286,train_acc-->0.913918,test_eval_loss-->1.438827,test_acc===0.628342
INFO:root:epoch:296 train_eval_loss-->0.723640,train_acc-->0.893805,test_eval_loss-->1.499969,test_acc===0.553476
INFO:root:epoch:297 train_eval_loss-->0.816227,train_acc-->0.835076,test_eval_loss-->1.595097,test_acc===0.454545
INFO:root:epoch:298 train_eval_loss-->0.718943,train_acc-->0.901850,test_eval_loss-->1.516771,test_acc===0.582888
INFO:root:epoch:299 train_eval_loss-->0.696118,train_acc-->0.942076,test_eval_loss-->1.415797,test_acc===0.553476
INFO:root:epoch:300 train_eval_loss-->0.740022,train_acc-->0.888978,test_eval_loss-->1.510286,test_acc===0.505348
INFO:root:epoch:301 train_eval_loss-->0.795400,train_acc-->0.878520,test_eval_loss-->1.644749,test_acc===0.435829
INFO:root:epoch:302 train_eval_loss-->0.756908,train_acc-->0.894610,test_eval_loss-->1.513505,test_acc===0.441176
INFO:root:epoch:303 train_eval_loss-->1.062717,train_acc-->0.760257,test_eval_loss-->1.475073,test_acc===0.470588
INFO:root:epoch:304 train_eval_loss-->1.231785,train_acc-->0.713596,test_eval_loss-->1.517954,test_acc===0.510695
INFO:root:epoch:305 train_eval_loss-->1.071289,train_acc-->0.784393,test_eval_loss-->1.838082,test_acc===0.518717
INFO:root:epoch:306 train_eval_loss-->0.945497,train_acc-->0.805310,test_eval_loss-->1.577660,test_acc===0.435829
INFO:root:epoch:307 train_eval_loss-->1.155962,train_acc-->0.807723,test_eval_loss-->2.164736,test_acc===0.403743
INFO:root:epoch:308 train_eval_loss-->1.304372,train_acc-->0.700724,test_eval_loss-->1.846663,test_acc===0.497326
INFO:root:epoch:309 train_eval_loss-->0.995343,train_acc-->0.816573,test_eval_loss-->1.465403,test_acc===0.497326
INFO:root:epoch:310 train_eval_loss-->1.245764,train_acc-->0.732100,test_eval_loss-->1.495473,test_acc===0.491979
INFO:root:epoch:311 train_eval_loss-->0.947978,train_acc-->0.816573,test_eval_loss-->1.415356,test_acc===0.558824
INFO:root:epoch:312 train_eval_loss-->0.932724,train_acc-->0.852776,test_eval_loss-->1.469970,test_acc===0.537433
INFO:root:epoch:313 train_eval_loss-->0.880491,train_acc-->0.886565,test_eval_loss-->1.543273,test_acc===0.609626
INFO:root:epoch:314 train_eval_loss-->0.908089,train_acc-->0.883347,test_eval_loss-->1.628244,test_acc===0.566845
INFO:root:epoch:315 train_eval_loss-->0.761715,train_acc-->0.909091,test_eval_loss-->1.449946,test_acc===0.558824
INFO:root:epoch:316 train_eval_loss-->0.634564,train_acc-->0.946098,test_eval_loss-->1.605032,test_acc===0.508021
INFO:root:epoch:317 train_eval_loss-->0.649050,train_acc-->0.958970,test_eval_loss-->1.487294,test_acc===0.582888
INFO:root:epoch:318 train_eval_loss-->0.586357,train_acc-->0.962188,test_eval_loss-->1.557250,test_acc===0.577540
INFO:root:epoch:319 train_eval_loss-->0.621078,train_acc-->0.962993,test_eval_loss-->1.506416,test_acc===0.577540
INFO:root:epoch:320 train_eval_loss-->0.516786,train_acc-->0.974256,test_eval_loss-->1.450308,test_acc===0.596257
INFO:root:epoch:321 train_eval_loss-->0.500022,train_acc-->0.991955,test_eval_loss-->1.434752,test_acc===0.588235
INFO:root:epoch:322 train_eval_loss-->0.492360,train_acc-->0.994368,test_eval_loss-->1.494569,test_acc===0.534759
INFO:root:epoch:323 train_eval_loss-->0.476053,train_acc-->0.990346,test_eval_loss-->1.394168,test_acc===0.612299
INFO:root:epoch:324 train_eval_loss-->0.484770,train_acc-->0.982301,test_eval_loss-->1.509094,test_acc===0.617647
INFO:root:epoch:325 train_eval_loss-->0.456655,train_acc-->0.987128,test_eval_loss-->1.512105,test_acc===0.580214
INFO:root:epoch:326 train_eval_loss-->0.426222,train_acc-->0.994368,test_eval_loss-->1.482382,test_acc===0.574866
INFO:root:epoch:327 train_eval_loss-->0.418634,train_acc-->0.995173,test_eval_loss-->1.489690,test_acc===0.585561
INFO:root:epoch:328 train_eval_loss-->0.394198,train_acc-->0.993564,test_eval_loss-->1.462928,test_acc===0.628342
INFO:root:epoch:329 train_eval_loss-->0.391890,train_acc-->0.993564,test_eval_loss-->1.367568,test_acc===0.644385
INFO:root:epoch:330 train_eval_loss-->0.382865,train_acc-->0.995977,test_eval_loss-->1.377762,test_acc===0.604278
INFO:root:epoch:331 train_eval_loss-->0.367049,train_acc-->0.998391,test_eval_loss-->1.379838,test_acc===0.636364
INFO:root:epoch:332 train_eval_loss-->0.345852,train_acc-->0.997586,test_eval_loss-->1.363971,test_acc===0.644385
INFO:root:epoch:333 train_eval_loss-->0.328859,train_acc-->0.997586,test_eval_loss-->1.378263,test_acc===0.633690
INFO:root:epoch:334 train_eval_loss-->0.322423,train_acc-->0.998391,test_eval_loss-->1.376602,test_acc===0.633690
INFO:root:epoch:335 train_eval_loss-->0.313510,train_acc-->0.998391,test_eval_loss-->1.379784,test_acc===0.652406
INFO:root:epoch:336 train_eval_loss-->0.302303,train_acc-->0.998391,test_eval_loss-->1.377586,test_acc===0.622995
INFO:root:epoch:337 train_eval_loss-->0.298074,train_acc-->0.998391,test_eval_loss-->1.366017,test_acc===0.639037
INFO:root:epoch:338 train_eval_loss-->0.282651,train_acc-->0.998391,test_eval_loss-->1.370053,test_acc===0.657754
INFO:root:epoch:339 train_eval_loss-->0.287678,train_acc-->0.998391,test_eval_loss-->1.375100,test_acc===0.649733
INFO:root:epoch:340 train_eval_loss-->0.276331,train_acc-->0.998391,test_eval_loss-->1.370600,test_acc===0.636364
INFO:root:epoch:341 train_eval_loss-->0.272376,train_acc-->0.998391,test_eval_loss-->1.371156,test_acc===0.639037
INFO:root:epoch:342 train_eval_loss-->0.268794,train_acc-->0.998391,test_eval_loss-->1.366359,test_acc===0.655080
INFO:root:epoch:343 train_eval_loss-->0.263593,train_acc-->0.998391,test_eval_loss-->1.365731,test_acc===0.657754
INFO:root:epoch:344 train_eval_loss-->0.262061,train_acc-->0.998391,test_eval_loss-->1.367530,test_acc===0.641711
INFO:root:epoch:345 train_eval_loss-->0.258342,train_acc-->0.998391,test_eval_loss-->1.367414,test_acc===0.647059
INFO:root:epoch:346 train_eval_loss-->0.257107,train_acc-->0.998391,test_eval_loss-->1.366310,test_acc===0.663102
INFO:root:epoch:347 train_eval_loss-->0.251997,train_acc-->0.998391,test_eval_loss-->1.363948,test_acc===0.657754
INFO:root:epoch:348 train_eval_loss-->0.255834,train_acc-->0.998391,test_eval_loss-->1.366934,test_acc===0.652406
INFO:root:epoch:349 train_eval_loss-->0.251406,train_acc-->0.998391,test_eval_loss-->1.369213,test_acc===0.647059
INFO:root:epoch:350 train_eval_loss-->0.255825,train_acc-->0.998391,test_eval_loss-->1.366212,test_acc===0.657754
INFO:root:epoch:351 train_eval_loss-->0.250829,train_acc-->0.998391,test_eval_loss-->1.368566,test_acc===0.649733
INFO:root:epoch:352 train_eval_loss-->0.253822,train_acc-->0.998391,test_eval_loss-->1.366797,test_acc===0.649733
INFO:root:epoch:353 train_eval_loss-->0.252426,train_acc-->0.998391,test_eval_loss-->1.365111,test_acc===0.652406
INFO:root:epoch:354 train_eval_loss-->0.257882,train_acc-->0.998391,test_eval_loss-->1.366701,test_acc===0.657754
INFO:root:epoch:355 train_eval_loss-->0.254972,train_acc-->0.998391,test_eval_loss-->1.365742,test_acc===0.655080
INFO:root:epoch:356 train_eval_loss-->0.252685,train_acc-->0.998391,test_eval_loss-->1.365018,test_acc===0.663102
INFO:root:epoch:357 train_eval_loss-->0.260440,train_acc-->0.998391,test_eval_loss-->1.366866,test_acc===0.639037
INFO:root:epoch:358 train_eval_loss-->0.259930,train_acc-->0.998391,test_eval_loss-->1.368375,test_acc===0.652406
INFO:root:epoch:359 train_eval_loss-->0.257717,train_acc-->0.998391,test_eval_loss-->1.372093,test_acc===0.649733
INFO:root:epoch:360 train_eval_loss-->0.264727,train_acc-->0.998391,test_eval_loss-->1.369093,test_acc===0.655080
INFO:root:epoch:361 train_eval_loss-->0.263489,train_acc-->0.998391,test_eval_loss-->1.365621,test_acc===0.655080
INFO:root:epoch:362 train_eval_loss-->0.261907,train_acc-->0.998391,test_eval_loss-->1.368058,test_acc===0.639037
INFO:root:epoch:363 train_eval_loss-->0.271423,train_acc-->0.998391,test_eval_loss-->1.368206,test_acc===0.644385
INFO:root:epoch:364 train_eval_loss-->0.275215,train_acc-->0.998391,test_eval_loss-->1.368111,test_acc===0.649733
INFO:root:epoch:365 train_eval_loss-->0.286153,train_acc-->0.998391,test_eval_loss-->1.374427,test_acc===0.641711
INFO:root:epoch:366 train_eval_loss-->0.298367,train_acc-->0.998391,test_eval_loss-->1.367062,test_acc===0.644385
INFO:root:epoch:367 train_eval_loss-->0.334738,train_acc-->0.998391,test_eval_loss-->1.380480,test_acc===0.639037
INFO:root:epoch:368 train_eval_loss-->0.331879,train_acc-->0.998391,test_eval_loss-->1.379060,test_acc===0.620321
INFO:root:epoch:369 train_eval_loss-->0.336522,train_acc-->0.998391,test_eval_loss-->1.404408,test_acc===0.601604
INFO:root:epoch:370 train_eval_loss-->0.373437,train_acc-->0.997586,test_eval_loss-->1.386474,test_acc===0.652406
INFO:root:epoch:371 train_eval_loss-->0.396305,train_acc-->0.992759,test_eval_loss-->1.469114,test_acc===0.558824
INFO:root:epoch:372 train_eval_loss-->0.420619,train_acc-->0.995173,test_eval_loss-->1.422738,test_acc===0.585561
INFO:root:epoch:373 train_eval_loss-->0.429504,train_acc-->0.990346,test_eval_loss-->1.441104,test_acc===0.590909
INFO:root:epoch:374 train_eval_loss-->0.462896,train_acc-->0.993564,test_eval_loss-->1.446779,test_acc===0.582888
INFO:root:epoch:375 train_eval_loss-->0.486533,train_acc-->0.987128,test_eval_loss-->1.462930,test_acc===0.574866
INFO:root:epoch:376 train_eval_loss-->0.604874,train_acc-->0.947707,test_eval_loss-->1.444584,test_acc===0.577540
INFO:root:epoch:377 train_eval_loss-->0.537254,train_acc-->0.976669,test_eval_loss-->1.595201,test_acc===0.497326
INFO:root:epoch:378 train_eval_loss-->0.580147,train_acc-->0.971038,test_eval_loss-->1.432605,test_acc===0.604278
INFO:root:epoch:379 train_eval_loss-->0.509767,train_acc-->0.982301,test_eval_loss-->1.484837,test_acc===0.572193
INFO:root:epoch:380 train_eval_loss-->0.480031,train_acc-->0.990346,test_eval_loss-->1.435342,test_acc===0.614973
INFO:root:epoch:381 train_eval_loss-->0.504488,train_acc-->0.979887,test_eval_loss-->1.520938,test_acc===0.518717
INFO:root:epoch:382 train_eval_loss-->0.541453,train_acc-->0.978278,test_eval_loss-->1.449063,test_acc===0.542781
INFO:root:epoch:383 train_eval_loss-->0.542951,train_acc-->0.971842,test_eval_loss-->1.469908,test_acc===0.593583
INFO:root:epoch:384 train_eval_loss-->0.566916,train_acc-->0.964602,test_eval_loss-->1.509176,test_acc===0.537433
INFO:root:epoch:385 train_eval_loss-->0.550406,train_acc-->0.979887,test_eval_loss-->1.447161,test_acc===0.604278
INFO:root:epoch:386 train_eval_loss-->0.587712,train_acc-->0.969429,test_eval_loss-->1.490695,test_acc===0.580214
INFO:root:epoch:387 train_eval_loss-->0.563084,train_acc-->0.975060,test_eval_loss-->1.480008,test_acc===0.588235
INFO:root:epoch:388 train_eval_loss-->0.546810,train_acc-->0.979887,test_eval_loss-->1.463625,test_acc===0.532086
INFO:root:epoch:389 train_eval_loss-->0.503412,train_acc-->0.985519,test_eval_loss-->1.534838,test_acc===0.574866
INFO:root:epoch:390 train_eval_loss-->0.589182,train_acc-->0.962993,test_eval_loss-->1.492455,test_acc===0.564171
INFO:root:epoch:391 train_eval_loss-->0.622316,train_acc-->0.925986,test_eval_loss-->1.507905,test_acc===0.542781
INFO:root:epoch:392 train_eval_loss-->0.715105,train_acc-->0.901850,test_eval_loss-->1.678955,test_acc===0.443850
INFO:root:epoch:393 train_eval_loss-->0.676856,train_acc-->0.904264,test_eval_loss-->1.470507,test_acc===0.574866
INFO:root:epoch:394 train_eval_loss-->0.604108,train_acc-->0.950121,test_eval_loss-->1.469481,test_acc===0.590909
INFO:root:epoch:395 train_eval_loss-->0.588967,train_acc-->0.960579,test_eval_loss-->1.499057,test_acc===0.553476
INFO:root:epoch:396 train_eval_loss-->0.564327,train_acc-->0.974256,test_eval_loss-->1.511867,test_acc===0.545455
INFO:root:epoch:397 train_eval_loss-->0.584740,train_acc-->0.963797,test_eval_loss-->1.532617,test_acc===0.545455
INFO:root:epoch:398 train_eval_loss-->0.645128,train_acc-->0.930813,test_eval_loss-->1.500533,test_acc===0.561497
INFO:root:epoch:399 train_eval_loss-->0.560799,train_acc-->0.975060,test_eval_loss-->1.550493,test_acc===0.505348
INFO:root:epoch:400 train_eval_loss-->0.565666,train_acc-->0.970233,test_eval_loss-->1.472949,test_acc===0.580214
INFO:root:epoch:401 train_eval_loss-->0.540143,train_acc-->0.979083,test_eval_loss-->1.465767,test_acc===0.588235
INFO:root:epoch:402 train_eval_loss-->0.510815,train_acc-->0.986323,test_eval_loss-->1.457875,test_acc===0.596257
INFO:root:epoch:403 train_eval_loss-->0.572175,train_acc-->0.954143,test_eval_loss-->1.589787,test_acc===0.494652
INFO:root:epoch:404 train_eval_loss-->0.605691,train_acc-->0.946098,test_eval_loss-->1.653379,test_acc===0.462567
INFO:root:epoch:405 train_eval_loss-->0.652869,train_acc-->0.917136,test_eval_loss-->1.658641,test_acc===0.398396
INFO:root:epoch:406 train_eval_loss-->0.659909,train_acc-->0.913113,test_eval_loss-->1.571690,test_acc===0.510695
INFO:root:epoch:407 train_eval_loss-->0.610036,train_acc-->0.961384,test_eval_loss-->1.580253,test_acc===0.540107
INFO:root:epoch:408 train_eval_loss-->0.533836,train_acc-->0.980692,test_eval_loss-->1.473853,test_acc===0.580214
INFO:root:epoch:409 train_eval_loss-->0.493528,train_acc-->0.984714,test_eval_loss-->1.559471,test_acc===0.540107
INFO:root:epoch:410 train_eval_loss-->0.460434,train_acc-->0.988737,test_eval_loss-->1.443958,test_acc===0.628342
INFO:root:epoch:411 train_eval_loss-->0.507751,train_acc-->0.979887,test_eval_loss-->1.594120,test_acc===0.473262
INFO:root:epoch:412 train_eval_loss-->0.530923,train_acc-->0.967015,test_eval_loss-->1.561500,test_acc===0.489305
INFO:root:epoch:413 train_eval_loss-->0.551179,train_acc-->0.967015,test_eval_loss-->1.616774,test_acc===0.513369
INFO:root:epoch:414 train_eval_loss-->0.538707,train_acc-->0.975060,test_eval_loss-->1.635724,test_acc===0.475936
INFO:root:epoch:415 train_eval_loss-->0.526005,train_acc-->0.986323,test_eval_loss-->1.479911,test_acc===0.569519
INFO:root:epoch:416 train_eval_loss-->0.443772,train_acc-->0.979887,test_eval_loss-->1.552188,test_acc===0.537433
INFO:root:epoch:417 train_eval_loss-->0.426546,train_acc-->0.997586,test_eval_loss-->1.525172,test_acc===0.580214
INFO:root:epoch:418 train_eval_loss-->0.421636,train_acc-->0.992759,test_eval_loss-->1.487032,test_acc===0.628342
INFO:root:epoch:419 train_eval_loss-->0.418588,train_acc-->0.985519,test_eval_loss-->1.476781,test_acc===0.612299
INFO:root:epoch:420 train_eval_loss-->0.451968,train_acc-->0.991955,test_eval_loss-->1.505503,test_acc===0.598930
INFO:root:epoch:421 train_eval_loss-->0.458813,train_acc-->0.995173,test_eval_loss-->1.509807,test_acc===0.588235
INFO:root:epoch:422 train_eval_loss-->0.382324,train_acc-->0.996782,test_eval_loss-->1.445872,test_acc===0.628342
INFO:root:epoch:423 train_eval_loss-->0.366575,train_acc-->0.997586,test_eval_loss-->1.463403,test_acc===0.625668
INFO:root:epoch:424 train_eval_loss-->0.346067,train_acc-->0.995977,test_eval_loss-->1.424683,test_acc===0.655080
INFO:root:epoch:425 train_eval_loss-->0.334625,train_acc-->0.996782,test_eval_loss-->1.435114,test_acc===0.636364
INFO:root:epoch:426 train_eval_loss-->0.327737,train_acc-->0.995173,test_eval_loss-->1.452187,test_acc===0.620321
INFO:root:epoch:427 train_eval_loss-->0.312651,train_acc-->0.998391,test_eval_loss-->1.423169,test_acc===0.625668
INFO:root:epoch:428 train_eval_loss-->0.280801,train_acc-->0.999195,test_eval_loss-->1.428270,test_acc===0.625668
INFO:root:epoch:429 train_eval_loss-->0.280927,train_acc-->0.998391,test_eval_loss-->1.421761,test_acc===0.641711
INFO:root:epoch:430 train_eval_loss-->0.282626,train_acc-->0.999195,test_eval_loss-->1.430246,test_acc===0.639037
INFO:root:epoch:431 train_eval_loss-->0.281433,train_acc-->0.999195,test_eval_loss-->1.412779,test_acc===0.655080
INFO:root:epoch:432 train_eval_loss-->0.258085,train_acc-->0.999195,test_eval_loss-->1.415098,test_acc===0.649733
INFO:root:epoch:433 train_eval_loss-->0.242413,train_acc-->0.999195,test_eval_loss-->1.421489,test_acc===0.633690
INFO:root:epoch:434 train_eval_loss-->0.233618,train_acc-->0.999195,test_eval_loss-->1.408020,test_acc===0.663102
INFO:root:epoch:435 train_eval_loss-->0.237853,train_acc-->0.999195,test_eval_loss-->1.401920,test_acc===0.657754
INFO:root:epoch:436 train_eval_loss-->0.213868,train_acc-->0.999195,test_eval_loss-->1.414512,test_acc===0.636364
INFO:root:epoch:437 train_eval_loss-->0.217825,train_acc-->0.999195,test_eval_loss-->1.410686,test_acc===0.647059
INFO:root:epoch:438 train_eval_loss-->0.206418,train_acc-->0.999195,test_eval_loss-->1.410725,test_acc===0.641711
INFO:root:epoch:439 train_eval_loss-->0.195941,train_acc-->0.999195,test_eval_loss-->1.421845,test_acc===0.639037
INFO:root:epoch:440 train_eval_loss-->0.198174,train_acc-->0.999195,test_eval_loss-->1.415796,test_acc===0.657754
INFO:root:epoch:441 train_eval_loss-->0.191779,train_acc-->0.999195,test_eval_loss-->1.409665,test_acc===0.649733
INFO:root:epoch:442 train_eval_loss-->0.184691,train_acc-->0.999195,test_eval_loss-->1.413223,test_acc===0.652406
INFO:root:epoch:443 train_eval_loss-->0.179680,train_acc-->0.999195,test_eval_loss-->1.409916,test_acc===0.649733
INFO:root:epoch:444 train_eval_loss-->0.178761,train_acc-->0.999195,test_eval_loss-->1.411323,test_acc===0.649733
INFO:root:epoch:445 train_eval_loss-->0.178410,train_acc-->0.999195,test_eval_loss-->1.410434,test_acc===0.652406
INFO:root:epoch:446 train_eval_loss-->0.174784,train_acc-->0.999195,test_eval_loss-->1.412805,test_acc===0.660428
INFO:root:epoch:447 train_eval_loss-->0.171607,train_acc-->0.999195,test_eval_loss-->1.410036,test_acc===0.652406
INFO:root:epoch:448 train_eval_loss-->0.173241,train_acc-->0.999195,test_eval_loss-->1.405708,test_acc===0.660428
INFO:root:epoch:449 train_eval_loss-->0.171188,train_acc-->0.999195,test_eval_loss-->1.409191,test_acc===0.657754
INFO:root:epoch:450 train_eval_loss-->0.167999,train_acc-->0.999195,test_eval_loss-->1.407288,test_acc===0.655080
INFO:root:epoch:451 train_eval_loss-->0.167549,train_acc-->0.999195,test_eval_loss-->1.414191,test_acc===0.655080
INFO:root:epoch:452 train_eval_loss-->0.169642,train_acc-->0.999195,test_eval_loss-->1.409557,test_acc===0.652406
INFO:root:epoch:453 train_eval_loss-->0.172038,train_acc-->0.999195,test_eval_loss-->1.408225,test_acc===0.657754
INFO:root:epoch:454 train_eval_loss-->0.171483,train_acc-->0.999195,test_eval_loss-->1.409989,test_acc===0.657754
INFO:root:epoch:455 train_eval_loss-->0.170435,train_acc-->0.999195,test_eval_loss-->1.409912,test_acc===0.668449
INFO:root:epoch:456 train_eval_loss-->0.172038,train_acc-->0.999195,test_eval_loss-->1.404963,test_acc===0.657754
INFO:root:epoch:457 train_eval_loss-->0.174905,train_acc-->0.999195,test_eval_loss-->1.412720,test_acc===0.652406
INFO:root:epoch:458 train_eval_loss-->0.174817,train_acc-->0.999195,test_eval_loss-->1.408030,test_acc===0.663102
INFO:root:epoch:459 train_eval_loss-->0.178451,train_acc-->0.999195,test_eval_loss-->1.412243,test_acc===0.655080
INFO:root:epoch:460 train_eval_loss-->0.182206,train_acc-->0.999195,test_eval_loss-->1.410786,test_acc===0.652406
INFO:root:epoch:461 train_eval_loss-->0.186407,train_acc-->0.999195,test_eval_loss-->1.417005,test_acc===0.660428
INFO:root:epoch:462 train_eval_loss-->0.195571,train_acc-->0.999195,test_eval_loss-->1.405765,test_acc===0.660428
INFO:root:epoch:463 train_eval_loss-->0.195869,train_acc-->0.999195,test_eval_loss-->1.406161,test_acc===0.641711
INFO:root:epoch:464 train_eval_loss-->0.199491,train_acc-->0.999195,test_eval_loss-->1.413427,test_acc===0.652406
INFO:root:epoch:465 train_eval_loss-->0.217791,train_acc-->0.999195,test_eval_loss-->1.405848,test_acc===0.647059
INFO:root:epoch:466 train_eval_loss-->0.221915,train_acc-->0.999195,test_eval_loss-->1.419136,test_acc===0.644385
INFO:root:epoch:467 train_eval_loss-->0.245287,train_acc-->0.999195,test_eval_loss-->1.412593,test_acc===0.641711
INFO:root:epoch:468 train_eval_loss-->0.243359,train_acc-->0.999195,test_eval_loss-->1.417473,test_acc===0.657754
INFO:root:epoch:469 train_eval_loss-->0.246158,train_acc-->0.999195,test_eval_loss-->1.411187,test_acc===0.639037
INFO:root:epoch:470 train_eval_loss-->0.244650,train_acc-->0.999195,test_eval_loss-->1.416016,test_acc===0.633690
INFO:root:epoch:471 train_eval_loss-->0.269210,train_acc-->0.999195,test_eval_loss-->1.402721,test_acc===0.655080
INFO:root:epoch:472 train_eval_loss-->0.312669,train_acc-->0.998391,test_eval_loss-->1.440576,test_acc===0.614973
INFO:root:epoch:473 train_eval_loss-->0.342093,train_acc-->0.998391,test_eval_loss-->1.466655,test_acc===0.596257
INFO:root:epoch:474 train_eval_loss-->0.387572,train_acc-->0.999195,test_eval_loss-->1.428611,test_acc===0.620321
INFO:root:epoch:475 train_eval_loss-->0.375903,train_acc-->0.999195,test_eval_loss-->1.456416,test_acc===0.588235
INFO:root:epoch:476 train_eval_loss-->0.371087,train_acc-->0.995977,test_eval_loss-->1.432286,test_acc===0.622995
INFO:root:epoch:477 train_eval_loss-->0.370355,train_acc-->0.998391,test_eval_loss-->1.480235,test_acc===0.598930
INFO:root:epoch:478 train_eval_loss-->0.429519,train_acc-->0.991955,test_eval_loss-->1.449789,test_acc===0.601604
INFO:root:epoch:479 train_eval_loss-->0.479361,train_acc-->0.995977,test_eval_loss-->1.473786,test_acc===0.588235
INFO:root:epoch:480 train_eval_loss-->0.451936,train_acc-->0.995977,test_eval_loss-->1.500314,test_acc===0.577540
INFO:root:epoch:481 train_eval_loss-->0.444177,train_acc-->0.998391,test_eval_loss-->1.455736,test_acc===0.604278
INFO:root:epoch:482 train_eval_loss-->0.429195,train_acc-->0.996782,test_eval_loss-->1.475186,test_acc===0.614973
INFO:root:epoch:483 train_eval_loss-->0.501159,train_acc-->0.991955,test_eval_loss-->1.481200,test_acc===0.577540
INFO:root:epoch:484 train_eval_loss-->0.504196,train_acc-->0.981496,test_eval_loss-->1.502103,test_acc===0.598930
INFO:root:epoch:485 train_eval_loss-->0.473590,train_acc-->0.992759,test_eval_loss-->1.524809,test_acc===0.585561
INFO:root:epoch:486 train_eval_loss-->0.541030,train_acc-->0.969429,test_eval_loss-->1.476737,test_acc===0.601604
INFO:root:epoch:487 train_eval_loss-->0.562217,train_acc-->0.966211,test_eval_loss-->1.663044,test_acc===0.486631
INFO:root:epoch:488 train_eval_loss-->0.655074,train_acc-->0.946903,test_eval_loss-->1.543317,test_acc===0.564171
INFO:root:epoch:489 train_eval_loss-->0.624522,train_acc-->0.954143,test_eval_loss-->1.580065,test_acc===0.524064
INFO:root:epoch:490 train_eval_loss-->0.560975,train_acc-->0.983910,test_eval_loss-->1.572186,test_acc===0.505348
INFO:root:epoch:491 train_eval_loss-->0.531763,train_acc-->0.975865,test_eval_loss-->1.555685,test_acc===0.593583
INFO:root:epoch:492 train_eval_loss-->0.512482,train_acc-->0.968624,test_eval_loss-->1.516306,test_acc===0.534759
INFO:root:epoch:493 train_eval_loss-->0.517228,train_acc-->0.983105,test_eval_loss-->1.534084,test_acc===0.564171
INFO:root:epoch:494 train_eval_loss-->0.511326,train_acc-->0.983105,test_eval_loss-->1.594599,test_acc===0.510695
INFO:root:epoch:495 train_eval_loss-->0.559260,train_acc-->0.972647,test_eval_loss-->1.562504,test_acc===0.572193
INFO:root:epoch:496 train_eval_loss-->0.582754,train_acc-->0.966211,test_eval_loss-->1.448860,test_acc===0.606952
INFO:root:epoch:497 train_eval_loss-->0.550337,train_acc-->0.975060,test_eval_loss-->1.722187,test_acc===0.524064
INFO:root:epoch:498 train_eval_loss-->0.639307,train_acc-->0.942076,test_eval_loss-->1.528753,test_acc===0.558824
INFO:root:epoch:499 train_eval_loss-->0.579801,train_acc-->0.962188,test_eval_loss-->1.702524,test_acc===0.588235
INFO:root:epoch:500 train_eval_loss-->0.778124,train_acc-->0.921963,test_eval_loss-->1.624667,test_acc===0.526738
INFO:root:epoch:501 train_eval_loss-->0.902746,train_acc-->0.872888,test_eval_loss-->1.434050,test_acc===0.596257
INFO:root:epoch:502 train_eval_loss-->0.910872,train_acc-->0.880129,test_eval_loss-->1.776319,test_acc===0.347594
INFO:root:epoch:503 train_eval_loss-->1.091277,train_acc-->0.790024,test_eval_loss-->1.704085,test_acc===0.542781
INFO:root:epoch:504 train_eval_loss-->0.832772,train_acc-->0.880129,test_eval_loss-->1.388649,test_acc===0.524064
INFO:root:epoch:505 train_eval_loss-->0.810513,train_acc-->0.909895,test_eval_loss-->1.454688,test_acc===0.564171
INFO:root:epoch:506 train_eval_loss-->0.755277,train_acc-->0.914722,test_eval_loss-->1.402663,test_acc===0.601604
INFO:root:epoch:507 train_eval_loss-->0.578624,train_acc-->0.962188,test_eval_loss-->1.422556,test_acc===0.550802
INFO:root:epoch:508 train_eval_loss-->0.668571,train_acc-->0.958166,test_eval_loss-->1.530403,test_acc===0.561497
INFO:root:epoch:509 train_eval_loss-->0.738566,train_acc-->0.941271,test_eval_loss-->1.563604,test_acc===0.526738
INFO:root:epoch:510 train_eval_loss-->0.832790,train_acc-->0.906677,test_eval_loss-->1.458766,test_acc===0.545455
INFO:root:epoch:511 train_eval_loss-->0.728345,train_acc-->0.901046,test_eval_loss-->1.522943,test_acc===0.478610
INFO:root:epoch:512 train_eval_loss-->0.676994,train_acc-->0.927595,test_eval_loss-->1.465060,test_acc===0.545455
INFO:root:epoch:513 train_eval_loss-->0.554711,train_acc-->0.979887,test_eval_loss-->1.374938,test_acc===0.612299
INFO:root:epoch:514 train_eval_loss-->0.512577,train_acc-->0.975060,test_eval_loss-->1.422778,test_acc===0.625668
INFO:root:epoch:515 train_eval_loss-->0.458046,train_acc-->0.986323,test_eval_loss-->1.419521,test_acc===0.612299
INFO:root:epoch:516 train_eval_loss-->0.420104,train_acc-->0.994368,test_eval_loss-->1.433565,test_acc===0.614973
INFO:root:epoch:517 train_eval_loss-->0.395105,train_acc-->0.992759,test_eval_loss-->1.405947,test_acc===0.606952
INFO:root:epoch:518 train_eval_loss-->0.456369,train_acc-->0.979887,test_eval_loss-->1.526718,test_acc===0.534759
INFO:root:epoch:519 train_eval_loss-->0.499046,train_acc-->0.984714,test_eval_loss-->1.477603,test_acc===0.569519
INFO:root:epoch:520 train_eval_loss-->0.453505,train_acc-->0.988737,test_eval_loss-->1.390142,test_acc===0.622995
INFO:root:epoch:521 train_eval_loss-->0.372070,train_acc-->0.996782,test_eval_loss-->1.410280,test_acc===0.614973
INFO:root:epoch:522 train_eval_loss-->0.352724,train_acc-->0.998391,test_eval_loss-->1.375666,test_acc===0.625668
INFO:root:epoch:523 train_eval_loss-->0.345515,train_acc-->0.999195,test_eval_loss-->1.425196,test_acc===0.588235
INFO:root:epoch:524 train_eval_loss-->0.365082,train_acc-->0.995173,test_eval_loss-->1.416677,test_acc===0.620321
INFO:root:epoch:525 train_eval_loss-->0.319301,train_acc-->0.999195,test_eval_loss-->1.381709,test_acc===0.644385
INFO:root:epoch:526 train_eval_loss-->0.295294,train_acc-->0.999195,test_eval_loss-->1.386877,test_acc===0.614973
INFO:root:epoch:527 train_eval_loss-->0.281899,train_acc-->0.997586,test_eval_loss-->1.391193,test_acc===0.620321
INFO:root:epoch:528 train_eval_loss-->0.276384,train_acc-->0.999195,test_eval_loss-->1.395440,test_acc===0.633690
INFO:root:epoch:529 train_eval_loss-->0.281381,train_acc-->0.997586,test_eval_loss-->1.385676,test_acc===0.655080
INFO:root:epoch:530 train_eval_loss-->0.270779,train_acc-->0.999195,test_eval_loss-->1.378600,test_acc===0.657754
INFO:root:epoch:531 train_eval_loss-->0.254444,train_acc-->0.999195,test_eval_loss-->1.363159,test_acc===0.655080
INFO:root:epoch:532 train_eval_loss-->0.248735,train_acc-->0.999195,test_eval_loss-->1.365502,test_acc===0.649733
INFO:root:epoch:533 train_eval_loss-->0.254187,train_acc-->0.999195,test_eval_loss-->1.366855,test_acc===0.644385
INFO:root:epoch:534 train_eval_loss-->0.227837,train_acc-->0.999195,test_eval_loss-->1.375770,test_acc===0.644385
INFO:root:epoch:535 train_eval_loss-->0.214461,train_acc-->0.999195,test_eval_loss-->1.368773,test_acc===0.641711
INFO:root:epoch:536 train_eval_loss-->0.210741,train_acc-->0.999195,test_eval_loss-->1.373280,test_acc===0.633690
INFO:root:epoch:537 train_eval_loss-->0.195443,train_acc-->0.999195,test_eval_loss-->1.372275,test_acc===0.652406
INFO:root:epoch:538 train_eval_loss-->0.194529,train_acc-->0.999195,test_eval_loss-->1.365330,test_acc===0.647059
INFO:root:epoch:539 train_eval_loss-->0.187743,train_acc-->0.999195,test_eval_loss-->1.366947,test_acc===0.636364
INFO:root:epoch:540 train_eval_loss-->0.190762,train_acc-->0.999195,test_eval_loss-->1.363492,test_acc===0.660428
INFO:root:epoch:541 train_eval_loss-->0.180515,train_acc-->0.999195,test_eval_loss-->1.366971,test_acc===0.649733
INFO:root:epoch:542 train_eval_loss-->0.176693,train_acc-->0.999195,test_eval_loss-->1.365706,test_acc===0.644385
INFO:root:epoch:543 train_eval_loss-->0.174929,train_acc-->0.999195,test_eval_loss-->1.365924,test_acc===0.649733
INFO:root:epoch:544 train_eval_loss-->0.168140,train_acc-->0.999195,test_eval_loss-->1.369645,test_acc===0.647059
INFO:root:epoch:545 train_eval_loss-->0.165407,train_acc-->0.999195,test_eval_loss-->1.371827,test_acc===0.649733
INFO:root:epoch:546 train_eval_loss-->0.164650,train_acc-->0.999195,test_eval_loss-->1.367168,test_acc===0.649733
INFO:root:epoch:547 train_eval_loss-->0.163461,train_acc-->0.999195,test_eval_loss-->1.367833,test_acc===0.649733
INFO:root:epoch:548 train_eval_loss-->0.161834,train_acc-->0.999195,test_eval_loss-->1.374364,test_acc===0.644385
INFO:root:epoch:549 train_eval_loss-->0.162457,train_acc-->0.999195,test_eval_loss-->1.368886,test_acc===0.647059
INFO:root:epoch:550 train_eval_loss-->0.159735,train_acc-->0.999195,test_eval_loss-->1.367922,test_acc===0.647059
INFO:root:epoch:551 train_eval_loss-->0.160158,train_acc-->0.999195,test_eval_loss-->1.368197,test_acc===0.649733
INFO:root:epoch:552 train_eval_loss-->0.161731,train_acc-->0.999195,test_eval_loss-->1.368292,test_acc===0.644385
INFO:root:epoch:553 train_eval_loss-->0.157611,train_acc-->0.999195,test_eval_loss-->1.364330,test_acc===0.652406
INFO:root:epoch:554 train_eval_loss-->0.160339,train_acc-->0.999195,test_eval_loss-->1.366859,test_acc===0.647059
INFO:root:epoch:555 train_eval_loss-->0.162541,train_acc-->0.999195,test_eval_loss-->1.368185,test_acc===0.647059
INFO:root:epoch:556 train_eval_loss-->0.162901,train_acc-->0.999195,test_eval_loss-->1.369485,test_acc===0.652406
INFO:root:epoch:557 train_eval_loss-->0.166077,train_acc-->0.999195,test_eval_loss-->1.367945,test_acc===0.649733
INFO:root:epoch:558 train_eval_loss-->0.170492,train_acc-->0.999195,test_eval_loss-->1.368451,test_acc===0.644385
INFO:root:epoch:559 train_eval_loss-->0.166871,train_acc-->0.999195,test_eval_loss-->1.369797,test_acc===0.655080
INFO:root:epoch:560 train_eval_loss-->0.170395,train_acc-->0.999195,test_eval_loss-->1.378770,test_acc===0.641711
INFO:root:epoch:561 train_eval_loss-->0.176504,train_acc-->0.999195,test_eval_loss-->1.370557,test_acc===0.657754
INFO:root:epoch:562 train_eval_loss-->0.179018,train_acc-->0.999195,test_eval_loss-->1.370266,test_acc===0.655080
INFO:root:epoch:563 train_eval_loss-->0.175247,train_acc-->0.999195,test_eval_loss-->1.375013,test_acc===0.649733
INFO:root:epoch:564 train_eval_loss-->0.189133,train_acc-->0.999195,test_eval_loss-->1.384591,test_acc===0.633690
INFO:root:epoch:565 train_eval_loss-->0.198779,train_acc-->0.999195,test_eval_loss-->1.382599,test_acc===0.636364
INFO:root:epoch:566 train_eval_loss-->0.201041,train_acc-->0.999195,test_eval_loss-->1.370553,test_acc===0.655080
INFO:root:epoch:567 train_eval_loss-->0.207495,train_acc-->0.999195,test_eval_loss-->1.382239,test_acc===0.633690
INFO:root:epoch:568 train_eval_loss-->0.223507,train_acc-->0.999195,test_eval_loss-->1.380061,test_acc===0.633690
INFO:root:epoch:569 train_eval_loss-->0.239367,train_acc-->0.999195,test_eval_loss-->1.387809,test_acc===0.641711
INFO:root:epoch:570 train_eval_loss-->0.251860,train_acc-->0.999195,test_eval_loss-->1.373152,test_acc===0.652406
INFO:root:epoch:571 train_eval_loss-->0.262359,train_acc-->0.999195,test_eval_loss-->1.401588,test_acc===0.609626
INFO:root:epoch:572 train_eval_loss-->0.269007,train_acc-->0.999195,test_eval_loss-->1.375376,test_acc===0.631016
INFO:root:epoch:573 train_eval_loss-->0.308036,train_acc-->0.999195,test_eval_loss-->1.378791,test_acc===0.622995
INFO:root:epoch:574 train_eval_loss-->0.294464,train_acc-->0.999195,test_eval_loss-->1.378580,test_acc===0.622995
INFO:root:epoch:575 train_eval_loss-->0.310179,train_acc-->0.998391,test_eval_loss-->1.363698,test_acc===0.644385
INFO:root:epoch:576 train_eval_loss-->0.315577,train_acc-->0.997586,test_eval_loss-->1.366895,test_acc===0.617647
INFO:root:epoch:577 train_eval_loss-->0.373799,train_acc-->0.998391,test_eval_loss-->1.415538,test_acc===0.585561
INFO:root:epoch:578 train_eval_loss-->0.366688,train_acc-->0.996782,test_eval_loss-->1.390312,test_acc===0.641711
INFO:root:epoch:579 train_eval_loss-->0.387721,train_acc-->0.996782,test_eval_loss-->1.469481,test_acc===0.561497
INFO:root:epoch:580 train_eval_loss-->0.482886,train_acc-->0.992759,test_eval_loss-->1.563631,test_acc===0.417112
INFO:root:epoch:581 train_eval_loss-->0.507759,train_acc-->0.975865,test_eval_loss-->1.409621,test_acc===0.593583
INFO:root:epoch:582 train_eval_loss-->0.449910,train_acc-->0.989541,test_eval_loss-->1.395477,test_acc===0.622995
INFO:root:epoch:583 train_eval_loss-->0.433323,train_acc-->0.993564,test_eval_loss-->1.425613,test_acc===0.604278
INFO:root:epoch:584 train_eval_loss-->0.413827,train_acc-->0.997586,test_eval_loss-->1.452292,test_acc===0.617647
INFO:root:epoch:585 train_eval_loss-->0.406038,train_acc-->0.995173,test_eval_loss-->1.424719,test_acc===0.628342
INFO:root:epoch:586 train_eval_loss-->0.411423,train_acc-->0.998391,test_eval_loss-->1.445429,test_acc===0.593583
INFO:root:epoch:587 train_eval_loss-->0.409522,train_acc-->0.991955,test_eval_loss-->1.583893,test_acc===0.473262
INFO:root:epoch:588 train_eval_loss-->0.495556,train_acc-->0.976669,test_eval_loss-->1.536778,test_acc===0.534759
INFO:root:epoch:589 train_eval_loss-->0.488270,train_acc-->0.987128,test_eval_loss-->1.402307,test_acc===0.628342
INFO:root:epoch:590 train_eval_loss-->0.440854,train_acc-->0.996782,test_eval_loss-->1.404605,test_acc===0.622995
INFO:root:epoch:591 train_eval_loss-->0.440230,train_acc-->0.991150,test_eval_loss-->1.448764,test_acc===0.577540
INFO:root:epoch:592 train_eval_loss-->0.435181,train_acc-->0.987128,test_eval_loss-->1.424927,test_acc===0.580214
INFO:root:epoch:593 train_eval_loss-->0.421559,train_acc-->0.986323,test_eval_loss-->1.458478,test_acc===0.612299
INFO:root:epoch:594 train_eval_loss-->0.420742,train_acc-->0.989541,test_eval_loss-->1.422141,test_acc===0.622995
INFO:root:epoch:595 train_eval_loss-->0.429109,train_acc-->0.984714,test_eval_loss-->1.457198,test_acc===0.542781
INFO:root:epoch:596 train_eval_loss-->0.537963,train_acc-->0.974256,test_eval_loss-->1.476166,test_acc===0.556150
INFO:root:epoch:597 train_eval_loss-->0.489230,train_acc-->0.984714,test_eval_loss-->1.412430,test_acc===0.606952
INFO:root:epoch:598 train_eval_loss-->0.495031,train_acc-->0.981496,test_eval_loss-->1.471054,test_acc===0.580214
INFO:root:epoch:599 train_eval_loss-->0.453284,train_acc-->0.990346,test_eval_loss-->1.455369,test_acc===0.585561
INFO:root:epoch:600 train_eval_loss-->0.452439,train_acc-->0.987128,test_eval_loss-->1.455981,test_acc===0.598930
INFO:root:epoch:601 train_eval_loss-->0.455872,train_acc-->0.987128,test_eval_loss-->1.497543,test_acc===0.513369
INFO:root:epoch:602 train_eval_loss-->0.481630,train_acc-->0.984714,test_eval_loss-->1.418423,test_acc===0.617647
INFO:root:epoch:603 train_eval_loss-->0.452560,train_acc-->0.983910,test_eval_loss-->1.476097,test_acc===0.601604
INFO:root:epoch:604 train_eval_loss-->0.480643,train_acc-->0.983105,test_eval_loss-->1.499139,test_acc===0.569519
INFO:root:epoch:605 train_eval_loss-->0.504413,train_acc-->0.975865,test_eval_loss-->1.476200,test_acc===0.556150
INFO:root:epoch:606 train_eval_loss-->0.472981,train_acc-->0.984714,test_eval_loss-->1.433991,test_acc===0.604278
INFO:root:epoch:607 train_eval_loss-->0.441554,train_acc-->0.988737,test_eval_loss-->1.457126,test_acc===0.593583
INFO:root:epoch:608 train_eval_loss-->0.435158,train_acc-->0.988737,test_eval_loss-->1.427565,test_acc===0.636364
INFO:root:epoch:609 train_eval_loss-->0.422277,train_acc-->0.992759,test_eval_loss-->1.493210,test_acc===0.612299
INFO:root:epoch:610 train_eval_loss-->0.412693,train_acc-->0.999195,test_eval_loss-->1.458545,test_acc===0.633690
INFO:root:epoch:611 train_eval_loss-->0.408408,train_acc-->0.993564,test_eval_loss-->1.446827,test_acc===0.593583
INFO:root:epoch:612 train_eval_loss-->0.450063,train_acc-->0.994368,test_eval_loss-->1.444477,test_acc===0.620321
INFO:root:epoch:613 train_eval_loss-->0.411150,train_acc-->0.987128,test_eval_loss-->1.414472,test_acc===0.660428
INFO:root:epoch:614 train_eval_loss-->0.418897,train_acc-->0.995977,test_eval_loss-->1.477855,test_acc===0.588235
INFO:root:epoch:615 train_eval_loss-->0.409810,train_acc-->0.998391,test_eval_loss-->1.450021,test_acc===0.585561
INFO:root:epoch:616 train_eval_loss-->0.432815,train_acc-->0.987932,test_eval_loss-->1.440574,test_acc===0.614973
INFO:root:epoch:617 train_eval_loss-->0.388991,train_acc-->0.993564,test_eval_loss-->1.419251,test_acc===0.614973
INFO:root:epoch:618 train_eval_loss-->0.343530,train_acc-->0.999195,test_eval_loss-->1.428108,test_acc===0.641711
INFO:root:epoch:619 train_eval_loss-->0.339583,train_acc-->0.997586,test_eval_loss-->1.404631,test_acc===0.639037
INFO:root:epoch:620 train_eval_loss-->0.311709,train_acc-->0.998391,test_eval_loss-->1.428244,test_acc===0.631016
INFO:root:epoch:621 train_eval_loss-->0.328986,train_acc-->0.993564,test_eval_loss-->1.447468,test_acc===0.582888
INFO:root:epoch:622 train_eval_loss-->0.346646,train_acc-->0.996782,test_eval_loss-->1.426894,test_acc===0.633690
INFO:root:epoch:623 train_eval_loss-->0.307698,train_acc-->0.999195,test_eval_loss-->1.383634,test_acc===0.644385
INFO:root:epoch:624 train_eval_loss-->0.279183,train_acc-->0.999195,test_eval_loss-->1.411366,test_acc===0.628342
INFO:root:epoch:625 train_eval_loss-->0.261237,train_acc-->0.999195,test_eval_loss-->1.401426,test_acc===0.655080
INFO:root:epoch:626 train_eval_loss-->0.251149,train_acc-->0.999195,test_eval_loss-->1.397207,test_acc===0.633690
INFO:root:epoch:627 train_eval_loss-->0.236001,train_acc-->0.998391,test_eval_loss-->1.384380,test_acc===0.652406
INFO:root:epoch:628 train_eval_loss-->0.232554,train_acc-->0.999195,test_eval_loss-->1.383298,test_acc===0.652406
INFO:root:epoch:629 train_eval_loss-->0.231672,train_acc-->0.999195,test_eval_loss-->1.381263,test_acc===0.636364
INFO:root:epoch:630 train_eval_loss-->0.224721,train_acc-->0.999195,test_eval_loss-->1.410431,test_acc===0.647059
INFO:root:epoch:631 train_eval_loss-->0.212087,train_acc-->0.999195,test_eval_loss-->1.395457,test_acc===0.647059
INFO:root:epoch:632 train_eval_loss-->0.204912,train_acc-->0.999195,test_eval_loss-->1.397020,test_acc===0.636364
INFO:root:epoch:633 train_eval_loss-->0.206267,train_acc-->0.999195,test_eval_loss-->1.391932,test_acc===0.657754
INFO:root:epoch:634 train_eval_loss-->0.182514,train_acc-->0.999195,test_eval_loss-->1.405118,test_acc===0.639037
INFO:root:epoch:635 train_eval_loss-->0.179399,train_acc-->0.999195,test_eval_loss-->1.393153,test_acc===0.652406
INFO:root:epoch:636 train_eval_loss-->0.166001,train_acc-->0.999195,test_eval_loss-->1.383154,test_acc===0.657754
INFO:root:epoch:637 train_eval_loss-->0.153795,train_acc-->0.999195,test_eval_loss-->1.394566,test_acc===0.641711
INFO:root:epoch:638 train_eval_loss-->0.148658,train_acc-->0.999195,test_eval_loss-->1.391446,test_acc===0.649733
INFO:root:epoch:639 train_eval_loss-->0.145349,train_acc-->0.999195,test_eval_loss-->1.392265,test_acc===0.641711
INFO:root:epoch:640 train_eval_loss-->0.138784,train_acc-->0.999195,test_eval_loss-->1.392215,test_acc===0.655080
INFO:root:epoch:641 train_eval_loss-->0.137290,train_acc-->0.999195,test_eval_loss-->1.391455,test_acc===0.655080
INFO:root:epoch:642 train_eval_loss-->0.131658,train_acc-->0.999195,test_eval_loss-->1.384948,test_acc===0.657754
INFO:root:epoch:643 train_eval_loss-->0.125419,train_acc-->0.999195,test_eval_loss-->1.390486,test_acc===0.657754
INFO:root:epoch:644 train_eval_loss-->0.122649,train_acc-->0.999195,test_eval_loss-->1.393450,test_acc===0.657754
INFO:root:epoch:645 train_eval_loss-->0.124528,train_acc-->0.999195,test_eval_loss-->1.391091,test_acc===0.660428
INFO:root:epoch:646 train_eval_loss-->0.118374,train_acc-->0.999195,test_eval_loss-->1.387417,test_acc===0.652406
INFO:root:epoch:647 train_eval_loss-->0.118456,train_acc-->0.999195,test_eval_loss-->1.389054,test_acc===0.665775
INFO:root:epoch:648 train_eval_loss-->0.115815,train_acc-->0.999195,test_eval_loss-->1.393246,test_acc===0.660428
INFO:root:epoch:649 train_eval_loss-->0.116395,train_acc-->0.999195,test_eval_loss-->1.389520,test_acc===0.655080
INFO:root:epoch:650 train_eval_loss-->0.115950,train_acc-->0.999195,test_eval_loss-->1.388960,test_acc===0.655080
INFO:root:epoch:651 train_eval_loss-->0.116309,train_acc-->0.999195,test_eval_loss-->1.386872,test_acc===0.655080
INFO:root:epoch:652 train_eval_loss-->0.115154,train_acc-->0.999195,test_eval_loss-->1.392799,test_acc===0.657754
INFO:root:epoch:653 train_eval_loss-->0.117707,train_acc-->0.999195,test_eval_loss-->1.384850,test_acc===0.657754
INFO:root:epoch:654 train_eval_loss-->0.117267,train_acc-->0.999195,test_eval_loss-->1.386219,test_acc===0.657754
INFO:root:epoch:655 train_eval_loss-->0.119143,train_acc-->0.999195,test_eval_loss-->1.389679,test_acc===0.655080
INFO:root:epoch:656 train_eval_loss-->0.119595,train_acc-->0.999195,test_eval_loss-->1.386664,test_acc===0.655080
INFO:root:epoch:657 train_eval_loss-->0.118984,train_acc-->0.999195,test_eval_loss-->1.387558,test_acc===0.655080
INFO:root:epoch:658 train_eval_loss-->0.123718,train_acc-->0.999195,test_eval_loss-->1.391196,test_acc===0.663102
INFO:root:epoch:659 train_eval_loss-->0.125127,train_acc-->0.999195,test_eval_loss-->1.388073,test_acc===0.657754
INFO:root:epoch:660 train_eval_loss-->0.135615,train_acc-->0.999195,test_eval_loss-->1.388017,test_acc===0.657754
INFO:root:epoch:661 train_eval_loss-->0.128624,train_acc-->0.999195,test_eval_loss-->1.390507,test_acc===0.657754
INFO:root:epoch:662 train_eval_loss-->0.136993,train_acc-->0.999195,test_eval_loss-->1.394692,test_acc===0.655080
INFO:root:epoch:663 train_eval_loss-->0.146277,train_acc-->0.999195,test_eval_loss-->1.395698,test_acc===0.655080
INFO:root:epoch:664 train_eval_loss-->0.148259,train_acc-->0.999195,test_eval_loss-->1.389425,test_acc===0.657754
INFO:root:epoch:665 train_eval_loss-->0.151145,train_acc-->0.999195,test_eval_loss-->1.402194,test_acc===0.663102
INFO:root:epoch:666 train_eval_loss-->0.164438,train_acc-->0.999195,test_eval_loss-->1.396691,test_acc===0.641711
INFO:root:epoch:667 train_eval_loss-->0.172995,train_acc-->0.999195,test_eval_loss-->1.399378,test_acc===0.647059
INFO:root:epoch:668 train_eval_loss-->0.177974,train_acc-->0.999195,test_eval_loss-->1.395228,test_acc===0.641711
INFO:root:epoch:669 train_eval_loss-->0.202369,train_acc-->0.999195,test_eval_loss-->1.403268,test_acc===0.649733
INFO:root:epoch:670 train_eval_loss-->0.210277,train_acc-->0.999195,test_eval_loss-->1.405306,test_acc===0.663102
INFO:root:epoch:671 train_eval_loss-->0.222331,train_acc-->0.999195,test_eval_loss-->1.413618,test_acc===0.622995
INFO:root:epoch:672 train_eval_loss-->0.229012,train_acc-->0.999195,test_eval_loss-->1.376892,test_acc===0.663102
INFO:root:epoch:673 train_eval_loss-->0.230446,train_acc-->0.998391,test_eval_loss-->1.406480,test_acc===0.625668
INFO:root:epoch:674 train_eval_loss-->0.252822,train_acc-->0.999195,test_eval_loss-->1.424315,test_acc===0.636364
INFO:root:epoch:675 train_eval_loss-->0.256034,train_acc-->0.999195,test_eval_loss-->1.400930,test_acc===0.657754
INFO:root:epoch:676 train_eval_loss-->0.268833,train_acc-->0.999195,test_eval_loss-->1.408957,test_acc===0.622995
INFO:root:epoch:677 train_eval_loss-->0.317694,train_acc-->0.995977,test_eval_loss-->1.405816,test_acc===0.614973
INFO:root:epoch:678 train_eval_loss-->0.329452,train_acc-->0.999195,test_eval_loss-->1.438596,test_acc===0.644385
INFO:root:epoch:679 train_eval_loss-->0.336482,train_acc-->0.999195,test_eval_loss-->1.438720,test_acc===0.622995
INFO:root:epoch:680 train_eval_loss-->0.321512,train_acc-->0.997586,test_eval_loss-->1.479435,test_acc===0.580214
INFO:root:epoch:681 train_eval_loss-->0.365403,train_acc-->0.999195,test_eval_loss-->1.424054,test_acc===0.631016
INFO:root:epoch:682 train_eval_loss-->0.363089,train_acc-->0.990346,test_eval_loss-->1.462677,test_acc===0.596257
INFO:root:epoch:683 train_eval_loss-->0.379695,train_acc-->0.996782,test_eval_loss-->1.449983,test_acc===0.622995
INFO:root:epoch:684 train_eval_loss-->0.362441,train_acc-->0.995977,test_eval_loss-->1.468069,test_acc===0.596257
INFO:root:epoch:685 train_eval_loss-->0.446955,train_acc-->0.995173,test_eval_loss-->1.545484,test_acc===0.510695
INFO:root:epoch:686 train_eval_loss-->0.458953,train_acc-->0.990346,test_eval_loss-->1.471107,test_acc===0.598930
INFO:root:epoch:687 train_eval_loss-->0.445795,train_acc-->0.994368,test_eval_loss-->1.530061,test_acc===0.545455
INFO:root:epoch:688 train_eval_loss-->0.456265,train_acc-->0.983910,test_eval_loss-->1.458966,test_acc===0.609626
INFO:root:epoch:689 train_eval_loss-->0.424277,train_acc-->0.987932,test_eval_loss-->1.460226,test_acc===0.606952
INFO:root:epoch:690 train_eval_loss-->0.404771,train_acc-->0.997586,test_eval_loss-->1.502384,test_acc===0.574866
INFO:root:epoch:691 train_eval_loss-->0.472962,train_acc-->0.986323,test_eval_loss-->1.571190,test_acc===0.521390
INFO:root:epoch:692 train_eval_loss-->0.467096,train_acc-->0.980692,test_eval_loss-->1.520805,test_acc===0.542781
INFO:root:epoch:693 train_eval_loss-->0.456067,train_acc-->0.988737,test_eval_loss-->1.471129,test_acc===0.598930
INFO:root:epoch:694 train_eval_loss-->0.458798,train_acc-->0.985519,test_eval_loss-->1.515102,test_acc===0.558824
INFO:root:epoch:695 train_eval_loss-->0.478032,train_acc-->0.982301,test_eval_loss-->1.438177,test_acc===0.631016
INFO:root:epoch:696 train_eval_loss-->0.418225,train_acc-->0.996782,test_eval_loss-->1.542246,test_acc===0.548128
INFO:root:epoch:697 train_eval_loss-->0.456339,train_acc-->0.991150,test_eval_loss-->1.464549,test_acc===0.609626
INFO:root:epoch:698 train_eval_loss-->0.461674,train_acc-->0.987128,test_eval_loss-->1.409312,test_acc===0.641711
INFO:root:epoch:699 train_eval_loss-->0.456064,train_acc-->0.986323,test_eval_loss-->1.492335,test_acc===0.572193
INFO:root:epoch:700 train_eval_loss-->0.420584,train_acc-->0.996782,test_eval_loss-->1.471749,test_acc===0.588235
INFO:root:epoch:701 train_eval_loss-->0.433299,train_acc-->0.987932,test_eval_loss-->1.439831,test_acc===0.598930
INFO:root:epoch:702 train_eval_loss-->0.417161,train_acc-->0.991150,test_eval_loss-->1.418788,test_acc===0.628342
INFO:root:epoch:703 train_eval_loss-->0.421351,train_acc-->0.985519,test_eval_loss-->1.438405,test_acc===0.617647
INFO:root:epoch:704 train_eval_loss-->0.421523,train_acc-->0.996782,test_eval_loss-->1.420048,test_acc===0.612299
INFO:root:epoch:705 train_eval_loss-->0.426932,train_acc-->0.984714,test_eval_loss-->1.455359,test_acc===0.628342
INFO:root:epoch:706 train_eval_loss-->0.453589,train_acc-->0.982301,test_eval_loss-->1.449764,test_acc===0.604278
INFO:root:epoch:707 train_eval_loss-->0.424959,train_acc-->0.984714,test_eval_loss-->1.487312,test_acc===0.572193
INFO:root:epoch:708 train_eval_loss-->0.460844,train_acc-->0.983105,test_eval_loss-->1.524349,test_acc===0.550802
INFO:root:epoch:709 train_eval_loss-->0.467584,train_acc-->0.987128,test_eval_loss-->1.472622,test_acc===0.577540
INFO:root:epoch:710 train_eval_loss-->0.393084,train_acc-->0.998391,test_eval_loss-->1.442365,test_acc===0.631016
INFO:root:epoch:711 train_eval_loss-->0.368692,train_acc-->0.996782,test_eval_loss-->1.441009,test_acc===0.601604
INFO:root:epoch:712 train_eval_loss-->0.378547,train_acc-->0.994368,test_eval_loss-->1.474046,test_acc===0.577540
INFO:root:epoch:713 train_eval_loss-->0.422789,train_acc-->0.992759,test_eval_loss-->1.445083,test_acc===0.620321
INFO:root:epoch:714 train_eval_loss-->0.375338,train_acc-->0.993564,test_eval_loss-->1.427232,test_acc===0.644385
INFO:root:epoch:715 train_eval_loss-->0.353439,train_acc-->0.993564,test_eval_loss-->1.425722,test_acc===0.639037
INFO:root:epoch:716 train_eval_loss-->0.361439,train_acc-->0.999195,test_eval_loss-->1.482185,test_acc===0.569519
INFO:root:epoch:717 train_eval_loss-->0.375834,train_acc-->0.995173,test_eval_loss-->1.418898,test_acc===0.641711
INFO:root:epoch:718 train_eval_loss-->0.351248,train_acc-->0.996782,test_eval_loss-->1.438118,test_acc===0.609626
INFO:root:epoch:719 train_eval_loss-->0.319833,train_acc-->0.999195,test_eval_loss-->1.404591,test_acc===0.657754
INFO:root:epoch:720 train_eval_loss-->0.287093,train_acc-->0.997586,test_eval_loss-->1.494798,test_acc===0.598930
INFO:root:epoch:721 train_eval_loss-->0.308687,train_acc-->0.998391,test_eval_loss-->1.405802,test_acc===0.633690
INFO:root:epoch:722 train_eval_loss-->0.280350,train_acc-->0.999195,test_eval_loss-->1.404835,test_acc===0.660428
INFO:root:epoch:723 train_eval_loss-->0.266528,train_acc-->0.999195,test_eval_loss-->1.419807,test_acc===0.625668
INFO:root:epoch:724 train_eval_loss-->0.272990,train_acc-->0.999195,test_eval_loss-->1.395107,test_acc===0.647059
INFO:root:epoch:725 train_eval_loss-->0.260125,train_acc-->0.999195,test_eval_loss-->1.409553,test_acc===0.636364
INFO:root:epoch:726 train_eval_loss-->0.252275,train_acc-->0.999195,test_eval_loss-->1.401107,test_acc===0.636364
INFO:root:epoch:727 train_eval_loss-->0.241698,train_acc-->0.999195,test_eval_loss-->1.408813,test_acc===0.641711
INFO:root:epoch:728 train_eval_loss-->0.229109,train_acc-->0.999195,test_eval_loss-->1.398809,test_acc===0.655080
INFO:root:epoch:729 train_eval_loss-->0.222119,train_acc-->0.998391,test_eval_loss-->1.389156,test_acc===0.665775
INFO:root:epoch:730 train_eval_loss-->0.219460,train_acc-->0.999195,test_eval_loss-->1.389880,test_acc===0.668449
INFO:root:epoch:731 train_eval_loss-->0.196061,train_acc-->0.999195,test_eval_loss-->1.408176,test_acc===0.652406
INFO:root:epoch:732 train_eval_loss-->0.214673,train_acc-->0.999195,test_eval_loss-->1.386817,test_acc===0.657754
INFO:root:epoch:733 train_eval_loss-->0.181016,train_acc-->0.999195,test_eval_loss-->1.390778,test_acc===0.660428
INFO:root:epoch:734 train_eval_loss-->0.163486,train_acc-->0.999195,test_eval_loss-->1.388715,test_acc===0.660428
INFO:root:epoch:735 train_eval_loss-->0.149956,train_acc-->0.999195,test_eval_loss-->1.394167,test_acc===0.655080
INFO:root:epoch:736 train_eval_loss-->0.146782,train_acc-->0.999195,test_eval_loss-->1.385174,test_acc===0.671123
INFO:root:epoch:737 train_eval_loss-->0.144634,train_acc-->0.999195,test_eval_loss-->1.386459,test_acc===0.647059
INFO:root:epoch:738 train_eval_loss-->0.143909,train_acc-->0.999195,test_eval_loss-->1.393307,test_acc===0.655080
INFO:root:epoch:739 train_eval_loss-->0.129037,train_acc-->0.999195,test_eval_loss-->1.389400,test_acc===0.665775
INFO:root:epoch:740 train_eval_loss-->0.120800,train_acc-->0.999195,test_eval_loss-->1.385168,test_acc===0.673797
INFO:root:epoch:741 train_eval_loss-->0.114273,train_acc-->0.999195,test_eval_loss-->1.383933,test_acc===0.671123
INFO:root:epoch:742 train_eval_loss-->0.112010,train_acc-->0.999195,test_eval_loss-->1.385620,test_acc===0.668449
INFO:root:epoch:743 train_eval_loss-->0.109442,train_acc-->0.999195,test_eval_loss-->1.384749,test_acc===0.663102
INFO:root:epoch:744 train_eval_loss-->0.105768,train_acc-->0.999195,test_eval_loss-->1.386744,test_acc===0.671123
INFO:root:epoch:745 train_eval_loss-->0.104271,train_acc-->0.999195,test_eval_loss-->1.388252,test_acc===0.665775
INFO:root:epoch:746 train_eval_loss-->0.102399,train_acc-->0.999195,test_eval_loss-->1.388546,test_acc===0.663102
INFO:root:epoch:747 train_eval_loss-->0.103316,train_acc-->0.999195,test_eval_loss-->1.384905,test_acc===0.665775
INFO:root:epoch:748 train_eval_loss-->0.097780,train_acc-->0.999195,test_eval_loss-->1.385527,test_acc===0.671123
INFO:root:epoch:749 train_eval_loss-->0.099486,train_acc-->0.999195,test_eval_loss-->1.384400,test_acc===0.676471
INFO:root:epoch:750 train_eval_loss-->0.097455,train_acc-->0.999195,test_eval_loss-->1.384877,test_acc===0.671123
INFO:root:epoch:751 train_eval_loss-->0.099337,train_acc-->0.999195,test_eval_loss-->1.383848,test_acc===0.671123
INFO:root:epoch:752 train_eval_loss-->0.097936,train_acc-->0.999195,test_eval_loss-->1.385178,test_acc===0.668449
INFO:root:epoch:753 train_eval_loss-->0.096662,train_acc-->0.999195,test_eval_loss-->1.384797,test_acc===0.668449
INFO:root:epoch:754 train_eval_loss-->0.100622,train_acc-->0.999195,test_eval_loss-->1.385921,test_acc===0.665775
INFO:root:epoch:755 train_eval_loss-->0.099577,train_acc-->0.999195,test_eval_loss-->1.384467,test_acc===0.671123
INFO:root:epoch:756 train_eval_loss-->0.099785,train_acc-->0.999195,test_eval_loss-->1.383965,test_acc===0.671123
INFO:root:epoch:757 train_eval_loss-->0.101737,train_acc-->0.999195,test_eval_loss-->1.381737,test_acc===0.673797
INFO:root:epoch:758 train_eval_loss-->0.105088,train_acc-->0.999195,test_eval_loss-->1.384644,test_acc===0.668449
INFO:root:epoch:759 train_eval_loss-->0.103724,train_acc-->0.999195,test_eval_loss-->1.387877,test_acc===0.660428
INFO:root:epoch:760 train_eval_loss-->0.110782,train_acc-->0.999195,test_eval_loss-->1.386202,test_acc===0.668449
INFO:root:epoch:761 train_eval_loss-->0.110145,train_acc-->0.999195,test_eval_loss-->1.383404,test_acc===0.671123
INFO:root:epoch:762 train_eval_loss-->0.115685,train_acc-->0.999195,test_eval_loss-->1.387088,test_acc===0.671123
INFO:root:epoch:763 train_eval_loss-->0.122185,train_acc-->0.999195,test_eval_loss-->1.387107,test_acc===0.671123
INFO:root:epoch:764 train_eval_loss-->0.128969,train_acc-->0.999195,test_eval_loss-->1.399982,test_acc===0.649733
INFO:root:epoch:765 train_eval_loss-->0.130158,train_acc-->0.999195,test_eval_loss-->1.392815,test_acc===0.636364
INFO:root:epoch:766 train_eval_loss-->0.142291,train_acc-->0.999195,test_eval_loss-->1.398816,test_acc===0.657754
INFO:root:epoch:767 train_eval_loss-->0.144474,train_acc-->0.999195,test_eval_loss-->1.385068,test_acc===0.660428
INFO:root:epoch:768 train_eval_loss-->0.150840,train_acc-->0.999195,test_eval_loss-->1.399812,test_acc===0.647059
INFO:root:epoch:769 train_eval_loss-->0.190633,train_acc-->0.998391,test_eval_loss-->1.397040,test_acc===0.649733
INFO:root:epoch:770 train_eval_loss-->0.209299,train_acc-->0.999195,test_eval_loss-->1.401290,test_acc===0.641711
INFO:root:epoch:771 train_eval_loss-->0.223474,train_acc-->0.997586,test_eval_loss-->1.406902,test_acc===0.652406
INFO:root:epoch:772 train_eval_loss-->0.216141,train_acc-->0.999195,test_eval_loss-->1.401915,test_acc===0.673797
INFO:root:epoch:773 train_eval_loss-->0.219609,train_acc-->0.999195,test_eval_loss-->1.398726,test_acc===0.657754
INFO:root:epoch:774 train_eval_loss-->0.248959,train_acc-->0.997586,test_eval_loss-->1.399004,test_acc===0.644385
INFO:root:epoch:775 train_eval_loss-->0.242578,train_acc-->0.999195,test_eval_loss-->1.399765,test_acc===0.663102
INFO:root:epoch:776 train_eval_loss-->0.260251,train_acc-->0.999195,test_eval_loss-->1.416187,test_acc===0.652406
INFO:root:epoch:777 train_eval_loss-->0.288153,train_acc-->0.999195,test_eval_loss-->1.524259,test_acc===0.513369
INFO:root:epoch:778 train_eval_loss-->0.394388,train_acc-->0.997586,test_eval_loss-->1.434790,test_acc===0.625668
INFO:root:epoch:779 train_eval_loss-->0.318244,train_acc-->0.994368,test_eval_loss-->1.384111,test_acc===0.663102
INFO:root:epoch:780 train_eval_loss-->0.306617,train_acc-->0.999195,test_eval_loss-->1.404728,test_acc===0.622995
INFO:root:epoch:781 train_eval_loss-->0.301577,train_acc-->0.999195,test_eval_loss-->1.405351,test_acc===0.644385
INFO:root:epoch:782 train_eval_loss-->0.321574,train_acc-->0.999195,test_eval_loss-->1.442549,test_acc===0.582888
INFO:root:epoch:783 train_eval_loss-->0.369065,train_acc-->0.998391,test_eval_loss-->1.482131,test_acc===0.566845
INFO:root:epoch:784 train_eval_loss-->0.412340,train_acc-->0.991150,test_eval_loss-->1.420929,test_acc===0.636364
INFO:root:epoch:785 train_eval_loss-->0.405347,train_acc-->0.996782,test_eval_loss-->1.432818,test_acc===0.609626
INFO:root:epoch:786 train_eval_loss-->0.440880,train_acc-->0.987932,test_eval_loss-->1.485700,test_acc===0.598930
INFO:root:epoch:787 train_eval_loss-->0.474941,train_acc-->0.971842,test_eval_loss-->1.661322,test_acc===0.403743
INFO:root:epoch:788 train_eval_loss-->0.552990,train_acc-->0.961384,test_eval_loss-->1.478089,test_acc===0.588235
INFO:root:epoch:789 train_eval_loss-->0.461916,train_acc-->0.976669,test_eval_loss-->1.545663,test_acc===0.529412
INFO:root:epoch:790 train_eval_loss-->0.418047,train_acc-->0.991955,test_eval_loss-->1.452421,test_acc===0.609626
INFO:root:epoch:791 train_eval_loss-->0.438889,train_acc-->0.991955,test_eval_loss-->1.417446,test_acc===0.649733
INFO:root:epoch:792 train_eval_loss-->0.417900,train_acc-->0.988737,test_eval_loss-->1.467492,test_acc===0.606952
INFO:root:epoch:793 train_eval_loss-->0.393796,train_acc-->0.996782,test_eval_loss-->1.490568,test_acc===0.585561
INFO:root:epoch:794 train_eval_loss-->0.414367,train_acc-->0.995977,test_eval_loss-->1.452547,test_acc===0.620321
INFO:root:epoch:795 train_eval_loss-->0.363768,train_acc-->0.995977,test_eval_loss-->1.442080,test_acc===0.612299
INFO:root:epoch:796 train_eval_loss-->0.380919,train_acc-->0.993564,test_eval_loss-->1.409456,test_acc===0.657754
INFO:root:epoch:797 train_eval_loss-->0.361274,train_acc-->0.998391,test_eval_loss-->1.495892,test_acc===0.590909
INFO:root:epoch:798 train_eval_loss-->0.385112,train_acc-->0.998391,test_eval_loss-->1.436723,test_acc===0.641711
INFO:root:epoch:799 train_eval_loss-->0.394411,train_acc-->0.993564,test_eval_loss-->1.429191,test_acc===0.628342
INFO:root:the best test acc===0.676471
