2023-12-06 22:23:03 - #----------Config info----------#
2023-12-06 22:23:03 - network: Pointneted_plus,
2023-12-06 22:23:03 - data_path: /media/yxz/新加卷/teeth_ct_points/CT3Dpoints/,
2023-12-06 22:23:03 - label_path: /media/yxz/新加卷/teeth_ct_points/CT3Dpoints/三维坐标表格.xlsx,
2023-12-06 22:23:03 - pretrained_path: ./pre_trained/,
2023-12-06 22:23:03 - cfg: [32, 64, 96, 128, 224, 128, 256, 128, 64, 32, 16],
2023-12-06 22:23:03 - num_classes: 6,
2023-12-06 22:23:03 - input_size_h: 512,
2023-12-06 22:23:03 - input_size_w: 512,
2023-12-06 22:23:03 - input_channels: 64,
2023-12-06 22:23:03 - distributed: False,
2023-12-06 22:23:03 - local_rank: -1,
2023-12-06 22:23:03 - num_workers: 4,
2023-12-06 22:23:03 - seed: 42,
2023-12-06 22:23:03 - world_size: None,
2023-12-06 22:23:03 - rank: None,
2023-12-06 22:23:03 - amp: False,
2023-12-06 22:23:03 - l2_lambda: 0.01,
2023-12-06 22:23:03 - gpu_id: 0,
2023-12-06 22:23:03 - batch_size: 4,
2023-12-06 22:23:03 - val_bs: 1,
2023-12-06 22:23:03 - epochs: 800,
2023-12-06 22:23:03 - deep_supervision: True,
2023-12-06 22:23:03 - tailadd: True,
2023-12-06 22:23:03 - threshold: 8.660254037844387,
2023-12-06 22:23:03 - rand_data: False,
2023-12-06 22:23:03 - mean_common: False,
2023-12-06 22:23:03 - horizontal_flip: True,
2023-12-06 22:23:03 - train_mean: [38.167084, 36.47113, 35.658463, 34.7275, 34.397972, 34.392757, 33.96709, 34.126865, 34.28234, 33.729267, 32.7962, 32.064926, 31.681631, 31.124203, 30.844501, 31.361849, 32.73974, 34.215652, 36.648277, 38.611458, 40.539837, 42.120747, 43.28669, 44.45494, 45.614132, 46.21989, 47.45023, 48.500004, 49.44821, 50.419426, 52.140045, 53.649082, 54.722622, 55.427254, 55.996006, 56.55678, 57.03274, 56.78339, 56.16994, 56.052105, 56.084873, 55.73664, 55.51461, 54.455627, 53.19349, 51.708523, 50.496777, 48.39798, 46.618237],
2023-12-06 22:23:03 - train_std: [52.12329, 51.107494, 50.941055, 50.223755, 50.00628, 50.154346, 49.390217, 49.584064, 49.46689, 48.635002, 46.955963, 45.86415, 45.254314, 44.008198, 43.081245, 43.15782, 44.181343, 45.16833, 47.433487, 48.60615, 50.44894, 51.635715, 52.542904, 53.638527, 54.554443, 54.860928, 55.634895, 56.127644, 56.314377, 56.52658, 57.31575, 57.992775, 58.40813, 58.65052, 58.6726, 58.786034, 59.043797, 59.15101, 58.878242, 59.1303, 59.565495, 59.95643, 60.605595, 60.74457, 60.784153, 60.811424, 61.18004, 60.75567, 60.8064],
2023-12-06 22:23:03 - val_mean: [39.743374, 38.122738, 37.19561, 35.71686, 35.202812, 34.790627, 34.621647, 34.678947, 34.44854, 33.327152, 32.52173, 31.267305, 30.603254, 30.013475, 29.536041, 30.480452, 31.952286, 33.71057, 36.010574, 38.201912, 39.313183, 42.94376, 44.53766, 45.518337, 46.94797, 46.58542, 47.49811, 48.238167, 51.026104, 52.292915, 52.69654, 53.169758, 53.87486, 55.697067, 57.654236, 57.586315, 57.758514, 57.174618, 57.736595, 57.24419, 57.544117, 57.37176, 56.43062, 55.96641, 55.325653, 53.10815, 52.179287, 50.27785, 47.04305],
2023-12-06 22:23:03 - val_std: [53.15056, 52.15993, 51.616505, 50.33102, 50.21509, 50.081203, 50.03935, 49.86299, 49.531567, 48.28274, 46.95426, 45.172287, 43.96861, 42.88531, 41.24616, 42.37183, 43.43441, 44.75589, 46.571957, 48.567627, 49.173023, 51.97025, 53.31617, 54.147503, 55.217754, 54.256313, 54.82137, 55.228252, 57.024765, 57.493202, 57.21687, 57.12449, 57.009945, 58.07164, 58.968643, 58.816093, 58.97068, 58.471672, 58.976105, 58.958794, 59.510704, 60.026344, 60.16703, 60.841858, 61.621956, 61.22611, 61.83866, 62.08808, 61.1031],
2023-12-06 22:23:03 - work_dir: results/Pointneted_plus_Wednesday_06_December_2023_22h_23m_03s/,
2023-12-06 22:23:03 - tensor_size: 0,
2023-12-06 22:23:03 - train_transformer: Compose(
    <utils.myToTensor object at 0x7f8c3c9e0e80>
    <utils.myResize object at 0x7f8b56feec70>
),
2023-12-06 22:23:03 - test_transformer: Compose(
    <utils.myToTensor object at 0x7f8c3c98ef40>
    <utils.myResize object at 0x7f8c3c98ee50>
),
2023-12-06 22:23:03 - opt: AdamW,
2023-12-06 22:23:03 - lr: 0.001,
2023-12-06 22:23:03 - betas: (0.9, 0.999),
2023-12-06 22:23:03 - eps: 1e-08,
2023-12-06 22:23:03 - weight_decay: 0.01,
2023-12-06 22:23:03 - amsgrad: False,
2023-12-06 22:23:03 - sch: CosineAnnealingLR,
2023-12-06 22:23:03 - T_max: 50,
2023-12-06 22:23:03 - eta_min: 1e-05,
2023-12-06 22:23:03 - last_epoch: -1,
INFO:root:train--mean-->[38.167084 36.47113  35.658463 34.7275   34.397972 34.392757 33.96709
 34.126865 34.28234  33.729267 32.7962   32.064926 31.681631 31.124203
 30.844501 31.361849 32.73974  34.215652 36.648277 38.611458 40.539837
 42.120747 43.28669  44.45494  45.614132 46.21989  47.45023  48.500004
 49.44821  50.419426 52.140045 53.649082 54.722622 55.427254 55.996006
 56.55678  57.03274  56.78339  56.16994  56.052105 56.084873 55.73664
 55.51461  54.455627 53.19349  51.708523 50.496777 48.39798  46.618237]
INFO:root:train--std-->[52.12329  51.107494 50.941055 50.223755 50.00628  50.154346 49.390217
 49.584064 49.46689  48.635002 46.955963 45.86415  45.254314 44.008198
 43.081245 43.15782  44.181343 45.16833  47.433487 48.60615  50.44894
 51.635715 52.542904 53.638527 54.554443 54.860928 55.634895 56.127644
 56.314377 56.52658  57.31575  57.992775 58.40813  58.65052  58.6726
 58.786034 59.043797 59.15101  58.878242 59.1303   59.565495 59.95643
 60.605595 60.74457  60.784153 60.811424 61.18004  60.75567  60.8064  ]
INFO:root:val--mean-->[39.743374 38.122738 37.19561  35.71686  35.202812 34.790627 34.621647
 34.678947 34.44854  33.327152 32.52173  31.267305 30.603254 30.013475
 29.536041 30.480452 31.952286 33.71057  36.010574 38.201912 39.313183
 42.94376  44.53766  45.518337 46.94797  46.58542  47.49811  48.238167
 51.026104 52.292915 52.69654  53.169758 53.87486  55.697067 57.654236
 57.586315 57.758514 57.174618 57.736595 57.24419  57.544117 57.37176
 56.43062  55.96641  55.325653 53.10815  52.179287 50.27785  47.04305 ]
INFO:root:val--std-->[53.15056  52.15993  51.616505 50.33102  50.21509  50.081203 50.03935
 49.86299  49.531567 48.28274  46.95426  45.172287 43.96861  42.88531
 41.24616  42.37183  43.43441  44.75589  46.571957 48.567627 49.173023
 51.97025  53.31617  54.147503 55.217754 54.256313 54.82137  55.228252
 57.024765 57.493202 57.21687  57.12449  57.009945 58.07164  58.968643
 58.816093 58.97068  58.471672 58.976105 58.958794 59.510704 60.026344
 60.16703  60.841858 61.621956 61.22611  61.83866  62.08808  61.1031  ]
INFO:root:real_input_channels-->49
INFO:root:epoch:0 train_eval_loss-->5.902223,train_acc-->0.036873,test_eval_loss-->17.753212,test_acc===0.058824
INFO:root:epoch:1 train_eval_loss-->4.240090,train_acc-->0.095870,test_eval_loss-->15.351574,test_acc===0.137255
INFO:root:epoch:2 train_eval_loss-->4.058057,train_acc-->0.081121,test_eval_loss-->15.462615,test_acc===0.122549
INFO:root:epoch:3 train_eval_loss-->3.736935,train_acc-->0.115044,test_eval_loss-->13.687677,test_acc===0.196078
INFO:root:epoch:4 train_eval_loss-->3.483719,train_acc-->0.150442,test_eval_loss-->13.763279,test_acc===0.049020
INFO:root:epoch:5 train_eval_loss-->3.379084,train_acc-->0.129794,test_eval_loss-->12.725113,test_acc===0.117647
INFO:root:epoch:6 train_eval_loss-->3.295140,train_acc-->0.128319,test_eval_loss-->12.302525,test_acc===0.205882
INFO:root:epoch:7 train_eval_loss-->3.272287,train_acc-->0.146018,test_eval_loss-->12.770901,test_acc===0.034314
INFO:root:epoch:8 train_eval_loss-->3.290914,train_acc-->0.075221,test_eval_loss-->12.451418,test_acc===0.088235
INFO:root:epoch:9 train_eval_loss-->3.101843,train_acc-->0.190265,test_eval_loss-->11.763477,test_acc===0.176471
INFO:root:epoch:10 train_eval_loss-->3.022046,train_acc-->0.188791,test_eval_loss-->11.533605,test_acc===0.176471
INFO:root:epoch:11 train_eval_loss-->3.112992,train_acc-->0.137168,test_eval_loss-->11.440462,test_acc===0.205882
INFO:root:epoch:12 train_eval_loss-->2.991274,train_acc-->0.227139,test_eval_loss-->11.546201,test_acc===0.151961
INFO:root:epoch:13 train_eval_loss-->2.957084,train_acc-->0.206490,test_eval_loss-->11.589810,test_acc===0.205882
INFO:root:epoch:14 train_eval_loss-->2.918209,train_acc-->0.235988,test_eval_loss-->12.463114,test_acc===0.034314
INFO:root:epoch:15 train_eval_loss-->2.918364,train_acc-->0.246313,test_eval_loss-->11.179297,test_acc===0.308824
INFO:root:epoch:16 train_eval_loss-->2.888467,train_acc-->0.284661,test_eval_loss-->11.077048,test_acc===0.323529
INFO:root:epoch:17 train_eval_loss-->2.827228,train_acc-->0.315634,test_eval_loss-->10.823819,test_acc===0.303922
INFO:root:epoch:18 train_eval_loss-->2.793812,train_acc-->0.382006,test_eval_loss-->10.790069,test_acc===0.426471
INFO:root:epoch:19 train_eval_loss-->2.833606,train_acc-->0.308260,test_eval_loss-->10.957549,test_acc===0.338235
INFO:root:epoch:20 train_eval_loss-->2.753488,train_acc-->0.371681,test_eval_loss-->10.928680,test_acc===0.264706
INFO:root:epoch:21 train_eval_loss-->2.764507,train_acc-->0.343658,test_eval_loss-->10.592827,test_acc===0.406863
INFO:root:epoch:22 train_eval_loss-->2.709447,train_acc-->0.405605,test_eval_loss-->10.487194,test_acc===0.441176
INFO:root:epoch:23 train_eval_loss-->2.693373,train_acc-->0.438053,test_eval_loss-->10.919920,test_acc===0.308824
INFO:root:epoch:24 train_eval_loss-->2.657623,train_acc-->0.470501,test_eval_loss-->10.670443,test_acc===0.397059
INFO:root:epoch:25 train_eval_loss-->2.693641,train_acc-->0.398230,test_eval_loss-->10.723433,test_acc===0.303922
INFO:root:epoch:26 train_eval_loss-->2.638215,train_acc-->0.501475,test_eval_loss-->10.629648,test_acc===0.401961
INFO:root:epoch:27 train_eval_loss-->2.655185,train_acc-->0.488201,test_eval_loss-->10.337959,test_acc===0.431373
INFO:root:epoch:28 train_eval_loss-->2.593466,train_acc-->0.545723,test_eval_loss-->10.321882,test_acc===0.485294
INFO:root:epoch:29 train_eval_loss-->2.582141,train_acc-->0.575221,test_eval_loss-->10.568051,test_acc===0.475490
INFO:root:epoch:30 train_eval_loss-->2.579962,train_acc-->0.588496,test_eval_loss-->11.177024,test_acc===0.171569
INFO:root:epoch:31 train_eval_loss-->2.634459,train_acc-->0.501475,test_eval_loss-->10.382712,test_acc===0.490196
INFO:root:epoch:32 train_eval_loss-->2.532229,train_acc-->0.628319,test_eval_loss-->10.229732,test_acc===0.500000
INFO:root:epoch:33 train_eval_loss-->2.514148,train_acc-->0.666667,test_eval_loss-->10.279385,test_acc===0.534314
INFO:root:epoch:34 train_eval_loss-->2.495797,train_acc-->0.706490,test_eval_loss-->10.197392,test_acc===0.519608
INFO:root:epoch:35 train_eval_loss-->2.507973,train_acc-->0.662242,test_eval_loss-->10.141891,test_acc===0.568627
INFO:root:epoch:36 train_eval_loss-->2.468147,train_acc-->0.740413,test_eval_loss-->10.221185,test_acc===0.529412
INFO:root:epoch:37 train_eval_loss-->2.463538,train_acc-->0.740413,test_eval_loss-->10.276090,test_acc===0.549020
INFO:root:epoch:38 train_eval_loss-->2.441473,train_acc-->0.771386,test_eval_loss-->10.047114,test_acc===0.607843
INFO:root:epoch:39 train_eval_loss-->2.426452,train_acc-->0.780236,test_eval_loss-->10.074857,test_acc===0.593137
INFO:root:epoch:40 train_eval_loss-->2.416659,train_acc-->0.802360,test_eval_loss-->10.194016,test_acc===0.558824
INFO:root:epoch:41 train_eval_loss-->2.415220,train_acc-->0.796460,test_eval_loss-->10.103884,test_acc===0.602941
INFO:root:epoch:42 train_eval_loss-->2.414019,train_acc-->0.802360,test_eval_loss-->10.198538,test_acc===0.539216
INFO:root:epoch:43 train_eval_loss-->2.402792,train_acc-->0.812684,test_eval_loss-->10.212402,test_acc===0.558824
INFO:root:epoch:44 train_eval_loss-->2.388377,train_acc-->0.828909,test_eval_loss-->10.130446,test_acc===0.563725
INFO:root:epoch:45 train_eval_loss-->2.393144,train_acc-->0.812684,test_eval_loss-->10.149985,test_acc===0.568627
INFO:root:epoch:46 train_eval_loss-->2.384888,train_acc-->0.836283,test_eval_loss-->10.171687,test_acc===0.563725
INFO:root:epoch:47 train_eval_loss-->2.378856,train_acc-->0.840708,test_eval_loss-->10.143391,test_acc===0.573529
INFO:root:epoch:48 train_eval_loss-->2.383861,train_acc-->0.831858,test_eval_loss-->10.147309,test_acc===0.573529
INFO:root:epoch:49 train_eval_loss-->2.377430,train_acc-->0.843658,test_eval_loss-->10.082102,test_acc===0.588235
INFO:root:epoch:50 train_eval_loss-->2.388431,train_acc-->0.824484,test_eval_loss-->10.062751,test_acc===0.598039
INFO:root:epoch:51 train_eval_loss-->2.380984,train_acc-->0.830383,test_eval_loss-->10.088978,test_acc===0.578431
INFO:root:epoch:52 train_eval_loss-->2.388340,train_acc-->0.831858,test_eval_loss-->10.032636,test_acc===0.588235
INFO:root:epoch:53 train_eval_loss-->2.378318,train_acc-->0.833333,test_eval_loss-->10.047094,test_acc===0.593137
INFO:root:epoch:54 train_eval_loss-->2.374452,train_acc-->0.833333,test_eval_loss-->10.143240,test_acc===0.558824
INFO:root:epoch:55 train_eval_loss-->2.382463,train_acc-->0.833333,test_eval_loss-->10.091649,test_acc===0.573529
INFO:root:epoch:56 train_eval_loss-->2.385045,train_acc-->0.821534,test_eval_loss-->10.028659,test_acc===0.573529
INFO:root:epoch:57 train_eval_loss-->2.386889,train_acc-->0.818584,test_eval_loss-->10.121463,test_acc===0.578431
INFO:root:epoch:58 train_eval_loss-->2.376821,train_acc-->0.833333,test_eval_loss-->10.249817,test_acc===0.568627
INFO:root:epoch:59 train_eval_loss-->2.388767,train_acc-->0.834808,test_eval_loss-->10.097425,test_acc===0.568627
INFO:root:epoch:60 train_eval_loss-->2.391986,train_acc-->0.834808,test_eval_loss-->10.217890,test_acc===0.573529
INFO:root:epoch:61 train_eval_loss-->2.399617,train_acc-->0.834808,test_eval_loss-->10.250934,test_acc===0.490196
INFO:root:epoch:62 train_eval_loss-->2.386266,train_acc-->0.833333,test_eval_loss-->10.069404,test_acc===0.583333
INFO:root:epoch:63 train_eval_loss-->2.402062,train_acc-->0.812684,test_eval_loss-->10.253960,test_acc===0.563725
INFO:root:epoch:64 train_eval_loss-->2.425401,train_acc-->0.783186,test_eval_loss-->10.167732,test_acc===0.549020
INFO:root:epoch:65 train_eval_loss-->2.412256,train_acc-->0.824484,test_eval_loss-->10.280610,test_acc===0.558824
INFO:root:epoch:66 train_eval_loss-->2.407338,train_acc-->0.823009,test_eval_loss-->10.466177,test_acc===0.357843
INFO:root:epoch:67 train_eval_loss-->2.442134,train_acc-->0.774336,test_eval_loss-->10.176986,test_acc===0.553922
INFO:root:epoch:68 train_eval_loss-->2.442365,train_acc-->0.758112,test_eval_loss-->10.283089,test_acc===0.539216
INFO:root:epoch:69 train_eval_loss-->2.447714,train_acc-->0.749263,test_eval_loss-->10.061582,test_acc===0.563725
INFO:root:epoch:70 train_eval_loss-->2.457591,train_acc-->0.740413,test_eval_loss-->10.396586,test_acc===0.416667
INFO:root:epoch:71 train_eval_loss-->2.488558,train_acc-->0.697640,test_eval_loss-->10.189126,test_acc===0.539216
INFO:root:epoch:72 train_eval_loss-->2.470495,train_acc-->0.710914,test_eval_loss-->10.447927,test_acc===0.455882
INFO:root:epoch:73 train_eval_loss-->2.487981,train_acc-->0.666667,test_eval_loss-->10.613759,test_acc===0.421569
INFO:root:epoch:74 train_eval_loss-->2.543085,train_acc-->0.607670,test_eval_loss-->10.325845,test_acc===0.539216
INFO:root:epoch:75 train_eval_loss-->2.485772,train_acc-->0.703540,test_eval_loss-->10.122917,test_acc===0.549020
INFO:root:epoch:76 train_eval_loss-->2.552752,train_acc-->0.581121,test_eval_loss-->10.355499,test_acc===0.411765
INFO:root:epoch:77 train_eval_loss-->2.565632,train_acc-->0.530973,test_eval_loss-->10.387787,test_acc===0.465686
INFO:root:epoch:78 train_eval_loss-->2.550252,train_acc-->0.569322,test_eval_loss-->10.610825,test_acc===0.377451
INFO:root:epoch:79 train_eval_loss-->2.545945,train_acc-->0.563422,test_eval_loss-->10.279694,test_acc===0.446078
INFO:root:epoch:80 train_eval_loss-->2.516280,train_acc-->0.632743,test_eval_loss-->10.593344,test_acc===0.421569
INFO:root:epoch:81 train_eval_loss-->2.572619,train_acc-->0.553097,test_eval_loss-->10.907104,test_acc===0.362745
INFO:root:epoch:82 train_eval_loss-->2.547575,train_acc-->0.564897,test_eval_loss-->10.090139,test_acc===0.553922
INFO:root:epoch:83 train_eval_loss-->2.532263,train_acc-->0.607670,test_eval_loss-->10.386204,test_acc===0.455882
INFO:root:epoch:84 train_eval_loss-->2.552129,train_acc-->0.610619,test_eval_loss-->10.109302,test_acc===0.534314
INFO:root:epoch:85 train_eval_loss-->2.578154,train_acc-->0.533923,test_eval_loss-->10.600904,test_acc===0.343137
INFO:root:epoch:86 train_eval_loss-->2.586754,train_acc-->0.516224,test_eval_loss-->10.664347,test_acc===0.431373
INFO:root:epoch:87 train_eval_loss-->2.561092,train_acc-->0.561947,test_eval_loss-->10.236527,test_acc===0.504902
INFO:root:epoch:88 train_eval_loss-->2.524119,train_acc-->0.659292,test_eval_loss-->10.173443,test_acc===0.485294
INFO:root:epoch:89 train_eval_loss-->2.584608,train_acc-->0.486726,test_eval_loss-->10.542544,test_acc===0.392157
INFO:root:epoch:90 train_eval_loss-->2.556358,train_acc-->0.558997,test_eval_loss-->10.255178,test_acc===0.529412
INFO:root:epoch:91 train_eval_loss-->2.511033,train_acc-->0.665192,test_eval_loss-->10.816508,test_acc===0.318627
INFO:root:epoch:92 train_eval_loss-->2.516807,train_acc-->0.631268,test_eval_loss-->10.085377,test_acc===0.622549
INFO:root:epoch:93 train_eval_loss-->2.503421,train_acc-->0.668142,test_eval_loss-->10.068474,test_acc===0.573529
INFO:root:epoch:94 train_eval_loss-->2.465332,train_acc-->0.724189,test_eval_loss-->10.652309,test_acc===0.318627
INFO:root:epoch:95 train_eval_loss-->2.483129,train_acc-->0.681416,test_eval_loss-->10.590637,test_acc===0.446078
INFO:root:epoch:96 train_eval_loss-->2.497614,train_acc-->0.651917,test_eval_loss-->10.508937,test_acc===0.387255
INFO:root:epoch:97 train_eval_loss-->2.543531,train_acc-->0.581121,test_eval_loss-->10.136232,test_acc===0.583333
INFO:root:epoch:98 train_eval_loss-->2.522518,train_acc-->0.604720,test_eval_loss-->10.154548,test_acc===0.529412
INFO:root:epoch:99 train_eval_loss-->2.484886,train_acc-->0.713864,test_eval_loss-->10.325598,test_acc===0.470588
INFO:root:epoch:100 train_eval_loss-->2.499152,train_acc-->0.646018,test_eval_loss-->10.271961,test_acc===0.495098
INFO:root:epoch:101 train_eval_loss-->2.533427,train_acc-->0.587021,test_eval_loss-->10.458059,test_acc===0.421569
INFO:root:epoch:102 train_eval_loss-->2.502345,train_acc-->0.665192,test_eval_loss-->10.455772,test_acc===0.426471
INFO:root:epoch:103 train_eval_loss-->2.480594,train_acc-->0.707965,test_eval_loss-->10.202852,test_acc===0.495098
INFO:root:epoch:104 train_eval_loss-->2.446054,train_acc-->0.753687,test_eval_loss-->10.393421,test_acc===0.455882
INFO:root:epoch:105 train_eval_loss-->2.462195,train_acc-->0.709440,test_eval_loss-->10.166380,test_acc===0.514706
INFO:root:epoch:106 train_eval_loss-->2.439982,train_acc-->0.784661,test_eval_loss-->10.404245,test_acc===0.500000
INFO:root:epoch:107 train_eval_loss-->2.462189,train_acc-->0.722714,test_eval_loss-->10.127946,test_acc===0.524510
INFO:root:epoch:108 train_eval_loss-->2.419304,train_acc-->0.769912,test_eval_loss-->10.026595,test_acc===0.617647
INFO:root:epoch:109 train_eval_loss-->2.453773,train_acc-->0.725664,test_eval_loss-->10.190968,test_acc===0.539216
INFO:root:epoch:110 train_eval_loss-->2.394787,train_acc-->0.834808,test_eval_loss-->10.231058,test_acc===0.495098
INFO:root:epoch:111 train_eval_loss-->2.410647,train_acc-->0.806785,test_eval_loss-->10.106804,test_acc===0.553922
INFO:root:epoch:112 train_eval_loss-->2.395921,train_acc-->0.792035,test_eval_loss-->10.080167,test_acc===0.529412
INFO:root:epoch:113 train_eval_loss-->2.394953,train_acc-->0.796460,test_eval_loss-->10.128778,test_acc===0.529412
INFO:root:epoch:114 train_eval_loss-->2.427842,train_acc-->0.749263,test_eval_loss-->10.254032,test_acc===0.509804
INFO:root:epoch:115 train_eval_loss-->2.370253,train_acc-->0.859882,test_eval_loss-->10.530900,test_acc===0.352941
INFO:root:epoch:116 train_eval_loss-->2.409187,train_acc-->0.808260,test_eval_loss-->10.094340,test_acc===0.549020
INFO:root:epoch:117 train_eval_loss-->2.358527,train_acc-->0.882006,test_eval_loss-->10.105644,test_acc===0.519608
INFO:root:epoch:118 train_eval_loss-->2.344768,train_acc-->0.896755,test_eval_loss-->9.952625,test_acc===0.642157
INFO:root:epoch:119 train_eval_loss-->2.326350,train_acc-->0.935103,test_eval_loss-->9.974375,test_acc===0.617647
INFO:root:epoch:120 train_eval_loss-->2.321362,train_acc-->0.918879,test_eval_loss-->10.142869,test_acc===0.529412
INFO:root:epoch:121 train_eval_loss-->2.343774,train_acc-->0.892330,test_eval_loss-->9.858616,test_acc===0.681373
INFO:root:epoch:122 train_eval_loss-->2.297900,train_acc-->0.946903,test_eval_loss-->10.062697,test_acc===0.598039
INFO:root:epoch:123 train_eval_loss-->2.306937,train_acc-->0.935103,test_eval_loss-->9.879051,test_acc===0.617647
INFO:root:epoch:124 train_eval_loss-->2.290090,train_acc-->0.955752,test_eval_loss-->9.866971,test_acc===0.637255
INFO:root:epoch:125 train_eval_loss-->2.282134,train_acc-->0.954277,test_eval_loss-->10.079786,test_acc===0.553922
INFO:root:epoch:126 train_eval_loss-->2.290045,train_acc-->0.938053,test_eval_loss-->9.882779,test_acc===0.637255
INFO:root:epoch:127 train_eval_loss-->2.267552,train_acc-->0.964602,test_eval_loss-->9.843002,test_acc===0.671569
INFO:root:epoch:128 train_eval_loss-->2.255006,train_acc-->0.964602,test_eval_loss-->9.833534,test_acc===0.607843
INFO:root:epoch:129 train_eval_loss-->2.247102,train_acc-->0.977876,test_eval_loss-->9.884559,test_acc===0.671569
INFO:root:epoch:130 train_eval_loss-->2.241540,train_acc-->0.976401,test_eval_loss-->9.786477,test_acc===0.681373
INFO:root:epoch:131 train_eval_loss-->2.243742,train_acc-->0.979351,test_eval_loss-->9.788849,test_acc===0.637255
INFO:root:epoch:132 train_eval_loss-->2.261601,train_acc-->0.961652,test_eval_loss-->9.836940,test_acc===0.656863
INFO:root:epoch:133 train_eval_loss-->2.230596,train_acc-->0.974926,test_eval_loss-->9.845149,test_acc===0.661765
INFO:root:epoch:134 train_eval_loss-->2.217506,train_acc-->0.982301,test_eval_loss-->9.855463,test_acc===0.637255
INFO:root:epoch:135 train_eval_loss-->2.214428,train_acc-->0.986726,test_eval_loss-->9.772191,test_acc===0.671569
INFO:root:epoch:136 train_eval_loss-->2.200630,train_acc-->0.985251,test_eval_loss-->9.723506,test_acc===0.705882
INFO:root:epoch:137 train_eval_loss-->2.194487,train_acc-->0.986726,test_eval_loss-->9.760408,test_acc===0.710784
INFO:root:epoch:138 train_eval_loss-->2.189479,train_acc-->0.985251,test_eval_loss-->9.776489,test_acc===0.681373
INFO:root:epoch:139 train_eval_loss-->2.184267,train_acc-->0.989676,test_eval_loss-->9.815950,test_acc===0.686275
INFO:root:epoch:140 train_eval_loss-->2.181492,train_acc-->0.988201,test_eval_loss-->9.716662,test_acc===0.730392
INFO:root:epoch:141 train_eval_loss-->2.180575,train_acc-->0.983776,test_eval_loss-->9.782959,test_acc===0.676471
INFO:root:epoch:142 train_eval_loss-->2.173110,train_acc-->0.991150,test_eval_loss-->9.729362,test_acc===0.691176
INFO:root:epoch:143 train_eval_loss-->2.171357,train_acc-->0.991150,test_eval_loss-->9.758183,test_acc===0.710784
INFO:root:epoch:144 train_eval_loss-->2.170010,train_acc-->0.992625,test_eval_loss-->9.786186,test_acc===0.700980
INFO:root:epoch:145 train_eval_loss-->2.169424,train_acc-->0.994100,test_eval_loss-->9.732109,test_acc===0.705882
INFO:root:epoch:146 train_eval_loss-->2.170290,train_acc-->0.986726,test_eval_loss-->9.726309,test_acc===0.705882
INFO:root:epoch:147 train_eval_loss-->2.162229,train_acc-->0.997050,test_eval_loss-->9.707087,test_acc===0.720588
INFO:root:epoch:148 train_eval_loss-->2.159959,train_acc-->0.995575,test_eval_loss-->9.694110,test_acc===0.745098
INFO:root:epoch:149 train_eval_loss-->2.161515,train_acc-->0.995575,test_eval_loss-->9.730607,test_acc===0.705882
INFO:root:epoch:150 train_eval_loss-->2.161991,train_acc-->0.994100,test_eval_loss-->9.762907,test_acc===0.710784
INFO:root:epoch:151 train_eval_loss-->2.161131,train_acc-->0.997050,test_eval_loss-->9.777182,test_acc===0.686275
INFO:root:epoch:152 train_eval_loss-->2.159725,train_acc-->0.994100,test_eval_loss-->9.715344,test_acc===0.725490
INFO:root:epoch:153 train_eval_loss-->2.161021,train_acc-->0.992625,test_eval_loss-->9.742550,test_acc===0.715686
INFO:root:epoch:154 train_eval_loss-->2.168356,train_acc-->0.992625,test_eval_loss-->9.723756,test_acc===0.710784
INFO:root:epoch:155 train_eval_loss-->2.165546,train_acc-->0.994100,test_eval_loss-->9.747694,test_acc===0.696078
INFO:root:epoch:156 train_eval_loss-->2.167636,train_acc-->0.988201,test_eval_loss-->9.738983,test_acc===0.700980
INFO:root:epoch:157 train_eval_loss-->2.166172,train_acc-->0.991150,test_eval_loss-->9.706090,test_acc===0.730392
INFO:root:epoch:158 train_eval_loss-->2.165089,train_acc-->0.989676,test_eval_loss-->9.753814,test_acc===0.700980
INFO:root:epoch:159 train_eval_loss-->2.164986,train_acc-->0.991150,test_eval_loss-->9.730533,test_acc===0.681373
INFO:root:epoch:160 train_eval_loss-->2.170486,train_acc-->0.991150,test_eval_loss-->9.717996,test_acc===0.745098
INFO:root:epoch:161 train_eval_loss-->2.172868,train_acc-->0.994100,test_eval_loss-->9.794117,test_acc===0.661765
INFO:root:epoch:162 train_eval_loss-->2.170703,train_acc-->0.995575,test_eval_loss-->9.780983,test_acc===0.691176
INFO:root:epoch:163 train_eval_loss-->2.177858,train_acc-->0.992625,test_eval_loss-->9.774631,test_acc===0.686275
INFO:root:epoch:164 train_eval_loss-->2.177940,train_acc-->0.986726,test_eval_loss-->9.785290,test_acc===0.661765
INFO:root:epoch:165 train_eval_loss-->2.191473,train_acc-->0.989676,test_eval_loss-->9.779616,test_acc===0.671569
INFO:root:epoch:166 train_eval_loss-->2.195505,train_acc-->0.992625,test_eval_loss-->9.803078,test_acc===0.647059
INFO:root:epoch:167 train_eval_loss-->2.213510,train_acc-->0.991150,test_eval_loss-->9.812086,test_acc===0.637255
INFO:root:epoch:168 train_eval_loss-->2.225126,train_acc-->0.977876,test_eval_loss-->9.774038,test_acc===0.671569
INFO:root:epoch:169 train_eval_loss-->2.223255,train_acc-->0.989676,test_eval_loss-->9.875050,test_acc===0.593137
INFO:root:epoch:170 train_eval_loss-->2.225780,train_acc-->0.977876,test_eval_loss-->9.812989,test_acc===0.661765
INFO:root:epoch:171 train_eval_loss-->2.253599,train_acc-->0.982301,test_eval_loss-->9.887361,test_acc===0.627451
INFO:root:epoch:172 train_eval_loss-->2.269250,train_acc-->0.951327,test_eval_loss-->9.818913,test_acc===0.666667
INFO:root:epoch:173 train_eval_loss-->2.258370,train_acc-->0.976401,test_eval_loss-->9.863386,test_acc===0.632353
INFO:root:epoch:174 train_eval_loss-->2.283682,train_acc-->0.970501,test_eval_loss-->9.906046,test_acc===0.627451
INFO:root:epoch:175 train_eval_loss-->2.295670,train_acc-->0.970501,test_eval_loss-->10.010789,test_acc===0.553922
INFO:root:epoch:176 train_eval_loss-->2.295400,train_acc-->0.948378,test_eval_loss-->9.906769,test_acc===0.622549
INFO:root:epoch:177 train_eval_loss-->2.343048,train_acc-->0.874631,test_eval_loss-->10.013563,test_acc===0.593137
INFO:root:epoch:178 train_eval_loss-->2.307448,train_acc-->0.915929,test_eval_loss-->9.926966,test_acc===0.607843
INFO:root:epoch:179 train_eval_loss-->2.324380,train_acc-->0.904130,test_eval_loss-->9.998535,test_acc===0.568627
INFO:root:epoch:180 train_eval_loss-->2.319413,train_acc-->0.910029,test_eval_loss-->10.119895,test_acc===0.485294
INFO:root:epoch:181 train_eval_loss-->2.339290,train_acc-->0.918879,test_eval_loss-->10.120297,test_acc===0.534314
INFO:root:epoch:182 train_eval_loss-->2.383365,train_acc-->0.825959,test_eval_loss-->9.923450,test_acc===0.578431
INFO:root:epoch:183 train_eval_loss-->2.343674,train_acc-->0.901180,test_eval_loss-->9.894251,test_acc===0.656863
INFO:root:epoch:184 train_eval_loss-->2.343280,train_acc-->0.892330,test_eval_loss-->9.963997,test_acc===0.578431
INFO:root:epoch:185 train_eval_loss-->2.386698,train_acc-->0.820059,test_eval_loss-->10.316003,test_acc===0.441176
INFO:root:epoch:186 train_eval_loss-->2.364055,train_acc-->0.858407,test_eval_loss-->9.976259,test_acc===0.558824
INFO:root:epoch:187 train_eval_loss-->2.393589,train_acc-->0.814159,test_eval_loss-->10.086771,test_acc===0.544118
INFO:root:epoch:188 train_eval_loss-->2.364956,train_acc-->0.859882,test_eval_loss-->10.016024,test_acc===0.612745
INFO:root:epoch:189 train_eval_loss-->2.341927,train_acc-->0.884956,test_eval_loss-->10.178845,test_acc===0.490196
INFO:root:epoch:190 train_eval_loss-->2.341847,train_acc-->0.907080,test_eval_loss-->10.162534,test_acc===0.514706
INFO:root:epoch:191 train_eval_loss-->2.385200,train_acc-->0.840708,test_eval_loss-->10.066799,test_acc===0.524510
INFO:root:epoch:192 train_eval_loss-->2.381549,train_acc-->0.839233,test_eval_loss-->9.991074,test_acc===0.637255
INFO:root:epoch:193 train_eval_loss-->2.378130,train_acc-->0.865782,test_eval_loss-->10.164330,test_acc===0.602941
INFO:root:epoch:194 train_eval_loss-->2.354554,train_acc-->0.865782,test_eval_loss-->10.036538,test_acc===0.612745
INFO:root:epoch:195 train_eval_loss-->2.357554,train_acc-->0.870206,test_eval_loss-->9.937123,test_acc===0.632353
INFO:root:epoch:196 train_eval_loss-->2.358264,train_acc-->0.889381,test_eval_loss-->10.445992,test_acc===0.323529
INFO:root:epoch:197 train_eval_loss-->2.432241,train_acc-->0.706490,test_eval_loss-->9.987679,test_acc===0.534314
INFO:root:epoch:198 train_eval_loss-->2.389960,train_acc-->0.836283,test_eval_loss-->9.881157,test_acc===0.612745
INFO:root:epoch:199 train_eval_loss-->2.403988,train_acc-->0.808260,test_eval_loss-->10.326235,test_acc===0.401961
INFO:root:epoch:200 train_eval_loss-->2.389275,train_acc-->0.824484,test_eval_loss-->10.111084,test_acc===0.583333
INFO:root:epoch:201 train_eval_loss-->2.379902,train_acc-->0.851032,test_eval_loss-->10.468636,test_acc===0.426471
INFO:root:epoch:202 train_eval_loss-->2.370136,train_acc-->0.862832,test_eval_loss-->9.951475,test_acc===0.539216
INFO:root:epoch:203 train_eval_loss-->2.351224,train_acc-->0.890855,test_eval_loss-->10.018712,test_acc===0.534314
INFO:root:epoch:204 train_eval_loss-->2.351366,train_acc-->0.917404,test_eval_loss-->10.174255,test_acc===0.495098
INFO:root:epoch:205 train_eval_loss-->2.355013,train_acc-->0.865782,test_eval_loss-->9.826554,test_acc===0.651961
INFO:root:epoch:206 train_eval_loss-->2.323037,train_acc-->0.911504,test_eval_loss-->9.963108,test_acc===0.622549
INFO:root:epoch:207 train_eval_loss-->2.335708,train_acc-->0.923304,test_eval_loss-->10.244617,test_acc===0.485294
INFO:root:epoch:208 train_eval_loss-->2.353050,train_acc-->0.824484,test_eval_loss-->9.862692,test_acc===0.647059
INFO:root:epoch:209 train_eval_loss-->2.306536,train_acc-->0.927729,test_eval_loss-->9.862415,test_acc===0.622549
INFO:root:epoch:210 train_eval_loss-->2.306862,train_acc-->0.936578,test_eval_loss-->9.958303,test_acc===0.593137
INFO:root:epoch:211 train_eval_loss-->2.311920,train_acc-->0.943953,test_eval_loss-->9.944719,test_acc===0.617647
INFO:root:epoch:212 train_eval_loss-->2.306703,train_acc-->0.938053,test_eval_loss-->9.947345,test_acc===0.598039
INFO:root:epoch:213 train_eval_loss-->2.314146,train_acc-->0.917404,test_eval_loss-->9.987602,test_acc===0.573529
INFO:root:epoch:214 train_eval_loss-->2.281055,train_acc-->0.955752,test_eval_loss-->10.145709,test_acc===0.436275
INFO:root:epoch:215 train_eval_loss-->2.283604,train_acc-->0.958702,test_eval_loss-->9.709023,test_acc===0.686275
INFO:root:epoch:216 train_eval_loss-->2.272526,train_acc-->0.958702,test_eval_loss-->9.891119,test_acc===0.642157
INFO:root:epoch:217 train_eval_loss-->2.264683,train_acc-->0.976401,test_eval_loss-->9.837353,test_acc===0.691176
INFO:root:epoch:218 train_eval_loss-->2.246585,train_acc-->0.967552,test_eval_loss-->9.813516,test_acc===0.686275
INFO:root:epoch:219 train_eval_loss-->2.235102,train_acc-->0.986726,test_eval_loss-->9.820730,test_acc===0.661765
INFO:root:epoch:220 train_eval_loss-->2.233867,train_acc-->0.970501,test_eval_loss-->9.783812,test_acc===0.691176
INFO:root:epoch:221 train_eval_loss-->2.227513,train_acc-->0.992625,test_eval_loss-->9.799511,test_acc===0.647059
INFO:root:epoch:222 train_eval_loss-->2.219794,train_acc-->0.992625,test_eval_loss-->9.825793,test_acc===0.647059
INFO:root:epoch:223 train_eval_loss-->2.218533,train_acc-->0.994100,test_eval_loss-->9.827820,test_acc===0.676471
INFO:root:epoch:224 train_eval_loss-->2.206059,train_acc-->0.997050,test_eval_loss-->9.783520,test_acc===0.686275
INFO:root:epoch:225 train_eval_loss-->2.204553,train_acc-->0.994100,test_eval_loss-->9.727892,test_acc===0.681373
INFO:root:epoch:226 train_eval_loss-->2.199359,train_acc-->0.997050,test_eval_loss-->9.823617,test_acc===0.627451
INFO:root:epoch:227 train_eval_loss-->2.188065,train_acc-->0.997050,test_eval_loss-->9.790807,test_acc===0.656863
INFO:root:epoch:228 train_eval_loss-->2.181378,train_acc-->0.998525,test_eval_loss-->9.762290,test_acc===0.656863
INFO:root:epoch:229 train_eval_loss-->2.170667,train_acc-->0.995575,test_eval_loss-->9.749862,test_acc===0.651961
INFO:root:epoch:230 train_eval_loss-->2.174588,train_acc-->1.000000,test_eval_loss-->9.739758,test_acc===0.700980
INFO:root:epoch:231 train_eval_loss-->2.172488,train_acc-->0.997050,test_eval_loss-->9.760499,test_acc===0.681373
INFO:root:epoch:232 train_eval_loss-->2.166461,train_acc-->0.997050,test_eval_loss-->9.714810,test_acc===0.705882
INFO:root:epoch:233 train_eval_loss-->2.149657,train_acc-->0.998525,test_eval_loss-->9.692091,test_acc===0.696078
INFO:root:epoch:234 train_eval_loss-->2.138463,train_acc-->0.998525,test_eval_loss-->9.750106,test_acc===0.671569
INFO:root:epoch:235 train_eval_loss-->2.136729,train_acc-->1.000000,test_eval_loss-->9.718700,test_acc===0.671569
INFO:root:epoch:236 train_eval_loss-->2.129835,train_acc-->0.998525,test_eval_loss-->9.719600,test_acc===0.691176
INFO:root:epoch:237 train_eval_loss-->2.125199,train_acc-->0.998525,test_eval_loss-->9.729509,test_acc===0.696078
INFO:root:epoch:238 train_eval_loss-->2.119436,train_acc-->0.998525,test_eval_loss-->9.713562,test_acc===0.676471
INFO:root:epoch:239 train_eval_loss-->2.114786,train_acc-->0.997050,test_eval_loss-->9.696708,test_acc===0.740196
INFO:root:epoch:240 train_eval_loss-->2.116102,train_acc-->0.998525,test_eval_loss-->9.718259,test_acc===0.681373
INFO:root:epoch:241 train_eval_loss-->2.108128,train_acc-->1.000000,test_eval_loss-->9.728877,test_acc===0.705882
INFO:root:epoch:242 train_eval_loss-->2.104095,train_acc-->0.997050,test_eval_loss-->9.696135,test_acc===0.700980
INFO:root:epoch:243 train_eval_loss-->2.103398,train_acc-->0.997050,test_eval_loss-->9.698419,test_acc===0.705882
INFO:root:epoch:244 train_eval_loss-->2.100198,train_acc-->1.000000,test_eval_loss-->9.713006,test_acc===0.696078
INFO:root:epoch:245 train_eval_loss-->2.098667,train_acc-->1.000000,test_eval_loss-->9.705430,test_acc===0.681373
INFO:root:epoch:246 train_eval_loss-->2.098258,train_acc-->0.997050,test_eval_loss-->9.701691,test_acc===0.705882
INFO:root:epoch:247 train_eval_loss-->2.097161,train_acc-->0.998525,test_eval_loss-->9.704834,test_acc===0.686275
INFO:root:epoch:248 train_eval_loss-->2.095156,train_acc-->1.000000,test_eval_loss-->9.701928,test_acc===0.681373
INFO:root:epoch:249 train_eval_loss-->2.093328,train_acc-->1.000000,test_eval_loss-->9.698305,test_acc===0.696078
INFO:root:epoch:250 train_eval_loss-->2.094341,train_acc-->0.998525,test_eval_loss-->9.691150,test_acc===0.710784
INFO:root:epoch:251 train_eval_loss-->2.095372,train_acc-->1.000000,test_eval_loss-->9.701188,test_acc===0.696078
INFO:root:epoch:252 train_eval_loss-->2.095055,train_acc-->0.998525,test_eval_loss-->9.741246,test_acc===0.666667
INFO:root:epoch:253 train_eval_loss-->2.096637,train_acc-->1.000000,test_eval_loss-->9.722260,test_acc===0.686275
INFO:root:epoch:254 train_eval_loss-->2.094245,train_acc-->0.998525,test_eval_loss-->9.747402,test_acc===0.671569
INFO:root:epoch:255 train_eval_loss-->2.094764,train_acc-->1.000000,test_eval_loss-->9.708632,test_acc===0.700980
INFO:root:epoch:256 train_eval_loss-->2.096272,train_acc-->0.998525,test_eval_loss-->9.703007,test_acc===0.671569
INFO:root:epoch:257 train_eval_loss-->2.096413,train_acc-->1.000000,test_eval_loss-->9.711218,test_acc===0.681373
INFO:root:epoch:258 train_eval_loss-->2.096794,train_acc-->1.000000,test_eval_loss-->9.673805,test_acc===0.691176
INFO:root:epoch:259 train_eval_loss-->2.100383,train_acc-->0.998525,test_eval_loss-->9.701585,test_acc===0.686275
INFO:root:epoch:260 train_eval_loss-->2.098451,train_acc-->1.000000,test_eval_loss-->9.721978,test_acc===0.681373
INFO:root:epoch:261 train_eval_loss-->2.099986,train_acc-->0.998525,test_eval_loss-->9.689718,test_acc===0.696078
INFO:root:epoch:262 train_eval_loss-->2.102800,train_acc-->0.998525,test_eval_loss-->9.674405,test_acc===0.700980
INFO:root:epoch:263 train_eval_loss-->2.110879,train_acc-->0.998525,test_eval_loss-->9.690568,test_acc===0.715686
INFO:root:epoch:264 train_eval_loss-->2.119559,train_acc-->1.000000,test_eval_loss-->9.738973,test_acc===0.656863
INFO:root:epoch:265 train_eval_loss-->2.119823,train_acc-->0.998525,test_eval_loss-->9.725073,test_acc===0.715686
INFO:root:epoch:266 train_eval_loss-->2.121071,train_acc-->0.998525,test_eval_loss-->9.760059,test_acc===0.656863
INFO:root:epoch:267 train_eval_loss-->2.142711,train_acc-->1.000000,test_eval_loss-->9.801500,test_acc===0.647059
INFO:root:epoch:268 train_eval_loss-->2.165111,train_acc-->0.991150,test_eval_loss-->9.756643,test_acc===0.661765
INFO:root:epoch:269 train_eval_loss-->2.163980,train_acc-->0.992625,test_eval_loss-->9.754013,test_acc===0.725490
INFO:root:epoch:270 train_eval_loss-->2.159906,train_acc-->0.997050,test_eval_loss-->9.780855,test_acc===0.661765
INFO:root:epoch:271 train_eval_loss-->2.167884,train_acc-->1.000000,test_eval_loss-->9.650251,test_acc===0.671569
INFO:root:epoch:272 train_eval_loss-->2.165161,train_acc-->0.989676,test_eval_loss-->9.709031,test_acc===0.656863
INFO:root:epoch:273 train_eval_loss-->2.187178,train_acc-->0.994100,test_eval_loss-->9.710425,test_acc===0.666667
INFO:root:epoch:274 train_eval_loss-->2.167057,train_acc-->1.000000,test_eval_loss-->9.786526,test_acc===0.637255
INFO:root:epoch:275 train_eval_loss-->2.208943,train_acc-->0.997050,test_eval_loss-->9.787174,test_acc===0.666667
INFO:root:epoch:276 train_eval_loss-->2.211082,train_acc-->0.994100,test_eval_loss-->9.808891,test_acc===0.666667
INFO:root:epoch:277 train_eval_loss-->2.243267,train_acc-->0.980826,test_eval_loss-->9.824674,test_acc===0.637255
INFO:root:epoch:278 train_eval_loss-->2.260542,train_acc-->0.957227,test_eval_loss-->9.924093,test_acc===0.622549
INFO:root:epoch:279 train_eval_loss-->2.257364,train_acc-->0.969027,test_eval_loss-->9.902498,test_acc===0.637255
INFO:root:epoch:280 train_eval_loss-->2.226321,train_acc-->0.991150,test_eval_loss-->9.841022,test_acc===0.647059
INFO:root:epoch:281 train_eval_loss-->2.284155,train_acc-->0.946903,test_eval_loss-->9.766724,test_acc===0.661765
INFO:root:epoch:282 train_eval_loss-->2.296270,train_acc-->0.963127,test_eval_loss-->10.069082,test_acc===0.490196
INFO:root:epoch:283 train_eval_loss-->2.267324,train_acc-->0.974926,test_eval_loss-->9.911055,test_acc===0.627451
INFO:root:epoch:284 train_eval_loss-->2.277064,train_acc-->0.954277,test_eval_loss-->10.010627,test_acc===0.593137
INFO:root:epoch:285 train_eval_loss-->2.278980,train_acc-->0.954277,test_eval_loss-->9.881645,test_acc===0.593137
INFO:root:epoch:286 train_eval_loss-->2.242793,train_acc-->0.986726,test_eval_loss-->10.058400,test_acc===0.558824
INFO:root:epoch:287 train_eval_loss-->2.271692,train_acc-->0.960177,test_eval_loss-->9.826384,test_acc===0.642157
INFO:root:epoch:288 train_eval_loss-->2.267535,train_acc-->0.970501,test_eval_loss-->9.944914,test_acc===0.602941
INFO:root:epoch:289 train_eval_loss-->2.276462,train_acc-->0.958702,test_eval_loss-->9.768122,test_acc===0.617647
INFO:root:epoch:290 train_eval_loss-->2.305919,train_acc-->0.942478,test_eval_loss-->9.908619,test_acc===0.637255
INFO:root:epoch:291 train_eval_loss-->2.316514,train_acc-->0.912979,test_eval_loss-->9.916247,test_acc===0.602941
INFO:root:epoch:292 train_eval_loss-->2.314584,train_acc-->0.933628,test_eval_loss-->10.252421,test_acc===0.455882
INFO:root:epoch:293 train_eval_loss-->2.379830,train_acc-->0.827434,test_eval_loss-->9.869815,test_acc===0.632353
INFO:root:epoch:294 train_eval_loss-->2.313255,train_acc-->0.924779,test_eval_loss-->9.988940,test_acc===0.558824
INFO:root:epoch:295 train_eval_loss-->2.328519,train_acc-->0.910029,test_eval_loss-->9.918236,test_acc===0.622549
INFO:root:epoch:296 train_eval_loss-->2.304963,train_acc-->0.948378,test_eval_loss-->10.153212,test_acc===0.490196
INFO:root:epoch:297 train_eval_loss-->2.331717,train_acc-->0.898230,test_eval_loss-->9.932762,test_acc===0.602941
INFO:root:epoch:298 train_eval_loss-->2.297487,train_acc-->0.942478,test_eval_loss-->9.857884,test_acc===0.642157
INFO:root:epoch:299 train_eval_loss-->2.305146,train_acc-->0.939528,test_eval_loss-->10.121801,test_acc===0.504902
INFO:root:epoch:300 train_eval_loss-->2.295435,train_acc-->0.943953,test_eval_loss-->9.896472,test_acc===0.627451
INFO:root:epoch:301 train_eval_loss-->2.309556,train_acc-->0.941003,test_eval_loss-->10.035011,test_acc===0.553922
INFO:root:epoch:302 train_eval_loss-->2.323948,train_acc-->0.924779,test_eval_loss-->9.736147,test_acc===0.696078
INFO:root:epoch:303 train_eval_loss-->2.277773,train_acc-->0.966077,test_eval_loss-->9.956449,test_acc===0.607843
INFO:root:epoch:304 train_eval_loss-->2.287990,train_acc-->0.952802,test_eval_loss-->9.737755,test_acc===0.671569
INFO:root:epoch:305 train_eval_loss-->2.259035,train_acc-->0.985251,test_eval_loss-->9.931406,test_acc===0.588235
INFO:root:epoch:306 train_eval_loss-->2.288036,train_acc-->0.945428,test_eval_loss-->9.728659,test_acc===0.696078
INFO:root:epoch:307 train_eval_loss-->2.257214,train_acc-->0.961652,test_eval_loss-->9.895757,test_acc===0.627451
INFO:root:epoch:308 train_eval_loss-->2.287038,train_acc-->0.951327,test_eval_loss-->10.193928,test_acc===0.475490
INFO:root:epoch:309 train_eval_loss-->2.326520,train_acc-->0.918879,test_eval_loss-->9.927830,test_acc===0.647059
INFO:root:epoch:310 train_eval_loss-->2.249924,train_acc-->0.971976,test_eval_loss-->9.833128,test_acc===0.686275
INFO:root:epoch:311 train_eval_loss-->2.234678,train_acc-->0.985251,test_eval_loss-->9.995474,test_acc===0.593137
INFO:root:epoch:312 train_eval_loss-->2.256195,train_acc-->0.983776,test_eval_loss-->9.834074,test_acc===0.642157
INFO:root:epoch:313 train_eval_loss-->2.266924,train_acc-->0.969027,test_eval_loss-->9.775206,test_acc===0.666667
INFO:root:epoch:314 train_eval_loss-->2.234069,train_acc-->0.992625,test_eval_loss-->9.935652,test_acc===0.612745
INFO:root:epoch:315 train_eval_loss-->2.237483,train_acc-->0.976401,test_eval_loss-->9.964796,test_acc===0.588235
INFO:root:epoch:316 train_eval_loss-->2.232831,train_acc-->0.985251,test_eval_loss-->9.821044,test_acc===0.666667
INFO:root:epoch:317 train_eval_loss-->2.200697,train_acc-->0.997050,test_eval_loss-->9.749529,test_acc===0.681373
INFO:root:epoch:318 train_eval_loss-->2.218221,train_acc-->0.985251,test_eval_loss-->9.806945,test_acc===0.651961
INFO:root:epoch:319 train_eval_loss-->2.220428,train_acc-->0.992625,test_eval_loss-->9.984406,test_acc===0.612745
INFO:root:epoch:320 train_eval_loss-->2.209365,train_acc-->0.994100,test_eval_loss-->9.781702,test_acc===0.656863
INFO:root:epoch:321 train_eval_loss-->2.207740,train_acc-->0.997050,test_eval_loss-->9.801480,test_acc===0.666667
INFO:root:epoch:322 train_eval_loss-->2.194216,train_acc-->0.992625,test_eval_loss-->9.759276,test_acc===0.691176
INFO:root:epoch:323 train_eval_loss-->2.177432,train_acc-->0.988201,test_eval_loss-->9.721151,test_acc===0.720588
INFO:root:epoch:324 train_eval_loss-->2.157575,train_acc-->1.000000,test_eval_loss-->9.755223,test_acc===0.666667
INFO:root:epoch:325 train_eval_loss-->2.157247,train_acc-->1.000000,test_eval_loss-->9.845323,test_acc===0.666667
INFO:root:epoch:326 train_eval_loss-->2.167316,train_acc-->0.998525,test_eval_loss-->9.702584,test_acc===0.700980
INFO:root:epoch:327 train_eval_loss-->2.156983,train_acc-->1.000000,test_eval_loss-->9.762229,test_acc===0.705882
INFO:root:epoch:328 train_eval_loss-->2.145207,train_acc-->1.000000,test_eval_loss-->9.719840,test_acc===0.691176
INFO:root:epoch:329 train_eval_loss-->2.131597,train_acc-->0.997050,test_eval_loss-->9.787541,test_acc===0.656863
INFO:root:epoch:330 train_eval_loss-->2.122178,train_acc-->1.000000,test_eval_loss-->9.721828,test_acc===0.666667
INFO:root:epoch:331 train_eval_loss-->2.125889,train_acc-->0.998525,test_eval_loss-->9.700595,test_acc===0.735294
INFO:root:epoch:332 train_eval_loss-->2.118412,train_acc-->0.998525,test_eval_loss-->9.747934,test_acc===0.691176
INFO:root:epoch:333 train_eval_loss-->2.116166,train_acc-->1.000000,test_eval_loss-->9.702411,test_acc===0.725490
INFO:root:epoch:334 train_eval_loss-->2.104754,train_acc-->1.000000,test_eval_loss-->9.718255,test_acc===0.710784
INFO:root:epoch:335 train_eval_loss-->2.100776,train_acc-->1.000000,test_eval_loss-->9.776011,test_acc===0.666667
INFO:root:epoch:336 train_eval_loss-->2.097332,train_acc-->0.998525,test_eval_loss-->9.724999,test_acc===0.686275
INFO:root:epoch:337 train_eval_loss-->2.093209,train_acc-->1.000000,test_eval_loss-->9.718409,test_acc===0.700980
INFO:root:epoch:338 train_eval_loss-->2.089495,train_acc-->1.000000,test_eval_loss-->9.721123,test_acc===0.720588
INFO:root:epoch:339 train_eval_loss-->2.086208,train_acc-->0.998525,test_eval_loss-->9.680754,test_acc===0.725490
INFO:root:epoch:340 train_eval_loss-->2.077359,train_acc-->1.000000,test_eval_loss-->9.687404,test_acc===0.715686
INFO:root:epoch:341 train_eval_loss-->2.075616,train_acc-->1.000000,test_eval_loss-->9.718105,test_acc===0.705882
INFO:root:epoch:342 train_eval_loss-->2.077853,train_acc-->1.000000,test_eval_loss-->9.678638,test_acc===0.696078
INFO:root:epoch:343 train_eval_loss-->2.075135,train_acc-->1.000000,test_eval_loss-->9.728358,test_acc===0.661765
INFO:root:epoch:344 train_eval_loss-->2.072160,train_acc-->1.000000,test_eval_loss-->9.725401,test_acc===0.691176
INFO:root:epoch:345 train_eval_loss-->2.068840,train_acc-->1.000000,test_eval_loss-->9.717659,test_acc===0.710784
INFO:root:epoch:346 train_eval_loss-->2.070399,train_acc-->1.000000,test_eval_loss-->9.716799,test_acc===0.710784
INFO:root:epoch:347 train_eval_loss-->2.066156,train_acc-->1.000000,test_eval_loss-->9.728580,test_acc===0.681373
INFO:root:epoch:348 train_eval_loss-->2.066781,train_acc-->1.000000,test_eval_loss-->9.682326,test_acc===0.730392
INFO:root:epoch:349 train_eval_loss-->2.066721,train_acc-->1.000000,test_eval_loss-->9.703358,test_acc===0.700980
INFO:root:epoch:350 train_eval_loss-->2.065471,train_acc-->1.000000,test_eval_loss-->9.696913,test_acc===0.700980
INFO:root:epoch:351 train_eval_loss-->2.065339,train_acc-->1.000000,test_eval_loss-->9.700449,test_acc===0.676471
INFO:root:epoch:352 train_eval_loss-->2.066435,train_acc-->1.000000,test_eval_loss-->9.700369,test_acc===0.720588
INFO:root:epoch:353 train_eval_loss-->2.067508,train_acc-->1.000000,test_eval_loss-->9.710092,test_acc===0.696078
INFO:root:epoch:354 train_eval_loss-->2.064784,train_acc-->1.000000,test_eval_loss-->9.727769,test_acc===0.681373
INFO:root:epoch:355 train_eval_loss-->2.067756,train_acc-->1.000000,test_eval_loss-->9.676414,test_acc===0.710784
INFO:root:epoch:356 train_eval_loss-->2.067640,train_acc-->1.000000,test_eval_loss-->9.694916,test_acc===0.700980
INFO:root:epoch:357 train_eval_loss-->2.068530,train_acc-->1.000000,test_eval_loss-->9.708661,test_acc===0.696078
INFO:root:epoch:358 train_eval_loss-->2.066944,train_acc-->1.000000,test_eval_loss-->9.724912,test_acc===0.691176
INFO:root:epoch:359 train_eval_loss-->2.068621,train_acc-->1.000000,test_eval_loss-->9.673472,test_acc===0.715686
INFO:root:epoch:360 train_eval_loss-->2.075762,train_acc-->1.000000,test_eval_loss-->9.748881,test_acc===0.691176
INFO:root:epoch:361 train_eval_loss-->2.072288,train_acc-->1.000000,test_eval_loss-->9.674963,test_acc===0.735294
INFO:root:epoch:362 train_eval_loss-->2.076083,train_acc-->1.000000,test_eval_loss-->9.733696,test_acc===0.676471
INFO:root:epoch:363 train_eval_loss-->2.083105,train_acc-->1.000000,test_eval_loss-->9.710416,test_acc===0.691176
INFO:root:epoch:364 train_eval_loss-->2.088471,train_acc-->1.000000,test_eval_loss-->9.731205,test_acc===0.691176
INFO:root:epoch:365 train_eval_loss-->2.094296,train_acc-->1.000000,test_eval_loss-->9.754165,test_acc===0.656863
INFO:root:epoch:366 train_eval_loss-->2.108032,train_acc-->1.000000,test_eval_loss-->9.704206,test_acc===0.681373
INFO:root:epoch:367 train_eval_loss-->2.113159,train_acc-->0.998525,test_eval_loss-->9.720596,test_acc===0.715686
INFO:root:epoch:368 train_eval_loss-->2.119410,train_acc-->1.000000,test_eval_loss-->9.747028,test_acc===0.656863
INFO:root:epoch:369 train_eval_loss-->2.113841,train_acc-->0.998525,test_eval_loss-->9.708007,test_acc===0.710784
INFO:root:epoch:370 train_eval_loss-->2.121452,train_acc-->0.998525,test_eval_loss-->9.692225,test_acc===0.696078
INFO:root:epoch:371 train_eval_loss-->2.124643,train_acc-->1.000000,test_eval_loss-->9.755151,test_acc===0.681373
INFO:root:epoch:372 train_eval_loss-->2.142221,train_acc-->0.997050,test_eval_loss-->9.755208,test_acc===0.671569
INFO:root:epoch:373 train_eval_loss-->2.149480,train_acc-->1.000000,test_eval_loss-->9.740550,test_acc===0.671569
INFO:root:epoch:374 train_eval_loss-->2.167828,train_acc-->0.997050,test_eval_loss-->9.730406,test_acc===0.661765
INFO:root:epoch:375 train_eval_loss-->2.188060,train_acc-->0.998525,test_eval_loss-->9.873171,test_acc===0.637255
INFO:root:epoch:376 train_eval_loss-->2.199291,train_acc-->0.997050,test_eval_loss-->9.808992,test_acc===0.651961
INFO:root:epoch:377 train_eval_loss-->2.188651,train_acc-->0.997050,test_eval_loss-->9.784715,test_acc===0.676471
INFO:root:epoch:378 train_eval_loss-->2.200814,train_acc-->0.992625,test_eval_loss-->9.880099,test_acc===0.637255
INFO:root:epoch:379 train_eval_loss-->2.178536,train_acc-->0.997050,test_eval_loss-->9.923941,test_acc===0.647059
INFO:root:epoch:380 train_eval_loss-->2.184290,train_acc-->0.998525,test_eval_loss-->9.705709,test_acc===0.691176
INFO:root:epoch:381 train_eval_loss-->2.206743,train_acc-->0.982301,test_eval_loss-->9.822158,test_acc===0.666667
INFO:root:epoch:382 train_eval_loss-->2.214135,train_acc-->0.986726,test_eval_loss-->9.989198,test_acc===0.553922
INFO:root:epoch:383 train_eval_loss-->2.231617,train_acc-->0.985251,test_eval_loss-->9.687653,test_acc===0.720588
INFO:root:epoch:384 train_eval_loss-->2.228458,train_acc-->0.988201,test_eval_loss-->9.846367,test_acc===0.656863
INFO:root:epoch:385 train_eval_loss-->2.250662,train_acc-->0.977876,test_eval_loss-->9.896356,test_acc===0.656863
INFO:root:epoch:386 train_eval_loss-->2.235759,train_acc-->0.985251,test_eval_loss-->9.895945,test_acc===0.607843
INFO:root:epoch:387 train_eval_loss-->2.248932,train_acc-->0.969027,test_eval_loss-->9.930619,test_acc===0.612745
INFO:root:epoch:388 train_eval_loss-->2.271326,train_acc-->0.969027,test_eval_loss-->9.971480,test_acc===0.588235
INFO:root:epoch:389 train_eval_loss-->2.264193,train_acc-->0.955752,test_eval_loss-->9.985716,test_acc===0.593137
INFO:root:epoch:390 train_eval_loss-->2.250038,train_acc-->0.969027,test_eval_loss-->9.889003,test_acc===0.666667
INFO:root:epoch:391 train_eval_loss-->2.262647,train_acc-->0.982301,test_eval_loss-->9.984597,test_acc===0.578431
INFO:root:epoch:392 train_eval_loss-->2.295245,train_acc-->0.951327,test_eval_loss-->9.937894,test_acc===0.622549
INFO:root:epoch:393 train_eval_loss-->2.277758,train_acc-->0.964602,test_eval_loss-->10.097067,test_acc===0.529412
INFO:root:epoch:394 train_eval_loss-->2.298812,train_acc-->0.910029,test_eval_loss-->9.836394,test_acc===0.681373
INFO:root:epoch:395 train_eval_loss-->2.258355,train_acc-->0.980826,test_eval_loss-->9.942363,test_acc===0.637255
INFO:root:epoch:396 train_eval_loss-->2.296279,train_acc-->0.924779,test_eval_loss-->9.812829,test_acc===0.681373
INFO:root:epoch:397 train_eval_loss-->2.288015,train_acc-->0.949853,test_eval_loss-->9.872538,test_acc===0.647059
INFO:root:epoch:398 train_eval_loss-->2.261661,train_acc-->0.971976,test_eval_loss-->9.754758,test_acc===0.700980
INFO:root:epoch:399 train_eval_loss-->2.291938,train_acc-->0.945428,test_eval_loss-->10.074331,test_acc===0.529412
INFO:root:epoch:400 train_eval_loss-->2.254779,train_acc-->0.976401,test_eval_loss-->9.839004,test_acc===0.681373
INFO:root:epoch:401 train_eval_loss-->2.246363,train_acc-->0.980826,test_eval_loss-->10.018087,test_acc===0.593137
INFO:root:epoch:402 train_eval_loss-->2.258093,train_acc-->0.985251,test_eval_loss-->9.915985,test_acc===0.617647
INFO:root:epoch:403 train_eval_loss-->2.264905,train_acc-->0.985251,test_eval_loss-->9.875926,test_acc===0.647059
INFO:root:epoch:404 train_eval_loss-->2.269247,train_acc-->0.969027,test_eval_loss-->10.061606,test_acc===0.563725
INFO:root:epoch:405 train_eval_loss-->2.265218,train_acc-->0.976401,test_eval_loss-->10.016816,test_acc===0.583333
INFO:root:epoch:406 train_eval_loss-->2.257079,train_acc-->0.979351,test_eval_loss-->9.866765,test_acc===0.661765
INFO:root:epoch:407 train_eval_loss-->2.224742,train_acc-->0.989676,test_eval_loss-->9.851038,test_acc===0.642157
INFO:root:epoch:408 train_eval_loss-->2.220483,train_acc-->0.992625,test_eval_loss-->9.846222,test_acc===0.647059
INFO:root:epoch:409 train_eval_loss-->2.249056,train_acc-->0.983776,test_eval_loss-->9.837735,test_acc===0.651961
INFO:root:epoch:410 train_eval_loss-->2.210057,train_acc-->0.995575,test_eval_loss-->9.968243,test_acc===0.627451
INFO:root:epoch:411 train_eval_loss-->2.214582,train_acc-->0.986726,test_eval_loss-->9.787509,test_acc===0.671569
INFO:root:epoch:412 train_eval_loss-->2.210639,train_acc-->0.994100,test_eval_loss-->9.730758,test_acc===0.681373
INFO:root:epoch:413 train_eval_loss-->2.221233,train_acc-->0.977876,test_eval_loss-->9.907003,test_acc===0.617647
INFO:root:epoch:414 train_eval_loss-->2.221093,train_acc-->0.988201,test_eval_loss-->9.873761,test_acc===0.671569
INFO:root:epoch:415 train_eval_loss-->2.198779,train_acc-->0.995575,test_eval_loss-->9.657678,test_acc===0.730392
INFO:root:epoch:416 train_eval_loss-->2.207676,train_acc-->0.991150,test_eval_loss-->9.866712,test_acc===0.661765
INFO:root:epoch:417 train_eval_loss-->2.201200,train_acc-->0.997050,test_eval_loss-->9.789349,test_acc===0.691176
INFO:root:epoch:418 train_eval_loss-->2.203678,train_acc-->0.986726,test_eval_loss-->9.897426,test_acc===0.647059
INFO:root:epoch:419 train_eval_loss-->2.200572,train_acc-->0.991150,test_eval_loss-->9.794969,test_acc===0.671569
INFO:root:epoch:420 train_eval_loss-->2.178008,train_acc-->0.997050,test_eval_loss-->9.810433,test_acc===0.656863
INFO:root:epoch:421 train_eval_loss-->2.168754,train_acc-->0.998525,test_eval_loss-->9.732532,test_acc===0.705882
INFO:root:epoch:422 train_eval_loss-->2.185697,train_acc-->0.998525,test_eval_loss-->9.883471,test_acc===0.651961
INFO:root:epoch:423 train_eval_loss-->2.190809,train_acc-->0.994100,test_eval_loss-->9.853262,test_acc===0.656863
INFO:root:epoch:424 train_eval_loss-->2.158814,train_acc-->0.998525,test_eval_loss-->9.715742,test_acc===0.715686
INFO:root:epoch:425 train_eval_loss-->2.151722,train_acc-->0.997050,test_eval_loss-->9.741271,test_acc===0.710784
INFO:root:epoch:426 train_eval_loss-->2.137916,train_acc-->1.000000,test_eval_loss-->9.693983,test_acc===0.710784
INFO:root:epoch:427 train_eval_loss-->2.133537,train_acc-->1.000000,test_eval_loss-->9.806822,test_acc===0.656863
INFO:root:epoch:428 train_eval_loss-->2.127679,train_acc-->0.998525,test_eval_loss-->9.699789,test_acc===0.745098
INFO:root:epoch:429 train_eval_loss-->2.116911,train_acc-->1.000000,test_eval_loss-->9.767063,test_acc===0.705882
INFO:root:epoch:430 train_eval_loss-->2.119792,train_acc-->1.000000,test_eval_loss-->9.727736,test_acc===0.725490
INFO:root:epoch:431 train_eval_loss-->2.115054,train_acc-->1.000000,test_eval_loss-->9.729008,test_acc===0.700980
INFO:root:epoch:432 train_eval_loss-->2.092829,train_acc-->1.000000,test_eval_loss-->9.743206,test_acc===0.705882
INFO:root:epoch:433 train_eval_loss-->2.091108,train_acc-->1.000000,test_eval_loss-->9.739775,test_acc===0.720588
INFO:root:epoch:434 train_eval_loss-->2.092512,train_acc-->1.000000,test_eval_loss-->9.647712,test_acc===0.730392
INFO:root:epoch:435 train_eval_loss-->2.091717,train_acc-->1.000000,test_eval_loss-->9.701043,test_acc===0.700980
INFO:root:epoch:436 train_eval_loss-->2.079284,train_acc-->1.000000,test_eval_loss-->9.712766,test_acc===0.686275
INFO:root:epoch:437 train_eval_loss-->2.079030,train_acc-->1.000000,test_eval_loss-->9.738944,test_acc===0.705882
INFO:root:epoch:438 train_eval_loss-->2.080334,train_acc-->1.000000,test_eval_loss-->9.695484,test_acc===0.691176
INFO:root:epoch:439 train_eval_loss-->2.075902,train_acc-->1.000000,test_eval_loss-->9.711869,test_acc===0.696078
INFO:root:epoch:440 train_eval_loss-->2.067173,train_acc-->1.000000,test_eval_loss-->9.698183,test_acc===0.720588
INFO:root:epoch:441 train_eval_loss-->2.067841,train_acc-->1.000000,test_eval_loss-->9.708731,test_acc===0.700980
INFO:root:epoch:442 train_eval_loss-->2.062235,train_acc-->1.000000,test_eval_loss-->9.693878,test_acc===0.720588
INFO:root:epoch:443 train_eval_loss-->2.062162,train_acc-->1.000000,test_eval_loss-->9.709195,test_acc===0.730392
INFO:root:epoch:444 train_eval_loss-->2.060398,train_acc-->1.000000,test_eval_loss-->9.717769,test_acc===0.705882
INFO:root:epoch:445 train_eval_loss-->2.057632,train_acc-->1.000000,test_eval_loss-->9.665311,test_acc===0.740196
INFO:root:epoch:446 train_eval_loss-->2.057553,train_acc-->1.000000,test_eval_loss-->9.745256,test_acc===0.710784
INFO:root:epoch:447 train_eval_loss-->2.055382,train_acc-->1.000000,test_eval_loss-->9.721992,test_acc===0.691176
INFO:root:epoch:448 train_eval_loss-->2.054163,train_acc-->1.000000,test_eval_loss-->9.712830,test_acc===0.710784
INFO:root:epoch:449 train_eval_loss-->2.054559,train_acc-->1.000000,test_eval_loss-->9.752406,test_acc===0.686275
INFO:root:epoch:450 train_eval_loss-->2.054898,train_acc-->1.000000,test_eval_loss-->9.677877,test_acc===0.730392
INFO:root:epoch:451 train_eval_loss-->2.053811,train_acc-->1.000000,test_eval_loss-->9.669534,test_acc===0.715686
INFO:root:epoch:452 train_eval_loss-->2.053729,train_acc-->1.000000,test_eval_loss-->9.680692,test_acc===0.720588
INFO:root:epoch:453 train_eval_loss-->2.055384,train_acc-->1.000000,test_eval_loss-->9.713709,test_acc===0.710784
INFO:root:epoch:454 train_eval_loss-->2.054673,train_acc-->1.000000,test_eval_loss-->9.712525,test_acc===0.700980
INFO:root:epoch:455 train_eval_loss-->2.053038,train_acc-->1.000000,test_eval_loss-->9.717602,test_acc===0.705882
INFO:root:epoch:456 train_eval_loss-->2.056406,train_acc-->1.000000,test_eval_loss-->9.676682,test_acc===0.740196
INFO:root:epoch:457 train_eval_loss-->2.057189,train_acc-->1.000000,test_eval_loss-->9.693908,test_acc===0.705882
INFO:root:epoch:458 train_eval_loss-->2.058335,train_acc-->1.000000,test_eval_loss-->9.735049,test_acc===0.681373
INFO:root:epoch:459 train_eval_loss-->2.060827,train_acc-->1.000000,test_eval_loss-->9.710011,test_acc===0.696078
INFO:root:epoch:460 train_eval_loss-->2.062712,train_acc-->1.000000,test_eval_loss-->9.692610,test_acc===0.720588
INFO:root:epoch:461 train_eval_loss-->2.069720,train_acc-->1.000000,test_eval_loss-->9.739255,test_acc===0.691176
INFO:root:epoch:462 train_eval_loss-->2.068501,train_acc-->1.000000,test_eval_loss-->9.698390,test_acc===0.696078
INFO:root:epoch:463 train_eval_loss-->2.073121,train_acc-->1.000000,test_eval_loss-->9.691960,test_acc===0.700980
INFO:root:epoch:464 train_eval_loss-->2.070373,train_acc-->1.000000,test_eval_loss-->9.735946,test_acc===0.710784
INFO:root:epoch:465 train_eval_loss-->2.076921,train_acc-->1.000000,test_eval_loss-->9.731567,test_acc===0.700980
INFO:root:epoch:466 train_eval_loss-->2.088880,train_acc-->1.000000,test_eval_loss-->9.723844,test_acc===0.691176
INFO:root:epoch:467 train_eval_loss-->2.091436,train_acc-->1.000000,test_eval_loss-->9.710836,test_acc===0.710784
INFO:root:epoch:468 train_eval_loss-->2.092897,train_acc-->1.000000,test_eval_loss-->9.744752,test_acc===0.715686
INFO:root:epoch:469 train_eval_loss-->2.098484,train_acc-->1.000000,test_eval_loss-->9.721195,test_acc===0.710784
INFO:root:epoch:470 train_eval_loss-->2.106217,train_acc-->1.000000,test_eval_loss-->9.756880,test_acc===0.720588
INFO:root:epoch:471 train_eval_loss-->2.116080,train_acc-->1.000000,test_eval_loss-->9.872571,test_acc===0.612745
INFO:root:epoch:472 train_eval_loss-->2.118962,train_acc-->1.000000,test_eval_loss-->9.726112,test_acc===0.691176
INFO:root:epoch:473 train_eval_loss-->2.128962,train_acc-->1.000000,test_eval_loss-->9.661992,test_acc===0.715686
INFO:root:epoch:474 train_eval_loss-->2.130913,train_acc-->1.000000,test_eval_loss-->9.744942,test_acc===0.676471
INFO:root:epoch:475 train_eval_loss-->2.160708,train_acc-->0.997050,test_eval_loss-->9.736270,test_acc===0.691176
INFO:root:epoch:476 train_eval_loss-->2.150761,train_acc-->1.000000,test_eval_loss-->9.763206,test_acc===0.696078
INFO:root:epoch:477 train_eval_loss-->2.165329,train_acc-->1.000000,test_eval_loss-->9.755867,test_acc===0.647059
INFO:root:epoch:478 train_eval_loss-->2.173443,train_acc-->1.000000,test_eval_loss-->9.800887,test_acc===0.691176
INFO:root:epoch:479 train_eval_loss-->2.169983,train_acc-->0.989676,test_eval_loss-->9.727140,test_acc===0.715686
INFO:root:epoch:480 train_eval_loss-->2.166638,train_acc-->0.998525,test_eval_loss-->9.759310,test_acc===0.700980
INFO:root:epoch:481 train_eval_loss-->2.164579,train_acc-->1.000000,test_eval_loss-->9.776514,test_acc===0.686275
INFO:root:epoch:482 train_eval_loss-->2.169036,train_acc-->1.000000,test_eval_loss-->9.741582,test_acc===0.705882
INFO:root:epoch:483 train_eval_loss-->2.195830,train_acc-->0.997050,test_eval_loss-->9.825309,test_acc===0.686275
INFO:root:epoch:484 train_eval_loss-->2.185054,train_acc-->1.000000,test_eval_loss-->9.825118,test_acc===0.725490
INFO:root:epoch:485 train_eval_loss-->2.203383,train_acc-->1.000000,test_eval_loss-->9.927181,test_acc===0.637255
INFO:root:epoch:486 train_eval_loss-->2.208654,train_acc-->0.995575,test_eval_loss-->9.807610,test_acc===0.671569
INFO:root:epoch:487 train_eval_loss-->2.206205,train_acc-->0.997050,test_eval_loss-->9.746065,test_acc===0.710784
INFO:root:epoch:488 train_eval_loss-->2.200860,train_acc-->0.997050,test_eval_loss-->9.874668,test_acc===0.647059
INFO:root:epoch:489 train_eval_loss-->2.225581,train_acc-->0.988201,test_eval_loss-->9.875457,test_acc===0.656863
INFO:root:epoch:490 train_eval_loss-->2.241954,train_acc-->0.976401,test_eval_loss-->9.834783,test_acc===0.622549
INFO:root:epoch:491 train_eval_loss-->2.228710,train_acc-->0.986726,test_eval_loss-->9.821228,test_acc===0.691176
INFO:root:epoch:492 train_eval_loss-->2.255062,train_acc-->0.976401,test_eval_loss-->9.805338,test_acc===0.647059
INFO:root:epoch:493 train_eval_loss-->2.225805,train_acc-->0.992625,test_eval_loss-->9.921968,test_acc===0.627451
INFO:root:epoch:494 train_eval_loss-->2.251295,train_acc-->0.974926,test_eval_loss-->10.079023,test_acc===0.504902
INFO:root:epoch:495 train_eval_loss-->2.290030,train_acc-->0.938053,test_eval_loss-->9.791450,test_acc===0.681373
INFO:root:epoch:496 train_eval_loss-->2.252476,train_acc-->0.970501,test_eval_loss-->10.062700,test_acc===0.553922
INFO:root:epoch:497 train_eval_loss-->2.261259,train_acc-->0.976401,test_eval_loss-->9.894780,test_acc===0.651961
INFO:root:epoch:498 train_eval_loss-->2.236936,train_acc-->0.989676,test_eval_loss-->10.003203,test_acc===0.647059
INFO:root:epoch:499 train_eval_loss-->2.260628,train_acc-->0.989676,test_eval_loss-->10.234720,test_acc===0.470588
INFO:root:epoch:500 train_eval_loss-->2.322991,train_acc-->0.895280,test_eval_loss-->9.903398,test_acc===0.627451
INFO:root:epoch:501 train_eval_loss-->2.273653,train_acc-->0.957227,test_eval_loss-->9.859793,test_acc===0.681373
INFO:root:epoch:502 train_eval_loss-->2.242315,train_acc-->0.986726,test_eval_loss-->9.980715,test_acc===0.583333
INFO:root:epoch:503 train_eval_loss-->2.224648,train_acc-->0.989676,test_eval_loss-->9.864877,test_acc===0.627451
INFO:root:epoch:504 train_eval_loss-->2.237287,train_acc-->0.985251,test_eval_loss-->9.814369,test_acc===0.686275
INFO:root:epoch:505 train_eval_loss-->2.208562,train_acc-->0.988201,test_eval_loss-->10.007332,test_acc===0.602941
INFO:root:epoch:506 train_eval_loss-->2.204546,train_acc-->0.991150,test_eval_loss-->9.820333,test_acc===0.681373
INFO:root:epoch:507 train_eval_loss-->2.194209,train_acc-->0.997050,test_eval_loss-->9.877026,test_acc===0.622549
INFO:root:epoch:508 train_eval_loss-->2.201909,train_acc-->1.000000,test_eval_loss-->9.825285,test_acc===0.671569
INFO:root:epoch:509 train_eval_loss-->2.210041,train_acc-->0.997050,test_eval_loss-->9.964963,test_acc===0.593137
INFO:root:epoch:510 train_eval_loss-->2.230346,train_acc-->0.991150,test_eval_loss-->9.838733,test_acc===0.696078
INFO:root:epoch:511 train_eval_loss-->2.228000,train_acc-->0.971976,test_eval_loss-->9.839969,test_acc===0.661765
INFO:root:epoch:512 train_eval_loss-->2.203403,train_acc-->0.989676,test_eval_loss-->9.740268,test_acc===0.705882
INFO:root:epoch:513 train_eval_loss-->2.199787,train_acc-->0.995575,test_eval_loss-->9.841782,test_acc===0.661765
INFO:root:epoch:514 train_eval_loss-->2.211235,train_acc-->0.985251,test_eval_loss-->9.744162,test_acc===0.715686
INFO:root:epoch:515 train_eval_loss-->2.184401,train_acc-->0.992625,test_eval_loss-->9.857902,test_acc===0.661765
INFO:root:epoch:516 train_eval_loss-->2.203241,train_acc-->0.997050,test_eval_loss-->9.776364,test_acc===0.671569
INFO:root:epoch:517 train_eval_loss-->2.180907,train_acc-->0.998525,test_eval_loss-->9.746900,test_acc===0.715686
INFO:root:epoch:518 train_eval_loss-->2.173520,train_acc-->0.998525,test_eval_loss-->9.845324,test_acc===0.700980
INFO:root:epoch:519 train_eval_loss-->2.170491,train_acc-->0.998525,test_eval_loss-->9.802811,test_acc===0.671569
INFO:root:epoch:520 train_eval_loss-->2.162837,train_acc-->0.995575,test_eval_loss-->9.814651,test_acc===0.676471
INFO:root:epoch:521 train_eval_loss-->2.153234,train_acc-->1.000000,test_eval_loss-->9.721492,test_acc===0.715686
INFO:root:epoch:522 train_eval_loss-->2.146727,train_acc-->1.000000,test_eval_loss-->9.690348,test_acc===0.720588
INFO:root:epoch:523 train_eval_loss-->2.175366,train_acc-->1.000000,test_eval_loss-->9.821587,test_acc===0.661765
INFO:root:epoch:524 train_eval_loss-->2.149806,train_acc-->1.000000,test_eval_loss-->9.792698,test_acc===0.700980
INFO:root:epoch:525 train_eval_loss-->2.161254,train_acc-->1.000000,test_eval_loss-->9.718338,test_acc===0.705882
INFO:root:epoch:526 train_eval_loss-->2.127100,train_acc-->0.998525,test_eval_loss-->9.767467,test_acc===0.691176
INFO:root:epoch:527 train_eval_loss-->2.121345,train_acc-->1.000000,test_eval_loss-->9.751251,test_acc===0.700980
INFO:root:epoch:528 train_eval_loss-->2.112355,train_acc-->1.000000,test_eval_loss-->9.764335,test_acc===0.681373
INFO:root:epoch:529 train_eval_loss-->2.112965,train_acc-->1.000000,test_eval_loss-->9.778691,test_acc===0.696078
INFO:root:epoch:530 train_eval_loss-->2.108837,train_acc-->1.000000,test_eval_loss-->9.701211,test_acc===0.720588
INFO:root:epoch:531 train_eval_loss-->2.106364,train_acc-->0.991150,test_eval_loss-->9.747155,test_acc===0.681373
INFO:root:epoch:532 train_eval_loss-->2.101264,train_acc-->0.991150,test_eval_loss-->9.763556,test_acc===0.696078
INFO:root:epoch:533 train_eval_loss-->2.099015,train_acc-->0.997050,test_eval_loss-->9.713795,test_acc===0.705882
INFO:root:epoch:534 train_eval_loss-->2.089051,train_acc-->0.998525,test_eval_loss-->9.709640,test_acc===0.710784
INFO:root:epoch:535 train_eval_loss-->2.084619,train_acc-->1.000000,test_eval_loss-->9.704631,test_acc===0.720588
INFO:root:epoch:536 train_eval_loss-->2.076281,train_acc-->1.000000,test_eval_loss-->9.725888,test_acc===0.715686
INFO:root:epoch:537 train_eval_loss-->2.077200,train_acc-->1.000000,test_eval_loss-->9.749235,test_acc===0.696078
INFO:root:epoch:538 train_eval_loss-->2.071482,train_acc-->1.000000,test_eval_loss-->9.726814,test_acc===0.700980
INFO:root:epoch:539 train_eval_loss-->2.064986,train_acc-->1.000000,test_eval_loss-->9.716397,test_acc===0.725490
INFO:root:epoch:540 train_eval_loss-->2.061950,train_acc-->1.000000,test_eval_loss-->9.727123,test_acc===0.715686
INFO:root:epoch:541 train_eval_loss-->2.062414,train_acc-->1.000000,test_eval_loss-->9.703262,test_acc===0.705882
INFO:root:epoch:542 train_eval_loss-->2.058518,train_acc-->1.000000,test_eval_loss-->9.760551,test_acc===0.700980
INFO:root:epoch:543 train_eval_loss-->2.055473,train_acc-->1.000000,test_eval_loss-->9.750263,test_acc===0.700980
INFO:root:epoch:544 train_eval_loss-->2.052356,train_acc-->1.000000,test_eval_loss-->9.745901,test_acc===0.681373
INFO:root:epoch:545 train_eval_loss-->2.052453,train_acc-->1.000000,test_eval_loss-->9.738523,test_acc===0.696078
INFO:root:epoch:546 train_eval_loss-->2.049747,train_acc-->1.000000,test_eval_loss-->9.691630,test_acc===0.715686
INFO:root:epoch:547 train_eval_loss-->2.049120,train_acc-->1.000000,test_eval_loss-->9.693547,test_acc===0.745098
INFO:root:epoch:548 train_eval_loss-->2.049024,train_acc-->1.000000,test_eval_loss-->9.748726,test_acc===0.681373
INFO:root:epoch:549 train_eval_loss-->2.049095,train_acc-->1.000000,test_eval_loss-->9.716162,test_acc===0.720588
INFO:root:epoch:550 train_eval_loss-->2.048634,train_acc-->1.000000,test_eval_loss-->9.694827,test_acc===0.720588
INFO:root:epoch:551 train_eval_loss-->2.048248,train_acc-->1.000000,test_eval_loss-->9.743691,test_acc===0.681373
INFO:root:epoch:552 train_eval_loss-->2.048800,train_acc-->1.000000,test_eval_loss-->9.710031,test_acc===0.700980
INFO:root:epoch:553 train_eval_loss-->2.048288,train_acc-->1.000000,test_eval_loss-->9.713222,test_acc===0.710784
INFO:root:epoch:554 train_eval_loss-->2.048524,train_acc-->1.000000,test_eval_loss-->9.743544,test_acc===0.681373
INFO:root:epoch:555 train_eval_loss-->2.048996,train_acc-->1.000000,test_eval_loss-->9.710361,test_acc===0.725490
INFO:root:epoch:556 train_eval_loss-->2.051338,train_acc-->1.000000,test_eval_loss-->9.739703,test_acc===0.696078
INFO:root:epoch:557 train_eval_loss-->2.051245,train_acc-->1.000000,test_eval_loss-->9.762213,test_acc===0.700980
INFO:root:epoch:558 train_eval_loss-->2.052053,train_acc-->1.000000,test_eval_loss-->9.690870,test_acc===0.696078
INFO:root:epoch:559 train_eval_loss-->2.051615,train_acc-->1.000000,test_eval_loss-->9.728356,test_acc===0.715686
INFO:root:epoch:560 train_eval_loss-->2.054468,train_acc-->1.000000,test_eval_loss-->9.686045,test_acc===0.720588
INFO:root:epoch:561 train_eval_loss-->2.057401,train_acc-->1.000000,test_eval_loss-->9.732343,test_acc===0.720588
INFO:root:epoch:562 train_eval_loss-->2.059707,train_acc-->1.000000,test_eval_loss-->9.729089,test_acc===0.671569
INFO:root:epoch:563 train_eval_loss-->2.062191,train_acc-->1.000000,test_eval_loss-->9.674479,test_acc===0.700980
INFO:root:epoch:564 train_eval_loss-->2.068774,train_acc-->1.000000,test_eval_loss-->9.707455,test_acc===0.720588
INFO:root:epoch:565 train_eval_loss-->2.067058,train_acc-->1.000000,test_eval_loss-->9.745344,test_acc===0.691176
INFO:root:epoch:566 train_eval_loss-->2.073191,train_acc-->1.000000,test_eval_loss-->9.735373,test_acc===0.696078
INFO:root:epoch:567 train_eval_loss-->2.083456,train_acc-->1.000000,test_eval_loss-->9.695893,test_acc===0.720588
INFO:root:epoch:568 train_eval_loss-->2.089215,train_acc-->1.000000,test_eval_loss-->9.757169,test_acc===0.686275
INFO:root:epoch:569 train_eval_loss-->2.084255,train_acc-->1.000000,test_eval_loss-->9.709013,test_acc===0.710784
INFO:root:epoch:570 train_eval_loss-->2.093656,train_acc-->1.000000,test_eval_loss-->9.744584,test_acc===0.700980
INFO:root:epoch:571 train_eval_loss-->2.095957,train_acc-->1.000000,test_eval_loss-->9.776278,test_acc===0.700980
INFO:root:epoch:572 train_eval_loss-->2.111921,train_acc-->1.000000,test_eval_loss-->9.715029,test_acc===0.730392
INFO:root:epoch:573 train_eval_loss-->2.118962,train_acc-->1.000000,test_eval_loss-->9.732231,test_acc===0.705882
INFO:root:epoch:574 train_eval_loss-->2.118130,train_acc-->1.000000,test_eval_loss-->9.790424,test_acc===0.681373
INFO:root:epoch:575 train_eval_loss-->2.124060,train_acc-->0.998525,test_eval_loss-->9.789623,test_acc===0.686275
INFO:root:epoch:576 train_eval_loss-->2.141052,train_acc-->0.997050,test_eval_loss-->9.786488,test_acc===0.686275
INFO:root:epoch:577 train_eval_loss-->2.138492,train_acc-->0.998525,test_eval_loss-->9.811077,test_acc===0.710784
INFO:root:epoch:578 train_eval_loss-->2.146005,train_acc-->1.000000,test_eval_loss-->9.880239,test_acc===0.656863
INFO:root:epoch:579 train_eval_loss-->2.172170,train_acc-->0.997050,test_eval_loss-->9.709484,test_acc===0.715686
INFO:root:epoch:580 train_eval_loss-->2.155585,train_acc-->1.000000,test_eval_loss-->9.821673,test_acc===0.676471
INFO:root:epoch:581 train_eval_loss-->2.189781,train_acc-->1.000000,test_eval_loss-->9.883836,test_acc===0.656863
INFO:root:epoch:582 train_eval_loss-->2.182331,train_acc-->0.997050,test_eval_loss-->9.766335,test_acc===0.671569
INFO:root:epoch:583 train_eval_loss-->2.165189,train_acc-->0.998525,test_eval_loss-->9.788537,test_acc===0.686275
INFO:root:epoch:584 train_eval_loss-->2.183783,train_acc-->1.000000,test_eval_loss-->9.767786,test_acc===0.676471
INFO:root:epoch:585 train_eval_loss-->2.165444,train_acc-->0.997050,test_eval_loss-->9.872486,test_acc===0.647059
INFO:root:epoch:586 train_eval_loss-->2.207653,train_acc-->0.988201,test_eval_loss-->9.903261,test_acc===0.637255
INFO:root:epoch:587 train_eval_loss-->2.181146,train_acc-->0.991150,test_eval_loss-->9.813885,test_acc===0.696078
INFO:root:epoch:588 train_eval_loss-->2.196007,train_acc-->0.995575,test_eval_loss-->10.192457,test_acc===0.480392
INFO:root:epoch:589 train_eval_loss-->2.248781,train_acc-->0.979351,test_eval_loss-->9.817534,test_acc===0.651961
INFO:root:epoch:590 train_eval_loss-->2.195178,train_acc-->0.997050,test_eval_loss-->9.968454,test_acc===0.563725
INFO:root:epoch:591 train_eval_loss-->2.210773,train_acc-->0.994100,test_eval_loss-->9.854895,test_acc===0.666667
INFO:root:epoch:592 train_eval_loss-->2.198624,train_acc-->0.991150,test_eval_loss-->9.877345,test_acc===0.661765
INFO:root:epoch:593 train_eval_loss-->2.204237,train_acc-->0.995575,test_eval_loss-->9.983300,test_acc===0.598039
INFO:root:epoch:594 train_eval_loss-->2.218230,train_acc-->0.986726,test_eval_loss-->9.835303,test_acc===0.661765
INFO:root:epoch:595 train_eval_loss-->2.216622,train_acc-->0.991150,test_eval_loss-->9.984804,test_acc===0.617647
INFO:root:epoch:596 train_eval_loss-->2.237481,train_acc-->0.982301,test_eval_loss-->9.921633,test_acc===0.642157
INFO:root:epoch:597 train_eval_loss-->2.202532,train_acc-->0.995575,test_eval_loss-->9.796669,test_acc===0.715686
INFO:root:epoch:598 train_eval_loss-->2.199107,train_acc-->0.997050,test_eval_loss-->9.822767,test_acc===0.696078
INFO:root:epoch:599 train_eval_loss-->2.211475,train_acc-->0.998525,test_eval_loss-->9.890954,test_acc===0.661765
INFO:root:epoch:600 train_eval_loss-->2.210476,train_acc-->0.998525,test_eval_loss-->9.896620,test_acc===0.637255
INFO:root:epoch:601 train_eval_loss-->2.227739,train_acc-->0.983776,test_eval_loss-->9.786330,test_acc===0.691176
INFO:root:epoch:602 train_eval_loss-->2.211002,train_acc-->0.997050,test_eval_loss-->9.899223,test_acc===0.647059
INFO:root:epoch:603 train_eval_loss-->2.250925,train_acc-->0.974926,test_eval_loss-->9.935623,test_acc===0.637255
INFO:root:epoch:604 train_eval_loss-->2.217922,train_acc-->0.998525,test_eval_loss-->9.808630,test_acc===0.686275
INFO:root:epoch:605 train_eval_loss-->2.238391,train_acc-->0.988201,test_eval_loss-->9.994305,test_acc===0.617647
INFO:root:epoch:606 train_eval_loss-->2.211016,train_acc-->0.983776,test_eval_loss-->9.856050,test_acc===0.676471
INFO:root:epoch:607 train_eval_loss-->2.241604,train_acc-->0.983776,test_eval_loss-->10.012602,test_acc===0.578431
INFO:root:epoch:608 train_eval_loss-->2.232366,train_acc-->0.982301,test_eval_loss-->9.911245,test_acc===0.627451
INFO:root:epoch:609 train_eval_loss-->2.227959,train_acc-->0.986726,test_eval_loss-->9.817905,test_acc===0.715686
INFO:root:epoch:610 train_eval_loss-->2.200236,train_acc-->0.994100,test_eval_loss-->9.832122,test_acc===0.681373
INFO:root:epoch:611 train_eval_loss-->2.185571,train_acc-->0.995575,test_eval_loss-->9.793684,test_acc===0.696078
INFO:root:epoch:612 train_eval_loss-->2.205604,train_acc-->0.992625,test_eval_loss-->9.747208,test_acc===0.730392
INFO:root:epoch:613 train_eval_loss-->2.184695,train_acc-->0.997050,test_eval_loss-->9.785167,test_acc===0.700980
INFO:root:epoch:614 train_eval_loss-->2.177141,train_acc-->0.998525,test_eval_loss-->9.756699,test_acc===0.676471
INFO:root:epoch:615 train_eval_loss-->2.178445,train_acc-->1.000000,test_eval_loss-->9.802828,test_acc===0.681373
INFO:root:epoch:616 train_eval_loss-->2.162465,train_acc-->1.000000,test_eval_loss-->9.776316,test_acc===0.681373
INFO:root:epoch:617 train_eval_loss-->2.151990,train_acc-->0.995575,test_eval_loss-->9.824754,test_acc===0.676471
INFO:root:epoch:618 train_eval_loss-->2.144681,train_acc-->1.000000,test_eval_loss-->9.738567,test_acc===0.730392
INFO:root:epoch:619 train_eval_loss-->2.160883,train_acc-->0.992625,test_eval_loss-->9.767010,test_acc===0.710784
INFO:root:epoch:620 train_eval_loss-->2.151811,train_acc-->0.994100,test_eval_loss-->9.776815,test_acc===0.710784
INFO:root:epoch:621 train_eval_loss-->2.143421,train_acc-->1.000000,test_eval_loss-->9.841006,test_acc===0.661765
INFO:root:epoch:622 train_eval_loss-->2.136642,train_acc-->0.998525,test_eval_loss-->9.769427,test_acc===0.720588
INFO:root:epoch:623 train_eval_loss-->2.129403,train_acc-->1.000000,test_eval_loss-->9.722383,test_acc===0.696078
INFO:root:epoch:624 train_eval_loss-->2.128387,train_acc-->0.998525,test_eval_loss-->9.704388,test_acc===0.710784
INFO:root:epoch:625 train_eval_loss-->2.136195,train_acc-->1.000000,test_eval_loss-->9.740745,test_acc===0.700980
INFO:root:epoch:626 train_eval_loss-->2.117139,train_acc-->1.000000,test_eval_loss-->9.750016,test_acc===0.705882
INFO:root:epoch:627 train_eval_loss-->2.113016,train_acc-->1.000000,test_eval_loss-->9.743916,test_acc===0.720588
INFO:root:epoch:628 train_eval_loss-->2.110477,train_acc-->1.000000,test_eval_loss-->9.749551,test_acc===0.696078
INFO:root:epoch:629 train_eval_loss-->2.104752,train_acc-->1.000000,test_eval_loss-->9.733674,test_acc===0.705882
INFO:root:epoch:630 train_eval_loss-->2.102622,train_acc-->1.000000,test_eval_loss-->9.825153,test_acc===0.676471
INFO:root:epoch:631 train_eval_loss-->2.098468,train_acc-->1.000000,test_eval_loss-->9.722191,test_acc===0.725490
INFO:root:epoch:632 train_eval_loss-->2.094405,train_acc-->1.000000,test_eval_loss-->9.735645,test_acc===0.696078
INFO:root:epoch:633 train_eval_loss-->2.090327,train_acc-->1.000000,test_eval_loss-->9.767120,test_acc===0.710784
INFO:root:epoch:634 train_eval_loss-->2.076685,train_acc-->1.000000,test_eval_loss-->9.756622,test_acc===0.700980
INFO:root:epoch:635 train_eval_loss-->2.071819,train_acc-->1.000000,test_eval_loss-->9.742465,test_acc===0.710784
INFO:root:epoch:636 train_eval_loss-->2.066636,train_acc-->1.000000,test_eval_loss-->9.712520,test_acc===0.705882
INFO:root:epoch:637 train_eval_loss-->2.062647,train_acc-->1.000000,test_eval_loss-->9.735659,test_acc===0.720588
INFO:root:epoch:638 train_eval_loss-->2.060923,train_acc-->1.000000,test_eval_loss-->9.754566,test_acc===0.700980
INFO:root:epoch:639 train_eval_loss-->2.059795,train_acc-->1.000000,test_eval_loss-->9.697091,test_acc===0.730392
INFO:root:epoch:640 train_eval_loss-->2.056464,train_acc-->1.000000,test_eval_loss-->9.696694,test_acc===0.710784
INFO:root:epoch:641 train_eval_loss-->2.054864,train_acc-->1.000000,test_eval_loss-->9.708666,test_acc===0.725490
INFO:root:epoch:642 train_eval_loss-->2.051368,train_acc-->1.000000,test_eval_loss-->9.725744,test_acc===0.720588
INFO:root:epoch:643 train_eval_loss-->2.050809,train_acc-->1.000000,test_eval_loss-->9.741931,test_acc===0.691176
INFO:root:epoch:644 train_eval_loss-->2.048984,train_acc-->1.000000,test_eval_loss-->9.702654,test_acc===0.730392
INFO:root:epoch:645 train_eval_loss-->2.044382,train_acc-->1.000000,test_eval_loss-->9.702440,test_acc===0.735294
INFO:root:epoch:646 train_eval_loss-->2.044793,train_acc-->1.000000,test_eval_loss-->9.700355,test_acc===0.715686
INFO:root:epoch:647 train_eval_loss-->2.044255,train_acc-->1.000000,test_eval_loss-->9.721124,test_acc===0.720588
INFO:root:epoch:648 train_eval_loss-->2.042825,train_acc-->1.000000,test_eval_loss-->9.697656,test_acc===0.715686
INFO:root:epoch:649 train_eval_loss-->2.041979,train_acc-->1.000000,test_eval_loss-->9.757528,test_acc===0.710784
INFO:root:epoch:650 train_eval_loss-->2.042453,train_acc-->1.000000,test_eval_loss-->9.721497,test_acc===0.705882
INFO:root:epoch:651 train_eval_loss-->2.042006,train_acc-->1.000000,test_eval_loss-->9.728013,test_acc===0.720588
INFO:root:epoch:652 train_eval_loss-->2.042476,train_acc-->1.000000,test_eval_loss-->9.725170,test_acc===0.700980
INFO:root:epoch:653 train_eval_loss-->2.041502,train_acc-->1.000000,test_eval_loss-->9.737456,test_acc===0.715686
INFO:root:epoch:654 train_eval_loss-->2.041383,train_acc-->1.000000,test_eval_loss-->9.732414,test_acc===0.715686
INFO:root:epoch:655 train_eval_loss-->2.043529,train_acc-->1.000000,test_eval_loss-->9.719410,test_acc===0.735294
INFO:root:epoch:656 train_eval_loss-->2.043669,train_acc-->1.000000,test_eval_loss-->9.750826,test_acc===0.691176
INFO:root:epoch:657 train_eval_loss-->2.043481,train_acc-->1.000000,test_eval_loss-->9.748967,test_acc===0.715686
INFO:root:epoch:658 train_eval_loss-->2.045410,train_acc-->1.000000,test_eval_loss-->9.699486,test_acc===0.730392
INFO:root:epoch:659 train_eval_loss-->2.047469,train_acc-->1.000000,test_eval_loss-->9.698087,test_acc===0.720588
INFO:root:epoch:660 train_eval_loss-->2.046619,train_acc-->1.000000,test_eval_loss-->9.726112,test_acc===0.730392
INFO:root:epoch:661 train_eval_loss-->2.048053,train_acc-->1.000000,test_eval_loss-->9.745424,test_acc===0.705882
INFO:root:epoch:662 train_eval_loss-->2.051004,train_acc-->1.000000,test_eval_loss-->9.683563,test_acc===0.750000
INFO:root:epoch:663 train_eval_loss-->2.056949,train_acc-->1.000000,test_eval_loss-->9.701974,test_acc===0.705882
INFO:root:epoch:664 train_eval_loss-->2.058708,train_acc-->1.000000,test_eval_loss-->9.750530,test_acc===0.720588
INFO:root:epoch:665 train_eval_loss-->2.064503,train_acc-->1.000000,test_eval_loss-->9.714198,test_acc===0.696078
INFO:root:epoch:666 train_eval_loss-->2.068310,train_acc-->1.000000,test_eval_loss-->9.701259,test_acc===0.710784
INFO:root:epoch:667 train_eval_loss-->2.070366,train_acc-->1.000000,test_eval_loss-->9.698029,test_acc===0.730392
INFO:root:epoch:668 train_eval_loss-->2.079061,train_acc-->1.000000,test_eval_loss-->9.714133,test_acc===0.710784
INFO:root:epoch:669 train_eval_loss-->2.080562,train_acc-->1.000000,test_eval_loss-->9.756496,test_acc===0.691176
INFO:root:epoch:670 train_eval_loss-->2.078267,train_acc-->1.000000,test_eval_loss-->9.767965,test_acc===0.705882
INFO:root:epoch:671 train_eval_loss-->2.085712,train_acc-->1.000000,test_eval_loss-->9.710237,test_acc===0.686275
INFO:root:epoch:672 train_eval_loss-->2.094395,train_acc-->1.000000,test_eval_loss-->9.740929,test_acc===0.720588
INFO:root:epoch:673 train_eval_loss-->2.099413,train_acc-->1.000000,test_eval_loss-->9.832215,test_acc===0.647059
INFO:root:epoch:674 train_eval_loss-->2.118079,train_acc-->1.000000,test_eval_loss-->9.733736,test_acc===0.715686
INFO:root:epoch:675 train_eval_loss-->2.118818,train_acc-->0.995575,test_eval_loss-->9.720049,test_acc===0.700980
INFO:root:epoch:676 train_eval_loss-->2.112172,train_acc-->1.000000,test_eval_loss-->9.816260,test_acc===0.691176
INFO:root:epoch:677 train_eval_loss-->2.128030,train_acc-->1.000000,test_eval_loss-->9.797392,test_acc===0.696078
INFO:root:epoch:678 train_eval_loss-->2.136906,train_acc-->1.000000,test_eval_loss-->9.738806,test_acc===0.720588
INFO:root:epoch:679 train_eval_loss-->2.134237,train_acc-->1.000000,test_eval_loss-->9.807198,test_acc===0.681373
INFO:root:epoch:680 train_eval_loss-->2.146000,train_acc-->1.000000,test_eval_loss-->9.797004,test_acc===0.691176
INFO:root:epoch:681 train_eval_loss-->2.154533,train_acc-->1.000000,test_eval_loss-->9.812261,test_acc===0.666667
INFO:root:epoch:682 train_eval_loss-->2.158873,train_acc-->1.000000,test_eval_loss-->9.766218,test_acc===0.671569
INFO:root:epoch:683 train_eval_loss-->2.154625,train_acc-->1.000000,test_eval_loss-->9.825833,test_acc===0.705882
INFO:root:epoch:684 train_eval_loss-->2.184019,train_acc-->0.994100,test_eval_loss-->9.726470,test_acc===0.696078
INFO:root:epoch:685 train_eval_loss-->2.167546,train_acc-->1.000000,test_eval_loss-->9.837498,test_acc===0.691176
INFO:root:epoch:686 train_eval_loss-->2.183164,train_acc-->0.998525,test_eval_loss-->9.822239,test_acc===0.681373
INFO:root:epoch:687 train_eval_loss-->2.180364,train_acc-->0.995575,test_eval_loss-->9.709345,test_acc===0.745098
INFO:root:epoch:688 train_eval_loss-->2.205864,train_acc-->0.986726,test_eval_loss-->9.794293,test_acc===0.705882
INFO:root:epoch:689 train_eval_loss-->2.208155,train_acc-->0.997050,test_eval_loss-->9.898041,test_acc===0.666667
INFO:root:epoch:690 train_eval_loss-->2.195412,train_acc-->0.994100,test_eval_loss-->9.801995,test_acc===0.691176
INFO:root:epoch:691 train_eval_loss-->2.186530,train_acc-->0.994100,test_eval_loss-->9.911816,test_acc===0.656863
INFO:root:epoch:692 train_eval_loss-->2.197287,train_acc-->0.995575,test_eval_loss-->9.831511,test_acc===0.671569
INFO:root:epoch:693 train_eval_loss-->2.214984,train_acc-->0.991150,test_eval_loss-->9.829953,test_acc===0.676471
INFO:root:epoch:694 train_eval_loss-->2.218369,train_acc-->0.982301,test_eval_loss-->9.812634,test_acc===0.632353
INFO:root:epoch:695 train_eval_loss-->2.201042,train_acc-->0.997050,test_eval_loss-->9.751417,test_acc===0.710784
INFO:root:epoch:696 train_eval_loss-->2.203183,train_acc-->0.989676,test_eval_loss-->9.818775,test_acc===0.661765
INFO:root:epoch:697 train_eval_loss-->2.220670,train_acc-->0.983776,test_eval_loss-->9.755816,test_acc===0.725490
INFO:root:epoch:698 train_eval_loss-->2.203797,train_acc-->0.995575,test_eval_loss-->9.798697,test_acc===0.710784
INFO:root:epoch:699 train_eval_loss-->2.183378,train_acc-->0.998525,test_eval_loss-->9.851004,test_acc===0.671569
INFO:root:epoch:700 train_eval_loss-->2.181600,train_acc-->0.992625,test_eval_loss-->9.846821,test_acc===0.661765
INFO:root:epoch:701 train_eval_loss-->2.171026,train_acc-->1.000000,test_eval_loss-->9.804310,test_acc===0.676471
INFO:root:epoch:702 train_eval_loss-->2.207614,train_acc-->0.997050,test_eval_loss-->9.862507,test_acc===0.686275
INFO:root:epoch:703 train_eval_loss-->2.230793,train_acc-->0.994100,test_eval_loss-->9.848193,test_acc===0.676471
INFO:root:epoch:704 train_eval_loss-->2.206632,train_acc-->0.998525,test_eval_loss-->9.929111,test_acc===0.642157
INFO:root:epoch:705 train_eval_loss-->2.192172,train_acc-->0.991150,test_eval_loss-->9.830349,test_acc===0.681373
INFO:root:epoch:706 train_eval_loss-->2.199053,train_acc-->0.989676,test_eval_loss-->9.799596,test_acc===0.686275
INFO:root:epoch:707 train_eval_loss-->2.215392,train_acc-->0.992625,test_eval_loss-->9.783550,test_acc===0.686275
INFO:root:epoch:708 train_eval_loss-->2.262662,train_acc-->0.974926,test_eval_loss-->10.131554,test_acc===0.485294
INFO:root:epoch:709 train_eval_loss-->2.283027,train_acc-->0.929204,test_eval_loss-->9.883564,test_acc===0.681373
INFO:root:epoch:710 train_eval_loss-->2.210360,train_acc-->0.994100,test_eval_loss-->9.857721,test_acc===0.686275
INFO:root:epoch:711 train_eval_loss-->2.175998,train_acc-->0.991150,test_eval_loss-->9.794358,test_acc===0.666667
INFO:root:epoch:712 train_eval_loss-->2.166627,train_acc-->0.997050,test_eval_loss-->9.785855,test_acc===0.686275
INFO:root:epoch:713 train_eval_loss-->2.192632,train_acc-->0.997050,test_eval_loss-->9.774384,test_acc===0.705882
INFO:root:epoch:714 train_eval_loss-->2.180281,train_acc-->0.989676,test_eval_loss-->9.843593,test_acc===0.686275
INFO:root:epoch:715 train_eval_loss-->2.181447,train_acc-->0.998525,test_eval_loss-->9.766768,test_acc===0.691176
INFO:root:epoch:716 train_eval_loss-->2.154389,train_acc-->0.998525,test_eval_loss-->9.836852,test_acc===0.691176
INFO:root:epoch:717 train_eval_loss-->2.172898,train_acc-->0.989676,test_eval_loss-->9.747637,test_acc===0.715686
INFO:root:epoch:718 train_eval_loss-->2.157655,train_acc-->0.991150,test_eval_loss-->9.799932,test_acc===0.705882
INFO:root:epoch:719 train_eval_loss-->2.156906,train_acc-->0.994100,test_eval_loss-->9.927346,test_acc===0.622549
INFO:root:epoch:720 train_eval_loss-->2.154639,train_acc-->0.989676,test_eval_loss-->9.770203,test_acc===0.696078
INFO:root:epoch:721 train_eval_loss-->2.148952,train_acc-->1.000000,test_eval_loss-->9.815575,test_acc===0.681373
INFO:root:epoch:722 train_eval_loss-->2.141803,train_acc-->0.998525,test_eval_loss-->9.910647,test_acc===0.661765
INFO:root:epoch:723 train_eval_loss-->2.134389,train_acc-->1.000000,test_eval_loss-->9.719398,test_acc===0.705882
INFO:root:epoch:724 train_eval_loss-->2.130551,train_acc-->1.000000,test_eval_loss-->9.750547,test_acc===0.710784
INFO:root:epoch:725 train_eval_loss-->2.108826,train_acc-->1.000000,test_eval_loss-->9.742064,test_acc===0.710784
INFO:root:epoch:726 train_eval_loss-->2.114752,train_acc-->1.000000,test_eval_loss-->9.795959,test_acc===0.686275
INFO:root:epoch:727 train_eval_loss-->2.107621,train_acc-->0.998525,test_eval_loss-->9.775928,test_acc===0.696078
INFO:root:epoch:728 train_eval_loss-->2.097977,train_acc-->1.000000,test_eval_loss-->9.806797,test_acc===0.681373
INFO:root:epoch:729 train_eval_loss-->2.093871,train_acc-->1.000000,test_eval_loss-->9.737504,test_acc===0.720588
INFO:root:epoch:730 train_eval_loss-->2.089987,train_acc-->1.000000,test_eval_loss-->9.724784,test_acc===0.700980
INFO:root:epoch:731 train_eval_loss-->2.089067,train_acc-->1.000000,test_eval_loss-->9.746880,test_acc===0.710784
INFO:root:epoch:732 train_eval_loss-->2.091662,train_acc-->1.000000,test_eval_loss-->9.744958,test_acc===0.700980
INFO:root:epoch:733 train_eval_loss-->2.081198,train_acc-->1.000000,test_eval_loss-->9.743199,test_acc===0.730392
INFO:root:epoch:734 train_eval_loss-->2.079260,train_acc-->1.000000,test_eval_loss-->9.729807,test_acc===0.710784
INFO:root:epoch:735 train_eval_loss-->2.072313,train_acc-->1.000000,test_eval_loss-->9.725716,test_acc===0.725490
INFO:root:epoch:736 train_eval_loss-->2.062089,train_acc-->1.000000,test_eval_loss-->9.729711,test_acc===0.725490
INFO:root:epoch:737 train_eval_loss-->2.059939,train_acc-->1.000000,test_eval_loss-->9.716501,test_acc===0.720588
INFO:root:epoch:738 train_eval_loss-->2.061728,train_acc-->1.000000,test_eval_loss-->9.715571,test_acc===0.720588
INFO:root:epoch:739 train_eval_loss-->2.055093,train_acc-->1.000000,test_eval_loss-->9.743899,test_acc===0.700980
INFO:root:epoch:740 train_eval_loss-->2.051722,train_acc-->1.000000,test_eval_loss-->9.764672,test_acc===0.710784
INFO:root:epoch:741 train_eval_loss-->2.051448,train_acc-->1.000000,test_eval_loss-->9.737481,test_acc===0.720588
INFO:root:epoch:742 train_eval_loss-->2.048982,train_acc-->1.000000,test_eval_loss-->9.755281,test_acc===0.715686
INFO:root:epoch:743 train_eval_loss-->2.045668,train_acc-->1.000000,test_eval_loss-->9.705667,test_acc===0.745098
INFO:root:epoch:744 train_eval_loss-->2.044257,train_acc-->1.000000,test_eval_loss-->9.726758,test_acc===0.715686
INFO:root:epoch:745 train_eval_loss-->2.041046,train_acc-->1.000000,test_eval_loss-->9.729403,test_acc===0.720588
INFO:root:epoch:746 train_eval_loss-->2.039997,train_acc-->1.000000,test_eval_loss-->9.699506,test_acc===0.725490
INFO:root:epoch:747 train_eval_loss-->2.040529,train_acc-->1.000000,test_eval_loss-->9.690033,test_acc===0.735294
INFO:root:epoch:748 train_eval_loss-->2.039047,train_acc-->1.000000,test_eval_loss-->9.761272,test_acc===0.710784
INFO:root:epoch:749 train_eval_loss-->2.038813,train_acc-->1.000000,test_eval_loss-->9.712623,test_acc===0.740196
INFO:root:epoch:750 train_eval_loss-->2.037959,train_acc-->1.000000,test_eval_loss-->9.728889,test_acc===0.720588
INFO:root:epoch:751 train_eval_loss-->2.037955,train_acc-->1.000000,test_eval_loss-->9.715938,test_acc===0.715686
INFO:root:epoch:752 train_eval_loss-->2.037919,train_acc-->1.000000,test_eval_loss-->9.725192,test_acc===0.720588
INFO:root:epoch:753 train_eval_loss-->2.038436,train_acc-->1.000000,test_eval_loss-->9.734514,test_acc===0.720588
INFO:root:epoch:754 train_eval_loss-->2.037545,train_acc-->1.000000,test_eval_loss-->9.699517,test_acc===0.725490
INFO:root:epoch:755 train_eval_loss-->2.039067,train_acc-->1.000000,test_eval_loss-->9.707080,test_acc===0.705882
INFO:root:epoch:756 train_eval_loss-->2.038896,train_acc-->1.000000,test_eval_loss-->9.760432,test_acc===0.715686
INFO:root:epoch:757 train_eval_loss-->2.040794,train_acc-->1.000000,test_eval_loss-->9.737120,test_acc===0.700980
INFO:root:epoch:758 train_eval_loss-->2.040541,train_acc-->1.000000,test_eval_loss-->9.743087,test_acc===0.705882
INFO:root:epoch:759 train_eval_loss-->2.041908,train_acc-->1.000000,test_eval_loss-->9.730036,test_acc===0.725490
INFO:root:epoch:760 train_eval_loss-->2.046598,train_acc-->1.000000,test_eval_loss-->9.755673,test_acc===0.735294
INFO:root:epoch:761 train_eval_loss-->2.048566,train_acc-->1.000000,test_eval_loss-->9.739863,test_acc===0.705882
INFO:root:epoch:762 train_eval_loss-->2.052933,train_acc-->1.000000,test_eval_loss-->9.772991,test_acc===0.720588
INFO:root:epoch:763 train_eval_loss-->2.053316,train_acc-->1.000000,test_eval_loss-->9.720654,test_acc===0.725490
INFO:root:epoch:764 train_eval_loss-->2.057933,train_acc-->1.000000,test_eval_loss-->9.739929,test_acc===0.700980
INFO:root:epoch:765 train_eval_loss-->2.061190,train_acc-->1.000000,test_eval_loss-->9.707287,test_acc===0.725490
INFO:root:epoch:766 train_eval_loss-->2.061739,train_acc-->1.000000,test_eval_loss-->9.694758,test_acc===0.710784
INFO:root:epoch:767 train_eval_loss-->2.068035,train_acc-->1.000000,test_eval_loss-->9.786957,test_acc===0.681373
INFO:root:epoch:768 train_eval_loss-->2.072517,train_acc-->1.000000,test_eval_loss-->9.795643,test_acc===0.696078
INFO:root:epoch:769 train_eval_loss-->2.081745,train_acc-->1.000000,test_eval_loss-->9.736897,test_acc===0.725490
INFO:root:epoch:770 train_eval_loss-->2.080642,train_acc-->1.000000,test_eval_loss-->9.763303,test_acc===0.705882
INFO:root:epoch:771 train_eval_loss-->2.085809,train_acc-->1.000000,test_eval_loss-->9.737990,test_acc===0.696078
INFO:root:epoch:772 train_eval_loss-->2.086142,train_acc-->1.000000,test_eval_loss-->9.696905,test_acc===0.750000
INFO:root:epoch:773 train_eval_loss-->2.093033,train_acc-->1.000000,test_eval_loss-->9.771716,test_acc===0.700980
INFO:root:epoch:774 train_eval_loss-->2.108660,train_acc-->1.000000,test_eval_loss-->9.792333,test_acc===0.686275
INFO:root:epoch:775 train_eval_loss-->2.109431,train_acc-->1.000000,test_eval_loss-->9.757337,test_acc===0.691176
INFO:root:epoch:776 train_eval_loss-->2.109940,train_acc-->1.000000,test_eval_loss-->9.711473,test_acc===0.740196
INFO:root:epoch:777 train_eval_loss-->2.104857,train_acc-->0.998525,test_eval_loss-->9.696846,test_acc===0.740196
INFO:root:epoch:778 train_eval_loss-->2.114557,train_acc-->1.000000,test_eval_loss-->9.766710,test_acc===0.705882
INFO:root:epoch:779 train_eval_loss-->2.140342,train_acc-->0.995575,test_eval_loss-->9.820510,test_acc===0.651961
INFO:root:epoch:780 train_eval_loss-->2.155656,train_acc-->0.995575,test_eval_loss-->9.793210,test_acc===0.705882
INFO:root:epoch:781 train_eval_loss-->2.136017,train_acc-->1.000000,test_eval_loss-->9.785080,test_acc===0.681373
INFO:root:epoch:782 train_eval_loss-->2.154423,train_acc-->0.998525,test_eval_loss-->9.763511,test_acc===0.715686
INFO:root:epoch:783 train_eval_loss-->2.158665,train_acc-->0.998525,test_eval_loss-->9.781368,test_acc===0.666667
INFO:root:epoch:784 train_eval_loss-->2.141368,train_acc-->1.000000,test_eval_loss-->9.927481,test_acc===0.622549
INFO:root:epoch:785 train_eval_loss-->2.182330,train_acc-->1.000000,test_eval_loss-->9.829758,test_acc===0.681373
INFO:root:epoch:786 train_eval_loss-->2.167212,train_acc-->1.000000,test_eval_loss-->9.747845,test_acc===0.700980
INFO:root:epoch:787 train_eval_loss-->2.160687,train_acc-->0.997050,test_eval_loss-->9.882951,test_acc===0.627451
INFO:root:epoch:788 train_eval_loss-->2.192713,train_acc-->0.995575,test_eval_loss-->9.764844,test_acc===0.705882
INFO:root:epoch:789 train_eval_loss-->2.182135,train_acc-->0.997050,test_eval_loss-->9.838891,test_acc===0.676471
INFO:root:epoch:790 train_eval_loss-->2.183620,train_acc-->0.998525,test_eval_loss-->9.802715,test_acc===0.676471
INFO:root:epoch:791 train_eval_loss-->2.170368,train_acc-->0.998525,test_eval_loss-->9.806356,test_acc===0.671569
INFO:root:epoch:792 train_eval_loss-->2.175613,train_acc-->1.000000,test_eval_loss-->9.911822,test_acc===0.656863
INFO:root:epoch:793 train_eval_loss-->2.171393,train_acc-->0.995575,test_eval_loss-->9.767193,test_acc===0.686275
INFO:root:epoch:794 train_eval_loss-->2.187847,train_acc-->0.997050,test_eval_loss-->9.923912,test_acc===0.632353
INFO:root:epoch:795 train_eval_loss-->2.181876,train_acc-->0.994100,test_eval_loss-->9.823904,test_acc===0.696078
INFO:root:epoch:796 train_eval_loss-->2.184327,train_acc-->0.991150,test_eval_loss-->9.900576,test_acc===0.666667
INFO:root:epoch:797 train_eval_loss-->2.218002,train_acc-->0.991150,test_eval_loss-->9.827299,test_acc===0.681373
INFO:root:epoch:798 train_eval_loss-->2.203340,train_acc-->0.995575,test_eval_loss-->9.880454,test_acc===0.676471
INFO:root:epoch:799 train_eval_loss-->2.187071,train_acc-->1.000000,test_eval_loss-->9.776014,test_acc===0.696078
INFO:root:the best test acc===0.750000
