2023-11-15 08:11:08 - #----------Config info----------#
2023-11-15 08:11:08 - network: egeunet,
2023-11-15 08:11:08 - data_path: D:\teeth_ct_points\CT3Dpoints\,
2023-11-15 08:11:08 - label_path: D:\teeth_ct_points\CT3Dpoints\三维坐标表格.xlsx,
2023-11-15 08:11:08 - pretrained_path: ./pre_trained/,
2023-11-15 08:11:08 - num_classes: 3,
2023-11-15 08:11:08 - input_size_h: 512,
2023-11-15 08:11:08 - input_size_w: 512,
2023-11-15 08:11:08 - input_channels: 64,
2023-11-15 08:11:08 - distributed: False,
2023-11-15 08:11:08 - local_rank: -1,
2023-11-15 08:11:08 - num_workers: 4,
2023-11-15 08:11:08 - seed: 42,
2023-11-15 08:11:08 - world_size: None,
2023-11-15 08:11:08 - rank: None,
2023-11-15 08:11:08 - amp: False,
2023-11-15 08:11:08 - gpu_id: 0,
2023-11-15 08:11:08 - batch_size: 4,
2023-11-15 08:11:08 - val_bs: 1,
2023-11-15 08:11:08 - epochs: 300,
2023-11-15 08:11:08 - deep_supervision: True,
2023-11-15 08:11:08 - threshold: 8.660254037844387,
2023-11-15 08:11:08 - train_mean: [38.167084, 36.47113, 35.658463, 34.7275, 34.397972, 34.392757, 33.96709, 34.126865, 34.28234, 33.729267, 32.7962, 32.064926, 31.681631, 31.124203, 30.844501, 31.361849, 32.73974, 34.215652, 36.648277, 38.611458, 40.539837, 42.120747, 43.28669, 44.45494, 45.614132, 46.21989, 47.45023, 48.500004, 49.44821, 50.419426, 52.140045, 53.649082, 54.722622, 55.427254, 55.996006, 56.55678, 57.03274, 56.78339, 56.16994, 56.052105, 56.084873, 55.73664, 55.51461, 54.455627, 53.19349, 51.708523, 50.496777, 48.39798, 46.618237],
2023-11-15 08:11:08 - train_std: [52.12329, 51.107494, 50.941055, 50.223755, 50.00628, 50.154346, 49.390217, 49.584064, 49.46689, 48.635002, 46.955963, 45.86415, 45.254314, 44.008198, 43.081245, 43.15782, 44.181343, 45.16833, 47.433487, 48.60615, 50.44894, 51.635715, 52.542904, 53.638527, 54.554443, 54.860928, 55.634895, 56.127644, 56.314377, 56.52658, 57.31575, 57.992775, 58.40813, 58.65052, 58.6726, 58.786034, 59.043797, 59.15101, 58.878242, 59.1303, 59.565495, 59.95643, 60.605595, 60.74457, 60.784153, 60.811424, 61.18004, 60.75567, 60.8064],
2023-11-15 08:11:08 - val_mean: [39.743374, 38.122738, 37.19561, 35.71686, 35.202812, 34.790627, 34.621647, 34.678947, 34.44854, 33.327152, 32.52173, 31.267305, 30.603254, 30.013475, 29.536041, 30.480452, 31.952286, 33.71057, 36.010574, 38.201912, 39.313183, 42.94376, 44.53766, 45.518337, 46.94797, 46.58542, 47.49811, 48.238167, 51.026104, 52.292915, 52.69654, 53.169758, 53.87486, 55.697067, 57.654236, 57.586315, 57.758514, 57.174618, 57.736595, 57.24419, 57.544117, 57.37176, 56.43062, 55.96641, 55.325653, 53.10815, 52.179287, 50.27785, 47.04305],
2023-11-15 08:11:08 - val_std: [53.15056, 52.15993, 51.616505, 50.33102, 50.21509, 50.081203, 50.03935, 49.86299, 49.531567, 48.28274, 46.95426, 45.172287, 43.96861, 42.88531, 41.24616, 42.37183, 43.43441, 44.75589, 46.571957, 48.567627, 49.173023, 51.97025, 53.31617, 54.147503, 55.217754, 54.256313, 54.82137, 55.228252, 57.024765, 57.493202, 57.21687, 57.12449, 57.009945, 58.07164, 58.968643, 58.816093, 58.97068, 58.471672, 58.976105, 58.958794, 59.510704, 60.026344, 60.16703, 60.841858, 61.621956, 61.22611, 61.83866, 62.08808, 61.1031],
2023-11-15 08:11:08 - work_dir: results/egeunet_Wednesday_15_November_2023_08h_11m_08s/,
2023-11-15 08:11:08 - tensor_size: 0,
2023-11-15 08:11:08 - train_transformer: Compose(
    <utils.myToTensor object at 0x000001723E4ECA60>
    <utils.myResize object at 0x00000172143BB790>
),
2023-11-15 08:11:08 - test_transformer: Compose(
    <utils.myToTensor object at 0x000001723F1500D0>
    <utils.myResize object at 0x000001723F150100>
),
2023-11-15 08:11:08 - opt: AdamW,
2023-11-15 08:11:08 - lr: 0.001,
2023-11-15 08:11:08 - betas: (0.9, 0.999),
2023-11-15 08:11:08 - eps: 1e-08,
2023-11-15 08:11:08 - weight_decay: 0.01,
2023-11-15 08:11:08 - amsgrad: False,
2023-11-15 08:11:08 - sch: CosineAnnealingLR,
2023-11-15 08:11:08 - T_max: 50,
2023-11-15 08:11:08 - eta_min: 1e-05,
2023-11-15 08:11:08 - last_epoch: -1,
INFO:root:train--mean-->[38.167084 36.47113  35.658463 34.7275   34.397972 34.392757 33.96709
 34.126865 34.28234  33.729267 32.7962   32.064926 31.681631 31.124203
 30.844501 31.361849 32.73974  34.215652 36.648277 38.611458 40.539837
 42.120747 43.28669  44.45494  45.614132 46.21989  47.45023  48.500004
 49.44821  50.419426 52.140045 53.649082 54.722622 55.427254 55.996006
 56.55678  57.03274  56.78339  56.16994  56.052105 56.084873 55.73664
 55.51461  54.455627 53.19349  51.708523 50.496777 48.39798  46.618237]
INFO:root:train--std-->[52.12329  51.107494 50.941055 50.223755 50.00628  50.154346 49.390217
 49.584064 49.46689  48.635002 46.955963 45.86415  45.254314 44.008198
 43.081245 43.15782  44.181343 45.16833  47.433487 48.60615  50.44894
 51.635715 52.542904 53.638527 54.554443 54.860928 55.634895 56.127644
 56.314377 56.52658  57.31575  57.992775 58.40813  58.65052  58.6726
 58.786034 59.043797 59.15101  58.878242 59.1303   59.565495 59.95643
 60.605595 60.74457  60.784153 60.811424 61.18004  60.75567  60.8064  ]
INFO:root:val--mean-->[39.743374 38.122738 37.19561  35.71686  35.202812 34.790627 34.621647
 34.678947 34.44854  33.327152 32.52173  31.267305 30.603254 30.013475
 29.536041 30.480452 31.952286 33.71057  36.010574 38.201912 39.313183
 42.94376  44.53766  45.518337 46.94797  46.58542  47.49811  48.238167
 51.026104 52.292915 52.69654  53.169758 53.87486  55.697067 57.654236
 57.586315 57.758514 57.174618 57.736595 57.24419  57.544117 57.37176
 56.43062  55.96641  55.325653 53.10815  52.179287 50.27785  47.04305 ]
INFO:root:val--std-->[53.15056  52.15993  51.616505 50.33102  50.21509  50.081203 50.03935
 49.86299  49.531567 48.28274  46.95426  45.172287 43.96861  42.88531
 41.24616  42.37183  43.43441  44.75589  46.571957 48.567627 49.173023
 51.97025  53.31617  54.147503 55.217754 54.256313 54.82137  55.228252
 57.024765 57.493202 57.21687  57.12449  57.009945 58.07164  58.968643
 58.816093 58.97068  58.471672 58.976105 58.958794 59.510704 60.026344
 60.16703  60.841858 61.621956 61.22611  61.83866  62.08808  61.1031  ]
INFO:root:real_input_channels-->49
INFO:root:epoch:0 train_eval_loss-->101.167151,acc===0.000000
INFO:root:epoch:1 train_eval_loss-->55.115974,acc===0.049020
INFO:root:epoch:2 train_eval_loss-->48.108742,acc===0.117647
INFO:root:epoch:3 train_eval_loss-->43.863064,acc===0.176471
INFO:root:epoch:4 train_eval_loss-->43.431457,acc===0.117647
INFO:root:epoch:5 train_eval_loss-->45.111041,acc===0.127451
INFO:root:epoch:6 train_eval_loss-->44.177547,acc===0.225490
INFO:root:epoch:7 train_eval_loss-->43.233093,acc===0.098039
INFO:root:epoch:8 train_eval_loss-->42.172059,acc===0.264706
INFO:root:epoch:9 train_eval_loss-->40.578625,acc===0.235294
INFO:root:epoch:10 train_eval_loss-->37.858186,acc===0.254902
INFO:root:epoch:11 train_eval_loss-->37.606689,acc===0.107843
INFO:root:epoch:12 train_eval_loss-->38.696136,acc===0.107843
INFO:root:epoch:13 train_eval_loss-->38.864391,acc===0.127451
INFO:root:epoch:14 train_eval_loss-->35.708407,acc===0.235294
INFO:root:epoch:15 train_eval_loss-->34.322009,acc===0.352941
INFO:root:epoch:16 train_eval_loss-->33.651379,acc===0.098039
INFO:root:epoch:17 train_eval_loss-->33.906231,acc===0.088235
INFO:root:epoch:18 train_eval_loss-->32.691308,acc===0.098039
INFO:root:epoch:19 train_eval_loss-->31.907214,acc===0.343137
INFO:root:epoch:20 train_eval_loss-->29.995124,acc===0.176471
INFO:root:epoch:21 train_eval_loss-->29.420757,acc===0.254902
INFO:root:epoch:22 train_eval_loss-->28.471975,acc===0.313725
INFO:root:epoch:23 train_eval_loss-->27.205519,acc===0.245098
INFO:root:epoch:24 train_eval_loss-->26.182875,acc===0.392157
INFO:root:epoch:25 train_eval_loss-->26.056638,acc===0.137255
INFO:root:epoch:26 train_eval_loss-->26.748836,acc===0.411765
INFO:root:epoch:27 train_eval_loss-->24.363278,acc===0.431373
INFO:root:epoch:28 train_eval_loss-->22.576004,acc===0.460784
INFO:root:epoch:29 train_eval_loss-->21.739135,acc===0.333333
INFO:root:epoch:30 train_eval_loss-->21.593754,acc===0.480392
INFO:root:epoch:31 train_eval_loss-->20.983784,acc===0.431373
INFO:root:epoch:32 train_eval_loss-->20.296299,acc===0.460784
INFO:root:epoch:33 train_eval_loss-->20.457322,acc===0.460784
INFO:root:epoch:34 train_eval_loss-->19.736065,acc===0.529412
INFO:root:epoch:35 train_eval_loss-->19.391545,acc===0.539216
INFO:root:epoch:36 train_eval_loss-->18.811578,acc===0.490196
INFO:root:epoch:37 train_eval_loss-->18.897792,acc===0.500000
INFO:root:epoch:38 train_eval_loss-->18.512451,acc===0.509804
INFO:root:epoch:39 train_eval_loss-->18.104207,acc===0.529412
INFO:root:epoch:40 train_eval_loss-->18.091690,acc===0.500000
INFO:root:epoch:41 train_eval_loss-->17.868819,acc===0.500000
INFO:root:epoch:42 train_eval_loss-->17.658701,acc===0.529412
INFO:root:epoch:43 train_eval_loss-->17.563568,acc===0.539216
INFO:root:epoch:44 train_eval_loss-->17.481613,acc===0.529412
INFO:root:epoch:45 train_eval_loss-->17.426086,acc===0.529412
INFO:root:epoch:46 train_eval_loss-->17.351492,acc===0.519608
INFO:root:epoch:47 train_eval_loss-->17.297990,acc===0.509804
INFO:root:epoch:48 train_eval_loss-->17.266631,acc===0.519608
INFO:root:epoch:49 train_eval_loss-->17.257338,acc===0.519608
INFO:root:epoch:50 train_eval_loss-->17.246514,acc===0.519608
INFO:root:epoch:51 train_eval_loss-->17.229756,acc===0.519608
INFO:root:epoch:52 train_eval_loss-->17.223791,acc===0.519608
INFO:root:epoch:53 train_eval_loss-->17.214978,acc===0.509804
INFO:root:epoch:54 train_eval_loss-->17.220657,acc===0.509804
INFO:root:epoch:55 train_eval_loss-->17.205145,acc===0.509804
INFO:root:epoch:56 train_eval_loss-->17.240656,acc===0.519608
INFO:root:epoch:57 train_eval_loss-->17.229011,acc===0.500000
INFO:root:epoch:58 train_eval_loss-->17.202252,acc===0.500000
INFO:root:epoch:59 train_eval_loss-->17.302061,acc===0.509804
INFO:root:epoch:60 train_eval_loss-->17.504886,acc===0.549020
INFO:root:epoch:61 train_eval_loss-->17.771655,acc===0.529412
INFO:root:epoch:62 train_eval_loss-->18.098701,acc===0.500000
INFO:root:epoch:63 train_eval_loss-->17.892512,acc===0.500000
INFO:root:epoch:64 train_eval_loss-->18.020575,acc===0.529412
INFO:root:epoch:65 train_eval_loss-->18.745670,acc===0.500000
INFO:root:epoch:66 train_eval_loss-->19.381605,acc===0.558824
INFO:root:epoch:67 train_eval_loss-->18.866509,acc===0.519608
INFO:root:epoch:68 train_eval_loss-->19.482582,acc===0.480392
INFO:root:epoch:69 train_eval_loss-->19.657857,acc===0.441176
INFO:root:epoch:70 train_eval_loss-->19.857786,acc===0.500000
INFO:root:epoch:71 train_eval_loss-->19.537276,acc===0.372549
INFO:root:epoch:72 train_eval_loss-->20.910009,acc===0.382353
INFO:root:epoch:73 train_eval_loss-->20.348081,acc===0.470588
INFO:root:epoch:74 train_eval_loss-->20.796677,acc===0.490196
INFO:root:epoch:75 train_eval_loss-->20.598546,acc===0.401961
INFO:root:epoch:76 train_eval_loss-->21.918897,acc===0.362745
INFO:root:epoch:77 train_eval_loss-->22.376525,acc===0.264706
INFO:root:epoch:78 train_eval_loss-->22.274620,acc===0.500000
INFO:root:epoch:79 train_eval_loss-->21.914083,acc===0.480392
INFO:root:epoch:80 train_eval_loss-->21.647167,acc===0.470588
INFO:root:epoch:81 train_eval_loss-->22.010214,acc===0.509804
INFO:root:epoch:82 train_eval_loss-->20.729754,acc===0.274510
INFO:root:epoch:83 train_eval_loss-->21.217038,acc===0.343137
INFO:root:epoch:84 train_eval_loss-->21.777944,acc===0.441176
INFO:root:epoch:85 train_eval_loss-->20.354281,acc===0.323529
INFO:root:epoch:86 train_eval_loss-->21.567547,acc===0.372549
INFO:root:epoch:87 train_eval_loss-->21.962754,acc===0.352941
INFO:root:epoch:88 train_eval_loss-->21.283941,acc===0.303922
INFO:root:epoch:89 train_eval_loss-->23.421333,acc===0.098039
INFO:root:epoch:90 train_eval_loss-->31.626898,acc===0.176471
INFO:root:epoch:91 train_eval_loss-->27.707432,acc===0.333333
INFO:root:epoch:92 train_eval_loss-->26.184450,acc===0.519608
INFO:root:epoch:93 train_eval_loss-->22.892076,acc===0.196078
INFO:root:epoch:94 train_eval_loss-->23.035995,acc===0.401961
INFO:root:epoch:95 train_eval_loss-->23.318536,acc===0.392157
INFO:root:epoch:96 train_eval_loss-->21.768115,acc===0.411765
INFO:root:epoch:97 train_eval_loss-->20.591411,acc===0.431373
INFO:root:epoch:98 train_eval_loss-->20.622454,acc===0.480392
INFO:root:epoch:99 train_eval_loss-->19.712609,acc===0.431373
INFO:root:epoch:100 train_eval_loss-->19.495071,acc===0.372549
INFO:root:epoch:101 train_eval_loss-->19.679234,acc===0.411765
INFO:root:epoch:102 train_eval_loss-->19.142385,acc===0.558824
INFO:root:epoch:103 train_eval_loss-->18.496458,acc===0.558824
INFO:root:epoch:104 train_eval_loss-->18.631807,acc===0.519608
INFO:root:epoch:105 train_eval_loss-->18.869179,acc===0.500000
INFO:root:epoch:106 train_eval_loss-->18.756098,acc===0.500000
INFO:root:epoch:107 train_eval_loss-->18.474426,acc===0.470588
INFO:root:epoch:108 train_eval_loss-->18.254739,acc===0.598039
INFO:root:epoch:109 train_eval_loss-->17.599164,acc===0.490196
INFO:root:epoch:110 train_eval_loss-->17.652115,acc===0.470588
INFO:root:epoch:111 train_eval_loss-->17.882335,acc===0.588235
INFO:root:epoch:112 train_eval_loss-->17.951022,acc===0.421569
INFO:root:epoch:113 train_eval_loss-->17.327275,acc===0.470588
INFO:root:epoch:114 train_eval_loss-->17.709329,acc===0.500000
INFO:root:epoch:115 train_eval_loss-->17.416367,acc===0.539216
INFO:root:epoch:116 train_eval_loss-->16.960211,acc===0.509804
INFO:root:epoch:117 train_eval_loss-->17.169746,acc===0.509804
INFO:root:epoch:118 train_eval_loss-->16.768479,acc===0.500000
INFO:root:epoch:119 train_eval_loss-->16.795287,acc===0.509804
INFO:root:epoch:120 train_eval_loss-->16.262454,acc===0.470588
INFO:root:epoch:121 train_eval_loss-->16.434498,acc===0.480392
INFO:root:epoch:122 train_eval_loss-->16.344015,acc===0.539216
INFO:root:epoch:123 train_eval_loss-->16.272191,acc===0.519608
INFO:root:epoch:124 train_eval_loss-->16.126959,acc===0.529412
INFO:root:epoch:125 train_eval_loss-->15.762549,acc===0.509804
INFO:root:epoch:126 train_eval_loss-->15.575959,acc===0.509804
INFO:root:epoch:127 train_eval_loss-->15.375888,acc===0.529412
INFO:root:epoch:128 train_eval_loss-->15.308719,acc===0.539216
INFO:root:epoch:129 train_eval_loss-->15.183665,acc===0.519608
INFO:root:epoch:130 train_eval_loss-->15.118476,acc===0.558824
INFO:root:epoch:131 train_eval_loss-->15.049506,acc===0.529412
INFO:root:epoch:132 train_eval_loss-->14.930455,acc===0.539216
INFO:root:epoch:133 train_eval_loss-->14.816085,acc===0.539216
INFO:root:epoch:134 train_eval_loss-->14.852091,acc===0.558824
INFO:root:epoch:135 train_eval_loss-->14.818469,acc===0.529412
INFO:root:epoch:136 train_eval_loss-->14.754992,acc===0.558824
INFO:root:epoch:137 train_eval_loss-->14.554362,acc===0.539216
INFO:root:epoch:138 train_eval_loss-->14.535276,acc===0.549020
INFO:root:epoch:139 train_eval_loss-->14.507981,acc===0.539216
INFO:root:epoch:140 train_eval_loss-->14.354536,acc===0.539216
INFO:root:epoch:141 train_eval_loss-->14.377705,acc===0.539216
INFO:root:epoch:142 train_eval_loss-->14.283973,acc===0.549020
INFO:root:epoch:143 train_eval_loss-->14.231228,acc===0.549020
INFO:root:epoch:144 train_eval_loss-->14.208258,acc===0.549020
INFO:root:epoch:145 train_eval_loss-->14.181763,acc===0.549020
INFO:root:epoch:146 train_eval_loss-->14.176877,acc===0.549020
INFO:root:epoch:147 train_eval_loss-->14.167410,acc===0.549020
INFO:root:epoch:148 train_eval_loss-->14.145705,acc===0.549020
INFO:root:epoch:149 train_eval_loss-->14.139755,acc===0.549020
INFO:root:epoch:150 train_eval_loss-->14.136068,acc===0.549020
INFO:root:epoch:151 train_eval_loss-->14.129550,acc===0.549020
INFO:root:epoch:152 train_eval_loss-->14.136680,acc===0.549020
INFO:root:epoch:153 train_eval_loss-->14.134896,acc===0.549020
INFO:root:epoch:154 train_eval_loss-->14.160962,acc===0.558824
INFO:root:epoch:155 train_eval_loss-->14.159666,acc===0.549020
INFO:root:epoch:156 train_eval_loss-->14.157436,acc===0.539216
INFO:root:epoch:157 train_eval_loss-->14.193967,acc===0.549020
INFO:root:epoch:158 train_eval_loss-->14.174524,acc===0.549020
INFO:root:epoch:159 train_eval_loss-->14.191544,acc===0.539216
INFO:root:epoch:160 train_eval_loss-->14.295063,acc===0.568627
INFO:root:epoch:161 train_eval_loss-->14.310667,acc===0.529412
INFO:root:epoch:162 train_eval_loss-->14.399003,acc===0.568627
INFO:root:epoch:163 train_eval_loss-->14.360714,acc===0.539216
INFO:root:epoch:164 train_eval_loss-->14.536148,acc===0.549020
INFO:root:epoch:165 train_eval_loss-->14.619122,acc===0.539216
INFO:root:epoch:166 train_eval_loss-->14.715275,acc===0.519608
INFO:root:epoch:167 train_eval_loss-->15.205697,acc===0.549020
INFO:root:epoch:168 train_eval_loss-->15.041603,acc===0.509804
INFO:root:epoch:169 train_eval_loss-->15.401291,acc===0.509804
INFO:root:epoch:170 train_eval_loss-->15.355997,acc===0.568627
INFO:root:epoch:171 train_eval_loss-->15.464297,acc===0.519608
INFO:root:epoch:172 train_eval_loss-->15.641682,acc===0.519608
INFO:root:epoch:173 train_eval_loss-->15.629344,acc===0.539216
INFO:root:epoch:174 train_eval_loss-->16.744006,acc===0.480392
INFO:root:epoch:175 train_eval_loss-->16.437785,acc===0.549020
INFO:root:epoch:176 train_eval_loss-->16.329206,acc===0.519608
INFO:root:epoch:177 train_eval_loss-->16.089206,acc===0.490196
INFO:root:epoch:178 train_eval_loss-->16.899770,acc===0.519608
INFO:root:epoch:179 train_eval_loss-->16.734065,acc===0.450980
INFO:root:epoch:180 train_eval_loss-->16.762797,acc===0.450980
INFO:root:epoch:181 train_eval_loss-->17.618039,acc===0.470588
INFO:root:epoch:182 train_eval_loss-->18.078635,acc===0.529412
INFO:root:epoch:183 train_eval_loss-->17.995698,acc===0.617647
INFO:root:epoch:184 train_eval_loss-->17.461776,acc===0.490196
INFO:root:epoch:185 train_eval_loss-->17.828992,acc===0.519608
INFO:root:epoch:186 train_eval_loss-->17.444366,acc===0.549020
INFO:root:epoch:187 train_eval_loss-->17.390111,acc===0.480392
INFO:root:epoch:188 train_eval_loss-->16.757859,acc===0.558824
INFO:root:epoch:189 train_eval_loss-->17.153521,acc===0.421569
INFO:root:epoch:190 train_eval_loss-->17.466678,acc===0.411765
INFO:root:epoch:191 train_eval_loss-->18.082342,acc===0.490196
INFO:root:epoch:192 train_eval_loss-->19.066094,acc===0.509804
INFO:root:epoch:193 train_eval_loss-->18.513993,acc===0.470588
INFO:root:epoch:194 train_eval_loss-->17.588915,acc===0.431373
INFO:root:epoch:195 train_eval_loss-->18.455462,acc===0.558824
INFO:root:epoch:196 train_eval_loss-->19.176176,acc===0.313725
INFO:root:epoch:197 train_eval_loss-->18.796013,acc===0.568627
INFO:root:epoch:198 train_eval_loss-->19.506782,acc===0.411765
INFO:root:epoch:199 train_eval_loss-->18.814785,acc===0.509804
INFO:root:epoch:200 train_eval_loss-->17.448628,acc===0.460784
INFO:root:epoch:201 train_eval_loss-->17.049256,acc===0.500000
INFO:root:epoch:202 train_eval_loss-->17.287168,acc===0.460784
INFO:root:epoch:203 train_eval_loss-->17.279069,acc===0.529412
INFO:root:epoch:204 train_eval_loss-->16.799267,acc===0.490196
INFO:root:epoch:205 train_eval_loss-->16.344239,acc===0.568627
INFO:root:epoch:206 train_eval_loss-->16.053443,acc===0.519608
INFO:root:epoch:207 train_eval_loss-->16.961945,acc===0.539216
INFO:root:epoch:208 train_eval_loss-->16.215351,acc===0.490196
INFO:root:epoch:209 train_eval_loss-->16.605153,acc===0.568627
INFO:root:epoch:210 train_eval_loss-->15.798460,acc===0.539216
INFO:root:epoch:211 train_eval_loss-->15.790366,acc===0.598039
INFO:root:epoch:212 train_eval_loss-->15.902480,acc===0.519608
INFO:root:epoch:213 train_eval_loss-->15.785455,acc===0.529412
INFO:root:epoch:214 train_eval_loss-->15.963689,acc===0.539216
INFO:root:epoch:215 train_eval_loss-->15.471355,acc===0.500000
INFO:root:epoch:216 train_eval_loss-->15.173386,acc===0.578431
INFO:root:epoch:217 train_eval_loss-->15.250892,acc===0.529412
INFO:root:epoch:218 train_eval_loss-->15.292574,acc===0.588235
INFO:root:epoch:219 train_eval_loss-->15.051318,acc===0.588235
INFO:root:epoch:220 train_eval_loss-->15.085024,acc===0.539216
INFO:root:epoch:221 train_eval_loss-->15.065623,acc===0.617647
INFO:root:epoch:222 train_eval_loss-->15.158102,acc===0.539216
INFO:root:epoch:223 train_eval_loss-->15.073990,acc===0.509804
INFO:root:epoch:224 train_eval_loss-->15.221790,acc===0.588235
INFO:root:epoch:225 train_eval_loss-->14.934596,acc===0.568627
INFO:root:epoch:226 train_eval_loss-->14.862756,acc===0.549020
INFO:root:epoch:227 train_eval_loss-->14.618195,acc===0.588235
INFO:root:epoch:228 train_eval_loss-->14.362601,acc===0.598039
INFO:root:epoch:229 train_eval_loss-->14.235011,acc===0.588235
INFO:root:epoch:230 train_eval_loss-->14.241507,acc===0.578431
INFO:root:epoch:231 train_eval_loss-->14.376144,acc===0.539216
INFO:root:epoch:232 train_eval_loss-->14.231107,acc===0.578431
INFO:root:epoch:233 train_eval_loss-->14.134202,acc===0.598039
INFO:root:epoch:234 train_eval_loss-->14.092825,acc===0.588235
INFO:root:epoch:235 train_eval_loss-->13.959185,acc===0.578431
INFO:root:epoch:236 train_eval_loss-->13.944755,acc===0.607843
INFO:root:epoch:237 train_eval_loss-->13.873138,acc===0.588235
INFO:root:epoch:238 train_eval_loss-->13.820509,acc===0.607843
INFO:root:epoch:239 train_eval_loss-->13.772106,acc===0.607843
INFO:root:epoch:240 train_eval_loss-->13.689457,acc===0.598039
INFO:root:epoch:241 train_eval_loss-->13.669805,acc===0.588235
INFO:root:epoch:242 train_eval_loss-->13.653839,acc===0.598039
INFO:root:epoch:243 train_eval_loss-->13.599424,acc===0.598039
INFO:root:epoch:244 train_eval_loss-->13.574937,acc===0.598039
INFO:root:epoch:245 train_eval_loss-->13.543906,acc===0.598039
INFO:root:epoch:246 train_eval_loss-->13.524237,acc===0.598039
INFO:root:epoch:247 train_eval_loss-->13.510428,acc===0.598039
INFO:root:epoch:248 train_eval_loss-->13.500978,acc===0.598039
INFO:root:epoch:249 train_eval_loss-->13.490895,acc===0.598039
INFO:root:epoch:250 train_eval_loss-->13.492362,acc===0.598039
INFO:root:epoch:251 train_eval_loss-->13.485865,acc===0.598039
INFO:root:epoch:252 train_eval_loss-->13.490091,acc===0.598039
INFO:root:epoch:253 train_eval_loss-->13.485211,acc===0.588235
INFO:root:epoch:254 train_eval_loss-->13.518022,acc===0.598039
INFO:root:epoch:255 train_eval_loss-->13.496746,acc===0.588235
INFO:root:epoch:256 train_eval_loss-->13.516588,acc===0.588235
INFO:root:epoch:257 train_eval_loss-->13.536715,acc===0.588235
INFO:root:epoch:258 train_eval_loss-->13.577048,acc===0.598039
INFO:root:epoch:259 train_eval_loss-->13.577965,acc===0.578431
INFO:root:epoch:260 train_eval_loss-->13.619351,acc===0.588235
INFO:root:epoch:261 train_eval_loss-->13.708398,acc===0.578431
INFO:root:epoch:262 train_eval_loss-->13.709231,acc===0.598039
INFO:root:epoch:263 train_eval_loss-->13.810175,acc===0.598039
INFO:root:epoch:264 train_eval_loss-->13.848404,acc===0.607843
INFO:root:epoch:265 train_eval_loss-->13.939151,acc===0.607843
INFO:root:epoch:266 train_eval_loss-->13.998602,acc===0.607843
INFO:root:epoch:267 train_eval_loss-->14.039182,acc===0.588235
INFO:root:epoch:268 train_eval_loss-->14.192908,acc===0.588235
INFO:root:epoch:269 train_eval_loss-->14.418640,acc===0.598039
INFO:root:epoch:270 train_eval_loss-->14.570281,acc===0.568627
INFO:root:epoch:271 train_eval_loss-->14.422575,acc===0.549020
INFO:root:epoch:272 train_eval_loss-->14.810828,acc===0.578431
INFO:root:epoch:273 train_eval_loss-->14.800850,acc===0.598039
INFO:root:epoch:274 train_eval_loss-->14.755074,acc===0.588235
INFO:root:epoch:275 train_eval_loss-->14.822520,acc===0.617647
INFO:root:epoch:276 train_eval_loss-->15.047955,acc===0.598039
INFO:root:epoch:277 train_eval_loss-->15.070688,acc===0.558824
INFO:root:epoch:278 train_eval_loss-->15.336414,acc===0.519608
INFO:root:epoch:279 train_eval_loss-->15.617375,acc===0.500000
INFO:root:epoch:280 train_eval_loss-->15.652200,acc===0.529412
INFO:root:epoch:281 train_eval_loss-->15.931416,acc===0.500000
INFO:root:epoch:282 train_eval_loss-->15.852019,acc===0.598039
INFO:root:epoch:283 train_eval_loss-->15.508659,acc===0.588235
INFO:root:epoch:284 train_eval_loss-->15.316973,acc===0.578431
INFO:root:epoch:285 train_eval_loss-->15.373327,acc===0.558824
INFO:root:epoch:286 train_eval_loss-->15.445970,acc===0.480392
INFO:root:epoch:287 train_eval_loss-->15.810982,acc===0.539216
INFO:root:epoch:288 train_eval_loss-->15.858006,acc===0.539216
INFO:root:epoch:289 train_eval_loss-->15.936858,acc===0.500000
INFO:root:epoch:290 train_eval_loss-->16.004329,acc===0.529412
INFO:root:epoch:291 train_eval_loss-->16.673964,acc===0.509804
INFO:root:epoch:292 train_eval_loss-->16.644858,acc===0.480392
INFO:root:epoch:293 train_eval_loss-->16.688198,acc===0.588235
INFO:root:epoch:294 train_eval_loss-->16.476748,acc===0.460784
INFO:root:epoch:295 train_eval_loss-->16.566060,acc===0.490196
INFO:root:epoch:296 train_eval_loss-->16.101081,acc===0.509804
INFO:root:epoch:297 train_eval_loss-->16.402318,acc===0.529412
INFO:root:epoch:298 train_eval_loss-->16.076363,acc===0.558824
INFO:root:epoch:299 train_eval_loss-->15.828145,acc===0.588235
