2023-12-17 22:13:54 - #----------Config info----------#
2023-12-17 22:13:54 - network: Pointneted_plus,
2023-12-17 22:13:54 - pre_net: None,
2023-12-17 22:13:54 - data_path: /media/yxz/新加卷/teeth_ct_points/CT3Dpoints/,
2023-12-17 22:13:54 - label_path: /media/yxz/新加卷/teeth_ct_points/CT3Dpoints/三维坐标表格.xlsx,
2023-12-17 22:13:54 - pretrained_path: ./pre_trained/,
2023-12-17 22:13:54 - cfg: [32, 64, 96, 128, 256, 128, 256, 128, 64, 32, 16],
2023-12-17 22:13:54 - label_num: [0, 1, 10, 11, 14, 19, 3, 8, 15, 18, 21],
2023-12-17 22:13:54 - num_classes: 11,
2023-12-17 22:13:54 - input_size_h: 512,
2023-12-17 22:13:54 - input_size_w: 512,
2023-12-17 22:13:54 - input_channels: 64,
2023-12-17 22:13:54 - distributed: False,
2023-12-17 22:13:54 - local_rank: -1,
2023-12-17 22:13:54 - num_workers: 4,
2023-12-17 22:13:54 - seed: 42,
2023-12-17 22:13:54 - world_size: None,
2023-12-17 22:13:54 - rank: None,
2023-12-17 22:13:54 - amp: False,
2023-12-17 22:13:54 - l2_lambda: 0.05,
2023-12-17 22:13:54 - gpu_id: 0,
2023-12-17 22:13:54 - batch_size: 4,
2023-12-17 22:13:54 - val_bs: 1,
2023-12-17 22:13:54 - epochs: 800,
2023-12-17 22:13:54 - deep_supervision: True,
2023-12-17 22:13:54 - tailadd: True,
2023-12-17 22:13:54 - threshold: 8.660254037844387,
2023-12-17 22:13:54 - rand_data: False,
2023-12-17 22:13:54 - mean_common: False,
2023-12-17 22:13:54 - horizontal_flip: True,
2023-12-17 22:13:54 - Dynamic_regularization: False,
2023-12-17 22:13:54 - train_mean: [38.167084, 36.47113, 35.658463, 34.7275, 34.397972, 34.392757, 33.96709, 34.126865, 34.28234, 33.729267, 32.7962, 32.064926, 31.681631, 31.124203, 30.844501, 31.361849, 32.73974, 34.215652, 36.648277, 38.611458, 40.539837, 42.120747, 43.28669, 44.45494, 45.614132, 46.21989, 47.45023, 48.500004, 49.44821, 50.419426, 52.140045, 53.649082, 54.722622, 55.427254, 55.996006, 56.55678, 57.03274, 56.78339, 56.16994, 56.052105, 56.084873, 55.73664, 55.51461, 54.455627, 53.19349, 51.708523, 50.496777, 48.39798, 46.618237],
2023-12-17 22:13:54 - train_std: [52.12329, 51.107494, 50.941055, 50.223755, 50.00628, 50.154346, 49.390217, 49.584064, 49.46689, 48.635002, 46.955963, 45.86415, 45.254314, 44.008198, 43.081245, 43.15782, 44.181343, 45.16833, 47.433487, 48.60615, 50.44894, 51.635715, 52.542904, 53.638527, 54.554443, 54.860928, 55.634895, 56.127644, 56.314377, 56.52658, 57.31575, 57.992775, 58.40813, 58.65052, 58.6726, 58.786034, 59.043797, 59.15101, 58.878242, 59.1303, 59.565495, 59.95643, 60.605595, 60.74457, 60.784153, 60.811424, 61.18004, 60.75567, 60.8064],
2023-12-17 22:13:54 - val_mean: [39.743374, 38.122738, 37.19561, 35.71686, 35.202812, 34.790627, 34.621647, 34.678947, 34.44854, 33.327152, 32.52173, 31.267305, 30.603254, 30.013475, 29.536041, 30.480452, 31.952286, 33.71057, 36.010574, 38.201912, 39.313183, 42.94376, 44.53766, 45.518337, 46.94797, 46.58542, 47.49811, 48.238167, 51.026104, 52.292915, 52.69654, 53.169758, 53.87486, 55.697067, 57.654236, 57.586315, 57.758514, 57.174618, 57.736595, 57.24419, 57.544117, 57.37176, 56.43062, 55.96641, 55.325653, 53.10815, 52.179287, 50.27785, 47.04305],
2023-12-17 22:13:54 - val_std: [53.15056, 52.15993, 51.616505, 50.33102, 50.21509, 50.081203, 50.03935, 49.86299, 49.531567, 48.28274, 46.95426, 45.172287, 43.96861, 42.88531, 41.24616, 42.37183, 43.43441, 44.75589, 46.571957, 48.567627, 49.173023, 51.97025, 53.31617, 54.147503, 55.217754, 54.256313, 54.82137, 55.228252, 57.024765, 57.493202, 57.21687, 57.12449, 57.009945, 58.07164, 58.968643, 58.816093, 58.97068, 58.471672, 58.976105, 58.958794, 59.510704, 60.026344, 60.16703, 60.841858, 61.621956, 61.22611, 61.83866, 62.08808, 61.1031],
2023-12-17 22:13:54 - work_dir: results/Pointneted_plus_Sunday_17_December_2023_22h_13m_54s/,
2023-12-17 22:13:54 - tensor_size: 0,
2023-12-17 22:13:54 - train_transformer: Compose(
    <utils.myToTensor object at 0x7f9da5bdfd00>
    <utils.myResize object at 0x7f9db321d190>
),
2023-12-17 22:13:54 - test_transformer: Compose(
    <utils.myToTensor object at 0x7f9e8b5bc760>
    <utils.myResize object at 0x7f9e8b5bc790>
),
2023-12-17 22:13:54 - opt: AdamW,
2023-12-17 22:13:54 - lr: 0.001,
2023-12-17 22:13:54 - betas: (0.9, 0.999),
2023-12-17 22:13:54 - eps: 1e-08,
2023-12-17 22:13:54 - weight_decay: 0.01,
2023-12-17 22:13:54 - amsgrad: False,
2023-12-17 22:13:54 - sch: CosineAnnealingLR,
2023-12-17 22:13:54 - T_max: 50,
2023-12-17 22:13:54 - eta_min: 1e-05,
2023-12-17 22:13:54 - last_epoch: -1,
INFO:root:train--mean-->[38.167084 36.47113  35.658463 34.7275   34.397972 34.392757 33.96709
 34.126865 34.28234  33.729267 32.7962   32.064926 31.681631 31.124203
 30.844501 31.361849 32.73974  34.215652 36.648277 38.611458 40.539837
 42.120747 43.28669  44.45494  45.614132 46.21989  47.45023  48.500004
 49.44821  50.419426 52.140045 53.649082 54.722622 55.427254 55.996006
 56.55678  57.03274  56.78339  56.16994  56.052105 56.084873 55.73664
 55.51461  54.455627 53.19349  51.708523 50.496777 48.39798  46.618237]
INFO:root:train--std-->[52.12329  51.107494 50.941055 50.223755 50.00628  50.154346 49.390217
 49.584064 49.46689  48.635002 46.955963 45.86415  45.254314 44.008198
 43.081245 43.15782  44.181343 45.16833  47.433487 48.60615  50.44894
 51.635715 52.542904 53.638527 54.554443 54.860928 55.634895 56.127644
 56.314377 56.52658  57.31575  57.992775 58.40813  58.65052  58.6726
 58.786034 59.043797 59.15101  58.878242 59.1303   59.565495 59.95643
 60.605595 60.74457  60.784153 60.811424 61.18004  60.75567  60.8064  ]
INFO:root:val--mean-->[39.743374 38.122738 37.19561  35.71686  35.202812 34.790627 34.621647
 34.678947 34.44854  33.327152 32.52173  31.267305 30.603254 30.013475
 29.536041 30.480452 31.952286 33.71057  36.010574 38.201912 39.313183
 42.94376  44.53766  45.518337 46.94797  46.58542  47.49811  48.238167
 51.026104 52.292915 52.69654  53.169758 53.87486  55.697067 57.654236
 57.586315 57.758514 57.174618 57.736595 57.24419  57.544117 57.37176
 56.43062  55.96641  55.325653 53.10815  52.179287 50.27785  47.04305 ]
INFO:root:val--std-->[53.15056  52.15993  51.616505 50.33102  50.21509  50.081203 50.03935
 49.86299  49.531567 48.28274  46.95426  45.172287 43.96861  42.88531
 41.24616  42.37183  43.43441  44.75589  46.571957 48.567627 49.173023
 51.97025  53.31617  54.147503 55.217754 54.256313 54.82137  55.228252
 57.024765 57.493202 57.21687  57.12449  57.009945 58.07164  58.968643
 58.816093 58.97068  58.471672 58.976105 58.958794 59.510704 60.026344
 60.16703  60.841858 61.621956 61.22611  61.83866  62.08808  61.1031  ]
INFO:root:real_input_channels-->49
INFO:root:epoch:0 train_eval_loss-->13.169584,train_acc-->0.011263,test_eval_loss-->15.902555,test_acc===0.042781
INFO:root:epoch:1 train_eval_loss-->8.667823,train_acc-->0.057924,test_eval_loss-->14.564675,test_acc===0.056150
INFO:root:epoch:2 train_eval_loss-->8.079080,train_acc-->0.056315,test_eval_loss-->15.337448,test_acc===0.008021
INFO:root:epoch:3 train_eval_loss-->7.506272,train_acc-->0.088496,test_eval_loss-->14.038089,test_acc===0.088235
INFO:root:epoch:4 train_eval_loss-->6.983648,train_acc-->0.094932,test_eval_loss-->13.063986,test_acc===0.109626
INFO:root:epoch:5 train_eval_loss-->6.734831,train_acc-->0.113435,test_eval_loss-->13.256956,test_acc===0.104278
INFO:root:epoch:6 train_eval_loss-->6.472045,train_acc-->0.136766,test_eval_loss-->13.455457,test_acc===0.058824
INFO:root:epoch:7 train_eval_loss-->6.424389,train_acc-->0.127916,test_eval_loss-->12.789473,test_acc===0.179144
INFO:root:epoch:8 train_eval_loss-->6.236677,train_acc-->0.144811,test_eval_loss-->13.384683,test_acc===0.093583
INFO:root:epoch:9 train_eval_loss-->6.189413,train_acc-->0.117458,test_eval_loss-->12.856443,test_acc===0.074866
INFO:root:epoch:10 train_eval_loss-->6.060036,train_acc-->0.163315,test_eval_loss-->13.224977,test_acc===0.160428
INFO:root:epoch:11 train_eval_loss-->5.912013,train_acc-->0.190668,test_eval_loss-->13.115460,test_acc===0.061497
INFO:root:epoch:12 train_eval_loss-->5.976345,train_acc-->0.150442,test_eval_loss-->12.693501,test_acc===0.064171
INFO:root:epoch:13 train_eval_loss-->5.764447,train_acc-->0.199517,test_eval_loss-->13.572498,test_acc===0.259358
INFO:root:epoch:14 train_eval_loss-->5.825218,train_acc-->0.219630,test_eval_loss-->12.756844,test_acc===0.131016
INFO:root:epoch:15 train_eval_loss-->5.661023,train_acc-->0.215607,test_eval_loss-->12.691260,test_acc===0.165775
INFO:root:epoch:16 train_eval_loss-->5.631803,train_acc-->0.229284,test_eval_loss-->13.060981,test_acc===0.173797
INFO:root:epoch:17 train_eval_loss-->5.555945,train_acc-->0.253419,test_eval_loss-->13.093000,test_acc===0.219251
INFO:root:epoch:18 train_eval_loss-->5.551117,train_acc-->0.252615,test_eval_loss-->12.800749,test_acc===0.168449
INFO:root:epoch:19 train_eval_loss-->5.500502,train_acc-->0.264682,test_eval_loss-->12.491428,test_acc===0.224599
INFO:root:epoch:20 train_eval_loss-->5.446076,train_acc-->0.267900,test_eval_loss-->12.807956,test_acc===0.187166
INFO:root:epoch:21 train_eval_loss-->5.421211,train_acc-->0.234111,test_eval_loss-->12.801064,test_acc===0.093583
INFO:root:epoch:22 train_eval_loss-->5.495942,train_acc-->0.192277,test_eval_loss-->12.906567,test_acc===0.179144
INFO:root:epoch:23 train_eval_loss-->5.215888,train_acc-->0.238134,test_eval_loss-->12.370499,test_acc===0.144385
INFO:root:epoch:24 train_eval_loss-->5.053516,train_acc-->0.268705,test_eval_loss-->12.299664,test_acc===0.179144
INFO:root:epoch:25 train_eval_loss-->4.886146,train_acc-->0.332261,test_eval_loss-->11.996758,test_acc===0.211230
INFO:root:epoch:26 train_eval_loss-->4.762952,train_acc-->0.379726,test_eval_loss-->12.093407,test_acc===0.211230
INFO:root:epoch:27 train_eval_loss-->4.708991,train_acc-->0.378922,test_eval_loss-->11.686996,test_acc===0.336898
INFO:root:epoch:28 train_eval_loss-->4.621910,train_acc-->0.407884,test_eval_loss-->11.694058,test_acc===0.398396
INFO:root:epoch:29 train_eval_loss-->4.471885,train_acc-->0.461786,test_eval_loss-->11.869532,test_acc===0.176471
INFO:root:epoch:30 train_eval_loss-->4.275095,train_acc-->0.518906,test_eval_loss-->11.362070,test_acc===0.486631
INFO:root:epoch:31 train_eval_loss-->4.239905,train_acc-->0.542237,test_eval_loss-->11.784950,test_acc===0.336898
INFO:root:epoch:32 train_eval_loss-->4.245717,train_acc-->0.519710,test_eval_loss-->11.430448,test_acc===0.449198
INFO:root:epoch:33 train_eval_loss-->4.166154,train_acc-->0.581657,test_eval_loss-->11.350034,test_acc===0.417112
INFO:root:epoch:34 train_eval_loss-->4.078001,train_acc-->0.627514,test_eval_loss-->11.368129,test_acc===0.449198
INFO:root:epoch:35 train_eval_loss-->3.974127,train_acc-->0.654867,test_eval_loss-->11.462794,test_acc===0.433155
INFO:root:epoch:36 train_eval_loss-->4.004835,train_acc-->0.637973,test_eval_loss-->11.246377,test_acc===0.521390
INFO:root:epoch:37 train_eval_loss-->3.931272,train_acc-->0.691070,test_eval_loss-->11.393587,test_acc===0.454545
INFO:root:epoch:38 train_eval_loss-->3.787293,train_acc-->0.730491,test_eval_loss-->11.237347,test_acc===0.553476
INFO:root:epoch:39 train_eval_loss-->3.822605,train_acc-->0.724055,test_eval_loss-->11.330173,test_acc===0.481283
INFO:root:epoch:40 train_eval_loss-->3.778370,train_acc-->0.760257,test_eval_loss-->11.228403,test_acc===0.553476
INFO:root:epoch:41 train_eval_loss-->3.756039,train_acc-->0.751408,test_eval_loss-->11.244672,test_acc===0.524064
INFO:root:epoch:42 train_eval_loss-->3.777495,train_acc-->0.770716,test_eval_loss-->11.318387,test_acc===0.513369
INFO:root:epoch:43 train_eval_loss-->3.639448,train_acc-->0.811746,test_eval_loss-->11.264184,test_acc===0.532086
INFO:root:epoch:44 train_eval_loss-->3.650470,train_acc-->0.803701,test_eval_loss-->11.285604,test_acc===0.542781
INFO:root:epoch:45 train_eval_loss-->3.637264,train_acc-->0.814159,test_eval_loss-->11.250913,test_acc===0.545455
INFO:root:epoch:46 train_eval_loss-->3.647285,train_acc-->0.795656,test_eval_loss-->11.249305,test_acc===0.556150
INFO:root:epoch:47 train_eval_loss-->3.586693,train_acc-->0.830249,test_eval_loss-->11.241124,test_acc===0.548128
INFO:root:epoch:48 train_eval_loss-->3.628292,train_acc-->0.812550,test_eval_loss-->11.235002,test_acc===0.566845
INFO:root:epoch:49 train_eval_loss-->3.632169,train_acc-->0.817377,test_eval_loss-->11.272064,test_acc===0.545455
INFO:root:epoch:50 train_eval_loss-->3.625291,train_acc-->0.833467,test_eval_loss-->11.269380,test_acc===0.542781
INFO:root:epoch:51 train_eval_loss-->3.579980,train_acc-->0.831054,test_eval_loss-->11.233132,test_acc===0.548128
INFO:root:epoch:52 train_eval_loss-->3.589446,train_acc-->0.834272,test_eval_loss-->11.269239,test_acc===0.540107
INFO:root:epoch:53 train_eval_loss-->3.591575,train_acc-->0.816573,test_eval_loss-->11.289250,test_acc===0.542781
INFO:root:epoch:54 train_eval_loss-->3.606213,train_acc-->0.809332,test_eval_loss-->11.271952,test_acc===0.532086
INFO:root:epoch:55 train_eval_loss-->3.546127,train_acc-->0.827836,test_eval_loss-->11.189446,test_acc===0.550802
INFO:root:epoch:56 train_eval_loss-->3.611896,train_acc-->0.831054,test_eval_loss-->11.261442,test_acc===0.548128
INFO:root:epoch:57 train_eval_loss-->3.544241,train_acc-->0.832663,test_eval_loss-->11.195498,test_acc===0.526738
INFO:root:epoch:58 train_eval_loss-->3.609890,train_acc-->0.820595,test_eval_loss-->11.225174,test_acc===0.532086
INFO:root:epoch:59 train_eval_loss-->3.627362,train_acc-->0.823813,test_eval_loss-->11.230905,test_acc===0.545455
INFO:root:epoch:60 train_eval_loss-->3.597009,train_acc-->0.826227,test_eval_loss-->11.355156,test_acc===0.494652
INFO:root:epoch:61 train_eval_loss-->3.606299,train_acc-->0.819791,test_eval_loss-->11.256323,test_acc===0.537433
INFO:root:epoch:62 train_eval_loss-->3.644790,train_acc-->0.810137,test_eval_loss-->11.329161,test_acc===0.491979
INFO:root:epoch:63 train_eval_loss-->3.668876,train_acc-->0.790829,test_eval_loss-->11.287519,test_acc===0.457219
INFO:root:epoch:64 train_eval_loss-->3.680876,train_acc-->0.753821,test_eval_loss-->11.302565,test_acc===0.478610
INFO:root:epoch:65 train_eval_loss-->3.689340,train_acc-->0.767498,test_eval_loss-->11.417134,test_acc===0.478610
INFO:root:epoch:66 train_eval_loss-->3.595547,train_acc-->0.792438,test_eval_loss-->11.359253,test_acc===0.465241
INFO:root:epoch:67 train_eval_loss-->3.733051,train_acc-->0.748190,test_eval_loss-->11.467597,test_acc===0.387701
INFO:root:epoch:68 train_eval_loss-->3.713014,train_acc-->0.711987,test_eval_loss-->11.435515,test_acc===0.467914
INFO:root:epoch:69 train_eval_loss-->3.683068,train_acc-->0.786002,test_eval_loss-->11.309953,test_acc===0.526738
INFO:root:epoch:70 train_eval_loss-->3.891117,train_acc-->0.674980,test_eval_loss-->11.511714,test_acc===0.387701
INFO:root:epoch:71 train_eval_loss-->3.880720,train_acc-->0.640386,test_eval_loss-->11.547539,test_acc===0.446524
INFO:root:epoch:72 train_eval_loss-->3.995266,train_acc-->0.524537,test_eval_loss-->11.512668,test_acc===0.307487
INFO:root:epoch:73 train_eval_loss-->4.000670,train_acc-->0.554304,test_eval_loss-->11.904609,test_acc===0.360963
INFO:root:epoch:74 train_eval_loss-->3.986687,train_acc-->0.610619,test_eval_loss-->11.574711,test_acc===0.323529
INFO:root:epoch:75 train_eval_loss-->3.967161,train_acc-->0.560740,test_eval_loss-->11.458177,test_acc===0.350267
INFO:root:epoch:76 train_eval_loss-->3.921039,train_acc-->0.603379,test_eval_loss-->11.413431,test_acc===0.331551
INFO:root:epoch:77 train_eval_loss-->3.911873,train_acc-->0.560740,test_eval_loss-->11.524835,test_acc===0.294118
INFO:root:epoch:78 train_eval_loss-->3.886379,train_acc-->0.567176,test_eval_loss-->11.517174,test_acc===0.275401
INFO:root:epoch:79 train_eval_loss-->3.902880,train_acc-->0.574417,test_eval_loss-->11.369268,test_acc===0.387701
INFO:root:epoch:80 train_eval_loss-->3.836965,train_acc-->0.585680,test_eval_loss-->11.994244,test_acc===0.358289
INFO:root:epoch:81 train_eval_loss-->4.051779,train_acc-->0.496380,test_eval_loss-->11.647504,test_acc===0.371658
INFO:root:epoch:82 train_eval_loss-->3.953191,train_acc-->0.505229,test_eval_loss-->11.496819,test_acc===0.417112
INFO:root:epoch:83 train_eval_loss-->3.992296,train_acc-->0.563958,test_eval_loss-->11.418041,test_acc===0.371658
INFO:root:epoch:84 train_eval_loss-->3.940569,train_acc-->0.554304,test_eval_loss-->11.703962,test_acc===0.387701
INFO:root:epoch:85 train_eval_loss-->3.985859,train_acc-->0.573612,test_eval_loss-->11.779042,test_acc===0.320856
INFO:root:epoch:86 train_eval_loss-->3.875736,train_acc-->0.547868,test_eval_loss-->11.478055,test_acc===0.315508
INFO:root:epoch:87 train_eval_loss-->4.237042,train_acc-->0.469831,test_eval_loss-->11.607273,test_acc===0.280749
INFO:root:epoch:88 train_eval_loss-->4.612963,train_acc-->0.358005,test_eval_loss-->12.025761,test_acc===0.358289
INFO:root:epoch:89 train_eval_loss-->4.201527,train_acc-->0.480290,test_eval_loss-->11.681982,test_acc===0.243316
INFO:root:epoch:90 train_eval_loss-->3.953463,train_acc-->0.469831,test_eval_loss-->11.370591,test_acc===0.516043
INFO:root:epoch:91 train_eval_loss-->3.970376,train_acc-->0.502816,test_eval_loss-->11.552554,test_acc===0.304813
INFO:root:epoch:92 train_eval_loss-->3.887848,train_acc-->0.537409,test_eval_loss-->11.489515,test_acc===0.403743
INFO:root:epoch:93 train_eval_loss-->3.995786,train_acc-->0.536605,test_eval_loss-->11.370901,test_acc===0.390374
INFO:root:epoch:94 train_eval_loss-->3.983450,train_acc-->0.538214,test_eval_loss-->11.808194,test_acc===0.310160
INFO:root:epoch:95 train_eval_loss-->4.002146,train_acc-->0.471440,test_eval_loss-->12.370947,test_acc===0.283422
INFO:root:epoch:96 train_eval_loss-->3.816041,train_acc-->0.607401,test_eval_loss-->11.318125,test_acc===0.510695
INFO:root:epoch:97 train_eval_loss-->3.703613,train_acc-->0.645213,test_eval_loss-->11.395745,test_acc===0.478610
INFO:root:epoch:98 train_eval_loss-->3.801247,train_acc-->0.614642,test_eval_loss-->11.792925,test_acc===0.377005
INFO:root:epoch:99 train_eval_loss-->3.781777,train_acc-->0.581657,test_eval_loss-->11.569782,test_acc===0.318182
INFO:root:epoch:100 train_eval_loss-->3.739013,train_acc-->0.607401,test_eval_loss-->11.633683,test_acc===0.331551
INFO:root:epoch:101 train_eval_loss-->3.909456,train_acc-->0.520515,test_eval_loss-->11.635700,test_acc===0.339572
INFO:root:epoch:102 train_eval_loss-->3.776942,train_acc-->0.526951,test_eval_loss-->11.402645,test_acc===0.409091
INFO:root:epoch:103 train_eval_loss-->3.649549,train_acc-->0.670153,test_eval_loss-->11.378241,test_acc===0.524064
INFO:root:epoch:104 train_eval_loss-->3.646467,train_acc-->0.650845,test_eval_loss-->11.423275,test_acc===0.489305
INFO:root:epoch:105 train_eval_loss-->3.693791,train_acc-->0.625101,test_eval_loss-->11.383692,test_acc===0.451872
INFO:root:epoch:106 train_eval_loss-->3.691691,train_acc-->0.657281,test_eval_loss-->11.676357,test_acc===0.438503
INFO:root:epoch:107 train_eval_loss-->3.738616,train_acc-->0.687852,test_eval_loss-->11.700166,test_acc===0.347594
INFO:root:epoch:108 train_eval_loss-->3.686695,train_acc-->0.634755,test_eval_loss-->11.765819,test_acc===0.254011
INFO:root:epoch:109 train_eval_loss-->3.577145,train_acc-->0.701529,test_eval_loss-->11.422696,test_acc===0.291444
INFO:root:epoch:110 train_eval_loss-->3.570007,train_acc-->0.737731,test_eval_loss-->11.614059,test_acc===0.393048
INFO:root:epoch:111 train_eval_loss-->3.506153,train_acc-->0.751408,test_eval_loss-->11.245889,test_acc===0.467914
INFO:root:epoch:112 train_eval_loss-->3.426367,train_acc-->0.786002,test_eval_loss-->11.175456,test_acc===0.572193
INFO:root:epoch:113 train_eval_loss-->3.398821,train_acc-->0.794851,test_eval_loss-->11.185995,test_acc===0.489305
INFO:root:epoch:114 train_eval_loss-->3.436060,train_acc-->0.792438,test_eval_loss-->11.195758,test_acc===0.459893
INFO:root:epoch:115 train_eval_loss-->3.386767,train_acc-->0.810137,test_eval_loss-->11.206213,test_acc===0.550802
INFO:root:epoch:116 train_eval_loss-->3.337097,train_acc-->0.860016,test_eval_loss-->11.281116,test_acc===0.443850
INFO:root:epoch:117 train_eval_loss-->3.268173,train_acc-->0.866452,test_eval_loss-->11.200673,test_acc===0.534759
INFO:root:epoch:118 train_eval_loss-->3.303498,train_acc-->0.859212,test_eval_loss-->11.230370,test_acc===0.491979
INFO:root:epoch:119 train_eval_loss-->3.322967,train_acc-->0.851971,test_eval_loss-->11.136353,test_acc===0.558824
INFO:root:epoch:120 train_eval_loss-->3.237088,train_acc-->0.887369,test_eval_loss-->11.214132,test_acc===0.510695
INFO:root:epoch:121 train_eval_loss-->3.242709,train_acc-->0.876106,test_eval_loss-->11.196307,test_acc===0.542781
INFO:root:epoch:122 train_eval_loss-->3.237226,train_acc-->0.898632,test_eval_loss-->11.328054,test_acc===0.483957
INFO:root:epoch:123 train_eval_loss-->3.240254,train_acc-->0.890587,test_eval_loss-->11.193332,test_acc===0.577540
INFO:root:epoch:124 train_eval_loss-->3.146533,train_acc-->0.924377,test_eval_loss-->11.174899,test_acc===0.556150
INFO:root:epoch:125 train_eval_loss-->3.152325,train_acc-->0.925986,test_eval_loss-->11.122916,test_acc===0.582888
INFO:root:epoch:126 train_eval_loss-->3.149298,train_acc-->0.946098,test_eval_loss-->11.130394,test_acc===0.588235
INFO:root:epoch:127 train_eval_loss-->3.080624,train_acc-->0.954143,test_eval_loss-->11.173625,test_acc===0.537433
INFO:root:epoch:128 train_eval_loss-->3.078125,train_acc-->0.971842,test_eval_loss-->11.109646,test_acc===0.580214
INFO:root:epoch:129 train_eval_loss-->3.079639,train_acc-->0.960579,test_eval_loss-->11.173805,test_acc===0.558824
INFO:root:epoch:130 train_eval_loss-->3.035578,train_acc-->0.964602,test_eval_loss-->11.150602,test_acc===0.545455
INFO:root:epoch:131 train_eval_loss-->3.016633,train_acc-->0.972647,test_eval_loss-->11.127908,test_acc===0.580214
INFO:root:epoch:132 train_eval_loss-->3.040717,train_acc-->0.967015,test_eval_loss-->11.134856,test_acc===0.574866
INFO:root:epoch:133 train_eval_loss-->2.977478,train_acc-->0.979083,test_eval_loss-->11.100867,test_acc===0.580214
INFO:root:epoch:134 train_eval_loss-->3.009318,train_acc-->0.971842,test_eval_loss-->11.167187,test_acc===0.550802
INFO:root:epoch:135 train_eval_loss-->3.012343,train_acc-->0.972647,test_eval_loss-->11.120817,test_acc===0.572193
INFO:root:epoch:136 train_eval_loss-->2.960344,train_acc-->0.984714,test_eval_loss-->11.114474,test_acc===0.585561
INFO:root:epoch:137 train_eval_loss-->2.957431,train_acc-->0.977474,test_eval_loss-->11.112669,test_acc===0.588235
INFO:root:epoch:138 train_eval_loss-->2.935356,train_acc-->0.983105,test_eval_loss-->11.120131,test_acc===0.577540
INFO:root:epoch:139 train_eval_loss-->2.928234,train_acc-->0.982301,test_eval_loss-->11.108015,test_acc===0.580214
INFO:root:epoch:140 train_eval_loss-->2.958311,train_acc-->0.980692,test_eval_loss-->11.120137,test_acc===0.585561
INFO:root:epoch:141 train_eval_loss-->2.953291,train_acc-->0.983910,test_eval_loss-->11.124787,test_acc===0.588235
INFO:root:epoch:142 train_eval_loss-->2.920604,train_acc-->0.983105,test_eval_loss-->11.126691,test_acc===0.588235
INFO:root:epoch:143 train_eval_loss-->2.940288,train_acc-->0.983910,test_eval_loss-->11.109029,test_acc===0.569519
INFO:root:epoch:144 train_eval_loss-->2.910107,train_acc-->0.985519,test_eval_loss-->11.117549,test_acc===0.572193
INFO:root:epoch:145 train_eval_loss-->2.933467,train_acc-->0.979887,test_eval_loss-->11.111313,test_acc===0.580214
INFO:root:epoch:146 train_eval_loss-->2.898292,train_acc-->0.988737,test_eval_loss-->11.107744,test_acc===0.572193
INFO:root:epoch:147 train_eval_loss-->2.924502,train_acc-->0.983910,test_eval_loss-->11.116446,test_acc===0.577540
INFO:root:epoch:148 train_eval_loss-->2.928488,train_acc-->0.983105,test_eval_loss-->11.117742,test_acc===0.577540
INFO:root:epoch:149 train_eval_loss-->2.893766,train_acc-->0.986323,test_eval_loss-->11.116484,test_acc===0.577540
INFO:root:epoch:150 train_eval_loss-->2.923816,train_acc-->0.983910,test_eval_loss-->11.114660,test_acc===0.577540
INFO:root:epoch:151 train_eval_loss-->2.891631,train_acc-->0.984714,test_eval_loss-->11.111555,test_acc===0.582888
INFO:root:epoch:152 train_eval_loss-->2.900462,train_acc-->0.987128,test_eval_loss-->11.109480,test_acc===0.585561
INFO:root:epoch:153 train_eval_loss-->2.893774,train_acc-->0.987932,test_eval_loss-->11.117688,test_acc===0.572193
INFO:root:epoch:154 train_eval_loss-->2.898184,train_acc-->0.988737,test_eval_loss-->11.117851,test_acc===0.582888
INFO:root:epoch:155 train_eval_loss-->2.895801,train_acc-->0.985519,test_eval_loss-->11.107620,test_acc===0.585561
INFO:root:epoch:156 train_eval_loss-->2.924446,train_acc-->0.983105,test_eval_loss-->11.112797,test_acc===0.580214
INFO:root:epoch:157 train_eval_loss-->2.928476,train_acc-->0.986323,test_eval_loss-->11.120824,test_acc===0.582888
INFO:root:epoch:158 train_eval_loss-->2.929123,train_acc-->0.985519,test_eval_loss-->11.122530,test_acc===0.577540
INFO:root:epoch:159 train_eval_loss-->2.928343,train_acc-->0.983910,test_eval_loss-->11.127029,test_acc===0.593583
INFO:root:epoch:160 train_eval_loss-->2.902339,train_acc-->0.982301,test_eval_loss-->11.105028,test_acc===0.588235
INFO:root:epoch:161 train_eval_loss-->2.939520,train_acc-->0.983910,test_eval_loss-->11.124698,test_acc===0.588235
INFO:root:epoch:162 train_eval_loss-->2.944841,train_acc-->0.983105,test_eval_loss-->11.137210,test_acc===0.580214
INFO:root:epoch:163 train_eval_loss-->2.944447,train_acc-->0.983910,test_eval_loss-->11.117743,test_acc===0.585561
INFO:root:epoch:164 train_eval_loss-->2.952176,train_acc-->0.979083,test_eval_loss-->11.128704,test_acc===0.569519
INFO:root:epoch:165 train_eval_loss-->2.971624,train_acc-->0.984714,test_eval_loss-->11.158478,test_acc===0.569519
INFO:root:epoch:166 train_eval_loss-->2.960656,train_acc-->0.983105,test_eval_loss-->11.127773,test_acc===0.596257
INFO:root:epoch:167 train_eval_loss-->2.973756,train_acc-->0.981496,test_eval_loss-->11.131262,test_acc===0.588235
INFO:root:epoch:168 train_eval_loss-->2.981823,train_acc-->0.978278,test_eval_loss-->11.150618,test_acc===0.574866
INFO:root:epoch:169 train_eval_loss-->2.991531,train_acc-->0.975060,test_eval_loss-->11.216598,test_acc===0.561497
INFO:root:epoch:170 train_eval_loss-->3.002775,train_acc-->0.977474,test_eval_loss-->11.139771,test_acc===0.545455
INFO:root:epoch:171 train_eval_loss-->3.033567,train_acc-->0.971038,test_eval_loss-->11.184141,test_acc===0.556150
INFO:root:epoch:172 train_eval_loss-->3.067061,train_acc-->0.958970,test_eval_loss-->11.181146,test_acc===0.545455
INFO:root:epoch:173 train_eval_loss-->3.082424,train_acc-->0.958166,test_eval_loss-->11.208637,test_acc===0.518717
INFO:root:epoch:174 train_eval_loss-->3.136490,train_acc-->0.951730,test_eval_loss-->11.196589,test_acc===0.508021
INFO:root:epoch:175 train_eval_loss-->3.182356,train_acc-->0.929204,test_eval_loss-->11.162278,test_acc===0.518717
INFO:root:epoch:176 train_eval_loss-->3.166035,train_acc-->0.904264,test_eval_loss-->11.227053,test_acc===0.489305
INFO:root:epoch:177 train_eval_loss-->3.209209,train_acc-->0.900241,test_eval_loss-->11.151678,test_acc===0.526738
INFO:root:epoch:178 train_eval_loss-->3.195621,train_acc-->0.919549,test_eval_loss-->11.346279,test_acc===0.441176
INFO:root:epoch:179 train_eval_loss-->3.203958,train_acc-->0.919549,test_eval_loss-->11.319774,test_acc===0.462567
INFO:root:epoch:180 train_eval_loss-->3.269113,train_acc-->0.890587,test_eval_loss-->11.158249,test_acc===0.521390
INFO:root:epoch:181 train_eval_loss-->3.337792,train_acc-->0.839099,test_eval_loss-->11.485708,test_acc===0.320856
INFO:root:epoch:182 train_eval_loss-->3.447582,train_acc-->0.738536,test_eval_loss-->11.510663,test_acc===0.355615
INFO:root:epoch:183 train_eval_loss-->3.298726,train_acc-->0.841512,test_eval_loss-->11.288820,test_acc===0.486631
INFO:root:epoch:184 train_eval_loss-->3.295484,train_acc-->0.841512,test_eval_loss-->11.217288,test_acc===0.489305
INFO:root:epoch:185 train_eval_loss-->3.290401,train_acc-->0.858407,test_eval_loss-->11.603960,test_acc===0.221925
INFO:root:epoch:186 train_eval_loss-->3.494807,train_acc-->0.730491,test_eval_loss-->11.087166,test_acc===0.491979
INFO:root:epoch:187 train_eval_loss-->3.462787,train_acc-->0.762671,test_eval_loss-->11.312970,test_acc===0.532086
INFO:root:epoch:188 train_eval_loss-->3.874194,train_acc-->0.642800,test_eval_loss-->11.650605,test_acc===0.270053
INFO:root:epoch:189 train_eval_loss-->4.201570,train_acc-->0.429606,test_eval_loss-->11.336542,test_acc===0.382353
INFO:root:epoch:190 train_eval_loss-->3.923691,train_acc-->0.583266,test_eval_loss-->11.207718,test_acc===0.443850
INFO:root:epoch:191 train_eval_loss-->3.854700,train_acc-->0.634755,test_eval_loss-->11.495484,test_acc===0.414439
INFO:root:epoch:192 train_eval_loss-->3.792212,train_acc-->0.600965,test_eval_loss-->11.984149,test_acc===0.320856
INFO:root:epoch:193 train_eval_loss-->3.649725,train_acc-->0.621078,test_eval_loss-->11.390988,test_acc===0.352941
INFO:root:epoch:194 train_eval_loss-->3.691617,train_acc-->0.608206,test_eval_loss-->11.294090,test_acc===0.518717
INFO:root:epoch:195 train_eval_loss-->3.799604,train_acc-->0.613837,test_eval_loss-->11.486866,test_acc===0.467914
INFO:root:epoch:196 train_eval_loss-->3.632364,train_acc-->0.743363,test_eval_loss-->11.239361,test_acc===0.524064
INFO:root:epoch:197 train_eval_loss-->3.509199,train_acc-->0.777957,test_eval_loss-->11.260941,test_acc===0.467914
INFO:root:epoch:198 train_eval_loss-->3.583445,train_acc-->0.691874,test_eval_loss-->11.361197,test_acc===0.360963
INFO:root:epoch:199 train_eval_loss-->3.529725,train_acc-->0.665326,test_eval_loss-->11.336571,test_acc===0.411765
INFO:root:epoch:200 train_eval_loss-->3.464914,train_acc-->0.815768,test_eval_loss-->11.215573,test_acc===0.521390
INFO:root:epoch:201 train_eval_loss-->3.421143,train_acc-->0.802896,test_eval_loss-->11.263431,test_acc===0.529412
INFO:root:epoch:202 train_eval_loss-->3.367285,train_acc-->0.860821,test_eval_loss-->11.316189,test_acc===0.427807
INFO:root:epoch:203 train_eval_loss-->3.372168,train_acc-->0.809332,test_eval_loss-->11.727571,test_acc===0.315508
INFO:root:epoch:204 train_eval_loss-->3.459975,train_acc-->0.783588,test_eval_loss-->11.588375,test_acc===0.454545
INFO:root:epoch:205 train_eval_loss-->3.520412,train_acc-->0.788415,test_eval_loss-->11.382953,test_acc===0.462567
INFO:root:epoch:206 train_eval_loss-->3.518906,train_acc-->0.786806,test_eval_loss-->11.321394,test_acc===0.438503
INFO:root:epoch:207 train_eval_loss-->3.319967,train_acc-->0.847949,test_eval_loss-->11.207833,test_acc===0.532086
INFO:root:epoch:208 train_eval_loss-->3.231043,train_acc-->0.910700,test_eval_loss-->11.335466,test_acc===0.467914
INFO:root:epoch:209 train_eval_loss-->3.316951,train_acc-->0.852776,test_eval_loss-->11.189560,test_acc===0.548128
INFO:root:epoch:210 train_eval_loss-->3.258875,train_acc-->0.897828,test_eval_loss-->11.269210,test_acc===0.508021
INFO:root:epoch:211 train_eval_loss-->3.195911,train_acc-->0.918745,test_eval_loss-->11.235877,test_acc===0.524064
INFO:root:epoch:212 train_eval_loss-->3.203858,train_acc-->0.901046,test_eval_loss-->11.283171,test_acc===0.470588
INFO:root:epoch:213 train_eval_loss-->3.163304,train_acc-->0.932422,test_eval_loss-->11.186591,test_acc===0.588235
INFO:root:epoch:214 train_eval_loss-->3.154641,train_acc-->0.919549,test_eval_loss-->11.137957,test_acc===0.588235
INFO:root:epoch:215 train_eval_loss-->3.137838,train_acc-->0.953339,test_eval_loss-->11.169306,test_acc===0.561497
INFO:root:epoch:216 train_eval_loss-->3.108415,train_acc-->0.951730,test_eval_loss-->11.228851,test_acc===0.526738
INFO:root:epoch:217 train_eval_loss-->3.089726,train_acc-->0.967820,test_eval_loss-->11.140390,test_acc===0.596257
INFO:root:epoch:218 train_eval_loss-->3.057268,train_acc-->0.967820,test_eval_loss-->11.128217,test_acc===0.601604
INFO:root:epoch:219 train_eval_loss-->3.052903,train_acc-->0.979887,test_eval_loss-->11.137504,test_acc===0.622995
INFO:root:epoch:220 train_eval_loss-->3.064015,train_acc-->0.974256,test_eval_loss-->11.239429,test_acc===0.526738
INFO:root:epoch:221 train_eval_loss-->3.071064,train_acc-->0.977474,test_eval_loss-->11.162951,test_acc===0.585561
INFO:root:epoch:222 train_eval_loss-->3.020653,train_acc-->0.975060,test_eval_loss-->11.172330,test_acc===0.601604
INFO:root:epoch:223 train_eval_loss-->3.001935,train_acc-->0.984714,test_eval_loss-->11.136594,test_acc===0.622995
INFO:root:epoch:224 train_eval_loss-->2.996044,train_acc-->0.987932,test_eval_loss-->11.142346,test_acc===0.569519
INFO:root:epoch:225 train_eval_loss-->2.975094,train_acc-->0.990346,test_eval_loss-->11.133712,test_acc===0.590909
INFO:root:epoch:226 train_eval_loss-->2.948020,train_acc-->0.993564,test_eval_loss-->11.115371,test_acc===0.636364
INFO:root:epoch:227 train_eval_loss-->2.937725,train_acc-->0.992759,test_eval_loss-->11.087176,test_acc===0.633690
INFO:root:epoch:228 train_eval_loss-->2.939634,train_acc-->0.996782,test_eval_loss-->11.111139,test_acc===0.628342
INFO:root:epoch:229 train_eval_loss-->2.905488,train_acc-->0.996782,test_eval_loss-->11.098534,test_acc===0.625668
INFO:root:epoch:230 train_eval_loss-->2.902522,train_acc-->0.995977,test_eval_loss-->11.159292,test_acc===0.572193
INFO:root:epoch:231 train_eval_loss-->2.904951,train_acc-->0.991955,test_eval_loss-->11.099005,test_acc===0.628342
INFO:root:epoch:232 train_eval_loss-->2.886150,train_acc-->0.995173,test_eval_loss-->11.109010,test_acc===0.622995
INFO:root:epoch:233 train_eval_loss-->2.879452,train_acc-->0.995977,test_eval_loss-->11.098823,test_acc===0.614973
INFO:root:epoch:234 train_eval_loss-->2.863071,train_acc-->0.995977,test_eval_loss-->11.137595,test_acc===0.609626
INFO:root:epoch:235 train_eval_loss-->2.867908,train_acc-->0.996782,test_eval_loss-->11.105785,test_acc===0.636364
INFO:root:epoch:236 train_eval_loss-->2.848484,train_acc-->0.998391,test_eval_loss-->11.098674,test_acc===0.636364
INFO:root:epoch:237 train_eval_loss-->2.841427,train_acc-->0.997586,test_eval_loss-->11.084776,test_acc===0.625668
INFO:root:epoch:238 train_eval_loss-->2.825050,train_acc-->0.997586,test_eval_loss-->11.088387,test_acc===0.636364
INFO:root:epoch:239 train_eval_loss-->2.818315,train_acc-->0.997586,test_eval_loss-->11.087469,test_acc===0.641711
INFO:root:epoch:240 train_eval_loss-->2.806091,train_acc-->0.998391,test_eval_loss-->11.085239,test_acc===0.641711
INFO:root:epoch:241 train_eval_loss-->2.808200,train_acc-->0.996782,test_eval_loss-->11.091120,test_acc===0.633690
INFO:root:epoch:242 train_eval_loss-->2.798969,train_acc-->0.997586,test_eval_loss-->11.084414,test_acc===0.647059
INFO:root:epoch:243 train_eval_loss-->2.798507,train_acc-->0.998391,test_eval_loss-->11.089832,test_acc===0.633690
INFO:root:epoch:244 train_eval_loss-->2.795102,train_acc-->0.997586,test_eval_loss-->11.089308,test_acc===0.639037
INFO:root:epoch:245 train_eval_loss-->2.790865,train_acc-->0.996782,test_eval_loss-->11.088096,test_acc===0.631016
INFO:root:epoch:246 train_eval_loss-->2.783064,train_acc-->0.996782,test_eval_loss-->11.082458,test_acc===0.639037
INFO:root:epoch:247 train_eval_loss-->2.787402,train_acc-->0.995977,test_eval_loss-->11.083184,test_acc===0.639037
INFO:root:epoch:248 train_eval_loss-->2.788343,train_acc-->0.997586,test_eval_loss-->11.082278,test_acc===0.639037
INFO:root:epoch:249 train_eval_loss-->2.788218,train_acc-->0.998391,test_eval_loss-->11.080269,test_acc===0.641711
INFO:root:epoch:250 train_eval_loss-->2.785824,train_acc-->0.996782,test_eval_loss-->11.080849,test_acc===0.641711
INFO:root:epoch:251 train_eval_loss-->2.788332,train_acc-->0.996782,test_eval_loss-->11.086840,test_acc===0.636364
INFO:root:epoch:252 train_eval_loss-->2.783833,train_acc-->0.997586,test_eval_loss-->11.081068,test_acc===0.639037
INFO:root:epoch:253 train_eval_loss-->2.784581,train_acc-->0.996782,test_eval_loss-->11.082414,test_acc===0.636364
INFO:root:epoch:254 train_eval_loss-->2.785179,train_acc-->0.997586,test_eval_loss-->11.081242,test_acc===0.631016
INFO:root:epoch:255 train_eval_loss-->2.781546,train_acc-->0.997586,test_eval_loss-->11.084984,test_acc===0.636364
INFO:root:epoch:256 train_eval_loss-->2.787400,train_acc-->0.997586,test_eval_loss-->11.089584,test_acc===0.633690
INFO:root:epoch:257 train_eval_loss-->2.787996,train_acc-->0.997586,test_eval_loss-->11.081137,test_acc===0.631016
INFO:root:epoch:258 train_eval_loss-->2.788577,train_acc-->0.997586,test_eval_loss-->11.082735,test_acc===0.641711
INFO:root:epoch:259 train_eval_loss-->2.792567,train_acc-->0.997586,test_eval_loss-->11.083743,test_acc===0.633690
INFO:root:epoch:260 train_eval_loss-->2.795105,train_acc-->0.998391,test_eval_loss-->11.089440,test_acc===0.641711
INFO:root:epoch:261 train_eval_loss-->2.806234,train_acc-->0.996782,test_eval_loss-->11.085191,test_acc===0.625668
INFO:root:epoch:262 train_eval_loss-->2.802239,train_acc-->0.998391,test_eval_loss-->11.093259,test_acc===0.609626
INFO:root:epoch:263 train_eval_loss-->2.805709,train_acc-->0.996782,test_eval_loss-->11.092112,test_acc===0.622995
INFO:root:epoch:264 train_eval_loss-->2.814661,train_acc-->0.997586,test_eval_loss-->11.088370,test_acc===0.633690
INFO:root:epoch:265 train_eval_loss-->2.816057,train_acc-->0.998391,test_eval_loss-->11.075983,test_acc===0.628342
INFO:root:epoch:266 train_eval_loss-->2.830741,train_acc-->0.998391,test_eval_loss-->11.081694,test_acc===0.628342
INFO:root:epoch:267 train_eval_loss-->2.853822,train_acc-->0.997586,test_eval_loss-->11.099877,test_acc===0.604278
INFO:root:epoch:268 train_eval_loss-->2.862706,train_acc-->0.995173,test_eval_loss-->11.074038,test_acc===0.617647
INFO:root:epoch:269 train_eval_loss-->2.929008,train_acc-->0.995173,test_eval_loss-->11.106946,test_acc===0.617647
INFO:root:epoch:270 train_eval_loss-->2.919443,train_acc-->0.998391,test_eval_loss-->11.079188,test_acc===0.628342
INFO:root:epoch:271 train_eval_loss-->2.906909,train_acc-->0.994368,test_eval_loss-->11.128134,test_acc===0.606952
INFO:root:epoch:272 train_eval_loss-->2.934938,train_acc-->0.998391,test_eval_loss-->11.140050,test_acc===0.598930
INFO:root:epoch:273 train_eval_loss-->2.960734,train_acc-->0.985519,test_eval_loss-->11.108832,test_acc===0.612299
INFO:root:epoch:274 train_eval_loss-->2.993335,train_acc-->0.988737,test_eval_loss-->11.196454,test_acc===0.516043
INFO:root:epoch:275 train_eval_loss-->3.026117,train_acc-->0.985519,test_eval_loss-->11.211892,test_acc===0.521390
INFO:root:epoch:276 train_eval_loss-->3.020412,train_acc-->0.979083,test_eval_loss-->11.124221,test_acc===0.582888
INFO:root:epoch:277 train_eval_loss-->3.003554,train_acc-->0.985519,test_eval_loss-->11.161888,test_acc===0.556150
INFO:root:epoch:278 train_eval_loss-->3.019515,train_acc-->0.971038,test_eval_loss-->11.131407,test_acc===0.572193
INFO:root:epoch:279 train_eval_loss-->3.006384,train_acc-->0.983910,test_eval_loss-->11.252482,test_acc===0.481283
INFO:root:epoch:280 train_eval_loss-->3.061548,train_acc-->0.976669,test_eval_loss-->11.223742,test_acc===0.508021
INFO:root:epoch:281 train_eval_loss-->3.142915,train_acc-->0.934835,test_eval_loss-->11.187768,test_acc===0.513369
INFO:root:epoch:282 train_eval_loss-->3.174925,train_acc-->0.915527,test_eval_loss-->11.184732,test_acc===0.577540
INFO:root:epoch:283 train_eval_loss-->3.160853,train_acc-->0.934835,test_eval_loss-->11.176298,test_acc===0.564171
INFO:root:epoch:284 train_eval_loss-->3.172274,train_acc-->0.928399,test_eval_loss-->11.206535,test_acc===0.518717
INFO:root:epoch:285 train_eval_loss-->3.239642,train_acc-->0.893805,test_eval_loss-->11.494023,test_acc===0.342246
INFO:root:epoch:286 train_eval_loss-->3.218252,train_acc-->0.901850,test_eval_loss-->11.150324,test_acc===0.564171
INFO:root:epoch:287 train_eval_loss-->3.210230,train_acc-->0.907482,test_eval_loss-->11.305659,test_acc===0.459893
INFO:root:epoch:288 train_eval_loss-->3.210479,train_acc-->0.898632,test_eval_loss-->11.233900,test_acc===0.494652
INFO:root:epoch:289 train_eval_loss-->3.259500,train_acc-->0.876911,test_eval_loss-->11.481725,test_acc===0.454545
INFO:root:epoch:290 train_eval_loss-->3.407011,train_acc-->0.846340,test_eval_loss-->11.277033,test_acc===0.502674
INFO:root:epoch:291 train_eval_loss-->3.333488,train_acc-->0.869670,test_eval_loss-->11.206487,test_acc===0.529412
INFO:root:epoch:292 train_eval_loss-->3.334938,train_acc-->0.890587,test_eval_loss-->11.319195,test_acc===0.457219
INFO:root:epoch:293 train_eval_loss-->3.532020,train_acc-->0.805310,test_eval_loss-->11.347087,test_acc===0.411765
INFO:root:epoch:294 train_eval_loss-->3.709707,train_acc-->0.732904,test_eval_loss-->11.507992,test_acc===0.422460
INFO:root:epoch:295 train_eval_loss-->3.642023,train_acc-->0.736122,test_eval_loss-->11.316584,test_acc===0.491979
INFO:root:epoch:296 train_eval_loss-->3.845234,train_acc-->0.646822,test_eval_loss-->11.367183,test_acc===0.435829
INFO:root:epoch:297 train_eval_loss-->3.668224,train_acc-->0.748994,test_eval_loss-->12.023211,test_acc===0.382353
INFO:root:epoch:298 train_eval_loss-->3.685573,train_acc-->0.725664,test_eval_loss-->11.405574,test_acc===0.318182
INFO:root:epoch:299 train_eval_loss-->3.520982,train_acc-->0.773130,test_eval_loss-->11.465014,test_acc===0.473262
INFO:root:epoch:300 train_eval_loss-->3.656493,train_acc-->0.772325,test_eval_loss-->11.488269,test_acc===0.425134
INFO:root:epoch:301 train_eval_loss-->3.580686,train_acc-->0.736122,test_eval_loss-->11.411018,test_acc===0.532086
INFO:root:epoch:302 train_eval_loss-->3.427132,train_acc-->0.821400,test_eval_loss-->11.403951,test_acc===0.524064
INFO:root:epoch:303 train_eval_loss-->3.362497,train_acc-->0.879324,test_eval_loss-->11.237100,test_acc===0.526738
INFO:root:epoch:304 train_eval_loss-->3.357604,train_acc-->0.855189,test_eval_loss-->11.160966,test_acc===0.572193
INFO:root:epoch:305 train_eval_loss-->3.450844,train_acc-->0.831858,test_eval_loss-->11.397479,test_acc===0.473262
INFO:root:epoch:306 train_eval_loss-->3.220325,train_acc-->0.916331,test_eval_loss-->11.349983,test_acc===0.430481
INFO:root:epoch:307 train_eval_loss-->3.238014,train_acc-->0.922767,test_eval_loss-->11.217147,test_acc===0.526738
INFO:root:epoch:308 train_eval_loss-->3.221565,train_acc-->0.936444,test_eval_loss-->11.274788,test_acc===0.457219
INFO:root:epoch:309 train_eval_loss-->3.217692,train_acc-->0.915527,test_eval_loss-->11.140943,test_acc===0.601604
INFO:root:epoch:310 train_eval_loss-->3.246605,train_acc-->0.884151,test_eval_loss-->11.159285,test_acc===0.596257
INFO:root:epoch:311 train_eval_loss-->3.162739,train_acc-->0.942880,test_eval_loss-->11.166727,test_acc===0.609626
INFO:root:epoch:312 train_eval_loss-->3.186568,train_acc-->0.930008,test_eval_loss-->11.315409,test_acc===0.473262
INFO:root:epoch:313 train_eval_loss-->3.284763,train_acc-->0.882542,test_eval_loss-->11.220313,test_acc===0.569519
INFO:root:epoch:314 train_eval_loss-->3.156289,train_acc-->0.943685,test_eval_loss-->11.384482,test_acc===0.558824
INFO:root:epoch:315 train_eval_loss-->3.108004,train_acc-->0.965406,test_eval_loss-->11.253258,test_acc===0.596257
INFO:root:epoch:316 train_eval_loss-->3.080329,train_acc-->0.972647,test_eval_loss-->11.393905,test_acc===0.443850
INFO:root:epoch:317 train_eval_loss-->3.158777,train_acc-->0.927595,test_eval_loss-->11.276878,test_acc===0.526738
INFO:root:epoch:318 train_eval_loss-->3.068195,train_acc-->0.977474,test_eval_loss-->11.222342,test_acc===0.593583
INFO:root:epoch:319 train_eval_loss-->3.040286,train_acc-->0.983910,test_eval_loss-->11.197194,test_acc===0.614973
INFO:root:epoch:320 train_eval_loss-->2.998236,train_acc-->0.987932,test_eval_loss-->11.204136,test_acc===0.588235
INFO:root:epoch:321 train_eval_loss-->2.958113,train_acc-->0.991955,test_eval_loss-->11.176220,test_acc===0.631016
INFO:root:epoch:322 train_eval_loss-->2.959050,train_acc-->0.993564,test_eval_loss-->11.162048,test_acc===0.652406
INFO:root:epoch:323 train_eval_loss-->2.944467,train_acc-->0.997586,test_eval_loss-->11.231565,test_acc===0.574866
INFO:root:epoch:324 train_eval_loss-->2.950755,train_acc-->0.990346,test_eval_loss-->11.175624,test_acc===0.625668
INFO:root:epoch:325 train_eval_loss-->2.929849,train_acc-->0.994368,test_eval_loss-->11.212596,test_acc===0.614973
INFO:root:epoch:326 train_eval_loss-->2.934479,train_acc-->0.994368,test_eval_loss-->11.158631,test_acc===0.649733
INFO:root:epoch:327 train_eval_loss-->2.900268,train_acc-->0.995977,test_eval_loss-->11.187040,test_acc===0.601604
INFO:root:epoch:328 train_eval_loss-->2.886511,train_acc-->0.997586,test_eval_loss-->11.195210,test_acc===0.596257
INFO:root:epoch:329 train_eval_loss-->2.894275,train_acc-->0.995173,test_eval_loss-->11.157379,test_acc===0.625668
INFO:root:epoch:330 train_eval_loss-->2.875889,train_acc-->0.997586,test_eval_loss-->11.168993,test_acc===0.606952
INFO:root:epoch:331 train_eval_loss-->2.874092,train_acc-->0.995977,test_eval_loss-->11.158608,test_acc===0.639037
INFO:root:epoch:332 train_eval_loss-->2.857944,train_acc-->0.997586,test_eval_loss-->11.150682,test_acc===0.620321
INFO:root:epoch:333 train_eval_loss-->2.844702,train_acc-->0.998391,test_eval_loss-->11.180767,test_acc===0.612299
INFO:root:epoch:334 train_eval_loss-->2.822552,train_acc-->0.998391,test_eval_loss-->11.163530,test_acc===0.631016
INFO:root:epoch:335 train_eval_loss-->2.830858,train_acc-->0.998391,test_eval_loss-->11.151592,test_acc===0.652406
INFO:root:epoch:336 train_eval_loss-->2.815373,train_acc-->0.998391,test_eval_loss-->11.163427,test_acc===0.636364
INFO:root:epoch:337 train_eval_loss-->2.801456,train_acc-->0.997586,test_eval_loss-->11.135946,test_acc===0.649733
INFO:root:epoch:338 train_eval_loss-->2.795834,train_acc-->0.998391,test_eval_loss-->11.139267,test_acc===0.649733
INFO:root:epoch:339 train_eval_loss-->2.791488,train_acc-->0.998391,test_eval_loss-->11.143281,test_acc===0.647059
INFO:root:epoch:340 train_eval_loss-->2.778677,train_acc-->0.998391,test_eval_loss-->11.139406,test_acc===0.644385
INFO:root:epoch:341 train_eval_loss-->2.777120,train_acc-->0.998391,test_eval_loss-->11.149085,test_acc===0.631016
INFO:root:epoch:342 train_eval_loss-->2.772257,train_acc-->0.998391,test_eval_loss-->11.136935,test_acc===0.657754
INFO:root:epoch:343 train_eval_loss-->2.767729,train_acc-->0.998391,test_eval_loss-->11.138961,test_acc===0.655080
INFO:root:epoch:344 train_eval_loss-->2.763375,train_acc-->0.998391,test_eval_loss-->11.142163,test_acc===0.652406
INFO:root:epoch:345 train_eval_loss-->2.763016,train_acc-->0.998391,test_eval_loss-->11.139909,test_acc===0.649733
INFO:root:epoch:346 train_eval_loss-->2.761398,train_acc-->0.998391,test_eval_loss-->11.140441,test_acc===0.644385
INFO:root:epoch:347 train_eval_loss-->2.758626,train_acc-->0.998391,test_eval_loss-->11.140270,test_acc===0.649733
INFO:root:epoch:348 train_eval_loss-->2.761376,train_acc-->0.998391,test_eval_loss-->11.142167,test_acc===0.657754
INFO:root:epoch:349 train_eval_loss-->2.757523,train_acc-->0.998391,test_eval_loss-->11.142785,test_acc===0.657754
INFO:root:epoch:350 train_eval_loss-->2.759977,train_acc-->0.998391,test_eval_loss-->11.141390,test_acc===0.644385
INFO:root:epoch:351 train_eval_loss-->2.754258,train_acc-->0.998391,test_eval_loss-->11.142977,test_acc===0.647059
INFO:root:epoch:352 train_eval_loss-->2.759741,train_acc-->0.998391,test_eval_loss-->11.144878,test_acc===0.639037
INFO:root:epoch:353 train_eval_loss-->2.756697,train_acc-->0.998391,test_eval_loss-->11.141864,test_acc===0.649733
INFO:root:epoch:354 train_eval_loss-->2.760987,train_acc-->0.998391,test_eval_loss-->11.139265,test_acc===0.655080
INFO:root:epoch:355 train_eval_loss-->2.760209,train_acc-->0.998391,test_eval_loss-->11.140468,test_acc===0.655080
INFO:root:epoch:356 train_eval_loss-->2.756953,train_acc-->0.998391,test_eval_loss-->11.134345,test_acc===0.655080
INFO:root:epoch:357 train_eval_loss-->2.764678,train_acc-->0.998391,test_eval_loss-->11.143083,test_acc===0.655080
INFO:root:epoch:358 train_eval_loss-->2.764548,train_acc-->0.998391,test_eval_loss-->11.143254,test_acc===0.660428
INFO:root:epoch:359 train_eval_loss-->2.762129,train_acc-->0.998391,test_eval_loss-->11.138905,test_acc===0.655080
INFO:root:epoch:360 train_eval_loss-->2.765764,train_acc-->0.998391,test_eval_loss-->11.142180,test_acc===0.639037
INFO:root:epoch:361 train_eval_loss-->2.767307,train_acc-->0.998391,test_eval_loss-->11.148706,test_acc===0.641711
INFO:root:epoch:362 train_eval_loss-->2.768501,train_acc-->0.998391,test_eval_loss-->11.146763,test_acc===0.644385
INFO:root:epoch:363 train_eval_loss-->2.774653,train_acc-->0.998391,test_eval_loss-->11.149805,test_acc===0.644385
INFO:root:epoch:364 train_eval_loss-->2.791905,train_acc-->0.998391,test_eval_loss-->11.151235,test_acc===0.647059
INFO:root:epoch:365 train_eval_loss-->2.798600,train_acc-->0.998391,test_eval_loss-->11.133463,test_acc===0.655080
INFO:root:epoch:366 train_eval_loss-->2.800539,train_acc-->0.998391,test_eval_loss-->11.151221,test_acc===0.649733
INFO:root:epoch:367 train_eval_loss-->2.821166,train_acc-->0.998391,test_eval_loss-->11.155694,test_acc===0.641711
INFO:root:epoch:368 train_eval_loss-->2.841354,train_acc-->0.998391,test_eval_loss-->11.148553,test_acc===0.644385
INFO:root:epoch:369 train_eval_loss-->2.859182,train_acc-->0.998391,test_eval_loss-->11.188678,test_acc===0.598930
INFO:root:epoch:370 train_eval_loss-->2.851499,train_acc-->0.998391,test_eval_loss-->11.141690,test_acc===0.644385
INFO:root:epoch:371 train_eval_loss-->2.927455,train_acc-->0.995977,test_eval_loss-->11.167674,test_acc===0.636364
INFO:root:epoch:372 train_eval_loss-->2.899473,train_acc-->0.997586,test_eval_loss-->11.211152,test_acc===0.604278
INFO:root:epoch:373 train_eval_loss-->2.938734,train_acc-->0.988737,test_eval_loss-->11.142599,test_acc===0.622995
INFO:root:epoch:374 train_eval_loss-->2.941796,train_acc-->0.997586,test_eval_loss-->11.185581,test_acc===0.588235
INFO:root:epoch:375 train_eval_loss-->2.953620,train_acc-->0.995977,test_eval_loss-->11.194650,test_acc===0.598930
INFO:root:epoch:376 train_eval_loss-->2.962326,train_acc-->0.995977,test_eval_loss-->11.182705,test_acc===0.617647
INFO:root:epoch:377 train_eval_loss-->2.999835,train_acc-->0.991150,test_eval_loss-->11.224052,test_acc===0.585561
INFO:root:epoch:378 train_eval_loss-->2.984661,train_acc-->0.993564,test_eval_loss-->11.234031,test_acc===0.566845
INFO:root:epoch:379 train_eval_loss-->3.063010,train_acc-->0.971842,test_eval_loss-->11.263177,test_acc===0.577540
INFO:root:epoch:380 train_eval_loss-->3.046349,train_acc-->0.991955,test_eval_loss-->11.221892,test_acc===0.564171
INFO:root:epoch:381 train_eval_loss-->3.121286,train_acc-->0.942076,test_eval_loss-->11.327998,test_acc===0.540107
INFO:root:epoch:382 train_eval_loss-->3.033197,train_acc-->0.979083,test_eval_loss-->11.239622,test_acc===0.596257
INFO:root:epoch:383 train_eval_loss-->3.004786,train_acc-->0.987128,test_eval_loss-->11.361115,test_acc===0.457219
INFO:root:epoch:384 train_eval_loss-->3.166241,train_acc-->0.925181,test_eval_loss-->11.254759,test_acc===0.577540
INFO:root:epoch:385 train_eval_loss-->3.130996,train_acc-->0.950121,test_eval_loss-->11.245868,test_acc===0.596257
INFO:root:epoch:386 train_eval_loss-->3.079158,train_acc-->0.970233,test_eval_loss-->11.202237,test_acc===0.604278
INFO:root:epoch:387 train_eval_loss-->3.085924,train_acc-->0.965406,test_eval_loss-->11.343632,test_acc===0.465241
INFO:root:epoch:388 train_eval_loss-->3.116315,train_acc-->0.947707,test_eval_loss-->11.325244,test_acc===0.526738
INFO:root:epoch:389 train_eval_loss-->3.173013,train_acc-->0.934031,test_eval_loss-->11.359141,test_acc===0.419786
INFO:root:epoch:390 train_eval_loss-->3.120667,train_acc-->0.953339,test_eval_loss-->11.265625,test_acc===0.526738
INFO:root:epoch:391 train_eval_loss-->3.082541,train_acc-->0.975865,test_eval_loss-->11.251955,test_acc===0.556150
INFO:root:epoch:392 train_eval_loss-->3.081254,train_acc-->0.986323,test_eval_loss-->11.280517,test_acc===0.540107
INFO:root:epoch:393 train_eval_loss-->3.129947,train_acc-->0.960579,test_eval_loss-->11.237716,test_acc===0.550802
INFO:root:epoch:394 train_eval_loss-->3.168134,train_acc-->0.946903,test_eval_loss-->11.308095,test_acc===0.497326
INFO:root:epoch:395 train_eval_loss-->3.122251,train_acc-->0.951730,test_eval_loss-->11.221060,test_acc===0.588235
INFO:root:epoch:396 train_eval_loss-->3.050827,train_acc-->0.985519,test_eval_loss-->11.249863,test_acc===0.593583
INFO:root:epoch:397 train_eval_loss-->3.108923,train_acc-->0.957361,test_eval_loss-->11.255550,test_acc===0.550802
INFO:root:epoch:398 train_eval_loss-->3.168778,train_acc-->0.910700,test_eval_loss-->11.270267,test_acc===0.585561
INFO:root:epoch:399 train_eval_loss-->3.085868,train_acc-->0.977474,test_eval_loss-->11.489239,test_acc===0.457219
INFO:root:epoch:400 train_eval_loss-->3.241245,train_acc-->0.909895,test_eval_loss-->11.495916,test_acc===0.387701
INFO:root:epoch:401 train_eval_loss-->3.269695,train_acc-->0.930008,test_eval_loss-->11.425108,test_acc===0.467914
INFO:root:epoch:402 train_eval_loss-->3.270674,train_acc-->0.925181,test_eval_loss-->11.947474,test_acc===0.516043
INFO:root:epoch:403 train_eval_loss-->3.531850,train_acc-->0.804505,test_eval_loss-->11.427933,test_acc===0.406417
INFO:root:epoch:404 train_eval_loss-->3.650118,train_acc-->0.787611,test_eval_loss-->12.956850,test_acc===0.245989
INFO:root:epoch:405 train_eval_loss-->3.724799,train_acc-->0.768302,test_eval_loss-->11.791572,test_acc===0.433155
INFO:root:epoch:406 train_eval_loss-->3.516137,train_acc-->0.839903,test_eval_loss-->11.560910,test_acc===0.489305
INFO:root:epoch:407 train_eval_loss-->3.441587,train_acc-->0.884151,test_eval_loss-->11.615990,test_acc===0.502674
INFO:root:epoch:408 train_eval_loss-->3.361761,train_acc-->0.888174,test_eval_loss-->11.574573,test_acc===0.542781
INFO:root:epoch:409 train_eval_loss-->3.454442,train_acc-->0.884151,test_eval_loss-->11.701432,test_acc===0.296791
INFO:root:epoch:410 train_eval_loss-->3.455098,train_acc-->0.846340,test_eval_loss-->11.444418,test_acc===0.537433
INFO:root:epoch:411 train_eval_loss-->3.251273,train_acc-->0.930008,test_eval_loss-->11.473715,test_acc===0.574866
INFO:root:epoch:412 train_eval_loss-->3.112968,train_acc-->0.977474,test_eval_loss-->11.357800,test_acc===0.574866
INFO:root:epoch:413 train_eval_loss-->3.253723,train_acc-->0.955752,test_eval_loss-->11.445012,test_acc===0.540107
INFO:root:epoch:414 train_eval_loss-->3.258798,train_acc-->0.929204,test_eval_loss-->11.685178,test_acc===0.526738
INFO:root:epoch:415 train_eval_loss-->3.153196,train_acc-->0.965406,test_eval_loss-->11.407580,test_acc===0.569519
INFO:root:epoch:416 train_eval_loss-->3.183226,train_acc-->0.962993,test_eval_loss-->11.440563,test_acc===0.545455
INFO:root:epoch:417 train_eval_loss-->3.257944,train_acc-->0.942880,test_eval_loss-->11.548884,test_acc===0.548128
INFO:root:epoch:418 train_eval_loss-->3.112471,train_acc-->0.978278,test_eval_loss-->11.399782,test_acc===0.540107
INFO:root:epoch:419 train_eval_loss-->3.031214,train_acc-->0.983910,test_eval_loss-->11.393246,test_acc===0.580214
INFO:root:epoch:420 train_eval_loss-->2.985148,train_acc-->0.989541,test_eval_loss-->11.380677,test_acc===0.582888
INFO:root:epoch:421 train_eval_loss-->2.961286,train_acc-->0.996782,test_eval_loss-->11.377295,test_acc===0.577540
INFO:root:epoch:422 train_eval_loss-->2.986572,train_acc-->0.998391,test_eval_loss-->11.376953,test_acc===0.585561
INFO:root:epoch:423 train_eval_loss-->2.940020,train_acc-->0.996782,test_eval_loss-->11.348587,test_acc===0.577540
INFO:root:epoch:424 train_eval_loss-->2.924993,train_acc-->0.995173,test_eval_loss-->11.365270,test_acc===0.588235
INFO:root:epoch:425 train_eval_loss-->2.920512,train_acc-->0.999195,test_eval_loss-->11.367774,test_acc===0.598930
INFO:root:epoch:426 train_eval_loss-->2.969103,train_acc-->0.992759,test_eval_loss-->11.404950,test_acc===0.569519
INFO:root:epoch:427 train_eval_loss-->2.967180,train_acc-->0.995977,test_eval_loss-->11.348303,test_acc===0.604278
INFO:root:epoch:428 train_eval_loss-->2.906629,train_acc-->0.998391,test_eval_loss-->11.339678,test_acc===0.604278
INFO:root:epoch:429 train_eval_loss-->2.886644,train_acc-->0.998391,test_eval_loss-->11.349456,test_acc===0.582888
INFO:root:epoch:430 train_eval_loss-->2.882665,train_acc-->0.999195,test_eval_loss-->11.334063,test_acc===0.617647
INFO:root:epoch:431 train_eval_loss-->2.863541,train_acc-->0.998391,test_eval_loss-->11.314726,test_acc===0.617647
INFO:root:epoch:432 train_eval_loss-->2.852455,train_acc-->0.999195,test_eval_loss-->11.324462,test_acc===0.606952
INFO:root:epoch:433 train_eval_loss-->2.828582,train_acc-->0.999195,test_eval_loss-->11.339160,test_acc===0.622995
INFO:root:epoch:434 train_eval_loss-->2.831304,train_acc-->0.998391,test_eval_loss-->11.332812,test_acc===0.601604
INFO:root:epoch:435 train_eval_loss-->2.810027,train_acc-->0.999195,test_eval_loss-->11.334107,test_acc===0.617647
INFO:root:epoch:436 train_eval_loss-->2.806685,train_acc-->0.999195,test_eval_loss-->11.329476,test_acc===0.614973
INFO:root:epoch:437 train_eval_loss-->2.798117,train_acc-->0.998391,test_eval_loss-->11.332304,test_acc===0.614973
INFO:root:epoch:438 train_eval_loss-->2.794968,train_acc-->0.999195,test_eval_loss-->11.329415,test_acc===0.606952
INFO:root:epoch:439 train_eval_loss-->2.785589,train_acc-->0.998391,test_eval_loss-->11.325287,test_acc===0.620321
INFO:root:epoch:440 train_eval_loss-->2.782478,train_acc-->0.998391,test_eval_loss-->11.320136,test_acc===0.620321
INFO:root:epoch:441 train_eval_loss-->2.778265,train_acc-->0.999195,test_eval_loss-->11.325008,test_acc===0.617647
INFO:root:epoch:442 train_eval_loss-->2.771775,train_acc-->0.999195,test_eval_loss-->11.325443,test_acc===0.620321
INFO:root:epoch:443 train_eval_loss-->2.767347,train_acc-->0.999195,test_eval_loss-->11.328474,test_acc===0.617647
INFO:root:epoch:444 train_eval_loss-->2.765965,train_acc-->0.999195,test_eval_loss-->11.330265,test_acc===0.614973
INFO:root:epoch:445 train_eval_loss-->2.765372,train_acc-->0.998391,test_eval_loss-->11.324077,test_acc===0.620321
INFO:root:epoch:446 train_eval_loss-->2.761723,train_acc-->0.998391,test_eval_loss-->11.321360,test_acc===0.625668
INFO:root:epoch:447 train_eval_loss-->2.759290,train_acc-->0.998391,test_eval_loss-->11.321167,test_acc===0.614973
INFO:root:epoch:448 train_eval_loss-->2.760127,train_acc-->0.999195,test_eval_loss-->11.319848,test_acc===0.622995
INFO:root:epoch:449 train_eval_loss-->2.760518,train_acc-->0.998391,test_eval_loss-->11.327251,test_acc===0.620321
INFO:root:epoch:450 train_eval_loss-->2.756264,train_acc-->0.998391,test_eval_loss-->11.321108,test_acc===0.614973
INFO:root:epoch:451 train_eval_loss-->2.752860,train_acc-->0.998391,test_eval_loss-->11.328803,test_acc===0.614973
INFO:root:epoch:452 train_eval_loss-->2.756499,train_acc-->0.998391,test_eval_loss-->11.320921,test_acc===0.620321
INFO:root:epoch:453 train_eval_loss-->2.760277,train_acc-->0.999195,test_eval_loss-->11.319781,test_acc===0.617647
INFO:root:epoch:454 train_eval_loss-->2.762286,train_acc-->0.999195,test_eval_loss-->11.321125,test_acc===0.622995
INFO:root:epoch:455 train_eval_loss-->2.759842,train_acc-->0.999195,test_eval_loss-->11.325915,test_acc===0.612299
INFO:root:epoch:456 train_eval_loss-->2.758910,train_acc-->0.999195,test_eval_loss-->11.320373,test_acc===0.617647
INFO:root:epoch:457 train_eval_loss-->2.760817,train_acc-->0.998391,test_eval_loss-->11.321855,test_acc===0.606952
INFO:root:epoch:458 train_eval_loss-->2.763266,train_acc-->0.999195,test_eval_loss-->11.321891,test_acc===0.628342
INFO:root:epoch:459 train_eval_loss-->2.766054,train_acc-->0.999195,test_eval_loss-->11.323956,test_acc===0.628342
INFO:root:epoch:460 train_eval_loss-->2.767332,train_acc-->0.999195,test_eval_loss-->11.326204,test_acc===0.612299
INFO:root:epoch:461 train_eval_loss-->2.769250,train_acc-->0.999195,test_eval_loss-->11.312400,test_acc===0.625668
INFO:root:epoch:462 train_eval_loss-->2.775924,train_acc-->0.999195,test_eval_loss-->11.323231,test_acc===0.617647
INFO:root:epoch:463 train_eval_loss-->2.784597,train_acc-->0.998391,test_eval_loss-->11.316033,test_acc===0.636364
INFO:root:epoch:464 train_eval_loss-->2.795262,train_acc-->0.999195,test_eval_loss-->11.316917,test_acc===0.606952
INFO:root:epoch:465 train_eval_loss-->2.803409,train_acc-->0.999195,test_eval_loss-->11.532951,test_acc===0.558824
INFO:root:epoch:466 train_eval_loss-->2.809666,train_acc-->0.998391,test_eval_loss-->11.319891,test_acc===0.620321
INFO:root:epoch:467 train_eval_loss-->2.805264,train_acc-->0.999195,test_eval_loss-->11.313553,test_acc===0.622995
INFO:root:epoch:468 train_eval_loss-->2.814262,train_acc-->0.999195,test_eval_loss-->11.319742,test_acc===0.625668
INFO:root:epoch:469 train_eval_loss-->2.839279,train_acc-->0.999195,test_eval_loss-->11.330606,test_acc===0.612299
INFO:root:epoch:470 train_eval_loss-->2.848400,train_acc-->0.998391,test_eval_loss-->11.339819,test_acc===0.585561
INFO:root:epoch:471 train_eval_loss-->2.872094,train_acc-->0.992759,test_eval_loss-->11.353923,test_acc===0.593583
INFO:root:epoch:472 train_eval_loss-->2.890217,train_acc-->0.997586,test_eval_loss-->11.345104,test_acc===0.598930
INFO:root:epoch:473 train_eval_loss-->2.916110,train_acc-->0.996782,test_eval_loss-->11.354909,test_acc===0.604278
INFO:root:epoch:474 train_eval_loss-->2.895447,train_acc-->0.999195,test_eval_loss-->11.355715,test_acc===0.598930
INFO:root:epoch:475 train_eval_loss-->2.905799,train_acc-->0.995977,test_eval_loss-->11.359218,test_acc===0.572193
INFO:root:epoch:476 train_eval_loss-->2.926702,train_acc-->0.993564,test_eval_loss-->11.369561,test_acc===0.593583
INFO:root:epoch:477 train_eval_loss-->2.960522,train_acc-->0.995977,test_eval_loss-->11.342758,test_acc===0.561497
INFO:root:epoch:478 train_eval_loss-->2.993320,train_acc-->0.999195,test_eval_loss-->11.297299,test_acc===0.639037
INFO:root:epoch:479 train_eval_loss-->2.976202,train_acc-->0.992759,test_eval_loss-->11.370503,test_acc===0.574866
INFO:root:epoch:480 train_eval_loss-->3.003892,train_acc-->0.992759,test_eval_loss-->11.445665,test_acc===0.521390
INFO:root:epoch:481 train_eval_loss-->2.992002,train_acc-->0.995977,test_eval_loss-->11.354832,test_acc===0.564171
INFO:root:epoch:482 train_eval_loss-->2.987937,train_acc-->0.990346,test_eval_loss-->11.314717,test_acc===0.622995
INFO:root:epoch:483 train_eval_loss-->3.058794,train_acc-->0.992759,test_eval_loss-->11.443685,test_acc===0.500000
INFO:root:epoch:484 train_eval_loss-->3.127907,train_acc-->0.968624,test_eval_loss-->11.453889,test_acc===0.497326
INFO:root:epoch:485 train_eval_loss-->3.056818,train_acc-->0.987128,test_eval_loss-->11.379001,test_acc===0.577540
INFO:root:epoch:486 train_eval_loss-->3.074559,train_acc-->0.982301,test_eval_loss-->11.376400,test_acc===0.585561
INFO:root:epoch:487 train_eval_loss-->3.156115,train_acc-->0.957361,test_eval_loss-->11.422647,test_acc===0.516043
INFO:root:epoch:488 train_eval_loss-->3.174182,train_acc-->0.955752,test_eval_loss-->11.357170,test_acc===0.580214
INFO:root:epoch:489 train_eval_loss-->3.128361,train_acc-->0.972647,test_eval_loss-->11.374363,test_acc===0.572193
INFO:root:epoch:490 train_eval_loss-->3.074802,train_acc-->0.989541,test_eval_loss-->11.370654,test_acc===0.548128
INFO:root:epoch:491 train_eval_loss-->3.085188,train_acc-->0.983910,test_eval_loss-->11.437747,test_acc===0.569519
INFO:root:epoch:492 train_eval_loss-->3.054103,train_acc-->0.976669,test_eval_loss-->11.393658,test_acc===0.577540
INFO:root:epoch:493 train_eval_loss-->3.057888,train_acc-->0.985519,test_eval_loss-->11.343632,test_acc===0.588235
INFO:root:epoch:494 train_eval_loss-->3.045315,train_acc-->0.991150,test_eval_loss-->11.380313,test_acc===0.572193
INFO:root:epoch:495 train_eval_loss-->3.098062,train_acc-->0.978278,test_eval_loss-->11.351734,test_acc===0.628342
INFO:root:epoch:496 train_eval_loss-->3.067141,train_acc-->0.991955,test_eval_loss-->11.396250,test_acc===0.577540
INFO:root:epoch:497 train_eval_loss-->3.067645,train_acc-->0.987128,test_eval_loss-->11.316884,test_acc===0.593583
INFO:root:epoch:498 train_eval_loss-->3.103406,train_acc-->0.956557,test_eval_loss-->11.483763,test_acc===0.406417
INFO:root:epoch:499 train_eval_loss-->3.132064,train_acc-->0.960579,test_eval_loss-->11.457546,test_acc===0.470588
INFO:root:epoch:500 train_eval_loss-->3.079429,train_acc-->0.978278,test_eval_loss-->11.410355,test_acc===0.526738
INFO:root:epoch:501 train_eval_loss-->3.084714,train_acc-->0.976669,test_eval_loss-->11.473745,test_acc===0.542781
INFO:root:epoch:502 train_eval_loss-->3.105878,train_acc-->0.974256,test_eval_loss-->11.395090,test_acc===0.518717
INFO:root:epoch:503 train_eval_loss-->3.125548,train_acc-->0.952534,test_eval_loss-->11.418245,test_acc===0.532086
INFO:root:epoch:504 train_eval_loss-->3.091914,train_acc-->0.962993,test_eval_loss-->11.472091,test_acc===0.524064
INFO:root:epoch:505 train_eval_loss-->3.099347,train_acc-->0.985519,test_eval_loss-->11.357127,test_acc===0.580214
INFO:root:epoch:506 train_eval_loss-->3.074494,train_acc-->0.976669,test_eval_loss-->11.313858,test_acc===0.601604
INFO:root:epoch:507 train_eval_loss-->3.010888,train_acc-->0.997586,test_eval_loss-->11.446760,test_acc===0.486631
INFO:root:epoch:508 train_eval_loss-->3.024607,train_acc-->0.982301,test_eval_loss-->11.336508,test_acc===0.582888
INFO:root:epoch:509 train_eval_loss-->3.018750,train_acc-->0.995173,test_eval_loss-->11.353261,test_acc===0.580214
INFO:root:epoch:510 train_eval_loss-->3.079845,train_acc-->0.970233,test_eval_loss-->11.360620,test_acc===0.574866
INFO:root:epoch:511 train_eval_loss-->3.040333,train_acc-->0.985519,test_eval_loss-->11.418319,test_acc===0.540107
INFO:root:epoch:512 train_eval_loss-->3.095998,train_acc-->0.959775,test_eval_loss-->11.303342,test_acc===0.593583
INFO:root:epoch:513 train_eval_loss-->3.033460,train_acc-->0.983910,test_eval_loss-->11.318110,test_acc===0.628342
INFO:root:epoch:514 train_eval_loss-->2.991472,train_acc-->0.997586,test_eval_loss-->11.334106,test_acc===0.617647
INFO:root:epoch:515 train_eval_loss-->2.939561,train_acc-->0.996782,test_eval_loss-->11.358246,test_acc===0.601604
INFO:root:epoch:516 train_eval_loss-->2.961346,train_acc-->0.990346,test_eval_loss-->11.351510,test_acc===0.585561
INFO:root:epoch:517 train_eval_loss-->2.928443,train_acc-->0.995977,test_eval_loss-->11.318103,test_acc===0.620321
INFO:root:epoch:518 train_eval_loss-->2.929156,train_acc-->0.995977,test_eval_loss-->11.311827,test_acc===0.614973
INFO:root:epoch:519 train_eval_loss-->2.905647,train_acc-->0.999195,test_eval_loss-->11.336992,test_acc===0.585561
INFO:root:epoch:520 train_eval_loss-->2.890489,train_acc-->0.999195,test_eval_loss-->11.302188,test_acc===0.617647
INFO:root:epoch:521 train_eval_loss-->2.883710,train_acc-->0.999195,test_eval_loss-->11.336053,test_acc===0.585561
INFO:root:epoch:522 train_eval_loss-->2.891517,train_acc-->0.991955,test_eval_loss-->11.275094,test_acc===0.641711
INFO:root:epoch:523 train_eval_loss-->2.875431,train_acc-->0.999195,test_eval_loss-->11.328412,test_acc===0.582888
INFO:root:epoch:524 train_eval_loss-->2.884136,train_acc-->0.999195,test_eval_loss-->11.316986,test_acc===0.617647
INFO:root:epoch:525 train_eval_loss-->2.874384,train_acc-->0.999195,test_eval_loss-->11.304178,test_acc===0.644385
INFO:root:epoch:526 train_eval_loss-->2.870483,train_acc-->0.999195,test_eval_loss-->11.279370,test_acc===0.641711
INFO:root:epoch:527 train_eval_loss-->2.850897,train_acc-->0.999195,test_eval_loss-->11.281391,test_acc===0.631016
INFO:root:epoch:528 train_eval_loss-->2.818797,train_acc-->0.998391,test_eval_loss-->11.288333,test_acc===0.631016
INFO:root:epoch:529 train_eval_loss-->2.822253,train_acc-->0.999195,test_eval_loss-->11.279456,test_acc===0.625668
INFO:root:epoch:530 train_eval_loss-->2.792236,train_acc-->0.999195,test_eval_loss-->11.286478,test_acc===0.620321
INFO:root:epoch:531 train_eval_loss-->2.795629,train_acc-->0.999195,test_eval_loss-->11.251901,test_acc===0.649733
INFO:root:epoch:532 train_eval_loss-->2.780647,train_acc-->0.999195,test_eval_loss-->11.264083,test_acc===0.636364
INFO:root:epoch:533 train_eval_loss-->2.768244,train_acc-->0.999195,test_eval_loss-->11.278816,test_acc===0.628342
INFO:root:epoch:534 train_eval_loss-->2.762062,train_acc-->0.999195,test_eval_loss-->11.278638,test_acc===0.612299
INFO:root:epoch:535 train_eval_loss-->2.742387,train_acc-->0.999195,test_eval_loss-->11.276399,test_acc===0.622995
INFO:root:epoch:536 train_eval_loss-->2.735514,train_acc-->0.999195,test_eval_loss-->11.259485,test_acc===0.641711
INFO:root:epoch:537 train_eval_loss-->2.724424,train_acc-->0.999195,test_eval_loss-->11.271038,test_acc===0.633690
INFO:root:epoch:538 train_eval_loss-->2.714860,train_acc-->0.999195,test_eval_loss-->11.259641,test_acc===0.620321
INFO:root:epoch:539 train_eval_loss-->2.713439,train_acc-->0.999195,test_eval_loss-->11.263625,test_acc===0.639037
INFO:root:epoch:540 train_eval_loss-->2.714169,train_acc-->0.999195,test_eval_loss-->11.263611,test_acc===0.636364
INFO:root:epoch:541 train_eval_loss-->2.708519,train_acc-->0.999195,test_eval_loss-->11.266818,test_acc===0.641711
INFO:root:epoch:542 train_eval_loss-->2.700869,train_acc-->0.999195,test_eval_loss-->11.259868,test_acc===0.641711
INFO:root:epoch:543 train_eval_loss-->2.700116,train_acc-->0.999195,test_eval_loss-->11.260864,test_acc===0.625668
INFO:root:epoch:544 train_eval_loss-->2.692818,train_acc-->0.999195,test_eval_loss-->11.263771,test_acc===0.636364
INFO:root:epoch:545 train_eval_loss-->2.689289,train_acc-->0.999195,test_eval_loss-->11.265337,test_acc===0.639037
INFO:root:epoch:546 train_eval_loss-->2.691256,train_acc-->0.999195,test_eval_loss-->11.260883,test_acc===0.639037
INFO:root:epoch:547 train_eval_loss-->2.688891,train_acc-->0.999195,test_eval_loss-->11.259906,test_acc===0.636364
INFO:root:epoch:548 train_eval_loss-->2.687581,train_acc-->0.999195,test_eval_loss-->11.266874,test_acc===0.639037
INFO:root:epoch:549 train_eval_loss-->2.687265,train_acc-->0.999195,test_eval_loss-->11.265038,test_acc===0.641711
INFO:root:epoch:550 train_eval_loss-->2.685101,train_acc-->0.999195,test_eval_loss-->11.264313,test_acc===0.641711
INFO:root:epoch:551 train_eval_loss-->2.685147,train_acc-->0.999195,test_eval_loss-->11.258927,test_acc===0.636364
INFO:root:epoch:552 train_eval_loss-->2.685601,train_acc-->0.999195,test_eval_loss-->11.261332,test_acc===0.639037
INFO:root:epoch:553 train_eval_loss-->2.683780,train_acc-->0.999195,test_eval_loss-->11.256252,test_acc===0.633690
INFO:root:epoch:554 train_eval_loss-->2.684972,train_acc-->0.999195,test_eval_loss-->11.261397,test_acc===0.639037
INFO:root:epoch:555 train_eval_loss-->2.687917,train_acc-->0.999195,test_eval_loss-->11.261009,test_acc===0.631016
INFO:root:epoch:556 train_eval_loss-->2.689067,train_acc-->0.999195,test_eval_loss-->11.267720,test_acc===0.628342
INFO:root:epoch:557 train_eval_loss-->2.691717,train_acc-->0.999195,test_eval_loss-->11.259054,test_acc===0.636364
INFO:root:epoch:558 train_eval_loss-->2.692789,train_acc-->0.999195,test_eval_loss-->11.258619,test_acc===0.641711
INFO:root:epoch:559 train_eval_loss-->2.691805,train_acc-->0.999195,test_eval_loss-->11.263525,test_acc===0.628342
INFO:root:epoch:560 train_eval_loss-->2.694371,train_acc-->0.999195,test_eval_loss-->11.267298,test_acc===0.633690
INFO:root:epoch:561 train_eval_loss-->2.701238,train_acc-->0.999195,test_eval_loss-->11.255668,test_acc===0.641711
INFO:root:epoch:562 train_eval_loss-->2.705451,train_acc-->0.999195,test_eval_loss-->11.262313,test_acc===0.631016
INFO:root:epoch:563 train_eval_loss-->2.705347,train_acc-->0.999195,test_eval_loss-->11.268310,test_acc===0.633690
INFO:root:epoch:564 train_eval_loss-->2.721581,train_acc-->0.999195,test_eval_loss-->11.268364,test_acc===0.639037
INFO:root:epoch:565 train_eval_loss-->2.726983,train_acc-->0.999195,test_eval_loss-->11.270929,test_acc===0.631016
INFO:root:epoch:566 train_eval_loss-->2.724735,train_acc-->0.999195,test_eval_loss-->11.254294,test_acc===0.628342
INFO:root:epoch:567 train_eval_loss-->2.738124,train_acc-->0.999195,test_eval_loss-->11.277024,test_acc===0.628342
INFO:root:epoch:568 train_eval_loss-->2.755600,train_acc-->0.999195,test_eval_loss-->11.280506,test_acc===0.617647
INFO:root:epoch:569 train_eval_loss-->2.762429,train_acc-->0.999195,test_eval_loss-->11.282951,test_acc===0.614973
INFO:root:epoch:570 train_eval_loss-->2.791784,train_acc-->0.999195,test_eval_loss-->11.263561,test_acc===0.625668
INFO:root:epoch:571 train_eval_loss-->2.791390,train_acc-->0.999195,test_eval_loss-->11.287976,test_acc===0.612299
INFO:root:epoch:572 train_eval_loss-->2.807452,train_acc-->0.995977,test_eval_loss-->11.269873,test_acc===0.612299
INFO:root:epoch:573 train_eval_loss-->2.821167,train_acc-->0.999195,test_eval_loss-->11.254940,test_acc===0.636364
INFO:root:epoch:574 train_eval_loss-->2.833268,train_acc-->0.998391,test_eval_loss-->11.298823,test_acc===0.622995
INFO:root:epoch:575 train_eval_loss-->2.835119,train_acc-->0.999195,test_eval_loss-->11.273105,test_acc===0.631016
INFO:root:epoch:576 train_eval_loss-->2.851858,train_acc-->0.997586,test_eval_loss-->11.282006,test_acc===0.633690
INFO:root:epoch:577 train_eval_loss-->2.892252,train_acc-->0.995977,test_eval_loss-->11.452218,test_acc===0.478610
INFO:root:epoch:578 train_eval_loss-->3.004539,train_acc-->0.987932,test_eval_loss-->11.333661,test_acc===0.574866
INFO:root:epoch:579 train_eval_loss-->2.933495,train_acc-->0.999195,test_eval_loss-->11.298947,test_acc===0.625668
INFO:root:epoch:580 train_eval_loss-->2.914105,train_acc-->0.992759,test_eval_loss-->11.302852,test_acc===0.606952
INFO:root:epoch:581 train_eval_loss-->3.006425,train_acc-->0.986323,test_eval_loss-->11.361115,test_acc===0.582888
INFO:root:epoch:582 train_eval_loss-->2.940370,train_acc-->0.999195,test_eval_loss-->11.317786,test_acc===0.585561
INFO:root:epoch:583 train_eval_loss-->2.952047,train_acc-->0.998391,test_eval_loss-->11.403193,test_acc===0.540107
INFO:root:epoch:584 train_eval_loss-->2.960265,train_acc-->0.995977,test_eval_loss-->11.261356,test_acc===0.614973
INFO:root:epoch:585 train_eval_loss-->2.983680,train_acc-->0.989541,test_eval_loss-->11.357379,test_acc===0.588235
INFO:root:epoch:586 train_eval_loss-->2.977170,train_acc-->0.993564,test_eval_loss-->11.422926,test_acc===0.526738
INFO:root:epoch:587 train_eval_loss-->3.033673,train_acc-->0.981496,test_eval_loss-->11.383693,test_acc===0.516043
INFO:root:epoch:588 train_eval_loss-->3.061098,train_acc-->0.971038,test_eval_loss-->11.368697,test_acc===0.529412
INFO:root:epoch:589 train_eval_loss-->2.980841,train_acc-->0.987932,test_eval_loss-->11.340642,test_acc===0.593583
INFO:root:epoch:590 train_eval_loss-->3.035081,train_acc-->0.982301,test_eval_loss-->11.383596,test_acc===0.564171
INFO:root:epoch:591 train_eval_loss-->3.033905,train_acc-->0.984714,test_eval_loss-->11.364690,test_acc===0.577540
INFO:root:epoch:592 train_eval_loss-->3.031607,train_acc-->0.978278,test_eval_loss-->11.394026,test_acc===0.561497
INFO:root:epoch:593 train_eval_loss-->3.059495,train_acc-->0.984714,test_eval_loss-->11.403603,test_acc===0.542781
INFO:root:epoch:594 train_eval_loss-->3.054696,train_acc-->0.978278,test_eval_loss-->11.388270,test_acc===0.548128
INFO:root:epoch:595 train_eval_loss-->3.030033,train_acc-->0.991955,test_eval_loss-->11.298379,test_acc===0.526738
INFO:root:epoch:596 train_eval_loss-->3.156931,train_acc-->0.933226,test_eval_loss-->11.383275,test_acc===0.510695
INFO:root:epoch:597 train_eval_loss-->3.021890,train_acc-->0.994368,test_eval_loss-->11.309010,test_acc===0.625668
INFO:root:epoch:598 train_eval_loss-->2.993114,train_acc-->0.995173,test_eval_loss-->11.387443,test_acc===0.545455
INFO:root:epoch:599 train_eval_loss-->3.028276,train_acc-->0.987932,test_eval_loss-->11.400927,test_acc===0.580214
INFO:root:epoch:600 train_eval_loss-->3.027753,train_acc-->0.987932,test_eval_loss-->11.382607,test_acc===0.529412
INFO:root:epoch:601 train_eval_loss-->3.056393,train_acc-->0.971842,test_eval_loss-->11.422222,test_acc===0.481283
INFO:root:epoch:602 train_eval_loss-->3.044960,train_acc-->0.972647,test_eval_loss-->11.334485,test_acc===0.614973
INFO:root:epoch:603 train_eval_loss-->3.031711,train_acc-->0.974256,test_eval_loss-->11.353180,test_acc===0.566845
INFO:root:epoch:604 train_eval_loss-->3.036080,train_acc-->0.989541,test_eval_loss-->11.283472,test_acc===0.606952
INFO:root:epoch:605 train_eval_loss-->2.983188,train_acc-->0.995173,test_eval_loss-->11.339772,test_acc===0.631016
INFO:root:epoch:606 train_eval_loss-->2.994150,train_acc-->0.987128,test_eval_loss-->11.358589,test_acc===0.569519
INFO:root:epoch:607 train_eval_loss-->2.997478,train_acc-->0.987932,test_eval_loss-->11.337704,test_acc===0.580214
INFO:root:epoch:608 train_eval_loss-->2.983541,train_acc-->0.995977,test_eval_loss-->11.272874,test_acc===0.617647
INFO:root:epoch:609 train_eval_loss-->2.979081,train_acc-->0.989541,test_eval_loss-->11.309768,test_acc===0.601604
INFO:root:epoch:610 train_eval_loss-->2.988223,train_acc-->0.993564,test_eval_loss-->11.371475,test_acc===0.564171
INFO:root:epoch:611 train_eval_loss-->2.945104,train_acc-->0.995977,test_eval_loss-->11.346180,test_acc===0.582888
INFO:root:epoch:612 train_eval_loss-->2.933842,train_acc-->0.997586,test_eval_loss-->11.284872,test_acc===0.609626
INFO:root:epoch:613 train_eval_loss-->2.937082,train_acc-->0.993564,test_eval_loss-->11.272825,test_acc===0.612299
INFO:root:epoch:614 train_eval_loss-->2.952289,train_acc-->0.991955,test_eval_loss-->11.316828,test_acc===0.593583
INFO:root:epoch:615 train_eval_loss-->2.925511,train_acc-->0.998391,test_eval_loss-->11.294639,test_acc===0.614973
INFO:root:epoch:616 train_eval_loss-->2.884701,train_acc-->0.998391,test_eval_loss-->11.300618,test_acc===0.631016
INFO:root:epoch:617 train_eval_loss-->2.908965,train_acc-->0.996782,test_eval_loss-->11.280139,test_acc===0.598930
INFO:root:epoch:618 train_eval_loss-->2.882516,train_acc-->0.996782,test_eval_loss-->11.271377,test_acc===0.628342
INFO:root:epoch:619 train_eval_loss-->2.871145,train_acc-->0.996782,test_eval_loss-->11.323942,test_acc===0.588235
INFO:root:epoch:620 train_eval_loss-->2.866660,train_acc-->0.999195,test_eval_loss-->11.309997,test_acc===0.622995
INFO:root:epoch:621 train_eval_loss-->2.860042,train_acc-->0.998391,test_eval_loss-->11.272376,test_acc===0.622995
INFO:root:epoch:622 train_eval_loss-->2.858986,train_acc-->0.994368,test_eval_loss-->11.253651,test_acc===0.631016
INFO:root:epoch:623 train_eval_loss-->2.832801,train_acc-->0.999195,test_eval_loss-->11.244666,test_acc===0.598930
INFO:root:epoch:624 train_eval_loss-->2.829204,train_acc-->0.999195,test_eval_loss-->11.286398,test_acc===0.614973
INFO:root:epoch:625 train_eval_loss-->2.812898,train_acc-->0.999195,test_eval_loss-->11.282441,test_acc===0.636364
INFO:root:epoch:626 train_eval_loss-->2.813728,train_acc-->0.999195,test_eval_loss-->11.298485,test_acc===0.582888
INFO:root:epoch:627 train_eval_loss-->2.802025,train_acc-->0.999195,test_eval_loss-->11.242541,test_acc===0.647059
INFO:root:epoch:628 train_eval_loss-->2.798666,train_acc-->0.999195,test_eval_loss-->11.250587,test_acc===0.614973
INFO:root:epoch:629 train_eval_loss-->2.767272,train_acc-->0.999195,test_eval_loss-->11.256064,test_acc===0.612299
INFO:root:epoch:630 train_eval_loss-->2.780056,train_acc-->0.999195,test_eval_loss-->11.256967,test_acc===0.639037
INFO:root:epoch:631 train_eval_loss-->2.759426,train_acc-->0.999195,test_eval_loss-->11.248238,test_acc===0.636364
INFO:root:epoch:632 train_eval_loss-->2.755332,train_acc-->0.999195,test_eval_loss-->11.235877,test_acc===0.636364
INFO:root:epoch:633 train_eval_loss-->2.727269,train_acc-->0.999195,test_eval_loss-->11.248704,test_acc===0.636364
INFO:root:epoch:634 train_eval_loss-->2.709673,train_acc-->0.999195,test_eval_loss-->11.249935,test_acc===0.636364
INFO:root:epoch:635 train_eval_loss-->2.705503,train_acc-->0.999195,test_eval_loss-->11.244351,test_acc===0.647059
INFO:root:epoch:636 train_eval_loss-->2.703177,train_acc-->0.999195,test_eval_loss-->11.234572,test_acc===0.636364
INFO:root:epoch:637 train_eval_loss-->2.695652,train_acc-->0.999195,test_eval_loss-->11.236007,test_acc===0.636364
INFO:root:epoch:638 train_eval_loss-->2.688910,train_acc-->0.999195,test_eval_loss-->11.245825,test_acc===0.641711
INFO:root:epoch:639 train_eval_loss-->2.688574,train_acc-->0.999195,test_eval_loss-->11.233355,test_acc===0.636364
INFO:root:epoch:640 train_eval_loss-->2.677837,train_acc-->0.999195,test_eval_loss-->11.236847,test_acc===0.647059
INFO:root:epoch:641 train_eval_loss-->2.670719,train_acc-->0.999195,test_eval_loss-->11.234198,test_acc===0.641711
INFO:root:epoch:642 train_eval_loss-->2.665788,train_acc-->0.999195,test_eval_loss-->11.233688,test_acc===0.641711
INFO:root:epoch:643 train_eval_loss-->2.663569,train_acc-->0.999195,test_eval_loss-->11.237158,test_acc===0.649733
INFO:root:epoch:644 train_eval_loss-->2.659532,train_acc-->0.999195,test_eval_loss-->11.240480,test_acc===0.647059
INFO:root:epoch:645 train_eval_loss-->2.658107,train_acc-->0.999195,test_eval_loss-->11.238090,test_acc===0.631016
INFO:root:epoch:646 train_eval_loss-->2.654911,train_acc-->0.999195,test_eval_loss-->11.233443,test_acc===0.636364
INFO:root:epoch:647 train_eval_loss-->2.653888,train_acc-->0.999195,test_eval_loss-->11.237180,test_acc===0.641711
INFO:root:epoch:648 train_eval_loss-->2.651616,train_acc-->0.999195,test_eval_loss-->11.242257,test_acc===0.636364
INFO:root:epoch:649 train_eval_loss-->2.650651,train_acc-->0.999195,test_eval_loss-->11.235460,test_acc===0.644385
INFO:root:epoch:650 train_eval_loss-->2.651135,train_acc-->0.999195,test_eval_loss-->11.238508,test_acc===0.636364
INFO:root:epoch:651 train_eval_loss-->2.650744,train_acc-->0.999195,test_eval_loss-->11.231724,test_acc===0.639037
INFO:root:epoch:652 train_eval_loss-->2.649790,train_acc-->0.999195,test_eval_loss-->11.239638,test_acc===0.641711
INFO:root:epoch:653 train_eval_loss-->2.651122,train_acc-->0.999195,test_eval_loss-->11.235322,test_acc===0.641711
INFO:root:epoch:654 train_eval_loss-->2.650269,train_acc-->0.999195,test_eval_loss-->11.234053,test_acc===0.647059
INFO:root:epoch:655 train_eval_loss-->2.651619,train_acc-->0.999195,test_eval_loss-->11.235959,test_acc===0.633690
INFO:root:epoch:656 train_eval_loss-->2.655485,train_acc-->0.999195,test_eval_loss-->11.234322,test_acc===0.625668
INFO:root:epoch:657 train_eval_loss-->2.656862,train_acc-->0.999195,test_eval_loss-->11.235867,test_acc===0.639037
INFO:root:epoch:658 train_eval_loss-->2.658737,train_acc-->0.999195,test_eval_loss-->11.235362,test_acc===0.647059
INFO:root:epoch:659 train_eval_loss-->2.656611,train_acc-->0.999195,test_eval_loss-->11.234966,test_acc===0.628342
INFO:root:epoch:660 train_eval_loss-->2.661416,train_acc-->0.999195,test_eval_loss-->11.240222,test_acc===0.633690
INFO:root:epoch:661 train_eval_loss-->2.662592,train_acc-->0.999195,test_eval_loss-->11.232491,test_acc===0.636364
INFO:root:epoch:662 train_eval_loss-->2.673397,train_acc-->0.999195,test_eval_loss-->11.238575,test_acc===0.639037
INFO:root:epoch:663 train_eval_loss-->2.683811,train_acc-->0.999195,test_eval_loss-->11.240846,test_acc===0.628342
INFO:root:epoch:664 train_eval_loss-->2.684015,train_acc-->0.999195,test_eval_loss-->11.240599,test_acc===0.641711
INFO:root:epoch:665 train_eval_loss-->2.692194,train_acc-->0.999195,test_eval_loss-->11.243871,test_acc===0.625668
INFO:root:epoch:666 train_eval_loss-->2.696967,train_acc-->0.999195,test_eval_loss-->11.241040,test_acc===0.631016
INFO:root:epoch:667 train_eval_loss-->2.706813,train_acc-->0.999195,test_eval_loss-->11.264538,test_acc===0.628342
INFO:root:epoch:668 train_eval_loss-->2.726415,train_acc-->0.999195,test_eval_loss-->11.235925,test_acc===0.628342
INFO:root:epoch:669 train_eval_loss-->2.736289,train_acc-->0.999195,test_eval_loss-->11.245643,test_acc===0.617647
INFO:root:epoch:670 train_eval_loss-->2.736946,train_acc-->0.999195,test_eval_loss-->11.248293,test_acc===0.631016
INFO:root:epoch:671 train_eval_loss-->2.747285,train_acc-->0.999195,test_eval_loss-->11.268632,test_acc===0.612299
INFO:root:epoch:672 train_eval_loss-->2.792034,train_acc-->0.999195,test_eval_loss-->11.219740,test_acc===0.644385
INFO:root:epoch:673 train_eval_loss-->2.777889,train_acc-->0.999195,test_eval_loss-->11.256513,test_acc===0.625668
INFO:root:epoch:674 train_eval_loss-->2.812369,train_acc-->0.999195,test_eval_loss-->11.261781,test_acc===0.620321
INFO:root:epoch:675 train_eval_loss-->2.847934,train_acc-->0.999195,test_eval_loss-->11.262610,test_acc===0.609626
INFO:root:epoch:676 train_eval_loss-->2.813951,train_acc-->0.999195,test_eval_loss-->11.210832,test_acc===0.655080
INFO:root:epoch:677 train_eval_loss-->2.856392,train_acc-->0.995173,test_eval_loss-->11.272148,test_acc===0.622995
INFO:root:epoch:678 train_eval_loss-->2.898777,train_acc-->0.999195,test_eval_loss-->11.292422,test_acc===0.604278
INFO:root:epoch:679 train_eval_loss-->2.907775,train_acc-->0.998391,test_eval_loss-->11.259288,test_acc===0.625668
INFO:root:epoch:680 train_eval_loss-->2.911550,train_acc-->0.997586,test_eval_loss-->11.250106,test_acc===0.636364
INFO:root:epoch:681 train_eval_loss-->2.868816,train_acc-->0.996782,test_eval_loss-->11.307027,test_acc===0.582888
INFO:root:epoch:682 train_eval_loss-->2.926043,train_acc-->0.998391,test_eval_loss-->11.299920,test_acc===0.620321
INFO:root:epoch:683 train_eval_loss-->2.920599,train_acc-->0.995173,test_eval_loss-->11.287399,test_acc===0.604278
INFO:root:epoch:684 train_eval_loss-->2.930819,train_acc-->0.996782,test_eval_loss-->11.312996,test_acc===0.625668
INFO:root:epoch:685 train_eval_loss-->2.950657,train_acc-->0.997586,test_eval_loss-->11.289325,test_acc===0.606952
INFO:root:epoch:686 train_eval_loss-->2.924679,train_acc-->0.994368,test_eval_loss-->11.286850,test_acc===0.628342
INFO:root:epoch:687 train_eval_loss-->2.955786,train_acc-->0.998391,test_eval_loss-->11.320788,test_acc===0.556150
INFO:root:epoch:688 train_eval_loss-->2.977464,train_acc-->0.994368,test_eval_loss-->11.308455,test_acc===0.585561
INFO:root:epoch:689 train_eval_loss-->2.989200,train_acc-->0.985519,test_eval_loss-->11.329320,test_acc===0.593583
INFO:root:epoch:690 train_eval_loss-->3.011040,train_acc-->0.986323,test_eval_loss-->11.343519,test_acc===0.500000
INFO:root:epoch:691 train_eval_loss-->3.068313,train_acc-->0.975060,test_eval_loss-->11.284787,test_acc===0.614973
INFO:root:epoch:692 train_eval_loss-->3.003594,train_acc-->0.987128,test_eval_loss-->11.370216,test_acc===0.558824
INFO:root:epoch:693 train_eval_loss-->3.007041,train_acc-->0.982301,test_eval_loss-->11.340219,test_acc===0.593583
INFO:root:epoch:694 train_eval_loss-->2.973949,train_acc-->0.990346,test_eval_loss-->11.298053,test_acc===0.580214
INFO:root:epoch:695 train_eval_loss-->2.948252,train_acc-->0.996782,test_eval_loss-->11.307076,test_acc===0.564171
INFO:root:epoch:696 train_eval_loss-->2.951131,train_acc-->0.991150,test_eval_loss-->11.303081,test_acc===0.590909
INFO:root:epoch:697 train_eval_loss-->2.942510,train_acc-->0.995977,test_eval_loss-->11.348955,test_acc===0.545455
INFO:root:epoch:698 train_eval_loss-->3.068795,train_acc-->0.966211,test_eval_loss-->11.423862,test_acc===0.449198
INFO:root:epoch:699 train_eval_loss-->3.090881,train_acc-->0.975865,test_eval_loss-->11.397004,test_acc===0.553476
INFO:root:epoch:700 train_eval_loss-->3.023609,train_acc-->0.983910,test_eval_loss-->11.340249,test_acc===0.521390
INFO:root:epoch:701 train_eval_loss-->3.015002,train_acc-->0.983105,test_eval_loss-->11.304252,test_acc===0.617647
INFO:root:epoch:702 train_eval_loss-->2.992041,train_acc-->0.993564,test_eval_loss-->11.264300,test_acc===0.628342
INFO:root:epoch:703 train_eval_loss-->2.946825,train_acc-->0.989541,test_eval_loss-->11.327278,test_acc===0.580214
INFO:root:epoch:704 train_eval_loss-->2.993189,train_acc-->0.995173,test_eval_loss-->11.366134,test_acc===0.628342
INFO:root:epoch:705 train_eval_loss-->2.966150,train_acc-->0.984714,test_eval_loss-->11.351746,test_acc===0.542781
INFO:root:epoch:706 train_eval_loss-->2.966868,train_acc-->0.992759,test_eval_loss-->11.359229,test_acc===0.569519
INFO:root:epoch:707 train_eval_loss-->2.968426,train_acc-->0.988737,test_eval_loss-->11.339602,test_acc===0.574866
INFO:root:epoch:708 train_eval_loss-->3.002470,train_acc-->0.972647,test_eval_loss-->11.411199,test_acc===0.518717
INFO:root:epoch:709 train_eval_loss-->2.967511,train_acc-->0.996782,test_eval_loss-->11.402753,test_acc===0.524064
INFO:root:epoch:710 train_eval_loss-->2.927999,train_acc-->0.991150,test_eval_loss-->11.316076,test_acc===0.606952
INFO:root:epoch:711 train_eval_loss-->2.930927,train_acc-->0.996782,test_eval_loss-->11.346333,test_acc===0.625668
INFO:root:epoch:712 train_eval_loss-->2.913534,train_acc-->0.987932,test_eval_loss-->11.292930,test_acc===0.620321
INFO:root:epoch:713 train_eval_loss-->2.885756,train_acc-->0.995977,test_eval_loss-->11.235870,test_acc===0.644385
INFO:root:epoch:714 train_eval_loss-->2.923902,train_acc-->0.995977,test_eval_loss-->11.383637,test_acc===0.588235
INFO:root:epoch:715 train_eval_loss-->2.893808,train_acc-->0.998391,test_eval_loss-->11.361328,test_acc===0.590909
INFO:root:epoch:716 train_eval_loss-->2.917724,train_acc-->0.999195,test_eval_loss-->11.243975,test_acc===0.625668
INFO:root:epoch:717 train_eval_loss-->2.884620,train_acc-->0.999195,test_eval_loss-->11.251893,test_acc===0.633690
INFO:root:epoch:718 train_eval_loss-->2.846953,train_acc-->0.996782,test_eval_loss-->11.298998,test_acc===0.633690
INFO:root:epoch:719 train_eval_loss-->2.865249,train_acc-->0.995977,test_eval_loss-->11.278993,test_acc===0.628342
INFO:root:epoch:720 train_eval_loss-->2.817443,train_acc-->0.998391,test_eval_loss-->11.289213,test_acc===0.614973
INFO:root:epoch:721 train_eval_loss-->2.831107,train_acc-->0.990346,test_eval_loss-->11.230556,test_acc===0.639037
INFO:root:epoch:722 train_eval_loss-->2.792193,train_acc-->0.998391,test_eval_loss-->11.252359,test_acc===0.631016
INFO:root:epoch:723 train_eval_loss-->2.781682,train_acc-->0.996782,test_eval_loss-->11.221124,test_acc===0.652406
INFO:root:epoch:724 train_eval_loss-->2.836837,train_acc-->0.998391,test_eval_loss-->11.319501,test_acc===0.572193
INFO:root:epoch:725 train_eval_loss-->2.843930,train_acc-->0.995173,test_eval_loss-->11.249352,test_acc===0.612299
INFO:root:epoch:726 train_eval_loss-->2.797645,train_acc-->0.999195,test_eval_loss-->11.250336,test_acc===0.612299
INFO:root:epoch:727 train_eval_loss-->2.785552,train_acc-->0.997586,test_eval_loss-->11.229558,test_acc===0.649733
INFO:root:epoch:728 train_eval_loss-->2.751210,train_acc-->0.999195,test_eval_loss-->11.251464,test_acc===0.628342
INFO:root:epoch:729 train_eval_loss-->2.735563,train_acc-->0.999195,test_eval_loss-->11.254913,test_acc===0.644385
INFO:root:epoch:730 train_eval_loss-->2.729170,train_acc-->0.999195,test_eval_loss-->11.234738,test_acc===0.647059
INFO:root:epoch:731 train_eval_loss-->2.710273,train_acc-->0.999195,test_eval_loss-->11.251029,test_acc===0.663102
INFO:root:epoch:732 train_eval_loss-->2.713435,train_acc-->0.999195,test_eval_loss-->11.226658,test_acc===0.652406
INFO:root:epoch:733 train_eval_loss-->2.703480,train_acc-->0.999195,test_eval_loss-->11.254050,test_acc===0.644385
INFO:root:epoch:734 train_eval_loss-->2.702650,train_acc-->0.999195,test_eval_loss-->11.242180,test_acc===0.625668
INFO:root:epoch:735 train_eval_loss-->2.689438,train_acc-->0.999195,test_eval_loss-->11.227507,test_acc===0.657754
INFO:root:epoch:736 train_eval_loss-->2.676198,train_acc-->0.999195,test_eval_loss-->11.232025,test_acc===0.639037
INFO:root:epoch:737 train_eval_loss-->2.677688,train_acc-->0.999195,test_eval_loss-->11.219666,test_acc===0.657754
INFO:root:epoch:738 train_eval_loss-->2.663559,train_acc-->0.999195,test_eval_loss-->11.221581,test_acc===0.660428
INFO:root:epoch:739 train_eval_loss-->2.656166,train_acc-->0.999195,test_eval_loss-->11.226543,test_acc===0.649733
INFO:root:epoch:740 train_eval_loss-->2.652419,train_acc-->0.999195,test_eval_loss-->11.224270,test_acc===0.657754
INFO:root:epoch:741 train_eval_loss-->2.645066,train_acc-->0.999195,test_eval_loss-->11.221846,test_acc===0.649733
INFO:root:epoch:742 train_eval_loss-->2.643125,train_acc-->0.999195,test_eval_loss-->11.227107,test_acc===0.649733
INFO:root:epoch:743 train_eval_loss-->2.639789,train_acc-->0.999195,test_eval_loss-->11.223782,test_acc===0.649733
INFO:root:epoch:744 train_eval_loss-->2.638707,train_acc-->0.999195,test_eval_loss-->11.226473,test_acc===0.649733
INFO:root:epoch:745 train_eval_loss-->2.635213,train_acc-->0.999195,test_eval_loss-->11.228394,test_acc===0.647059
INFO:root:epoch:746 train_eval_loss-->2.633189,train_acc-->0.999195,test_eval_loss-->11.229736,test_acc===0.649733
INFO:root:epoch:747 train_eval_loss-->2.632434,train_acc-->0.999195,test_eval_loss-->11.225186,test_acc===0.647059
INFO:root:epoch:748 train_eval_loss-->2.628942,train_acc-->0.999195,test_eval_loss-->11.224347,test_acc===0.657754
INFO:root:epoch:749 train_eval_loss-->2.630430,train_acc-->0.999195,test_eval_loss-->11.225455,test_acc===0.652406
INFO:root:epoch:750 train_eval_loss-->2.628481,train_acc-->0.999195,test_eval_loss-->11.224280,test_acc===0.657754
INFO:root:epoch:751 train_eval_loss-->2.630829,train_acc-->0.999195,test_eval_loss-->11.224499,test_acc===0.655080
INFO:root:epoch:752 train_eval_loss-->2.629833,train_acc-->0.999195,test_eval_loss-->11.228730,test_acc===0.655080
INFO:root:epoch:753 train_eval_loss-->2.628881,train_acc-->0.999195,test_eval_loss-->11.224946,test_acc===0.655080
INFO:root:epoch:754 train_eval_loss-->2.632733,train_acc-->0.999195,test_eval_loss-->11.226030,test_acc===0.657754
INFO:root:epoch:755 train_eval_loss-->2.631576,train_acc-->0.999195,test_eval_loss-->11.223308,test_acc===0.657754
INFO:root:epoch:756 train_eval_loss-->2.632012,train_acc-->0.999195,test_eval_loss-->11.225302,test_acc===0.644385
INFO:root:epoch:757 train_eval_loss-->2.635378,train_acc-->0.999195,test_eval_loss-->11.224053,test_acc===0.649733
INFO:root:epoch:758 train_eval_loss-->2.636762,train_acc-->0.999195,test_eval_loss-->11.223598,test_acc===0.655080
INFO:root:epoch:759 train_eval_loss-->2.635173,train_acc-->0.999195,test_eval_loss-->11.223473,test_acc===0.647059
INFO:root:epoch:760 train_eval_loss-->2.643538,train_acc-->0.999195,test_eval_loss-->11.220239,test_acc===0.657754
INFO:root:epoch:761 train_eval_loss-->2.642120,train_acc-->0.999195,test_eval_loss-->11.211942,test_acc===0.652406
INFO:root:epoch:762 train_eval_loss-->2.646301,train_acc-->0.999195,test_eval_loss-->11.226266,test_acc===0.641711
INFO:root:epoch:763 train_eval_loss-->2.651303,train_acc-->0.999195,test_eval_loss-->11.222411,test_acc===0.644385
INFO:root:epoch:764 train_eval_loss-->2.659071,train_acc-->0.999195,test_eval_loss-->11.235233,test_acc===0.641711
INFO:root:epoch:765 train_eval_loss-->2.664342,train_acc-->0.999195,test_eval_loss-->11.232527,test_acc===0.644385
INFO:root:epoch:766 train_eval_loss-->2.673513,train_acc-->0.999195,test_eval_loss-->11.223406,test_acc===0.644385
INFO:root:epoch:767 train_eval_loss-->2.677472,train_acc-->0.999195,test_eval_loss-->11.230249,test_acc===0.641711
INFO:root:epoch:768 train_eval_loss-->2.693517,train_acc-->0.999195,test_eval_loss-->11.245676,test_acc===0.631016
INFO:root:epoch:769 train_eval_loss-->2.723035,train_acc-->0.999195,test_eval_loss-->11.220508,test_acc===0.633690
INFO:root:epoch:770 train_eval_loss-->2.726282,train_acc-->0.999195,test_eval_loss-->11.225044,test_acc===0.644385
INFO:root:epoch:771 train_eval_loss-->2.733726,train_acc-->0.999195,test_eval_loss-->11.225069,test_acc===0.644385
INFO:root:epoch:772 train_eval_loss-->2.760810,train_acc-->0.999195,test_eval_loss-->11.255073,test_acc===0.622995
INFO:root:epoch:773 train_eval_loss-->2.752140,train_acc-->0.994368,test_eval_loss-->11.260052,test_acc===0.609626
INFO:root:epoch:774 train_eval_loss-->2.752992,train_acc-->0.999195,test_eval_loss-->11.220056,test_acc===0.652406
INFO:root:epoch:775 train_eval_loss-->2.761257,train_acc-->0.999195,test_eval_loss-->11.264173,test_acc===0.636364
INFO:root:epoch:776 train_eval_loss-->2.817349,train_acc-->0.999195,test_eval_loss-->11.254101,test_acc===0.636364
INFO:root:epoch:777 train_eval_loss-->2.798709,train_acc-->0.996782,test_eval_loss-->11.256863,test_acc===0.622995
INFO:root:epoch:778 train_eval_loss-->2.809670,train_acc-->0.996782,test_eval_loss-->11.241606,test_acc===0.636364
INFO:root:epoch:779 train_eval_loss-->2.841183,train_acc-->0.998391,test_eval_loss-->11.255898,test_acc===0.625668
INFO:root:epoch:780 train_eval_loss-->2.851385,train_acc-->0.995977,test_eval_loss-->11.250984,test_acc===0.641711
INFO:root:epoch:781 train_eval_loss-->2.837166,train_acc-->0.999195,test_eval_loss-->11.304755,test_acc===0.641711
INFO:root:epoch:782 train_eval_loss-->2.893218,train_acc-->0.997586,test_eval_loss-->11.302059,test_acc===0.598930
INFO:root:epoch:783 train_eval_loss-->2.894621,train_acc-->0.997586,test_eval_loss-->11.320107,test_acc===0.585561
INFO:root:epoch:784 train_eval_loss-->2.911188,train_acc-->0.995977,test_eval_loss-->11.343849,test_acc===0.574866
INFO:root:epoch:785 train_eval_loss-->2.935844,train_acc-->0.997586,test_eval_loss-->11.313040,test_acc===0.612299
INFO:root:epoch:786 train_eval_loss-->2.905776,train_acc-->0.999195,test_eval_loss-->11.317998,test_acc===0.580214
INFO:root:epoch:787 train_eval_loss-->2.890198,train_acc-->0.998391,test_eval_loss-->11.281498,test_acc===0.622995
INFO:root:epoch:788 train_eval_loss-->2.886450,train_acc-->0.995173,test_eval_loss-->11.302418,test_acc===0.574866
INFO:root:epoch:789 train_eval_loss-->2.929147,train_acc-->0.995173,test_eval_loss-->11.311668,test_acc===0.593583
INFO:root:epoch:790 train_eval_loss-->2.920126,train_acc-->0.999195,test_eval_loss-->11.304261,test_acc===0.601604
INFO:root:epoch:791 train_eval_loss-->2.924109,train_acc-->0.992759,test_eval_loss-->11.300742,test_acc===0.606952
INFO:root:epoch:792 train_eval_loss-->2.938886,train_acc-->0.989541,test_eval_loss-->11.248305,test_acc===0.633690
INFO:root:epoch:793 train_eval_loss-->2.935570,train_acc-->0.995977,test_eval_loss-->11.301358,test_acc===0.590909
INFO:root:epoch:794 train_eval_loss-->2.978456,train_acc-->0.994368,test_eval_loss-->11.372426,test_acc===0.537433
INFO:root:epoch:795 train_eval_loss-->2.958591,train_acc-->0.987128,test_eval_loss-->11.265405,test_acc===0.614973
INFO:root:epoch:796 train_eval_loss-->2.909929,train_acc-->0.994368,test_eval_loss-->11.294921,test_acc===0.606952
INFO:root:epoch:797 train_eval_loss-->2.950941,train_acc-->0.994368,test_eval_loss-->11.302996,test_acc===0.590909
INFO:root:epoch:798 train_eval_loss-->2.939560,train_acc-->0.993564,test_eval_loss-->11.322954,test_acc===0.609626
INFO:root:epoch:799 train_eval_loss-->2.947073,train_acc-->0.984714,test_eval_loss-->11.270065,test_acc===0.617647
INFO:root:the best test acc===0.663102
