2023-12-04 11:04:09 - #----------Config info----------#
2023-12-04 11:04:09 - network: Pointneted_plus,
2023-12-04 11:04:09 - data_path: /media/yxz/新加卷/teeth_ct_points/CT3Dpoints/,
2023-12-04 11:04:09 - label_path: /media/yxz/新加卷/teeth_ct_points/CT3Dpoints/三维坐标表格.xlsx,
2023-12-04 11:04:09 - pretrained_path: ./pre_trained/,
2023-12-04 11:04:09 - cfg: [64, 96, 128, 64, 32, 256, 512, 256, 128, 64, 32],
2023-12-04 11:04:09 - num_classes: 16,
2023-12-04 11:04:09 - input_size_h: 512,
2023-12-04 11:04:09 - input_size_w: 512,
2023-12-04 11:04:09 - input_channels: 64,
2023-12-04 11:04:09 - distributed: False,
2023-12-04 11:04:09 - local_rank: -1,
2023-12-04 11:04:09 - num_workers: 4,
2023-12-04 11:04:09 - seed: 42,
2023-12-04 11:04:09 - world_size: None,
2023-12-04 11:04:09 - rank: None,
2023-12-04 11:04:09 - amp: False,
2023-12-04 11:04:09 - l2_lambda: 0.0,
2023-12-04 11:04:09 - gpu_id: 0,
2023-12-04 11:04:09 - batch_size: 2,
2023-12-04 11:04:09 - val_bs: 1,
2023-12-04 11:04:09 - epochs: 500,
2023-12-04 11:04:09 - deep_supervision: True,
2023-12-04 11:04:09 - tailadd: True,
2023-12-04 11:04:09 - threshold: 8.660254037844387,
2023-12-04 11:04:09 - rand_data: False,
2023-12-04 11:04:09 - mean_common: False,
2023-12-04 11:04:09 - horizontal_flip: True,
2023-12-04 11:04:09 - train_mean: [38.167084, 36.47113, 35.658463, 34.7275, 34.397972, 34.392757, 33.96709, 34.126865, 34.28234, 33.729267, 32.7962, 32.064926, 31.681631, 31.124203, 30.844501, 31.361849, 32.73974, 34.215652, 36.648277, 38.611458, 40.539837, 42.120747, 43.28669, 44.45494, 45.614132, 46.21989, 47.45023, 48.500004, 49.44821, 50.419426, 52.140045, 53.649082, 54.722622, 55.427254, 55.996006, 56.55678, 57.03274, 56.78339, 56.16994, 56.052105, 56.084873, 55.73664, 55.51461, 54.455627, 53.19349, 51.708523, 50.496777, 48.39798, 46.618237],
2023-12-04 11:04:09 - train_std: [52.12329, 51.107494, 50.941055, 50.223755, 50.00628, 50.154346, 49.390217, 49.584064, 49.46689, 48.635002, 46.955963, 45.86415, 45.254314, 44.008198, 43.081245, 43.15782, 44.181343, 45.16833, 47.433487, 48.60615, 50.44894, 51.635715, 52.542904, 53.638527, 54.554443, 54.860928, 55.634895, 56.127644, 56.314377, 56.52658, 57.31575, 57.992775, 58.40813, 58.65052, 58.6726, 58.786034, 59.043797, 59.15101, 58.878242, 59.1303, 59.565495, 59.95643, 60.605595, 60.74457, 60.784153, 60.811424, 61.18004, 60.75567, 60.8064],
2023-12-04 11:04:09 - val_mean: [39.743374, 38.122738, 37.19561, 35.71686, 35.202812, 34.790627, 34.621647, 34.678947, 34.44854, 33.327152, 32.52173, 31.267305, 30.603254, 30.013475, 29.536041, 30.480452, 31.952286, 33.71057, 36.010574, 38.201912, 39.313183, 42.94376, 44.53766, 45.518337, 46.94797, 46.58542, 47.49811, 48.238167, 51.026104, 52.292915, 52.69654, 53.169758, 53.87486, 55.697067, 57.654236, 57.586315, 57.758514, 57.174618, 57.736595, 57.24419, 57.544117, 57.37176, 56.43062, 55.96641, 55.325653, 53.10815, 52.179287, 50.27785, 47.04305],
2023-12-04 11:04:09 - val_std: [53.15056, 52.15993, 51.616505, 50.33102, 50.21509, 50.081203, 50.03935, 49.86299, 49.531567, 48.28274, 46.95426, 45.172287, 43.96861, 42.88531, 41.24616, 42.37183, 43.43441, 44.75589, 46.571957, 48.567627, 49.173023, 51.97025, 53.31617, 54.147503, 55.217754, 54.256313, 54.82137, 55.228252, 57.024765, 57.493202, 57.21687, 57.12449, 57.009945, 58.07164, 58.968643, 58.816093, 58.97068, 58.471672, 58.976105, 58.958794, 59.510704, 60.026344, 60.16703, 60.841858, 61.621956, 61.22611, 61.83866, 62.08808, 61.1031],
2023-12-04 11:04:09 - work_dir: results/Pointneted_plus_Monday_04_December_2023_11h_04m_09s/,
2023-12-04 11:04:09 - tensor_size: 0,
2023-12-04 11:04:09 - train_transformer: Compose(
    <utils.myToTensor object at 0x7f4d47545640>
    <utils.myResize object at 0x7f4c6d17ca60>
),
2023-12-04 11:04:09 - test_transformer: Compose(
    <utils.myToTensor object at 0x7f4d475038e0>
    <utils.myResize object at 0x7f4d47503910>
),
2023-12-04 11:04:09 - opt: AdamW,
2023-12-04 11:04:09 - lr: 0.001,
2023-12-04 11:04:09 - betas: (0.9, 0.999),
2023-12-04 11:04:09 - eps: 1e-08,
2023-12-04 11:04:09 - weight_decay: 0.01,
2023-12-04 11:04:09 - amsgrad: False,
2023-12-04 11:04:09 - sch: CosineAnnealingLR,
2023-12-04 11:04:09 - T_max: 50,
2023-12-04 11:04:09 - eta_min: 1e-05,
2023-12-04 11:04:09 - last_epoch: -1,
INFO:root:train--mean-->[38.167084 36.47113  35.658463 34.7275   34.397972 34.392757 33.96709
 34.126865 34.28234  33.729267 32.7962   32.064926 31.681631 31.124203
 30.844501 31.361849 32.73974  34.215652 36.648277 38.611458 40.539837
 42.120747 43.28669  44.45494  45.614132 46.21989  47.45023  48.500004
 49.44821  50.419426 52.140045 53.649082 54.722622 55.427254 55.996006
 56.55678  57.03274  56.78339  56.16994  56.052105 56.084873 55.73664
 55.51461  54.455627 53.19349  51.708523 50.496777 48.39798  46.618237]
INFO:root:train--std-->[52.12329  51.107494 50.941055 50.223755 50.00628  50.154346 49.390217
 49.584064 49.46689  48.635002 46.955963 45.86415  45.254314 44.008198
 43.081245 43.15782  44.181343 45.16833  47.433487 48.60615  50.44894
 51.635715 52.542904 53.638527 54.554443 54.860928 55.634895 56.127644
 56.314377 56.52658  57.31575  57.992775 58.40813  58.65052  58.6726
 58.786034 59.043797 59.15101  58.878242 59.1303   59.565495 59.95643
 60.605595 60.74457  60.784153 60.811424 61.18004  60.75567  60.8064  ]
INFO:root:val--mean-->[39.743374 38.122738 37.19561  35.71686  35.202812 34.790627 34.621647
 34.678947 34.44854  33.327152 32.52173  31.267305 30.603254 30.013475
 29.536041 30.480452 31.952286 33.71057  36.010574 38.201912 39.313183
 42.94376  44.53766  45.518337 46.94797  46.58542  47.49811  48.238167
 51.026104 52.292915 52.69654  53.169758 53.87486  55.697067 57.654236
 57.586315 57.758514 57.174618 57.736595 57.24419  57.544117 57.37176
 56.43062  55.96641  55.325653 53.10815  52.179287 50.27785  47.04305 ]
INFO:root:val--std-->[53.15056  52.15993  51.616505 50.33102  50.21509  50.081203 50.03935
 49.86299  49.531567 48.28274  46.95426  45.172287 43.96861  42.88531
 41.24616  42.37183  43.43441  44.75589  46.571957 48.567627 49.173023
 51.97025  53.31617  54.147503 55.217754 54.256313 54.82137  55.228252
 57.024765 57.493202 57.21687  57.12449  57.009945 58.07164  58.968643
 58.816093 58.97068  58.471672 58.976105 58.958794 59.510704 60.026344
 60.16703  60.841858 61.621956 61.22611  61.83866  62.08808  61.1031  ]
INFO:root:real_input_channels-->49
INFO:root:epoch:0 train_eval_loss-->2.273579,train_acc-->0.013274,test_eval_loss-->1.656423,test_acc===0.040441
INFO:root:epoch:1 train_eval_loss-->1.587577,train_acc-->0.030973,test_eval_loss-->1.601482,test_acc===0.011029
INFO:root:epoch:2 train_eval_loss-->1.523864,train_acc-->0.033739,test_eval_loss-->1.466879,test_acc===0.045956
INFO:root:epoch:3 train_eval_loss-->1.479104,train_acc-->0.028208,test_eval_loss-->1.491739,test_acc===0.060662
INFO:root:epoch:4 train_eval_loss-->1.480608,train_acc-->0.033739,test_eval_loss-->1.325659,test_acc===0.075368
INFO:root:epoch:5 train_eval_loss-->1.373125,train_acc-->0.039823,test_eval_loss-->1.220875,test_acc===0.086397
INFO:root:epoch:6 train_eval_loss-->1.353236,train_acc-->0.044801,test_eval_loss-->1.247676,test_acc===0.056985
INFO:root:epoch:7 train_eval_loss-->1.388699,train_acc-->0.039823,test_eval_loss-->1.371264,test_acc===0.047794
INFO:root:epoch:8 train_eval_loss-->1.365343,train_acc-->0.048119,test_eval_loss-->1.386023,test_acc===0.016544
INFO:root:epoch:9 train_eval_loss-->1.340016,train_acc-->0.040376,test_eval_loss-->1.394096,test_acc===0.033088
INFO:root:epoch:10 train_eval_loss-->1.352344,train_acc-->0.051438,test_eval_loss-->1.338760,test_acc===0.056985
INFO:root:epoch:11 train_eval_loss-->1.304145,train_acc-->0.056416,test_eval_loss-->1.208398,test_acc===0.073529
INFO:root:epoch:12 train_eval_loss-->1.307774,train_acc-->0.068584,test_eval_loss-->1.245410,test_acc===0.031250
INFO:root:epoch:13 train_eval_loss-->1.290952,train_acc-->0.068031,test_eval_loss-->1.496287,test_acc===0.012868
INFO:root:epoch:14 train_eval_loss-->1.356682,train_acc-->0.041482,test_eval_loss-->1.280689,test_acc===0.056985
INFO:root:epoch:15 train_eval_loss-->1.281304,train_acc-->0.068031,test_eval_loss-->1.271510,test_acc===0.049632
INFO:root:epoch:16 train_eval_loss-->1.284038,train_acc-->0.061394,test_eval_loss-->1.213667,test_acc===0.097426
INFO:root:epoch:17 train_eval_loss-->1.248236,train_acc-->0.076881,test_eval_loss-->1.253613,test_acc===0.034926
INFO:root:epoch:18 train_eval_loss-->1.236181,train_acc-->0.084624,test_eval_loss-->1.212126,test_acc===0.080882
INFO:root:epoch:19 train_eval_loss-->1.225369,train_acc-->0.096792,test_eval_loss-->1.199855,test_acc===0.143382
INFO:root:epoch:20 train_eval_loss-->1.239471,train_acc-->0.089049,test_eval_loss-->1.201167,test_acc===0.079044
INFO:root:epoch:21 train_eval_loss-->1.223434,train_acc-->0.089049,test_eval_loss-->1.257062,test_acc===0.084559
INFO:root:epoch:22 train_eval_loss-->1.209633,train_acc-->0.100664,test_eval_loss-->1.153443,test_acc===0.112132
INFO:root:epoch:23 train_eval_loss-->1.163318,train_acc-->0.122788,test_eval_loss-->1.159577,test_acc===0.136029
INFO:root:epoch:24 train_eval_loss-->1.154564,train_acc-->0.145465,test_eval_loss-->1.173888,test_acc===0.136029
INFO:root:epoch:25 train_eval_loss-->1.147412,train_acc-->0.135509,test_eval_loss-->1.159811,test_acc===0.170956
INFO:root:epoch:26 train_eval_loss-->1.142045,train_acc-->0.157633,test_eval_loss-->1.133447,test_acc===0.167279
INFO:root:epoch:27 train_eval_loss-->1.131005,train_acc-->0.151549,test_eval_loss-->1.126441,test_acc===0.172794
INFO:root:epoch:28 train_eval_loss-->1.105769,train_acc-->0.183075,test_eval_loss-->1.160768,test_acc===0.145221
INFO:root:epoch:29 train_eval_loss-->1.099577,train_acc-->0.200221,test_eval_loss-->1.131140,test_acc===0.143382
INFO:root:epoch:30 train_eval_loss-->1.092429,train_acc-->0.198009,test_eval_loss-->1.155821,test_acc===0.176471
INFO:root:epoch:31 train_eval_loss-->1.083776,train_acc-->0.209624,test_eval_loss-->1.155802,test_acc===0.123162
INFO:root:epoch:32 train_eval_loss-->1.078173,train_acc-->0.214049,test_eval_loss-->1.119952,test_acc===0.181985
INFO:root:epoch:33 train_eval_loss-->1.062196,train_acc-->0.239491,test_eval_loss-->1.114543,test_acc===0.189338
INFO:root:epoch:34 train_eval_loss-->1.054209,train_acc-->0.230088,test_eval_loss-->1.107316,test_acc===0.181985
INFO:root:epoch:35 train_eval_loss-->1.060700,train_acc-->0.251659,test_eval_loss-->1.150392,test_acc===0.161765
INFO:root:epoch:36 train_eval_loss-->1.055662,train_acc-->0.248341,test_eval_loss-->1.105319,test_acc===0.215074
INFO:root:epoch:37 train_eval_loss-->1.039253,train_acc-->0.269358,test_eval_loss-->1.117070,test_acc===0.183824
INFO:root:epoch:38 train_eval_loss-->1.033766,train_acc-->0.275996,test_eval_loss-->1.089527,test_acc===0.220588
INFO:root:epoch:39 train_eval_loss-->1.014777,train_acc-->0.283186,test_eval_loss-->1.097139,test_acc===0.202206
INFO:root:epoch:40 train_eval_loss-->1.029513,train_acc-->0.303650,test_eval_loss-->1.080229,test_acc===0.216912
INFO:root:epoch:41 train_eval_loss-->1.016397,train_acc-->0.300885,test_eval_loss-->1.057216,test_acc===0.204044
INFO:root:epoch:42 train_eval_loss-->1.018943,train_acc-->0.304757,test_eval_loss-->1.082729,test_acc===0.209559
INFO:root:epoch:43 train_eval_loss-->0.992750,train_acc-->0.326327,test_eval_loss-->1.106355,test_acc===0.193015
INFO:root:epoch:44 train_eval_loss-->1.004684,train_acc-->0.316925,test_eval_loss-->1.063559,test_acc===0.220588
INFO:root:epoch:45 train_eval_loss-->0.993997,train_acc-->0.330752,test_eval_loss-->1.062677,test_acc===0.227941
INFO:root:epoch:46 train_eval_loss-->0.986882,train_acc-->0.335730,test_eval_loss-->1.047396,test_acc===0.250000
INFO:root:epoch:47 train_eval_loss-->0.968086,train_acc-->0.349004,test_eval_loss-->1.038385,test_acc===0.226103
INFO:root:epoch:48 train_eval_loss-->0.961683,train_acc-->0.348451,test_eval_loss-->1.027081,test_acc===0.257353
INFO:root:epoch:49 train_eval_loss-->0.937603,train_acc-->0.370575,test_eval_loss-->1.016929,test_acc===0.257353
INFO:root:epoch:50 train_eval_loss-->0.959351,train_acc-->0.369469,test_eval_loss-->1.021833,test_acc===0.270221
INFO:root:epoch:51 train_eval_loss-->0.940606,train_acc-->0.364491,test_eval_loss-->1.007609,test_acc===0.242647
INFO:root:epoch:52 train_eval_loss-->0.927909,train_acc-->0.372788,test_eval_loss-->1.006721,test_acc===0.257353
INFO:root:epoch:53 train_eval_loss-->0.924165,train_acc-->0.372235,test_eval_loss-->0.942894,test_acc===0.268382
INFO:root:epoch:54 train_eval_loss-->0.889773,train_acc-->0.382190,test_eval_loss-->0.915558,test_acc===0.288603
INFO:root:epoch:55 train_eval_loss-->0.872202,train_acc-->0.382190,test_eval_loss-->0.923104,test_acc===0.264706
INFO:root:epoch:56 train_eval_loss-->0.820290,train_acc-->0.423673,test_eval_loss-->0.853904,test_acc===0.262868
INFO:root:epoch:57 train_eval_loss-->0.803942,train_acc-->0.379978,test_eval_loss-->0.725962,test_acc===0.316176
INFO:root:epoch:58 train_eval_loss-->0.708241,train_acc-->0.469027,test_eval_loss-->0.772389,test_acc===0.332721
INFO:root:epoch:59 train_eval_loss-->0.736482,train_acc-->0.436394,test_eval_loss-->0.699488,test_acc===0.343750
INFO:root:epoch:60 train_eval_loss-->0.686186,train_acc-->0.456858,test_eval_loss-->0.634018,test_acc===0.314338
INFO:root:epoch:61 train_eval_loss-->0.689661,train_acc-->0.425885,test_eval_loss-->0.715324,test_acc===0.329044
INFO:root:epoch:62 train_eval_loss-->0.671114,train_acc-->0.472898,test_eval_loss-->0.721166,test_acc===0.286765
INFO:root:epoch:63 train_eval_loss-->0.612575,train_acc-->0.455752,test_eval_loss-->0.670961,test_acc===0.277574
INFO:root:epoch:64 train_eval_loss-->0.743227,train_acc-->0.373341,test_eval_loss-->0.711500,test_acc===0.215074
INFO:root:epoch:65 train_eval_loss-->0.632490,train_acc-->0.405973,test_eval_loss-->0.616868,test_acc===0.352941
INFO:root:epoch:66 train_eval_loss-->0.598565,train_acc-->0.448009,test_eval_loss-->0.784667,test_acc===0.275735
INFO:root:epoch:67 train_eval_loss-->0.679437,train_acc-->0.390487,test_eval_loss-->0.665567,test_acc===0.312500
INFO:root:epoch:68 train_eval_loss-->0.671916,train_acc-->0.389381,test_eval_loss-->0.694424,test_acc===0.297794
INFO:root:epoch:69 train_eval_loss-->0.647516,train_acc-->0.362832,test_eval_loss-->0.692303,test_acc===0.384191
INFO:root:epoch:70 train_eval_loss-->0.746485,train_acc-->0.318584,test_eval_loss-->0.678901,test_acc===0.327206
INFO:root:epoch:71 train_eval_loss-->0.727494,train_acc-->0.324115,test_eval_loss-->0.715998,test_acc===0.244485
INFO:root:epoch:72 train_eval_loss-->0.651028,train_acc-->0.378319,test_eval_loss-->0.752132,test_acc===0.187500
INFO:root:epoch:73 train_eval_loss-->0.641392,train_acc-->0.347898,test_eval_loss-->0.654898,test_acc===0.299632
INFO:root:epoch:74 train_eval_loss-->0.677150,train_acc-->0.344580,test_eval_loss-->0.695899,test_acc===0.200368
INFO:root:epoch:75 train_eval_loss-->0.638312,train_acc-->0.334624,test_eval_loss-->0.688308,test_acc===0.257353
INFO:root:epoch:76 train_eval_loss-->0.605861,train_acc-->0.362279,test_eval_loss-->0.616827,test_acc===0.305147
INFO:root:epoch:77 train_eval_loss-->0.757498,train_acc-->0.259403,test_eval_loss-->0.944611,test_acc===0.136029
INFO:root:epoch:78 train_eval_loss-->0.813183,train_acc-->0.222898,test_eval_loss-->0.863689,test_acc===0.095588
INFO:root:epoch:79 train_eval_loss-->0.727293,train_acc-->0.241150,test_eval_loss-->0.741865,test_acc===0.178309
INFO:root:epoch:80 train_eval_loss-->0.713836,train_acc-->0.308075,test_eval_loss-->0.715581,test_acc===0.270221
INFO:root:epoch:81 train_eval_loss-->0.707868,train_acc-->0.257190,test_eval_loss-->0.624119,test_acc===0.262868
INFO:root:epoch:82 train_eval_loss-->0.664908,train_acc-->0.282633,test_eval_loss-->0.644276,test_acc===0.224265
INFO:root:epoch:83 train_eval_loss-->0.669845,train_acc-->0.341261,test_eval_loss-->0.624681,test_acc===0.299632
INFO:root:epoch:84 train_eval_loss-->0.908175,train_acc-->0.251106,test_eval_loss-->1.111686,test_acc===0.112132
INFO:root:epoch:85 train_eval_loss-->1.007960,train_acc-->0.207965,test_eval_loss-->1.021850,test_acc===0.150735
INFO:root:epoch:86 train_eval_loss-->0.992089,train_acc-->0.175885,test_eval_loss-->0.736513,test_acc===0.250000
INFO:root:epoch:87 train_eval_loss-->0.728154,train_acc-->0.256084,test_eval_loss-->0.716728,test_acc===0.231618
INFO:root:epoch:88 train_eval_loss-->0.719812,train_acc-->0.275996,test_eval_loss-->0.731818,test_acc===0.222426
INFO:root:epoch:89 train_eval_loss-->0.728725,train_acc-->0.243363,test_eval_loss-->0.703742,test_acc===0.218750
INFO:root:epoch:90 train_eval_loss-->0.713454,train_acc-->0.313053,test_eval_loss-->0.772813,test_acc===0.121324
INFO:root:epoch:91 train_eval_loss-->0.731227,train_acc-->0.284292,test_eval_loss-->0.750777,test_acc===0.362132
INFO:root:epoch:92 train_eval_loss-->0.727127,train_acc-->0.267146,test_eval_loss-->0.650947,test_acc===0.351103
INFO:root:epoch:93 train_eval_loss-->0.625777,train_acc-->0.334624,test_eval_loss-->0.587833,test_acc===0.336397
INFO:root:epoch:94 train_eval_loss-->0.584549,train_acc-->0.402102,test_eval_loss-->0.728605,test_acc===0.270221
INFO:root:epoch:95 train_eval_loss-->0.791352,train_acc-->0.244469,test_eval_loss-->0.826211,test_acc===0.102941
INFO:root:epoch:96 train_eval_loss-->0.649669,train_acc-->0.258296,test_eval_loss-->0.612588,test_acc===0.277574
INFO:root:epoch:97 train_eval_loss-->0.650252,train_acc-->0.319137,test_eval_loss-->0.568145,test_acc===0.301471
INFO:root:epoch:98 train_eval_loss-->0.644763,train_acc-->0.324115,test_eval_loss-->0.731670,test_acc===0.248162
INFO:root:epoch:99 train_eval_loss-->0.645105,train_acc-->0.287611,test_eval_loss-->0.596514,test_acc===0.351103
INFO:root:epoch:100 train_eval_loss-->0.623411,train_acc-->0.335177,test_eval_loss-->0.745882,test_acc===0.178309
INFO:root:epoch:101 train_eval_loss-->0.702632,train_acc-->0.277102,test_eval_loss-->0.744719,test_acc===0.266544
INFO:root:epoch:102 train_eval_loss-->0.720616,train_acc-->0.293695,test_eval_loss-->0.630200,test_acc===0.341912
INFO:root:epoch:103 train_eval_loss-->0.696749,train_acc-->0.363385,test_eval_loss-->0.917537,test_acc===0.191176
INFO:root:epoch:104 train_eval_loss-->0.705223,train_acc-->0.356748,test_eval_loss-->0.624056,test_acc===0.303309
INFO:root:epoch:105 train_eval_loss-->0.703434,train_acc-->0.293142,test_eval_loss-->0.749041,test_acc===0.270221
INFO:root:epoch:106 train_eval_loss-->0.658252,train_acc-->0.292035,test_eval_loss-->0.713454,test_acc===0.251838
INFO:root:epoch:107 train_eval_loss-->0.638887,train_acc-->0.361173,test_eval_loss-->0.566283,test_acc===0.371324
INFO:root:epoch:108 train_eval_loss-->0.564918,train_acc-->0.382190,test_eval_loss-->0.582407,test_acc===0.354779
INFO:root:epoch:109 train_eval_loss-->0.575920,train_acc-->0.405420,test_eval_loss-->0.708898,test_acc===0.259191
INFO:root:epoch:110 train_eval_loss-->0.527561,train_acc-->0.393252,test_eval_loss-->0.540338,test_acc===0.341912
INFO:root:epoch:111 train_eval_loss-->0.528976,train_acc-->0.472345,test_eval_loss-->0.633747,test_acc===0.336397
INFO:root:epoch:112 train_eval_loss-->0.522586,train_acc-->0.472898,test_eval_loss-->0.630793,test_acc===0.238971
INFO:root:epoch:113 train_eval_loss-->0.546539,train_acc-->0.397124,test_eval_loss-->0.612447,test_acc===0.294118
INFO:root:epoch:114 train_eval_loss-->0.485088,train_acc-->0.472345,test_eval_loss-->0.642408,test_acc===0.343750
INFO:root:epoch:115 train_eval_loss-->0.480341,train_acc-->0.516593,test_eval_loss-->0.575309,test_acc===0.343750
INFO:root:epoch:116 train_eval_loss-->0.439799,train_acc-->0.568031,test_eval_loss-->0.569882,test_acc===0.382353
INFO:root:epoch:117 train_eval_loss-->0.488435,train_acc-->0.534845,test_eval_loss-->0.625142,test_acc===0.329044
INFO:root:epoch:118 train_eval_loss-->0.407590,train_acc-->0.604535,test_eval_loss-->0.447516,test_acc===0.446691
INFO:root:epoch:119 train_eval_loss-->0.488006,train_acc-->0.543142,test_eval_loss-->0.582535,test_acc===0.404412
INFO:root:epoch:120 train_eval_loss-->0.464832,train_acc-->0.531527,test_eval_loss-->0.564402,test_acc===0.314338
INFO:root:epoch:121 train_eval_loss-->0.422250,train_acc-->0.551438,test_eval_loss-->0.617059,test_acc===0.406250
INFO:root:epoch:122 train_eval_loss-->0.381640,train_acc-->0.640487,test_eval_loss-->0.532609,test_acc===0.479779
INFO:root:epoch:123 train_eval_loss-->0.435929,train_acc-->0.633850,test_eval_loss-->0.560668,test_acc===0.465074
INFO:root:epoch:124 train_eval_loss-->0.372293,train_acc-->0.636615,test_eval_loss-->0.633339,test_acc===0.329044
INFO:root:epoch:125 train_eval_loss-->0.383615,train_acc-->0.692478,test_eval_loss-->0.550490,test_acc===0.404412
INFO:root:epoch:126 train_eval_loss-->0.347197,train_acc-->0.698562,test_eval_loss-->0.536357,test_acc===0.477941
INFO:root:epoch:127 train_eval_loss-->0.346790,train_acc-->0.709624,test_eval_loss-->0.510495,test_acc===0.487132
INFO:root:epoch:128 train_eval_loss-->0.322150,train_acc-->0.747235,test_eval_loss-->0.493764,test_acc===0.509191
INFO:root:epoch:129 train_eval_loss-->0.314850,train_acc-->0.791482,test_eval_loss-->0.584483,test_acc===0.455882
INFO:root:epoch:130 train_eval_loss-->0.285285,train_acc-->0.812500,test_eval_loss-->0.613944,test_acc===0.455882
INFO:root:epoch:131 train_eval_loss-->0.303656,train_acc-->0.811947,test_eval_loss-->0.484045,test_acc===0.555147
INFO:root:epoch:132 train_eval_loss-->0.295064,train_acc-->0.789823,test_eval_loss-->0.572759,test_acc===0.501838
INFO:root:epoch:133 train_eval_loss-->0.262802,train_acc-->0.860619,test_eval_loss-->0.525261,test_acc===0.529412
INFO:root:epoch:134 train_eval_loss-->0.249795,train_acc-->0.865597,test_eval_loss-->0.505801,test_acc===0.553309
INFO:root:epoch:135 train_eval_loss-->0.231312,train_acc-->0.893252,test_eval_loss-->0.504541,test_acc===0.522059
INFO:root:epoch:136 train_eval_loss-->0.234907,train_acc-->0.896018,test_eval_loss-->0.514040,test_acc===0.527574
INFO:root:epoch:137 train_eval_loss-->0.213366,train_acc-->0.900442,test_eval_loss-->0.521597,test_acc===0.525735
INFO:root:epoch:138 train_eval_loss-->0.228168,train_acc-->0.901549,test_eval_loss-->0.537754,test_acc===0.551471
INFO:root:epoch:139 train_eval_loss-->0.213045,train_acc-->0.902655,test_eval_loss-->0.559124,test_acc===0.505515
INFO:root:epoch:140 train_eval_loss-->0.224527,train_acc-->0.905420,test_eval_loss-->0.510542,test_acc===0.525735
INFO:root:epoch:141 train_eval_loss-->0.209174,train_acc-->0.920907,test_eval_loss-->0.514144,test_acc===0.531250
INFO:root:epoch:142 train_eval_loss-->0.196540,train_acc-->0.933075,test_eval_loss-->0.539190,test_acc===0.516544
INFO:root:epoch:143 train_eval_loss-->0.194687,train_acc-->0.930310,test_eval_loss-->0.533793,test_acc===0.549632
INFO:root:epoch:144 train_eval_loss-->0.195147,train_acc-->0.926438,test_eval_loss-->0.547740,test_acc===0.540441
INFO:root:epoch:145 train_eval_loss-->0.200534,train_acc-->0.929757,test_eval_loss-->0.486087,test_acc===0.547794
INFO:root:epoch:146 train_eval_loss-->0.186720,train_acc-->0.936947,test_eval_loss-->0.481424,test_acc===0.573529
INFO:root:epoch:147 train_eval_loss-->0.185529,train_acc-->0.938606,test_eval_loss-->0.459509,test_acc===0.555147
INFO:root:epoch:148 train_eval_loss-->0.196713,train_acc-->0.938053,test_eval_loss-->0.487317,test_acc===0.536765
INFO:root:epoch:149 train_eval_loss-->0.200048,train_acc-->0.924779,test_eval_loss-->0.491459,test_acc===0.558824
INFO:root:epoch:150 train_eval_loss-->0.198691,train_acc-->0.935841,test_eval_loss-->0.498435,test_acc===0.555147
INFO:root:epoch:151 train_eval_loss-->0.181846,train_acc-->0.945243,test_eval_loss-->0.488093,test_acc===0.549632
INFO:root:epoch:152 train_eval_loss-->0.183782,train_acc-->0.940265,test_eval_loss-->0.522878,test_acc===0.538603
INFO:root:epoch:153 train_eval_loss-->0.187199,train_acc-->0.927544,test_eval_loss-->0.474642,test_acc===0.556985
INFO:root:epoch:154 train_eval_loss-->0.194702,train_acc-->0.938053,test_eval_loss-->0.585374,test_acc===0.525735
INFO:root:epoch:155 train_eval_loss-->0.199632,train_acc-->0.928650,test_eval_loss-->0.525968,test_acc===0.566176
INFO:root:epoch:156 train_eval_loss-->0.184501,train_acc-->0.938606,test_eval_loss-->0.598526,test_acc===0.534926
INFO:root:epoch:157 train_eval_loss-->0.199634,train_acc-->0.935288,test_eval_loss-->0.559426,test_acc===0.503676
INFO:root:epoch:158 train_eval_loss-->0.197883,train_acc-->0.939159,test_eval_loss-->0.539261,test_acc===0.540441
INFO:root:epoch:159 train_eval_loss-->0.202680,train_acc-->0.923673,test_eval_loss-->0.552569,test_acc===0.523897
INFO:root:epoch:160 train_eval_loss-->0.202514,train_acc-->0.930310,test_eval_loss-->0.501516,test_acc===0.549632
INFO:root:epoch:161 train_eval_loss-->0.190412,train_acc-->0.938053,test_eval_loss-->0.572831,test_acc===0.540441
INFO:root:epoch:162 train_eval_loss-->0.203386,train_acc-->0.930310,test_eval_loss-->0.523558,test_acc===0.549632
INFO:root:epoch:163 train_eval_loss-->0.212032,train_acc-->0.923673,test_eval_loss-->0.561679,test_acc===0.529412
INFO:root:epoch:164 train_eval_loss-->0.218271,train_acc-->0.919801,test_eval_loss-->0.535385,test_acc===0.518382
INFO:root:epoch:165 train_eval_loss-->0.211478,train_acc-->0.912058,test_eval_loss-->0.529496,test_acc===0.490809
INFO:root:epoch:166 train_eval_loss-->0.240364,train_acc-->0.875000,test_eval_loss-->0.573719,test_acc===0.505515
INFO:root:epoch:167 train_eval_loss-->0.228921,train_acc-->0.869469,test_eval_loss-->0.502611,test_acc===0.503676
INFO:root:epoch:168 train_eval_loss-->0.238467,train_acc-->0.871128,test_eval_loss-->0.552591,test_acc===0.466912
INFO:root:epoch:169 train_eval_loss-->0.241554,train_acc-->0.856195,test_eval_loss-->0.468537,test_acc===0.518382
INFO:root:epoch:170 train_eval_loss-->0.242215,train_acc-->0.865597,test_eval_loss-->0.591874,test_acc===0.417279
INFO:root:epoch:171 train_eval_loss-->0.276813,train_acc-->0.758850,test_eval_loss-->0.634466,test_acc===0.435662
INFO:root:epoch:172 train_eval_loss-->0.254945,train_acc-->0.836283,test_eval_loss-->0.525572,test_acc===0.470588
INFO:root:epoch:173 train_eval_loss-->0.266211,train_acc-->0.855642,test_eval_loss-->0.494812,test_acc===0.483456
INFO:root:epoch:174 train_eval_loss-->0.282572,train_acc-->0.794248,test_eval_loss-->0.564753,test_acc===0.417279
INFO:root:epoch:175 train_eval_loss-->0.355719,train_acc-->0.672566,test_eval_loss-->0.572793,test_acc===0.448529
INFO:root:epoch:176 train_eval_loss-->0.363407,train_acc-->0.665376,test_eval_loss-->0.555759,test_acc===0.426471
INFO:root:epoch:177 train_eval_loss-->0.437199,train_acc-->0.546460,test_eval_loss-->0.567844,test_acc===0.415441
INFO:root:epoch:178 train_eval_loss-->0.411993,train_acc-->0.629978,test_eval_loss-->0.580191,test_acc===0.428309
INFO:root:epoch:179 train_eval_loss-->0.381147,train_acc-->0.686394,test_eval_loss-->0.684220,test_acc===0.369485
INFO:root:epoch:180 train_eval_loss-->0.675015,train_acc-->0.405973,test_eval_loss-->0.585780,test_acc===0.380515
INFO:root:epoch:181 train_eval_loss-->0.508958,train_acc-->0.466814,test_eval_loss-->0.659037,test_acc===0.303309
INFO:root:epoch:182 train_eval_loss-->0.566261,train_acc-->0.427544,test_eval_loss-->0.507021,test_acc===0.389706
INFO:root:epoch:183 train_eval_loss-->0.431756,train_acc-->0.523230,test_eval_loss-->0.572679,test_acc===0.375000
INFO:root:epoch:184 train_eval_loss-->0.436351,train_acc-->0.587389,test_eval_loss-->0.607019,test_acc===0.398897
INFO:root:epoch:185 train_eval_loss-->0.423068,train_acc-->0.580752,test_eval_loss-->0.515783,test_acc===0.411765
INFO:root:epoch:186 train_eval_loss-->0.388033,train_acc-->0.585730,test_eval_loss-->0.544362,test_acc===0.340074
INFO:root:epoch:187 train_eval_loss-->0.383637,train_acc-->0.627765,test_eval_loss-->0.597931,test_acc===0.402574
INFO:root:epoch:188 train_eval_loss-->0.336680,train_acc-->0.689712,test_eval_loss-->0.525574,test_acc===0.476103
INFO:root:epoch:189 train_eval_loss-->0.392426,train_acc-->0.621128,test_eval_loss-->0.569516,test_acc===0.439338
INFO:root:epoch:190 train_eval_loss-->0.359462,train_acc-->0.682522,test_eval_loss-->0.626789,test_acc===0.329044
INFO:root:epoch:191 train_eval_loss-->0.369669,train_acc-->0.599004,test_eval_loss-->0.683555,test_acc===0.321691
INFO:root:epoch:192 train_eval_loss-->0.433904,train_acc-->0.496681,test_eval_loss-->0.733215,test_acc===0.386029
INFO:root:epoch:193 train_eval_loss-->0.383060,train_acc-->0.605088,test_eval_loss-->0.662953,test_acc===0.351103
INFO:root:epoch:194 train_eval_loss-->0.392274,train_acc-->0.627765,test_eval_loss-->0.583109,test_acc===0.424632
INFO:root:epoch:195 train_eval_loss-->0.406731,train_acc-->0.501659,test_eval_loss-->0.586706,test_acc===0.347426
INFO:root:epoch:196 train_eval_loss-->0.472677,train_acc-->0.468473,test_eval_loss-->0.520213,test_acc===0.483456
INFO:root:epoch:197 train_eval_loss-->0.355886,train_acc-->0.650996,test_eval_loss-->0.571534,test_acc===0.378676
INFO:root:epoch:198 train_eval_loss-->0.373652,train_acc-->0.596792,test_eval_loss-->0.594979,test_acc===0.365809
INFO:root:epoch:199 train_eval_loss-->0.333074,train_acc-->0.669801,test_eval_loss-->0.594238,test_acc===0.371324
INFO:root:epoch:200 train_eval_loss-->0.362522,train_acc-->0.649889,test_eval_loss-->0.649618,test_acc===0.356618
INFO:root:epoch:201 train_eval_loss-->0.335219,train_acc-->0.683075,test_eval_loss-->0.710617,test_acc===0.334559
INFO:root:epoch:202 train_eval_loss-->0.305636,train_acc-->0.726217,test_eval_loss-->0.618215,test_acc===0.446691
INFO:root:epoch:203 train_eval_loss-->0.313361,train_acc-->0.696350,test_eval_loss-->0.637502,test_acc===0.437500
INFO:root:epoch:204 train_eval_loss-->0.333272,train_acc-->0.628872,test_eval_loss-->0.697117,test_acc===0.220588
INFO:root:epoch:205 train_eval_loss-->0.294817,train_acc-->0.739491,test_eval_loss-->0.596097,test_acc===0.411765
INFO:root:epoch:206 train_eval_loss-->0.317572,train_acc-->0.703540,test_eval_loss-->0.617633,test_acc===0.454044
INFO:root:epoch:207 train_eval_loss-->0.278057,train_acc-->0.760509,test_eval_loss-->0.555811,test_acc===0.422794
INFO:root:epoch:208 train_eval_loss-->0.274933,train_acc-->0.759956,test_eval_loss-->0.597906,test_acc===0.417279
INFO:root:epoch:209 train_eval_loss-->0.262477,train_acc-->0.794248,test_eval_loss-->0.587139,test_acc===0.398897
INFO:root:epoch:210 train_eval_loss-->0.262322,train_acc-->0.790929,test_eval_loss-->0.517565,test_acc===0.424632
INFO:root:epoch:211 train_eval_loss-->0.289449,train_acc-->0.707412,test_eval_loss-->0.571988,test_acc===0.389706
INFO:root:epoch:212 train_eval_loss-->0.266896,train_acc-->0.772124,test_eval_loss-->0.630099,test_acc===0.492647
INFO:root:epoch:213 train_eval_loss-->0.255159,train_acc-->0.815819,test_eval_loss-->0.570695,test_acc===0.490809
INFO:root:epoch:214 train_eval_loss-->0.243120,train_acc-->0.849004,test_eval_loss-->0.562049,test_acc===0.470588
INFO:root:epoch:215 train_eval_loss-->0.239608,train_acc-->0.842367,test_eval_loss-->0.572991,test_acc===0.509191
INFO:root:epoch:216 train_eval_loss-->0.231972,train_acc-->0.858960,test_eval_loss-->0.537297,test_acc===0.477941
INFO:root:epoch:217 train_eval_loss-->0.217554,train_acc-->0.902102,test_eval_loss-->0.492289,test_acc===0.470588
INFO:root:epoch:218 train_eval_loss-->0.215808,train_acc-->0.898230,test_eval_loss-->0.593227,test_acc===0.525735
INFO:root:epoch:219 train_eval_loss-->0.202766,train_acc-->0.920354,test_eval_loss-->0.551725,test_acc===0.518382
INFO:root:epoch:220 train_eval_loss-->0.202534,train_acc-->0.923673,test_eval_loss-->0.569054,test_acc===0.511029
INFO:root:epoch:221 train_eval_loss-->0.198464,train_acc-->0.926438,test_eval_loss-->0.543130,test_acc===0.514706
INFO:root:epoch:222 train_eval_loss-->0.198892,train_acc-->0.927544,test_eval_loss-->0.575205,test_acc===0.544118
INFO:root:epoch:223 train_eval_loss-->0.180925,train_acc-->0.961836,test_eval_loss-->0.565826,test_acc===0.487132
INFO:root:epoch:224 train_eval_loss-->0.174844,train_acc-->0.965708,test_eval_loss-->0.604119,test_acc===0.505515
INFO:root:epoch:225 train_eval_loss-->0.165364,train_acc-->0.969580,test_eval_loss-->0.554119,test_acc===0.523897
INFO:root:epoch:226 train_eval_loss-->0.169197,train_acc-->0.974004,test_eval_loss-->0.566848,test_acc===0.520221
INFO:root:epoch:227 train_eval_loss-->0.166741,train_acc-->0.967367,test_eval_loss-->0.514221,test_acc===0.544118
INFO:root:epoch:228 train_eval_loss-->0.161506,train_acc-->0.974558,test_eval_loss-->0.509587,test_acc===0.527574
INFO:root:epoch:229 train_eval_loss-->0.155682,train_acc-->0.984513,test_eval_loss-->0.560260,test_acc===0.527574
INFO:root:epoch:230 train_eval_loss-->0.150728,train_acc-->0.981195,test_eval_loss-->0.606992,test_acc===0.542279
INFO:root:epoch:231 train_eval_loss-->0.152895,train_acc-->0.984513,test_eval_loss-->0.510237,test_acc===0.556985
INFO:root:epoch:232 train_eval_loss-->0.144374,train_acc-->0.986173,test_eval_loss-->0.596696,test_acc===0.533088
INFO:root:epoch:233 train_eval_loss-->0.136597,train_acc-->0.989491,test_eval_loss-->0.567244,test_acc===0.514706
INFO:root:epoch:234 train_eval_loss-->0.130537,train_acc-->0.991704,test_eval_loss-->0.559165,test_acc===0.540441
INFO:root:epoch:235 train_eval_loss-->0.127885,train_acc-->0.990044,test_eval_loss-->0.597711,test_acc===0.533088
INFO:root:epoch:236 train_eval_loss-->0.120961,train_acc-->0.992810,test_eval_loss-->0.556267,test_acc===0.555147
INFO:root:epoch:237 train_eval_loss-->0.122132,train_acc-->0.992810,test_eval_loss-->0.515574,test_acc===0.549632
INFO:root:epoch:238 train_eval_loss-->0.120084,train_acc-->0.991704,test_eval_loss-->0.554282,test_acc===0.553309
INFO:root:epoch:239 train_eval_loss-->0.115181,train_acc-->0.990597,test_eval_loss-->0.604484,test_acc===0.545956
INFO:root:epoch:240 train_eval_loss-->0.111946,train_acc-->0.993363,test_eval_loss-->0.518226,test_acc===0.555147
INFO:root:epoch:241 train_eval_loss-->0.109285,train_acc-->0.993916,test_eval_loss-->0.521235,test_acc===0.542279
INFO:root:epoch:242 train_eval_loss-->0.107811,train_acc-->0.992810,test_eval_loss-->0.588233,test_acc===0.556985
INFO:root:epoch:243 train_eval_loss-->0.105213,train_acc-->0.993916,test_eval_loss-->0.517666,test_acc===0.531250
INFO:root:epoch:244 train_eval_loss-->0.104015,train_acc-->0.993916,test_eval_loss-->0.561006,test_acc===0.558824
INFO:root:epoch:245 train_eval_loss-->0.103360,train_acc-->0.995575,test_eval_loss-->0.592036,test_acc===0.538603
INFO:root:epoch:246 train_eval_loss-->0.101274,train_acc-->0.995022,test_eval_loss-->0.497801,test_acc===0.529412
INFO:root:epoch:247 train_eval_loss-->0.100570,train_acc-->0.995022,test_eval_loss-->0.583954,test_acc===0.564338
INFO:root:epoch:248 train_eval_loss-->0.100395,train_acc-->0.994469,test_eval_loss-->0.603855,test_acc===0.540441
INFO:root:epoch:249 train_eval_loss-->0.099658,train_acc-->0.995575,test_eval_loss-->0.517990,test_acc===0.525735
INFO:root:epoch:250 train_eval_loss-->0.099593,train_acc-->0.995575,test_eval_loss-->0.503009,test_acc===0.560662
INFO:root:epoch:251 train_eval_loss-->0.099954,train_acc-->0.993363,test_eval_loss-->0.502684,test_acc===0.534926
INFO:root:epoch:252 train_eval_loss-->0.100297,train_acc-->0.993916,test_eval_loss-->0.552619,test_acc===0.562500
INFO:root:epoch:253 train_eval_loss-->0.100318,train_acc-->0.995575,test_eval_loss-->0.542917,test_acc===0.575368
INFO:root:epoch:254 train_eval_loss-->0.100092,train_acc-->0.995022,test_eval_loss-->0.522047,test_acc===0.534926
INFO:root:epoch:255 train_eval_loss-->0.101915,train_acc-->0.995022,test_eval_loss-->0.544855,test_acc===0.512868
INFO:root:epoch:256 train_eval_loss-->0.100848,train_acc-->0.995575,test_eval_loss-->0.536043,test_acc===0.586397
INFO:root:epoch:257 train_eval_loss-->0.102576,train_acc-->0.994469,test_eval_loss-->0.552136,test_acc===0.569853
INFO:root:epoch:258 train_eval_loss-->0.101504,train_acc-->0.994469,test_eval_loss-->0.593729,test_acc===0.555147
INFO:root:epoch:259 train_eval_loss-->0.105095,train_acc-->0.994469,test_eval_loss-->0.593998,test_acc===0.527574
INFO:root:epoch:260 train_eval_loss-->0.104987,train_acc-->0.993363,test_eval_loss-->0.512062,test_acc===0.553309
INFO:root:epoch:261 train_eval_loss-->0.107100,train_acc-->0.995022,test_eval_loss-->0.516666,test_acc===0.553309
INFO:root:epoch:262 train_eval_loss-->0.109247,train_acc-->0.994469,test_eval_loss-->0.508268,test_acc===0.534926
INFO:root:epoch:263 train_eval_loss-->0.121585,train_acc-->0.993363,test_eval_loss-->0.512441,test_acc===0.505515
INFO:root:epoch:264 train_eval_loss-->0.129734,train_acc-->0.992810,test_eval_loss-->0.585141,test_acc===0.553309
INFO:root:epoch:265 train_eval_loss-->0.129885,train_acc-->0.993363,test_eval_loss-->0.517531,test_acc===0.545956
INFO:root:epoch:266 train_eval_loss-->0.137497,train_acc-->0.992810,test_eval_loss-->0.504996,test_acc===0.531250
INFO:root:epoch:267 train_eval_loss-->0.139423,train_acc-->0.991150,test_eval_loss-->0.606018,test_acc===0.505515
INFO:root:epoch:268 train_eval_loss-->0.149042,train_acc-->0.985066,test_eval_loss-->0.493403,test_acc===0.529412
INFO:root:epoch:269 train_eval_loss-->0.159537,train_acc-->0.980088,test_eval_loss-->0.567500,test_acc===0.500000
INFO:root:epoch:270 train_eval_loss-->0.168500,train_acc-->0.970133,test_eval_loss-->0.544514,test_acc===0.523897
INFO:root:epoch:271 train_eval_loss-->0.178790,train_acc-->0.964049,test_eval_loss-->0.551510,test_acc===0.544118
INFO:root:epoch:272 train_eval_loss-->0.186429,train_acc-->0.950221,test_eval_loss-->0.569618,test_acc===0.479779
INFO:root:epoch:273 train_eval_loss-->0.183258,train_acc-->0.957412,test_eval_loss-->0.560351,test_acc===0.455882
INFO:root:epoch:274 train_eval_loss-->0.194922,train_acc-->0.944137,test_eval_loss-->0.539754,test_acc===0.470588
INFO:root:epoch:275 train_eval_loss-->0.200826,train_acc-->0.933628,test_eval_loss-->0.613066,test_acc===0.507353
INFO:root:epoch:276 train_eval_loss-->0.186125,train_acc-->0.955199,test_eval_loss-->0.585552,test_acc===0.494485
INFO:root:epoch:277 train_eval_loss-->0.202102,train_acc-->0.926438,test_eval_loss-->0.539321,test_acc===0.479779
INFO:root:epoch:278 train_eval_loss-->0.219558,train_acc-->0.891593,test_eval_loss-->0.596289,test_acc===0.501838
INFO:root:epoch:279 train_eval_loss-->0.244170,train_acc-->0.874447,test_eval_loss-->0.598599,test_acc===0.437500
INFO:root:epoch:280 train_eval_loss-->0.532376,train_acc-->0.606195,test_eval_loss-->0.614045,test_acc===0.340074
INFO:root:epoch:281 train_eval_loss-->0.427861,train_acc-->0.622788,test_eval_loss-->0.600603,test_acc===0.398897
INFO:root:epoch:282 train_eval_loss-->0.379110,train_acc-->0.670907,test_eval_loss-->0.582446,test_acc===0.446691
INFO:root:epoch:283 train_eval_loss-->0.391532,train_acc-->0.706305,test_eval_loss-->0.562140,test_acc===0.450368
INFO:root:epoch:284 train_eval_loss-->0.476761,train_acc-->0.556969,test_eval_loss-->0.577342,test_acc===0.415441
INFO:root:epoch:285 train_eval_loss-->0.339722,train_acc-->0.696903,test_eval_loss-->0.506281,test_acc===0.441176
INFO:root:epoch:286 train_eval_loss-->0.297131,train_acc-->0.817478,test_eval_loss-->0.661402,test_acc===0.433824
INFO:root:epoch:287 train_eval_loss-->0.281832,train_acc-->0.791482,test_eval_loss-->0.492987,test_acc===0.444853
INFO:root:epoch:288 train_eval_loss-->0.334720,train_acc-->0.757743,test_eval_loss-->0.558317,test_acc===0.435662
INFO:root:epoch:289 train_eval_loss-->0.438485,train_acc-->0.640487,test_eval_loss-->0.631724,test_acc===0.365809
INFO:root:epoch:290 train_eval_loss-->0.327436,train_acc-->0.712389,test_eval_loss-->0.620218,test_acc===0.446691
INFO:root:epoch:291 train_eval_loss-->0.336128,train_acc-->0.739491,test_eval_loss-->0.611163,test_acc===0.419118
INFO:root:epoch:292 train_eval_loss-->0.376861,train_acc-->0.670354,test_eval_loss-->0.577537,test_acc===0.443015
INFO:root:epoch:293 train_eval_loss-->0.299775,train_acc-->0.733960,test_eval_loss-->0.582235,test_acc===0.310662
INFO:root:epoch:294 train_eval_loss-->0.333637,train_acc-->0.742257,test_eval_loss-->0.644219,test_acc===0.384191
INFO:root:epoch:295 train_eval_loss-->0.474466,train_acc-->0.618363,test_eval_loss-->0.671589,test_acc===0.398897
INFO:root:epoch:296 train_eval_loss-->0.461111,train_acc-->0.584071,test_eval_loss-->0.585963,test_acc===0.391544
INFO:root:epoch:297 train_eval_loss-->0.286522,train_acc-->0.752212,test_eval_loss-->0.612718,test_acc===0.408088
INFO:root:epoch:298 train_eval_loss-->0.320079,train_acc-->0.710730,test_eval_loss-->0.644783,test_acc===0.363971
INFO:root:epoch:299 train_eval_loss-->0.305088,train_acc-->0.715155,test_eval_loss-->0.658867,test_acc===0.448529
INFO:root:epoch:300 train_eval_loss-->0.329717,train_acc-->0.734513,test_eval_loss-->0.566929,test_acc===0.398897
INFO:root:epoch:301 train_eval_loss-->0.283439,train_acc-->0.824668,test_eval_loss-->0.646433,test_acc===0.411765
INFO:root:epoch:302 train_eval_loss-->0.279610,train_acc-->0.820243,test_eval_loss-->0.651751,test_acc===0.417279
INFO:root:epoch:303 train_eval_loss-->0.257980,train_acc-->0.809735,test_eval_loss-->0.710169,test_acc===0.468750
INFO:root:epoch:304 train_eval_loss-->0.242583,train_acc-->0.876659,test_eval_loss-->0.493055,test_acc===0.481618
INFO:root:epoch:305 train_eval_loss-->0.238352,train_acc-->0.860066,test_eval_loss-->0.510087,test_acc===0.520221
INFO:root:epoch:306 train_eval_loss-->0.232363,train_acc-->0.879425,test_eval_loss-->0.559543,test_acc===0.477941
INFO:root:epoch:307 train_eval_loss-->0.229582,train_acc-->0.862832,test_eval_loss-->0.544001,test_acc===0.321691
INFO:root:epoch:308 train_eval_loss-->0.245375,train_acc-->0.811947,test_eval_loss-->0.506051,test_acc===0.514706
INFO:root:epoch:309 train_eval_loss-->0.208700,train_acc-->0.909845,test_eval_loss-->0.585088,test_acc===0.430147
INFO:root:epoch:310 train_eval_loss-->0.209369,train_acc-->0.911504,test_eval_loss-->0.506154,test_acc===0.476103
INFO:root:epoch:311 train_eval_loss-->0.190869,train_acc-->0.939712,test_eval_loss-->0.528374,test_acc===0.498162
INFO:root:epoch:312 train_eval_loss-->0.201437,train_acc-->0.936394,test_eval_loss-->0.598564,test_acc===0.465074
INFO:root:epoch:313 train_eval_loss-->0.181672,train_acc-->0.965155,test_eval_loss-->0.533764,test_acc===0.520221
INFO:root:epoch:314 train_eval_loss-->0.185571,train_acc-->0.944690,test_eval_loss-->0.521632,test_acc===0.472426
INFO:root:epoch:315 train_eval_loss-->0.184428,train_acc-->0.952434,test_eval_loss-->0.530811,test_acc===0.485294
INFO:root:epoch:316 train_eval_loss-->0.182305,train_acc-->0.958518,test_eval_loss-->0.485001,test_acc===0.553309
INFO:root:epoch:317 train_eval_loss-->0.172115,train_acc-->0.964602,test_eval_loss-->0.543995,test_acc===0.501838
INFO:root:epoch:318 train_eval_loss-->0.182983,train_acc-->0.954646,test_eval_loss-->0.600783,test_acc===0.505515
INFO:root:epoch:319 train_eval_loss-->0.169816,train_acc-->0.972345,test_eval_loss-->0.498266,test_acc===0.564338
INFO:root:epoch:320 train_eval_loss-->0.161192,train_acc-->0.981195,test_eval_loss-->0.492795,test_acc===0.534926
INFO:root:epoch:321 train_eval_loss-->0.149916,train_acc-->0.987279,test_eval_loss-->0.531161,test_acc===0.538603
INFO:root:epoch:322 train_eval_loss-->0.143633,train_acc-->0.993363,test_eval_loss-->0.506805,test_acc===0.545956
INFO:root:epoch:323 train_eval_loss-->0.147155,train_acc-->0.986726,test_eval_loss-->0.552889,test_acc===0.542279
INFO:root:epoch:324 train_eval_loss-->0.141624,train_acc-->0.990044,test_eval_loss-->0.575352,test_acc===0.529412
INFO:root:epoch:325 train_eval_loss-->0.127584,train_acc-->0.995575,test_eval_loss-->0.568004,test_acc===0.547794
INFO:root:epoch:326 train_eval_loss-->0.127626,train_acc-->0.995022,test_eval_loss-->0.596068,test_acc===0.531250
INFO:root:epoch:327 train_eval_loss-->0.126106,train_acc-->0.992810,test_eval_loss-->0.508327,test_acc===0.544118
INFO:root:epoch:328 train_eval_loss-->0.125823,train_acc-->0.993916,test_eval_loss-->0.561690,test_acc===0.544118
INFO:root:epoch:329 train_eval_loss-->0.129114,train_acc-->0.994469,test_eval_loss-->0.548891,test_acc===0.560662
INFO:root:epoch:330 train_eval_loss-->0.115897,train_acc-->0.995575,test_eval_loss-->0.519760,test_acc===0.547794
INFO:root:epoch:331 train_eval_loss-->0.107771,train_acc-->0.997235,test_eval_loss-->0.531298,test_acc===0.551471
INFO:root:epoch:332 train_eval_loss-->0.109492,train_acc-->0.997235,test_eval_loss-->0.527362,test_acc===0.571691
INFO:root:epoch:333 train_eval_loss-->0.106645,train_acc-->0.996128,test_eval_loss-->0.531822,test_acc===0.571691
INFO:root:epoch:334 train_eval_loss-->0.097442,train_acc-->0.997235,test_eval_loss-->0.562271,test_acc===0.556985
INFO:root:epoch:335 train_eval_loss-->0.094292,train_acc-->0.997235,test_eval_loss-->0.576633,test_acc===0.560662
INFO:root:epoch:336 train_eval_loss-->0.090070,train_acc-->0.996128,test_eval_loss-->0.523625,test_acc===0.579044
INFO:root:epoch:337 train_eval_loss-->0.088734,train_acc-->0.997235,test_eval_loss-->0.512666,test_acc===0.555147
INFO:root:epoch:338 train_eval_loss-->0.084484,train_acc-->0.997235,test_eval_loss-->0.546494,test_acc===0.566176
INFO:root:epoch:339 train_eval_loss-->0.082733,train_acc-->0.997235,test_eval_loss-->0.517353,test_acc===0.571691
INFO:root:epoch:340 train_eval_loss-->0.079001,train_acc-->0.997235,test_eval_loss-->0.534546,test_acc===0.544118
INFO:root:epoch:341 train_eval_loss-->0.077712,train_acc-->0.997235,test_eval_loss-->0.546543,test_acc===0.560662
INFO:root:epoch:342 train_eval_loss-->0.075166,train_acc-->0.997235,test_eval_loss-->0.579258,test_acc===0.562500
INFO:root:epoch:343 train_eval_loss-->0.075150,train_acc-->0.997235,test_eval_loss-->0.572528,test_acc===0.566176
INFO:root:epoch:344 train_eval_loss-->0.072139,train_acc-->0.997235,test_eval_loss-->0.576705,test_acc===0.584559
INFO:root:epoch:345 train_eval_loss-->0.071708,train_acc-->0.997235,test_eval_loss-->0.561669,test_acc===0.555147
INFO:root:epoch:346 train_eval_loss-->0.071761,train_acc-->0.997235,test_eval_loss-->0.563174,test_acc===0.580882
INFO:root:epoch:347 train_eval_loss-->0.069996,train_acc-->0.997235,test_eval_loss-->0.499785,test_acc===0.580882
INFO:root:epoch:348 train_eval_loss-->0.069808,train_acc-->0.997235,test_eval_loss-->0.511447,test_acc===0.568015
INFO:root:epoch:349 train_eval_loss-->0.068785,train_acc-->0.997235,test_eval_loss-->0.524879,test_acc===0.566176
INFO:root:epoch:350 train_eval_loss-->0.069800,train_acc-->0.997235,test_eval_loss-->0.463307,test_acc===0.555147
INFO:root:epoch:351 train_eval_loss-->0.069844,train_acc-->0.997235,test_eval_loss-->0.498123,test_acc===0.584559
INFO:root:epoch:352 train_eval_loss-->0.070464,train_acc-->0.997235,test_eval_loss-->0.520948,test_acc===0.564338
INFO:root:epoch:353 train_eval_loss-->0.068742,train_acc-->0.997235,test_eval_loss-->0.492177,test_acc===0.582721
INFO:root:epoch:354 train_eval_loss-->0.068663,train_acc-->0.997235,test_eval_loss-->0.483590,test_acc===0.579044
INFO:root:epoch:355 train_eval_loss-->0.068752,train_acc-->0.997235,test_eval_loss-->0.565601,test_acc===0.569853
INFO:root:epoch:356 train_eval_loss-->0.069108,train_acc-->0.997235,test_eval_loss-->0.514042,test_acc===0.544118
INFO:root:epoch:357 train_eval_loss-->0.071325,train_acc-->0.997235,test_eval_loss-->0.529581,test_acc===0.558824
INFO:root:epoch:358 train_eval_loss-->0.070420,train_acc-->0.997235,test_eval_loss-->0.490024,test_acc===0.560662
INFO:root:epoch:359 train_eval_loss-->0.071193,train_acc-->0.997235,test_eval_loss-->0.558900,test_acc===0.562500
INFO:root:epoch:360 train_eval_loss-->0.072311,train_acc-->0.997235,test_eval_loss-->0.614910,test_acc===0.536765
INFO:root:epoch:361 train_eval_loss-->0.075350,train_acc-->0.997235,test_eval_loss-->0.558909,test_acc===0.547794
INFO:root:epoch:362 train_eval_loss-->0.078732,train_acc-->0.997235,test_eval_loss-->0.497020,test_acc===0.558824
INFO:root:epoch:363 train_eval_loss-->0.081567,train_acc-->0.997235,test_eval_loss-->0.483985,test_acc===0.568015
INFO:root:epoch:364 train_eval_loss-->0.087691,train_acc-->0.997235,test_eval_loss-->0.528355,test_acc===0.560662
INFO:root:epoch:365 train_eval_loss-->0.092770,train_acc-->0.996681,test_eval_loss-->0.512516,test_acc===0.556985
INFO:root:epoch:366 train_eval_loss-->0.098535,train_acc-->0.996128,test_eval_loss-->0.583657,test_acc===0.547794
INFO:root:epoch:367 train_eval_loss-->0.101722,train_acc-->0.997235,test_eval_loss-->0.528669,test_acc===0.533088
INFO:root:epoch:368 train_eval_loss-->0.116221,train_acc-->0.996681,test_eval_loss-->0.575740,test_acc===0.538603
INFO:root:epoch:369 train_eval_loss-->0.112522,train_acc-->0.993916,test_eval_loss-->0.523967,test_acc===0.544118
INFO:root:epoch:370 train_eval_loss-->0.126271,train_acc-->0.995022,test_eval_loss-->0.535607,test_acc===0.520221
INFO:root:epoch:371 train_eval_loss-->0.131139,train_acc-->0.995022,test_eval_loss-->0.581882,test_acc===0.568015
INFO:root:epoch:372 train_eval_loss-->0.139724,train_acc-->0.983407,test_eval_loss-->0.554360,test_acc===0.523897
INFO:root:epoch:373 train_eval_loss-->0.144902,train_acc-->0.992257,test_eval_loss-->0.530931,test_acc===0.492647
INFO:root:epoch:374 train_eval_loss-->0.168142,train_acc-->0.979535,test_eval_loss-->0.499611,test_acc===0.494485
INFO:root:epoch:375 train_eval_loss-->0.147657,train_acc-->0.991704,test_eval_loss-->0.487927,test_acc===0.520221
INFO:root:epoch:376 train_eval_loss-->0.160092,train_acc-->0.976770,test_eval_loss-->0.473876,test_acc===0.481618
INFO:root:epoch:377 train_eval_loss-->0.164679,train_acc-->0.968473,test_eval_loss-->0.613208,test_acc===0.500000
INFO:root:epoch:378 train_eval_loss-->0.165423,train_acc-->0.978429,test_eval_loss-->0.502732,test_acc===0.501838
INFO:root:epoch:379 train_eval_loss-->0.175689,train_acc-->0.969580,test_eval_loss-->0.551039,test_acc===0.516544
INFO:root:epoch:380 train_eval_loss-->0.168309,train_acc-->0.981195,test_eval_loss-->0.447722,test_acc===0.518382
INFO:root:epoch:381 train_eval_loss-->0.203548,train_acc-->0.943584,test_eval_loss-->0.595926,test_acc===0.448529
INFO:root:epoch:382 train_eval_loss-->0.183330,train_acc-->0.960730,test_eval_loss-->0.560088,test_acc===0.505515
INFO:root:epoch:383 train_eval_loss-->0.182431,train_acc-->0.957965,test_eval_loss-->0.562071,test_acc===0.476103
INFO:root:epoch:384 train_eval_loss-->0.176633,train_acc-->0.977323,test_eval_loss-->0.502303,test_acc===0.511029
INFO:root:epoch:385 train_eval_loss-->0.201839,train_acc-->0.926991,test_eval_loss-->0.549904,test_acc===0.476103
INFO:root:epoch:386 train_eval_loss-->0.176736,train_acc-->0.964049,test_eval_loss-->0.554590,test_acc===0.520221
INFO:root:epoch:387 train_eval_loss-->0.196562,train_acc-->0.932522,test_eval_loss-->0.515834,test_acc===0.395221
INFO:root:epoch:388 train_eval_loss-->0.200748,train_acc-->0.933075,test_eval_loss-->0.563241,test_acc===0.461397
INFO:root:epoch:389 train_eval_loss-->0.203807,train_acc-->0.931416,test_eval_loss-->0.612329,test_acc===0.409926
INFO:root:epoch:390 train_eval_loss-->0.212160,train_acc-->0.899889,test_eval_loss-->0.631203,test_acc===0.448529
INFO:root:epoch:391 train_eval_loss-->0.203791,train_acc-->0.920354,test_eval_loss-->0.566946,test_acc===0.433824
INFO:root:epoch:392 train_eval_loss-->0.231112,train_acc-->0.850664,test_eval_loss-->0.553097,test_acc===0.488971
INFO:root:epoch:393 train_eval_loss-->0.218315,train_acc-->0.893252,test_eval_loss-->0.596644,test_acc===0.446691
INFO:root:epoch:394 train_eval_loss-->0.211076,train_acc-->0.910951,test_eval_loss-->0.567783,test_acc===0.501838
INFO:root:epoch:395 train_eval_loss-->0.208586,train_acc-->0.919801,test_eval_loss-->0.605308,test_acc===0.455882
INFO:root:epoch:396 train_eval_loss-->0.233725,train_acc-->0.852876,test_eval_loss-->0.505708,test_acc===0.518382
INFO:root:epoch:397 train_eval_loss-->0.222866,train_acc-->0.887721,test_eval_loss-->0.581928,test_acc===0.409926
INFO:root:epoch:398 train_eval_loss-->0.224527,train_acc-->0.875553,test_eval_loss-->0.601526,test_acc===0.431985
INFO:root:epoch:399 train_eval_loss-->0.258584,train_acc-->0.795354,test_eval_loss-->0.618223,test_acc===0.406250
INFO:root:epoch:400 train_eval_loss-->0.279549,train_acc-->0.832412,test_eval_loss-->0.524701,test_acc===0.441176
INFO:root:epoch:401 train_eval_loss-->0.479241,train_acc-->0.638274,test_eval_loss-->0.593227,test_acc===0.341912
INFO:root:epoch:402 train_eval_loss-->0.468889,train_acc-->0.621128,test_eval_loss-->0.622032,test_acc===0.386029
INFO:root:epoch:403 train_eval_loss-->0.410363,train_acc-->0.689712,test_eval_loss-->0.550466,test_acc===0.413603
INFO:root:epoch:404 train_eval_loss-->0.325991,train_acc-->0.762721,test_eval_loss-->0.656990,test_acc===0.413603
INFO:root:epoch:405 train_eval_loss-->0.300601,train_acc-->0.789823,test_eval_loss-->0.559189,test_acc===0.426471
INFO:root:epoch:406 train_eval_loss-->0.245027,train_acc-->0.893252,test_eval_loss-->0.582387,test_acc===0.455882
INFO:root:epoch:407 train_eval_loss-->0.227559,train_acc-->0.876659,test_eval_loss-->0.580085,test_acc===0.463235
INFO:root:epoch:408 train_eval_loss-->0.256154,train_acc-->0.889381,test_eval_loss-->0.560975,test_acc===0.492647
INFO:root:epoch:409 train_eval_loss-->0.224975,train_acc-->0.914823,test_eval_loss-->0.570244,test_acc===0.470588
INFO:root:epoch:410 train_eval_loss-->0.190105,train_acc-->0.938053,test_eval_loss-->0.502900,test_acc===0.474265
INFO:root:epoch:411 train_eval_loss-->0.190307,train_acc-->0.952434,test_eval_loss-->0.583414,test_acc===0.518382
INFO:root:epoch:412 train_eval_loss-->0.184417,train_acc-->0.954646,test_eval_loss-->0.613316,test_acc===0.413603
INFO:root:epoch:413 train_eval_loss-->0.166162,train_acc-->0.975664,test_eval_loss-->0.507029,test_acc===0.496324
INFO:root:epoch:414 train_eval_loss-->0.157942,train_acc-->0.976770,test_eval_loss-->0.564389,test_acc===0.531250
INFO:root:epoch:415 train_eval_loss-->0.154641,train_acc-->0.988385,test_eval_loss-->0.586029,test_acc===0.498162
INFO:root:epoch:416 train_eval_loss-->0.161743,train_acc-->0.983960,test_eval_loss-->0.520151,test_acc===0.476103
INFO:root:epoch:417 train_eval_loss-->0.146353,train_acc-->0.988938,test_eval_loss-->0.538724,test_acc===0.527574
INFO:root:epoch:418 train_eval_loss-->0.140054,train_acc-->0.992257,test_eval_loss-->0.525342,test_acc===0.564338
INFO:root:epoch:419 train_eval_loss-->0.138016,train_acc-->0.992810,test_eval_loss-->0.566800,test_acc===0.512868
INFO:root:epoch:420 train_eval_loss-->0.141947,train_acc-->0.992810,test_eval_loss-->0.551268,test_acc===0.538603
INFO:root:epoch:421 train_eval_loss-->0.129922,train_acc-->0.991704,test_eval_loss-->0.549533,test_acc===0.503676
INFO:root:epoch:422 train_eval_loss-->0.125107,train_acc-->0.996128,test_eval_loss-->0.527185,test_acc===0.523897
INFO:root:epoch:423 train_eval_loss-->0.120234,train_acc-->0.997235,test_eval_loss-->0.531639,test_acc===0.514706
INFO:root:epoch:424 train_eval_loss-->0.124512,train_acc-->0.993916,test_eval_loss-->0.554751,test_acc===0.523897
INFO:root:epoch:425 train_eval_loss-->0.116825,train_acc-->0.991704,test_eval_loss-->0.528883,test_acc===0.549632
INFO:root:epoch:426 train_eval_loss-->0.113789,train_acc-->0.996681,test_eval_loss-->0.492811,test_acc===0.529412
INFO:root:epoch:427 train_eval_loss-->0.105599,train_acc-->0.995575,test_eval_loss-->0.521790,test_acc===0.551471
INFO:root:epoch:428 train_eval_loss-->0.096528,train_acc-->0.997788,test_eval_loss-->0.572530,test_acc===0.531250
INFO:root:epoch:429 train_eval_loss-->0.099188,train_acc-->0.996681,test_eval_loss-->0.497958,test_acc===0.514706
INFO:root:epoch:430 train_eval_loss-->0.093838,train_acc-->0.997788,test_eval_loss-->0.560037,test_acc===0.531250
INFO:root:epoch:431 train_eval_loss-->0.092508,train_acc-->0.997235,test_eval_loss-->0.525380,test_acc===0.560662
INFO:root:epoch:432 train_eval_loss-->0.086479,train_acc-->0.997788,test_eval_loss-->0.517189,test_acc===0.558824
INFO:root:epoch:433 train_eval_loss-->0.083316,train_acc-->0.997788,test_eval_loss-->0.513251,test_acc===0.571691
INFO:root:epoch:434 train_eval_loss-->0.076037,train_acc-->0.997788,test_eval_loss-->0.554921,test_acc===0.534926
INFO:root:epoch:435 train_eval_loss-->0.077462,train_acc-->0.997788,test_eval_loss-->0.480421,test_acc===0.545956
INFO:root:epoch:436 train_eval_loss-->0.074378,train_acc-->0.997788,test_eval_loss-->0.518449,test_acc===0.579044
INFO:root:epoch:437 train_eval_loss-->0.068918,train_acc-->0.997788,test_eval_loss-->0.472448,test_acc===0.564338
INFO:root:epoch:438 train_eval_loss-->0.066600,train_acc-->0.997788,test_eval_loss-->0.532210,test_acc===0.542279
INFO:root:epoch:439 train_eval_loss-->0.063002,train_acc-->0.997788,test_eval_loss-->0.481098,test_acc===0.575368
INFO:root:epoch:440 train_eval_loss-->0.059632,train_acc-->0.997788,test_eval_loss-->0.479326,test_acc===0.555147
INFO:root:epoch:441 train_eval_loss-->0.059269,train_acc-->0.997788,test_eval_loss-->0.514382,test_acc===0.564338
INFO:root:epoch:442 train_eval_loss-->0.056588,train_acc-->0.997788,test_eval_loss-->0.567865,test_acc===0.551471
INFO:root:epoch:443 train_eval_loss-->0.055572,train_acc-->0.997788,test_eval_loss-->0.553356,test_acc===0.555147
INFO:root:epoch:444 train_eval_loss-->0.053267,train_acc-->0.997788,test_eval_loss-->0.607507,test_acc===0.531250
INFO:root:epoch:445 train_eval_loss-->0.052498,train_acc-->0.997788,test_eval_loss-->0.531203,test_acc===0.555147
INFO:root:epoch:446 train_eval_loss-->0.051693,train_acc-->0.997788,test_eval_loss-->0.524431,test_acc===0.560662
INFO:root:epoch:447 train_eval_loss-->0.051160,train_acc-->0.997788,test_eval_loss-->0.550473,test_acc===0.577206
INFO:root:epoch:448 train_eval_loss-->0.051080,train_acc-->0.997788,test_eval_loss-->0.521662,test_acc===0.547794
INFO:root:epoch:449 train_eval_loss-->0.050398,train_acc-->0.997788,test_eval_loss-->0.509013,test_acc===0.562500
INFO:root:epoch:450 train_eval_loss-->0.049693,train_acc-->0.997788,test_eval_loss-->0.561203,test_acc===0.536765
INFO:root:epoch:451 train_eval_loss-->0.050249,train_acc-->0.997788,test_eval_loss-->0.604503,test_acc===0.558824
INFO:root:epoch:452 train_eval_loss-->0.050644,train_acc-->0.997788,test_eval_loss-->0.488265,test_acc===0.549632
INFO:root:epoch:453 train_eval_loss-->0.049966,train_acc-->0.997788,test_eval_loss-->0.555423,test_acc===0.575368
INFO:root:epoch:454 train_eval_loss-->0.050041,train_acc-->0.997788,test_eval_loss-->0.554503,test_acc===0.553309
INFO:root:epoch:455 train_eval_loss-->0.050742,train_acc-->0.997788,test_eval_loss-->0.603401,test_acc===0.536765
INFO:root:epoch:456 train_eval_loss-->0.051494,train_acc-->0.997788,test_eval_loss-->0.515367,test_acc===0.551471
INFO:root:epoch:457 train_eval_loss-->0.051882,train_acc-->0.997788,test_eval_loss-->0.555371,test_acc===0.575368
INFO:root:epoch:458 train_eval_loss-->0.052176,train_acc-->0.997788,test_eval_loss-->0.564894,test_acc===0.555147
INFO:root:epoch:459 train_eval_loss-->0.053652,train_acc-->0.997788,test_eval_loss-->0.525907,test_acc===0.544118
INFO:root:epoch:460 train_eval_loss-->0.056170,train_acc-->0.997788,test_eval_loss-->0.522386,test_acc===0.551471
INFO:root:epoch:461 train_eval_loss-->0.056989,train_acc-->0.997788,test_eval_loss-->0.556846,test_acc===0.569853
INFO:root:epoch:462 train_eval_loss-->0.060464,train_acc-->0.997788,test_eval_loss-->0.507454,test_acc===0.555147
INFO:root:epoch:463 train_eval_loss-->0.064113,train_acc-->0.997788,test_eval_loss-->0.556647,test_acc===0.551471
INFO:root:epoch:464 train_eval_loss-->0.064294,train_acc-->0.997788,test_eval_loss-->0.480743,test_acc===0.573529
INFO:root:epoch:465 train_eval_loss-->0.070284,train_acc-->0.997788,test_eval_loss-->0.526744,test_acc===0.531250
INFO:root:epoch:466 train_eval_loss-->0.074400,train_acc-->0.997788,test_eval_loss-->0.576645,test_acc===0.573529
INFO:root:epoch:467 train_eval_loss-->0.082382,train_acc-->0.997788,test_eval_loss-->0.479197,test_acc===0.564338
INFO:root:epoch:468 train_eval_loss-->0.091847,train_acc-->0.997788,test_eval_loss-->0.495829,test_acc===0.544118
INFO:root:epoch:469 train_eval_loss-->0.097841,train_acc-->0.997235,test_eval_loss-->0.508523,test_acc===0.580882
INFO:root:epoch:470 train_eval_loss-->0.100214,train_acc-->0.996681,test_eval_loss-->0.542796,test_acc===0.527574
INFO:root:epoch:471 train_eval_loss-->0.112339,train_acc-->0.994469,test_eval_loss-->0.574027,test_acc===0.509191
INFO:root:epoch:472 train_eval_loss-->0.113219,train_acc-->0.995575,test_eval_loss-->0.533517,test_acc===0.549632
INFO:root:epoch:473 train_eval_loss-->0.115632,train_acc-->0.995022,test_eval_loss-->0.565880,test_acc===0.540441
INFO:root:epoch:474 train_eval_loss-->0.116120,train_acc-->0.997235,test_eval_loss-->0.589966,test_acc===0.538603
INFO:root:epoch:475 train_eval_loss-->0.135396,train_acc-->0.988385,test_eval_loss-->0.523870,test_acc===0.545956
INFO:root:epoch:476 train_eval_loss-->0.131532,train_acc-->0.993916,test_eval_loss-->0.538598,test_acc===0.588235
INFO:root:epoch:477 train_eval_loss-->0.139089,train_acc-->0.993916,test_eval_loss-->0.606139,test_acc===0.531250
INFO:root:epoch:478 train_eval_loss-->0.135450,train_acc-->0.988385,test_eval_loss-->0.549751,test_acc===0.511029
INFO:root:epoch:479 train_eval_loss-->0.142686,train_acc-->0.981748,test_eval_loss-->0.559994,test_acc===0.507353
INFO:root:epoch:480 train_eval_loss-->0.131872,train_acc-->0.993363,test_eval_loss-->0.546615,test_acc===0.542279
INFO:root:epoch:481 train_eval_loss-->0.138485,train_acc-->0.986173,test_eval_loss-->0.497281,test_acc===0.509191
INFO:root:epoch:482 train_eval_loss-->0.142843,train_acc-->0.989491,test_eval_loss-->0.586653,test_acc===0.507353
INFO:root:epoch:483 train_eval_loss-->0.151738,train_acc-->0.981748,test_eval_loss-->0.587819,test_acc===0.479779
INFO:root:epoch:484 train_eval_loss-->0.163520,train_acc-->0.975111,test_eval_loss-->0.519344,test_acc===0.523897
INFO:root:epoch:485 train_eval_loss-->0.156668,train_acc-->0.975664,test_eval_loss-->0.622134,test_acc===0.498162
INFO:root:epoch:486 train_eval_loss-->0.159943,train_acc-->0.980642,test_eval_loss-->0.634771,test_acc===0.466912
INFO:root:epoch:487 train_eval_loss-->0.157801,train_acc-->0.980642,test_eval_loss-->0.531038,test_acc===0.503676
INFO:root:epoch:488 train_eval_loss-->0.173034,train_acc-->0.964049,test_eval_loss-->0.552885,test_acc===0.500000
INFO:root:epoch:489 train_eval_loss-->0.193295,train_acc-->0.941925,test_eval_loss-->0.639003,test_acc===0.363971
INFO:root:epoch:490 train_eval_loss-->0.192369,train_acc-->0.950221,test_eval_loss-->0.589328,test_acc===0.455882
INFO:root:epoch:491 train_eval_loss-->0.183752,train_acc-->0.968473,test_eval_loss-->0.568136,test_acc===0.494485
INFO:root:epoch:492 train_eval_loss-->0.173790,train_acc-->0.965155,test_eval_loss-->0.624988,test_acc===0.503676
INFO:root:epoch:493 train_eval_loss-->0.165582,train_acc-->0.968473,test_eval_loss-->0.569659,test_acc===0.500000
INFO:root:epoch:494 train_eval_loss-->0.185644,train_acc-->0.952434,test_eval_loss-->0.593095,test_acc===0.479779
INFO:root:epoch:495 train_eval_loss-->0.184946,train_acc-->0.949115,test_eval_loss-->0.489706,test_acc===0.496324
INFO:root:epoch:496 train_eval_loss-->0.188785,train_acc-->0.948562,test_eval_loss-->0.577012,test_acc===0.503676
INFO:root:epoch:497 train_eval_loss-->0.175071,train_acc-->0.959071,test_eval_loss-->0.566127,test_acc===0.501838
INFO:root:epoch:498 train_eval_loss-->0.188964,train_acc-->0.946903,test_eval_loss-->0.490734,test_acc===0.522059
INFO:root:epoch:499 train_eval_loss-->0.177628,train_acc-->0.966814,test_eval_loss-->0.566446,test_acc===0.540441
