2023-11-30 17:25:23 - #----------Config info----------#
2023-11-30 17:25:23 - network: Pointneted_plus,
2023-11-30 17:25:23 - data_path: /media/yxz/新加卷/teeth_ct_points/CT3Dpoints/,
2023-11-30 17:25:23 - label_path: /media/yxz/新加卷/teeth_ct_points/CT3Dpoints/三维坐标表格.xlsx,
2023-11-30 17:25:23 - pretrained_path: ./pre_trained/,
2023-11-30 17:25:23 - cfg: [48, 64, 96, 128, 256, 512, 256, 128, 64, 32, 16],
2023-11-30 17:25:23 - num_classes: 3,
2023-11-30 17:25:23 - input_size_h: 512,
2023-11-30 17:25:23 - input_size_w: 512,
2023-11-30 17:25:23 - input_channels: 64,
2023-11-30 17:25:23 - distributed: False,
2023-11-30 17:25:23 - local_rank: -1,
2023-11-30 17:25:23 - num_workers: 4,
2023-11-30 17:25:23 - seed: 42,
2023-11-30 17:25:23 - world_size: None,
2023-11-30 17:25:23 - rank: None,
2023-11-30 17:25:23 - amp: False,
2023-11-30 17:25:23 - l2_lambda: 0.001,
2023-11-30 17:25:23 - gpu_id: 0,
2023-11-30 17:25:23 - batch_size: 2,
2023-11-30 17:25:23 - val_bs: 1,
2023-11-30 17:25:23 - epochs: 500,
2023-11-30 17:25:23 - deep_supervision: False,
2023-11-30 17:25:23 - tailadd: True,
2023-11-30 17:25:23 - threshold: 8.660254037844387,
2023-11-30 17:25:23 - rand_data: True,
2023-11-30 17:25:23 - mean_common: False,
2023-11-30 17:25:23 - train_mean: 41.68455,
2023-11-30 17:25:23 - train_std: 54.433514,
2023-11-30 17:25:23 - val_mean: 42.785255,
2023-11-30 17:25:23 - val_std: 54.970303,
2023-11-30 17:25:23 - work_dir: results/Pointneted_plus_Thursday_30_November_2023_17h_25m_23s/,
2023-11-30 17:25:23 - tensor_size: 0,
2023-11-30 17:25:23 - train_transformer: Compose(
    <utils.myToTensor object at 0x7f7bc0ba3940>
    <utils.myResize object at 0x7f7adb1d5880>
),
2023-11-30 17:25:23 - test_transformer: Compose(
    <utils.myToTensor object at 0x7f7bc0b35dc0>
    <utils.myResize object at 0x7f7bc0b35df0>
),
2023-11-30 17:25:23 - opt: AdamW,
2023-11-30 17:25:23 - lr: 0.001,
2023-11-30 17:25:23 - betas: (0.9, 0.999),
2023-11-30 17:25:23 - eps: 1e-08,
2023-11-30 17:25:23 - weight_decay: 0.01,
2023-11-30 17:25:23 - amsgrad: False,
2023-11-30 17:25:23 - sch: CosineAnnealingLR,
2023-11-30 17:25:23 - T_max: 50,
2023-11-30 17:25:23 - eta_min: 1e-05,
2023-11-30 17:25:23 - last_epoch: -1,
INFO:root:train--mean-->41.68455
INFO:root:train--std-->54.433514
INFO:root:val--mean-->42.785255
INFO:root:val--std-->54.970303
INFO:root:real_input_channels-->49
