2023-12-08 20:03:44 - #----------Config info----------#
2023-12-08 20:03:44 - network: Pointneted_plus,
2023-12-08 20:03:44 - data_path: /media/yxz/新加卷/teeth_ct_points/CT3Dpoints/,
2023-12-08 20:03:44 - label_path: /media/yxz/新加卷/teeth_ct_points/CT3Dpoints/三维坐标表格.xlsx,
2023-12-08 20:03:44 - pretrained_path: ./pre_trained/,
2023-12-08 20:03:44 - cfg: [32, 64, 96, 128, 256, 128, 256, 128, 64, 32, 16],
2023-12-08 20:03:44 - label_num: [0, 1, 10, 11, 14, 19],
2023-12-08 20:03:44 - num_classes: 6,
2023-12-08 20:03:44 - input_size_h: 512,
2023-12-08 20:03:44 - input_size_w: 512,
2023-12-08 20:03:44 - input_channels: 64,
2023-12-08 20:03:44 - distributed: False,
2023-12-08 20:03:44 - local_rank: -1,
2023-12-08 20:03:44 - num_workers: 4,
2023-12-08 20:03:44 - seed: 42,
2023-12-08 20:03:44 - world_size: None,
2023-12-08 20:03:44 - rank: None,
2023-12-08 20:03:44 - amp: False,
2023-12-08 20:03:44 - l2_lambda: 0.05,
2023-12-08 20:03:44 - gpu_id: 0,
2023-12-08 20:03:44 - batch_size: 4,
2023-12-08 20:03:44 - val_bs: 1,
2023-12-08 20:03:44 - epochs: 400,
2023-12-08 20:03:44 - deep_supervision: True,
2023-12-08 20:03:44 - tailadd: True,
2023-12-08 20:03:44 - threshold: 8.660254037844387,
2023-12-08 20:03:44 - rand_data: False,
2023-12-08 20:03:44 - mean_common: False,
2023-12-08 20:03:44 - horizontal_flip: True,
2023-12-08 20:03:44 - train_mean: [38.167084, 36.47113, 35.658463, 34.7275, 34.397972, 34.392757, 33.96709, 34.126865, 34.28234, 33.729267, 32.7962, 32.064926, 31.681631, 31.124203, 30.844501, 31.361849, 32.73974, 34.215652, 36.648277, 38.611458, 40.539837, 42.120747, 43.28669, 44.45494, 45.614132, 46.21989, 47.45023, 48.500004, 49.44821, 50.419426, 52.140045, 53.649082, 54.722622, 55.427254, 55.996006, 56.55678, 57.03274, 56.78339, 56.16994, 56.052105, 56.084873, 55.73664, 55.51461, 54.455627, 53.19349, 51.708523, 50.496777, 48.39798, 46.618237],
2023-12-08 20:03:44 - train_std: [52.12329, 51.107494, 50.941055, 50.223755, 50.00628, 50.154346, 49.390217, 49.584064, 49.46689, 48.635002, 46.955963, 45.86415, 45.254314, 44.008198, 43.081245, 43.15782, 44.181343, 45.16833, 47.433487, 48.60615, 50.44894, 51.635715, 52.542904, 53.638527, 54.554443, 54.860928, 55.634895, 56.127644, 56.314377, 56.52658, 57.31575, 57.992775, 58.40813, 58.65052, 58.6726, 58.786034, 59.043797, 59.15101, 58.878242, 59.1303, 59.565495, 59.95643, 60.605595, 60.74457, 60.784153, 60.811424, 61.18004, 60.75567, 60.8064],
2023-12-08 20:03:44 - val_mean: [39.743374, 38.122738, 37.19561, 35.71686, 35.202812, 34.790627, 34.621647, 34.678947, 34.44854, 33.327152, 32.52173, 31.267305, 30.603254, 30.013475, 29.536041, 30.480452, 31.952286, 33.71057, 36.010574, 38.201912, 39.313183, 42.94376, 44.53766, 45.518337, 46.94797, 46.58542, 47.49811, 48.238167, 51.026104, 52.292915, 52.69654, 53.169758, 53.87486, 55.697067, 57.654236, 57.586315, 57.758514, 57.174618, 57.736595, 57.24419, 57.544117, 57.37176, 56.43062, 55.96641, 55.325653, 53.10815, 52.179287, 50.27785, 47.04305],
2023-12-08 20:03:44 - val_std: [53.15056, 52.15993, 51.616505, 50.33102, 50.21509, 50.081203, 50.03935, 49.86299, 49.531567, 48.28274, 46.95426, 45.172287, 43.96861, 42.88531, 41.24616, 42.37183, 43.43441, 44.75589, 46.571957, 48.567627, 49.173023, 51.97025, 53.31617, 54.147503, 55.217754, 54.256313, 54.82137, 55.228252, 57.024765, 57.493202, 57.21687, 57.12449, 57.009945, 58.07164, 58.968643, 58.816093, 58.97068, 58.471672, 58.976105, 58.958794, 59.510704, 60.026344, 60.16703, 60.841858, 61.621956, 61.22611, 61.83866, 62.08808, 61.1031],
2023-12-08 20:03:44 - work_dir: results/Pointneted_plus_Friday_08_December_2023_20h_03m_44s/,
2023-12-08 20:03:44 - tensor_size: 0,
2023-12-08 20:03:44 - train_transformer: Compose(
    <utils.myToTensor object at 0x7f6d4a238d60>
    <utils.myResize object at 0x7f6c64884c70>
),
2023-12-08 20:03:44 - test_transformer: Compose(
    <utils.myToTensor object at 0x7f6d4a2571c0>
    <utils.myResize object at 0x7f6d4a2571f0>
),
2023-12-08 20:03:44 - opt: AdamW,
2023-12-08 20:03:44 - lr: 0.001,
2023-12-08 20:03:44 - betas: (0.9, 0.999),
2023-12-08 20:03:44 - eps: 1e-08,
2023-12-08 20:03:44 - weight_decay: 0.01,
2023-12-08 20:03:44 - amsgrad: False,
2023-12-08 20:03:44 - sch: CosineAnnealingLR,
2023-12-08 20:03:44 - T_max: 50,
2023-12-08 20:03:44 - eta_min: 1e-05,
2023-12-08 20:03:44 - last_epoch: -1,
INFO:root:train--mean-->[38.167084 36.47113  35.658463 34.7275   34.397972 34.392757 33.96709
 34.126865 34.28234  33.729267 32.7962   32.064926 31.681631 31.124203
 30.844501 31.361849 32.73974  34.215652 36.648277 38.611458 40.539837
 42.120747 43.28669  44.45494  45.614132 46.21989  47.45023  48.500004
 49.44821  50.419426 52.140045 53.649082 54.722622 55.427254 55.996006
 56.55678  57.03274  56.78339  56.16994  56.052105 56.084873 55.73664
 55.51461  54.455627 53.19349  51.708523 50.496777 48.39798  46.618237]
INFO:root:train--std-->[52.12329  51.107494 50.941055 50.223755 50.00628  50.154346 49.390217
 49.584064 49.46689  48.635002 46.955963 45.86415  45.254314 44.008198
 43.081245 43.15782  44.181343 45.16833  47.433487 48.60615  50.44894
 51.635715 52.542904 53.638527 54.554443 54.860928 55.634895 56.127644
 56.314377 56.52658  57.31575  57.992775 58.40813  58.65052  58.6726
 58.786034 59.043797 59.15101  58.878242 59.1303   59.565495 59.95643
 60.605595 60.74457  60.784153 60.811424 61.18004  60.75567  60.8064  ]
INFO:root:val--mean-->[39.743374 38.122738 37.19561  35.71686  35.202812 34.790627 34.621647
 34.678947 34.44854  33.327152 32.52173  31.267305 30.603254 30.013475
 29.536041 30.480452 31.952286 33.71057  36.010574 38.201912 39.313183
 42.94376  44.53766  45.518337 46.94797  46.58542  47.49811  48.238167
 51.026104 52.292915 52.69654  53.169758 53.87486  55.697067 57.654236
 57.586315 57.758514 57.174618 57.736595 57.24419  57.544117 57.37176
 56.43062  55.96641  55.325653 53.10815  52.179287 50.27785  47.04305 ]
INFO:root:val--std-->[53.15056  52.15993  51.616505 50.33102  50.21509  50.081203 50.03935
 49.86299  49.531567 48.28274  46.95426  45.172287 43.96861  42.88531
 41.24616  42.37183  43.43441  44.75589  46.571957 48.567627 49.173023
 51.97025  53.31617  54.147503 55.217754 54.256313 54.82137  55.228252
 57.024765 57.493202 57.21687  57.12449  57.009945 58.07164  58.968643
 58.816093 58.97068  58.471672 58.976105 58.958794 59.510704 60.026344
 60.16703  60.841858 61.621956 61.22611  61.83866  62.08808  61.1031  ]
INFO:root:real_input_channels-->49
INFO:root:epoch:0 train_eval_loss-->7.377926,train_acc-->0.038348,test_eval_loss-->24.979811,test_acc===0.024510
INFO:root:epoch:1 train_eval_loss-->5.897285,train_acc-->0.095870,test_eval_loss-->22.003447,test_acc===0.147059
INFO:root:epoch:2 train_eval_loss-->5.632364,train_acc-->0.092920,test_eval_loss-->20.895449,test_acc===0.151961
INFO:root:epoch:3 train_eval_loss-->5.474390,train_acc-->0.103245,test_eval_loss-->20.232210,test_acc===0.088235
INFO:root:epoch:4 train_eval_loss-->5.234348,train_acc-->0.072271,test_eval_loss-->19.828945,test_acc===0.107843
INFO:root:epoch:5 train_eval_loss-->5.065154,train_acc-->0.119469,test_eval_loss-->18.977493,test_acc===0.230392
INFO:root:epoch:6 train_eval_loss-->4.975290,train_acc-->0.135693,test_eval_loss-->18.596342,test_acc===0.171569
INFO:root:epoch:7 train_eval_loss-->4.852925,train_acc-->0.138643,test_eval_loss-->18.550098,test_acc===0.215686
INFO:root:epoch:8 train_eval_loss-->4.801788,train_acc-->0.154867,test_eval_loss-->17.952274,test_acc===0.171569
INFO:root:epoch:9 train_eval_loss-->4.760018,train_acc-->0.148968,test_eval_loss-->18.583076,test_acc===0.117647
INFO:root:epoch:10 train_eval_loss-->4.724600,train_acc-->0.135693,test_eval_loss-->17.875269,test_acc===0.235294
INFO:root:epoch:11 train_eval_loss-->4.631610,train_acc-->0.216814,test_eval_loss-->17.636015,test_acc===0.200980
INFO:root:epoch:12 train_eval_loss-->4.614891,train_acc-->0.191740,test_eval_loss-->17.493273,test_acc===0.269608
INFO:root:epoch:13 train_eval_loss-->4.628597,train_acc-->0.197640,test_eval_loss-->17.489113,test_acc===0.328431
INFO:root:epoch:14 train_eval_loss-->4.631226,train_acc-->0.207965,test_eval_loss-->17.704239,test_acc===0.245098
INFO:root:epoch:15 train_eval_loss-->4.599528,train_acc-->0.233038,test_eval_loss-->17.162081,test_acc===0.299020
INFO:root:epoch:16 train_eval_loss-->4.517733,train_acc-->0.284661,test_eval_loss-->17.860579,test_acc===0.098039
INFO:root:epoch:17 train_eval_loss-->4.504461,train_acc-->0.227139,test_eval_loss-->17.894684,test_acc===0.274510
INFO:root:epoch:18 train_eval_loss-->4.467768,train_acc-->0.289086,test_eval_loss-->17.120361,test_acc===0.323529
INFO:root:epoch:19 train_eval_loss-->4.479822,train_acc-->0.283186,test_eval_loss-->17.277990,test_acc===0.318627
INFO:root:epoch:20 train_eval_loss-->4.479046,train_acc-->0.289086,test_eval_loss-->17.027849,test_acc===0.352941
INFO:root:epoch:21 train_eval_loss-->4.452231,train_acc-->0.281711,test_eval_loss-->17.617085,test_acc===0.186275
INFO:root:epoch:22 train_eval_loss-->19.370239,train_acc-->0.300885,test_eval_loss-->74.996750,test_acc===0.460784
INFO:root:epoch:23 train_eval_loss-->19.328698,train_acc-->0.342183,test_eval_loss-->75.195480,test_acc===0.421569
INFO:root:epoch:24 train_eval_loss-->19.278302,train_acc-->0.426254,test_eval_loss-->74.833214,test_acc===0.500000
INFO:root:epoch:25 train_eval_loss-->19.267323,train_acc-->0.463127,test_eval_loss-->75.131470,test_acc===0.411765
INFO:root:epoch:26 train_eval_loss-->19.235501,train_acc-->0.473451,test_eval_loss-->74.825874,test_acc===0.475490
INFO:root:epoch:27 train_eval_loss-->19.167312,train_acc-->0.551622,test_eval_loss-->74.731781,test_acc===0.519608
INFO:root:epoch:28 train_eval_loss-->28.657927,train_acc-->0.535398,test_eval_loss-->111.729515,test_acc===0.475490
INFO:root:epoch:29 train_eval_loss-->37.317554,train_acc-->0.558997,test_eval_loss-->145.408310,test_acc===0.524510
INFO:root:epoch:30 train_eval_loss-->159.698345,train_acc-->0.663717,test_eval_loss-->622.659241,test_acc===0.475490
INFO:root:epoch:31 train_eval_loss-->159.695811,train_acc-->0.626844,test_eval_loss-->622.386597,test_acc===0.553922
INFO:root:epoch:32 train_eval_loss-->159.660434,train_acc-->0.707965,test_eval_loss-->622.342651,test_acc===0.558824
INFO:root:epoch:33 train_eval_loss-->159.653048,train_acc-->0.716814,test_eval_loss-->622.388733,test_acc===0.573529
INFO:root:epoch:34 train_eval_loss-->159.633769,train_acc-->0.702065,test_eval_loss-->622.396484,test_acc===0.553922
INFO:root:epoch:35 train_eval_loss-->159.630200,train_acc-->0.741888,test_eval_loss-->622.297302,test_acc===0.598039
INFO:root:epoch:36 train_eval_loss-->159.599719,train_acc-->0.741888,test_eval_loss-->622.284363,test_acc===0.602941
INFO:root:epoch:37 train_eval_loss-->159.594904,train_acc-->0.778761,test_eval_loss-->622.306213,test_acc===0.563725
INFO:root:epoch:38 train_eval_loss-->159.575657,train_acc-->0.786136,test_eval_loss-->622.224609,test_acc===0.607843
INFO:root:epoch:39 train_eval_loss-->159.561923,train_acc-->0.833333,test_eval_loss-->622.120972,test_acc===0.622549
INFO:root:epoch:40 train_eval_loss-->159.539550,train_acc-->0.836283,test_eval_loss-->622.116638,test_acc===0.637255
INFO:root:epoch:41 train_eval_loss-->159.522816,train_acc-->0.849558,test_eval_loss-->622.123047,test_acc===0.642157
INFO:root:epoch:42 train_eval_loss-->159.526380,train_acc-->0.853982,test_eval_loss-->622.059387,test_acc===0.661765
INFO:root:epoch:43 train_eval_loss-->159.518305,train_acc-->0.853982,test_eval_loss-->622.149048,test_acc===0.632353
INFO:root:epoch:44 train_eval_loss-->159.502987,train_acc-->0.858407,test_eval_loss-->622.143860,test_acc===0.637255
INFO:root:epoch:45 train_eval_loss-->159.506879,train_acc-->0.868732,test_eval_loss-->622.148438,test_acc===0.627451
INFO:root:epoch:46 train_eval_loss-->159.485846,train_acc-->0.890855,test_eval_loss-->622.052124,test_acc===0.656863
INFO:root:epoch:47 train_eval_loss-->159.485431,train_acc-->0.884956,test_eval_loss-->622.071838,test_acc===0.642157
INFO:root:epoch:48 train_eval_loss-->159.483966,train_acc-->0.892330,test_eval_loss-->622.110474,test_acc===0.617647
INFO:root:epoch:49 train_eval_loss-->159.494123,train_acc-->0.873156,test_eval_loss-->622.089233,test_acc===0.632353
INFO:root:epoch:50 train_eval_loss-->159.481597,train_acc-->0.889381,test_eval_loss-->622.061584,test_acc===0.637255
INFO:root:epoch:51 train_eval_loss-->159.482483,train_acc-->0.889381,test_eval_loss-->622.090576,test_acc===0.637255
INFO:root:epoch:52 train_eval_loss-->159.481145,train_acc-->0.899705,test_eval_loss-->622.084900,test_acc===0.651961
INFO:root:epoch:53 train_eval_loss-->159.480659,train_acc-->0.886431,test_eval_loss-->622.108582,test_acc===0.632353
INFO:root:epoch:54 train_eval_loss-->159.478009,train_acc-->0.898230,test_eval_loss-->622.108276,test_acc===0.651961
INFO:root:epoch:55 train_eval_loss-->159.483061,train_acc-->0.889381,test_eval_loss-->622.083801,test_acc===0.671569
INFO:root:epoch:56 train_eval_loss-->159.479463,train_acc-->0.892330,test_eval_loss-->622.128296,test_acc===0.632353
INFO:root:epoch:57 train_eval_loss-->159.464045,train_acc-->0.914454,test_eval_loss-->622.076904,test_acc===0.656863
INFO:root:epoch:58 train_eval_loss-->159.471158,train_acc-->0.904130,test_eval_loss-->622.115295,test_acc===0.617647
INFO:root:epoch:59 train_eval_loss-->159.472774,train_acc-->0.911504,test_eval_loss-->622.100403,test_acc===0.647059
INFO:root:epoch:60 train_eval_loss-->159.485567,train_acc-->0.889381,test_eval_loss-->622.169922,test_acc===0.602941
INFO:root:epoch:61 train_eval_loss-->159.498574,train_acc-->0.886431,test_eval_loss-->622.234070,test_acc===0.568627
INFO:root:epoch:62 train_eval_loss-->159.516080,train_acc-->0.849558,test_eval_loss-->622.373230,test_acc===0.529412
INFO:root:epoch:63 train_eval_loss-->159.528046,train_acc-->0.852507,test_eval_loss-->622.164673,test_acc===0.612745
INFO:root:epoch:64 train_eval_loss-->159.518519,train_acc-->0.855457,test_eval_loss-->622.190369,test_acc===0.553922
INFO:root:epoch:65 train_eval_loss-->159.507671,train_acc-->0.868732,test_eval_loss-->622.126282,test_acc===0.612745
INFO:root:epoch:66 train_eval_loss-->159.516576,train_acc-->0.864307,test_eval_loss-->622.226135,test_acc===0.578431
INFO:root:epoch:67 train_eval_loss-->159.528934,train_acc-->0.852507,test_eval_loss-->622.204590,test_acc===0.563725
INFO:root:epoch:68 train_eval_loss-->159.541189,train_acc-->0.814159,test_eval_loss-->622.369873,test_acc===0.480392
INFO:root:epoch:69 train_eval_loss-->159.524929,train_acc-->0.831858,test_eval_loss-->622.032959,test_acc===0.686275
INFO:root:epoch:70 train_eval_loss-->159.534985,train_acc-->0.828909,test_eval_loss-->622.473877,test_acc===0.495098
INFO:root:epoch:71 train_eval_loss-->159.566117,train_acc-->0.771386,test_eval_loss-->622.217346,test_acc===0.558824
INFO:root:epoch:72 train_eval_loss-->159.539473,train_acc-->0.851032,test_eval_loss-->622.256470,test_acc===0.568627
INFO:root:epoch:73 train_eval_loss-->159.550765,train_acc-->0.800885,test_eval_loss-->622.359680,test_acc===0.480392
INFO:root:epoch:74 train_eval_loss-->159.554206,train_acc-->0.771386,test_eval_loss-->622.250916,test_acc===0.558824
INFO:root:epoch:75 train_eval_loss-->159.613775,train_acc-->0.716814,test_eval_loss-->622.456238,test_acc===0.519608
INFO:root:epoch:76 train_eval_loss-->159.623191,train_acc-->0.672566,test_eval_loss-->622.693237,test_acc===0.382353
INFO:root:epoch:77 train_eval_loss-->159.639711,train_acc-->0.681416,test_eval_loss-->622.345825,test_acc===0.539216
INFO:root:epoch:78 train_eval_loss-->159.614881,train_acc-->0.694690,test_eval_loss-->622.270691,test_acc===0.544118
INFO:root:epoch:79 train_eval_loss-->159.655858,train_acc-->0.665192,test_eval_loss-->622.463623,test_acc===0.593137
INFO:root:epoch:80 train_eval_loss-->159.583097,train_acc-->0.787611,test_eval_loss-->622.397827,test_acc===0.578431
INFO:root:epoch:81 train_eval_loss-->159.603698,train_acc-->0.749263,test_eval_loss-->622.308777,test_acc===0.607843
INFO:root:epoch:82 train_eval_loss-->159.645809,train_acc-->0.665192,test_eval_loss-->622.214966,test_acc===0.617647
INFO:root:epoch:83 train_eval_loss-->159.631791,train_acc-->0.702065,test_eval_loss-->622.236633,test_acc===0.666667
INFO:root:epoch:84 train_eval_loss-->159.618138,train_acc-->0.718289,test_eval_loss-->622.521423,test_acc===0.514706
INFO:root:epoch:85 train_eval_loss-->159.619939,train_acc-->0.744838,test_eval_loss-->622.645386,test_acc===0.504902
INFO:root:epoch:86 train_eval_loss-->159.680187,train_acc-->0.626844,test_eval_loss-->622.528076,test_acc===0.436275
INFO:root:epoch:87 train_eval_loss-->159.654794,train_acc-->0.674041,test_eval_loss-->622.917053,test_acc===0.382353
INFO:root:epoch:88 train_eval_loss-->159.662065,train_acc-->0.659292,test_eval_loss-->622.746277,test_acc===0.387255
INFO:root:epoch:89 train_eval_loss-->159.690034,train_acc-->0.626844,test_eval_loss-->622.976135,test_acc===0.318627
INFO:root:epoch:90 train_eval_loss-->159.665206,train_acc-->0.688791,test_eval_loss-->623.085938,test_acc===0.338235
INFO:root:epoch:91 train_eval_loss-->159.718076,train_acc-->0.578171,test_eval_loss-->622.428772,test_acc===0.544118
INFO:root:epoch:92 train_eval_loss-->159.657222,train_acc-->0.691740,test_eval_loss-->622.669189,test_acc===0.480392
INFO:root:epoch:93 train_eval_loss-->159.610765,train_acc-->0.765487,test_eval_loss-->622.437988,test_acc===0.573529
INFO:root:epoch:94 train_eval_loss-->159.620267,train_acc-->0.752212,test_eval_loss-->622.546326,test_acc===0.534314
INFO:root:epoch:95 train_eval_loss-->159.613378,train_acc-->0.772861,test_eval_loss-->622.652222,test_acc===0.514706
INFO:root:epoch:96 train_eval_loss-->159.649176,train_acc-->0.682891,test_eval_loss-->622.524414,test_acc===0.568627
INFO:root:epoch:97 train_eval_loss-->159.597345,train_acc-->0.790560,test_eval_loss-->622.535156,test_acc===0.524510
INFO:root:epoch:98 train_eval_loss-->159.601738,train_acc-->0.749263,test_eval_loss-->622.436584,test_acc===0.573529
INFO:root:epoch:99 train_eval_loss-->159.597974,train_acc-->0.755162,test_eval_loss-->622.342529,test_acc===0.578431
INFO:root:epoch:100 train_eval_loss-->159.610267,train_acc-->0.728614,test_eval_loss-->622.423401,test_acc===0.514706
INFO:root:epoch:101 train_eval_loss-->159.579096,train_acc-->0.756637,test_eval_loss-->622.291382,test_acc===0.553922
INFO:root:epoch:102 train_eval_loss-->159.548466,train_acc-->0.808260,test_eval_loss-->622.225159,test_acc===0.583333
INFO:root:epoch:103 train_eval_loss-->159.517355,train_acc-->0.849558,test_eval_loss-->622.156860,test_acc===0.588235
INFO:root:epoch:104 train_eval_loss-->159.512468,train_acc-->0.856932,test_eval_loss-->622.402649,test_acc===0.524510
INFO:root:epoch:105 train_eval_loss-->159.576111,train_acc-->0.734513,test_eval_loss-->622.102295,test_acc===0.622549
INFO:root:epoch:106 train_eval_loss-->159.523227,train_acc-->0.794985,test_eval_loss-->622.196960,test_acc===0.578431
INFO:root:epoch:107 train_eval_loss-->159.519707,train_acc-->0.800885,test_eval_loss-->622.267944,test_acc===0.509804
INFO:root:epoch:108 train_eval_loss-->159.524499,train_acc-->0.796460,test_eval_loss-->622.464539,test_acc===0.500000
INFO:root:epoch:109 train_eval_loss-->159.501366,train_acc-->0.831858,test_eval_loss-->622.166443,test_acc===0.563725
INFO:root:epoch:110 train_eval_loss-->159.493333,train_acc-->0.815634,test_eval_loss-->622.087585,test_acc===0.583333
INFO:root:epoch:111 train_eval_loss-->159.464740,train_acc-->0.831858,test_eval_loss-->621.868103,test_acc===0.642157
INFO:root:epoch:112 train_eval_loss-->159.457838,train_acc-->0.845133,test_eval_loss-->621.953735,test_acc===0.583333
INFO:root:epoch:113 train_eval_loss-->159.406837,train_acc-->0.899705,test_eval_loss-->621.889648,test_acc===0.617647
INFO:root:epoch:114 train_eval_loss-->159.377982,train_acc-->0.942478,test_eval_loss-->622.038757,test_acc===0.514706
INFO:root:epoch:115 train_eval_loss-->159.376680,train_acc-->0.936578,test_eval_loss-->621.742065,test_acc===0.637255
INFO:root:epoch:116 train_eval_loss-->159.344158,train_acc-->0.942478,test_eval_loss-->621.744568,test_acc===0.632353
INFO:root:epoch:117 train_eval_loss-->159.330446,train_acc-->0.910029,test_eval_loss-->621.505737,test_acc===0.686275
INFO:root:epoch:118 train_eval_loss-->159.316084,train_acc-->0.910029,test_eval_loss-->621.567688,test_acc===0.651961
INFO:root:epoch:119 train_eval_loss-->159.301493,train_acc-->0.939528,test_eval_loss-->621.757202,test_acc===0.500000
INFO:root:epoch:120 train_eval_loss-->159.302800,train_acc-->0.902655,test_eval_loss-->621.557068,test_acc===0.647059
INFO:root:epoch:121 train_eval_loss-->159.278838,train_acc-->0.949853,test_eval_loss-->621.375854,test_acc===0.676471
INFO:root:epoch:122 train_eval_loss-->159.242386,train_acc-->0.974926,test_eval_loss-->621.631226,test_acc===0.490196
INFO:root:epoch:123 train_eval_loss-->159.259573,train_acc-->0.920354,test_eval_loss-->621.337708,test_acc===0.666667
INFO:root:epoch:124 train_eval_loss-->159.238517,train_acc-->0.961652,test_eval_loss-->621.360535,test_acc===0.607843
INFO:root:epoch:125 train_eval_loss-->159.210876,train_acc-->0.976401,test_eval_loss-->621.128174,test_acc===0.691176
INFO:root:epoch:126 train_eval_loss-->159.173951,train_acc-->0.977876,test_eval_loss-->621.166443,test_acc===0.686275
INFO:root:epoch:127 train_eval_loss-->159.142611,train_acc-->0.989676,test_eval_loss-->621.131592,test_acc===0.681373
INFO:root:epoch:128 train_eval_loss-->159.139060,train_acc-->0.983776,test_eval_loss-->621.138062,test_acc===0.651961
INFO:root:epoch:129 train_eval_loss-->159.109116,train_acc-->0.997050,test_eval_loss-->620.999512,test_acc===0.681373
INFO:root:epoch:130 train_eval_loss-->159.087507,train_acc-->0.994100,test_eval_loss-->620.943237,test_acc===0.700980
INFO:root:epoch:131 train_eval_loss-->159.076988,train_acc-->0.998525,test_eval_loss-->620.926819,test_acc===0.661765
INFO:root:epoch:132 train_eval_loss-->159.057896,train_acc-->0.995575,test_eval_loss-->620.854492,test_acc===0.681373
INFO:root:epoch:133 train_eval_loss-->159.044185,train_acc-->0.997050,test_eval_loss-->620.828003,test_acc===0.676471
INFO:root:epoch:134 train_eval_loss-->159.030066,train_acc-->0.997050,test_eval_loss-->620.830994,test_acc===0.661765
INFO:root:epoch:135 train_eval_loss-->159.015950,train_acc-->0.997050,test_eval_loss-->620.806824,test_acc===0.696078
INFO:root:epoch:136 train_eval_loss-->159.010424,train_acc-->0.997050,test_eval_loss-->620.766724,test_acc===0.700980
INFO:root:epoch:137 train_eval_loss-->159.004175,train_acc-->0.998525,test_eval_loss-->620.772522,test_acc===0.705882
INFO:root:epoch:138 train_eval_loss-->158.997265,train_acc-->0.998525,test_eval_loss-->620.741272,test_acc===0.676471
INFO:root:epoch:139 train_eval_loss-->158.981727,train_acc-->1.000000,test_eval_loss-->620.731140,test_acc===0.700980
INFO:root:epoch:140 train_eval_loss-->158.976392,train_acc-->0.998525,test_eval_loss-->620.704041,test_acc===0.730392
INFO:root:epoch:141 train_eval_loss-->158.969696,train_acc-->0.998525,test_eval_loss-->620.686890,test_acc===0.720588
INFO:root:epoch:142 train_eval_loss-->158.961622,train_acc-->0.998525,test_eval_loss-->620.723877,test_acc===0.696078
INFO:root:epoch:143 train_eval_loss-->158.960727,train_acc-->0.998525,test_eval_loss-->620.675476,test_acc===0.720588
INFO:root:epoch:144 train_eval_loss-->158.952691,train_acc-->0.997050,test_eval_loss-->620.665588,test_acc===0.705882
INFO:root:epoch:145 train_eval_loss-->158.951421,train_acc-->0.998525,test_eval_loss-->620.664551,test_acc===0.740196
INFO:root:epoch:146 train_eval_loss-->158.951058,train_acc-->0.998525,test_eval_loss-->620.661865,test_acc===0.705882
INFO:root:epoch:147 train_eval_loss-->158.946880,train_acc-->0.997050,test_eval_loss-->620.657593,test_acc===0.715686
INFO:root:epoch:148 train_eval_loss-->158.945632,train_acc-->0.998525,test_eval_loss-->620.630371,test_acc===0.705882
INFO:root:epoch:149 train_eval_loss-->158.944401,train_acc-->0.998525,test_eval_loss-->620.658630,test_acc===0.691176
INFO:root:epoch:150 train_eval_loss-->158.942866,train_acc-->1.000000,test_eval_loss-->620.645874,test_acc===0.725490
INFO:root:epoch:151 train_eval_loss-->158.944088,train_acc-->0.997050,test_eval_loss-->620.667786,test_acc===0.715686
INFO:root:epoch:152 train_eval_loss-->158.941539,train_acc-->1.000000,test_eval_loss-->620.651123,test_acc===0.705882
INFO:root:epoch:153 train_eval_loss-->158.944283,train_acc-->0.998525,test_eval_loss-->620.605957,test_acc===0.730392
INFO:root:epoch:154 train_eval_loss-->158.941398,train_acc-->0.997050,test_eval_loss-->620.641174,test_acc===0.696078
INFO:root:epoch:155 train_eval_loss-->158.946809,train_acc-->1.000000,test_eval_loss-->620.651611,test_acc===0.700980
INFO:root:epoch:156 train_eval_loss-->158.944681,train_acc-->1.000000,test_eval_loss-->620.676208,test_acc===0.676471
INFO:root:epoch:157 train_eval_loss-->158.943612,train_acc-->0.998525,test_eval_loss-->620.620728,test_acc===0.686275
INFO:root:epoch:158 train_eval_loss-->158.943961,train_acc-->0.998525,test_eval_loss-->620.605347,test_acc===0.715686
INFO:root:epoch:159 train_eval_loss-->158.943359,train_acc-->1.000000,test_eval_loss-->620.617004,test_acc===0.715686
INFO:root:epoch:160 train_eval_loss-->158.944336,train_acc-->0.998525,test_eval_loss-->620.642639,test_acc===0.696078
INFO:root:epoch:161 train_eval_loss-->158.941010,train_acc-->1.000000,test_eval_loss-->620.576599,test_acc===0.705882
INFO:root:epoch:162 train_eval_loss-->158.943444,train_acc-->0.998525,test_eval_loss-->620.629822,test_acc===0.686275
INFO:root:epoch:163 train_eval_loss-->158.951810,train_acc-->0.998525,test_eval_loss-->620.590210,test_acc===0.676471
INFO:root:epoch:164 train_eval_loss-->158.958392,train_acc-->0.997050,test_eval_loss-->620.607666,test_acc===0.666667
INFO:root:epoch:165 train_eval_loss-->158.971410,train_acc-->0.994100,test_eval_loss-->620.638367,test_acc===0.656863
INFO:root:epoch:166 train_eval_loss-->158.981142,train_acc-->0.998525,test_eval_loss-->620.707397,test_acc===0.632353
INFO:root:epoch:167 train_eval_loss-->158.989349,train_acc-->0.991150,test_eval_loss-->620.567932,test_acc===0.696078
INFO:root:epoch:168 train_eval_loss-->158.970148,train_acc-->0.995575,test_eval_loss-->620.590271,test_acc===0.661765
INFO:root:epoch:169 train_eval_loss-->158.985191,train_acc-->0.997050,test_eval_loss-->620.584717,test_acc===0.686275
INFO:root:epoch:170 train_eval_loss-->158.990900,train_acc-->0.989676,test_eval_loss-->620.502380,test_acc===0.720588
INFO:root:epoch:171 train_eval_loss-->159.001860,train_acc-->0.992625,test_eval_loss-->620.653870,test_acc===0.642157
INFO:root:epoch:172 train_eval_loss-->158.992265,train_acc-->0.986726,test_eval_loss-->620.491150,test_acc===0.700980
INFO:root:epoch:173 train_eval_loss-->159.020479,train_acc-->0.964602,test_eval_loss-->620.597656,test_acc===0.656863
INFO:root:epoch:174 train_eval_loss-->158.991647,train_acc-->0.985251,test_eval_loss-->620.524475,test_acc===0.656863
INFO:root:epoch:175 train_eval_loss-->158.993455,train_acc-->0.977876,test_eval_loss-->620.482544,test_acc===0.676471
INFO:root:epoch:176 train_eval_loss-->159.013790,train_acc-->0.961652,test_eval_loss-->620.420105,test_acc===0.696078
INFO:root:epoch:177 train_eval_loss-->159.033598,train_acc-->0.964602,test_eval_loss-->620.616943,test_acc===0.607843
INFO:root:epoch:178 train_eval_loss-->159.031224,train_acc-->0.955752,test_eval_loss-->620.677551,test_acc===0.553922
INFO:root:epoch:179 train_eval_loss-->159.074405,train_acc-->0.926254,test_eval_loss-->620.640747,test_acc===0.656863
INFO:root:epoch:180 train_eval_loss-->159.050739,train_acc-->0.954277,test_eval_loss-->620.664001,test_acc===0.602941
INFO:root:epoch:181 train_eval_loss-->159.041756,train_acc-->0.971976,test_eval_loss-->620.680298,test_acc===0.612745
INFO:root:epoch:182 train_eval_loss-->159.065458,train_acc-->0.957227,test_eval_loss-->620.574219,test_acc===0.705882
INFO:root:epoch:183 train_eval_loss-->159.071016,train_acc-->0.939528,test_eval_loss-->620.744568,test_acc===0.583333
INFO:root:epoch:184 train_eval_loss-->159.064663,train_acc-->0.955752,test_eval_loss-->620.549438,test_acc===0.696078
INFO:root:epoch:185 train_eval_loss-->159.110213,train_acc-->0.893805,test_eval_loss-->620.744141,test_acc===0.622549
INFO:root:epoch:186 train_eval_loss-->159.106391,train_acc-->0.933628,test_eval_loss-->620.826477,test_acc===0.593137
INFO:root:epoch:187 train_eval_loss-->159.110498,train_acc-->0.930678,test_eval_loss-->620.740051,test_acc===0.627451
INFO:root:epoch:188 train_eval_loss-->159.127654,train_acc-->0.915929,test_eval_loss-->620.908752,test_acc===0.607843
INFO:root:epoch:189 train_eval_loss-->159.168358,train_acc-->0.893805,test_eval_loss-->620.872498,test_acc===0.637255
INFO:root:epoch:190 train_eval_loss-->159.226368,train_acc-->0.793510,test_eval_loss-->621.056702,test_acc===0.598039
INFO:root:epoch:191 train_eval_loss-->159.193677,train_acc-->0.851032,test_eval_loss-->621.277832,test_acc===0.563725
INFO:root:epoch:192 train_eval_loss-->159.179001,train_acc-->0.907080,test_eval_loss-->621.094666,test_acc===0.568627
INFO:root:epoch:193 train_eval_loss-->159.165446,train_acc-->0.920354,test_eval_loss-->620.980408,test_acc===0.651961
INFO:root:epoch:194 train_eval_loss-->159.165564,train_acc-->0.920354,test_eval_loss-->621.410278,test_acc===0.411765
INFO:root:epoch:195 train_eval_loss-->159.247115,train_acc-->0.808260,test_eval_loss-->621.182556,test_acc===0.598039
INFO:root:epoch:196 train_eval_loss-->159.232070,train_acc-->0.870206,test_eval_loss-->621.422913,test_acc===0.426471
INFO:root:epoch:197 train_eval_loss-->159.288468,train_acc-->0.761062,test_eval_loss-->621.347412,test_acc===0.563725
INFO:root:epoch:198 train_eval_loss-->159.249870,train_acc-->0.867257,test_eval_loss-->621.430298,test_acc===0.573529
INFO:root:epoch:199 train_eval_loss-->159.243885,train_acc-->0.905605,test_eval_loss-->621.406860,test_acc===0.534314
INFO:root:epoch:200 train_eval_loss-->159.242806,train_acc-->0.896755,test_eval_loss-->621.361084,test_acc===0.573529
INFO:root:epoch:201 train_eval_loss-->159.243101,train_acc-->0.892330,test_eval_loss-->621.313416,test_acc===0.598039
INFO:root:epoch:202 train_eval_loss-->159.225965,train_acc-->0.927729,test_eval_loss-->621.138367,test_acc===0.676471
INFO:root:epoch:203 train_eval_loss-->159.194041,train_acc-->0.954277,test_eval_loss-->621.176819,test_acc===0.642157
INFO:root:epoch:204 train_eval_loss-->159.189587,train_acc-->0.946903,test_eval_loss-->621.084656,test_acc===0.622549
INFO:root:epoch:205 train_eval_loss-->159.153297,train_acc-->0.964602,test_eval_loss-->621.296753,test_acc===0.534314
INFO:root:epoch:206 train_eval_loss-->159.190552,train_acc-->0.941003,test_eval_loss-->621.168030,test_acc===0.632353
INFO:root:epoch:207 train_eval_loss-->159.196258,train_acc-->0.932153,test_eval_loss-->621.290955,test_acc===0.534314
INFO:root:epoch:208 train_eval_loss-->159.193409,train_acc-->0.935103,test_eval_loss-->620.973206,test_acc===0.676471
INFO:root:epoch:209 train_eval_loss-->159.155991,train_acc-->0.970501,test_eval_loss-->621.172180,test_acc===0.578431
INFO:root:epoch:210 train_eval_loss-->159.215104,train_acc-->0.918879,test_eval_loss-->621.121704,test_acc===0.661765
INFO:root:epoch:211 train_eval_loss-->159.171638,train_acc-->0.939528,test_eval_loss-->620.934326,test_acc===0.681373
INFO:root:epoch:212 train_eval_loss-->159.112945,train_acc-->0.983776,test_eval_loss-->620.952942,test_acc===0.651961
INFO:root:epoch:213 train_eval_loss-->159.126110,train_acc-->0.963127,test_eval_loss-->620.957886,test_acc===0.656863
INFO:root:epoch:214 train_eval_loss-->159.079462,train_acc-->0.986726,test_eval_loss-->620.831055,test_acc===0.651961
INFO:root:epoch:215 train_eval_loss-->159.069193,train_acc-->0.977876,test_eval_loss-->620.691956,test_acc===0.681373
INFO:root:epoch:216 train_eval_loss-->159.053008,train_acc-->0.986726,test_eval_loss-->620.678345,test_acc===0.705882
INFO:root:epoch:217 train_eval_loss-->159.047078,train_acc-->0.980826,test_eval_loss-->620.533386,test_acc===0.705882
INFO:root:epoch:218 train_eval_loss-->159.013222,train_acc-->0.992625,test_eval_loss-->620.587280,test_acc===0.656863
INFO:root:epoch:219 train_eval_loss-->159.006393,train_acc-->0.977876,test_eval_loss-->620.596558,test_acc===0.676471
INFO:root:epoch:220 train_eval_loss-->158.987076,train_acc-->0.979351,test_eval_loss-->620.482849,test_acc===0.676471
INFO:root:epoch:221 train_eval_loss-->158.972603,train_acc-->0.989676,test_eval_loss-->620.418396,test_acc===0.705882
INFO:root:epoch:222 train_eval_loss-->158.944995,train_acc-->0.991150,test_eval_loss-->620.388977,test_acc===0.725490
INFO:root:epoch:223 train_eval_loss-->158.917536,train_acc-->0.997050,test_eval_loss-->620.389465,test_acc===0.681373
INFO:root:epoch:224 train_eval_loss-->158.892313,train_acc-->0.989676,test_eval_loss-->620.239929,test_acc===0.720588
INFO:root:epoch:225 train_eval_loss-->158.875317,train_acc-->0.998525,test_eval_loss-->620.231567,test_acc===0.720588
INFO:root:epoch:226 train_eval_loss-->158.857314,train_acc-->0.998525,test_eval_loss-->620.151306,test_acc===0.710784
INFO:root:epoch:227 train_eval_loss-->158.867353,train_acc-->0.989676,test_eval_loss-->620.176453,test_acc===0.720588
INFO:root:epoch:228 train_eval_loss-->158.824630,train_acc-->0.995575,test_eval_loss-->620.050659,test_acc===0.754902
INFO:root:epoch:229 train_eval_loss-->158.811286,train_acc-->0.998525,test_eval_loss-->620.034180,test_acc===0.735294
INFO:root:epoch:230 train_eval_loss-->158.797720,train_acc-->1.000000,test_eval_loss-->619.996216,test_acc===0.715686
INFO:root:epoch:231 train_eval_loss-->158.788148,train_acc-->1.000000,test_eval_loss-->620.007202,test_acc===0.725490
INFO:root:epoch:232 train_eval_loss-->158.771650,train_acc-->1.000000,test_eval_loss-->619.943909,test_acc===0.710784
INFO:root:epoch:233 train_eval_loss-->158.761998,train_acc-->1.000000,test_eval_loss-->619.897217,test_acc===0.715686
INFO:root:epoch:234 train_eval_loss-->158.746503,train_acc-->1.000000,test_eval_loss-->619.862244,test_acc===0.696078
INFO:root:epoch:235 train_eval_loss-->158.736229,train_acc-->1.000000,test_eval_loss-->619.863647,test_acc===0.730392
INFO:root:epoch:236 train_eval_loss-->158.724207,train_acc-->1.000000,test_eval_loss-->619.787781,test_acc===0.735294
INFO:root:epoch:237 train_eval_loss-->158.712636,train_acc-->0.998525,test_eval_loss-->619.812439,test_acc===0.730392
INFO:root:epoch:238 train_eval_loss-->158.704825,train_acc-->1.000000,test_eval_loss-->619.763245,test_acc===0.720588
INFO:root:epoch:239 train_eval_loss-->158.695015,train_acc-->1.000000,test_eval_loss-->619.795166,test_acc===0.730392
INFO:root:epoch:240 train_eval_loss-->158.689110,train_acc-->1.000000,test_eval_loss-->619.801147,test_acc===0.715686
INFO:root:epoch:241 train_eval_loss-->158.679567,train_acc-->1.000000,test_eval_loss-->619.778381,test_acc===0.710784
INFO:root:epoch:242 train_eval_loss-->158.678337,train_acc-->1.000000,test_eval_loss-->619.747437,test_acc===0.725490
INFO:root:epoch:243 train_eval_loss-->158.674158,train_acc-->1.000000,test_eval_loss-->619.753296,test_acc===0.715686
INFO:root:epoch:244 train_eval_loss-->158.670641,train_acc-->1.000000,test_eval_loss-->619.766052,test_acc===0.720588
INFO:root:epoch:245 train_eval_loss-->158.664991,train_acc-->1.000000,test_eval_loss-->619.677856,test_acc===0.735294
INFO:root:epoch:246 train_eval_loss-->158.661935,train_acc-->1.000000,test_eval_loss-->619.679199,test_acc===0.730392
INFO:root:epoch:247 train_eval_loss-->158.662180,train_acc-->1.000000,test_eval_loss-->619.676575,test_acc===0.715686
INFO:root:epoch:248 train_eval_loss-->158.661607,train_acc-->1.000000,test_eval_loss-->619.678589,test_acc===0.720588
INFO:root:epoch:249 train_eval_loss-->158.660582,train_acc-->1.000000,test_eval_loss-->619.707764,test_acc===0.735294
INFO:root:epoch:250 train_eval_loss-->158.660250,train_acc-->1.000000,test_eval_loss-->619.735474,test_acc===0.715686
INFO:root:epoch:251 train_eval_loss-->158.661707,train_acc-->1.000000,test_eval_loss-->619.733276,test_acc===0.745098
INFO:root:epoch:252 train_eval_loss-->158.659354,train_acc-->1.000000,test_eval_loss-->619.705505,test_acc===0.710784
INFO:root:epoch:253 train_eval_loss-->158.658254,train_acc-->1.000000,test_eval_loss-->619.711487,test_acc===0.735294
INFO:root:epoch:254 train_eval_loss-->158.659826,train_acc-->1.000000,test_eval_loss-->619.731934,test_acc===0.696078
INFO:root:epoch:255 train_eval_loss-->158.656930,train_acc-->1.000000,test_eval_loss-->619.742371,test_acc===0.730392
INFO:root:epoch:256 train_eval_loss-->158.659037,train_acc-->1.000000,test_eval_loss-->619.704651,test_acc===0.715686
INFO:root:epoch:257 train_eval_loss-->158.657652,train_acc-->1.000000,test_eval_loss-->619.687500,test_acc===0.715686
INFO:root:epoch:258 train_eval_loss-->158.656749,train_acc-->1.000000,test_eval_loss-->619.723328,test_acc===0.710784
INFO:root:epoch:259 train_eval_loss-->158.657410,train_acc-->1.000000,test_eval_loss-->619.666199,test_acc===0.725490
INFO:root:epoch:260 train_eval_loss-->158.653892,train_acc-->1.000000,test_eval_loss-->619.720703,test_acc===0.686275
INFO:root:epoch:261 train_eval_loss-->158.653891,train_acc-->1.000000,test_eval_loss-->619.681763,test_acc===0.725490
INFO:root:epoch:262 train_eval_loss-->158.653584,train_acc-->1.000000,test_eval_loss-->619.646179,test_acc===0.710784
INFO:root:epoch:263 train_eval_loss-->158.647735,train_acc-->1.000000,test_eval_loss-->619.602539,test_acc===0.735294
INFO:root:epoch:264 train_eval_loss-->158.650963,train_acc-->1.000000,test_eval_loss-->619.597107,test_acc===0.730392
INFO:root:epoch:265 train_eval_loss-->158.650512,train_acc-->1.000000,test_eval_loss-->619.596741,test_acc===0.715686
INFO:root:epoch:266 train_eval_loss-->158.657104,train_acc-->1.000000,test_eval_loss-->619.580627,test_acc===0.681373
INFO:root:epoch:267 train_eval_loss-->158.652372,train_acc-->1.000000,test_eval_loss-->619.562988,test_acc===0.725490
INFO:root:epoch:268 train_eval_loss-->158.668942,train_acc-->1.000000,test_eval_loss-->619.563721,test_acc===0.730392
INFO:root:epoch:269 train_eval_loss-->158.674059,train_acc-->1.000000,test_eval_loss-->619.602173,test_acc===0.666667
INFO:root:epoch:270 train_eval_loss-->158.688081,train_acc-->1.000000,test_eval_loss-->619.553772,test_acc===0.686275
INFO:root:epoch:271 train_eval_loss-->158.705223,train_acc-->1.000000,test_eval_loss-->619.583984,test_acc===0.681373
INFO:root:epoch:272 train_eval_loss-->158.719745,train_acc-->0.991150,test_eval_loss-->619.628479,test_acc===0.671569
INFO:root:epoch:273 train_eval_loss-->158.694138,train_acc-->0.998525,test_eval_loss-->619.507019,test_acc===0.686275
INFO:root:epoch:274 train_eval_loss-->158.676409,train_acc-->0.998525,test_eval_loss-->619.511658,test_acc===0.725490
INFO:root:epoch:275 train_eval_loss-->158.693411,train_acc-->0.994100,test_eval_loss-->619.521423,test_acc===0.691176
INFO:root:epoch:276 train_eval_loss-->158.695257,train_acc-->0.992625,test_eval_loss-->619.571716,test_acc===0.671569
INFO:root:epoch:277 train_eval_loss-->158.710447,train_acc-->0.983776,test_eval_loss-->619.727417,test_acc===0.583333
INFO:root:epoch:278 train_eval_loss-->158.763342,train_acc-->0.960177,test_eval_loss-->619.535339,test_acc===0.651961
INFO:root:epoch:279 train_eval_loss-->158.745112,train_acc-->0.970501,test_eval_loss-->619.637573,test_acc===0.602941
INFO:root:epoch:280 train_eval_loss-->158.712644,train_acc-->0.994100,test_eval_loss-->619.545227,test_acc===0.681373
INFO:root:epoch:281 train_eval_loss-->158.713730,train_acc-->0.988201,test_eval_loss-->619.510620,test_acc===0.691176
INFO:root:epoch:282 train_eval_loss-->158.777693,train_acc-->0.964602,test_eval_loss-->619.661560,test_acc===0.583333
INFO:root:epoch:283 train_eval_loss-->158.805751,train_acc-->0.964602,test_eval_loss-->619.773499,test_acc===0.696078
INFO:root:epoch:284 train_eval_loss-->158.775435,train_acc-->0.982301,test_eval_loss-->619.666626,test_acc===0.627451
INFO:root:epoch:285 train_eval_loss-->158.768787,train_acc-->0.971976,test_eval_loss-->619.729431,test_acc===0.637255
INFO:root:epoch:286 train_eval_loss-->158.794520,train_acc-->0.966077,test_eval_loss-->619.729248,test_acc===0.676471
INFO:root:epoch:287 train_eval_loss-->158.790988,train_acc-->0.979351,test_eval_loss-->619.689331,test_acc===0.622549
INFO:root:epoch:288 train_eval_loss-->158.795613,train_acc-->0.979351,test_eval_loss-->619.784668,test_acc===0.627451
INFO:root:epoch:289 train_eval_loss-->158.837644,train_acc-->0.933628,test_eval_loss-->619.792664,test_acc===0.617647
INFO:root:epoch:290 train_eval_loss-->158.873218,train_acc-->0.923304,test_eval_loss-->620.141541,test_acc===0.549020
INFO:root:epoch:291 train_eval_loss-->158.872282,train_acc-->0.920354,test_eval_loss-->619.887939,test_acc===0.705882
INFO:root:epoch:292 train_eval_loss-->158.920178,train_acc-->0.926254,test_eval_loss-->620.161621,test_acc===0.519608
INFO:root:epoch:293 train_eval_loss-->158.903521,train_acc-->0.910029,test_eval_loss-->619.970703,test_acc===0.632353
INFO:root:epoch:294 train_eval_loss-->158.888181,train_acc-->0.961652,test_eval_loss-->620.085938,test_acc===0.676471
INFO:root:epoch:295 train_eval_loss-->158.931477,train_acc-->0.963127,test_eval_loss-->620.121399,test_acc===0.691176
INFO:root:epoch:296 train_eval_loss-->158.977679,train_acc-->0.890855,test_eval_loss-->620.171387,test_acc===0.656863
INFO:root:epoch:297 train_eval_loss-->158.951356,train_acc-->0.924779,test_eval_loss-->620.157654,test_acc===0.676471
INFO:root:epoch:298 train_eval_loss-->158.938022,train_acc-->0.966077,test_eval_loss-->620.222412,test_acc===0.607843
INFO:root:epoch:299 train_eval_loss-->158.913212,train_acc-->0.970501,test_eval_loss-->620.122498,test_acc===0.681373
INFO:root:epoch:300 train_eval_loss-->158.898941,train_acc-->0.989676,test_eval_loss-->620.154114,test_acc===0.681373
INFO:root:epoch:301 train_eval_loss-->158.946337,train_acc-->0.946903,test_eval_loss-->620.246399,test_acc===0.622549
INFO:root:epoch:302 train_eval_loss-->158.907207,train_acc-->0.991150,test_eval_loss-->620.172241,test_acc===0.671569
INFO:root:epoch:303 train_eval_loss-->158.904751,train_acc-->0.988201,test_eval_loss-->620.081604,test_acc===0.725490
INFO:root:epoch:304 train_eval_loss-->158.885247,train_acc-->0.980826,test_eval_loss-->620.094849,test_acc===0.686275
INFO:root:epoch:305 train_eval_loss-->158.916609,train_acc-->0.988201,test_eval_loss-->620.268188,test_acc===0.607843
INFO:root:epoch:306 train_eval_loss-->158.899552,train_acc-->0.969027,test_eval_loss-->620.127747,test_acc===0.627451
INFO:root:epoch:307 train_eval_loss-->158.891582,train_acc-->0.976401,test_eval_loss-->620.123108,test_acc===0.622549
INFO:root:epoch:308 train_eval_loss-->158.876333,train_acc-->0.986726,test_eval_loss-->620.027222,test_acc===0.647059
INFO:root:epoch:309 train_eval_loss-->158.866697,train_acc-->0.985251,test_eval_loss-->619.964050,test_acc===0.671569
INFO:root:epoch:310 train_eval_loss-->158.843478,train_acc-->1.000000,test_eval_loss-->620.066589,test_acc===0.637255
INFO:root:epoch:311 train_eval_loss-->158.840674,train_acc-->0.967552,test_eval_loss-->619.894714,test_acc===0.705882
INFO:root:epoch:312 train_eval_loss-->158.814579,train_acc-->0.994100,test_eval_loss-->619.873718,test_acc===0.730392
INFO:root:epoch:313 train_eval_loss-->158.813357,train_acc-->0.985251,test_eval_loss-->619.904724,test_acc===0.705882
INFO:root:epoch:314 train_eval_loss-->158.802404,train_acc-->0.997050,test_eval_loss-->619.941101,test_acc===0.681373
INFO:root:epoch:315 train_eval_loss-->158.797078,train_acc-->0.991150,test_eval_loss-->620.000549,test_acc===0.588235
INFO:root:epoch:316 train_eval_loss-->158.789363,train_acc-->0.988201,test_eval_loss-->619.792847,test_acc===0.696078
INFO:root:epoch:317 train_eval_loss-->158.774992,train_acc-->0.989676,test_eval_loss-->619.831360,test_acc===0.642157
INFO:root:epoch:318 train_eval_loss-->158.756767,train_acc-->0.997050,test_eval_loss-->619.809570,test_acc===0.647059
INFO:root:epoch:319 train_eval_loss-->158.731660,train_acc-->1.000000,test_eval_loss-->619.578247,test_acc===0.720588
INFO:root:epoch:320 train_eval_loss-->158.719752,train_acc-->0.997050,test_eval_loss-->619.566589,test_acc===0.691176
INFO:root:epoch:321 train_eval_loss-->158.709106,train_acc-->0.989676,test_eval_loss-->619.533508,test_acc===0.730392
INFO:root:epoch:322 train_eval_loss-->158.693241,train_acc-->0.998525,test_eval_loss-->619.517456,test_acc===0.735294
INFO:root:epoch:323 train_eval_loss-->158.675828,train_acc-->0.998525,test_eval_loss-->619.546692,test_acc===0.705882
INFO:root:epoch:324 train_eval_loss-->158.659455,train_acc-->1.000000,test_eval_loss-->619.398987,test_acc===0.705882
INFO:root:epoch:325 train_eval_loss-->158.641877,train_acc-->1.000000,test_eval_loss-->619.422729,test_acc===0.700980
INFO:root:epoch:326 train_eval_loss-->158.617137,train_acc-->1.000000,test_eval_loss-->619.291443,test_acc===0.735294
INFO:root:epoch:327 train_eval_loss-->158.598809,train_acc-->1.000000,test_eval_loss-->619.271362,test_acc===0.705882
INFO:root:epoch:328 train_eval_loss-->158.585297,train_acc-->0.998525,test_eval_loss-->619.234009,test_acc===0.715686
INFO:root:epoch:329 train_eval_loss-->158.562927,train_acc-->1.000000,test_eval_loss-->619.160339,test_acc===0.720588
INFO:root:epoch:330 train_eval_loss-->158.542684,train_acc-->1.000000,test_eval_loss-->619.105286,test_acc===0.735294
INFO:root:epoch:331 train_eval_loss-->158.533330,train_acc-->1.000000,test_eval_loss-->619.062500,test_acc===0.730392
INFO:root:epoch:332 train_eval_loss-->158.517435,train_acc-->1.000000,test_eval_loss-->619.102600,test_acc===0.710784
INFO:root:epoch:333 train_eval_loss-->158.503453,train_acc-->1.000000,test_eval_loss-->619.005432,test_acc===0.764706
INFO:root:epoch:334 train_eval_loss-->158.495890,train_acc-->1.000000,test_eval_loss-->618.962708,test_acc===0.705882
INFO:root:epoch:335 train_eval_loss-->158.483142,train_acc-->1.000000,test_eval_loss-->618.925415,test_acc===0.750000
INFO:root:epoch:336 train_eval_loss-->158.465275,train_acc-->1.000000,test_eval_loss-->618.936218,test_acc===0.715686
INFO:root:epoch:337 train_eval_loss-->158.459090,train_acc-->1.000000,test_eval_loss-->618.941895,test_acc===0.715686
INFO:root:epoch:338 train_eval_loss-->158.448581,train_acc-->1.000000,test_eval_loss-->618.870544,test_acc===0.735294
INFO:root:epoch:339 train_eval_loss-->158.438868,train_acc-->1.000000,test_eval_loss-->618.843750,test_acc===0.730392
INFO:root:epoch:340 train_eval_loss-->158.428760,train_acc-->1.000000,test_eval_loss-->618.831726,test_acc===0.730392
INFO:root:epoch:341 train_eval_loss-->158.423458,train_acc-->1.000000,test_eval_loss-->618.862549,test_acc===0.705882
INFO:root:epoch:342 train_eval_loss-->158.420745,train_acc-->1.000000,test_eval_loss-->618.812622,test_acc===0.730392
INFO:root:epoch:343 train_eval_loss-->158.415793,train_acc-->1.000000,test_eval_loss-->618.853210,test_acc===0.740196
INFO:root:epoch:344 train_eval_loss-->158.412862,train_acc-->1.000000,test_eval_loss-->618.776306,test_acc===0.740196
INFO:root:epoch:345 train_eval_loss-->158.409030,train_acc-->1.000000,test_eval_loss-->618.827515,test_acc===0.725490
INFO:root:epoch:346 train_eval_loss-->158.406906,train_acc-->1.000000,test_eval_loss-->618.815002,test_acc===0.730392
INFO:root:epoch:347 train_eval_loss-->158.404228,train_acc-->1.000000,test_eval_loss-->618.770813,test_acc===0.740196
INFO:root:epoch:348 train_eval_loss-->158.404741,train_acc-->1.000000,test_eval_loss-->618.807556,test_acc===0.735294
INFO:root:epoch:349 train_eval_loss-->158.403698,train_acc-->1.000000,test_eval_loss-->618.830505,test_acc===0.735294
INFO:root:epoch:350 train_eval_loss-->158.404120,train_acc-->1.000000,test_eval_loss-->618.812683,test_acc===0.735294
INFO:root:epoch:351 train_eval_loss-->158.401621,train_acc-->1.000000,test_eval_loss-->618.819397,test_acc===0.735294
INFO:root:epoch:352 train_eval_loss-->158.401467,train_acc-->1.000000,test_eval_loss-->618.809021,test_acc===0.725490
INFO:root:epoch:353 train_eval_loss-->158.401039,train_acc-->1.000000,test_eval_loss-->618.804749,test_acc===0.745098
INFO:root:epoch:354 train_eval_loss-->158.399421,train_acc-->1.000000,test_eval_loss-->618.814270,test_acc===0.735294
INFO:root:epoch:355 train_eval_loss-->158.400305,train_acc-->1.000000,test_eval_loss-->618.779480,test_acc===0.735294
INFO:root:epoch:356 train_eval_loss-->158.400040,train_acc-->1.000000,test_eval_loss-->618.766541,test_acc===0.754902
INFO:root:epoch:357 train_eval_loss-->158.399758,train_acc-->1.000000,test_eval_loss-->618.780945,test_acc===0.750000
INFO:root:epoch:358 train_eval_loss-->158.396622,train_acc-->1.000000,test_eval_loss-->618.755676,test_acc===0.725490
INFO:root:epoch:359 train_eval_loss-->158.396646,train_acc-->1.000000,test_eval_loss-->618.782532,test_acc===0.715686
INFO:root:epoch:360 train_eval_loss-->158.396440,train_acc-->1.000000,test_eval_loss-->618.733643,test_acc===0.735294
INFO:root:epoch:361 train_eval_loss-->158.394418,train_acc-->1.000000,test_eval_loss-->618.728394,test_acc===0.735294
INFO:root:epoch:362 train_eval_loss-->158.395882,train_acc-->1.000000,test_eval_loss-->618.740295,test_acc===0.745098
INFO:root:epoch:363 train_eval_loss-->158.395660,train_acc-->1.000000,test_eval_loss-->618.690002,test_acc===0.759804
INFO:root:epoch:364 train_eval_loss-->158.399371,train_acc-->1.000000,test_eval_loss-->618.753479,test_acc===0.715686
INFO:root:epoch:365 train_eval_loss-->158.399269,train_acc-->1.000000,test_eval_loss-->618.661011,test_acc===0.725490
INFO:root:epoch:366 train_eval_loss-->158.406937,train_acc-->1.000000,test_eval_loss-->618.716980,test_acc===0.730392
INFO:root:epoch:367 train_eval_loss-->158.393460,train_acc-->1.000000,test_eval_loss-->618.627991,test_acc===0.715686
INFO:root:epoch:368 train_eval_loss-->158.389960,train_acc-->1.000000,test_eval_loss-->618.614868,test_acc===0.720588
INFO:root:epoch:369 train_eval_loss-->158.399567,train_acc-->1.000000,test_eval_loss-->618.583435,test_acc===0.715686
INFO:root:epoch:370 train_eval_loss-->158.393797,train_acc-->1.000000,test_eval_loss-->618.498169,test_acc===0.735294
INFO:root:epoch:371 train_eval_loss-->158.391697,train_acc-->1.000000,test_eval_loss-->618.564026,test_acc===0.705882
INFO:root:epoch:372 train_eval_loss-->158.399316,train_acc-->0.998525,test_eval_loss-->618.542175,test_acc===0.696078
INFO:root:epoch:373 train_eval_loss-->158.405842,train_acc-->1.000000,test_eval_loss-->618.435181,test_acc===0.754902
INFO:root:epoch:374 train_eval_loss-->158.413759,train_acc-->0.988201,test_eval_loss-->618.636414,test_acc===0.666667
INFO:root:epoch:375 train_eval_loss-->158.431012,train_acc-->0.998525,test_eval_loss-->618.535583,test_acc===0.725490
INFO:root:epoch:376 train_eval_loss-->158.431486,train_acc-->1.000000,test_eval_loss-->618.642456,test_acc===0.666667
INFO:root:epoch:377 train_eval_loss-->158.432940,train_acc-->0.998525,test_eval_loss-->618.567444,test_acc===0.735294
INFO:root:epoch:378 train_eval_loss-->158.457577,train_acc-->0.998525,test_eval_loss-->618.604370,test_acc===0.691176
INFO:root:epoch:379 train_eval_loss-->158.432381,train_acc-->1.000000,test_eval_loss-->618.636841,test_acc===0.642157
INFO:root:epoch:380 train_eval_loss-->158.434966,train_acc-->0.995575,test_eval_loss-->618.545044,test_acc===0.700980
INFO:root:epoch:381 train_eval_loss-->158.441569,train_acc-->0.995575,test_eval_loss-->618.632629,test_acc===0.642157
INFO:root:epoch:382 train_eval_loss-->158.468711,train_acc-->0.979351,test_eval_loss-->618.465454,test_acc===0.676471
INFO:root:epoch:383 train_eval_loss-->158.482821,train_acc-->0.989676,test_eval_loss-->618.654907,test_acc===0.661765
INFO:root:epoch:384 train_eval_loss-->158.511383,train_acc-->0.986726,test_eval_loss-->618.665283,test_acc===0.627451
INFO:root:epoch:385 train_eval_loss-->158.513713,train_acc-->0.949853,test_eval_loss-->618.582031,test_acc===0.661765
INFO:root:epoch:386 train_eval_loss-->158.477355,train_acc-->0.985251,test_eval_loss-->618.540344,test_acc===0.696078
INFO:root:epoch:387 train_eval_loss-->158.484428,train_acc-->0.988201,test_eval_loss-->618.559875,test_acc===0.710784
INFO:root:epoch:388 train_eval_loss-->158.506547,train_acc-->0.986726,test_eval_loss-->618.796021,test_acc===0.622549
INFO:root:epoch:389 train_eval_loss-->158.495797,train_acc-->0.983776,test_eval_loss-->618.526733,test_acc===0.759804
INFO:root:epoch:390 train_eval_loss-->158.536804,train_acc-->0.970501,test_eval_loss-->618.777527,test_acc===0.642157
INFO:root:epoch:391 train_eval_loss-->158.538886,train_acc-->0.958702,test_eval_loss-->618.678955,test_acc===0.696078
INFO:root:epoch:392 train_eval_loss-->158.519210,train_acc-->0.985251,test_eval_loss-->618.704956,test_acc===0.647059
INFO:root:epoch:393 train_eval_loss-->158.559795,train_acc-->0.977876,test_eval_loss-->619.048340,test_acc===0.578431
INFO:root:epoch:394 train_eval_loss-->158.615681,train_acc-->0.948378,test_eval_loss-->619.145813,test_acc===0.602941
INFO:root:epoch:395 train_eval_loss-->158.625255,train_acc-->0.955752,test_eval_loss-->618.998840,test_acc===0.627451
INFO:root:epoch:396 train_eval_loss-->158.645295,train_acc-->0.945428,test_eval_loss-->618.959717,test_acc===0.735294
INFO:root:epoch:397 train_eval_loss-->158.618926,train_acc-->0.966077,test_eval_loss-->619.000610,test_acc===0.700980
INFO:root:epoch:398 train_eval_loss-->158.638920,train_acc-->0.974926,test_eval_loss-->619.234924,test_acc===0.691176
INFO:root:epoch:399 train_eval_loss-->158.653421,train_acc-->0.979351,test_eval_loss-->619.261169,test_acc===0.661765
INFO:root:the best test acc===0.764706
