2023-12-01 09:22:44 - #----------Config info----------#
2023-12-01 09:22:44 - network: Pointneted_plus,
2023-12-01 09:22:44 - data_path: /media/yxz/新加卷/teeth_ct_points/CT3Dpoints/,
2023-12-01 09:22:44 - label_path: /media/yxz/新加卷/teeth_ct_points/CT3Dpoints/三维坐标表格.xlsx,
2023-12-01 09:22:44 - pretrained_path: ./pre_trained/,
2023-12-01 09:22:44 - cfg: [96, 128, 256, 512, 1024, 512, 256, 128, 64, 32, 16],
2023-12-01 09:22:44 - num_classes: 3,
2023-12-01 09:22:44 - input_size_h: 512,
2023-12-01 09:22:44 - input_size_w: 512,
2023-12-01 09:22:44 - input_channels: 64,
2023-12-01 09:22:44 - distributed: False,
2023-12-01 09:22:44 - local_rank: -1,
2023-12-01 09:22:44 - num_workers: 4,
2023-12-01 09:22:44 - seed: 42,
2023-12-01 09:22:44 - world_size: None,
2023-12-01 09:22:44 - rank: None,
2023-12-01 09:22:44 - amp: False,
2023-12-01 09:22:44 - l2_lambda: 0.0,
2023-12-01 09:22:44 - gpu_id: 0,
2023-12-01 09:22:44 - batch_size: 2,
2023-12-01 09:22:44 - val_bs: 1,
2023-12-01 09:22:44 - epochs: 500,
2023-12-01 09:22:44 - deep_supervision: False,
2023-12-01 09:22:44 - tailadd: True,
2023-12-01 09:22:44 - threshold: 8.660254037844387,
2023-12-01 09:22:44 - rand_data: True,
2023-12-01 09:22:44 - mean_common: True,
2023-12-01 09:22:44 - train_mean: 41.68455,
2023-12-01 09:22:44 - train_std: 54.433514,
2023-12-01 09:22:44 - val_mean: 42.785255,
2023-12-01 09:22:44 - val_std: 54.970303,
2023-12-01 09:22:44 - work_dir: results/Pointneted_plus_Friday_01_December_2023_09h_22m_44s/,
2023-12-01 09:22:44 - tensor_size: 0,
2023-12-01 09:22:44 - train_transformer: Compose(
    <utils.myToTensor object at 0x7f1e0e3e6ee0>
    <utils.myResize object at 0x7f1ef5d80730>
),
2023-12-01 09:22:44 - test_transformer: Compose(
    <utils.myToTensor object at 0x7f1ef5d807f0>
    <utils.myResize object at 0x7f1ef5d80820>
),
2023-12-01 09:22:44 - opt: AdamW,
2023-12-01 09:22:44 - lr: 0.001,
2023-12-01 09:22:44 - betas: (0.9, 0.999),
2023-12-01 09:22:44 - eps: 1e-08,
2023-12-01 09:22:44 - weight_decay: 0.01,
2023-12-01 09:22:44 - amsgrad: False,
2023-12-01 09:22:44 - sch: CosineAnnealingLR,
2023-12-01 09:22:44 - T_max: 50,
2023-12-01 09:22:44 - eta_min: 1e-05,
2023-12-01 09:22:44 - last_epoch: -1,
INFO:root:train--mean-->41.68455
INFO:root:train--std-->54.433514
INFO:root:val--mean-->42.785255
INFO:root:val--std-->54.970303
INFO:root:real_input_channels-->49
INFO:root:epoch:0 train_eval_loss-->4.908801,train_acc-->0.085546,test_eval_loss-->4.211349,test_acc===0.078431
INFO:root:epoch:1 train_eval_loss-->3.770928,train_acc-->0.082596,test_eval_loss-->4.283677,test_acc===0.000000
INFO:root:epoch:2 train_eval_loss-->3.642919,train_acc-->0.109145,test_eval_loss-->3.220100,test_acc===0.078431
INFO:root:epoch:3 train_eval_loss-->3.309376,train_acc-->0.109145,test_eval_loss-->3.725040,test_acc===0.019608
INFO:root:epoch:4 train_eval_loss-->3.282440,train_acc-->0.103245,test_eval_loss-->2.861472,test_acc===0.196078
INFO:root:epoch:5 train_eval_loss-->2.864221,train_acc-->0.206490,test_eval_loss-->2.969933,test_acc===0.225490
INFO:root:epoch:6 train_eval_loss-->2.845891,train_acc-->0.206490,test_eval_loss-->3.539390,test_acc===0.147059
INFO:root:epoch:7 train_eval_loss-->2.958702,train_acc-->0.171091,test_eval_loss-->2.948347,test_acc===0.264706
INFO:root:epoch:8 train_eval_loss-->2.599446,train_acc-->0.271386,test_eval_loss-->2.798319,test_acc===0.254902
INFO:root:epoch:9 train_eval_loss-->2.525774,train_acc-->0.283186,test_eval_loss-->3.568542,test_acc===0.058824
INFO:root:epoch:10 train_eval_loss-->2.691688,train_acc-->0.233038,test_eval_loss-->2.840010,test_acc===0.176471
INFO:root:epoch:11 train_eval_loss-->2.785905,train_acc-->0.215339,test_eval_loss-->2.441804,test_acc===0.401961
INFO:root:epoch:12 train_eval_loss-->2.490707,train_acc-->0.244838,test_eval_loss-->2.385480,test_acc===0.313725
INFO:root:epoch:13 train_eval_loss-->2.304878,train_acc-->0.312684,test_eval_loss-->2.449080,test_acc===0.382353
INFO:root:epoch:14 train_eval_loss-->2.313432,train_acc-->0.318584,test_eval_loss-->2.738453,test_acc===0.196078
INFO:root:epoch:15 train_eval_loss-->2.238184,train_acc-->0.336283,test_eval_loss-->2.712604,test_acc===0.117647
INFO:root:epoch:16 train_eval_loss-->1.998158,train_acc-->0.418879,test_eval_loss-->2.274490,test_acc===0.352941
INFO:root:epoch:17 train_eval_loss-->2.035524,train_acc-->0.345133,test_eval_loss-->2.745527,test_acc===0.176471
INFO:root:epoch:18 train_eval_loss-->1.920633,train_acc-->0.383481,test_eval_loss-->2.519207,test_acc===0.382353
INFO:root:epoch:19 train_eval_loss-->1.881648,train_acc-->0.454277,test_eval_loss-->2.236571,test_acc===0.323529
INFO:root:epoch:20 train_eval_loss-->1.743856,train_acc-->0.495575,test_eval_loss-->2.217714,test_acc===0.343137
INFO:root:epoch:21 train_eval_loss-->1.856286,train_acc-->0.410029,test_eval_loss-->2.495159,test_acc===0.176471
INFO:root:epoch:22 train_eval_loss-->1.691064,train_acc-->0.492625,test_eval_loss-->2.154010,test_acc===0.343137
INFO:root:epoch:23 train_eval_loss-->1.573364,train_acc-->0.563422,test_eval_loss-->2.373738,test_acc===0.421569
INFO:root:epoch:24 train_eval_loss-->1.572504,train_acc-->0.560472,test_eval_loss-->2.173296,test_acc===0.343137
INFO:root:epoch:25 train_eval_loss-->1.451751,train_acc-->0.625369,test_eval_loss-->2.127292,test_acc===0.392157
INFO:root:epoch:26 train_eval_loss-->1.276332,train_acc-->0.737463,test_eval_loss-->2.116459,test_acc===0.372549
INFO:root:epoch:27 train_eval_loss-->1.308601,train_acc-->0.696165,test_eval_loss-->2.114632,test_acc===0.352941
INFO:root:epoch:28 train_eval_loss-->1.331865,train_acc-->0.666667,test_eval_loss-->2.796191,test_acc===0.205882
INFO:root:epoch:29 train_eval_loss-->1.293010,train_acc-->0.657817,test_eval_loss-->2.038641,test_acc===0.470588
INFO:root:epoch:30 train_eval_loss-->1.184762,train_acc-->0.722714,test_eval_loss-->1.876081,test_acc===0.401961
INFO:root:epoch:31 train_eval_loss-->1.068440,train_acc-->0.820059,test_eval_loss-->2.179018,test_acc===0.401961
