2023-12-07 08:14:21 - #----------Config info----------#
2023-12-07 08:14:21 - network: Pointneted_plus,
2023-12-07 08:14:21 - data_path: /media/yxz/新加卷/teeth_ct_points/CT3Dpoints/,
2023-12-07 08:14:21 - label_path: /media/yxz/新加卷/teeth_ct_points/CT3Dpoints/三维坐标表格.xlsx,
2023-12-07 08:14:21 - pretrained_path: ./pre_trained/,
2023-12-07 08:14:21 - cfg: [32, 64, 96, 128, 224, 128, 256, 128, 64, 32, 16],
2023-12-07 08:14:21 - num_classes: 6,
2023-12-07 08:14:21 - input_size_h: 512,
2023-12-07 08:14:21 - input_size_w: 512,
2023-12-07 08:14:21 - input_channels: 64,
2023-12-07 08:14:21 - distributed: False,
2023-12-07 08:14:21 - local_rank: -1,
2023-12-07 08:14:21 - num_workers: 4,
2023-12-07 08:14:21 - seed: 42,
2023-12-07 08:14:21 - world_size: None,
2023-12-07 08:14:21 - rank: None,
2023-12-07 08:14:21 - amp: False,
2023-12-07 08:14:21 - l2_lambda: 0.0,
2023-12-07 08:14:21 - gpu_id: 0,
2023-12-07 08:14:21 - batch_size: 4,
2023-12-07 08:14:21 - val_bs: 1,
2023-12-07 08:14:21 - epochs: 800,
2023-12-07 08:14:21 - deep_supervision: False,
2023-12-07 08:14:21 - tailadd: True,
2023-12-07 08:14:21 - threshold: 8.660254037844387,
2023-12-07 08:14:21 - rand_data: False,
2023-12-07 08:14:21 - mean_common: False,
2023-12-07 08:14:21 - horizontal_flip: True,
2023-12-07 08:14:21 - train_mean: [38.167084, 36.47113, 35.658463, 34.7275, 34.397972, 34.392757, 33.96709, 34.126865, 34.28234, 33.729267, 32.7962, 32.064926, 31.681631, 31.124203, 30.844501, 31.361849, 32.73974, 34.215652, 36.648277, 38.611458, 40.539837, 42.120747, 43.28669, 44.45494, 45.614132, 46.21989, 47.45023, 48.500004, 49.44821, 50.419426, 52.140045, 53.649082, 54.722622, 55.427254, 55.996006, 56.55678, 57.03274, 56.78339, 56.16994, 56.052105, 56.084873, 55.73664, 55.51461, 54.455627, 53.19349, 51.708523, 50.496777, 48.39798, 46.618237],
2023-12-07 08:14:21 - train_std: [52.12329, 51.107494, 50.941055, 50.223755, 50.00628, 50.154346, 49.390217, 49.584064, 49.46689, 48.635002, 46.955963, 45.86415, 45.254314, 44.008198, 43.081245, 43.15782, 44.181343, 45.16833, 47.433487, 48.60615, 50.44894, 51.635715, 52.542904, 53.638527, 54.554443, 54.860928, 55.634895, 56.127644, 56.314377, 56.52658, 57.31575, 57.992775, 58.40813, 58.65052, 58.6726, 58.786034, 59.043797, 59.15101, 58.878242, 59.1303, 59.565495, 59.95643, 60.605595, 60.74457, 60.784153, 60.811424, 61.18004, 60.75567, 60.8064],
2023-12-07 08:14:21 - val_mean: [39.743374, 38.122738, 37.19561, 35.71686, 35.202812, 34.790627, 34.621647, 34.678947, 34.44854, 33.327152, 32.52173, 31.267305, 30.603254, 30.013475, 29.536041, 30.480452, 31.952286, 33.71057, 36.010574, 38.201912, 39.313183, 42.94376, 44.53766, 45.518337, 46.94797, 46.58542, 47.49811, 48.238167, 51.026104, 52.292915, 52.69654, 53.169758, 53.87486, 55.697067, 57.654236, 57.586315, 57.758514, 57.174618, 57.736595, 57.24419, 57.544117, 57.37176, 56.43062, 55.96641, 55.325653, 53.10815, 52.179287, 50.27785, 47.04305],
2023-12-07 08:14:21 - val_std: [53.15056, 52.15993, 51.616505, 50.33102, 50.21509, 50.081203, 50.03935, 49.86299, 49.531567, 48.28274, 46.95426, 45.172287, 43.96861, 42.88531, 41.24616, 42.37183, 43.43441, 44.75589, 46.571957, 48.567627, 49.173023, 51.97025, 53.31617, 54.147503, 55.217754, 54.256313, 54.82137, 55.228252, 57.024765, 57.493202, 57.21687, 57.12449, 57.009945, 58.07164, 58.968643, 58.816093, 58.97068, 58.471672, 58.976105, 58.958794, 59.510704, 60.026344, 60.16703, 60.841858, 61.621956, 61.22611, 61.83866, 62.08808, 61.1031],
2023-12-07 08:14:21 - work_dir: results/Pointneted_plus_Thursday_07_December_2023_08h_14m_21s/,
2023-12-07 08:14:21 - tensor_size: 0,
2023-12-07 08:14:21 - train_transformer: Compose(
    <utils.myToTensor object at 0x7f6375265e80>
    <utils.myResize object at 0x7f628f872c70>
),
2023-12-07 08:14:21 - test_transformer: Compose(
    <utils.myToTensor object at 0x7f6375213f40>
    <utils.myResize object at 0x7f6375213e50>
),
2023-12-07 08:14:21 - opt: AdamW,
2023-12-07 08:14:21 - lr: 0.001,
2023-12-07 08:14:21 - betas: (0.9, 0.999),
2023-12-07 08:14:21 - eps: 1e-08,
2023-12-07 08:14:21 - weight_decay: 0.01,
2023-12-07 08:14:21 - amsgrad: False,
2023-12-07 08:14:21 - sch: CosineAnnealingLR,
2023-12-07 08:14:21 - T_max: 50,
2023-12-07 08:14:21 - eta_min: 1e-05,
2023-12-07 08:14:21 - last_epoch: -1,
INFO:root:train--mean-->[38.167084 36.47113  35.658463 34.7275   34.397972 34.392757 33.96709
 34.126865 34.28234  33.729267 32.7962   32.064926 31.681631 31.124203
 30.844501 31.361849 32.73974  34.215652 36.648277 38.611458 40.539837
 42.120747 43.28669  44.45494  45.614132 46.21989  47.45023  48.500004
 49.44821  50.419426 52.140045 53.649082 54.722622 55.427254 55.996006
 56.55678  57.03274  56.78339  56.16994  56.052105 56.084873 55.73664
 55.51461  54.455627 53.19349  51.708523 50.496777 48.39798  46.618237]
INFO:root:train--std-->[52.12329  51.107494 50.941055 50.223755 50.00628  50.154346 49.390217
 49.584064 49.46689  48.635002 46.955963 45.86415  45.254314 44.008198
 43.081245 43.15782  44.181343 45.16833  47.433487 48.60615  50.44894
 51.635715 52.542904 53.638527 54.554443 54.860928 55.634895 56.127644
 56.314377 56.52658  57.31575  57.992775 58.40813  58.65052  58.6726
 58.786034 59.043797 59.15101  58.878242 59.1303   59.565495 59.95643
 60.605595 60.74457  60.784153 60.811424 61.18004  60.75567  60.8064  ]
INFO:root:val--mean-->[39.743374 38.122738 37.19561  35.71686  35.202812 34.790627 34.621647
 34.678947 34.44854  33.327152 32.52173  31.267305 30.603254 30.013475
 29.536041 30.480452 31.952286 33.71057  36.010574 38.201912 39.313183
 42.94376  44.53766  45.518337 46.94797  46.58542  47.49811  48.238167
 51.026104 52.292915 52.69654  53.169758 53.87486  55.697067 57.654236
 57.586315 57.758514 57.174618 57.736595 57.24419  57.544117 57.37176
 56.43062  55.96641  55.325653 53.10815  52.179287 50.27785  47.04305 ]
INFO:root:val--std-->[53.15056  52.15993  51.616505 50.33102  50.21509  50.081203 50.03935
 49.86299  49.531567 48.28274  46.95426  45.172287 43.96861  42.88531
 41.24616  42.37183  43.43441  44.75589  46.571957 48.567627 49.173023
 51.97025  53.31617  54.147503 55.217754 54.256313 54.82137  55.228252
 57.024765 57.493202 57.21687  57.12449  57.009945 58.07164  58.968643
 58.816093 58.97068  58.471672 58.976105 58.958794 59.510704 60.026344
 60.16703  60.841858 61.621956 61.22611  61.83866  62.08808  61.1031  ]
INFO:root:real_input_channels-->49
INFO:root:epoch:0 train_eval_loss-->1.755397,train_acc-->0.038348,test_eval_loss-->3.677401,test_acc===0.058824
INFO:root:epoch:1 train_eval_loss-->0.901055,train_acc-->0.097345,test_eval_loss-->2.892432,test_acc===0.176471
INFO:root:epoch:2 train_eval_loss-->0.981837,train_acc-->0.082596,test_eval_loss-->2.859121,test_acc===0.215686
INFO:root:epoch:3 train_eval_loss-->0.828845,train_acc-->0.137168,test_eval_loss-->2.793754,test_acc===0.245098
INFO:root:epoch:4 train_eval_loss-->0.769915,train_acc-->0.144543,test_eval_loss-->3.164850,test_acc===0.088235
INFO:root:epoch:5 train_eval_loss-->0.754472,train_acc-->0.143068,test_eval_loss-->2.696182,test_acc===0.151961
INFO:root:epoch:6 train_eval_loss-->0.713895,train_acc-->0.157817,test_eval_loss-->2.491016,test_acc===0.250000
INFO:root:epoch:7 train_eval_loss-->0.764092,train_acc-->0.148968,test_eval_loss-->2.402563,test_acc===0.181373
INFO:root:epoch:8 train_eval_loss-->0.807407,train_acc-->0.115044,test_eval_loss-->2.709388,test_acc===0.151961
INFO:root:epoch:9 train_eval_loss-->0.727416,train_acc-->0.181416,test_eval_loss-->2.837445,test_acc===0.156863
INFO:root:epoch:10 train_eval_loss-->0.648784,train_acc-->0.205015,test_eval_loss-->2.372426,test_acc===0.171569
INFO:root:epoch:11 train_eval_loss-->0.702332,train_acc-->0.174041,test_eval_loss-->3.085315,test_acc===0.088235
INFO:root:epoch:12 train_eval_loss-->0.670288,train_acc-->0.199115,test_eval_loss-->2.550244,test_acc===0.186275
INFO:root:epoch:13 train_eval_loss-->0.641066,train_acc-->0.227139,test_eval_loss-->2.226311,test_acc===0.235294
INFO:root:epoch:14 train_eval_loss-->0.568226,train_acc-->0.290560,test_eval_loss-->3.099478,test_acc===0.049020
INFO:root:epoch:15 train_eval_loss-->0.609737,train_acc-->0.238938,test_eval_loss-->2.206818,test_acc===0.323529
INFO:root:epoch:16 train_eval_loss-->0.556123,train_acc-->0.320059,test_eval_loss-->2.151035,test_acc===0.289216
INFO:root:epoch:17 train_eval_loss-->0.523429,train_acc-->0.343658,test_eval_loss-->2.135753,test_acc===0.279412
INFO:root:epoch:18 train_eval_loss-->0.515908,train_acc-->0.380531,test_eval_loss-->1.857237,test_acc===0.426471
INFO:root:epoch:19 train_eval_loss-->0.542155,train_acc-->0.323009,test_eval_loss-->1.804679,test_acc===0.401961
INFO:root:epoch:20 train_eval_loss-->0.482137,train_acc-->0.390855,test_eval_loss-->1.982047,test_acc===0.328431
INFO:root:epoch:21 train_eval_loss-->0.504361,train_acc-->0.384956,test_eval_loss-->1.993879,test_acc===0.416667
INFO:root:epoch:22 train_eval_loss-->0.454673,train_acc-->0.438053,test_eval_loss-->1.748442,test_acc===0.465686
INFO:root:epoch:23 train_eval_loss-->0.445403,train_acc-->0.445428,test_eval_loss-->1.801434,test_acc===0.450980
INFO:root:epoch:24 train_eval_loss-->0.454358,train_acc-->0.433628,test_eval_loss-->1.878293,test_acc===0.406863
INFO:root:epoch:25 train_eval_loss-->0.424829,train_acc-->0.466077,test_eval_loss-->1.804677,test_acc===0.426471
INFO:root:epoch:26 train_eval_loss-->0.408598,train_acc-->0.514749,test_eval_loss-->1.872551,test_acc===0.406863
INFO:root:epoch:27 train_eval_loss-->0.426748,train_acc-->0.508850,test_eval_loss-->1.660667,test_acc===0.539216
INFO:root:epoch:28 train_eval_loss-->0.351628,train_acc-->0.635693,test_eval_loss-->1.543994,test_acc===0.563725
INFO:root:epoch:29 train_eval_loss-->0.367354,train_acc-->0.594395,test_eval_loss-->1.731015,test_acc===0.475490
INFO:root:epoch:30 train_eval_loss-->0.354857,train_acc-->0.628319,test_eval_loss-->1.643685,test_acc===0.485294
INFO:root:epoch:31 train_eval_loss-->0.363605,train_acc-->0.595870,test_eval_loss-->1.600375,test_acc===0.558824
INFO:root:epoch:32 train_eval_loss-->0.340679,train_acc-->0.640118,test_eval_loss-->1.541183,test_acc===0.504902
INFO:root:epoch:33 train_eval_loss-->0.321546,train_acc-->0.706490,test_eval_loss-->1.655612,test_acc===0.436275
INFO:root:epoch:34 train_eval_loss-->0.313375,train_acc-->0.733038,test_eval_loss-->1.597468,test_acc===0.490196
INFO:root:epoch:35 train_eval_loss-->0.307033,train_acc-->0.737463,test_eval_loss-->1.618332,test_acc===0.475490
INFO:root:epoch:36 train_eval_loss-->0.300716,train_acc-->0.747788,test_eval_loss-->1.573272,test_acc===0.514706
INFO:root:epoch:37 train_eval_loss-->0.279218,train_acc-->0.790560,test_eval_loss-->1.469566,test_acc===0.563725
INFO:root:epoch:38 train_eval_loss-->0.278586,train_acc-->0.783186,test_eval_loss-->1.468549,test_acc===0.568627
INFO:root:epoch:39 train_eval_loss-->0.274812,train_acc-->0.789086,test_eval_loss-->1.545410,test_acc===0.514706
INFO:root:epoch:40 train_eval_loss-->0.261419,train_acc-->0.823009,test_eval_loss-->1.563571,test_acc===0.519608
INFO:root:epoch:41 train_eval_loss-->0.256936,train_acc-->0.823009,test_eval_loss-->1.492188,test_acc===0.524510
INFO:root:epoch:42 train_eval_loss-->0.248317,train_acc-->0.845133,test_eval_loss-->1.505612,test_acc===0.544118
INFO:root:epoch:43 train_eval_loss-->0.243810,train_acc-->0.833333,test_eval_loss-->1.529801,test_acc===0.504902
INFO:root:epoch:44 train_eval_loss-->0.238448,train_acc-->0.842183,test_eval_loss-->1.449494,test_acc===0.578431
INFO:root:epoch:45 train_eval_loss-->0.248024,train_acc-->0.853982,test_eval_loss-->1.464899,test_acc===0.583333
INFO:root:epoch:46 train_eval_loss-->0.232318,train_acc-->0.861357,test_eval_loss-->1.528034,test_acc===0.558824
INFO:root:epoch:47 train_eval_loss-->0.233952,train_acc-->0.853982,test_eval_loss-->1.514434,test_acc===0.539216
INFO:root:epoch:48 train_eval_loss-->0.230816,train_acc-->0.858407,test_eval_loss-->1.468655,test_acc===0.593137
INFO:root:epoch:49 train_eval_loss-->0.228825,train_acc-->0.865782,test_eval_loss-->1.455959,test_acc===0.568627
INFO:root:epoch:50 train_eval_loss-->0.233319,train_acc-->0.851032,test_eval_loss-->1.489501,test_acc===0.558824
INFO:root:epoch:51 train_eval_loss-->0.228511,train_acc-->0.867257,test_eval_loss-->1.506156,test_acc===0.563725
INFO:root:epoch:52 train_eval_loss-->0.235616,train_acc-->0.859882,test_eval_loss-->1.423409,test_acc===0.568627
INFO:root:epoch:53 train_eval_loss-->0.226597,train_acc-->0.865782,test_eval_loss-->1.414764,test_acc===0.598039
INFO:root:epoch:54 train_eval_loss-->0.231771,train_acc-->0.859882,test_eval_loss-->1.508691,test_acc===0.534314
INFO:root:epoch:55 train_eval_loss-->0.239129,train_acc-->0.853982,test_eval_loss-->1.476989,test_acc===0.568627
INFO:root:epoch:56 train_eval_loss-->0.234859,train_acc-->0.845133,test_eval_loss-->1.475571,test_acc===0.568627
INFO:root:epoch:57 train_eval_loss-->0.237123,train_acc-->0.849558,test_eval_loss-->1.468449,test_acc===0.563725
INFO:root:epoch:58 train_eval_loss-->0.228824,train_acc-->0.861357,test_eval_loss-->1.509956,test_acc===0.553922
INFO:root:epoch:59 train_eval_loss-->0.233767,train_acc-->0.868732,test_eval_loss-->1.520074,test_acc===0.563725
INFO:root:epoch:60 train_eval_loss-->0.229791,train_acc-->0.852507,test_eval_loss-->1.537771,test_acc===0.539216
INFO:root:epoch:61 train_eval_loss-->0.244176,train_acc-->0.848083,test_eval_loss-->1.463550,test_acc===0.573529
INFO:root:epoch:62 train_eval_loss-->0.240887,train_acc-->0.851032,test_eval_loss-->1.501190,test_acc===0.539216
INFO:root:epoch:63 train_eval_loss-->0.261229,train_acc-->0.815634,test_eval_loss-->1.574628,test_acc===0.519608
INFO:root:epoch:64 train_eval_loss-->0.273749,train_acc-->0.805310,test_eval_loss-->1.707981,test_acc===0.470588
INFO:root:epoch:65 train_eval_loss-->0.259165,train_acc-->0.818584,test_eval_loss-->1.520313,test_acc===0.558824
INFO:root:epoch:66 train_eval_loss-->0.259026,train_acc-->0.814159,test_eval_loss-->1.628457,test_acc===0.470588
INFO:root:epoch:67 train_eval_loss-->0.297078,train_acc-->0.734513,test_eval_loss-->1.674033,test_acc===0.495098
INFO:root:epoch:68 train_eval_loss-->0.308211,train_acc-->0.725664,test_eval_loss-->1.791208,test_acc===0.397059
INFO:root:epoch:69 train_eval_loss-->0.308250,train_acc-->0.737463,test_eval_loss-->1.539375,test_acc===0.558824
INFO:root:epoch:70 train_eval_loss-->0.286709,train_acc-->0.765487,test_eval_loss-->1.633647,test_acc===0.495098
INFO:root:epoch:71 train_eval_loss-->0.309838,train_acc-->0.693215,test_eval_loss-->1.627664,test_acc===0.553922
INFO:root:epoch:72 train_eval_loss-->0.292400,train_acc-->0.769912,test_eval_loss-->1.811863,test_acc===0.426471
INFO:root:epoch:73 train_eval_loss-->0.311594,train_acc-->0.722714,test_eval_loss-->1.628735,test_acc===0.480392
INFO:root:epoch:74 train_eval_loss-->0.323214,train_acc-->0.681416,test_eval_loss-->1.723269,test_acc===0.416667
INFO:root:epoch:75 train_eval_loss-->0.325938,train_acc-->0.681416,test_eval_loss-->1.608209,test_acc===0.485294
INFO:root:epoch:76 train_eval_loss-->0.329217,train_acc-->0.660767,test_eval_loss-->1.687589,test_acc===0.504902
INFO:root:epoch:77 train_eval_loss-->0.328310,train_acc-->0.641593,test_eval_loss-->1.731890,test_acc===0.446078
INFO:root:epoch:78 train_eval_loss-->0.341363,train_acc-->0.641593,test_eval_loss-->1.863467,test_acc===0.377451
INFO:root:epoch:79 train_eval_loss-->0.346247,train_acc-->0.588496,test_eval_loss-->1.925746,test_acc===0.284314
INFO:root:epoch:80 train_eval_loss-->0.334693,train_acc-->0.637168,test_eval_loss-->1.789720,test_acc===0.387255
INFO:root:epoch:81 train_eval_loss-->0.350097,train_acc-->0.615044,test_eval_loss-->1.613063,test_acc===0.485294
INFO:root:epoch:82 train_eval_loss-->0.310970,train_acc-->0.713864,test_eval_loss-->1.836471,test_acc===0.392157
INFO:root:epoch:83 train_eval_loss-->0.377543,train_acc-->0.548673,test_eval_loss-->1.853059,test_acc===0.382353
INFO:root:epoch:84 train_eval_loss-->0.437471,train_acc-->0.501475,test_eval_loss-->1.875671,test_acc===0.387255
INFO:root:epoch:85 train_eval_loss-->0.397398,train_acc-->0.542773,test_eval_loss-->1.753189,test_acc===0.446078
INFO:root:epoch:86 train_eval_loss-->0.384769,train_acc-->0.556047,test_eval_loss-->1.860344,test_acc===0.431373
INFO:root:epoch:87 train_eval_loss-->0.356158,train_acc-->0.619469,test_eval_loss-->1.573254,test_acc===0.514706
INFO:root:epoch:88 train_eval_loss-->0.326651,train_acc-->0.676991,test_eval_loss-->2.063583,test_acc===0.279412
INFO:root:epoch:89 train_eval_loss-->0.421391,train_acc-->0.441003,test_eval_loss-->1.819237,test_acc===0.397059
INFO:root:epoch:90 train_eval_loss-->0.408561,train_acc-->0.532448,test_eval_loss-->2.216208,test_acc===0.245098
INFO:root:epoch:91 train_eval_loss-->0.376652,train_acc-->0.554572,test_eval_loss-->1.644825,test_acc===0.509804
INFO:root:epoch:92 train_eval_loss-->0.327964,train_acc-->0.668142,test_eval_loss-->1.650367,test_acc===0.460784
INFO:root:epoch:93 train_eval_loss-->0.323666,train_acc-->0.662242,test_eval_loss-->1.444616,test_acc===0.544118
INFO:root:epoch:94 train_eval_loss-->0.333327,train_acc-->0.653392,test_eval_loss-->1.988562,test_acc===0.348039
INFO:root:epoch:95 train_eval_loss-->0.365356,train_acc-->0.578171,test_eval_loss-->1.687079,test_acc===0.475490
INFO:root:epoch:96 train_eval_loss-->0.320646,train_acc-->0.685841,test_eval_loss-->1.714345,test_acc===0.495098
INFO:root:epoch:97 train_eval_loss-->0.299884,train_acc-->0.715339,test_eval_loss-->1.784632,test_acc===0.475490
INFO:root:epoch:98 train_eval_loss-->0.349032,train_acc-->0.628319,test_eval_loss-->1.702637,test_acc===0.475490
INFO:root:epoch:99 train_eval_loss-->0.356535,train_acc-->0.612094,test_eval_loss-->1.652269,test_acc===0.455882
INFO:root:epoch:100 train_eval_loss-->0.357363,train_acc-->0.557522,test_eval_loss-->1.960431,test_acc===0.333333
INFO:root:epoch:101 train_eval_loss-->0.343084,train_acc-->0.629794,test_eval_loss-->1.585731,test_acc===0.490196
INFO:root:epoch:102 train_eval_loss-->0.332206,train_acc-->0.647493,test_eval_loss-->1.564694,test_acc===0.524510
INFO:root:epoch:103 train_eval_loss-->0.309480,train_acc-->0.713864,test_eval_loss-->1.490903,test_acc===0.558824
INFO:root:epoch:104 train_eval_loss-->0.283981,train_acc-->0.765487,test_eval_loss-->1.539907,test_acc===0.519608
INFO:root:epoch:105 train_eval_loss-->0.269289,train_acc-->0.800885,test_eval_loss-->1.602539,test_acc===0.568627
INFO:root:epoch:106 train_eval_loss-->0.299205,train_acc-->0.756637,test_eval_loss-->1.590483,test_acc===0.514706
INFO:root:epoch:107 train_eval_loss-->0.286765,train_acc-->0.752212,test_eval_loss-->1.513619,test_acc===0.553922
INFO:root:epoch:108 train_eval_loss-->0.273192,train_acc-->0.828909,test_eval_loss-->1.513610,test_acc===0.490196
INFO:root:epoch:109 train_eval_loss-->0.287517,train_acc-->0.766962,test_eval_loss-->1.619468,test_acc===0.475490
INFO:root:epoch:110 train_eval_loss-->0.272976,train_acc-->0.781711,test_eval_loss-->1.585276,test_acc===0.509804
INFO:root:epoch:111 train_eval_loss-->0.272771,train_acc-->0.787611,test_eval_loss-->1.436180,test_acc===0.583333
INFO:root:epoch:112 train_eval_loss-->0.274890,train_acc-->0.784661,test_eval_loss-->1.620433,test_acc===0.495098
INFO:root:epoch:113 train_eval_loss-->0.275821,train_acc-->0.794985,test_eval_loss-->1.633088,test_acc===0.504902
INFO:root:epoch:114 train_eval_loss-->0.262693,train_acc-->0.811209,test_eval_loss-->1.457786,test_acc===0.573529
INFO:root:epoch:115 train_eval_loss-->0.230893,train_acc-->0.884956,test_eval_loss-->1.594679,test_acc===0.544118
INFO:root:epoch:116 train_eval_loss-->0.258931,train_acc-->0.833333,test_eval_loss-->1.535861,test_acc===0.563725
INFO:root:epoch:117 train_eval_loss-->0.224090,train_acc-->0.905605,test_eval_loss-->1.604652,test_acc===0.519608
INFO:root:epoch:118 train_eval_loss-->0.232280,train_acc-->0.873156,test_eval_loss-->1.486298,test_acc===0.553922
INFO:root:epoch:119 train_eval_loss-->0.230411,train_acc-->0.901180,test_eval_loss-->1.565275,test_acc===0.514706
INFO:root:epoch:120 train_eval_loss-->0.228291,train_acc-->0.899705,test_eval_loss-->1.465323,test_acc===0.563725
INFO:root:epoch:121 train_eval_loss-->0.206379,train_acc-->0.936578,test_eval_loss-->1.460235,test_acc===0.602941
INFO:root:epoch:122 train_eval_loss-->0.201143,train_acc-->0.932153,test_eval_loss-->1.449361,test_acc===0.573529
INFO:root:epoch:123 train_eval_loss-->0.197587,train_acc-->0.945428,test_eval_loss-->1.419662,test_acc===0.627451
INFO:root:epoch:124 train_eval_loss-->0.191672,train_acc-->0.943953,test_eval_loss-->1.358893,test_acc===0.666667
INFO:root:epoch:125 train_eval_loss-->0.189473,train_acc-->0.954277,test_eval_loss-->1.572291,test_acc===0.514706
INFO:root:epoch:126 train_eval_loss-->0.187389,train_acc-->0.954277,test_eval_loss-->1.389169,test_acc===0.632353
INFO:root:epoch:127 train_eval_loss-->0.184051,train_acc-->0.958702,test_eval_loss-->1.368017,test_acc===0.661765
INFO:root:epoch:128 train_eval_loss-->0.161661,train_acc-->0.979351,test_eval_loss-->1.327324,test_acc===0.632353
INFO:root:epoch:129 train_eval_loss-->0.167618,train_acc-->0.976401,test_eval_loss-->1.448489,test_acc===0.598039
INFO:root:epoch:130 train_eval_loss-->0.161785,train_acc-->0.980826,test_eval_loss-->1.361010,test_acc===0.612745
INFO:root:epoch:131 train_eval_loss-->0.154523,train_acc-->0.980826,test_eval_loss-->1.354812,test_acc===0.637255
INFO:root:epoch:132 train_eval_loss-->0.152237,train_acc-->0.983776,test_eval_loss-->1.380984,test_acc===0.612745
INFO:root:epoch:133 train_eval_loss-->0.143233,train_acc-->0.988201,test_eval_loss-->1.441539,test_acc===0.583333
INFO:root:epoch:134 train_eval_loss-->0.136731,train_acc-->0.995575,test_eval_loss-->1.353122,test_acc===0.637255
INFO:root:epoch:135 train_eval_loss-->0.132513,train_acc-->0.991150,test_eval_loss-->1.337245,test_acc===0.612745
INFO:root:epoch:136 train_eval_loss-->0.128790,train_acc-->0.988201,test_eval_loss-->1.312590,test_acc===0.612745
INFO:root:epoch:137 train_eval_loss-->0.120444,train_acc-->0.992625,test_eval_loss-->1.343070,test_acc===0.656863
INFO:root:epoch:138 train_eval_loss-->0.113429,train_acc-->0.994100,test_eval_loss-->1.382162,test_acc===0.617647
INFO:root:epoch:139 train_eval_loss-->0.109472,train_acc-->0.991150,test_eval_loss-->1.382426,test_acc===0.607843
INFO:root:epoch:140 train_eval_loss-->0.109662,train_acc-->0.992625,test_eval_loss-->1.310104,test_acc===0.661765
INFO:root:epoch:141 train_eval_loss-->0.106707,train_acc-->0.994100,test_eval_loss-->1.346062,test_acc===0.661765
INFO:root:epoch:142 train_eval_loss-->0.105986,train_acc-->0.991150,test_eval_loss-->1.319348,test_acc===0.681373
INFO:root:epoch:143 train_eval_loss-->0.102717,train_acc-->0.997050,test_eval_loss-->1.360685,test_acc===0.647059
INFO:root:epoch:144 train_eval_loss-->0.103145,train_acc-->0.995575,test_eval_loss-->1.360735,test_acc===0.612745
INFO:root:epoch:145 train_eval_loss-->0.101758,train_acc-->0.997050,test_eval_loss-->1.352197,test_acc===0.637255
INFO:root:epoch:146 train_eval_loss-->0.099170,train_acc-->0.992625,test_eval_loss-->1.332128,test_acc===0.661765
INFO:root:epoch:147 train_eval_loss-->0.096490,train_acc-->0.998525,test_eval_loss-->1.376030,test_acc===0.627451
INFO:root:epoch:148 train_eval_loss-->0.095833,train_acc-->0.997050,test_eval_loss-->1.329789,test_acc===0.627451
INFO:root:epoch:149 train_eval_loss-->0.096529,train_acc-->0.995575,test_eval_loss-->1.332746,test_acc===0.642157
INFO:root:epoch:150 train_eval_loss-->0.096398,train_acc-->0.998525,test_eval_loss-->1.335472,test_acc===0.651961
INFO:root:epoch:151 train_eval_loss-->0.094936,train_acc-->0.995575,test_eval_loss-->1.355014,test_acc===0.666667
INFO:root:epoch:152 train_eval_loss-->0.094550,train_acc-->0.995575,test_eval_loss-->1.336877,test_acc===0.642157
INFO:root:epoch:153 train_eval_loss-->0.093988,train_acc-->0.994100,test_eval_loss-->1.362592,test_acc===0.637255
INFO:root:epoch:154 train_eval_loss-->0.098792,train_acc-->0.998525,test_eval_loss-->1.343117,test_acc===0.666667
INFO:root:epoch:155 train_eval_loss-->0.097187,train_acc-->0.995575,test_eval_loss-->1.323428,test_acc===0.642157
INFO:root:epoch:156 train_eval_loss-->0.102104,train_acc-->0.992625,test_eval_loss-->1.358160,test_acc===0.627451
INFO:root:epoch:157 train_eval_loss-->0.098270,train_acc-->0.995575,test_eval_loss-->1.340619,test_acc===0.627451
INFO:root:epoch:158 train_eval_loss-->0.100518,train_acc-->0.997050,test_eval_loss-->1.341962,test_acc===0.627451
INFO:root:epoch:159 train_eval_loss-->0.098516,train_acc-->0.995575,test_eval_loss-->1.315601,test_acc===0.666667
INFO:root:epoch:160 train_eval_loss-->0.100894,train_acc-->0.997050,test_eval_loss-->1.362114,test_acc===0.627451
INFO:root:epoch:161 train_eval_loss-->0.099782,train_acc-->0.998525,test_eval_loss-->1.363012,test_acc===0.642157
INFO:root:epoch:162 train_eval_loss-->0.104759,train_acc-->0.995575,test_eval_loss-->1.357149,test_acc===0.651961
INFO:root:epoch:163 train_eval_loss-->0.108743,train_acc-->0.995575,test_eval_loss-->1.375534,test_acc===0.627451
INFO:root:epoch:164 train_eval_loss-->0.116125,train_acc-->0.994100,test_eval_loss-->1.325686,test_acc===0.676471
INFO:root:epoch:165 train_eval_loss-->0.123134,train_acc-->0.994100,test_eval_loss-->1.373240,test_acc===0.647059
INFO:root:epoch:166 train_eval_loss-->0.130377,train_acc-->0.988201,test_eval_loss-->1.357922,test_acc===0.637255
INFO:root:epoch:167 train_eval_loss-->0.138811,train_acc-->0.995575,test_eval_loss-->1.362698,test_acc===0.617647
INFO:root:epoch:168 train_eval_loss-->0.149541,train_acc-->0.983776,test_eval_loss-->1.336370,test_acc===0.651961
INFO:root:epoch:169 train_eval_loss-->0.137898,train_acc-->0.994100,test_eval_loss-->1.397425,test_acc===0.602941
INFO:root:epoch:170 train_eval_loss-->0.148911,train_acc-->0.988201,test_eval_loss-->1.462184,test_acc===0.583333
INFO:root:epoch:171 train_eval_loss-->0.162547,train_acc-->0.974926,test_eval_loss-->1.457390,test_acc===0.578431
INFO:root:epoch:172 train_eval_loss-->0.175535,train_acc-->0.960177,test_eval_loss-->1.438618,test_acc===0.588235
INFO:root:epoch:173 train_eval_loss-->0.171169,train_acc-->0.970501,test_eval_loss-->1.529484,test_acc===0.578431
INFO:root:epoch:174 train_eval_loss-->0.188371,train_acc-->0.967552,test_eval_loss-->1.404985,test_acc===0.622549
INFO:root:epoch:175 train_eval_loss-->0.204778,train_acc-->0.932153,test_eval_loss-->1.325895,test_acc===0.622549
INFO:root:epoch:176 train_eval_loss-->0.216323,train_acc-->0.932153,test_eval_loss-->1.410146,test_acc===0.588235
INFO:root:epoch:177 train_eval_loss-->0.206121,train_acc-->0.924779,test_eval_loss-->1.450666,test_acc===0.563725
INFO:root:epoch:178 train_eval_loss-->0.204921,train_acc-->0.921829,test_eval_loss-->1.362742,test_acc===0.607843
INFO:root:epoch:179 train_eval_loss-->0.203994,train_acc-->0.951327,test_eval_loss-->1.446202,test_acc===0.578431
INFO:root:epoch:180 train_eval_loss-->0.227824,train_acc-->0.884956,test_eval_loss-->1.384331,test_acc===0.637255
INFO:root:epoch:181 train_eval_loss-->0.246609,train_acc-->0.915929,test_eval_loss-->1.711947,test_acc===0.426471
INFO:root:epoch:182 train_eval_loss-->0.277114,train_acc-->0.790560,test_eval_loss-->1.522153,test_acc===0.553922
INFO:root:epoch:183 train_eval_loss-->0.257143,train_acc-->0.845133,test_eval_loss-->1.585504,test_acc===0.519608
INFO:root:epoch:184 train_eval_loss-->0.258948,train_acc-->0.837758,test_eval_loss-->1.541743,test_acc===0.495098
INFO:root:epoch:185 train_eval_loss-->0.227682,train_acc-->0.907080,test_eval_loss-->1.455649,test_acc===0.612745
INFO:root:epoch:186 train_eval_loss-->0.238809,train_acc-->0.858407,test_eval_loss-->1.829541,test_acc===0.348039
INFO:root:epoch:187 train_eval_loss-->0.276247,train_acc-->0.815634,test_eval_loss-->1.464966,test_acc===0.578431
INFO:root:epoch:188 train_eval_loss-->0.235547,train_acc-->0.861357,test_eval_loss-->1.411885,test_acc===0.598039
INFO:root:epoch:189 train_eval_loss-->0.236920,train_acc-->0.898230,test_eval_loss-->1.550656,test_acc===0.529412
INFO:root:epoch:190 train_eval_loss-->0.239651,train_acc-->0.879056,test_eval_loss-->1.610438,test_acc===0.475490
INFO:root:epoch:191 train_eval_loss-->0.234186,train_acc-->0.908555,test_eval_loss-->1.450092,test_acc===0.578431
INFO:root:epoch:192 train_eval_loss-->0.252831,train_acc-->0.840708,test_eval_loss-->1.409380,test_acc===0.602941
INFO:root:epoch:193 train_eval_loss-->0.259126,train_acc-->0.861357,test_eval_loss-->1.689062,test_acc===0.450980
INFO:root:epoch:194 train_eval_loss-->0.280542,train_acc-->0.794985,test_eval_loss-->1.729610,test_acc===0.475490
INFO:root:epoch:195 train_eval_loss-->0.262523,train_acc-->0.824484,test_eval_loss-->1.525591,test_acc===0.519608
INFO:root:epoch:196 train_eval_loss-->0.229841,train_acc-->0.899705,test_eval_loss-->1.671390,test_acc===0.470588
INFO:root:epoch:197 train_eval_loss-->0.232472,train_acc-->0.889381,test_eval_loss-->1.430258,test_acc===0.578431
INFO:root:epoch:198 train_eval_loss-->0.235048,train_acc-->0.907080,test_eval_loss-->1.473120,test_acc===0.529412
INFO:root:epoch:199 train_eval_loss-->0.303123,train_acc-->0.716814,test_eval_loss-->1.654865,test_acc===0.421569
INFO:root:epoch:200 train_eval_loss-->0.248144,train_acc-->0.859882,test_eval_loss-->1.564057,test_acc===0.544118
INFO:root:epoch:201 train_eval_loss-->0.245027,train_acc-->0.873156,test_eval_loss-->1.661431,test_acc===0.441176
INFO:root:epoch:202 train_eval_loss-->0.260142,train_acc-->0.833333,test_eval_loss-->1.428924,test_acc===0.588235
INFO:root:epoch:203 train_eval_loss-->0.242913,train_acc-->0.865782,test_eval_loss-->1.506252,test_acc===0.509804
INFO:root:epoch:204 train_eval_loss-->0.225202,train_acc-->0.890855,test_eval_loss-->1.638757,test_acc===0.495098
INFO:root:epoch:205 train_eval_loss-->0.253700,train_acc-->0.862832,test_eval_loss-->1.648142,test_acc===0.441176
INFO:root:epoch:206 train_eval_loss-->0.268692,train_acc-->0.811209,test_eval_loss-->1.665023,test_acc===0.544118
INFO:root:epoch:207 train_eval_loss-->0.236763,train_acc-->0.867257,test_eval_loss-->1.487392,test_acc===0.544118
INFO:root:epoch:208 train_eval_loss-->0.227639,train_acc-->0.917404,test_eval_loss-->1.415272,test_acc===0.607843
INFO:root:epoch:209 train_eval_loss-->0.253482,train_acc-->0.842183,test_eval_loss-->1.470388,test_acc===0.598039
INFO:root:epoch:210 train_eval_loss-->0.225669,train_acc-->0.899705,test_eval_loss-->1.354901,test_acc===0.632353
INFO:root:epoch:211 train_eval_loss-->0.197745,train_acc-->0.964602,test_eval_loss-->1.595155,test_acc===0.568627
INFO:root:epoch:212 train_eval_loss-->0.210064,train_acc-->0.936578,test_eval_loss-->1.512895,test_acc===0.573529
INFO:root:epoch:213 train_eval_loss-->0.221678,train_acc-->0.915929,test_eval_loss-->1.434388,test_acc===0.612745
INFO:root:epoch:214 train_eval_loss-->0.204131,train_acc-->0.926254,test_eval_loss-->1.496284,test_acc===0.549020
INFO:root:epoch:215 train_eval_loss-->0.207183,train_acc-->0.938053,test_eval_loss-->1.454300,test_acc===0.593137
INFO:root:epoch:216 train_eval_loss-->0.202993,train_acc-->0.958702,test_eval_loss-->1.658280,test_acc===0.485294
INFO:root:epoch:217 train_eval_loss-->0.214324,train_acc-->0.915929,test_eval_loss-->1.371874,test_acc===0.583333
INFO:root:epoch:218 train_eval_loss-->0.178738,train_acc-->0.971976,test_eval_loss-->1.462257,test_acc===0.563725
INFO:root:epoch:219 train_eval_loss-->0.162616,train_acc-->0.977876,test_eval_loss-->1.374365,test_acc===0.627451
INFO:root:epoch:220 train_eval_loss-->0.151217,train_acc-->0.974926,test_eval_loss-->1.354529,test_acc===0.642157
INFO:root:epoch:221 train_eval_loss-->0.150298,train_acc-->0.977876,test_eval_loss-->1.347706,test_acc===0.637255
INFO:root:epoch:222 train_eval_loss-->0.142091,train_acc-->0.986726,test_eval_loss-->1.338924,test_acc===0.632353
INFO:root:epoch:223 train_eval_loss-->0.137451,train_acc-->0.991150,test_eval_loss-->1.392713,test_acc===0.627451
INFO:root:epoch:224 train_eval_loss-->0.132538,train_acc-->0.991150,test_eval_loss-->1.337372,test_acc===0.632353
INFO:root:epoch:225 train_eval_loss-->0.137654,train_acc-->0.992625,test_eval_loss-->1.312229,test_acc===0.656863
INFO:root:epoch:226 train_eval_loss-->0.130994,train_acc-->0.995575,test_eval_loss-->1.333425,test_acc===0.637255
INFO:root:epoch:227 train_eval_loss-->0.122693,train_acc-->0.995575,test_eval_loss-->1.336105,test_acc===0.656863
INFO:root:epoch:228 train_eval_loss-->0.114198,train_acc-->0.997050,test_eval_loss-->1.356306,test_acc===0.656863
INFO:root:epoch:229 train_eval_loss-->0.116324,train_acc-->0.997050,test_eval_loss-->1.366862,test_acc===0.622549
INFO:root:epoch:230 train_eval_loss-->0.114622,train_acc-->0.989676,test_eval_loss-->1.331250,test_acc===0.642157
INFO:root:epoch:231 train_eval_loss-->0.110590,train_acc-->0.992625,test_eval_loss-->1.359064,test_acc===0.627451
INFO:root:epoch:232 train_eval_loss-->0.113219,train_acc-->0.992625,test_eval_loss-->1.286924,test_acc===0.676471
INFO:root:epoch:233 train_eval_loss-->0.094586,train_acc-->0.998525,test_eval_loss-->1.386959,test_acc===0.637255
INFO:root:epoch:234 train_eval_loss-->0.093600,train_acc-->1.000000,test_eval_loss-->1.309410,test_acc===0.647059
INFO:root:epoch:235 train_eval_loss-->0.090189,train_acc-->1.000000,test_eval_loss-->1.330142,test_acc===0.642157
INFO:root:epoch:236 train_eval_loss-->0.086968,train_acc-->0.998525,test_eval_loss-->1.309240,test_acc===0.647059
INFO:root:epoch:237 train_eval_loss-->0.078396,train_acc-->0.997050,test_eval_loss-->1.337919,test_acc===0.656863
INFO:root:epoch:238 train_eval_loss-->0.072752,train_acc-->0.998525,test_eval_loss-->1.288812,test_acc===0.651961
INFO:root:epoch:239 train_eval_loss-->0.070066,train_acc-->0.998525,test_eval_loss-->1.313394,test_acc===0.647059
INFO:root:epoch:240 train_eval_loss-->0.071689,train_acc-->0.998525,test_eval_loss-->1.291488,test_acc===0.637255
INFO:root:epoch:241 train_eval_loss-->0.065771,train_acc-->1.000000,test_eval_loss-->1.308541,test_acc===0.642157
INFO:root:epoch:242 train_eval_loss-->0.061344,train_acc-->0.997050,test_eval_loss-->1.282063,test_acc===0.656863
INFO:root:epoch:243 train_eval_loss-->0.063389,train_acc-->0.997050,test_eval_loss-->1.335280,test_acc===0.632353
INFO:root:epoch:244 train_eval_loss-->0.062981,train_acc-->1.000000,test_eval_loss-->1.291625,test_acc===0.656863
INFO:root:epoch:245 train_eval_loss-->0.058684,train_acc-->1.000000,test_eval_loss-->1.284085,test_acc===0.661765
INFO:root:epoch:246 train_eval_loss-->0.059171,train_acc-->0.997050,test_eval_loss-->1.328700,test_acc===0.661765
INFO:root:epoch:247 train_eval_loss-->0.057216,train_acc-->0.997050,test_eval_loss-->1.286161,test_acc===0.647059
INFO:root:epoch:248 train_eval_loss-->0.055580,train_acc-->1.000000,test_eval_loss-->1.329107,test_acc===0.632353
INFO:root:epoch:249 train_eval_loss-->0.054155,train_acc-->1.000000,test_eval_loss-->1.303180,test_acc===0.656863
INFO:root:epoch:250 train_eval_loss-->0.056044,train_acc-->0.998525,test_eval_loss-->1.325617,test_acc===0.632353
INFO:root:epoch:251 train_eval_loss-->0.055426,train_acc-->1.000000,test_eval_loss-->1.287988,test_acc===0.661765
INFO:root:epoch:252 train_eval_loss-->0.057312,train_acc-->1.000000,test_eval_loss-->1.316953,test_acc===0.651961
INFO:root:epoch:253 train_eval_loss-->0.057440,train_acc-->1.000000,test_eval_loss-->1.297850,test_acc===0.661765
INFO:root:epoch:254 train_eval_loss-->0.055272,train_acc-->0.998525,test_eval_loss-->1.325497,test_acc===0.627451
INFO:root:epoch:255 train_eval_loss-->0.054987,train_acc-->0.998525,test_eval_loss-->1.270665,test_acc===0.651961
INFO:root:epoch:256 train_eval_loss-->0.057328,train_acc-->0.998525,test_eval_loss-->1.299057,test_acc===0.651961
INFO:root:epoch:257 train_eval_loss-->0.055283,train_acc-->0.998525,test_eval_loss-->1.311823,test_acc===0.656863
INFO:root:epoch:258 train_eval_loss-->0.056557,train_acc-->0.998525,test_eval_loss-->1.282815,test_acc===0.637255
INFO:root:epoch:259 train_eval_loss-->0.059835,train_acc-->1.000000,test_eval_loss-->1.330363,test_acc===0.642157
INFO:root:epoch:260 train_eval_loss-->0.063210,train_acc-->1.000000,test_eval_loss-->1.323736,test_acc===0.651961
INFO:root:epoch:261 train_eval_loss-->0.066514,train_acc-->1.000000,test_eval_loss-->1.316552,test_acc===0.666667
INFO:root:epoch:262 train_eval_loss-->0.069116,train_acc-->0.998525,test_eval_loss-->1.308388,test_acc===0.656863
INFO:root:epoch:263 train_eval_loss-->0.062290,train_acc-->0.997050,test_eval_loss-->1.351488,test_acc===0.651961
INFO:root:epoch:264 train_eval_loss-->0.067690,train_acc-->1.000000,test_eval_loss-->1.368877,test_acc===0.612745
INFO:root:epoch:265 train_eval_loss-->0.071369,train_acc-->0.998525,test_eval_loss-->1.310208,test_acc===0.661765
INFO:root:epoch:266 train_eval_loss-->0.080861,train_acc-->0.998525,test_eval_loss-->1.332244,test_acc===0.637255
INFO:root:epoch:267 train_eval_loss-->0.081012,train_acc-->0.998525,test_eval_loss-->1.314906,test_acc===0.676471
INFO:root:epoch:268 train_eval_loss-->0.091167,train_acc-->0.997050,test_eval_loss-->1.355887,test_acc===0.632353
INFO:root:epoch:269 train_eval_loss-->0.101904,train_acc-->1.000000,test_eval_loss-->1.350598,test_acc===0.617647
INFO:root:epoch:270 train_eval_loss-->0.102460,train_acc-->1.000000,test_eval_loss-->1.381957,test_acc===0.647059
INFO:root:epoch:271 train_eval_loss-->0.094861,train_acc-->1.000000,test_eval_loss-->1.387619,test_acc===0.637255
INFO:root:epoch:272 train_eval_loss-->0.110849,train_acc-->1.000000,test_eval_loss-->1.433757,test_acc===0.622549
INFO:root:epoch:273 train_eval_loss-->0.127080,train_acc-->0.988201,test_eval_loss-->1.317004,test_acc===0.637255
INFO:root:epoch:274 train_eval_loss-->0.120231,train_acc-->0.992625,test_eval_loss-->1.437027,test_acc===0.593137
INFO:root:epoch:275 train_eval_loss-->0.126465,train_acc-->0.991150,test_eval_loss-->1.408295,test_acc===0.617647
INFO:root:epoch:276 train_eval_loss-->0.139489,train_acc-->0.989676,test_eval_loss-->1.314653,test_acc===0.642157
INFO:root:epoch:277 train_eval_loss-->0.153257,train_acc-->0.985251,test_eval_loss-->1.471066,test_acc===0.583333
INFO:root:epoch:278 train_eval_loss-->0.164891,train_acc-->0.979351,test_eval_loss-->1.389101,test_acc===0.588235
INFO:root:epoch:279 train_eval_loss-->0.176698,train_acc-->0.955752,test_eval_loss-->1.677051,test_acc===0.495098
INFO:root:epoch:280 train_eval_loss-->0.181633,train_acc-->0.971976,test_eval_loss-->1.376178,test_acc===0.612745
INFO:root:epoch:281 train_eval_loss-->0.173552,train_acc-->0.977876,test_eval_loss-->1.428238,test_acc===0.573529
INFO:root:epoch:282 train_eval_loss-->0.166506,train_acc-->0.982301,test_eval_loss-->1.498002,test_acc===0.553922
INFO:root:epoch:283 train_eval_loss-->0.178076,train_acc-->0.951327,test_eval_loss-->1.347447,test_acc===0.617647
INFO:root:epoch:284 train_eval_loss-->0.173390,train_acc-->0.976401,test_eval_loss-->1.424870,test_acc===0.593137
INFO:root:epoch:285 train_eval_loss-->0.222922,train_acc-->0.898230,test_eval_loss-->1.499501,test_acc===0.539216
INFO:root:epoch:286 train_eval_loss-->0.181874,train_acc-->0.963127,test_eval_loss-->1.595121,test_acc===0.495098
INFO:root:epoch:287 train_eval_loss-->0.203099,train_acc-->0.938053,test_eval_loss-->1.399039,test_acc===0.661765
INFO:root:epoch:288 train_eval_loss-->0.217803,train_acc-->0.920354,test_eval_loss-->1.452170,test_acc===0.593137
INFO:root:epoch:289 train_eval_loss-->0.188168,train_acc-->0.964602,test_eval_loss-->1.373375,test_acc===0.642157
INFO:root:epoch:290 train_eval_loss-->0.182612,train_acc-->0.954277,test_eval_loss-->1.425617,test_acc===0.588235
INFO:root:epoch:291 train_eval_loss-->0.217923,train_acc-->0.908555,test_eval_loss-->1.492087,test_acc===0.607843
INFO:root:epoch:292 train_eval_loss-->0.226032,train_acc-->0.902655,test_eval_loss-->1.528484,test_acc===0.549020
INFO:root:epoch:293 train_eval_loss-->0.235162,train_acc-->0.882006,test_eval_loss-->1.578152,test_acc===0.509804
INFO:root:epoch:294 train_eval_loss-->0.264649,train_acc-->0.815634,test_eval_loss-->1.758545,test_acc===0.392157
INFO:root:epoch:295 train_eval_loss-->0.278795,train_acc-->0.772861,test_eval_loss-->1.474126,test_acc===0.563725
INFO:root:epoch:296 train_eval_loss-->0.230709,train_acc-->0.896755,test_eval_loss-->1.446819,test_acc===0.632353
INFO:root:epoch:297 train_eval_loss-->0.201670,train_acc-->0.942478,test_eval_loss-->1.451324,test_acc===0.549020
INFO:root:epoch:298 train_eval_loss-->0.209296,train_acc-->0.914454,test_eval_loss-->1.500113,test_acc===0.563725
INFO:root:epoch:299 train_eval_loss-->0.206632,train_acc-->0.918879,test_eval_loss-->1.590897,test_acc===0.455882
INFO:root:epoch:300 train_eval_loss-->0.204302,train_acc-->0.924779,test_eval_loss-->1.536550,test_acc===0.553922
INFO:root:epoch:301 train_eval_loss-->0.200793,train_acc-->0.942478,test_eval_loss-->1.549434,test_acc===0.553922
INFO:root:epoch:302 train_eval_loss-->0.190843,train_acc-->0.949853,test_eval_loss-->1.340577,test_acc===0.617647
INFO:root:epoch:303 train_eval_loss-->0.185849,train_acc-->0.957227,test_eval_loss-->1.456751,test_acc===0.553922
INFO:root:epoch:304 train_eval_loss-->0.165461,train_acc-->0.976401,test_eval_loss-->1.356209,test_acc===0.612745
INFO:root:epoch:305 train_eval_loss-->0.176230,train_acc-->0.974926,test_eval_loss-->1.299535,test_acc===0.686275
INFO:root:epoch:306 train_eval_loss-->0.182048,train_acc-->0.942478,test_eval_loss-->1.491053,test_acc===0.568627
INFO:root:epoch:307 train_eval_loss-->0.189354,train_acc-->0.961652,test_eval_loss-->1.386145,test_acc===0.651961
INFO:root:epoch:308 train_eval_loss-->0.208081,train_acc-->0.924779,test_eval_loss-->1.600162,test_acc===0.524510
INFO:root:epoch:309 train_eval_loss-->0.215461,train_acc-->0.923304,test_eval_loss-->1.426907,test_acc===0.598039
INFO:root:epoch:310 train_eval_loss-->0.176733,train_acc-->0.954277,test_eval_loss-->1.332968,test_acc===0.622549
INFO:root:epoch:311 train_eval_loss-->0.148064,train_acc-->0.977876,test_eval_loss-->1.439225,test_acc===0.593137
INFO:root:epoch:312 train_eval_loss-->0.189104,train_acc-->0.948378,test_eval_loss-->1.635580,test_acc===0.514706
INFO:root:epoch:313 train_eval_loss-->0.188274,train_acc-->0.948378,test_eval_loss-->1.446530,test_acc===0.593137
INFO:root:epoch:314 train_eval_loss-->0.170001,train_acc-->0.966077,test_eval_loss-->1.408275,test_acc===0.622549
INFO:root:epoch:315 train_eval_loss-->0.158539,train_acc-->0.983776,test_eval_loss-->1.365902,test_acc===0.676471
INFO:root:epoch:316 train_eval_loss-->0.141916,train_acc-->0.994100,test_eval_loss-->1.381037,test_acc===0.632353
INFO:root:epoch:317 train_eval_loss-->0.132315,train_acc-->0.998525,test_eval_loss-->1.376698,test_acc===0.622549
INFO:root:epoch:318 train_eval_loss-->0.146757,train_acc-->0.985251,test_eval_loss-->1.334055,test_acc===0.661765
INFO:root:epoch:319 train_eval_loss-->0.163945,train_acc-->0.983776,test_eval_loss-->1.361525,test_acc===0.637255
INFO:root:epoch:320 train_eval_loss-->0.130313,train_acc-->0.992625,test_eval_loss-->1.461607,test_acc===0.612745
INFO:root:epoch:321 train_eval_loss-->0.130059,train_acc-->0.986726,test_eval_loss-->1.394806,test_acc===0.602941
INFO:root:epoch:322 train_eval_loss-->0.131195,train_acc-->0.995575,test_eval_loss-->1.383853,test_acc===0.607843
INFO:root:epoch:323 train_eval_loss-->0.114564,train_acc-->0.998525,test_eval_loss-->1.335241,test_acc===0.647059
INFO:root:epoch:324 train_eval_loss-->0.108125,train_acc-->1.000000,test_eval_loss-->1.326976,test_acc===0.671569
INFO:root:epoch:325 train_eval_loss-->0.114094,train_acc-->0.998525,test_eval_loss-->1.416000,test_acc===0.583333
INFO:root:epoch:326 train_eval_loss-->0.106409,train_acc-->0.998525,test_eval_loss-->1.348076,test_acc===0.602941
INFO:root:epoch:327 train_eval_loss-->0.099424,train_acc-->1.000000,test_eval_loss-->1.319107,test_acc===0.642157
INFO:root:epoch:328 train_eval_loss-->0.084637,train_acc-->1.000000,test_eval_loss-->1.315199,test_acc===0.661765
INFO:root:epoch:329 train_eval_loss-->0.083805,train_acc-->1.000000,test_eval_loss-->1.351550,test_acc===0.637255
INFO:root:epoch:330 train_eval_loss-->0.081492,train_acc-->1.000000,test_eval_loss-->1.301368,test_acc===0.651961
INFO:root:epoch:331 train_eval_loss-->0.086902,train_acc-->0.997050,test_eval_loss-->1.352545,test_acc===0.627451
INFO:root:epoch:332 train_eval_loss-->0.083939,train_acc-->1.000000,test_eval_loss-->1.271556,test_acc===0.681373
INFO:root:epoch:333 train_eval_loss-->0.071053,train_acc-->0.998525,test_eval_loss-->1.296925,test_acc===0.676471
INFO:root:epoch:334 train_eval_loss-->0.062934,train_acc-->1.000000,test_eval_loss-->1.269326,test_acc===0.681373
INFO:root:epoch:335 train_eval_loss-->0.058009,train_acc-->1.000000,test_eval_loss-->1.305702,test_acc===0.637255
INFO:root:epoch:336 train_eval_loss-->0.055706,train_acc-->1.000000,test_eval_loss-->1.298994,test_acc===0.642157
INFO:root:epoch:337 train_eval_loss-->0.051648,train_acc-->1.000000,test_eval_loss-->1.292201,test_acc===0.666667
INFO:root:epoch:338 train_eval_loss-->0.050764,train_acc-->1.000000,test_eval_loss-->1.310960,test_acc===0.651961
INFO:root:epoch:339 train_eval_loss-->0.048885,train_acc-->0.998525,test_eval_loss-->1.295988,test_acc===0.647059
INFO:root:epoch:340 train_eval_loss-->0.044044,train_acc-->1.000000,test_eval_loss-->1.293454,test_acc===0.666667
INFO:root:epoch:341 train_eval_loss-->0.042978,train_acc-->1.000000,test_eval_loss-->1.299574,test_acc===0.666667
INFO:root:epoch:342 train_eval_loss-->0.041754,train_acc-->1.000000,test_eval_loss-->1.290475,test_acc===0.671569
INFO:root:epoch:343 train_eval_loss-->0.040256,train_acc-->1.000000,test_eval_loss-->1.306952,test_acc===0.647059
INFO:root:epoch:344 train_eval_loss-->0.037424,train_acc-->1.000000,test_eval_loss-->1.285049,test_acc===0.676471
INFO:root:epoch:345 train_eval_loss-->0.036182,train_acc-->1.000000,test_eval_loss-->1.284307,test_acc===0.671569
INFO:root:epoch:346 train_eval_loss-->0.036364,train_acc-->1.000000,test_eval_loss-->1.301357,test_acc===0.656863
INFO:root:epoch:347 train_eval_loss-->0.034235,train_acc-->1.000000,test_eval_loss-->1.292547,test_acc===0.647059
INFO:root:epoch:348 train_eval_loss-->0.033603,train_acc-->1.000000,test_eval_loss-->1.292732,test_acc===0.656863
INFO:root:epoch:349 train_eval_loss-->0.034030,train_acc-->1.000000,test_eval_loss-->1.298000,test_acc===0.651961
INFO:root:epoch:350 train_eval_loss-->0.032722,train_acc-->1.000000,test_eval_loss-->1.307020,test_acc===0.661765
INFO:root:epoch:351 train_eval_loss-->0.033738,train_acc-->1.000000,test_eval_loss-->1.277757,test_acc===0.661765
INFO:root:epoch:352 train_eval_loss-->0.033165,train_acc-->1.000000,test_eval_loss-->1.289992,test_acc===0.671569
INFO:root:epoch:353 train_eval_loss-->0.033809,train_acc-->1.000000,test_eval_loss-->1.284944,test_acc===0.686275
INFO:root:epoch:354 train_eval_loss-->0.033169,train_acc-->1.000000,test_eval_loss-->1.302804,test_acc===0.661765
INFO:root:epoch:355 train_eval_loss-->0.034162,train_acc-->1.000000,test_eval_loss-->1.278198,test_acc===0.671569
INFO:root:epoch:356 train_eval_loss-->0.033668,train_acc-->1.000000,test_eval_loss-->1.275893,test_acc===0.651961
INFO:root:epoch:357 train_eval_loss-->0.034575,train_acc-->1.000000,test_eval_loss-->1.289404,test_acc===0.656863
INFO:root:epoch:358 train_eval_loss-->0.035260,train_acc-->1.000000,test_eval_loss-->1.313374,test_acc===0.642157
INFO:root:epoch:359 train_eval_loss-->0.037185,train_acc-->1.000000,test_eval_loss-->1.295935,test_acc===0.661765
INFO:root:epoch:360 train_eval_loss-->0.039114,train_acc-->1.000000,test_eval_loss-->1.290544,test_acc===0.651961
INFO:root:epoch:361 train_eval_loss-->0.039025,train_acc-->1.000000,test_eval_loss-->1.306963,test_acc===0.666667
INFO:root:epoch:362 train_eval_loss-->0.042736,train_acc-->1.000000,test_eval_loss-->1.316183,test_acc===0.642157
INFO:root:epoch:363 train_eval_loss-->0.045335,train_acc-->1.000000,test_eval_loss-->1.294112,test_acc===0.656863
INFO:root:epoch:364 train_eval_loss-->0.048397,train_acc-->1.000000,test_eval_loss-->1.278647,test_acc===0.686275
INFO:root:epoch:365 train_eval_loss-->0.059640,train_acc-->1.000000,test_eval_loss-->1.295772,test_acc===0.647059
INFO:root:epoch:366 train_eval_loss-->0.056897,train_acc-->1.000000,test_eval_loss-->1.323867,test_acc===0.642157
INFO:root:epoch:367 train_eval_loss-->0.062825,train_acc-->1.000000,test_eval_loss-->1.315320,test_acc===0.676471
INFO:root:epoch:368 train_eval_loss-->0.068130,train_acc-->0.998525,test_eval_loss-->1.314443,test_acc===0.651961
INFO:root:epoch:369 train_eval_loss-->0.075569,train_acc-->1.000000,test_eval_loss-->1.317263,test_acc===0.632353
INFO:root:epoch:370 train_eval_loss-->0.078214,train_acc-->1.000000,test_eval_loss-->1.345628,test_acc===0.651961
INFO:root:epoch:371 train_eval_loss-->0.079940,train_acc-->1.000000,test_eval_loss-->1.340601,test_acc===0.676471
INFO:root:epoch:372 train_eval_loss-->0.092369,train_acc-->1.000000,test_eval_loss-->1.314589,test_acc===0.661765
INFO:root:epoch:373 train_eval_loss-->0.105909,train_acc-->1.000000,test_eval_loss-->1.278606,test_acc===0.681373
INFO:root:epoch:374 train_eval_loss-->0.106513,train_acc-->0.991150,test_eval_loss-->1.352547,test_acc===0.666667
INFO:root:epoch:375 train_eval_loss-->0.098434,train_acc-->0.998525,test_eval_loss-->1.312131,test_acc===0.642157
INFO:root:epoch:376 train_eval_loss-->0.106558,train_acc-->0.998525,test_eval_loss-->1.366332,test_acc===0.607843
INFO:root:epoch:377 train_eval_loss-->0.120742,train_acc-->0.989676,test_eval_loss-->1.374704,test_acc===0.642157
INFO:root:epoch:378 train_eval_loss-->0.123459,train_acc-->1.000000,test_eval_loss-->1.460442,test_acc===0.607843
INFO:root:epoch:379 train_eval_loss-->0.120559,train_acc-->0.994100,test_eval_loss-->1.371710,test_acc===0.637255
INFO:root:epoch:380 train_eval_loss-->0.116381,train_acc-->0.995575,test_eval_loss-->1.285715,test_acc===0.647059
INFO:root:epoch:381 train_eval_loss-->0.137406,train_acc-->0.970501,test_eval_loss-->1.446416,test_acc===0.602941
INFO:root:epoch:382 train_eval_loss-->0.165272,train_acc-->0.982301,test_eval_loss-->1.550984,test_acc===0.495098
INFO:root:epoch:383 train_eval_loss-->0.178559,train_acc-->0.946903,test_eval_loss-->1.334950,test_acc===0.676471
INFO:root:epoch:384 train_eval_loss-->0.152599,train_acc-->0.986726,test_eval_loss-->1.367082,test_acc===0.612745
INFO:root:epoch:385 train_eval_loss-->0.176470,train_acc-->0.969027,test_eval_loss-->1.364675,test_acc===0.637255
INFO:root:epoch:386 train_eval_loss-->0.158131,train_acc-->0.971976,test_eval_loss-->1.382110,test_acc===0.617647
INFO:root:epoch:387 train_eval_loss-->0.178038,train_acc-->0.977876,test_eval_loss-->1.395478,test_acc===0.612745
INFO:root:epoch:388 train_eval_loss-->0.185590,train_acc-->0.954277,test_eval_loss-->1.356230,test_acc===0.691176
INFO:root:epoch:389 train_eval_loss-->0.156737,train_acc-->0.983776,test_eval_loss-->1.372199,test_acc===0.622549
INFO:root:epoch:390 train_eval_loss-->0.191905,train_acc-->0.936578,test_eval_loss-->1.435957,test_acc===0.598039
INFO:root:epoch:391 train_eval_loss-->0.157347,train_acc-->0.989676,test_eval_loss-->1.578534,test_acc===0.504902
INFO:root:epoch:392 train_eval_loss-->0.175538,train_acc-->0.963127,test_eval_loss-->1.481528,test_acc===0.534314
INFO:root:epoch:393 train_eval_loss-->0.150276,train_acc-->0.983776,test_eval_loss-->1.402658,test_acc===0.578431
INFO:root:epoch:394 train_eval_loss-->0.167498,train_acc-->0.958702,test_eval_loss-->1.369745,test_acc===0.642157
INFO:root:epoch:395 train_eval_loss-->0.165593,train_acc-->0.963127,test_eval_loss-->1.507544,test_acc===0.578431
INFO:root:epoch:396 train_eval_loss-->0.158419,train_acc-->0.973451,test_eval_loss-->1.430314,test_acc===0.588235
INFO:root:epoch:397 train_eval_loss-->0.153551,train_acc-->0.971976,test_eval_loss-->1.350650,test_acc===0.632353
INFO:root:epoch:398 train_eval_loss-->0.182623,train_acc-->0.952802,test_eval_loss-->1.403110,test_acc===0.627451
INFO:root:epoch:399 train_eval_loss-->0.170192,train_acc-->0.979351,test_eval_loss-->1.407837,test_acc===0.627451
INFO:root:epoch:400 train_eval_loss-->0.165509,train_acc-->0.971976,test_eval_loss-->1.415436,test_acc===0.563725
INFO:root:epoch:401 train_eval_loss-->0.163895,train_acc-->0.979351,test_eval_loss-->1.361324,test_acc===0.651961
INFO:root:epoch:402 train_eval_loss-->0.150675,train_acc-->0.980826,test_eval_loss-->1.328264,test_acc===0.627451
INFO:root:epoch:403 train_eval_loss-->0.181596,train_acc-->0.969027,test_eval_loss-->1.375644,test_acc===0.632353
INFO:root:epoch:404 train_eval_loss-->0.173700,train_acc-->0.976401,test_eval_loss-->1.411766,test_acc===0.602941
INFO:root:epoch:405 train_eval_loss-->0.138795,train_acc-->0.997050,test_eval_loss-->1.627126,test_acc===0.490196
INFO:root:epoch:406 train_eval_loss-->0.168419,train_acc-->0.964602,test_eval_loss-->1.444939,test_acc===0.612745
INFO:root:epoch:407 train_eval_loss-->0.153172,train_acc-->0.986726,test_eval_loss-->1.314508,test_acc===0.666667
INFO:root:epoch:408 train_eval_loss-->0.139125,train_acc-->0.994100,test_eval_loss-->1.409826,test_acc===0.583333
INFO:root:epoch:409 train_eval_loss-->0.158428,train_acc-->0.991150,test_eval_loss-->1.469098,test_acc===0.573529
INFO:root:epoch:410 train_eval_loss-->0.141235,train_acc-->0.985251,test_eval_loss-->1.337030,test_acc===0.661765
INFO:root:epoch:411 train_eval_loss-->0.147514,train_acc-->0.988201,test_eval_loss-->1.463620,test_acc===0.549020
INFO:root:epoch:412 train_eval_loss-->0.159687,train_acc-->0.980826,test_eval_loss-->1.354293,test_acc===0.627451
INFO:root:epoch:413 train_eval_loss-->0.161778,train_acc-->0.976401,test_eval_loss-->1.364615,test_acc===0.637255
INFO:root:epoch:414 train_eval_loss-->0.149843,train_acc-->0.973451,test_eval_loss-->1.344081,test_acc===0.627451
INFO:root:epoch:415 train_eval_loss-->0.135543,train_acc-->0.989676,test_eval_loss-->1.330757,test_acc===0.656863
INFO:root:epoch:416 train_eval_loss-->0.118256,train_acc-->0.997050,test_eval_loss-->1.303724,test_acc===0.686275
INFO:root:epoch:417 train_eval_loss-->0.129028,train_acc-->0.997050,test_eval_loss-->1.478449,test_acc===0.588235
INFO:root:epoch:418 train_eval_loss-->0.140026,train_acc-->0.995575,test_eval_loss-->1.424230,test_acc===0.593137
INFO:root:epoch:419 train_eval_loss-->0.125168,train_acc-->0.992625,test_eval_loss-->1.294658,test_acc===0.681373
INFO:root:epoch:420 train_eval_loss-->0.126123,train_acc-->0.995575,test_eval_loss-->1.312168,test_acc===0.651961
INFO:root:epoch:421 train_eval_loss-->0.126103,train_acc-->0.992625,test_eval_loss-->1.392105,test_acc===0.632353
INFO:root:epoch:422 train_eval_loss-->0.113118,train_acc-->1.000000,test_eval_loss-->1.347129,test_acc===0.637255
INFO:root:epoch:423 train_eval_loss-->0.111668,train_acc-->0.998525,test_eval_loss-->1.302162,test_acc===0.647059
INFO:root:epoch:424 train_eval_loss-->0.091142,train_acc-->1.000000,test_eval_loss-->1.315796,test_acc===0.647059
INFO:root:epoch:425 train_eval_loss-->0.092941,train_acc-->0.998525,test_eval_loss-->1.271048,test_acc===0.647059
INFO:root:epoch:426 train_eval_loss-->0.081399,train_acc-->1.000000,test_eval_loss-->1.328095,test_acc===0.627451
INFO:root:epoch:427 train_eval_loss-->0.079449,train_acc-->1.000000,test_eval_loss-->1.291965,test_acc===0.671569
INFO:root:epoch:428 train_eval_loss-->0.075734,train_acc-->1.000000,test_eval_loss-->1.297290,test_acc===0.617647
INFO:root:epoch:429 train_eval_loss-->0.067409,train_acc-->1.000000,test_eval_loss-->1.311585,test_acc===0.642157
INFO:root:epoch:430 train_eval_loss-->0.061762,train_acc-->1.000000,test_eval_loss-->1.300926,test_acc===0.656863
INFO:root:epoch:431 train_eval_loss-->0.060866,train_acc-->1.000000,test_eval_loss-->1.315925,test_acc===0.612745
INFO:root:epoch:432 train_eval_loss-->0.057980,train_acc-->1.000000,test_eval_loss-->1.290885,test_acc===0.661765
INFO:root:epoch:433 train_eval_loss-->0.055867,train_acc-->1.000000,test_eval_loss-->1.279900,test_acc===0.642157
INFO:root:epoch:434 train_eval_loss-->0.052312,train_acc-->1.000000,test_eval_loss-->1.255680,test_acc===0.661765
INFO:root:epoch:435 train_eval_loss-->0.045314,train_acc-->1.000000,test_eval_loss-->1.289855,test_acc===0.642157
INFO:root:epoch:436 train_eval_loss-->0.045938,train_acc-->1.000000,test_eval_loss-->1.276115,test_acc===0.666667
INFO:root:epoch:437 train_eval_loss-->0.040294,train_acc-->1.000000,test_eval_loss-->1.303555,test_acc===0.651961
INFO:root:epoch:438 train_eval_loss-->0.041514,train_acc-->1.000000,test_eval_loss-->1.298497,test_acc===0.656863
INFO:root:epoch:439 train_eval_loss-->0.037200,train_acc-->1.000000,test_eval_loss-->1.317515,test_acc===0.642157
INFO:root:epoch:440 train_eval_loss-->0.033690,train_acc-->1.000000,test_eval_loss-->1.255611,test_acc===0.661765
INFO:root:epoch:441 train_eval_loss-->0.031171,train_acc-->1.000000,test_eval_loss-->1.274953,test_acc===0.651961
INFO:root:epoch:442 train_eval_loss-->0.029750,train_acc-->1.000000,test_eval_loss-->1.259018,test_acc===0.676471
INFO:root:epoch:443 train_eval_loss-->0.028088,train_acc-->1.000000,test_eval_loss-->1.289728,test_acc===0.647059
INFO:root:epoch:444 train_eval_loss-->0.026935,train_acc-->1.000000,test_eval_loss-->1.278442,test_acc===0.637255
INFO:root:epoch:445 train_eval_loss-->0.024131,train_acc-->1.000000,test_eval_loss-->1.246912,test_acc===0.656863
INFO:root:epoch:446 train_eval_loss-->0.023358,train_acc-->1.000000,test_eval_loss-->1.283374,test_acc===0.661765
INFO:root:epoch:447 train_eval_loss-->0.023315,train_acc-->1.000000,test_eval_loss-->1.283220,test_acc===0.647059
INFO:root:epoch:448 train_eval_loss-->0.022279,train_acc-->1.000000,test_eval_loss-->1.259489,test_acc===0.661765
INFO:root:epoch:449 train_eval_loss-->0.021298,train_acc-->1.000000,test_eval_loss-->1.290996,test_acc===0.632353
INFO:root:epoch:450 train_eval_loss-->0.021460,train_acc-->1.000000,test_eval_loss-->1.283743,test_acc===0.651961
INFO:root:epoch:451 train_eval_loss-->0.020391,train_acc-->1.000000,test_eval_loss-->1.267093,test_acc===0.676471
INFO:root:epoch:452 train_eval_loss-->0.021380,train_acc-->1.000000,test_eval_loss-->1.304332,test_acc===0.627451
INFO:root:epoch:453 train_eval_loss-->0.021271,train_acc-->1.000000,test_eval_loss-->1.291155,test_acc===0.637255
INFO:root:epoch:454 train_eval_loss-->0.022039,train_acc-->1.000000,test_eval_loss-->1.271053,test_acc===0.642157
INFO:root:epoch:455 train_eval_loss-->0.021911,train_acc-->1.000000,test_eval_loss-->1.271703,test_acc===0.627451
INFO:root:epoch:456 train_eval_loss-->0.023014,train_acc-->1.000000,test_eval_loss-->1.290963,test_acc===0.642157
INFO:root:epoch:457 train_eval_loss-->0.022582,train_acc-->1.000000,test_eval_loss-->1.259134,test_acc===0.666667
INFO:root:epoch:458 train_eval_loss-->0.024241,train_acc-->1.000000,test_eval_loss-->1.301727,test_acc===0.642157
INFO:root:epoch:459 train_eval_loss-->0.025095,train_acc-->1.000000,test_eval_loss-->1.296967,test_acc===0.642157
INFO:root:epoch:460 train_eval_loss-->0.026070,train_acc-->1.000000,test_eval_loss-->1.279215,test_acc===0.656863
INFO:root:epoch:461 train_eval_loss-->0.033180,train_acc-->1.000000,test_eval_loss-->1.279654,test_acc===0.622549
INFO:root:epoch:462 train_eval_loss-->0.033728,train_acc-->1.000000,test_eval_loss-->1.259433,test_acc===0.642157
INFO:root:epoch:463 train_eval_loss-->0.032781,train_acc-->1.000000,test_eval_loss-->1.314610,test_acc===0.637255
INFO:root:epoch:464 train_eval_loss-->0.036486,train_acc-->1.000000,test_eval_loss-->1.249836,test_acc===0.671569
INFO:root:epoch:465 train_eval_loss-->0.039564,train_acc-->1.000000,test_eval_loss-->1.305020,test_acc===0.647059
INFO:root:epoch:466 train_eval_loss-->0.046480,train_acc-->1.000000,test_eval_loss-->1.283631,test_acc===0.691176
INFO:root:epoch:467 train_eval_loss-->0.050637,train_acc-->1.000000,test_eval_loss-->1.274858,test_acc===0.656863
INFO:root:epoch:468 train_eval_loss-->0.058637,train_acc-->1.000000,test_eval_loss-->1.273693,test_acc===0.642157
INFO:root:epoch:469 train_eval_loss-->0.062885,train_acc-->1.000000,test_eval_loss-->1.276833,test_acc===0.671569
INFO:root:epoch:470 train_eval_loss-->0.063321,train_acc-->1.000000,test_eval_loss-->1.289227,test_acc===0.656863
INFO:root:epoch:471 train_eval_loss-->0.062386,train_acc-->1.000000,test_eval_loss-->1.297528,test_acc===0.676471
INFO:root:epoch:472 train_eval_loss-->0.072776,train_acc-->0.998525,test_eval_loss-->1.303237,test_acc===0.686275
INFO:root:epoch:473 train_eval_loss-->0.072220,train_acc-->1.000000,test_eval_loss-->1.293966,test_acc===0.627451
INFO:root:epoch:474 train_eval_loss-->0.077131,train_acc-->1.000000,test_eval_loss-->1.290371,test_acc===0.661765
INFO:root:epoch:475 train_eval_loss-->0.084196,train_acc-->0.997050,test_eval_loss-->1.366599,test_acc===0.627451
INFO:root:epoch:476 train_eval_loss-->0.082937,train_acc-->1.000000,test_eval_loss-->1.271224,test_acc===0.691176
INFO:root:epoch:477 train_eval_loss-->0.094831,train_acc-->1.000000,test_eval_loss-->1.372952,test_acc===0.651961
INFO:root:epoch:478 train_eval_loss-->0.092760,train_acc-->0.998525,test_eval_loss-->1.285565,test_acc===0.656863
INFO:root:epoch:479 train_eval_loss-->0.101769,train_acc-->0.998525,test_eval_loss-->1.408145,test_acc===0.607843
INFO:root:epoch:480 train_eval_loss-->0.115880,train_acc-->0.998525,test_eval_loss-->1.366541,test_acc===0.647059
INFO:root:epoch:481 train_eval_loss-->0.113662,train_acc-->0.998525,test_eval_loss-->1.329254,test_acc===0.622549
INFO:root:epoch:482 train_eval_loss-->0.129067,train_acc-->1.000000,test_eval_loss-->1.405982,test_acc===0.598039
INFO:root:epoch:483 train_eval_loss-->0.132665,train_acc-->0.997050,test_eval_loss-->1.381519,test_acc===0.627451
INFO:root:epoch:484 train_eval_loss-->0.125208,train_acc-->0.989676,test_eval_loss-->1.434311,test_acc===0.607843
INFO:root:epoch:485 train_eval_loss-->0.130265,train_acc-->0.997050,test_eval_loss-->1.423700,test_acc===0.602941
INFO:root:epoch:486 train_eval_loss-->0.109752,train_acc-->1.000000,test_eval_loss-->1.452883,test_acc===0.588235
INFO:root:epoch:487 train_eval_loss-->0.131874,train_acc-->0.998525,test_eval_loss-->1.354819,test_acc===0.637255
INFO:root:epoch:488 train_eval_loss-->0.126194,train_acc-->0.989676,test_eval_loss-->1.377151,test_acc===0.647059
INFO:root:epoch:489 train_eval_loss-->0.137321,train_acc-->0.980826,test_eval_loss-->1.341352,test_acc===0.666667
INFO:root:epoch:490 train_eval_loss-->0.129996,train_acc-->0.989676,test_eval_loss-->1.326893,test_acc===0.651961
INFO:root:epoch:491 train_eval_loss-->0.135814,train_acc-->0.986726,test_eval_loss-->1.414241,test_acc===0.588235
INFO:root:epoch:492 train_eval_loss-->0.148123,train_acc-->0.983776,test_eval_loss-->1.394680,test_acc===0.617647
INFO:root:epoch:493 train_eval_loss-->0.146055,train_acc-->0.988201,test_eval_loss-->1.400362,test_acc===0.607843
INFO:root:epoch:494 train_eval_loss-->0.172645,train_acc-->0.971976,test_eval_loss-->1.465914,test_acc===0.588235
INFO:root:epoch:495 train_eval_loss-->0.135651,train_acc-->0.988201,test_eval_loss-->1.233333,test_acc===0.696078
INFO:root:epoch:496 train_eval_loss-->0.134799,train_acc-->0.986726,test_eval_loss-->1.361025,test_acc===0.627451
INFO:root:epoch:497 train_eval_loss-->0.130388,train_acc-->0.986726,test_eval_loss-->1.390558,test_acc===0.627451
INFO:root:epoch:498 train_eval_loss-->0.146947,train_acc-->0.971976,test_eval_loss-->1.412722,test_acc===0.602941
INFO:root:epoch:499 train_eval_loss-->0.149938,train_acc-->0.988201,test_eval_loss-->1.399119,test_acc===0.598039
INFO:root:epoch:500 train_eval_loss-->0.151120,train_acc-->0.973451,test_eval_loss-->1.439212,test_acc===0.598039
INFO:root:epoch:501 train_eval_loss-->0.168385,train_acc-->0.966077,test_eval_loss-->1.371737,test_acc===0.612745
INFO:root:epoch:502 train_eval_loss-->0.133216,train_acc-->1.000000,test_eval_loss-->1.336147,test_acc===0.632353
INFO:root:epoch:503 train_eval_loss-->0.149062,train_acc-->0.988201,test_eval_loss-->1.424211,test_acc===0.602941
INFO:root:epoch:504 train_eval_loss-->0.141033,train_acc-->0.988201,test_eval_loss-->1.372242,test_acc===0.666667
INFO:root:epoch:505 train_eval_loss-->0.150663,train_acc-->0.985251,test_eval_loss-->1.391204,test_acc===0.617647
INFO:root:epoch:506 train_eval_loss-->0.159413,train_acc-->0.977876,test_eval_loss-->1.471777,test_acc===0.544118
INFO:root:epoch:507 train_eval_loss-->0.149004,train_acc-->0.980826,test_eval_loss-->1.478201,test_acc===0.578431
INFO:root:epoch:508 train_eval_loss-->0.133011,train_acc-->0.992625,test_eval_loss-->1.326164,test_acc===0.661765
INFO:root:epoch:509 train_eval_loss-->0.122603,train_acc-->0.988201,test_eval_loss-->1.349352,test_acc===0.642157
INFO:root:epoch:510 train_eval_loss-->0.118379,train_acc-->0.998525,test_eval_loss-->1.391716,test_acc===0.612745
INFO:root:epoch:511 train_eval_loss-->0.133952,train_acc-->0.977876,test_eval_loss-->1.332196,test_acc===0.627451
INFO:root:epoch:512 train_eval_loss-->0.119009,train_acc-->0.991150,test_eval_loss-->1.310430,test_acc===0.671569
INFO:root:epoch:513 train_eval_loss-->0.156364,train_acc-->0.979351,test_eval_loss-->1.387721,test_acc===0.598039
INFO:root:epoch:514 train_eval_loss-->0.142017,train_acc-->0.988201,test_eval_loss-->1.337585,test_acc===0.632353
INFO:root:epoch:515 train_eval_loss-->0.144922,train_acc-->0.991150,test_eval_loss-->1.392163,test_acc===0.598039
INFO:root:epoch:516 train_eval_loss-->0.120387,train_acc-->0.997050,test_eval_loss-->1.313529,test_acc===0.647059
INFO:root:epoch:517 train_eval_loss-->0.099713,train_acc-->0.998525,test_eval_loss-->1.269375,test_acc===0.686275
INFO:root:epoch:518 train_eval_loss-->0.104439,train_acc-->0.994100,test_eval_loss-->1.342189,test_acc===0.651961
INFO:root:epoch:519 train_eval_loss-->0.113401,train_acc-->0.991150,test_eval_loss-->1.301187,test_acc===0.632353
INFO:root:epoch:520 train_eval_loss-->0.106733,train_acc-->0.991150,test_eval_loss-->1.309217,test_acc===0.656863
INFO:root:epoch:521 train_eval_loss-->0.089095,train_acc-->1.000000,test_eval_loss-->1.315867,test_acc===0.607843
INFO:root:epoch:522 train_eval_loss-->0.086270,train_acc-->1.000000,test_eval_loss-->1.308793,test_acc===0.691176
INFO:root:epoch:523 train_eval_loss-->0.094515,train_acc-->0.998525,test_eval_loss-->1.287685,test_acc===0.661765
INFO:root:epoch:524 train_eval_loss-->0.084569,train_acc-->0.997050,test_eval_loss-->1.276491,test_acc===0.642157
INFO:root:epoch:525 train_eval_loss-->0.080742,train_acc-->1.000000,test_eval_loss-->1.287004,test_acc===0.642157
INFO:root:epoch:526 train_eval_loss-->0.070564,train_acc-->1.000000,test_eval_loss-->1.301406,test_acc===0.632353
INFO:root:epoch:527 train_eval_loss-->0.069160,train_acc-->0.997050,test_eval_loss-->1.312428,test_acc===0.647059
INFO:root:epoch:528 train_eval_loss-->0.073264,train_acc-->1.000000,test_eval_loss-->1.274637,test_acc===0.686275
INFO:root:epoch:529 train_eval_loss-->0.062475,train_acc-->0.998525,test_eval_loss-->1.306059,test_acc===0.637255
INFO:root:epoch:530 train_eval_loss-->0.059324,train_acc-->1.000000,test_eval_loss-->1.306889,test_acc===0.661765
INFO:root:epoch:531 train_eval_loss-->0.060486,train_acc-->0.997050,test_eval_loss-->1.283936,test_acc===0.651961
INFO:root:epoch:532 train_eval_loss-->0.049051,train_acc-->0.998525,test_eval_loss-->1.285114,test_acc===0.671569
INFO:root:epoch:533 train_eval_loss-->0.048613,train_acc-->1.000000,test_eval_loss-->1.244079,test_acc===0.671569
INFO:root:epoch:534 train_eval_loss-->0.042477,train_acc-->1.000000,test_eval_loss-->1.291737,test_acc===0.676471
INFO:root:epoch:535 train_eval_loss-->0.045559,train_acc-->1.000000,test_eval_loss-->1.251653,test_acc===0.681373
INFO:root:epoch:536 train_eval_loss-->0.035287,train_acc-->1.000000,test_eval_loss-->1.263872,test_acc===0.676471
INFO:root:epoch:537 train_eval_loss-->0.041640,train_acc-->0.997050,test_eval_loss-->1.272528,test_acc===0.637255
INFO:root:epoch:538 train_eval_loss-->0.030001,train_acc-->1.000000,test_eval_loss-->1.271432,test_acc===0.656863
INFO:root:epoch:539 train_eval_loss-->0.029199,train_acc-->1.000000,test_eval_loss-->1.276468,test_acc===0.666667
INFO:root:epoch:540 train_eval_loss-->0.028202,train_acc-->1.000000,test_eval_loss-->1.265968,test_acc===0.642157
INFO:root:epoch:541 train_eval_loss-->0.028654,train_acc-->1.000000,test_eval_loss-->1.259413,test_acc===0.666667
INFO:root:epoch:542 train_eval_loss-->0.026147,train_acc-->1.000000,test_eval_loss-->1.289486,test_acc===0.647059
INFO:root:epoch:543 train_eval_loss-->0.022393,train_acc-->1.000000,test_eval_loss-->1.269086,test_acc===0.651961
INFO:root:epoch:544 train_eval_loss-->0.021598,train_acc-->1.000000,test_eval_loss-->1.281799,test_acc===0.666667
INFO:root:epoch:545 train_eval_loss-->0.019496,train_acc-->1.000000,test_eval_loss-->1.277005,test_acc===0.632353
INFO:root:epoch:546 train_eval_loss-->0.016696,train_acc-->1.000000,test_eval_loss-->1.279751,test_acc===0.661765
INFO:root:epoch:547 train_eval_loss-->0.016210,train_acc-->1.000000,test_eval_loss-->1.263588,test_acc===0.642157
INFO:root:epoch:548 train_eval_loss-->0.015665,train_acc-->1.000000,test_eval_loss-->1.258579,test_acc===0.671569
INFO:root:epoch:549 train_eval_loss-->0.016539,train_acc-->1.000000,test_eval_loss-->1.249485,test_acc===0.642157
INFO:root:epoch:550 train_eval_loss-->0.016067,train_acc-->1.000000,test_eval_loss-->1.275478,test_acc===0.627451
INFO:root:epoch:551 train_eval_loss-->0.015150,train_acc-->1.000000,test_eval_loss-->1.276768,test_acc===0.651961
INFO:root:epoch:552 train_eval_loss-->0.015600,train_acc-->1.000000,test_eval_loss-->1.257434,test_acc===0.666667
INFO:root:epoch:553 train_eval_loss-->0.014647,train_acc-->1.000000,test_eval_loss-->1.271344,test_acc===0.666667
INFO:root:epoch:554 train_eval_loss-->0.016120,train_acc-->1.000000,test_eval_loss-->1.270516,test_acc===0.651961
INFO:root:epoch:555 train_eval_loss-->0.015583,train_acc-->1.000000,test_eval_loss-->1.258536,test_acc===0.647059
INFO:root:epoch:556 train_eval_loss-->0.016466,train_acc-->1.000000,test_eval_loss-->1.275665,test_acc===0.637255
INFO:root:epoch:557 train_eval_loss-->0.018333,train_acc-->1.000000,test_eval_loss-->1.283517,test_acc===0.617647
INFO:root:epoch:558 train_eval_loss-->0.018892,train_acc-->1.000000,test_eval_loss-->1.269664,test_acc===0.656863
INFO:root:epoch:559 train_eval_loss-->0.018940,train_acc-->1.000000,test_eval_loss-->1.289267,test_acc===0.622549
INFO:root:epoch:560 train_eval_loss-->0.020683,train_acc-->1.000000,test_eval_loss-->1.283070,test_acc===0.651961
INFO:root:epoch:561 train_eval_loss-->0.021892,train_acc-->1.000000,test_eval_loss-->1.272863,test_acc===0.617647
INFO:root:epoch:562 train_eval_loss-->0.022787,train_acc-->1.000000,test_eval_loss-->1.284334,test_acc===0.656863
INFO:root:epoch:563 train_eval_loss-->0.026581,train_acc-->1.000000,test_eval_loss-->1.281662,test_acc===0.661765
INFO:root:epoch:564 train_eval_loss-->0.033498,train_acc-->1.000000,test_eval_loss-->1.282810,test_acc===0.651961
INFO:root:epoch:565 train_eval_loss-->0.042429,train_acc-->1.000000,test_eval_loss-->1.293835,test_acc===0.647059
INFO:root:epoch:566 train_eval_loss-->0.043449,train_acc-->1.000000,test_eval_loss-->1.298162,test_acc===0.632353
INFO:root:epoch:567 train_eval_loss-->0.044219,train_acc-->1.000000,test_eval_loss-->1.269213,test_acc===0.686275
INFO:root:epoch:568 train_eval_loss-->0.047405,train_acc-->1.000000,test_eval_loss-->1.297579,test_acc===0.661765
INFO:root:epoch:569 train_eval_loss-->0.048452,train_acc-->1.000000,test_eval_loss-->1.281754,test_acc===0.651961
INFO:root:epoch:570 train_eval_loss-->0.050680,train_acc-->1.000000,test_eval_loss-->1.256944,test_acc===0.637255
INFO:root:epoch:571 train_eval_loss-->0.053596,train_acc-->1.000000,test_eval_loss-->1.255774,test_acc===0.671569
INFO:root:epoch:572 train_eval_loss-->0.057765,train_acc-->1.000000,test_eval_loss-->1.308770,test_acc===0.656863
INFO:root:epoch:573 train_eval_loss-->0.056838,train_acc-->1.000000,test_eval_loss-->1.307212,test_acc===0.656863
INFO:root:epoch:574 train_eval_loss-->0.081299,train_acc-->0.997050,test_eval_loss-->1.310284,test_acc===0.661765
INFO:root:epoch:575 train_eval_loss-->0.082400,train_acc-->1.000000,test_eval_loss-->1.344659,test_acc===0.588235
INFO:root:epoch:576 train_eval_loss-->0.102563,train_acc-->1.000000,test_eval_loss-->1.339702,test_acc===0.647059
INFO:root:epoch:577 train_eval_loss-->0.089307,train_acc-->1.000000,test_eval_loss-->1.289398,test_acc===0.651961
INFO:root:epoch:578 train_eval_loss-->0.073365,train_acc-->1.000000,test_eval_loss-->1.304632,test_acc===0.656863
INFO:root:epoch:579 train_eval_loss-->0.080251,train_acc-->1.000000,test_eval_loss-->1.365779,test_acc===0.637255
INFO:root:epoch:580 train_eval_loss-->0.103066,train_acc-->1.000000,test_eval_loss-->1.305608,test_acc===0.666667
INFO:root:epoch:581 train_eval_loss-->0.083945,train_acc-->1.000000,test_eval_loss-->1.325614,test_acc===0.647059
INFO:root:epoch:582 train_eval_loss-->0.110352,train_acc-->0.994100,test_eval_loss-->1.300660,test_acc===0.671569
INFO:root:epoch:583 train_eval_loss-->0.103984,train_acc-->0.997050,test_eval_loss-->1.325765,test_acc===0.617647
INFO:root:epoch:584 train_eval_loss-->0.106300,train_acc-->0.995575,test_eval_loss-->1.293614,test_acc===0.656863
INFO:root:epoch:585 train_eval_loss-->0.120473,train_acc-->0.998525,test_eval_loss-->1.388529,test_acc===0.598039
INFO:root:epoch:586 train_eval_loss-->0.137998,train_acc-->0.982301,test_eval_loss-->1.307907,test_acc===0.676471
INFO:root:epoch:587 train_eval_loss-->0.121754,train_acc-->0.995575,test_eval_loss-->1.325768,test_acc===0.617647
INFO:root:epoch:588 train_eval_loss-->0.146821,train_acc-->0.977876,test_eval_loss-->1.542646,test_acc===0.500000
INFO:root:epoch:589 train_eval_loss-->0.158651,train_acc-->0.964602,test_eval_loss-->1.318889,test_acc===0.656863
INFO:root:epoch:590 train_eval_loss-->0.116923,train_acc-->0.997050,test_eval_loss-->1.325129,test_acc===0.632353
INFO:root:epoch:591 train_eval_loss-->0.145678,train_acc-->0.992625,test_eval_loss-->1.283222,test_acc===0.686275
INFO:root:epoch:592 train_eval_loss-->0.163102,train_acc-->0.982301,test_eval_loss-->1.281854,test_acc===0.696078
INFO:root:epoch:593 train_eval_loss-->0.133944,train_acc-->0.989676,test_eval_loss-->1.413503,test_acc===0.593137
INFO:root:epoch:594 train_eval_loss-->0.130477,train_acc-->0.992625,test_eval_loss-->1.371997,test_acc===0.651961
INFO:root:epoch:595 train_eval_loss-->0.134814,train_acc-->0.992625,test_eval_loss-->1.314146,test_acc===0.647059
INFO:root:epoch:596 train_eval_loss-->0.136101,train_acc-->0.983776,test_eval_loss-->1.358884,test_acc===0.598039
INFO:root:epoch:597 train_eval_loss-->0.143593,train_acc-->0.983776,test_eval_loss-->1.384741,test_acc===0.637255
INFO:root:epoch:598 train_eval_loss-->0.127911,train_acc-->0.985251,test_eval_loss-->1.310027,test_acc===0.661765
INFO:root:epoch:599 train_eval_loss-->0.168285,train_acc-->0.976401,test_eval_loss-->1.498732,test_acc===0.568627
INFO:root:epoch:600 train_eval_loss-->0.200721,train_acc-->0.935103,test_eval_loss-->1.362591,test_acc===0.637255
INFO:root:epoch:601 train_eval_loss-->0.125708,train_acc-->0.991150,test_eval_loss-->1.248857,test_acc===0.686275
INFO:root:epoch:602 train_eval_loss-->0.138666,train_acc-->0.986726,test_eval_loss-->1.351752,test_acc===0.656863
INFO:root:epoch:603 train_eval_loss-->0.136645,train_acc-->0.989676,test_eval_loss-->1.390142,test_acc===0.622549
INFO:root:epoch:604 train_eval_loss-->0.139406,train_acc-->0.986726,test_eval_loss-->1.275549,test_acc===0.661765
INFO:root:epoch:605 train_eval_loss-->0.147757,train_acc-->0.974926,test_eval_loss-->1.375087,test_acc===0.637255
INFO:root:epoch:606 train_eval_loss-->0.194778,train_acc-->0.936578,test_eval_loss-->1.326134,test_acc===0.681373
INFO:root:epoch:607 train_eval_loss-->0.146919,train_acc-->0.976401,test_eval_loss-->1.365678,test_acc===0.637255
INFO:root:epoch:608 train_eval_loss-->0.147583,train_acc-->0.988201,test_eval_loss-->1.381410,test_acc===0.632353
INFO:root:epoch:609 train_eval_loss-->0.152028,train_acc-->0.983776,test_eval_loss-->1.497486,test_acc===0.549020
INFO:root:epoch:610 train_eval_loss-->0.155069,train_acc-->0.980826,test_eval_loss-->1.341698,test_acc===0.642157
INFO:root:epoch:611 train_eval_loss-->0.122683,train_acc-->0.992625,test_eval_loss-->1.343347,test_acc===0.651961
INFO:root:epoch:612 train_eval_loss-->0.117291,train_acc-->0.994100,test_eval_loss-->1.295591,test_acc===0.651961
INFO:root:epoch:613 train_eval_loss-->0.103549,train_acc-->0.998525,test_eval_loss-->1.346147,test_acc===0.647059
INFO:root:epoch:614 train_eval_loss-->0.107436,train_acc-->0.997050,test_eval_loss-->1.355036,test_acc===0.642157
INFO:root:epoch:615 train_eval_loss-->0.096529,train_acc-->1.000000,test_eval_loss-->1.314575,test_acc===0.651961
INFO:root:epoch:616 train_eval_loss-->0.095144,train_acc-->0.998525,test_eval_loss-->1.369892,test_acc===0.578431
INFO:root:epoch:617 train_eval_loss-->0.098811,train_acc-->0.995575,test_eval_loss-->1.330764,test_acc===0.642157
INFO:root:epoch:618 train_eval_loss-->0.096760,train_acc-->0.995575,test_eval_loss-->1.314979,test_acc===0.632353
INFO:root:epoch:619 train_eval_loss-->0.114414,train_acc-->0.986726,test_eval_loss-->1.301476,test_acc===0.637255
INFO:root:epoch:620 train_eval_loss-->0.097623,train_acc-->0.994100,test_eval_loss-->1.337113,test_acc===0.642157
INFO:root:epoch:621 train_eval_loss-->0.081484,train_acc-->1.000000,test_eval_loss-->1.397117,test_acc===0.617647
INFO:root:epoch:622 train_eval_loss-->0.089959,train_acc-->0.997050,test_eval_loss-->1.303455,test_acc===0.632353
INFO:root:epoch:623 train_eval_loss-->0.093506,train_acc-->1.000000,test_eval_loss-->1.249230,test_acc===0.686275
INFO:root:epoch:624 train_eval_loss-->0.080354,train_acc-->0.998525,test_eval_loss-->1.268868,test_acc===0.676471
INFO:root:epoch:625 train_eval_loss-->0.080343,train_acc-->1.000000,test_eval_loss-->1.338193,test_acc===0.642157
INFO:root:epoch:626 train_eval_loss-->0.074287,train_acc-->0.997050,test_eval_loss-->1.308026,test_acc===0.627451
INFO:root:epoch:627 train_eval_loss-->0.070387,train_acc-->1.000000,test_eval_loss-->1.279745,test_acc===0.671569
INFO:root:epoch:628 train_eval_loss-->0.077186,train_acc-->1.000000,test_eval_loss-->1.299935,test_acc===0.656863
INFO:root:epoch:629 train_eval_loss-->0.069195,train_acc-->1.000000,test_eval_loss-->1.284489,test_acc===0.647059
INFO:root:epoch:630 train_eval_loss-->0.053992,train_acc-->1.000000,test_eval_loss-->1.304322,test_acc===0.647059
INFO:root:epoch:631 train_eval_loss-->0.056241,train_acc-->1.000000,test_eval_loss-->1.249561,test_acc===0.671569
INFO:root:epoch:632 train_eval_loss-->0.044160,train_acc-->1.000000,test_eval_loss-->1.310170,test_acc===0.637255
INFO:root:epoch:633 train_eval_loss-->0.039602,train_acc-->1.000000,test_eval_loss-->1.267479,test_acc===0.661765
INFO:root:epoch:634 train_eval_loss-->0.039528,train_acc-->1.000000,test_eval_loss-->1.306749,test_acc===0.637255
INFO:root:epoch:635 train_eval_loss-->0.040656,train_acc-->1.000000,test_eval_loss-->1.249388,test_acc===0.637255
INFO:root:epoch:636 train_eval_loss-->0.034829,train_acc-->1.000000,test_eval_loss-->1.265929,test_acc===0.666667
INFO:root:epoch:637 train_eval_loss-->0.032188,train_acc-->1.000000,test_eval_loss-->1.248323,test_acc===0.661765
INFO:root:epoch:638 train_eval_loss-->0.035088,train_acc-->1.000000,test_eval_loss-->1.273105,test_acc===0.656863
INFO:root:epoch:639 train_eval_loss-->0.025907,train_acc-->1.000000,test_eval_loss-->1.266709,test_acc===0.681373
INFO:root:epoch:640 train_eval_loss-->0.023094,train_acc-->1.000000,test_eval_loss-->1.283262,test_acc===0.642157
INFO:root:epoch:641 train_eval_loss-->0.022652,train_acc-->1.000000,test_eval_loss-->1.267252,test_acc===0.656863
INFO:root:epoch:642 train_eval_loss-->0.022035,train_acc-->1.000000,test_eval_loss-->1.289201,test_acc===0.647059
INFO:root:epoch:643 train_eval_loss-->0.019927,train_acc-->1.000000,test_eval_loss-->1.274303,test_acc===0.642157
INFO:root:epoch:644 train_eval_loss-->0.017668,train_acc-->1.000000,test_eval_loss-->1.245335,test_acc===0.676471
INFO:root:epoch:645 train_eval_loss-->0.015987,train_acc-->1.000000,test_eval_loss-->1.281743,test_acc===0.647059
INFO:root:epoch:646 train_eval_loss-->0.014553,train_acc-->1.000000,test_eval_loss-->1.258142,test_acc===0.666667
INFO:root:epoch:647 train_eval_loss-->0.014856,train_acc-->1.000000,test_eval_loss-->1.298205,test_acc===0.637255
INFO:root:epoch:648 train_eval_loss-->0.013760,train_acc-->1.000000,test_eval_loss-->1.298460,test_acc===0.642157
INFO:root:epoch:649 train_eval_loss-->0.013160,train_acc-->1.000000,test_eval_loss-->1.283462,test_acc===0.656863
INFO:root:epoch:650 train_eval_loss-->0.013187,train_acc-->1.000000,test_eval_loss-->1.262772,test_acc===0.666667
INFO:root:epoch:651 train_eval_loss-->0.012813,train_acc-->1.000000,test_eval_loss-->1.293704,test_acc===0.651961
INFO:root:epoch:652 train_eval_loss-->0.012910,train_acc-->1.000000,test_eval_loss-->1.276177,test_acc===0.651961
INFO:root:epoch:653 train_eval_loss-->0.012372,train_acc-->1.000000,test_eval_loss-->1.275441,test_acc===0.661765
INFO:root:epoch:654 train_eval_loss-->0.012431,train_acc-->1.000000,test_eval_loss-->1.274204,test_acc===0.651961
INFO:root:epoch:655 train_eval_loss-->0.013863,train_acc-->1.000000,test_eval_loss-->1.263548,test_acc===0.666667
INFO:root:epoch:656 train_eval_loss-->0.013517,train_acc-->1.000000,test_eval_loss-->1.288830,test_acc===0.642157
INFO:root:epoch:657 train_eval_loss-->0.015156,train_acc-->1.000000,test_eval_loss-->1.295869,test_acc===0.647059
INFO:root:epoch:658 train_eval_loss-->0.015667,train_acc-->1.000000,test_eval_loss-->1.246243,test_acc===0.651961
INFO:root:epoch:659 train_eval_loss-->0.016052,train_acc-->1.000000,test_eval_loss-->1.245470,test_acc===0.666667
INFO:root:epoch:660 train_eval_loss-->0.018695,train_acc-->1.000000,test_eval_loss-->1.248389,test_acc===0.671569
INFO:root:epoch:661 train_eval_loss-->0.019180,train_acc-->1.000000,test_eval_loss-->1.250092,test_acc===0.671569
INFO:root:epoch:662 train_eval_loss-->0.022999,train_acc-->1.000000,test_eval_loss-->1.247463,test_acc===0.681373
INFO:root:epoch:663 train_eval_loss-->0.029026,train_acc-->1.000000,test_eval_loss-->1.288816,test_acc===0.637255
INFO:root:epoch:664 train_eval_loss-->0.025306,train_acc-->1.000000,test_eval_loss-->1.263098,test_acc===0.647059
INFO:root:epoch:665 train_eval_loss-->0.031478,train_acc-->1.000000,test_eval_loss-->1.287692,test_acc===0.671569
INFO:root:epoch:666 train_eval_loss-->0.039016,train_acc-->1.000000,test_eval_loss-->1.330055,test_acc===0.661765
INFO:root:epoch:667 train_eval_loss-->0.043124,train_acc-->1.000000,test_eval_loss-->1.279245,test_acc===0.666667
INFO:root:epoch:668 train_eval_loss-->0.035674,train_acc-->1.000000,test_eval_loss-->1.254985,test_acc===0.656863
INFO:root:epoch:669 train_eval_loss-->0.042697,train_acc-->1.000000,test_eval_loss-->1.276720,test_acc===0.647059
INFO:root:epoch:670 train_eval_loss-->0.051201,train_acc-->1.000000,test_eval_loss-->1.333693,test_acc===0.627451
INFO:root:epoch:671 train_eval_loss-->0.049001,train_acc-->1.000000,test_eval_loss-->1.260118,test_acc===0.676471
INFO:root:epoch:672 train_eval_loss-->0.051110,train_acc-->1.000000,test_eval_loss-->1.314509,test_acc===0.647059
INFO:root:epoch:673 train_eval_loss-->0.060060,train_acc-->1.000000,test_eval_loss-->1.355037,test_acc===0.647059
INFO:root:epoch:674 train_eval_loss-->0.065725,train_acc-->1.000000,test_eval_loss-->1.272949,test_acc===0.656863
INFO:root:epoch:675 train_eval_loss-->0.065430,train_acc-->1.000000,test_eval_loss-->1.259167,test_acc===0.705882
INFO:root:epoch:676 train_eval_loss-->0.072904,train_acc-->0.997050,test_eval_loss-->1.490659,test_acc===0.558824
INFO:root:epoch:677 train_eval_loss-->0.131717,train_acc-->0.991150,test_eval_loss-->1.346575,test_acc===0.642157
INFO:root:epoch:678 train_eval_loss-->0.098171,train_acc-->1.000000,test_eval_loss-->1.323277,test_acc===0.647059
INFO:root:epoch:679 train_eval_loss-->0.092677,train_acc-->1.000000,test_eval_loss-->1.343735,test_acc===0.627451
INFO:root:epoch:680 train_eval_loss-->0.087493,train_acc-->1.000000,test_eval_loss-->1.305682,test_acc===0.686275
INFO:root:epoch:681 train_eval_loss-->0.093622,train_acc-->1.000000,test_eval_loss-->1.410533,test_acc===0.617647
INFO:root:epoch:682 train_eval_loss-->0.106952,train_acc-->0.992625,test_eval_loss-->1.366908,test_acc===0.637255
INFO:root:epoch:683 train_eval_loss-->0.129242,train_acc-->0.986726,test_eval_loss-->1.342947,test_acc===0.661765
INFO:root:epoch:684 train_eval_loss-->0.159824,train_acc-->0.980826,test_eval_loss-->1.371607,test_acc===0.622549
INFO:root:epoch:685 train_eval_loss-->0.108855,train_acc-->0.998525,test_eval_loss-->1.368658,test_acc===0.637255
INFO:root:epoch:686 train_eval_loss-->0.110042,train_acc-->1.000000,test_eval_loss-->1.303399,test_acc===0.656863
INFO:root:epoch:687 train_eval_loss-->0.093009,train_acc-->1.000000,test_eval_loss-->1.298988,test_acc===0.661765
INFO:root:epoch:688 train_eval_loss-->0.108055,train_acc-->0.998525,test_eval_loss-->1.258309,test_acc===0.671569
INFO:root:epoch:689 train_eval_loss-->0.110129,train_acc-->0.997050,test_eval_loss-->1.254524,test_acc===0.686275
INFO:root:epoch:690 train_eval_loss-->0.127317,train_acc-->0.997050,test_eval_loss-->1.317006,test_acc===0.651961
INFO:root:epoch:691 train_eval_loss-->0.113191,train_acc-->0.991150,test_eval_loss-->1.342591,test_acc===0.627451
INFO:root:epoch:692 train_eval_loss-->0.117312,train_acc-->0.994100,test_eval_loss-->1.368687,test_acc===0.661765
INFO:root:epoch:693 train_eval_loss-->0.122183,train_acc-->0.995575,test_eval_loss-->1.378458,test_acc===0.622549
INFO:root:epoch:694 train_eval_loss-->0.124505,train_acc-->0.989676,test_eval_loss-->1.385727,test_acc===0.622549
INFO:root:epoch:695 train_eval_loss-->0.124929,train_acc-->0.992625,test_eval_loss-->1.337711,test_acc===0.637255
INFO:root:epoch:696 train_eval_loss-->0.117440,train_acc-->1.000000,test_eval_loss-->1.346601,test_acc===0.647059
INFO:root:epoch:697 train_eval_loss-->0.113255,train_acc-->0.997050,test_eval_loss-->1.329759,test_acc===0.671569
INFO:root:epoch:698 train_eval_loss-->0.133649,train_acc-->0.994100,test_eval_loss-->1.481571,test_acc===0.588235
INFO:root:epoch:699 train_eval_loss-->0.139245,train_acc-->0.986726,test_eval_loss-->1.388524,test_acc===0.598039
INFO:root:epoch:700 train_eval_loss-->0.147984,train_acc-->0.994100,test_eval_loss-->1.406915,test_acc===0.578431
INFO:root:epoch:701 train_eval_loss-->0.126547,train_acc-->0.989676,test_eval_loss-->1.439139,test_acc===0.617647
INFO:root:epoch:702 train_eval_loss-->0.141616,train_acc-->0.989676,test_eval_loss-->1.305929,test_acc===0.656863
INFO:root:epoch:703 train_eval_loss-->0.129828,train_acc-->0.985251,test_eval_loss-->1.361461,test_acc===0.656863
INFO:root:epoch:704 train_eval_loss-->0.133594,train_acc-->0.991150,test_eval_loss-->1.275164,test_acc===0.656863
INFO:root:epoch:705 train_eval_loss-->0.128244,train_acc-->0.995575,test_eval_loss-->1.312162,test_acc===0.666667
INFO:root:epoch:706 train_eval_loss-->0.115420,train_acc-->0.995575,test_eval_loss-->1.328495,test_acc===0.666667
INFO:root:epoch:707 train_eval_loss-->0.114318,train_acc-->0.994100,test_eval_loss-->1.408640,test_acc===0.612745
INFO:root:epoch:708 train_eval_loss-->0.127535,train_acc-->0.997050,test_eval_loss-->1.266437,test_acc===0.651961
INFO:root:epoch:709 train_eval_loss-->0.120450,train_acc-->0.994100,test_eval_loss-->1.278357,test_acc===0.671569
INFO:root:epoch:710 train_eval_loss-->0.115503,train_acc-->0.998525,test_eval_loss-->1.347157,test_acc===0.632353
INFO:root:epoch:711 train_eval_loss-->0.115500,train_acc-->0.985251,test_eval_loss-->1.330302,test_acc===0.651961
INFO:root:epoch:712 train_eval_loss-->0.121561,train_acc-->1.000000,test_eval_loss-->1.304574,test_acc===0.651961
INFO:root:epoch:713 train_eval_loss-->0.115839,train_acc-->0.998525,test_eval_loss-->1.309146,test_acc===0.651961
INFO:root:epoch:714 train_eval_loss-->0.098076,train_acc-->0.997050,test_eval_loss-->1.351800,test_acc===0.651961
INFO:root:epoch:715 train_eval_loss-->0.097444,train_acc-->1.000000,test_eval_loss-->1.350365,test_acc===0.632353
INFO:root:epoch:716 train_eval_loss-->0.104533,train_acc-->0.989676,test_eval_loss-->1.386644,test_acc===0.622549
INFO:root:epoch:717 train_eval_loss-->0.153775,train_acc-->0.982301,test_eval_loss-->1.347885,test_acc===0.632353
INFO:root:epoch:718 train_eval_loss-->0.117402,train_acc-->0.998525,test_eval_loss-->1.329121,test_acc===0.651961
INFO:root:epoch:719 train_eval_loss-->0.091939,train_acc-->0.998525,test_eval_loss-->1.418378,test_acc===0.573529
INFO:root:epoch:720 train_eval_loss-->0.115524,train_acc-->0.994100,test_eval_loss-->1.286986,test_acc===0.666667
INFO:root:epoch:721 train_eval_loss-->0.087655,train_acc-->0.991150,test_eval_loss-->1.304391,test_acc===0.642157
INFO:root:epoch:722 train_eval_loss-->0.081916,train_acc-->0.994100,test_eval_loss-->1.301998,test_acc===0.671569
INFO:root:epoch:723 train_eval_loss-->0.072308,train_acc-->0.997050,test_eval_loss-->1.277077,test_acc===0.671569
INFO:root:epoch:724 train_eval_loss-->0.069751,train_acc-->1.000000,test_eval_loss-->1.280339,test_acc===0.661765
INFO:root:epoch:725 train_eval_loss-->0.065531,train_acc-->1.000000,test_eval_loss-->1.326443,test_acc===0.671569
INFO:root:epoch:726 train_eval_loss-->0.063665,train_acc-->1.000000,test_eval_loss-->1.313575,test_acc===0.632353
INFO:root:epoch:727 train_eval_loss-->0.069771,train_acc-->0.991150,test_eval_loss-->1.298705,test_acc===0.651961
INFO:root:epoch:728 train_eval_loss-->0.064003,train_acc-->1.000000,test_eval_loss-->1.353141,test_acc===0.627451
INFO:root:epoch:729 train_eval_loss-->0.067322,train_acc-->0.994100,test_eval_loss-->1.274794,test_acc===0.671569
INFO:root:epoch:730 train_eval_loss-->0.052830,train_acc-->1.000000,test_eval_loss-->1.291048,test_acc===0.671569
INFO:root:epoch:731 train_eval_loss-->0.047361,train_acc-->1.000000,test_eval_loss-->1.300921,test_acc===0.637255
INFO:root:epoch:732 train_eval_loss-->0.046655,train_acc-->1.000000,test_eval_loss-->1.263638,test_acc===0.651961
INFO:root:epoch:733 train_eval_loss-->0.039235,train_acc-->1.000000,test_eval_loss-->1.281120,test_acc===0.647059
INFO:root:epoch:734 train_eval_loss-->0.035898,train_acc-->1.000000,test_eval_loss-->1.280879,test_acc===0.666667
INFO:root:epoch:735 train_eval_loss-->0.033374,train_acc-->1.000000,test_eval_loss-->1.257420,test_acc===0.681373
INFO:root:epoch:736 train_eval_loss-->0.033198,train_acc-->1.000000,test_eval_loss-->1.295235,test_acc===0.632353
INFO:root:epoch:737 train_eval_loss-->0.027437,train_acc-->1.000000,test_eval_loss-->1.279706,test_acc===0.671569
INFO:root:epoch:738 train_eval_loss-->0.024862,train_acc-->1.000000,test_eval_loss-->1.281236,test_acc===0.661765
INFO:root:epoch:739 train_eval_loss-->0.022112,train_acc-->1.000000,test_eval_loss-->1.279623,test_acc===0.661765
INFO:root:epoch:740 train_eval_loss-->0.020883,train_acc-->1.000000,test_eval_loss-->1.264657,test_acc===0.666667
INFO:root:epoch:741 train_eval_loss-->0.019236,train_acc-->1.000000,test_eval_loss-->1.283488,test_acc===0.637255
INFO:root:epoch:742 train_eval_loss-->0.018614,train_acc-->1.000000,test_eval_loss-->1.279202,test_acc===0.656863
INFO:root:epoch:743 train_eval_loss-->0.015925,train_acc-->1.000000,test_eval_loss-->1.271767,test_acc===0.666667
INFO:root:epoch:744 train_eval_loss-->0.015950,train_acc-->1.000000,test_eval_loss-->1.261353,test_acc===0.647059
INFO:root:epoch:745 train_eval_loss-->0.013684,train_acc-->1.000000,test_eval_loss-->1.269674,test_acc===0.651961
INFO:root:epoch:746 train_eval_loss-->0.012520,train_acc-->1.000000,test_eval_loss-->1.260821,test_acc===0.642157
INFO:root:epoch:747 train_eval_loss-->0.013273,train_acc-->1.000000,test_eval_loss-->1.254641,test_acc===0.681373
INFO:root:epoch:748 train_eval_loss-->0.011523,train_acc-->1.000000,test_eval_loss-->1.284078,test_acc===0.642157
INFO:root:epoch:749 train_eval_loss-->0.011272,train_acc-->1.000000,test_eval_loss-->1.257915,test_acc===0.681373
INFO:root:epoch:750 train_eval_loss-->0.010881,train_acc-->1.000000,test_eval_loss-->1.255515,test_acc===0.656863
INFO:root:epoch:751 train_eval_loss-->0.010919,train_acc-->1.000000,test_eval_loss-->1.285918,test_acc===0.656863
INFO:root:epoch:752 train_eval_loss-->0.011061,train_acc-->1.000000,test_eval_loss-->1.266132,test_acc===0.661765
INFO:root:epoch:753 train_eval_loss-->0.011558,train_acc-->1.000000,test_eval_loss-->1.266561,test_acc===0.671569
INFO:root:epoch:754 train_eval_loss-->0.010851,train_acc-->1.000000,test_eval_loss-->1.259318,test_acc===0.642157
INFO:root:epoch:755 train_eval_loss-->0.011626,train_acc-->1.000000,test_eval_loss-->1.277578,test_acc===0.681373
INFO:root:epoch:756 train_eval_loss-->0.011401,train_acc-->1.000000,test_eval_loss-->1.281128,test_acc===0.651961
INFO:root:epoch:757 train_eval_loss-->0.012869,train_acc-->1.000000,test_eval_loss-->1.263091,test_acc===0.676471
INFO:root:epoch:758 train_eval_loss-->0.015672,train_acc-->1.000000,test_eval_loss-->1.295636,test_acc===0.656863
INFO:root:epoch:759 train_eval_loss-->0.014982,train_acc-->1.000000,test_eval_loss-->1.299338,test_acc===0.656863
INFO:root:epoch:760 train_eval_loss-->0.016901,train_acc-->1.000000,test_eval_loss-->1.293483,test_acc===0.651961
INFO:root:epoch:761 train_eval_loss-->0.020618,train_acc-->1.000000,test_eval_loss-->1.270625,test_acc===0.666667
INFO:root:epoch:762 train_eval_loss-->0.019979,train_acc-->1.000000,test_eval_loss-->1.286209,test_acc===0.637255
INFO:root:epoch:763 train_eval_loss-->0.021008,train_acc-->1.000000,test_eval_loss-->1.308413,test_acc===0.671569
INFO:root:epoch:764 train_eval_loss-->0.023818,train_acc-->1.000000,test_eval_loss-->1.267472,test_acc===0.666667
INFO:root:epoch:765 train_eval_loss-->0.027547,train_acc-->1.000000,test_eval_loss-->1.279420,test_acc===0.637255
INFO:root:epoch:766 train_eval_loss-->0.034069,train_acc-->1.000000,test_eval_loss-->1.286338,test_acc===0.642157
INFO:root:epoch:767 train_eval_loss-->0.036955,train_acc-->1.000000,test_eval_loss-->1.283011,test_acc===0.656863
INFO:root:epoch:768 train_eval_loss-->0.043766,train_acc-->1.000000,test_eval_loss-->1.279197,test_acc===0.656863
INFO:root:epoch:769 train_eval_loss-->0.046684,train_acc-->0.998525,test_eval_loss-->1.277992,test_acc===0.681373
INFO:root:epoch:770 train_eval_loss-->0.046818,train_acc-->1.000000,test_eval_loss-->1.282685,test_acc===0.676471
INFO:root:epoch:771 train_eval_loss-->0.054060,train_acc-->1.000000,test_eval_loss-->1.282803,test_acc===0.666667
INFO:root:epoch:772 train_eval_loss-->0.057975,train_acc-->1.000000,test_eval_loss-->1.285510,test_acc===0.651961
INFO:root:epoch:773 train_eval_loss-->0.055180,train_acc-->1.000000,test_eval_loss-->1.300926,test_acc===0.671569
INFO:root:epoch:774 train_eval_loss-->0.055316,train_acc-->1.000000,test_eval_loss-->1.257836,test_acc===0.671569
INFO:root:epoch:775 train_eval_loss-->0.061154,train_acc-->1.000000,test_eval_loss-->1.275513,test_acc===0.671569
INFO:root:epoch:776 train_eval_loss-->0.073645,train_acc-->1.000000,test_eval_loss-->1.297832,test_acc===0.642157
INFO:root:epoch:777 train_eval_loss-->0.068503,train_acc-->0.998525,test_eval_loss-->1.309011,test_acc===0.647059
INFO:root:epoch:778 train_eval_loss-->0.071143,train_acc-->0.997050,test_eval_loss-->1.293435,test_acc===0.676471
INFO:root:epoch:779 train_eval_loss-->0.070623,train_acc-->1.000000,test_eval_loss-->1.276486,test_acc===0.681373
INFO:root:epoch:780 train_eval_loss-->0.083531,train_acc-->0.998525,test_eval_loss-->1.344995,test_acc===0.607843
INFO:root:epoch:781 train_eval_loss-->0.072467,train_acc-->1.000000,test_eval_loss-->1.296802,test_acc===0.681373
INFO:root:epoch:782 train_eval_loss-->0.086560,train_acc-->1.000000,test_eval_loss-->1.312746,test_acc===0.661765
INFO:root:epoch:783 train_eval_loss-->0.086446,train_acc-->0.998525,test_eval_loss-->1.278551,test_acc===0.666667
INFO:root:epoch:784 train_eval_loss-->0.084690,train_acc-->1.000000,test_eval_loss-->1.354536,test_acc===0.637255
INFO:root:epoch:785 train_eval_loss-->0.090789,train_acc-->1.000000,test_eval_loss-->1.353639,test_acc===0.642157
INFO:root:epoch:786 train_eval_loss-->0.113073,train_acc-->0.989676,test_eval_loss-->1.297779,test_acc===0.642157
INFO:root:epoch:787 train_eval_loss-->0.126075,train_acc-->0.992625,test_eval_loss-->1.291320,test_acc===0.686275
INFO:root:epoch:788 train_eval_loss-->0.128762,train_acc-->0.994100,test_eval_loss-->1.385746,test_acc===0.612745
INFO:root:epoch:789 train_eval_loss-->0.119496,train_acc-->1.000000,test_eval_loss-->1.286155,test_acc===0.666667
INFO:root:epoch:790 train_eval_loss-->0.127225,train_acc-->0.994100,test_eval_loss-->1.354440,test_acc===0.612745
INFO:root:epoch:791 train_eval_loss-->0.122684,train_acc-->0.988201,test_eval_loss-->1.363998,test_acc===0.607843
INFO:root:epoch:792 train_eval_loss-->0.129212,train_acc-->0.980826,test_eval_loss-->1.453252,test_acc===0.622549
INFO:root:epoch:793 train_eval_loss-->0.121001,train_acc-->0.995575,test_eval_loss-->1.360024,test_acc===0.627451
INFO:root:epoch:794 train_eval_loss-->0.117886,train_acc-->0.992625,test_eval_loss-->1.286214,test_acc===0.671569
INFO:root:epoch:795 train_eval_loss-->0.129645,train_acc-->0.983776,test_eval_loss-->1.343343,test_acc===0.651961
INFO:root:epoch:796 train_eval_loss-->0.123575,train_acc-->0.986726,test_eval_loss-->1.390231,test_acc===0.637255
INFO:root:epoch:797 train_eval_loss-->0.108575,train_acc-->0.998525,test_eval_loss-->1.331353,test_acc===0.661765
INFO:root:epoch:798 train_eval_loss-->0.129502,train_acc-->0.992625,test_eval_loss-->1.383573,test_acc===0.627451
INFO:root:epoch:799 train_eval_loss-->0.117552,train_acc-->0.994100,test_eval_loss-->1.335823,test_acc===0.642157
INFO:root:the best test acc===0.705882
