2023-12-05 19:56:33 - #----------Config info----------#
2023-12-05 19:56:33 - network: Pointneted_plus,
2023-12-05 19:56:33 - data_path: /media/yxz/新加卷/teeth_ct_points/CT3Dpoints/,
2023-12-05 19:56:33 - label_path: /media/yxz/新加卷/teeth_ct_points/CT3Dpoints/三维坐标表格.xlsx,
2023-12-05 19:56:33 - pretrained_path: ./pre_trained/,
2023-12-05 19:56:33 - cfg: [32, 64, 128, 256, 512, 128, 256, 128, 64, 32, 16],
2023-12-05 19:56:33 - num_classes: 6,
2023-12-05 19:56:33 - input_size_h: 512,
2023-12-05 19:56:33 - input_size_w: 512,
2023-12-05 19:56:33 - input_channels: 64,
2023-12-05 19:56:33 - distributed: False,
2023-12-05 19:56:33 - local_rank: -1,
2023-12-05 19:56:33 - num_workers: 4,
2023-12-05 19:56:33 - seed: 42,
2023-12-05 19:56:33 - world_size: None,
2023-12-05 19:56:33 - rank: None,
2023-12-05 19:56:33 - amp: False,
2023-12-05 19:56:33 - l2_lambda: 0.01,
2023-12-05 19:56:33 - gpu_id: 0,
2023-12-05 19:56:33 - batch_size: 3,
2023-12-05 19:56:33 - val_bs: 1,
2023-12-05 19:56:33 - epochs: 800,
2023-12-05 19:56:33 - deep_supervision: True,
2023-12-05 19:56:33 - tailadd: True,
2023-12-05 19:56:33 - threshold: 8.660254037844387,
2023-12-05 19:56:33 - rand_data: False,
2023-12-05 19:56:33 - mean_common: False,
2023-12-05 19:56:33 - horizontal_flip: True,
2023-12-05 19:56:33 - train_mean: [38.167084, 36.47113, 35.658463, 34.7275, 34.397972, 34.392757, 33.96709, 34.126865, 34.28234, 33.729267, 32.7962, 32.064926, 31.681631, 31.124203, 30.844501, 31.361849, 32.73974, 34.215652, 36.648277, 38.611458, 40.539837, 42.120747, 43.28669, 44.45494, 45.614132, 46.21989, 47.45023, 48.500004, 49.44821, 50.419426, 52.140045, 53.649082, 54.722622, 55.427254, 55.996006, 56.55678, 57.03274, 56.78339, 56.16994, 56.052105, 56.084873, 55.73664, 55.51461, 54.455627, 53.19349, 51.708523, 50.496777, 48.39798, 46.618237],
2023-12-05 19:56:33 - train_std: [52.12329, 51.107494, 50.941055, 50.223755, 50.00628, 50.154346, 49.390217, 49.584064, 49.46689, 48.635002, 46.955963, 45.86415, 45.254314, 44.008198, 43.081245, 43.15782, 44.181343, 45.16833, 47.433487, 48.60615, 50.44894, 51.635715, 52.542904, 53.638527, 54.554443, 54.860928, 55.634895, 56.127644, 56.314377, 56.52658, 57.31575, 57.992775, 58.40813, 58.65052, 58.6726, 58.786034, 59.043797, 59.15101, 58.878242, 59.1303, 59.565495, 59.95643, 60.605595, 60.74457, 60.784153, 60.811424, 61.18004, 60.75567, 60.8064],
2023-12-05 19:56:33 - val_mean: [39.743374, 38.122738, 37.19561, 35.71686, 35.202812, 34.790627, 34.621647, 34.678947, 34.44854, 33.327152, 32.52173, 31.267305, 30.603254, 30.013475, 29.536041, 30.480452, 31.952286, 33.71057, 36.010574, 38.201912, 39.313183, 42.94376, 44.53766, 45.518337, 46.94797, 46.58542, 47.49811, 48.238167, 51.026104, 52.292915, 52.69654, 53.169758, 53.87486, 55.697067, 57.654236, 57.586315, 57.758514, 57.174618, 57.736595, 57.24419, 57.544117, 57.37176, 56.43062, 55.96641, 55.325653, 53.10815, 52.179287, 50.27785, 47.04305],
2023-12-05 19:56:33 - val_std: [53.15056, 52.15993, 51.616505, 50.33102, 50.21509, 50.081203, 50.03935, 49.86299, 49.531567, 48.28274, 46.95426, 45.172287, 43.96861, 42.88531, 41.24616, 42.37183, 43.43441, 44.75589, 46.571957, 48.567627, 49.173023, 51.97025, 53.31617, 54.147503, 55.217754, 54.256313, 54.82137, 55.228252, 57.024765, 57.493202, 57.21687, 57.12449, 57.009945, 58.07164, 58.968643, 58.816093, 58.97068, 58.471672, 58.976105, 58.958794, 59.510704, 60.026344, 60.16703, 60.841858, 61.621956, 61.22611, 61.83866, 62.08808, 61.1031],
2023-12-05 19:56:33 - work_dir: results/Pointneted_plus_Tuesday_05_December_2023_19h_56m_33s/,
2023-12-05 19:56:33 - tensor_size: 0,
2023-12-05 19:56:33 - train_transformer: Compose(
    <utils.myToTensor object at 0x7f2c840f7ac0>
    <utils.myResize object at 0x7f2c92529d30>
),
2023-12-05 19:56:33 - test_transformer: Compose(
    <utils.myToTensor object at 0x7f2cc71794c0>
    <utils.myResize object at 0x7f2cc71794f0>
),
2023-12-05 19:56:33 - opt: AdamW,
2023-12-05 19:56:33 - lr: 0.001,
2023-12-05 19:56:33 - betas: (0.9, 0.999),
2023-12-05 19:56:33 - eps: 1e-08,
2023-12-05 19:56:33 - weight_decay: 0.01,
2023-12-05 19:56:33 - amsgrad: False,
2023-12-05 19:56:33 - sch: CosineAnnealingLR,
2023-12-05 19:56:33 - T_max: 50,
2023-12-05 19:56:33 - eta_min: 1e-05,
2023-12-05 19:56:33 - last_epoch: -1,
INFO:root:train--mean-->[38.167084 36.47113  35.658463 34.7275   34.397972 34.392757 33.96709
 34.126865 34.28234  33.729267 32.7962   32.064926 31.681631 31.124203
 30.844501 31.361849 32.73974  34.215652 36.648277 38.611458 40.539837
 42.120747 43.28669  44.45494  45.614132 46.21989  47.45023  48.500004
 49.44821  50.419426 52.140045 53.649082 54.722622 55.427254 55.996006
 56.55678  57.03274  56.78339  56.16994  56.052105 56.084873 55.73664
 55.51461  54.455627 53.19349  51.708523 50.496777 48.39798  46.618237]
INFO:root:train--std-->[52.12329  51.107494 50.941055 50.223755 50.00628  50.154346 49.390217
 49.584064 49.46689  48.635002 46.955963 45.86415  45.254314 44.008198
 43.081245 43.15782  44.181343 45.16833  47.433487 48.60615  50.44894
 51.635715 52.542904 53.638527 54.554443 54.860928 55.634895 56.127644
 56.314377 56.52658  57.31575  57.992775 58.40813  58.65052  58.6726
 58.786034 59.043797 59.15101  58.878242 59.1303   59.565495 59.95643
 60.605595 60.74457  60.784153 60.811424 61.18004  60.75567  60.8064  ]
INFO:root:val--mean-->[39.743374 38.122738 37.19561  35.71686  35.202812 34.790627 34.621647
 34.678947 34.44854  33.327152 32.52173  31.267305 30.603254 30.013475
 29.536041 30.480452 31.952286 33.71057  36.010574 38.201912 39.313183
 42.94376  44.53766  45.518337 46.94797  46.58542  47.49811  48.238167
 51.026104 52.292915 52.69654  53.169758 53.87486  55.697067 57.654236
 57.586315 57.758514 57.174618 57.736595 57.24419  57.544117 57.37176
 56.43062  55.96641  55.325653 53.10815  52.179287 50.27785  47.04305 ]
INFO:root:val--std-->[53.15056  52.15993  51.616505 50.33102  50.21509  50.081203 50.03935
 49.86299  49.531567 48.28274  46.95426  45.172287 43.96861  42.88531
 41.24616  42.37183  43.43441  44.75589  46.571957 48.567627 49.173023
 51.97025  53.31617  54.147503 55.217754 54.256313 54.82137  55.228252
 57.024765 57.493202 57.21687  57.12449  57.009945 58.07164  58.968643
 58.816093 58.97068  58.471672 58.976105 58.958794 59.510704 60.026344
 60.16703  60.841858 61.621956 61.22611  61.83866  62.08808  61.1031  ]
INFO:root:real_input_channels-->49
INFO:root:epoch:0 train_eval_loss-->5.701148,train_acc-->0.050147,test_eval_loss-->8.497446,test_acc===0.083333
INFO:root:epoch:1 train_eval_loss-->4.190998,train_acc-->0.085546,test_eval_loss-->8.239647,test_acc===0.063725
INFO:root:epoch:2 train_eval_loss-->3.921060,train_acc-->0.135693,test_eval_loss-->7.798080,test_acc===0.205882
INFO:root:epoch:3 train_eval_loss-->3.717830,train_acc-->0.146018,test_eval_loss-->7.975944,test_acc===0.034314
INFO:root:epoch:4 train_eval_loss-->3.632538,train_acc-->0.119469,test_eval_loss-->7.701232,test_acc===0.132353
INFO:root:epoch:5 train_eval_loss-->3.532948,train_acc-->0.166667,test_eval_loss-->7.871085,test_acc===0.053922
INFO:root:epoch:6 train_eval_loss-->3.430548,train_acc-->0.174041,test_eval_loss-->7.610059,test_acc===0.098039
INFO:root:epoch:7 train_eval_loss-->3.352631,train_acc-->0.213864,test_eval_loss-->7.426459,test_acc===0.225490
INFO:root:epoch:8 train_eval_loss-->3.389009,train_acc-->0.174041,test_eval_loss-->7.423095,test_acc===0.200980
INFO:root:epoch:9 train_eval_loss-->3.313037,train_acc-->0.199115,test_eval_loss-->7.409573,test_acc===0.196078
INFO:root:epoch:10 train_eval_loss-->3.218255,train_acc-->0.235988,test_eval_loss-->7.382662,test_acc===0.210784
INFO:root:epoch:11 train_eval_loss-->3.214082,train_acc-->0.244838,test_eval_loss-->7.414170,test_acc===0.205882
INFO:root:epoch:12 train_eval_loss-->3.176492,train_acc-->0.225664,test_eval_loss-->7.255684,test_acc===0.328431
INFO:root:epoch:13 train_eval_loss-->3.084422,train_acc-->0.293510,test_eval_loss-->7.336467,test_acc===0.171569
INFO:root:epoch:14 train_eval_loss-->3.047672,train_acc-->0.348083,test_eval_loss-->7.226742,test_acc===0.333333
INFO:root:epoch:15 train_eval_loss-->3.009181,train_acc-->0.374631,test_eval_loss-->7.261875,test_acc===0.254902
INFO:root:epoch:16 train_eval_loss-->2.958595,train_acc-->0.392330,test_eval_loss-->7.110175,test_acc===0.421569
INFO:root:epoch:17 train_eval_loss-->3.019047,train_acc-->0.330383,test_eval_loss-->7.349343,test_acc===0.235294
INFO:root:epoch:18 train_eval_loss-->3.025699,train_acc-->0.342183,test_eval_loss-->7.171534,test_acc===0.397059
INFO:root:epoch:19 train_eval_loss-->2.949584,train_acc-->0.399705,test_eval_loss-->7.253260,test_acc===0.279412
INFO:root:epoch:20 train_eval_loss-->2.942608,train_acc-->0.377581,test_eval_loss-->7.388582,test_acc===0.166667
INFO:root:epoch:21 train_eval_loss-->2.959279,train_acc-->0.379056,test_eval_loss-->7.193632,test_acc===0.313725
INFO:root:epoch:22 train_eval_loss-->2.900827,train_acc-->0.454277,test_eval_loss-->7.096273,test_acc===0.436275
INFO:root:epoch:23 train_eval_loss-->2.858388,train_acc-->0.477876,test_eval_loss-->7.071972,test_acc===0.485294
INFO:root:epoch:24 train_eval_loss-->2.782998,train_acc-->0.591445,test_eval_loss-->7.022890,test_acc===0.519608
INFO:root:epoch:25 train_eval_loss-->2.773046,train_acc-->0.589971,test_eval_loss-->7.100266,test_acc===0.460784
INFO:root:epoch:26 train_eval_loss-->2.772466,train_acc-->0.560472,test_eval_loss-->7.067842,test_acc===0.509804
INFO:root:epoch:27 train_eval_loss-->2.743468,train_acc-->0.613569,test_eval_loss-->7.053535,test_acc===0.495098
INFO:root:epoch:28 train_eval_loss-->2.736799,train_acc-->0.609145,test_eval_loss-->7.004813,test_acc===0.573529
INFO:root:epoch:29 train_eval_loss-->2.714460,train_acc-->0.663717,test_eval_loss-->6.999861,test_acc===0.578431
INFO:root:epoch:30 train_eval_loss-->2.676922,train_acc-->0.703540,test_eval_loss-->7.002852,test_acc===0.553922
INFO:root:epoch:31 train_eval_loss-->2.684140,train_acc-->0.699115,test_eval_loss-->7.046078,test_acc===0.553922
INFO:root:epoch:32 train_eval_loss-->2.654358,train_acc-->0.737463,test_eval_loss-->7.040383,test_acc===0.480392
INFO:root:epoch:33 train_eval_loss-->2.636212,train_acc-->0.750737,test_eval_loss-->7.003476,test_acc===0.573529
INFO:root:epoch:34 train_eval_loss-->2.639561,train_acc-->0.758112,test_eval_loss-->6.986813,test_acc===0.598039
INFO:root:epoch:35 train_eval_loss-->2.610033,train_acc-->0.786136,test_eval_loss-->6.993532,test_acc===0.578431
INFO:root:epoch:36 train_eval_loss-->2.583024,train_acc-->0.845133,test_eval_loss-->6.993928,test_acc===0.539216
INFO:root:epoch:37 train_eval_loss-->2.575348,train_acc-->0.828909,test_eval_loss-->6.987709,test_acc===0.588235
INFO:root:epoch:38 train_eval_loss-->2.552490,train_acc-->0.851032,test_eval_loss-->6.991053,test_acc===0.563725
INFO:root:epoch:39 train_eval_loss-->2.554967,train_acc-->0.851032,test_eval_loss-->6.972583,test_acc===0.588235
INFO:root:epoch:40 train_eval_loss-->2.534769,train_acc-->0.859882,test_eval_loss-->6.974990,test_acc===0.578431
INFO:root:epoch:41 train_eval_loss-->2.537669,train_acc-->0.858407,test_eval_loss-->6.971475,test_acc===0.593137
INFO:root:epoch:42 train_eval_loss-->2.513200,train_acc-->0.890855,test_eval_loss-->6.981015,test_acc===0.588235
INFO:root:epoch:43 train_eval_loss-->2.513977,train_acc-->0.880531,test_eval_loss-->6.977353,test_acc===0.573529
INFO:root:epoch:44 train_eval_loss-->2.501452,train_acc-->0.879056,test_eval_loss-->6.960256,test_acc===0.588235
INFO:root:epoch:45 train_eval_loss-->2.501949,train_acc-->0.884956,test_eval_loss-->6.981693,test_acc===0.588235
INFO:root:epoch:46 train_eval_loss-->2.502136,train_acc-->0.884956,test_eval_loss-->6.983482,test_acc===0.568627
INFO:root:epoch:47 train_eval_loss-->2.492333,train_acc-->0.901180,test_eval_loss-->6.969073,test_acc===0.573529
INFO:root:epoch:48 train_eval_loss-->2.486759,train_acc-->0.889381,test_eval_loss-->6.983025,test_acc===0.578431
INFO:root:epoch:49 train_eval_loss-->2.482710,train_acc-->0.890855,test_eval_loss-->6.971136,test_acc===0.612745
INFO:root:epoch:50 train_eval_loss-->2.481712,train_acc-->0.895280,test_eval_loss-->6.981249,test_acc===0.593137
INFO:root:epoch:51 train_eval_loss-->2.486203,train_acc-->0.884956,test_eval_loss-->6.968252,test_acc===0.598039
INFO:root:epoch:52 train_eval_loss-->2.483415,train_acc-->0.890855,test_eval_loss-->6.966591,test_acc===0.568627
INFO:root:epoch:53 train_eval_loss-->2.482224,train_acc-->0.895280,test_eval_loss-->6.975740,test_acc===0.568627
INFO:root:epoch:54 train_eval_loss-->2.485955,train_acc-->0.893805,test_eval_loss-->6.972669,test_acc===0.598039
INFO:root:epoch:55 train_eval_loss-->2.485454,train_acc-->0.896755,test_eval_loss-->6.979151,test_acc===0.573529
INFO:root:epoch:56 train_eval_loss-->2.489809,train_acc-->0.886431,test_eval_loss-->6.967054,test_acc===0.588235
INFO:root:epoch:57 train_eval_loss-->2.485081,train_acc-->0.889381,test_eval_loss-->6.989658,test_acc===0.593137
INFO:root:epoch:58 train_eval_loss-->2.493967,train_acc-->0.898230,test_eval_loss-->6.983543,test_acc===0.583333
INFO:root:epoch:59 train_eval_loss-->2.485841,train_acc-->0.902655,test_eval_loss-->6.968073,test_acc===0.588235
INFO:root:epoch:60 train_eval_loss-->2.493995,train_acc-->0.889381,test_eval_loss-->6.982376,test_acc===0.539216
INFO:root:epoch:61 train_eval_loss-->2.497000,train_acc-->0.896755,test_eval_loss-->6.980092,test_acc===0.593137
INFO:root:epoch:62 train_eval_loss-->2.512748,train_acc-->0.893805,test_eval_loss-->6.980421,test_acc===0.558824
INFO:root:epoch:63 train_eval_loss-->2.518313,train_acc-->0.893805,test_eval_loss-->6.996341,test_acc===0.553922
INFO:root:epoch:64 train_eval_loss-->2.540236,train_acc-->0.852507,test_eval_loss-->7.036557,test_acc===0.509804
INFO:root:epoch:65 train_eval_loss-->2.541233,train_acc-->0.879056,test_eval_loss-->7.002675,test_acc===0.573529
INFO:root:epoch:66 train_eval_loss-->2.539152,train_acc-->0.877581,test_eval_loss-->7.007548,test_acc===0.539216
INFO:root:epoch:67 train_eval_loss-->2.552105,train_acc-->0.856932,test_eval_loss-->6.975674,test_acc===0.568627
INFO:root:epoch:68 train_eval_loss-->2.571374,train_acc-->0.837758,test_eval_loss-->7.022718,test_acc===0.524510
INFO:root:epoch:69 train_eval_loss-->2.608760,train_acc-->0.799410,test_eval_loss-->7.030536,test_acc===0.490196
INFO:root:epoch:70 train_eval_loss-->2.582241,train_acc-->0.827434,test_eval_loss-->7.064337,test_acc===0.450980
INFO:root:epoch:71 train_eval_loss-->2.650445,train_acc-->0.727139,test_eval_loss-->7.024019,test_acc===0.504902
INFO:root:epoch:72 train_eval_loss-->2.635732,train_acc-->0.728614,test_eval_loss-->7.010228,test_acc===0.539216
INFO:root:epoch:73 train_eval_loss-->2.604145,train_acc-->0.811209,test_eval_loss-->7.038637,test_acc===0.509804
INFO:root:epoch:74 train_eval_loss-->2.597109,train_acc-->0.808260,test_eval_loss-->7.037285,test_acc===0.504902
INFO:root:epoch:75 train_eval_loss-->2.622075,train_acc-->0.750737,test_eval_loss-->7.087563,test_acc===0.465686
INFO:root:epoch:76 train_eval_loss-->2.631666,train_acc-->0.749263,test_eval_loss-->7.062964,test_acc===0.470588
INFO:root:epoch:77 train_eval_loss-->2.674638,train_acc-->0.706490,test_eval_loss-->7.056363,test_acc===0.475490
INFO:root:epoch:78 train_eval_loss-->2.683158,train_acc-->0.699115,test_eval_loss-->7.070866,test_acc===0.460784
INFO:root:epoch:79 train_eval_loss-->2.665501,train_acc-->0.666667,test_eval_loss-->6.964138,test_acc===0.563725
INFO:root:epoch:80 train_eval_loss-->2.651864,train_acc-->0.719764,test_eval_loss-->7.044486,test_acc===0.509804
INFO:root:epoch:81 train_eval_loss-->2.634380,train_acc-->0.731563,test_eval_loss-->7.036149,test_acc===0.470588
INFO:root:epoch:82 train_eval_loss-->2.652676,train_acc-->0.722714,test_eval_loss-->7.085737,test_acc===0.485294
INFO:root:epoch:83 train_eval_loss-->2.659232,train_acc-->0.699115,test_eval_loss-->7.042730,test_acc===0.504902
INFO:root:epoch:84 train_eval_loss-->2.681098,train_acc-->0.679941,test_eval_loss-->7.132587,test_acc===0.450980
INFO:root:epoch:85 train_eval_loss-->2.718762,train_acc-->0.626844,test_eval_loss-->7.126069,test_acc===0.377451
INFO:root:epoch:86 train_eval_loss-->2.631060,train_acc-->0.743363,test_eval_loss-->7.084347,test_acc===0.470588
INFO:root:epoch:87 train_eval_loss-->2.726537,train_acc-->0.597345,test_eval_loss-->7.165768,test_acc===0.289216
INFO:root:epoch:88 train_eval_loss-->2.734524,train_acc-->0.582596,test_eval_loss-->7.005891,test_acc===0.539216
INFO:root:epoch:89 train_eval_loss-->2.706615,train_acc-->0.632743,test_eval_loss-->7.128415,test_acc===0.455882
INFO:root:epoch:90 train_eval_loss-->2.711381,train_acc-->0.628319,test_eval_loss-->6.971730,test_acc===0.607843
INFO:root:epoch:91 train_eval_loss-->2.675309,train_acc-->0.682891,test_eval_loss-->7.045256,test_acc===0.495098
INFO:root:epoch:92 train_eval_loss-->2.732976,train_acc-->0.606195,test_eval_loss-->6.987160,test_acc===0.529412
INFO:root:epoch:93 train_eval_loss-->2.753695,train_acc-->0.561947,test_eval_loss-->7.181687,test_acc===0.318627
INFO:root:epoch:94 train_eval_loss-->2.837878,train_acc-->0.442478,test_eval_loss-->7.053480,test_acc===0.504902
INFO:root:epoch:95 train_eval_loss-->2.667839,train_acc-->0.730088,test_eval_loss-->7.122290,test_acc===0.470588
INFO:root:epoch:96 train_eval_loss-->2.654242,train_acc-->0.746313,test_eval_loss-->7.151469,test_acc===0.475490
INFO:root:epoch:97 train_eval_loss-->2.647931,train_acc-->0.738938,test_eval_loss-->7.090343,test_acc===0.401961
INFO:root:epoch:98 train_eval_loss-->2.683190,train_acc-->0.699115,test_eval_loss-->7.052522,test_acc===0.436275
INFO:root:epoch:99 train_eval_loss-->2.625226,train_acc-->0.784661,test_eval_loss-->6.997475,test_acc===0.598039
INFO:root:epoch:100 train_eval_loss-->2.574765,train_acc-->0.849558,test_eval_loss-->7.031762,test_acc===0.534314
INFO:root:epoch:101 train_eval_loss-->2.603906,train_acc-->0.805310,test_eval_loss-->6.982764,test_acc===0.602941
INFO:root:epoch:102 train_eval_loss-->2.577867,train_acc-->0.821534,test_eval_loss-->7.221350,test_acc===0.279412
INFO:root:epoch:103 train_eval_loss-->2.630304,train_acc-->0.752212,test_eval_loss-->7.065670,test_acc===0.509804
INFO:root:epoch:104 train_eval_loss-->2.578836,train_acc-->0.846608,test_eval_loss-->7.086814,test_acc===0.485294
INFO:root:epoch:105 train_eval_loss-->2.635517,train_acc-->0.749263,test_eval_loss-->7.047615,test_acc===0.524510
INFO:root:epoch:106 train_eval_loss-->2.634562,train_acc-->0.740413,test_eval_loss-->7.030483,test_acc===0.578431
INFO:root:epoch:107 train_eval_loss-->2.648837,train_acc-->0.730088,test_eval_loss-->7.102497,test_acc===0.524510
INFO:root:epoch:108 train_eval_loss-->2.651310,train_acc-->0.725664,test_eval_loss-->7.011856,test_acc===0.583333
INFO:root:epoch:109 train_eval_loss-->2.618799,train_acc-->0.746313,test_eval_loss-->7.301630,test_acc===0.284314
INFO:root:epoch:110 train_eval_loss-->2.631715,train_acc-->0.735988,test_eval_loss-->7.075978,test_acc===0.500000
INFO:root:epoch:111 train_eval_loss-->2.583957,train_acc-->0.817109,test_eval_loss-->7.054365,test_acc===0.519608
INFO:root:epoch:112 train_eval_loss-->2.558624,train_acc-->0.856932,test_eval_loss-->7.024322,test_acc===0.578431
INFO:root:epoch:113 train_eval_loss-->2.531436,train_acc-->0.896755,test_eval_loss-->7.067574,test_acc===0.490196
INFO:root:epoch:114 train_eval_loss-->2.556095,train_acc-->0.839233,test_eval_loss-->6.970633,test_acc===0.607843
INFO:root:epoch:115 train_eval_loss-->2.573104,train_acc-->0.834808,test_eval_loss-->7.085253,test_acc===0.514706
INFO:root:epoch:116 train_eval_loss-->2.525471,train_acc-->0.890855,test_eval_loss-->6.989398,test_acc===0.598039
INFO:root:epoch:117 train_eval_loss-->2.495293,train_acc-->0.930678,test_eval_loss-->6.994790,test_acc===0.544118
INFO:root:epoch:118 train_eval_loss-->2.505630,train_acc-->0.921829,test_eval_loss-->7.133180,test_acc===0.401961
INFO:root:epoch:119 train_eval_loss-->2.511926,train_acc-->0.883481,test_eval_loss-->7.047233,test_acc===0.475490
INFO:root:epoch:120 train_eval_loss-->2.488342,train_acc-->0.935103,test_eval_loss-->7.017238,test_acc===0.578431
INFO:root:epoch:121 train_eval_loss-->2.462553,train_acc-->0.951327,test_eval_loss-->6.981282,test_acc===0.563725
INFO:root:epoch:122 train_eval_loss-->2.479127,train_acc-->0.942478,test_eval_loss-->6.968102,test_acc===0.593137
INFO:root:epoch:123 train_eval_loss-->2.475860,train_acc-->0.933628,test_eval_loss-->6.954571,test_acc===0.637255
INFO:root:epoch:124 train_eval_loss-->2.456025,train_acc-->0.967552,test_eval_loss-->7.015309,test_acc===0.529412
INFO:root:epoch:125 train_eval_loss-->2.449756,train_acc-->0.963127,test_eval_loss-->6.964748,test_acc===0.642157
INFO:root:epoch:126 train_eval_loss-->2.428644,train_acc-->0.971976,test_eval_loss-->6.970922,test_acc===0.602941
INFO:root:epoch:127 train_eval_loss-->2.407698,train_acc-->0.979351,test_eval_loss-->6.976339,test_acc===0.647059
INFO:root:epoch:128 train_eval_loss-->2.402554,train_acc-->0.982301,test_eval_loss-->6.948887,test_acc===0.661765
INFO:root:epoch:129 train_eval_loss-->2.382011,train_acc-->0.989676,test_eval_loss-->6.957377,test_acc===0.647059
INFO:root:epoch:130 train_eval_loss-->2.372250,train_acc-->0.991150,test_eval_loss-->6.972463,test_acc===0.627451
INFO:root:epoch:131 train_eval_loss-->2.370851,train_acc-->0.991150,test_eval_loss-->6.956651,test_acc===0.661765
INFO:root:epoch:132 train_eval_loss-->2.369091,train_acc-->0.992625,test_eval_loss-->6.976238,test_acc===0.637255
INFO:root:epoch:133 train_eval_loss-->2.362967,train_acc-->0.994100,test_eval_loss-->6.940351,test_acc===0.647059
INFO:root:epoch:134 train_eval_loss-->2.351831,train_acc-->0.994100,test_eval_loss-->6.945681,test_acc===0.691176
INFO:root:epoch:135 train_eval_loss-->2.340647,train_acc-->0.995575,test_eval_loss-->6.936168,test_acc===0.656863
INFO:root:epoch:136 train_eval_loss-->2.334547,train_acc-->0.998525,test_eval_loss-->6.948417,test_acc===0.642157
INFO:root:epoch:137 train_eval_loss-->2.327699,train_acc-->0.997050,test_eval_loss-->6.952364,test_acc===0.632353
INFO:root:epoch:138 train_eval_loss-->2.321075,train_acc-->0.998525,test_eval_loss-->6.954685,test_acc===0.651961
INFO:root:epoch:139 train_eval_loss-->2.312211,train_acc-->0.998525,test_eval_loss-->6.948802,test_acc===0.681373
INFO:root:epoch:140 train_eval_loss-->2.307218,train_acc-->0.997050,test_eval_loss-->6.946705,test_acc===0.666667
INFO:root:epoch:141 train_eval_loss-->2.303764,train_acc-->0.997050,test_eval_loss-->6.945073,test_acc===0.637255
INFO:root:epoch:142 train_eval_loss-->2.298223,train_acc-->0.998525,test_eval_loss-->6.928992,test_acc===0.642157
INFO:root:epoch:143 train_eval_loss-->2.297173,train_acc-->0.998525,test_eval_loss-->6.969317,test_acc===0.602941
INFO:root:epoch:144 train_eval_loss-->2.299108,train_acc-->0.998525,test_eval_loss-->6.942142,test_acc===0.661765
INFO:root:epoch:145 train_eval_loss-->2.294643,train_acc-->0.997050,test_eval_loss-->6.938858,test_acc===0.642157
INFO:root:epoch:146 train_eval_loss-->2.290510,train_acc-->0.997050,test_eval_loss-->6.960223,test_acc===0.632353
INFO:root:epoch:147 train_eval_loss-->2.290177,train_acc-->0.997050,test_eval_loss-->6.931124,test_acc===0.637255
INFO:root:epoch:148 train_eval_loss-->2.288702,train_acc-->0.998525,test_eval_loss-->6.934860,test_acc===0.656863
INFO:root:epoch:149 train_eval_loss-->2.286077,train_acc-->0.998525,test_eval_loss-->6.925753,test_acc===0.647059
INFO:root:epoch:150 train_eval_loss-->2.284059,train_acc-->0.998525,test_eval_loss-->6.954513,test_acc===0.632353
INFO:root:epoch:151 train_eval_loss-->2.285182,train_acc-->0.998525,test_eval_loss-->6.944175,test_acc===0.642157
INFO:root:epoch:152 train_eval_loss-->2.285237,train_acc-->0.998525,test_eval_loss-->6.949751,test_acc===0.627451
INFO:root:epoch:153 train_eval_loss-->2.282538,train_acc-->0.997050,test_eval_loss-->6.934889,test_acc===0.642157
INFO:root:epoch:154 train_eval_loss-->2.286749,train_acc-->0.998525,test_eval_loss-->6.952790,test_acc===0.656863
INFO:root:epoch:155 train_eval_loss-->2.283129,train_acc-->0.998525,test_eval_loss-->6.937396,test_acc===0.622549
INFO:root:epoch:156 train_eval_loss-->2.287754,train_acc-->0.998525,test_eval_loss-->6.935235,test_acc===0.651961
INFO:root:epoch:157 train_eval_loss-->2.287853,train_acc-->0.998525,test_eval_loss-->6.944789,test_acc===0.656863
INFO:root:epoch:158 train_eval_loss-->2.290760,train_acc-->0.998525,test_eval_loss-->6.927376,test_acc===0.637255
INFO:root:epoch:159 train_eval_loss-->2.293340,train_acc-->0.998525,test_eval_loss-->6.960670,test_acc===0.612745
INFO:root:epoch:160 train_eval_loss-->2.294032,train_acc-->0.997050,test_eval_loss-->6.959613,test_acc===0.637255
INFO:root:epoch:161 train_eval_loss-->2.299149,train_acc-->0.998525,test_eval_loss-->6.963052,test_acc===0.627451
INFO:root:epoch:162 train_eval_loss-->2.299786,train_acc-->0.997050,test_eval_loss-->6.952165,test_acc===0.622549
INFO:root:epoch:163 train_eval_loss-->2.307137,train_acc-->0.997050,test_eval_loss-->6.954317,test_acc===0.607843
INFO:root:epoch:164 train_eval_loss-->2.308400,train_acc-->0.998525,test_eval_loss-->6.963233,test_acc===0.647059
INFO:root:epoch:165 train_eval_loss-->2.317672,train_acc-->0.997050,test_eval_loss-->6.911700,test_acc===0.632353
INFO:root:epoch:166 train_eval_loss-->2.337357,train_acc-->0.995575,test_eval_loss-->6.971660,test_acc===0.642157
INFO:root:epoch:167 train_eval_loss-->2.349892,train_acc-->0.980826,test_eval_loss-->6.952986,test_acc===0.642157
INFO:root:epoch:168 train_eval_loss-->2.350028,train_acc-->0.997050,test_eval_loss-->6.965858,test_acc===0.651961
INFO:root:epoch:169 train_eval_loss-->2.375744,train_acc-->0.991150,test_eval_loss-->7.021198,test_acc===0.573529
INFO:root:epoch:170 train_eval_loss-->2.363600,train_acc-->0.997050,test_eval_loss-->6.958350,test_acc===0.642157
INFO:root:epoch:171 train_eval_loss-->2.387207,train_acc-->0.992625,test_eval_loss-->6.946474,test_acc===0.637255
INFO:root:epoch:172 train_eval_loss-->2.380864,train_acc-->0.986726,test_eval_loss-->6.977997,test_acc===0.637255
INFO:root:epoch:173 train_eval_loss-->2.389290,train_acc-->0.991150,test_eval_loss-->6.970376,test_acc===0.563725
INFO:root:epoch:174 train_eval_loss-->2.440392,train_acc-->0.966077,test_eval_loss-->6.993086,test_acc===0.598039
INFO:root:epoch:175 train_eval_loss-->2.436794,train_acc-->0.976401,test_eval_loss-->6.974275,test_acc===0.612745
INFO:root:epoch:176 train_eval_loss-->2.444143,train_acc-->0.969027,test_eval_loss-->6.953014,test_acc===0.632353
INFO:root:epoch:177 train_eval_loss-->2.439107,train_acc-->0.986726,test_eval_loss-->6.978858,test_acc===0.607843
INFO:root:epoch:178 train_eval_loss-->2.432453,train_acc-->0.977876,test_eval_loss-->6.942410,test_acc===0.676471
INFO:root:epoch:179 train_eval_loss-->2.427473,train_acc-->0.974926,test_eval_loss-->6.975952,test_acc===0.627451
INFO:root:epoch:180 train_eval_loss-->2.500618,train_acc-->0.926254,test_eval_loss-->7.037588,test_acc===0.558824
INFO:root:epoch:181 train_eval_loss-->2.493285,train_acc-->0.936578,test_eval_loss-->6.977518,test_acc===0.627451
INFO:root:epoch:182 train_eval_loss-->2.486672,train_acc-->0.936578,test_eval_loss-->7.018272,test_acc===0.514706
INFO:root:epoch:183 train_eval_loss-->2.514737,train_acc-->0.910029,test_eval_loss-->6.969541,test_acc===0.617647
INFO:root:epoch:184 train_eval_loss-->2.493617,train_acc-->0.918879,test_eval_loss-->7.095129,test_acc===0.460784
INFO:root:epoch:185 train_eval_loss-->2.494475,train_acc-->0.933628,test_eval_loss-->7.042658,test_acc===0.470588
INFO:root:epoch:186 train_eval_loss-->2.561946,train_acc-->0.862832,test_eval_loss-->7.021871,test_acc===0.583333
INFO:root:epoch:187 train_eval_loss-->2.504469,train_acc-->0.918879,test_eval_loss-->7.074553,test_acc===0.470588
INFO:root:epoch:188 train_eval_loss-->2.539411,train_acc-->0.845133,test_eval_loss-->7.027397,test_acc===0.524510
INFO:root:epoch:189 train_eval_loss-->2.521339,train_acc-->0.905605,test_eval_loss-->6.960809,test_acc===0.593137
INFO:root:epoch:190 train_eval_loss-->2.473920,train_acc-->0.941003,test_eval_loss-->7.018751,test_acc===0.534314
INFO:root:epoch:191 train_eval_loss-->2.546985,train_acc-->0.871681,test_eval_loss-->7.006570,test_acc===0.593137
INFO:root:epoch:192 train_eval_loss-->2.604471,train_acc-->0.775811,test_eval_loss-->6.984818,test_acc===0.558824
INFO:root:epoch:193 train_eval_loss-->2.545963,train_acc-->0.856932,test_eval_loss-->7.097806,test_acc===0.514706
INFO:root:epoch:194 train_eval_loss-->2.534689,train_acc-->0.859882,test_eval_loss-->7.055700,test_acc===0.524510
INFO:root:epoch:195 train_eval_loss-->2.506992,train_acc-->0.895280,test_eval_loss-->7.045825,test_acc===0.490196
INFO:root:epoch:196 train_eval_loss-->2.561541,train_acc-->0.876106,test_eval_loss-->7.003828,test_acc===0.539216
INFO:root:epoch:197 train_eval_loss-->2.508911,train_acc-->0.921829,test_eval_loss-->6.989186,test_acc===0.588235
INFO:root:epoch:198 train_eval_loss-->2.531565,train_acc-->0.896755,test_eval_loss-->7.046856,test_acc===0.578431
INFO:root:epoch:199 train_eval_loss-->2.555379,train_acc-->0.867257,test_eval_loss-->7.063661,test_acc===0.544118
INFO:root:epoch:200 train_eval_loss-->2.513632,train_acc-->0.901180,test_eval_loss-->6.990409,test_acc===0.573529
INFO:root:epoch:201 train_eval_loss-->2.493166,train_acc-->0.930678,test_eval_loss-->7.037598,test_acc===0.500000
INFO:root:epoch:202 train_eval_loss-->2.537195,train_acc-->0.861357,test_eval_loss-->7.017668,test_acc===0.578431
INFO:root:epoch:203 train_eval_loss-->2.517528,train_acc-->0.896755,test_eval_loss-->6.989139,test_acc===0.622549
INFO:root:epoch:204 train_eval_loss-->2.488563,train_acc-->0.932153,test_eval_loss-->6.982486,test_acc===0.651961
INFO:root:epoch:205 train_eval_loss-->2.541079,train_acc-->0.880531,test_eval_loss-->7.022546,test_acc===0.583333
INFO:root:epoch:206 train_eval_loss-->2.467556,train_acc-->0.961652,test_eval_loss-->7.035398,test_acc===0.549020
INFO:root:epoch:207 train_eval_loss-->2.460925,train_acc-->0.967552,test_eval_loss-->7.026915,test_acc===0.558824
INFO:root:epoch:208 train_eval_loss-->2.458136,train_acc-->0.966077,test_eval_loss-->7.007097,test_acc===0.553922
INFO:root:epoch:209 train_eval_loss-->2.445217,train_acc-->0.964602,test_eval_loss-->6.988466,test_acc===0.583333
INFO:root:epoch:210 train_eval_loss-->2.493230,train_acc-->0.927729,test_eval_loss-->7.024699,test_acc===0.593137
INFO:root:epoch:211 train_eval_loss-->2.468731,train_acc-->0.963127,test_eval_loss-->6.957340,test_acc===0.578431
INFO:root:epoch:212 train_eval_loss-->2.457890,train_acc-->0.964602,test_eval_loss-->7.015809,test_acc===0.578431
INFO:root:epoch:213 train_eval_loss-->2.450216,train_acc-->0.963127,test_eval_loss-->6.998630,test_acc===0.602941
INFO:root:epoch:214 train_eval_loss-->2.410732,train_acc-->0.982301,test_eval_loss-->6.955220,test_acc===0.637255
INFO:root:epoch:215 train_eval_loss-->2.389409,train_acc-->0.992625,test_eval_loss-->6.971892,test_acc===0.617647
INFO:root:epoch:216 train_eval_loss-->2.402283,train_acc-->0.986726,test_eval_loss-->6.963504,test_acc===0.637255
INFO:root:epoch:217 train_eval_loss-->2.405245,train_acc-->0.986726,test_eval_loss-->6.972762,test_acc===0.622549
INFO:root:epoch:218 train_eval_loss-->2.395275,train_acc-->0.988201,test_eval_loss-->6.928904,test_acc===0.651961
INFO:root:epoch:219 train_eval_loss-->2.381408,train_acc-->0.988201,test_eval_loss-->6.938621,test_acc===0.637255
INFO:root:epoch:220 train_eval_loss-->2.363244,train_acc-->0.997050,test_eval_loss-->6.961864,test_acc===0.666667
INFO:root:epoch:221 train_eval_loss-->2.354393,train_acc-->0.991150,test_eval_loss-->6.951664,test_acc===0.588235
INFO:root:epoch:222 train_eval_loss-->2.366658,train_acc-->0.991150,test_eval_loss-->6.964064,test_acc===0.642157
INFO:root:epoch:223 train_eval_loss-->2.352140,train_acc-->0.997050,test_eval_loss-->6.945261,test_acc===0.607843
INFO:root:epoch:224 train_eval_loss-->2.330342,train_acc-->0.997050,test_eval_loss-->6.957101,test_acc===0.681373
INFO:root:epoch:225 train_eval_loss-->2.340886,train_acc-->0.998525,test_eval_loss-->6.952638,test_acc===0.651961
INFO:root:epoch:226 train_eval_loss-->2.336632,train_acc-->0.997050,test_eval_loss-->6.936228,test_acc===0.661765
INFO:root:epoch:227 train_eval_loss-->2.324662,train_acc-->0.998525,test_eval_loss-->6.934179,test_acc===0.681373
INFO:root:epoch:228 train_eval_loss-->2.314907,train_acc-->0.998525,test_eval_loss-->6.966157,test_acc===0.622549
INFO:root:epoch:229 train_eval_loss-->2.311904,train_acc-->0.998525,test_eval_loss-->6.929109,test_acc===0.666667
INFO:root:epoch:230 train_eval_loss-->2.289393,train_acc-->0.998525,test_eval_loss-->6.937207,test_acc===0.671569
INFO:root:epoch:231 train_eval_loss-->2.283984,train_acc-->0.998525,test_eval_loss-->6.948619,test_acc===0.632353
INFO:root:epoch:232 train_eval_loss-->2.286184,train_acc-->1.000000,test_eval_loss-->6.929294,test_acc===0.661765
INFO:root:epoch:233 train_eval_loss-->2.275382,train_acc-->1.000000,test_eval_loss-->6.937949,test_acc===0.656863
INFO:root:epoch:234 train_eval_loss-->2.269027,train_acc-->1.000000,test_eval_loss-->6.937288,test_acc===0.676471
INFO:root:epoch:235 train_eval_loss-->2.259912,train_acc-->0.998525,test_eval_loss-->6.930214,test_acc===0.705882
INFO:root:epoch:236 train_eval_loss-->2.259966,train_acc-->1.000000,test_eval_loss-->6.917671,test_acc===0.676471
INFO:root:epoch:237 train_eval_loss-->2.256088,train_acc-->1.000000,test_eval_loss-->6.934319,test_acc===0.671569
INFO:root:epoch:238 train_eval_loss-->2.242265,train_acc-->1.000000,test_eval_loss-->6.941425,test_acc===0.671569
INFO:root:epoch:239 train_eval_loss-->2.244562,train_acc-->1.000000,test_eval_loss-->6.929328,test_acc===0.656863
INFO:root:epoch:240 train_eval_loss-->2.234921,train_acc-->1.000000,test_eval_loss-->6.945386,test_acc===0.691176
INFO:root:epoch:241 train_eval_loss-->2.233211,train_acc-->1.000000,test_eval_loss-->6.945173,test_acc===0.656863
INFO:root:epoch:242 train_eval_loss-->2.229975,train_acc-->1.000000,test_eval_loss-->6.926536,test_acc===0.681373
INFO:root:epoch:243 train_eval_loss-->2.228628,train_acc-->1.000000,test_eval_loss-->6.929187,test_acc===0.691176
INFO:root:epoch:244 train_eval_loss-->2.223198,train_acc-->1.000000,test_eval_loss-->6.923533,test_acc===0.696078
INFO:root:epoch:245 train_eval_loss-->2.221427,train_acc-->1.000000,test_eval_loss-->6.930003,test_acc===0.691176
INFO:root:epoch:246 train_eval_loss-->2.218769,train_acc-->1.000000,test_eval_loss-->6.910116,test_acc===0.700980
INFO:root:epoch:247 train_eval_loss-->2.219019,train_acc-->1.000000,test_eval_loss-->6.918798,test_acc===0.681373
INFO:root:epoch:248 train_eval_loss-->2.215528,train_acc-->1.000000,test_eval_loss-->6.929795,test_acc===0.676471
INFO:root:epoch:249 train_eval_loss-->2.218456,train_acc-->1.000000,test_eval_loss-->6.926175,test_acc===0.700980
INFO:root:epoch:250 train_eval_loss-->2.216367,train_acc-->1.000000,test_eval_loss-->6.916663,test_acc===0.676471
INFO:root:epoch:251 train_eval_loss-->2.217439,train_acc-->1.000000,test_eval_loss-->6.937908,test_acc===0.666667
INFO:root:epoch:252 train_eval_loss-->2.215991,train_acc-->1.000000,test_eval_loss-->6.921153,test_acc===0.691176
INFO:root:epoch:253 train_eval_loss-->2.217235,train_acc-->1.000000,test_eval_loss-->6.913585,test_acc===0.691176
INFO:root:epoch:254 train_eval_loss-->2.217764,train_acc-->1.000000,test_eval_loss-->6.935797,test_acc===0.681373
INFO:root:epoch:255 train_eval_loss-->2.218379,train_acc-->1.000000,test_eval_loss-->6.909204,test_acc===0.696078
INFO:root:epoch:256 train_eval_loss-->2.221764,train_acc-->1.000000,test_eval_loss-->6.928870,test_acc===0.681373
INFO:root:epoch:257 train_eval_loss-->2.219439,train_acc-->1.000000,test_eval_loss-->6.938166,test_acc===0.661765
INFO:root:epoch:258 train_eval_loss-->2.219387,train_acc-->1.000000,test_eval_loss-->6.910186,test_acc===0.676471
INFO:root:epoch:259 train_eval_loss-->2.220319,train_acc-->1.000000,test_eval_loss-->6.926697,test_acc===0.681373
INFO:root:epoch:260 train_eval_loss-->2.222839,train_acc-->1.000000,test_eval_loss-->6.925699,test_acc===0.661765
INFO:root:epoch:261 train_eval_loss-->2.224212,train_acc-->1.000000,test_eval_loss-->6.912787,test_acc===0.661765
INFO:root:epoch:262 train_eval_loss-->2.228700,train_acc-->1.000000,test_eval_loss-->6.942284,test_acc===0.686275
INFO:root:epoch:263 train_eval_loss-->2.240710,train_acc-->1.000000,test_eval_loss-->6.928194,test_acc===0.666667
INFO:root:epoch:264 train_eval_loss-->2.246381,train_acc-->1.000000,test_eval_loss-->6.907075,test_acc===0.710784
INFO:root:epoch:265 train_eval_loss-->2.247518,train_acc-->1.000000,test_eval_loss-->6.916273,test_acc===0.676471
INFO:root:epoch:266 train_eval_loss-->2.249995,train_acc-->1.000000,test_eval_loss-->6.931539,test_acc===0.696078
INFO:root:epoch:267 train_eval_loss-->2.266139,train_acc-->0.998525,test_eval_loss-->6.938754,test_acc===0.627451
INFO:root:epoch:268 train_eval_loss-->2.284456,train_acc-->1.000000,test_eval_loss-->6.953216,test_acc===0.632353
INFO:root:epoch:269 train_eval_loss-->2.301847,train_acc-->0.998525,test_eval_loss-->6.971022,test_acc===0.617647
INFO:root:epoch:270 train_eval_loss-->2.326269,train_acc-->1.000000,test_eval_loss-->6.929328,test_acc===0.666667
INFO:root:epoch:271 train_eval_loss-->2.326791,train_acc-->1.000000,test_eval_loss-->6.941392,test_acc===0.642157
INFO:root:epoch:272 train_eval_loss-->2.319776,train_acc-->1.000000,test_eval_loss-->6.928764,test_acc===0.661765
INFO:root:epoch:273 train_eval_loss-->2.322892,train_acc-->1.000000,test_eval_loss-->6.986496,test_acc===0.598039
INFO:root:epoch:274 train_eval_loss-->2.334417,train_acc-->0.997050,test_eval_loss-->6.936853,test_acc===0.696078
INFO:root:epoch:275 train_eval_loss-->2.354825,train_acc-->0.992625,test_eval_loss-->6.985256,test_acc===0.588235
INFO:root:epoch:276 train_eval_loss-->2.353534,train_acc-->1.000000,test_eval_loss-->6.958155,test_acc===0.627451
INFO:root:epoch:277 train_eval_loss-->2.352460,train_acc-->0.995575,test_eval_loss-->6.956258,test_acc===0.607843
INFO:root:epoch:278 train_eval_loss-->2.383164,train_acc-->0.997050,test_eval_loss-->7.006475,test_acc===0.549020
INFO:root:epoch:279 train_eval_loss-->2.398975,train_acc-->0.973451,test_eval_loss-->6.946046,test_acc===0.651961
INFO:root:epoch:280 train_eval_loss-->2.373722,train_acc-->0.994100,test_eval_loss-->6.962996,test_acc===0.637255
INFO:root:epoch:281 train_eval_loss-->2.383612,train_acc-->0.995575,test_eval_loss-->6.987080,test_acc===0.627451
INFO:root:epoch:282 train_eval_loss-->2.394376,train_acc-->0.985251,test_eval_loss-->6.971499,test_acc===0.661765
INFO:root:epoch:283 train_eval_loss-->2.407549,train_acc-->0.991150,test_eval_loss-->6.968294,test_acc===0.666667
INFO:root:epoch:284 train_eval_loss-->2.415189,train_acc-->0.969027,test_eval_loss-->6.957853,test_acc===0.632353
INFO:root:epoch:285 train_eval_loss-->2.384793,train_acc-->0.983776,test_eval_loss-->6.970096,test_acc===0.632353
INFO:root:epoch:286 train_eval_loss-->2.476756,train_acc-->0.932153,test_eval_loss-->6.994126,test_acc===0.573529
INFO:root:epoch:287 train_eval_loss-->2.437928,train_acc-->0.957227,test_eval_loss-->7.008074,test_acc===0.534314
INFO:root:epoch:288 train_eval_loss-->2.424021,train_acc-->0.971976,test_eval_loss-->6.976892,test_acc===0.642157
INFO:root:epoch:289 train_eval_loss-->2.434639,train_acc-->0.973451,test_eval_loss-->7.135249,test_acc===0.411765
INFO:root:epoch:290 train_eval_loss-->2.528599,train_acc-->0.867257,test_eval_loss-->7.023419,test_acc===0.524510
INFO:root:epoch:291 train_eval_loss-->2.490979,train_acc-->0.927729,test_eval_loss-->7.040911,test_acc===0.490196
INFO:root:epoch:292 train_eval_loss-->2.490131,train_acc-->0.918879,test_eval_loss-->6.992548,test_acc===0.627451
INFO:root:epoch:293 train_eval_loss-->2.469474,train_acc-->0.939528,test_eval_loss-->6.996323,test_acc===0.622549
INFO:root:epoch:294 train_eval_loss-->2.432642,train_acc-->0.977876,test_eval_loss-->7.040848,test_acc===0.563725
INFO:root:epoch:295 train_eval_loss-->2.459040,train_acc-->0.967552,test_eval_loss-->6.959406,test_acc===0.656863
INFO:root:epoch:296 train_eval_loss-->2.516581,train_acc-->0.893805,test_eval_loss-->7.067143,test_acc===0.500000
INFO:root:epoch:297 train_eval_loss-->2.445778,train_acc-->0.955752,test_eval_loss-->6.956165,test_acc===0.700980
INFO:root:epoch:298 train_eval_loss-->2.433173,train_acc-->0.961652,test_eval_loss-->6.986402,test_acc===0.563725
INFO:root:epoch:299 train_eval_loss-->2.443977,train_acc-->0.966077,test_eval_loss-->7.006699,test_acc===0.588235
INFO:root:epoch:300 train_eval_loss-->2.486177,train_acc-->0.942478,test_eval_loss-->6.975585,test_acc===0.617647
INFO:root:epoch:301 train_eval_loss-->2.483232,train_acc-->0.949853,test_eval_loss-->6.989578,test_acc===0.647059
INFO:root:epoch:302 train_eval_loss-->2.454878,train_acc-->0.957227,test_eval_loss-->7.015020,test_acc===0.627451
INFO:root:epoch:303 train_eval_loss-->2.443490,train_acc-->0.967552,test_eval_loss-->7.006451,test_acc===0.568627
INFO:root:epoch:304 train_eval_loss-->2.436746,train_acc-->0.963127,test_eval_loss-->7.008608,test_acc===0.568627
INFO:root:epoch:305 train_eval_loss-->2.426041,train_acc-->0.966077,test_eval_loss-->6.949002,test_acc===0.627451
INFO:root:epoch:306 train_eval_loss-->2.425366,train_acc-->0.969027,test_eval_loss-->6.993469,test_acc===0.593137
INFO:root:epoch:307 train_eval_loss-->2.406013,train_acc-->0.974926,test_eval_loss-->6.998643,test_acc===0.598039
INFO:root:epoch:308 train_eval_loss-->2.450705,train_acc-->0.977876,test_eval_loss-->6.995362,test_acc===0.588235
INFO:root:epoch:309 train_eval_loss-->2.401587,train_acc-->0.973451,test_eval_loss-->6.988151,test_acc===0.617647
INFO:root:epoch:310 train_eval_loss-->2.397728,train_acc-->0.983776,test_eval_loss-->6.943269,test_acc===0.642157
INFO:root:epoch:311 train_eval_loss-->2.389381,train_acc-->0.998525,test_eval_loss-->6.986079,test_acc===0.637255
INFO:root:epoch:312 train_eval_loss-->2.410655,train_acc-->0.988201,test_eval_loss-->6.956924,test_acc===0.627451
INFO:root:epoch:313 train_eval_loss-->2.406800,train_acc-->0.980826,test_eval_loss-->6.948330,test_acc===0.632353
INFO:root:epoch:314 train_eval_loss-->2.354458,train_acc-->0.991150,test_eval_loss-->6.973600,test_acc===0.598039
INFO:root:epoch:315 train_eval_loss-->2.375715,train_acc-->0.991150,test_eval_loss-->6.960381,test_acc===0.651961
INFO:root:epoch:316 train_eval_loss-->2.367613,train_acc-->0.983776,test_eval_loss-->6.943703,test_acc===0.642157
INFO:root:epoch:317 train_eval_loss-->2.357758,train_acc-->0.991150,test_eval_loss-->6.960962,test_acc===0.651961
INFO:root:epoch:318 train_eval_loss-->2.349283,train_acc-->0.992625,test_eval_loss-->6.931973,test_acc===0.666667
INFO:root:epoch:319 train_eval_loss-->2.348020,train_acc-->0.994100,test_eval_loss-->6.989280,test_acc===0.612745
INFO:root:epoch:320 train_eval_loss-->2.333135,train_acc-->0.997050,test_eval_loss-->6.947210,test_acc===0.642157
INFO:root:epoch:321 train_eval_loss-->2.314125,train_acc-->1.000000,test_eval_loss-->6.949399,test_acc===0.637255
INFO:root:epoch:322 train_eval_loss-->2.311813,train_acc-->1.000000,test_eval_loss-->6.979843,test_acc===0.617647
INFO:root:epoch:323 train_eval_loss-->2.307872,train_acc-->1.000000,test_eval_loss-->6.949216,test_acc===0.681373
INFO:root:epoch:324 train_eval_loss-->2.309751,train_acc-->0.998525,test_eval_loss-->6.973474,test_acc===0.627451
INFO:root:epoch:325 train_eval_loss-->2.309607,train_acc-->0.995575,test_eval_loss-->6.969949,test_acc===0.637255
INFO:root:epoch:326 train_eval_loss-->2.301918,train_acc-->0.997050,test_eval_loss-->6.941383,test_acc===0.700980
INFO:root:epoch:327 train_eval_loss-->2.286228,train_acc-->1.000000,test_eval_loss-->6.945209,test_acc===0.700980
INFO:root:epoch:328 train_eval_loss-->2.283980,train_acc-->1.000000,test_eval_loss-->6.947076,test_acc===0.671569
INFO:root:epoch:329 train_eval_loss-->2.277081,train_acc-->1.000000,test_eval_loss-->6.942513,test_acc===0.666667
INFO:root:epoch:330 train_eval_loss-->2.275958,train_acc-->1.000000,test_eval_loss-->6.931522,test_acc===0.661765
INFO:root:epoch:331 train_eval_loss-->2.252591,train_acc-->1.000000,test_eval_loss-->6.926205,test_acc===0.671569
INFO:root:epoch:332 train_eval_loss-->2.245725,train_acc-->1.000000,test_eval_loss-->6.940722,test_acc===0.656863
INFO:root:epoch:333 train_eval_loss-->2.244657,train_acc-->1.000000,test_eval_loss-->6.918770,test_acc===0.696078
INFO:root:epoch:334 train_eval_loss-->2.243203,train_acc-->1.000000,test_eval_loss-->6.915886,test_acc===0.681373
INFO:root:epoch:335 train_eval_loss-->2.229763,train_acc-->1.000000,test_eval_loss-->6.930442,test_acc===0.715686
INFO:root:epoch:336 train_eval_loss-->2.221808,train_acc-->1.000000,test_eval_loss-->6.941964,test_acc===0.686275
INFO:root:epoch:337 train_eval_loss-->2.218239,train_acc-->1.000000,test_eval_loss-->6.944708,test_acc===0.671569
INFO:root:epoch:338 train_eval_loss-->2.208363,train_acc-->1.000000,test_eval_loss-->6.904449,test_acc===0.700980
INFO:root:epoch:339 train_eval_loss-->2.205876,train_acc-->1.000000,test_eval_loss-->6.908855,test_acc===0.715686
INFO:root:epoch:340 train_eval_loss-->2.204232,train_acc-->1.000000,test_eval_loss-->6.914531,test_acc===0.705882
INFO:root:epoch:341 train_eval_loss-->2.199277,train_acc-->1.000000,test_eval_loss-->6.936691,test_acc===0.700980
INFO:root:epoch:342 train_eval_loss-->2.197436,train_acc-->1.000000,test_eval_loss-->6.926438,test_acc===0.710784
INFO:root:epoch:343 train_eval_loss-->2.198742,train_acc-->1.000000,test_eval_loss-->6.918676,test_acc===0.715686
INFO:root:epoch:344 train_eval_loss-->2.191544,train_acc-->1.000000,test_eval_loss-->6.923563,test_acc===0.710784
INFO:root:epoch:345 train_eval_loss-->2.191428,train_acc-->1.000000,test_eval_loss-->6.909191,test_acc===0.700980
INFO:root:epoch:346 train_eval_loss-->2.187811,train_acc-->1.000000,test_eval_loss-->6.930199,test_acc===0.710784
INFO:root:epoch:347 train_eval_loss-->2.187028,train_acc-->1.000000,test_eval_loss-->6.931009,test_acc===0.696078
INFO:root:epoch:348 train_eval_loss-->2.186554,train_acc-->1.000000,test_eval_loss-->6.913028,test_acc===0.730392
INFO:root:epoch:349 train_eval_loss-->2.185380,train_acc-->1.000000,test_eval_loss-->6.926974,test_acc===0.691176
INFO:root:epoch:350 train_eval_loss-->2.183937,train_acc-->1.000000,test_eval_loss-->6.933883,test_acc===0.691176
INFO:root:epoch:351 train_eval_loss-->2.184640,train_acc-->1.000000,test_eval_loss-->6.912893,test_acc===0.691176
INFO:root:epoch:352 train_eval_loss-->2.185342,train_acc-->1.000000,test_eval_loss-->6.903324,test_acc===0.740196
INFO:root:epoch:353 train_eval_loss-->2.186400,train_acc-->1.000000,test_eval_loss-->6.923243,test_acc===0.700980
INFO:root:epoch:354 train_eval_loss-->2.184765,train_acc-->1.000000,test_eval_loss-->6.937223,test_acc===0.715686
INFO:root:epoch:355 train_eval_loss-->2.186384,train_acc-->1.000000,test_eval_loss-->6.933454,test_acc===0.676471
INFO:root:epoch:356 train_eval_loss-->2.187525,train_acc-->1.000000,test_eval_loss-->6.934141,test_acc===0.700980
INFO:root:epoch:357 train_eval_loss-->2.189449,train_acc-->1.000000,test_eval_loss-->6.945902,test_acc===0.666667
INFO:root:epoch:358 train_eval_loss-->2.189251,train_acc-->1.000000,test_eval_loss-->6.917361,test_acc===0.696078
INFO:root:epoch:359 train_eval_loss-->2.191288,train_acc-->1.000000,test_eval_loss-->6.920002,test_acc===0.700980
INFO:root:epoch:360 train_eval_loss-->2.195791,train_acc-->1.000000,test_eval_loss-->6.929283,test_acc===0.686275
INFO:root:epoch:361 train_eval_loss-->2.199738,train_acc-->1.000000,test_eval_loss-->6.923935,test_acc===0.700980
INFO:root:epoch:362 train_eval_loss-->2.205823,train_acc-->1.000000,test_eval_loss-->6.936464,test_acc===0.691176
INFO:root:epoch:363 train_eval_loss-->2.204946,train_acc-->1.000000,test_eval_loss-->6.932621,test_acc===0.705882
INFO:root:epoch:364 train_eval_loss-->2.217844,train_acc-->1.000000,test_eval_loss-->6.939720,test_acc===0.676471
INFO:root:epoch:365 train_eval_loss-->2.219971,train_acc-->1.000000,test_eval_loss-->6.938583,test_acc===0.666667
INFO:root:epoch:366 train_eval_loss-->2.221137,train_acc-->1.000000,test_eval_loss-->6.932040,test_acc===0.691176
INFO:root:epoch:367 train_eval_loss-->2.225866,train_acc-->1.000000,test_eval_loss-->6.934462,test_acc===0.691176
INFO:root:epoch:368 train_eval_loss-->2.238081,train_acc-->1.000000,test_eval_loss-->6.938087,test_acc===0.661765
INFO:root:epoch:369 train_eval_loss-->2.253906,train_acc-->1.000000,test_eval_loss-->6.903611,test_acc===0.686275
INFO:root:epoch:370 train_eval_loss-->2.259719,train_acc-->1.000000,test_eval_loss-->6.949317,test_acc===0.676471
INFO:root:epoch:371 train_eval_loss-->2.255227,train_acc-->1.000000,test_eval_loss-->6.927594,test_acc===0.676471
INFO:root:epoch:372 train_eval_loss-->2.259394,train_acc-->1.000000,test_eval_loss-->6.923744,test_acc===0.691176
INFO:root:epoch:373 train_eval_loss-->2.291055,train_acc-->0.994100,test_eval_loss-->6.966475,test_acc===0.647059
INFO:root:epoch:374 train_eval_loss-->2.297583,train_acc-->1.000000,test_eval_loss-->6.920064,test_acc===0.691176
INFO:root:epoch:375 train_eval_loss-->2.307771,train_acc-->1.000000,test_eval_loss-->6.915586,test_acc===0.671569
INFO:root:epoch:376 train_eval_loss-->2.314524,train_acc-->1.000000,test_eval_loss-->6.930184,test_acc===0.651961
INFO:root:epoch:377 train_eval_loss-->2.348100,train_acc-->0.988201,test_eval_loss-->6.939240,test_acc===0.676471
INFO:root:epoch:378 train_eval_loss-->2.337943,train_acc-->0.994100,test_eval_loss-->6.913436,test_acc===0.681373
INFO:root:epoch:379 train_eval_loss-->2.337925,train_acc-->1.000000,test_eval_loss-->6.983237,test_acc===0.578431
INFO:root:epoch:380 train_eval_loss-->2.361435,train_acc-->0.991150,test_eval_loss-->6.922977,test_acc===0.671569
INFO:root:epoch:381 train_eval_loss-->2.331774,train_acc-->1.000000,test_eval_loss-->6.933630,test_acc===0.661765
INFO:root:epoch:382 train_eval_loss-->2.337655,train_acc-->1.000000,test_eval_loss-->6.931379,test_acc===0.666667
INFO:root:epoch:383 train_eval_loss-->2.350197,train_acc-->0.995575,test_eval_loss-->6.949126,test_acc===0.607843
INFO:root:epoch:384 train_eval_loss-->2.357902,train_acc-->0.991150,test_eval_loss-->6.953671,test_acc===0.666667
INFO:root:epoch:385 train_eval_loss-->2.366334,train_acc-->0.991150,test_eval_loss-->6.924923,test_acc===0.617647
INFO:root:epoch:386 train_eval_loss-->2.410270,train_acc-->0.979351,test_eval_loss-->7.066969,test_acc===0.524510
INFO:root:epoch:387 train_eval_loss-->2.438705,train_acc-->0.951327,test_eval_loss-->6.967261,test_acc===0.602941
INFO:root:epoch:388 train_eval_loss-->2.407338,train_acc-->0.986726,test_eval_loss-->6.946977,test_acc===0.632353
INFO:root:epoch:389 train_eval_loss-->2.395995,train_acc-->0.983776,test_eval_loss-->6.964307,test_acc===0.656863
INFO:root:epoch:390 train_eval_loss-->2.374412,train_acc-->0.980826,test_eval_loss-->6.987660,test_acc===0.598039
INFO:root:epoch:391 train_eval_loss-->2.416271,train_acc-->0.970501,test_eval_loss-->6.994706,test_acc===0.607843
INFO:root:epoch:392 train_eval_loss-->2.380859,train_acc-->0.988201,test_eval_loss-->6.972468,test_acc===0.637255
INFO:root:epoch:393 train_eval_loss-->2.407883,train_acc-->0.986726,test_eval_loss-->7.033261,test_acc===0.568627
INFO:root:epoch:394 train_eval_loss-->2.400284,train_acc-->0.985251,test_eval_loss-->6.979761,test_acc===0.612745
INFO:root:epoch:395 train_eval_loss-->2.382080,train_acc-->0.985251,test_eval_loss-->7.048880,test_acc===0.558824
INFO:root:epoch:396 train_eval_loss-->2.409720,train_acc-->0.986726,test_eval_loss-->6.996366,test_acc===0.529412
INFO:root:epoch:397 train_eval_loss-->2.428784,train_acc-->0.974926,test_eval_loss-->7.027072,test_acc===0.627451
INFO:root:epoch:398 train_eval_loss-->2.423045,train_acc-->0.980826,test_eval_loss-->7.073429,test_acc===0.539216
INFO:root:epoch:399 train_eval_loss-->2.396836,train_acc-->0.982301,test_eval_loss-->6.955134,test_acc===0.710784
INFO:root:epoch:400 train_eval_loss-->2.410296,train_acc-->0.967552,test_eval_loss-->7.043493,test_acc===0.534314
INFO:root:epoch:401 train_eval_loss-->2.400924,train_acc-->0.980826,test_eval_loss-->7.007792,test_acc===0.568627
INFO:root:epoch:402 train_eval_loss-->2.393554,train_acc-->0.976401,test_eval_loss-->6.981839,test_acc===0.642157
INFO:root:epoch:403 train_eval_loss-->2.382187,train_acc-->0.995575,test_eval_loss-->7.126720,test_acc===0.406863
INFO:root:epoch:404 train_eval_loss-->2.445901,train_acc-->0.949853,test_eval_loss-->6.991210,test_acc===0.622549
INFO:root:epoch:405 train_eval_loss-->2.414006,train_acc-->0.983776,test_eval_loss-->7.038310,test_acc===0.568627
INFO:root:epoch:406 train_eval_loss-->2.396108,train_acc-->0.977876,test_eval_loss-->6.986691,test_acc===0.647059
INFO:root:epoch:407 train_eval_loss-->2.384074,train_acc-->0.995575,test_eval_loss-->6.941496,test_acc===0.666667
INFO:root:epoch:408 train_eval_loss-->2.373791,train_acc-->0.989676,test_eval_loss-->6.987860,test_acc===0.612745
INFO:root:epoch:409 train_eval_loss-->2.383308,train_acc-->0.997050,test_eval_loss-->6.970870,test_acc===0.637255
INFO:root:epoch:410 train_eval_loss-->2.389133,train_acc-->0.982301,test_eval_loss-->6.983158,test_acc===0.627451
INFO:root:epoch:411 train_eval_loss-->2.365636,train_acc-->0.998525,test_eval_loss-->6.956624,test_acc===0.686275
INFO:root:epoch:412 train_eval_loss-->2.347804,train_acc-->0.995575,test_eval_loss-->7.008645,test_acc===0.627451
INFO:root:epoch:413 train_eval_loss-->2.346606,train_acc-->0.992625,test_eval_loss-->6.969923,test_acc===0.627451
INFO:root:epoch:414 train_eval_loss-->2.361558,train_acc-->0.991150,test_eval_loss-->7.045153,test_acc===0.573529
INFO:root:epoch:415 train_eval_loss-->2.390141,train_acc-->0.991150,test_eval_loss-->7.000440,test_acc===0.617647
INFO:root:epoch:416 train_eval_loss-->2.373710,train_acc-->0.985251,test_eval_loss-->6.993923,test_acc===0.627451
INFO:root:epoch:417 train_eval_loss-->2.345581,train_acc-->0.995575,test_eval_loss-->6.945438,test_acc===0.666667
INFO:root:epoch:418 train_eval_loss-->2.325801,train_acc-->0.998525,test_eval_loss-->6.979406,test_acc===0.666667
INFO:root:epoch:419 train_eval_loss-->2.326925,train_acc-->0.998525,test_eval_loss-->6.969976,test_acc===0.656863
INFO:root:epoch:420 train_eval_loss-->2.316780,train_acc-->0.998525,test_eval_loss-->6.957795,test_acc===0.696078
INFO:root:epoch:421 train_eval_loss-->2.304644,train_acc-->1.000000,test_eval_loss-->6.942409,test_acc===0.710784
INFO:root:epoch:422 train_eval_loss-->2.302536,train_acc-->1.000000,test_eval_loss-->6.971491,test_acc===0.607843
INFO:root:epoch:423 train_eval_loss-->2.299376,train_acc-->1.000000,test_eval_loss-->6.949756,test_acc===0.691176
INFO:root:epoch:424 train_eval_loss-->2.292162,train_acc-->0.998525,test_eval_loss-->6.939772,test_acc===0.686275
INFO:root:epoch:425 train_eval_loss-->2.284080,train_acc-->1.000000,test_eval_loss-->6.943563,test_acc===0.691176
INFO:root:epoch:426 train_eval_loss-->2.264302,train_acc-->1.000000,test_eval_loss-->6.960147,test_acc===0.656863
INFO:root:epoch:427 train_eval_loss-->2.263974,train_acc-->1.000000,test_eval_loss-->6.949815,test_acc===0.700980
INFO:root:epoch:428 train_eval_loss-->2.258357,train_acc-->1.000000,test_eval_loss-->6.927602,test_acc===0.715686
INFO:root:epoch:429 train_eval_loss-->2.250578,train_acc-->1.000000,test_eval_loss-->6.942253,test_acc===0.710784
INFO:root:epoch:430 train_eval_loss-->2.245529,train_acc-->1.000000,test_eval_loss-->6.977575,test_acc===0.627451
INFO:root:epoch:431 train_eval_loss-->2.250242,train_acc-->1.000000,test_eval_loss-->6.947979,test_acc===0.681373
INFO:root:epoch:432 train_eval_loss-->2.236939,train_acc-->1.000000,test_eval_loss-->6.947234,test_acc===0.696078
INFO:root:epoch:433 train_eval_loss-->2.229509,train_acc-->1.000000,test_eval_loss-->6.937124,test_acc===0.696078
INFO:root:epoch:434 train_eval_loss-->2.224433,train_acc-->1.000000,test_eval_loss-->6.952446,test_acc===0.661765
INFO:root:epoch:435 train_eval_loss-->2.219745,train_acc-->1.000000,test_eval_loss-->6.946391,test_acc===0.681373
INFO:root:epoch:436 train_eval_loss-->2.207905,train_acc-->1.000000,test_eval_loss-->6.934033,test_acc===0.700980
INFO:root:epoch:437 train_eval_loss-->2.204783,train_acc-->1.000000,test_eval_loss-->6.931092,test_acc===0.696078
INFO:root:epoch:438 train_eval_loss-->2.193271,train_acc-->1.000000,test_eval_loss-->6.939927,test_acc===0.681373
INFO:root:epoch:439 train_eval_loss-->2.198644,train_acc-->1.000000,test_eval_loss-->6.931798,test_acc===0.705882
INFO:root:epoch:440 train_eval_loss-->2.192432,train_acc-->1.000000,test_eval_loss-->6.937842,test_acc===0.686275
INFO:root:epoch:441 train_eval_loss-->2.186506,train_acc-->1.000000,test_eval_loss-->6.940771,test_acc===0.691176
INFO:root:epoch:442 train_eval_loss-->2.184338,train_acc-->1.000000,test_eval_loss-->6.937796,test_acc===0.681373
INFO:root:epoch:443 train_eval_loss-->2.181306,train_acc-->1.000000,test_eval_loss-->6.929609,test_acc===0.705882
INFO:root:epoch:444 train_eval_loss-->2.178292,train_acc-->1.000000,test_eval_loss-->6.929463,test_acc===0.710784
INFO:root:epoch:445 train_eval_loss-->2.176866,train_acc-->1.000000,test_eval_loss-->6.926563,test_acc===0.696078
INFO:root:epoch:446 train_eval_loss-->2.175352,train_acc-->1.000000,test_eval_loss-->6.951128,test_acc===0.647059
INFO:root:epoch:447 train_eval_loss-->2.173817,train_acc-->1.000000,test_eval_loss-->6.933299,test_acc===0.681373
INFO:root:epoch:448 train_eval_loss-->2.173699,train_acc-->1.000000,test_eval_loss-->6.934041,test_acc===0.691176
INFO:root:epoch:449 train_eval_loss-->2.172487,train_acc-->1.000000,test_eval_loss-->6.940229,test_acc===0.681373
INFO:root:epoch:450 train_eval_loss-->2.171684,train_acc-->1.000000,test_eval_loss-->6.943865,test_acc===0.681373
INFO:root:epoch:451 train_eval_loss-->2.171135,train_acc-->1.000000,test_eval_loss-->6.939847,test_acc===0.700980
INFO:root:epoch:452 train_eval_loss-->2.171799,train_acc-->1.000000,test_eval_loss-->6.923724,test_acc===0.720588
INFO:root:epoch:453 train_eval_loss-->2.171436,train_acc-->1.000000,test_eval_loss-->6.946492,test_acc===0.666667
INFO:root:epoch:454 train_eval_loss-->2.171428,train_acc-->1.000000,test_eval_loss-->6.935987,test_acc===0.696078
INFO:root:epoch:455 train_eval_loss-->2.171778,train_acc-->1.000000,test_eval_loss-->6.936816,test_acc===0.700980
INFO:root:epoch:456 train_eval_loss-->2.173551,train_acc-->1.000000,test_eval_loss-->6.944704,test_acc===0.696078
INFO:root:epoch:457 train_eval_loss-->2.173834,train_acc-->1.000000,test_eval_loss-->6.939355,test_acc===0.700980
INFO:root:epoch:458 train_eval_loss-->2.174948,train_acc-->1.000000,test_eval_loss-->6.944743,test_acc===0.686275
INFO:root:epoch:459 train_eval_loss-->2.179570,train_acc-->1.000000,test_eval_loss-->6.923574,test_acc===0.715686
INFO:root:epoch:460 train_eval_loss-->2.177597,train_acc-->1.000000,test_eval_loss-->6.942725,test_acc===0.700980
INFO:root:epoch:461 train_eval_loss-->2.183628,train_acc-->1.000000,test_eval_loss-->6.914773,test_acc===0.720588
INFO:root:epoch:462 train_eval_loss-->2.185090,train_acc-->1.000000,test_eval_loss-->6.938426,test_acc===0.700980
INFO:root:epoch:463 train_eval_loss-->2.193712,train_acc-->1.000000,test_eval_loss-->6.937082,test_acc===0.710784
INFO:root:epoch:464 train_eval_loss-->2.196936,train_acc-->1.000000,test_eval_loss-->6.933994,test_acc===0.691176
INFO:root:epoch:465 train_eval_loss-->2.202233,train_acc-->1.000000,test_eval_loss-->6.937092,test_acc===0.676471
INFO:root:epoch:466 train_eval_loss-->2.202239,train_acc-->1.000000,test_eval_loss-->6.929074,test_acc===0.671569
INFO:root:epoch:467 train_eval_loss-->2.208500,train_acc-->1.000000,test_eval_loss-->6.941825,test_acc===0.666667
INFO:root:epoch:468 train_eval_loss-->2.229243,train_acc-->1.000000,test_eval_loss-->6.931381,test_acc===0.686275
INFO:root:epoch:469 train_eval_loss-->2.231519,train_acc-->1.000000,test_eval_loss-->6.942171,test_acc===0.696078
INFO:root:epoch:470 train_eval_loss-->2.237687,train_acc-->1.000000,test_eval_loss-->6.942053,test_acc===0.676471
INFO:root:epoch:471 train_eval_loss-->2.241691,train_acc-->1.000000,test_eval_loss-->6.934231,test_acc===0.700980
INFO:root:epoch:472 train_eval_loss-->2.242468,train_acc-->1.000000,test_eval_loss-->6.936044,test_acc===0.686275
INFO:root:epoch:473 train_eval_loss-->2.258004,train_acc-->1.000000,test_eval_loss-->6.927101,test_acc===0.700980
INFO:root:epoch:474 train_eval_loss-->2.283290,train_acc-->1.000000,test_eval_loss-->6.926908,test_acc===0.676471
INFO:root:epoch:475 train_eval_loss-->2.286424,train_acc-->0.995575,test_eval_loss-->6.940579,test_acc===0.671569
INFO:root:epoch:476 train_eval_loss-->2.290270,train_acc-->0.995575,test_eval_loss-->6.943801,test_acc===0.651961
INFO:root:epoch:477 train_eval_loss-->2.289399,train_acc-->1.000000,test_eval_loss-->6.930323,test_acc===0.705882
INFO:root:epoch:478 train_eval_loss-->2.289644,train_acc-->1.000000,test_eval_loss-->6.956037,test_acc===0.661765
INFO:root:epoch:479 train_eval_loss-->2.291917,train_acc-->1.000000,test_eval_loss-->6.913519,test_acc===0.705882
INFO:root:epoch:480 train_eval_loss-->2.312469,train_acc-->0.997050,test_eval_loss-->6.935997,test_acc===0.686275
INFO:root:epoch:481 train_eval_loss-->2.319076,train_acc-->1.000000,test_eval_loss-->6.954220,test_acc===0.656863
INFO:root:epoch:482 train_eval_loss-->2.330944,train_acc-->0.995575,test_eval_loss-->6.948744,test_acc===0.656863
INFO:root:epoch:483 train_eval_loss-->2.320636,train_acc-->0.998525,test_eval_loss-->6.942976,test_acc===0.696078
INFO:root:epoch:484 train_eval_loss-->2.351558,train_acc-->0.992625,test_eval_loss-->6.954826,test_acc===0.651961
INFO:root:epoch:485 train_eval_loss-->2.325612,train_acc-->0.995575,test_eval_loss-->6.948248,test_acc===0.710784
INFO:root:epoch:486 train_eval_loss-->2.316268,train_acc-->1.000000,test_eval_loss-->6.974012,test_acc===0.627451
INFO:root:epoch:487 train_eval_loss-->2.327125,train_acc-->0.997050,test_eval_loss-->7.028655,test_acc===0.534314
INFO:root:epoch:488 train_eval_loss-->2.408495,train_acc-->0.963127,test_eval_loss-->6.998207,test_acc===0.607843
INFO:root:epoch:489 train_eval_loss-->2.389852,train_acc-->0.982301,test_eval_loss-->6.971524,test_acc===0.607843
INFO:root:epoch:490 train_eval_loss-->2.419204,train_acc-->0.979351,test_eval_loss-->7.002764,test_acc===0.573529
INFO:root:epoch:491 train_eval_loss-->2.380442,train_acc-->0.986726,test_eval_loss-->6.932032,test_acc===0.676471
INFO:root:epoch:492 train_eval_loss-->2.404413,train_acc-->0.976401,test_eval_loss-->6.939091,test_acc===0.686275
INFO:root:epoch:493 train_eval_loss-->2.385332,train_acc-->0.979351,test_eval_loss-->6.964080,test_acc===0.637255
INFO:root:epoch:494 train_eval_loss-->2.397079,train_acc-->0.986726,test_eval_loss-->7.031417,test_acc===0.607843
INFO:root:epoch:495 train_eval_loss-->2.434803,train_acc-->0.958702,test_eval_loss-->7.076974,test_acc===0.455882
INFO:root:epoch:496 train_eval_loss-->2.492659,train_acc-->0.910029,test_eval_loss-->7.050925,test_acc===0.436275
INFO:root:epoch:497 train_eval_loss-->2.399558,train_acc-->0.973451,test_eval_loss-->6.980159,test_acc===0.632353
INFO:root:epoch:498 train_eval_loss-->2.367597,train_acc-->0.991150,test_eval_loss-->6.965165,test_acc===0.651961
INFO:root:epoch:499 train_eval_loss-->2.370730,train_acc-->0.982301,test_eval_loss-->6.975994,test_acc===0.686275
INFO:root:epoch:500 train_eval_loss-->2.354451,train_acc-->0.991150,test_eval_loss-->7.030664,test_acc===0.529412
INFO:root:epoch:501 train_eval_loss-->2.375679,train_acc-->0.994100,test_eval_loss-->6.993844,test_acc===0.627451
INFO:root:epoch:502 train_eval_loss-->2.384724,train_acc-->0.986726,test_eval_loss-->6.992948,test_acc===0.617647
INFO:root:epoch:503 train_eval_loss-->2.411257,train_acc-->0.966077,test_eval_loss-->6.942608,test_acc===0.656863
INFO:root:epoch:504 train_eval_loss-->2.395393,train_acc-->0.988201,test_eval_loss-->7.006457,test_acc===0.568627
INFO:root:epoch:505 train_eval_loss-->2.376440,train_acc-->0.988201,test_eval_loss-->6.973662,test_acc===0.676471
INFO:root:epoch:506 train_eval_loss-->2.369715,train_acc-->0.985251,test_eval_loss-->6.964087,test_acc===0.651961
INFO:root:epoch:507 train_eval_loss-->2.343462,train_acc-->0.995575,test_eval_loss-->7.000588,test_acc===0.598039
INFO:root:epoch:508 train_eval_loss-->2.369570,train_acc-->0.986726,test_eval_loss-->6.989714,test_acc===0.642157
INFO:root:epoch:509 train_eval_loss-->2.354346,train_acc-->0.992625,test_eval_loss-->7.038875,test_acc===0.573529
INFO:root:epoch:510 train_eval_loss-->2.358033,train_acc-->0.995575,test_eval_loss-->6.968493,test_acc===0.642157
INFO:root:epoch:511 train_eval_loss-->2.331678,train_acc-->0.992625,test_eval_loss-->6.973162,test_acc===0.642157
INFO:root:epoch:512 train_eval_loss-->2.345696,train_acc-->0.989676,test_eval_loss-->6.940728,test_acc===0.676471
INFO:root:epoch:513 train_eval_loss-->2.320924,train_acc-->1.000000,test_eval_loss-->6.997173,test_acc===0.661765
INFO:root:epoch:514 train_eval_loss-->2.321835,train_acc-->0.995575,test_eval_loss-->6.946924,test_acc===0.705882
INFO:root:epoch:515 train_eval_loss-->2.311706,train_acc-->1.000000,test_eval_loss-->6.977612,test_acc===0.627451
INFO:root:epoch:516 train_eval_loss-->2.326711,train_acc-->0.994100,test_eval_loss-->6.979844,test_acc===0.637255
INFO:root:epoch:517 train_eval_loss-->2.306240,train_acc-->0.997050,test_eval_loss-->6.937650,test_acc===0.681373
INFO:root:epoch:518 train_eval_loss-->2.310808,train_acc-->1.000000,test_eval_loss-->6.953866,test_acc===0.661765
INFO:root:epoch:519 train_eval_loss-->2.308286,train_acc-->1.000000,test_eval_loss-->6.960625,test_acc===0.696078
INFO:root:epoch:520 train_eval_loss-->2.289882,train_acc-->1.000000,test_eval_loss-->6.960830,test_acc===0.666667
INFO:root:epoch:521 train_eval_loss-->2.278294,train_acc-->1.000000,test_eval_loss-->6.970190,test_acc===0.651961
INFO:root:epoch:522 train_eval_loss-->2.269756,train_acc-->1.000000,test_eval_loss-->6.943337,test_acc===0.705882
INFO:root:epoch:523 train_eval_loss-->2.275382,train_acc-->1.000000,test_eval_loss-->6.937850,test_acc===0.686275
INFO:root:epoch:524 train_eval_loss-->2.269042,train_acc-->0.998525,test_eval_loss-->6.945072,test_acc===0.656863
INFO:root:epoch:525 train_eval_loss-->2.261899,train_acc-->1.000000,test_eval_loss-->6.936017,test_acc===0.666667
INFO:root:epoch:526 train_eval_loss-->2.247660,train_acc-->0.997050,test_eval_loss-->6.917298,test_acc===0.725490
INFO:root:epoch:527 train_eval_loss-->2.247700,train_acc-->1.000000,test_eval_loss-->6.944561,test_acc===0.691176
INFO:root:epoch:528 train_eval_loss-->2.242025,train_acc-->1.000000,test_eval_loss-->6.949345,test_acc===0.681373
INFO:root:epoch:529 train_eval_loss-->2.240824,train_acc-->1.000000,test_eval_loss-->6.944329,test_acc===0.681373
INFO:root:epoch:530 train_eval_loss-->2.227230,train_acc-->1.000000,test_eval_loss-->6.925510,test_acc===0.700980
INFO:root:epoch:531 train_eval_loss-->2.226062,train_acc-->1.000000,test_eval_loss-->6.929060,test_acc===0.715686
INFO:root:epoch:532 train_eval_loss-->2.228468,train_acc-->1.000000,test_eval_loss-->6.915148,test_acc===0.720588
INFO:root:epoch:533 train_eval_loss-->2.217357,train_acc-->1.000000,test_eval_loss-->6.934879,test_acc===0.676471
INFO:root:epoch:534 train_eval_loss-->2.205467,train_acc-->1.000000,test_eval_loss-->6.926177,test_acc===0.700980
INFO:root:epoch:535 train_eval_loss-->2.200949,train_acc-->1.000000,test_eval_loss-->6.922628,test_acc===0.715686
INFO:root:epoch:536 train_eval_loss-->2.193380,train_acc-->1.000000,test_eval_loss-->6.940938,test_acc===0.691176
INFO:root:epoch:537 train_eval_loss-->2.186847,train_acc-->1.000000,test_eval_loss-->6.921579,test_acc===0.720588
INFO:root:epoch:538 train_eval_loss-->2.183348,train_acc-->1.000000,test_eval_loss-->6.942149,test_acc===0.696078
INFO:root:epoch:539 train_eval_loss-->2.179079,train_acc-->1.000000,test_eval_loss-->6.916580,test_acc===0.710784
INFO:root:epoch:540 train_eval_loss-->2.175863,train_acc-->1.000000,test_eval_loss-->6.928053,test_acc===0.681373
INFO:root:epoch:541 train_eval_loss-->2.171998,train_acc-->1.000000,test_eval_loss-->6.936432,test_acc===0.691176
INFO:root:epoch:542 train_eval_loss-->2.169855,train_acc-->1.000000,test_eval_loss-->6.924968,test_acc===0.715686
INFO:root:epoch:543 train_eval_loss-->2.166553,train_acc-->1.000000,test_eval_loss-->6.919302,test_acc===0.710784
INFO:root:epoch:544 train_eval_loss-->2.165164,train_acc-->1.000000,test_eval_loss-->6.940716,test_acc===0.705882
INFO:root:epoch:545 train_eval_loss-->2.164308,train_acc-->1.000000,test_eval_loss-->6.913627,test_acc===0.720588
INFO:root:epoch:546 train_eval_loss-->2.162506,train_acc-->1.000000,test_eval_loss-->6.923810,test_acc===0.696078
INFO:root:epoch:547 train_eval_loss-->2.160456,train_acc-->1.000000,test_eval_loss-->6.924159,test_acc===0.691176
INFO:root:epoch:548 train_eval_loss-->2.160989,train_acc-->1.000000,test_eval_loss-->6.931953,test_acc===0.681373
INFO:root:epoch:549 train_eval_loss-->2.159781,train_acc-->1.000000,test_eval_loss-->6.931444,test_acc===0.681373
INFO:root:epoch:550 train_eval_loss-->2.159737,train_acc-->1.000000,test_eval_loss-->6.939486,test_acc===0.710784
INFO:root:epoch:551 train_eval_loss-->2.159225,train_acc-->1.000000,test_eval_loss-->6.942772,test_acc===0.666667
INFO:root:epoch:552 train_eval_loss-->2.158826,train_acc-->1.000000,test_eval_loss-->6.921903,test_acc===0.710784
INFO:root:epoch:553 train_eval_loss-->2.159221,train_acc-->1.000000,test_eval_loss-->6.929818,test_acc===0.700980
INFO:root:epoch:554 train_eval_loss-->2.159765,train_acc-->1.000000,test_eval_loss-->6.912163,test_acc===0.715686
INFO:root:epoch:555 train_eval_loss-->2.160849,train_acc-->1.000000,test_eval_loss-->6.924822,test_acc===0.686275
INFO:root:epoch:556 train_eval_loss-->2.160723,train_acc-->1.000000,test_eval_loss-->6.923384,test_acc===0.691176
INFO:root:epoch:557 train_eval_loss-->2.162507,train_acc-->1.000000,test_eval_loss-->6.926491,test_acc===0.700980
INFO:root:epoch:558 train_eval_loss-->2.163820,train_acc-->1.000000,test_eval_loss-->6.916279,test_acc===0.700980
INFO:root:epoch:559 train_eval_loss-->2.165053,train_acc-->1.000000,test_eval_loss-->6.923171,test_acc===0.730392
INFO:root:epoch:560 train_eval_loss-->2.167786,train_acc-->1.000000,test_eval_loss-->6.918632,test_acc===0.700980
INFO:root:epoch:561 train_eval_loss-->2.172510,train_acc-->1.000000,test_eval_loss-->6.917480,test_acc===0.691176
INFO:root:epoch:562 train_eval_loss-->2.175044,train_acc-->1.000000,test_eval_loss-->6.918697,test_acc===0.700980
INFO:root:epoch:563 train_eval_loss-->2.181408,train_acc-->1.000000,test_eval_loss-->6.929088,test_acc===0.691176
INFO:root:epoch:564 train_eval_loss-->2.184967,train_acc-->1.000000,test_eval_loss-->6.921847,test_acc===0.700980
INFO:root:epoch:565 train_eval_loss-->2.192650,train_acc-->1.000000,test_eval_loss-->6.911170,test_acc===0.676471
INFO:root:epoch:566 train_eval_loss-->2.203306,train_acc-->1.000000,test_eval_loss-->6.918169,test_acc===0.691176
INFO:root:epoch:567 train_eval_loss-->2.197808,train_acc-->1.000000,test_eval_loss-->6.912254,test_acc===0.715686
INFO:root:epoch:568 train_eval_loss-->2.206677,train_acc-->1.000000,test_eval_loss-->6.909185,test_acc===0.715686
INFO:root:epoch:569 train_eval_loss-->2.218770,train_acc-->1.000000,test_eval_loss-->6.939798,test_acc===0.656863
INFO:root:epoch:570 train_eval_loss-->2.218119,train_acc-->1.000000,test_eval_loss-->6.922029,test_acc===0.691176
INFO:root:epoch:571 train_eval_loss-->2.236226,train_acc-->1.000000,test_eval_loss-->6.930287,test_acc===0.666667
INFO:root:epoch:572 train_eval_loss-->2.246134,train_acc-->1.000000,test_eval_loss-->6.925826,test_acc===0.661765
INFO:root:epoch:573 train_eval_loss-->2.249672,train_acc-->0.995575,test_eval_loss-->6.925642,test_acc===0.671569
INFO:root:epoch:574 train_eval_loss-->2.251798,train_acc-->1.000000,test_eval_loss-->6.928473,test_acc===0.700980
INFO:root:epoch:575 train_eval_loss-->2.252473,train_acc-->1.000000,test_eval_loss-->6.945303,test_acc===0.681373
INFO:root:epoch:576 train_eval_loss-->2.249483,train_acc-->1.000000,test_eval_loss-->6.938761,test_acc===0.676471
INFO:root:epoch:577 train_eval_loss-->2.278385,train_acc-->1.000000,test_eval_loss-->6.936398,test_acc===0.691176
INFO:root:epoch:578 train_eval_loss-->2.288953,train_acc-->1.000000,test_eval_loss-->6.992085,test_acc===0.607843
INFO:root:epoch:579 train_eval_loss-->2.321996,train_acc-->0.998525,test_eval_loss-->6.974540,test_acc===0.607843
INFO:root:epoch:580 train_eval_loss-->2.315140,train_acc-->1.000000,test_eval_loss-->6.949216,test_acc===0.637255
INFO:root:epoch:581 train_eval_loss-->2.307573,train_acc-->1.000000,test_eval_loss-->6.931458,test_acc===0.686275
INFO:root:epoch:582 train_eval_loss-->2.299414,train_acc-->1.000000,test_eval_loss-->6.936130,test_acc===0.661765
INFO:root:epoch:583 train_eval_loss-->2.284658,train_acc-->0.997050,test_eval_loss-->6.960972,test_acc===0.656863
INFO:root:epoch:584 train_eval_loss-->2.299488,train_acc-->1.000000,test_eval_loss-->6.922234,test_acc===0.715686
INFO:root:epoch:585 train_eval_loss-->2.295953,train_acc-->0.995575,test_eval_loss-->6.919687,test_acc===0.637255
INFO:root:epoch:586 train_eval_loss-->2.311815,train_acc-->0.997050,test_eval_loss-->6.937015,test_acc===0.705882
INFO:root:epoch:587 train_eval_loss-->2.321235,train_acc-->0.994100,test_eval_loss-->6.948987,test_acc===0.607843
INFO:root:epoch:588 train_eval_loss-->2.324460,train_acc-->1.000000,test_eval_loss-->6.945323,test_acc===0.642157
INFO:root:epoch:589 train_eval_loss-->2.341701,train_acc-->0.998525,test_eval_loss-->6.967988,test_acc===0.651961
INFO:root:epoch:590 train_eval_loss-->2.333431,train_acc-->0.986726,test_eval_loss-->6.950284,test_acc===0.671569
INFO:root:epoch:591 train_eval_loss-->2.337243,train_acc-->0.985251,test_eval_loss-->6.945087,test_acc===0.671569
INFO:root:epoch:592 train_eval_loss-->2.361164,train_acc-->0.976401,test_eval_loss-->6.970106,test_acc===0.563725
INFO:root:epoch:593 train_eval_loss-->2.348411,train_acc-->1.000000,test_eval_loss-->6.963168,test_acc===0.700980
INFO:root:epoch:594 train_eval_loss-->2.361531,train_acc-->0.985251,test_eval_loss-->6.942240,test_acc===0.632353
INFO:root:epoch:595 train_eval_loss-->2.344729,train_acc-->0.992625,test_eval_loss-->6.930243,test_acc===0.705882
INFO:root:epoch:596 train_eval_loss-->2.351811,train_acc-->0.988201,test_eval_loss-->6.996149,test_acc===0.622549
INFO:root:epoch:597 train_eval_loss-->2.377640,train_acc-->0.991150,test_eval_loss-->6.946149,test_acc===0.661765
INFO:root:epoch:598 train_eval_loss-->2.353774,train_acc-->0.983776,test_eval_loss-->6.948640,test_acc===0.710784
INFO:root:epoch:599 train_eval_loss-->2.347895,train_acc-->0.986726,test_eval_loss-->6.987769,test_acc===0.593137
INFO:root:epoch:600 train_eval_loss-->2.346453,train_acc-->0.995575,test_eval_loss-->6.958687,test_acc===0.676471
INFO:root:epoch:601 train_eval_loss-->2.359955,train_acc-->0.985251,test_eval_loss-->6.953239,test_acc===0.676471
INFO:root:epoch:602 train_eval_loss-->2.366392,train_acc-->0.988201,test_eval_loss-->6.995794,test_acc===0.568627
INFO:root:epoch:603 train_eval_loss-->2.392635,train_acc-->0.986726,test_eval_loss-->6.956805,test_acc===0.622549
INFO:root:epoch:604 train_eval_loss-->2.344493,train_acc-->1.000000,test_eval_loss-->6.976254,test_acc===0.632353
INFO:root:epoch:605 train_eval_loss-->2.349648,train_acc-->0.992625,test_eval_loss-->6.967979,test_acc===0.607843
INFO:root:epoch:606 train_eval_loss-->2.380269,train_acc-->0.988201,test_eval_loss-->6.940468,test_acc===0.686275
INFO:root:epoch:607 train_eval_loss-->2.333273,train_acc-->0.989676,test_eval_loss-->6.962703,test_acc===0.656863
INFO:root:epoch:608 train_eval_loss-->2.322003,train_acc-->0.998525,test_eval_loss-->6.990114,test_acc===0.598039
INFO:root:epoch:609 train_eval_loss-->2.342973,train_acc-->0.991150,test_eval_loss-->6.999942,test_acc===0.598039
INFO:root:epoch:610 train_eval_loss-->2.332907,train_acc-->0.997050,test_eval_loss-->6.940570,test_acc===0.642157
INFO:root:epoch:611 train_eval_loss-->2.319507,train_acc-->0.991150,test_eval_loss-->6.954525,test_acc===0.647059
INFO:root:epoch:612 train_eval_loss-->2.298325,train_acc-->1.000000,test_eval_loss-->6.947119,test_acc===0.642157
INFO:root:epoch:613 train_eval_loss-->2.302379,train_acc-->1.000000,test_eval_loss-->6.940278,test_acc===0.676471
INFO:root:epoch:614 train_eval_loss-->2.302829,train_acc-->0.998525,test_eval_loss-->6.908005,test_acc===0.686275
INFO:root:epoch:615 train_eval_loss-->2.314765,train_acc-->0.995575,test_eval_loss-->6.940189,test_acc===0.681373
INFO:root:epoch:616 train_eval_loss-->2.308745,train_acc-->1.000000,test_eval_loss-->6.956702,test_acc===0.661765
INFO:root:epoch:617 train_eval_loss-->2.291840,train_acc-->1.000000,test_eval_loss-->6.935499,test_acc===0.705882
INFO:root:epoch:618 train_eval_loss-->2.274293,train_acc-->1.000000,test_eval_loss-->6.925470,test_acc===0.700980
INFO:root:epoch:619 train_eval_loss-->2.277882,train_acc-->1.000000,test_eval_loss-->6.935400,test_acc===0.691176
INFO:root:epoch:620 train_eval_loss-->2.291355,train_acc-->1.000000,test_eval_loss-->6.950640,test_acc===0.642157
INFO:root:epoch:621 train_eval_loss-->2.273285,train_acc-->1.000000,test_eval_loss-->6.923416,test_acc===0.666667
INFO:root:epoch:622 train_eval_loss-->2.270488,train_acc-->1.000000,test_eval_loss-->6.930886,test_acc===0.661765
INFO:root:epoch:623 train_eval_loss-->2.254783,train_acc-->1.000000,test_eval_loss-->6.916470,test_acc===0.686275
INFO:root:epoch:624 train_eval_loss-->2.255229,train_acc-->0.998525,test_eval_loss-->6.924805,test_acc===0.666667
INFO:root:epoch:625 train_eval_loss-->2.247627,train_acc-->1.000000,test_eval_loss-->6.926785,test_acc===0.676471
INFO:root:epoch:626 train_eval_loss-->2.231094,train_acc-->1.000000,test_eval_loss-->6.922025,test_acc===0.671569
INFO:root:epoch:627 train_eval_loss-->2.224264,train_acc-->1.000000,test_eval_loss-->6.919066,test_acc===0.681373
INFO:root:epoch:628 train_eval_loss-->2.222336,train_acc-->1.000000,test_eval_loss-->6.923383,test_acc===0.705882
INFO:root:epoch:629 train_eval_loss-->2.224968,train_acc-->1.000000,test_eval_loss-->6.919877,test_acc===0.715686
INFO:root:epoch:630 train_eval_loss-->2.215913,train_acc-->1.000000,test_eval_loss-->6.926149,test_acc===0.691176
INFO:root:epoch:631 train_eval_loss-->2.206396,train_acc-->1.000000,test_eval_loss-->6.919635,test_acc===0.696078
INFO:root:epoch:632 train_eval_loss-->2.199558,train_acc-->1.000000,test_eval_loss-->6.927645,test_acc===0.705882
INFO:root:epoch:633 train_eval_loss-->2.189613,train_acc-->1.000000,test_eval_loss-->6.915454,test_acc===0.700980
INFO:root:epoch:634 train_eval_loss-->2.185792,train_acc-->1.000000,test_eval_loss-->6.930863,test_acc===0.676471
INFO:root:epoch:635 train_eval_loss-->2.188232,train_acc-->1.000000,test_eval_loss-->6.932753,test_acc===0.676471
INFO:root:epoch:636 train_eval_loss-->2.183363,train_acc-->1.000000,test_eval_loss-->6.908711,test_acc===0.700980
INFO:root:epoch:637 train_eval_loss-->2.176559,train_acc-->1.000000,test_eval_loss-->6.907359,test_acc===0.730392
INFO:root:epoch:638 train_eval_loss-->2.171824,train_acc-->1.000000,test_eval_loss-->6.900828,test_acc===0.710784
INFO:root:epoch:639 train_eval_loss-->2.172567,train_acc-->1.000000,test_eval_loss-->6.909177,test_acc===0.696078
INFO:root:epoch:640 train_eval_loss-->2.166112,train_acc-->1.000000,test_eval_loss-->6.920613,test_acc===0.686275
INFO:root:epoch:641 train_eval_loss-->2.160728,train_acc-->1.000000,test_eval_loss-->6.900321,test_acc===0.720588
INFO:root:epoch:642 train_eval_loss-->2.160106,train_acc-->1.000000,test_eval_loss-->6.916893,test_acc===0.686275
INFO:root:epoch:643 train_eval_loss-->2.156067,train_acc-->1.000000,test_eval_loss-->6.911711,test_acc===0.681373
INFO:root:epoch:644 train_eval_loss-->2.154138,train_acc-->1.000000,test_eval_loss-->6.894898,test_acc===0.710784
INFO:root:epoch:645 train_eval_loss-->2.152668,train_acc-->1.000000,test_eval_loss-->6.911286,test_acc===0.705882
INFO:root:epoch:646 train_eval_loss-->2.151630,train_acc-->1.000000,test_eval_loss-->6.914171,test_acc===0.686275
INFO:root:epoch:647 train_eval_loss-->2.150369,train_acc-->1.000000,test_eval_loss-->6.921500,test_acc===0.691176
INFO:root:epoch:648 train_eval_loss-->2.148773,train_acc-->1.000000,test_eval_loss-->6.909394,test_acc===0.715686
INFO:root:epoch:649 train_eval_loss-->2.149084,train_acc-->1.000000,test_eval_loss-->6.903419,test_acc===0.705882
INFO:root:epoch:650 train_eval_loss-->2.148636,train_acc-->1.000000,test_eval_loss-->6.908020,test_acc===0.691176
INFO:root:epoch:651 train_eval_loss-->2.148526,train_acc-->1.000000,test_eval_loss-->6.911970,test_acc===0.691176
INFO:root:epoch:652 train_eval_loss-->2.147951,train_acc-->1.000000,test_eval_loss-->6.911119,test_acc===0.696078
INFO:root:epoch:653 train_eval_loss-->2.148449,train_acc-->1.000000,test_eval_loss-->6.913140,test_acc===0.691176
INFO:root:epoch:654 train_eval_loss-->2.148031,train_acc-->1.000000,test_eval_loss-->6.906643,test_acc===0.696078
INFO:root:epoch:655 train_eval_loss-->2.150011,train_acc-->1.000000,test_eval_loss-->6.921588,test_acc===0.686275
INFO:root:epoch:656 train_eval_loss-->2.150824,train_acc-->1.000000,test_eval_loss-->6.894554,test_acc===0.720588
INFO:root:epoch:657 train_eval_loss-->2.152063,train_acc-->1.000000,test_eval_loss-->6.907985,test_acc===0.696078
INFO:root:epoch:658 train_eval_loss-->2.152765,train_acc-->1.000000,test_eval_loss-->6.908790,test_acc===0.666667
INFO:root:epoch:659 train_eval_loss-->2.153535,train_acc-->1.000000,test_eval_loss-->6.909557,test_acc===0.686275
INFO:root:epoch:660 train_eval_loss-->2.155678,train_acc-->1.000000,test_eval_loss-->6.926674,test_acc===0.686275
INFO:root:epoch:661 train_eval_loss-->2.161757,train_acc-->1.000000,test_eval_loss-->6.907376,test_acc===0.710784
INFO:root:epoch:662 train_eval_loss-->2.163724,train_acc-->1.000000,test_eval_loss-->6.898169,test_acc===0.720588
INFO:root:epoch:663 train_eval_loss-->2.170360,train_acc-->1.000000,test_eval_loss-->6.908863,test_acc===0.705882
INFO:root:epoch:664 train_eval_loss-->2.174215,train_acc-->1.000000,test_eval_loss-->6.919573,test_acc===0.686275
INFO:root:epoch:665 train_eval_loss-->2.173950,train_acc-->1.000000,test_eval_loss-->6.916985,test_acc===0.720588
INFO:root:epoch:666 train_eval_loss-->2.179970,train_acc-->1.000000,test_eval_loss-->6.910320,test_acc===0.705882
INFO:root:epoch:667 train_eval_loss-->2.183463,train_acc-->1.000000,test_eval_loss-->6.901008,test_acc===0.710784
INFO:root:epoch:668 train_eval_loss-->2.192960,train_acc-->1.000000,test_eval_loss-->6.924804,test_acc===0.705882
INFO:root:epoch:669 train_eval_loss-->2.200683,train_acc-->1.000000,test_eval_loss-->6.908846,test_acc===0.715686
INFO:root:epoch:670 train_eval_loss-->2.212976,train_acc-->1.000000,test_eval_loss-->6.904541,test_acc===0.691176
INFO:root:epoch:671 train_eval_loss-->2.222691,train_acc-->1.000000,test_eval_loss-->6.898908,test_acc===0.696078
INFO:root:epoch:672 train_eval_loss-->2.224724,train_acc-->1.000000,test_eval_loss-->6.917283,test_acc===0.671569
INFO:root:epoch:673 train_eval_loss-->2.228622,train_acc-->1.000000,test_eval_loss-->6.915700,test_acc===0.715686
INFO:root:epoch:674 train_eval_loss-->2.226327,train_acc-->1.000000,test_eval_loss-->6.906003,test_acc===0.676471
INFO:root:epoch:675 train_eval_loss-->2.237436,train_acc-->1.000000,test_eval_loss-->6.911515,test_acc===0.681373
INFO:root:epoch:676 train_eval_loss-->2.239499,train_acc-->1.000000,test_eval_loss-->6.919482,test_acc===0.671569
INFO:root:epoch:677 train_eval_loss-->2.231030,train_acc-->1.000000,test_eval_loss-->6.932013,test_acc===0.691176
INFO:root:epoch:678 train_eval_loss-->2.250501,train_acc-->1.000000,test_eval_loss-->6.936236,test_acc===0.681373
INFO:root:epoch:679 train_eval_loss-->2.258702,train_acc-->0.997050,test_eval_loss-->6.915753,test_acc===0.691176
INFO:root:epoch:680 train_eval_loss-->2.264918,train_acc-->0.998525,test_eval_loss-->6.907120,test_acc===0.686275
INFO:root:epoch:681 train_eval_loss-->2.264205,train_acc-->0.997050,test_eval_loss-->6.906221,test_acc===0.710784
INFO:root:epoch:682 train_eval_loss-->2.277507,train_acc-->1.000000,test_eval_loss-->6.931569,test_acc===0.647059
INFO:root:epoch:683 train_eval_loss-->2.284993,train_acc-->0.992625,test_eval_loss-->6.927444,test_acc===0.661765
INFO:root:epoch:684 train_eval_loss-->2.272007,train_acc-->1.000000,test_eval_loss-->6.897916,test_acc===0.740196
INFO:root:epoch:685 train_eval_loss-->2.297432,train_acc-->1.000000,test_eval_loss-->6.887059,test_acc===0.720588
INFO:root:epoch:686 train_eval_loss-->2.297145,train_acc-->0.998525,test_eval_loss-->6.888319,test_acc===0.661765
INFO:root:epoch:687 train_eval_loss-->2.306660,train_acc-->1.000000,test_eval_loss-->6.955676,test_acc===0.637255
INFO:root:epoch:688 train_eval_loss-->2.344282,train_acc-->1.000000,test_eval_loss-->6.933538,test_acc===0.612745
INFO:root:epoch:689 train_eval_loss-->2.347594,train_acc-->0.989676,test_eval_loss-->6.934391,test_acc===0.656863
INFO:root:epoch:690 train_eval_loss-->2.300200,train_acc-->1.000000,test_eval_loss-->6.906784,test_acc===0.686275
INFO:root:epoch:691 train_eval_loss-->2.312923,train_acc-->0.994100,test_eval_loss-->6.945679,test_acc===0.666667
INFO:root:epoch:692 train_eval_loss-->2.311465,train_acc-->0.989676,test_eval_loss-->6.959155,test_acc===0.632353
INFO:root:epoch:693 train_eval_loss-->2.310104,train_acc-->0.994100,test_eval_loss-->6.955783,test_acc===0.656863
INFO:root:epoch:694 train_eval_loss-->2.322291,train_acc-->0.997050,test_eval_loss-->6.971132,test_acc===0.632353
INFO:root:epoch:695 train_eval_loss-->2.321896,train_acc-->0.997050,test_eval_loss-->6.893922,test_acc===0.700980
INFO:root:epoch:696 train_eval_loss-->2.340395,train_acc-->0.998525,test_eval_loss-->7.021686,test_acc===0.495098
INFO:root:epoch:697 train_eval_loss-->2.353908,train_acc-->0.998525,test_eval_loss-->6.944087,test_acc===0.642157
INFO:root:epoch:698 train_eval_loss-->2.321365,train_acc-->0.995575,test_eval_loss-->6.936540,test_acc===0.696078
INFO:root:epoch:699 train_eval_loss-->2.322016,train_acc-->0.991150,test_eval_loss-->6.949996,test_acc===0.651961
INFO:root:epoch:700 train_eval_loss-->2.320525,train_acc-->0.994100,test_eval_loss-->6.905118,test_acc===0.681373
INFO:root:epoch:701 train_eval_loss-->2.336013,train_acc-->0.992625,test_eval_loss-->6.917624,test_acc===0.656863
INFO:root:epoch:702 train_eval_loss-->2.323127,train_acc-->0.991150,test_eval_loss-->6.933835,test_acc===0.651961
INFO:root:epoch:703 train_eval_loss-->2.316989,train_acc-->0.991150,test_eval_loss-->6.938640,test_acc===0.651961
INFO:root:epoch:704 train_eval_loss-->2.335046,train_acc-->0.998525,test_eval_loss-->6.922310,test_acc===0.651961
INFO:root:epoch:705 train_eval_loss-->2.332282,train_acc-->0.995575,test_eval_loss-->6.940566,test_acc===0.686275
INFO:root:epoch:706 train_eval_loss-->2.335828,train_acc-->0.994100,test_eval_loss-->6.948154,test_acc===0.627451
INFO:root:epoch:707 train_eval_loss-->2.311649,train_acc-->0.992625,test_eval_loss-->6.941659,test_acc===0.622549
INFO:root:epoch:708 train_eval_loss-->2.305129,train_acc-->0.995575,test_eval_loss-->6.887896,test_acc===0.725490
INFO:root:epoch:709 train_eval_loss-->2.317298,train_acc-->0.997050,test_eval_loss-->6.907152,test_acc===0.676471
INFO:root:epoch:710 train_eval_loss-->2.299900,train_acc-->0.998525,test_eval_loss-->6.921062,test_acc===0.666667
INFO:root:epoch:711 train_eval_loss-->2.315147,train_acc-->1.000000,test_eval_loss-->6.972432,test_acc===0.642157
INFO:root:epoch:712 train_eval_loss-->2.303077,train_acc-->1.000000,test_eval_loss-->6.933830,test_acc===0.681373
INFO:root:epoch:713 train_eval_loss-->2.291591,train_acc-->1.000000,test_eval_loss-->6.915857,test_acc===0.651961
INFO:root:epoch:714 train_eval_loss-->2.307543,train_acc-->1.000000,test_eval_loss-->6.931657,test_acc===0.676471
INFO:root:epoch:715 train_eval_loss-->2.288419,train_acc-->0.991150,test_eval_loss-->6.914765,test_acc===0.676471
INFO:root:epoch:716 train_eval_loss-->2.273026,train_acc-->1.000000,test_eval_loss-->6.914169,test_acc===0.686275
INFO:root:epoch:717 train_eval_loss-->2.275770,train_acc-->0.992625,test_eval_loss-->6.913451,test_acc===0.696078
INFO:root:epoch:718 train_eval_loss-->2.263005,train_acc-->1.000000,test_eval_loss-->6.916799,test_acc===0.681373
INFO:root:epoch:719 train_eval_loss-->2.266911,train_acc-->1.000000,test_eval_loss-->6.913898,test_acc===0.691176
INFO:root:epoch:720 train_eval_loss-->2.252059,train_acc-->1.000000,test_eval_loss-->6.914972,test_acc===0.686275
INFO:root:epoch:721 train_eval_loss-->2.260030,train_acc-->1.000000,test_eval_loss-->6.917642,test_acc===0.700980
INFO:root:epoch:722 train_eval_loss-->2.256510,train_acc-->1.000000,test_eval_loss-->6.904874,test_acc===0.681373
INFO:root:epoch:723 train_eval_loss-->2.246159,train_acc-->1.000000,test_eval_loss-->6.913190,test_acc===0.661765
INFO:root:epoch:724 train_eval_loss-->2.259799,train_acc-->1.000000,test_eval_loss-->6.935550,test_acc===0.676471
INFO:root:epoch:725 train_eval_loss-->2.245131,train_acc-->1.000000,test_eval_loss-->6.898511,test_acc===0.710784
INFO:root:epoch:726 train_eval_loss-->2.223977,train_acc-->1.000000,test_eval_loss-->6.915851,test_acc===0.671569
INFO:root:epoch:727 train_eval_loss-->2.213914,train_acc-->1.000000,test_eval_loss-->6.901166,test_acc===0.696078
INFO:root:epoch:728 train_eval_loss-->2.210848,train_acc-->1.000000,test_eval_loss-->6.888458,test_acc===0.725490
INFO:root:epoch:729 train_eval_loss-->2.201885,train_acc-->1.000000,test_eval_loss-->6.909943,test_acc===0.696078
INFO:root:epoch:730 train_eval_loss-->2.212816,train_acc-->1.000000,test_eval_loss-->6.887992,test_acc===0.715686
INFO:root:epoch:731 train_eval_loss-->2.197716,train_acc-->1.000000,test_eval_loss-->6.892943,test_acc===0.681373
INFO:root:epoch:732 train_eval_loss-->2.187892,train_acc-->1.000000,test_eval_loss-->6.912091,test_acc===0.715686
INFO:root:epoch:733 train_eval_loss-->2.188855,train_acc-->1.000000,test_eval_loss-->6.891617,test_acc===0.696078
INFO:root:epoch:734 train_eval_loss-->2.192999,train_acc-->1.000000,test_eval_loss-->6.895706,test_acc===0.696078
INFO:root:epoch:735 train_eval_loss-->2.181195,train_acc-->1.000000,test_eval_loss-->6.904317,test_acc===0.686275
INFO:root:epoch:736 train_eval_loss-->2.174722,train_acc-->1.000000,test_eval_loss-->6.894959,test_acc===0.705882
INFO:root:epoch:737 train_eval_loss-->2.170520,train_acc-->1.000000,test_eval_loss-->6.899600,test_acc===0.681373
INFO:root:epoch:738 train_eval_loss-->2.163495,train_acc-->1.000000,test_eval_loss-->6.893212,test_acc===0.705882
INFO:root:epoch:739 train_eval_loss-->2.159833,train_acc-->1.000000,test_eval_loss-->6.888797,test_acc===0.691176
INFO:root:epoch:740 train_eval_loss-->2.156202,train_acc-->1.000000,test_eval_loss-->6.882687,test_acc===0.725490
INFO:root:epoch:741 train_eval_loss-->2.153253,train_acc-->1.000000,test_eval_loss-->6.910167,test_acc===0.686275
INFO:root:epoch:742 train_eval_loss-->2.149383,train_acc-->1.000000,test_eval_loss-->6.881697,test_acc===0.735294
INFO:root:epoch:743 train_eval_loss-->2.147537,train_acc-->1.000000,test_eval_loss-->6.884385,test_acc===0.696078
INFO:root:epoch:744 train_eval_loss-->2.145844,train_acc-->1.000000,test_eval_loss-->6.896426,test_acc===0.691176
INFO:root:epoch:745 train_eval_loss-->2.143721,train_acc-->1.000000,test_eval_loss-->6.899544,test_acc===0.705882
INFO:root:epoch:746 train_eval_loss-->2.143185,train_acc-->1.000000,test_eval_loss-->6.888615,test_acc===0.710784
INFO:root:epoch:747 train_eval_loss-->2.141851,train_acc-->1.000000,test_eval_loss-->6.883187,test_acc===0.696078
INFO:root:epoch:748 train_eval_loss-->2.141648,train_acc-->1.000000,test_eval_loss-->6.886328,test_acc===0.676471
INFO:root:epoch:749 train_eval_loss-->2.141084,train_acc-->1.000000,test_eval_loss-->6.895657,test_acc===0.696078
INFO:root:epoch:750 train_eval_loss-->2.140610,train_acc-->1.000000,test_eval_loss-->6.894279,test_acc===0.671569
INFO:root:epoch:751 train_eval_loss-->2.140349,train_acc-->1.000000,test_eval_loss-->6.905270,test_acc===0.691176
INFO:root:epoch:752 train_eval_loss-->2.140751,train_acc-->1.000000,test_eval_loss-->6.884726,test_acc===0.705882
INFO:root:epoch:753 train_eval_loss-->2.140608,train_acc-->1.000000,test_eval_loss-->6.899660,test_acc===0.681373
INFO:root:epoch:754 train_eval_loss-->2.140177,train_acc-->1.000000,test_eval_loss-->6.903884,test_acc===0.671569
INFO:root:epoch:755 train_eval_loss-->2.140951,train_acc-->1.000000,test_eval_loss-->6.897331,test_acc===0.686275
INFO:root:epoch:756 train_eval_loss-->2.141029,train_acc-->1.000000,test_eval_loss-->6.882755,test_acc===0.691176
INFO:root:epoch:757 train_eval_loss-->2.141435,train_acc-->1.000000,test_eval_loss-->6.900645,test_acc===0.691176
INFO:root:epoch:758 train_eval_loss-->2.142908,train_acc-->1.000000,test_eval_loss-->6.888208,test_acc===0.705882
INFO:root:epoch:759 train_eval_loss-->2.145241,train_acc-->1.000000,test_eval_loss-->6.900862,test_acc===0.700980
INFO:root:epoch:760 train_eval_loss-->2.148383,train_acc-->1.000000,test_eval_loss-->6.880158,test_acc===0.696078
INFO:root:epoch:761 train_eval_loss-->2.149384,train_acc-->1.000000,test_eval_loss-->6.893247,test_acc===0.681373
INFO:root:epoch:762 train_eval_loss-->2.154035,train_acc-->1.000000,test_eval_loss-->6.893064,test_acc===0.656863
INFO:root:epoch:763 train_eval_loss-->2.159169,train_acc-->1.000000,test_eval_loss-->6.892024,test_acc===0.715686
INFO:root:epoch:764 train_eval_loss-->2.163771,train_acc-->1.000000,test_eval_loss-->6.907526,test_acc===0.700980
INFO:root:epoch:765 train_eval_loss-->2.170487,train_acc-->1.000000,test_eval_loss-->6.905435,test_acc===0.691176
INFO:root:epoch:766 train_eval_loss-->2.172644,train_acc-->1.000000,test_eval_loss-->6.879632,test_acc===0.705882
INFO:root:epoch:767 train_eval_loss-->2.182589,train_acc-->1.000000,test_eval_loss-->6.906500,test_acc===0.705882
INFO:root:epoch:768 train_eval_loss-->2.187588,train_acc-->1.000000,test_eval_loss-->6.902912,test_acc===0.686275
INFO:root:epoch:769 train_eval_loss-->2.189549,train_acc-->1.000000,test_eval_loss-->6.883424,test_acc===0.705882
INFO:root:epoch:770 train_eval_loss-->2.189972,train_acc-->1.000000,test_eval_loss-->6.880002,test_acc===0.720588
INFO:root:epoch:771 train_eval_loss-->2.192792,train_acc-->1.000000,test_eval_loss-->6.895926,test_acc===0.686275
INFO:root:epoch:772 train_eval_loss-->2.195305,train_acc-->1.000000,test_eval_loss-->6.880045,test_acc===0.705882
INFO:root:epoch:773 train_eval_loss-->2.214637,train_acc-->1.000000,test_eval_loss-->6.884474,test_acc===0.710784
INFO:root:epoch:774 train_eval_loss-->2.224602,train_acc-->1.000000,test_eval_loss-->6.889173,test_acc===0.700980
INFO:root:epoch:775 train_eval_loss-->2.221822,train_acc-->1.000000,test_eval_loss-->6.903011,test_acc===0.696078
INFO:root:epoch:776 train_eval_loss-->2.235458,train_acc-->1.000000,test_eval_loss-->6.891164,test_acc===0.681373
INFO:root:epoch:777 train_eval_loss-->2.229880,train_acc-->1.000000,test_eval_loss-->6.915294,test_acc===0.671569
INFO:root:epoch:778 train_eval_loss-->2.233866,train_acc-->1.000000,test_eval_loss-->6.895014,test_acc===0.705882
INFO:root:epoch:779 train_eval_loss-->2.239710,train_acc-->1.000000,test_eval_loss-->6.905597,test_acc===0.710784
INFO:root:epoch:780 train_eval_loss-->2.247827,train_acc-->1.000000,test_eval_loss-->6.904623,test_acc===0.676471
INFO:root:epoch:781 train_eval_loss-->2.265713,train_acc-->0.998525,test_eval_loss-->6.898288,test_acc===0.671569
INFO:root:epoch:782 train_eval_loss-->2.279989,train_acc-->0.998525,test_eval_loss-->6.900388,test_acc===0.696078
INFO:root:epoch:783 train_eval_loss-->2.273276,train_acc-->1.000000,test_eval_loss-->6.922515,test_acc===0.647059
INFO:root:epoch:784 train_eval_loss-->2.275172,train_acc-->1.000000,test_eval_loss-->6.869625,test_acc===0.725490
INFO:root:epoch:785 train_eval_loss-->2.278677,train_acc-->0.998525,test_eval_loss-->6.918714,test_acc===0.676471
INFO:root:epoch:786 train_eval_loss-->2.294865,train_acc-->0.997050,test_eval_loss-->6.898031,test_acc===0.671569
INFO:root:epoch:787 train_eval_loss-->2.298077,train_acc-->0.989676,test_eval_loss-->6.902148,test_acc===0.676471
INFO:root:epoch:788 train_eval_loss-->2.291436,train_acc-->0.998525,test_eval_loss-->6.934825,test_acc===0.637255
INFO:root:epoch:789 train_eval_loss-->2.316811,train_acc-->0.989676,test_eval_loss-->6.935766,test_acc===0.656863
INFO:root:epoch:790 train_eval_loss-->2.284964,train_acc-->1.000000,test_eval_loss-->6.923771,test_acc===0.637255
INFO:root:epoch:791 train_eval_loss-->2.317853,train_acc-->1.000000,test_eval_loss-->6.929037,test_acc===0.656863
INFO:root:epoch:792 train_eval_loss-->2.314860,train_acc-->1.000000,test_eval_loss-->6.900448,test_acc===0.632353
INFO:root:epoch:793 train_eval_loss-->2.304407,train_acc-->0.995575,test_eval_loss-->6.879967,test_acc===0.720588
INFO:root:epoch:794 train_eval_loss-->2.322577,train_acc-->0.991150,test_eval_loss-->6.901737,test_acc===0.720588
INFO:root:epoch:795 train_eval_loss-->2.313237,train_acc-->0.991150,test_eval_loss-->6.910439,test_acc===0.681373
INFO:root:epoch:796 train_eval_loss-->2.323518,train_acc-->0.994100,test_eval_loss-->7.013864,test_acc===0.563725
INFO:root:epoch:797 train_eval_loss-->2.336946,train_acc-->0.994100,test_eval_loss-->6.929515,test_acc===0.647059
INFO:root:epoch:798 train_eval_loss-->2.356782,train_acc-->0.988201,test_eval_loss-->6.978095,test_acc===0.617647
INFO:root:epoch:799 train_eval_loss-->2.339429,train_acc-->0.998525,test_eval_loss-->6.921531,test_acc===0.671569
