2023-11-22 20:30:09 - #----------Config info----------#
2023-11-22 20:30:09 - network: Pointneted_plus,
2023-11-22 20:30:09 - data_path: /media/yxz/新加卷/teeth_ct_points/CT3Dpoints/,
2023-11-22 20:30:09 - label_path: /media/yxz/新加卷/teeth_ct_points/CT3Dpoints/三维坐标表格.xlsx,
2023-11-22 20:30:09 - pretrained_path: ./pre_trained/,
2023-11-22 20:30:09 - num_classes: 3,
2023-11-22 20:30:09 - input_size_h: 512,
2023-11-22 20:30:09 - input_size_w: 512,
2023-11-22 20:30:09 - input_channels: 64,
2023-11-22 20:30:09 - distributed: False,
2023-11-22 20:30:09 - local_rank: -1,
2023-11-22 20:30:09 - num_workers: 4,
2023-11-22 20:30:09 - seed: 42,
2023-11-22 20:30:09 - world_size: None,
2023-11-22 20:30:09 - rank: None,
2023-11-22 20:30:09 - amp: False,
2023-11-22 20:30:09 - gpu_id: 0,
2023-11-22 20:30:09 - batch_size: 2,
2023-11-22 20:30:09 - val_bs: 1,
2023-11-22 20:30:09 - epochs: 500,
2023-11-22 20:30:09 - deep_supervision: False,
2023-11-22 20:30:09 - tailadd: True,
2023-11-22 20:30:09 - threshold: 8.660254037844387,
2023-11-22 20:30:09 - train_mean: [38.167084, 36.47113, 35.658463, 34.7275, 34.397972, 34.392757, 33.96709, 34.126865, 34.28234, 33.729267, 32.7962, 32.064926, 31.681631, 31.124203, 30.844501, 31.361849, 32.73974, 34.215652, 36.648277, 38.611458, 40.539837, 42.120747, 43.28669, 44.45494, 45.614132, 46.21989, 47.45023, 48.500004, 49.44821, 50.419426, 52.140045, 53.649082, 54.722622, 55.427254, 55.996006, 56.55678, 57.03274, 56.78339, 56.16994, 56.052105, 56.084873, 55.73664, 55.51461, 54.455627, 53.19349, 51.708523, 50.496777, 48.39798, 46.618237],
2023-11-22 20:30:09 - train_std: [52.12329, 51.107494, 50.941055, 50.223755, 50.00628, 50.154346, 49.390217, 49.584064, 49.46689, 48.635002, 46.955963, 45.86415, 45.254314, 44.008198, 43.081245, 43.15782, 44.181343, 45.16833, 47.433487, 48.60615, 50.44894, 51.635715, 52.542904, 53.638527, 54.554443, 54.860928, 55.634895, 56.127644, 56.314377, 56.52658, 57.31575, 57.992775, 58.40813, 58.65052, 58.6726, 58.786034, 59.043797, 59.15101, 58.878242, 59.1303, 59.565495, 59.95643, 60.605595, 60.74457, 60.784153, 60.811424, 61.18004, 60.75567, 60.8064],
2023-11-22 20:30:09 - val_mean: [39.743374, 38.122738, 37.19561, 35.71686, 35.202812, 34.790627, 34.621647, 34.678947, 34.44854, 33.327152, 32.52173, 31.267305, 30.603254, 30.013475, 29.536041, 30.480452, 31.952286, 33.71057, 36.010574, 38.201912, 39.313183, 42.94376, 44.53766, 45.518337, 46.94797, 46.58542, 47.49811, 48.238167, 51.026104, 52.292915, 52.69654, 53.169758, 53.87486, 55.697067, 57.654236, 57.586315, 57.758514, 57.174618, 57.736595, 57.24419, 57.544117, 57.37176, 56.43062, 55.96641, 55.325653, 53.10815, 52.179287, 50.27785, 47.04305],
2023-11-22 20:30:09 - val_std: [53.15056, 52.15993, 51.616505, 50.33102, 50.21509, 50.081203, 50.03935, 49.86299, 49.531567, 48.28274, 46.95426, 45.172287, 43.96861, 42.88531, 41.24616, 42.37183, 43.43441, 44.75589, 46.571957, 48.567627, 49.173023, 51.97025, 53.31617, 54.147503, 55.217754, 54.256313, 54.82137, 55.228252, 57.024765, 57.493202, 57.21687, 57.12449, 57.009945, 58.07164, 58.968643, 58.816093, 58.97068, 58.471672, 58.976105, 58.958794, 59.510704, 60.026344, 60.16703, 60.841858, 61.621956, 61.22611, 61.83866, 62.08808, 61.1031],
2023-11-22 20:30:09 - work_dir: results/Pointneted_plus_Wednesday_22_November_2023_20h_30m_09s/,
2023-11-22 20:30:09 - tensor_size: 0,
2023-11-22 20:30:09 - train_transformer: Compose(
    <utils.myToTensor object at 0x7fe08da4ff10>
    <utils.myResize object at 0x7fe0d0ac3040>
),
2023-11-22 20:30:09 - test_transformer: Compose(
    <utils.myToTensor object at 0x7fe0d0ac3100>
    <utils.myResize object at 0x7fe0d0ac3130>
),
2023-11-22 20:30:09 - opt: AdamW,
2023-11-22 20:30:09 - lr: 0.001,
2023-11-22 20:30:09 - betas: (0.9, 0.999),
2023-11-22 20:30:09 - eps: 1e-08,
2023-11-22 20:30:09 - weight_decay: 0.01,
2023-11-22 20:30:09 - amsgrad: False,
2023-11-22 20:30:09 - sch: CosineAnnealingLR,
2023-11-22 20:30:09 - T_max: 50,
2023-11-22 20:30:09 - eta_min: 1e-05,
2023-11-22 20:30:09 - last_epoch: -1,
INFO:root:train--mean-->[38.167084 36.47113  35.658463 34.7275   34.397972 34.392757 33.96709
 34.126865 34.28234  33.729267 32.7962   32.064926 31.681631 31.124203
 30.844501 31.361849 32.73974  34.215652 36.648277 38.611458 40.539837
 42.120747 43.28669  44.45494  45.614132 46.21989  47.45023  48.500004
 49.44821  50.419426 52.140045 53.649082 54.722622 55.427254 55.996006
 56.55678  57.03274  56.78339  56.16994  56.052105 56.084873 55.73664
 55.51461  54.455627 53.19349  51.708523 50.496777 48.39798  46.618237]
INFO:root:train--std-->[52.12329  51.107494 50.941055 50.223755 50.00628  50.154346 49.390217
 49.584064 49.46689  48.635002 46.955963 45.86415  45.254314 44.008198
 43.081245 43.15782  44.181343 45.16833  47.433487 48.60615  50.44894
 51.635715 52.542904 53.638527 54.554443 54.860928 55.634895 56.127644
 56.314377 56.52658  57.31575  57.992775 58.40813  58.65052  58.6726
 58.786034 59.043797 59.15101  58.878242 59.1303   59.565495 59.95643
 60.605595 60.74457  60.784153 60.811424 61.18004  60.75567  60.8064  ]
INFO:root:val--mean-->[39.743374 38.122738 37.19561  35.71686  35.202812 34.790627 34.621647
 34.678947 34.44854  33.327152 32.52173  31.267305 30.603254 30.013475
 29.536041 30.480452 31.952286 33.71057  36.010574 38.201912 39.313183
 42.94376  44.53766  45.518337 46.94797  46.58542  47.49811  48.238167
 51.026104 52.292915 52.69654  53.169758 53.87486  55.697067 57.654236
 57.586315 57.758514 57.174618 57.736595 57.24419  57.544117 57.37176
 56.43062  55.96641  55.325653 53.10815  52.179287 50.27785  47.04305 ]
INFO:root:val--std-->[53.15056  52.15993  51.616505 50.33102  50.21509  50.081203 50.03935
 49.86299  49.531567 48.28274  46.95426  45.172287 43.96861  42.88531
 41.24616  42.37183  43.43441  44.75589  46.571957 48.567627 49.173023
 51.97025  53.31617  54.147503 55.217754 54.256313 54.82137  55.228252
 57.024765 57.493202 57.21687  57.12449  57.009945 58.07164  58.968643
 58.816093 58.97068  58.471672 58.976105 58.958794 59.510704 60.026344
 60.16703  60.841858 61.621956 61.22611  61.83866  62.08808  61.1031  ]
INFO:root:real_input_channels-->49
INFO:root:epoch:0 train_eval_loss-->4.970988,train_acc-->0.067847,test_eval_loss-->3.404791,test_acc===0.107843
INFO:root:epoch:1 train_eval_loss-->3.707565,train_acc-->0.088496,test_eval_loss-->3.521531,test_acc===0.137255
INFO:root:epoch:2 train_eval_loss-->3.603667,train_acc-->0.112094,test_eval_loss-->3.182941,test_acc===0.176471
INFO:root:epoch:3 train_eval_loss-->3.318070,train_acc-->0.103245,test_eval_loss-->3.737103,test_acc===0.039216
INFO:root:epoch:4 train_eval_loss-->3.395286,train_acc-->0.097345,test_eval_loss-->3.025738,test_acc===0.156863
INFO:root:epoch:5 train_eval_loss-->2.936779,train_acc-->0.200590,test_eval_loss-->2.956728,test_acc===0.215686
INFO:root:epoch:6 train_eval_loss-->3.020582,train_acc-->0.174041,test_eval_loss-->4.123259,test_acc===0.000000
INFO:root:epoch:7 train_eval_loss-->3.135530,train_acc-->0.168142,test_eval_loss-->2.763513,test_acc===0.186275
INFO:root:epoch:8 train_eval_loss-->2.597010,train_acc-->0.218289,test_eval_loss-->3.298680,test_acc===0.068627
INFO:root:epoch:9 train_eval_loss-->2.615373,train_acc-->0.238938,test_eval_loss-->2.692630,test_acc===0.235294
INFO:root:epoch:10 train_eval_loss-->2.414062,train_acc-->0.253687,test_eval_loss-->2.429371,test_acc===0.323529
INFO:root:epoch:11 train_eval_loss-->2.265000,train_acc-->0.262537,test_eval_loss-->2.518368,test_acc===0.215686
INFO:root:epoch:12 train_eval_loss-->2.332374,train_acc-->0.262537,test_eval_loss-->2.495640,test_acc===0.078431
INFO:root:epoch:13 train_eval_loss-->2.539472,train_acc-->0.221239,test_eval_loss-->2.709935,test_acc===0.107843
INFO:root:epoch:14 train_eval_loss-->2.380548,train_acc-->0.215339,test_eval_loss-->2.082125,test_acc===0.352941
INFO:root:epoch:15 train_eval_loss-->1.998078,train_acc-->0.398230,test_eval_loss-->2.236177,test_acc===0.186275
INFO:root:epoch:16 train_eval_loss-->1.860635,train_acc-->0.436578,test_eval_loss-->1.749014,test_acc===0.401961
INFO:root:epoch:17 train_eval_loss-->1.904882,train_acc-->0.398230,test_eval_loss-->2.253891,test_acc===0.176471
INFO:root:epoch:18 train_eval_loss-->1.843977,train_acc-->0.380531,test_eval_loss-->1.815223,test_acc===0.421569
INFO:root:epoch:19 train_eval_loss-->1.712300,train_acc-->0.445428,test_eval_loss-->1.694343,test_acc===0.460784
INFO:root:epoch:20 train_eval_loss-->1.716474,train_acc-->0.466077,test_eval_loss-->1.909878,test_acc===0.362745
INFO:root:epoch:21 train_eval_loss-->1.570225,train_acc-->0.551622,test_eval_loss-->1.844818,test_acc===0.323529
INFO:root:epoch:22 train_eval_loss-->1.643436,train_acc-->0.474926,test_eval_loss-->2.114613,test_acc===0.254902
INFO:root:epoch:23 train_eval_loss-->1.548991,train_acc-->0.533923,test_eval_loss-->1.531575,test_acc===0.539216
INFO:root:epoch:24 train_eval_loss-->1.218054,train_acc-->0.722714,test_eval_loss-->1.679971,test_acc===0.460784
INFO:root:epoch:25 train_eval_loss-->1.282568,train_acc-->0.657817,test_eval_loss-->1.542405,test_acc===0.568627
INFO:root:epoch:26 train_eval_loss-->1.179455,train_acc-->0.752212,test_eval_loss-->1.874968,test_acc===0.303922
INFO:root:epoch:27 train_eval_loss-->1.130336,train_acc-->0.740413,test_eval_loss-->1.467555,test_acc===0.607843
INFO:root:epoch:28 train_eval_loss-->1.056994,train_acc-->0.814159,test_eval_loss-->1.523252,test_acc===0.588235
INFO:root:epoch:29 train_eval_loss-->1.062492,train_acc-->0.837758,test_eval_loss-->1.339063,test_acc===0.588235
INFO:root:epoch:30 train_eval_loss-->0.922779,train_acc-->0.884956,test_eval_loss-->1.452206,test_acc===0.617647
INFO:root:epoch:31 train_eval_loss-->0.842232,train_acc-->0.899705,test_eval_loss-->1.395800,test_acc===0.568627
INFO:root:epoch:32 train_eval_loss-->0.820933,train_acc-->0.932153,test_eval_loss-->1.196062,test_acc===0.715686
INFO:root:epoch:33 train_eval_loss-->0.702419,train_acc-->0.973451,test_eval_loss-->1.231738,test_acc===0.696078
INFO:root:epoch:34 train_eval_loss-->0.672527,train_acc-->0.970501,test_eval_loss-->1.236141,test_acc===0.647059
INFO:root:epoch:35 train_eval_loss-->0.652205,train_acc-->0.964602,test_eval_loss-->1.295366,test_acc===0.637255
INFO:root:epoch:36 train_eval_loss-->0.589919,train_acc-->0.973451,test_eval_loss-->1.213151,test_acc===0.676471
INFO:root:epoch:37 train_eval_loss-->0.622156,train_acc-->0.976401,test_eval_loss-->1.183612,test_acc===0.696078
INFO:root:epoch:38 train_eval_loss-->0.515599,train_acc-->0.988201,test_eval_loss-->1.145224,test_acc===0.705882
INFO:root:epoch:39 train_eval_loss-->0.450191,train_acc-->0.991150,test_eval_loss-->1.204770,test_acc===0.686275
INFO:root:epoch:40 train_eval_loss-->0.425620,train_acc-->0.991150,test_eval_loss-->1.127472,test_acc===0.696078
INFO:root:epoch:41 train_eval_loss-->0.390608,train_acc-->0.997050,test_eval_loss-->1.185280,test_acc===0.676471
INFO:root:epoch:42 train_eval_loss-->0.342641,train_acc-->0.994100,test_eval_loss-->1.163604,test_acc===0.686275
INFO:root:epoch:43 train_eval_loss-->0.333611,train_acc-->0.997050,test_eval_loss-->1.178879,test_acc===0.676471
INFO:root:epoch:44 train_eval_loss-->0.304448,train_acc-->0.997050,test_eval_loss-->1.153343,test_acc===0.686275
INFO:root:epoch:45 train_eval_loss-->0.278565,train_acc-->0.997050,test_eval_loss-->1.164115,test_acc===0.686275
INFO:root:epoch:46 train_eval_loss-->0.267293,train_acc-->0.997050,test_eval_loss-->1.174259,test_acc===0.686275
INFO:root:epoch:47 train_eval_loss-->0.250690,train_acc-->0.997050,test_eval_loss-->1.166635,test_acc===0.676471
INFO:root:epoch:48 train_eval_loss-->0.241264,train_acc-->0.997050,test_eval_loss-->1.168942,test_acc===0.686275
INFO:root:epoch:49 train_eval_loss-->0.235255,train_acc-->0.997050,test_eval_loss-->1.170572,test_acc===0.686275
INFO:root:epoch:50 train_eval_loss-->0.231830,train_acc-->0.997050,test_eval_loss-->1.172889,test_acc===0.686275
INFO:root:epoch:51 train_eval_loss-->0.230079,train_acc-->0.997050,test_eval_loss-->1.168969,test_acc===0.686275
INFO:root:epoch:52 train_eval_loss-->0.233955,train_acc-->0.997050,test_eval_loss-->1.172980,test_acc===0.676471
INFO:root:epoch:53 train_eval_loss-->0.232128,train_acc-->0.997050,test_eval_loss-->1.166645,test_acc===0.686275
INFO:root:epoch:54 train_eval_loss-->0.232822,train_acc-->0.997050,test_eval_loss-->1.186189,test_acc===0.686275
INFO:root:epoch:55 train_eval_loss-->0.243046,train_acc-->0.997050,test_eval_loss-->1.191242,test_acc===0.676471
INFO:root:epoch:56 train_eval_loss-->0.261209,train_acc-->0.997050,test_eval_loss-->1.195348,test_acc===0.666667
INFO:root:epoch:57 train_eval_loss-->0.271530,train_acc-->0.997050,test_eval_loss-->1.172303,test_acc===0.686275
INFO:root:epoch:58 train_eval_loss-->0.316242,train_acc-->0.997050,test_eval_loss-->1.182128,test_acc===0.696078
INFO:root:epoch:59 train_eval_loss-->0.323702,train_acc-->0.997050,test_eval_loss-->1.232668,test_acc===0.666667
INFO:root:epoch:60 train_eval_loss-->0.349338,train_acc-->0.997050,test_eval_loss-->1.167013,test_acc===0.696078
INFO:root:epoch:61 train_eval_loss-->0.370284,train_acc-->0.997050,test_eval_loss-->1.255290,test_acc===0.676471
INFO:root:epoch:62 train_eval_loss-->0.487450,train_acc-->0.988201,test_eval_loss-->1.204711,test_acc===0.705882
INFO:root:epoch:63 train_eval_loss-->0.463193,train_acc-->0.985251,test_eval_loss-->1.199423,test_acc===0.705882
INFO:root:epoch:64 train_eval_loss-->0.524632,train_acc-->0.988201,test_eval_loss-->1.208032,test_acc===0.705882
INFO:root:epoch:65 train_eval_loss-->0.565113,train_acc-->0.979351,test_eval_loss-->1.201005,test_acc===0.656863
INFO:root:epoch:66 train_eval_loss-->0.562586,train_acc-->0.988201,test_eval_loss-->1.210035,test_acc===0.676471
INFO:root:epoch:67 train_eval_loss-->0.630495,train_acc-->0.976401,test_eval_loss-->1.199811,test_acc===0.705882
INFO:root:epoch:68 train_eval_loss-->0.717537,train_acc-->0.964602,test_eval_loss-->1.354076,test_acc===0.627451
INFO:root:epoch:69 train_eval_loss-->0.707404,train_acc-->0.967552,test_eval_loss-->1.318026,test_acc===0.666667
INFO:root:epoch:70 train_eval_loss-->0.760219,train_acc-->0.938053,test_eval_loss-->1.243994,test_acc===0.725490
INFO:root:epoch:71 train_eval_loss-->0.702843,train_acc-->0.979351,test_eval_loss-->1.601147,test_acc===0.617647
INFO:root:epoch:72 train_eval_loss-->0.750445,train_acc-->0.946903,test_eval_loss-->1.194788,test_acc===0.686275
INFO:root:epoch:73 train_eval_loss-->0.764589,train_acc-->0.926254,test_eval_loss-->1.327931,test_acc===0.637255
INFO:root:epoch:74 train_eval_loss-->0.896132,train_acc-->0.908555,test_eval_loss-->1.293430,test_acc===0.666667
INFO:root:epoch:75 train_eval_loss-->0.877370,train_acc-->0.902655,test_eval_loss-->1.587970,test_acc===0.460784
INFO:root:epoch:76 train_eval_loss-->1.061758,train_acc-->0.769912,test_eval_loss-->1.309624,test_acc===0.686275
INFO:root:epoch:77 train_eval_loss-->0.890118,train_acc-->0.908555,test_eval_loss-->1.232448,test_acc===0.725490
INFO:root:epoch:78 train_eval_loss-->0.854008,train_acc-->0.899705,test_eval_loss-->1.488150,test_acc===0.490196
INFO:root:epoch:79 train_eval_loss-->1.013180,train_acc-->0.825959,test_eval_loss-->1.295813,test_acc===0.656863
INFO:root:epoch:80 train_eval_loss-->1.024932,train_acc-->0.843658,test_eval_loss-->1.677732,test_acc===0.519608
INFO:root:epoch:81 train_eval_loss-->1.045210,train_acc-->0.855457,test_eval_loss-->1.603856,test_acc===0.480392
INFO:root:epoch:82 train_eval_loss-->1.021891,train_acc-->0.808260,test_eval_loss-->1.401906,test_acc===0.598039
INFO:root:epoch:83 train_eval_loss-->0.969193,train_acc-->0.855457,test_eval_loss-->1.596859,test_acc===0.529412
INFO:root:epoch:84 train_eval_loss-->1.052064,train_acc-->0.820059,test_eval_loss-->1.445256,test_acc===0.627451
INFO:root:epoch:85 train_eval_loss-->0.967557,train_acc-->0.879056,test_eval_loss-->1.473507,test_acc===0.490196
INFO:root:epoch:86 train_eval_loss-->1.019683,train_acc-->0.831858,test_eval_loss-->1.705552,test_acc===0.392157
INFO:root:epoch:87 train_eval_loss-->0.985988,train_acc-->0.855457,test_eval_loss-->1.432185,test_acc===0.529412
INFO:root:epoch:88 train_eval_loss-->1.062202,train_acc-->0.811209,test_eval_loss-->1.569163,test_acc===0.490196
INFO:root:epoch:89 train_eval_loss-->1.078041,train_acc-->0.811209,test_eval_loss-->1.661434,test_acc===0.470588
INFO:root:epoch:90 train_eval_loss-->0.960857,train_acc-->0.852507,test_eval_loss-->1.304104,test_acc===0.725490
INFO:root:epoch:91 train_eval_loss-->1.113672,train_acc-->0.758112,test_eval_loss-->1.374271,test_acc===0.578431
INFO:root:epoch:92 train_eval_loss-->1.049815,train_acc-->0.778761,test_eval_loss-->1.426703,test_acc===0.607843
INFO:root:epoch:93 train_eval_loss-->1.235438,train_acc-->0.690265,test_eval_loss-->1.461306,test_acc===0.460784
INFO:root:epoch:94 train_eval_loss-->1.025270,train_acc-->0.814159,test_eval_loss-->1.527237,test_acc===0.607843
INFO:root:epoch:95 train_eval_loss-->1.092847,train_acc-->0.820059,test_eval_loss-->1.639347,test_acc===0.500000
INFO:root:epoch:96 train_eval_loss-->0.936977,train_acc-->0.870206,test_eval_loss-->1.254679,test_acc===0.666667
INFO:root:epoch:97 train_eval_loss-->0.955812,train_acc-->0.873156,test_eval_loss-->1.788240,test_acc===0.382353
INFO:root:epoch:98 train_eval_loss-->1.064572,train_acc-->0.805310,test_eval_loss-->1.813210,test_acc===0.480392
INFO:root:epoch:99 train_eval_loss-->0.969804,train_acc-->0.867257,test_eval_loss-->1.304272,test_acc===0.647059
INFO:root:epoch:100 train_eval_loss-->0.952467,train_acc-->0.867257,test_eval_loss-->1.585661,test_acc===0.470588
INFO:root:epoch:101 train_eval_loss-->0.888993,train_acc-->0.902655,test_eval_loss-->1.613447,test_acc===0.480392
INFO:root:epoch:102 train_eval_loss-->0.846749,train_acc-->0.908555,test_eval_loss-->1.443983,test_acc===0.549020
INFO:root:epoch:103 train_eval_loss-->0.805912,train_acc-->0.943953,test_eval_loss-->1.360371,test_acc===0.617647
INFO:root:epoch:104 train_eval_loss-->0.912143,train_acc-->0.873156,test_eval_loss-->1.209228,test_acc===0.686275
INFO:root:epoch:105 train_eval_loss-->0.786191,train_acc-->0.943953,test_eval_loss-->1.248438,test_acc===0.666667
INFO:root:epoch:106 train_eval_loss-->0.886331,train_acc-->0.867257,test_eval_loss-->1.386456,test_acc===0.666667
INFO:root:epoch:107 train_eval_loss-->0.850226,train_acc-->0.914454,test_eval_loss-->1.222521,test_acc===0.666667
INFO:root:epoch:108 train_eval_loss-->0.775822,train_acc-->0.946903,test_eval_loss-->1.307780,test_acc===0.676471
INFO:root:epoch:109 train_eval_loss-->0.744721,train_acc-->0.932153,test_eval_loss-->1.213125,test_acc===0.715686
INFO:root:epoch:110 train_eval_loss-->0.891351,train_acc-->0.914454,test_eval_loss-->1.629693,test_acc===0.529412
INFO:root:epoch:111 train_eval_loss-->0.798347,train_acc-->0.958702,test_eval_loss-->1.365081,test_acc===0.617647
INFO:root:epoch:112 train_eval_loss-->0.703914,train_acc-->0.955752,test_eval_loss-->1.490065,test_acc===0.617647
INFO:root:epoch:113 train_eval_loss-->0.655387,train_acc-->0.964602,test_eval_loss-->1.145650,test_acc===0.754902
INFO:root:epoch:114 train_eval_loss-->0.581278,train_acc-->0.973451,test_eval_loss-->1.316796,test_acc===0.686275
INFO:root:epoch:115 train_eval_loss-->0.606124,train_acc-->0.964602,test_eval_loss-->1.513437,test_acc===0.568627
INFO:root:epoch:116 train_eval_loss-->0.620462,train_acc-->0.976401,test_eval_loss-->1.284400,test_acc===0.656863
INFO:root:epoch:117 train_eval_loss-->0.627040,train_acc-->0.982301,test_eval_loss-->1.205812,test_acc===0.705882
INFO:root:epoch:118 train_eval_loss-->0.559353,train_acc-->0.985251,test_eval_loss-->1.331077,test_acc===0.647059
INFO:root:epoch:119 train_eval_loss-->0.606822,train_acc-->0.976401,test_eval_loss-->1.278931,test_acc===0.705882
INFO:root:epoch:120 train_eval_loss-->0.556314,train_acc-->0.982301,test_eval_loss-->1.394703,test_acc===0.617647
INFO:root:epoch:121 train_eval_loss-->0.548343,train_acc-->0.991150,test_eval_loss-->1.231293,test_acc===0.705882
INFO:root:epoch:122 train_eval_loss-->0.456849,train_acc-->0.988201,test_eval_loss-->1.313785,test_acc===0.647059
INFO:root:epoch:123 train_eval_loss-->0.508638,train_acc-->0.985251,test_eval_loss-->1.329292,test_acc===0.647059
INFO:root:epoch:124 train_eval_loss-->0.466648,train_acc-->0.994100,test_eval_loss-->1.168629,test_acc===0.735294
INFO:root:epoch:125 train_eval_loss-->0.445397,train_acc-->0.988201,test_eval_loss-->1.187297,test_acc===0.745098
INFO:root:epoch:126 train_eval_loss-->0.395469,train_acc-->0.988201,test_eval_loss-->1.176922,test_acc===0.754902
INFO:root:epoch:127 train_eval_loss-->0.366208,train_acc-->0.997050,test_eval_loss-->1.279942,test_acc===0.705882
INFO:root:epoch:128 train_eval_loss-->0.362993,train_acc-->0.997050,test_eval_loss-->1.197387,test_acc===0.745098
INFO:root:epoch:129 train_eval_loss-->0.381364,train_acc-->0.997050,test_eval_loss-->1.173090,test_acc===0.754902
INFO:root:epoch:130 train_eval_loss-->0.326760,train_acc-->0.997050,test_eval_loss-->1.229921,test_acc===0.666667
INFO:root:epoch:131 train_eval_loss-->0.383463,train_acc-->0.997050,test_eval_loss-->1.181920,test_acc===0.745098
INFO:root:epoch:132 train_eval_loss-->0.283696,train_acc-->0.991150,test_eval_loss-->1.195656,test_acc===0.754902
INFO:root:epoch:133 train_eval_loss-->0.249779,train_acc-->0.997050,test_eval_loss-->1.166183,test_acc===0.764706
INFO:root:epoch:134 train_eval_loss-->0.220123,train_acc-->0.997050,test_eval_loss-->1.188258,test_acc===0.754902
INFO:root:epoch:135 train_eval_loss-->0.191855,train_acc-->0.997050,test_eval_loss-->1.167798,test_acc===0.745098
INFO:root:epoch:136 train_eval_loss-->0.163045,train_acc-->0.997050,test_eval_loss-->1.189192,test_acc===0.745098
INFO:root:epoch:137 train_eval_loss-->0.160532,train_acc-->0.997050,test_eval_loss-->1.155698,test_acc===0.754902
INFO:root:epoch:138 train_eval_loss-->0.140400,train_acc-->0.997050,test_eval_loss-->1.158216,test_acc===0.774510
INFO:root:epoch:139 train_eval_loss-->0.125103,train_acc-->0.997050,test_eval_loss-->1.169709,test_acc===0.745098
INFO:root:epoch:140 train_eval_loss-->0.113844,train_acc-->0.997050,test_eval_loss-->1.166407,test_acc===0.754902
INFO:root:epoch:141 train_eval_loss-->0.105444,train_acc-->0.997050,test_eval_loss-->1.170326,test_acc===0.745098
INFO:root:epoch:142 train_eval_loss-->0.084831,train_acc-->0.997050,test_eval_loss-->1.162058,test_acc===0.764706
INFO:root:epoch:143 train_eval_loss-->0.068327,train_acc-->0.997050,test_eval_loss-->1.156266,test_acc===0.774510
INFO:root:epoch:144 train_eval_loss-->0.059799,train_acc-->0.997050,test_eval_loss-->1.167273,test_acc===0.764706
INFO:root:epoch:145 train_eval_loss-->0.053034,train_acc-->0.997050,test_eval_loss-->1.163737,test_acc===0.754902
INFO:root:epoch:146 train_eval_loss-->0.048476,train_acc-->0.997050,test_eval_loss-->1.161638,test_acc===0.764706
INFO:root:epoch:147 train_eval_loss-->0.042616,train_acc-->0.997050,test_eval_loss-->1.161857,test_acc===0.764706
INFO:root:epoch:148 train_eval_loss-->0.039010,train_acc-->0.997050,test_eval_loss-->1.161645,test_acc===0.764706
INFO:root:epoch:149 train_eval_loss-->0.035661,train_acc-->0.997050,test_eval_loss-->1.163821,test_acc===0.764706
INFO:root:epoch:150 train_eval_loss-->0.033680,train_acc-->0.997050,test_eval_loss-->1.163074,test_acc===0.754902
INFO:root:epoch:151 train_eval_loss-->0.032014,train_acc-->0.997050,test_eval_loss-->1.161060,test_acc===0.764706
INFO:root:epoch:152 train_eval_loss-->0.033203,train_acc-->0.997050,test_eval_loss-->1.163437,test_acc===0.764706
INFO:root:epoch:153 train_eval_loss-->0.036411,train_acc-->0.997050,test_eval_loss-->1.159990,test_acc===0.754902
INFO:root:epoch:154 train_eval_loss-->0.037353,train_acc-->0.997050,test_eval_loss-->1.164404,test_acc===0.754902
INFO:root:epoch:155 train_eval_loss-->0.047441,train_acc-->0.997050,test_eval_loss-->1.164563,test_acc===0.764706
INFO:root:epoch:156 train_eval_loss-->0.055572,train_acc-->0.997050,test_eval_loss-->1.169779,test_acc===0.754902
INFO:root:epoch:157 train_eval_loss-->0.057173,train_acc-->0.997050,test_eval_loss-->1.163515,test_acc===0.774510
INFO:root:epoch:158 train_eval_loss-->0.072382,train_acc-->0.997050,test_eval_loss-->1.160387,test_acc===0.745098
INFO:root:epoch:159 train_eval_loss-->0.102196,train_acc-->0.997050,test_eval_loss-->1.160612,test_acc===0.774510
INFO:root:epoch:160 train_eval_loss-->0.115989,train_acc-->0.997050,test_eval_loss-->1.203443,test_acc===0.735294
INFO:root:epoch:161 train_eval_loss-->0.141923,train_acc-->0.997050,test_eval_loss-->1.163320,test_acc===0.774510
INFO:root:epoch:162 train_eval_loss-->0.152187,train_acc-->0.997050,test_eval_loss-->1.155677,test_acc===0.774510
INFO:root:epoch:163 train_eval_loss-->0.162104,train_acc-->0.997050,test_eval_loss-->1.190617,test_acc===0.745098
INFO:root:epoch:164 train_eval_loss-->0.201052,train_acc-->0.997050,test_eval_loss-->1.205688,test_acc===0.715686
INFO:root:epoch:165 train_eval_loss-->0.243837,train_acc-->0.997050,test_eval_loss-->1.177889,test_acc===0.764706
INFO:root:epoch:166 train_eval_loss-->0.216845,train_acc-->0.997050,test_eval_loss-->1.194956,test_acc===0.745098
INFO:root:epoch:167 train_eval_loss-->0.251966,train_acc-->0.997050,test_eval_loss-->1.242417,test_acc===0.686275
INFO:root:epoch:168 train_eval_loss-->0.287963,train_acc-->0.997050,test_eval_loss-->1.198998,test_acc===0.725490
INFO:root:epoch:169 train_eval_loss-->0.272154,train_acc-->0.997050,test_eval_loss-->1.229395,test_acc===0.666667
INFO:root:epoch:170 train_eval_loss-->0.463294,train_acc-->0.988201,test_eval_loss-->1.197183,test_acc===0.725490
INFO:root:epoch:171 train_eval_loss-->0.404395,train_acc-->0.997050,test_eval_loss-->1.143781,test_acc===0.754902
INFO:root:epoch:172 train_eval_loss-->0.369547,train_acc-->0.997050,test_eval_loss-->1.346792,test_acc===0.666667
INFO:root:epoch:173 train_eval_loss-->0.486226,train_acc-->1.000000,test_eval_loss-->1.204428,test_acc===0.725490
INFO:root:epoch:174 train_eval_loss-->0.416965,train_acc-->1.000000,test_eval_loss-->1.249178,test_acc===0.715686
INFO:root:epoch:175 train_eval_loss-->0.480684,train_acc-->0.994100,test_eval_loss-->1.272178,test_acc===0.754902
INFO:root:epoch:176 train_eval_loss-->0.579093,train_acc-->0.973451,test_eval_loss-->1.462540,test_acc===0.509804
INFO:root:epoch:177 train_eval_loss-->0.509795,train_acc-->0.988201,test_eval_loss-->1.242938,test_acc===0.686275
INFO:root:epoch:178 train_eval_loss-->0.593147,train_acc-->0.988201,test_eval_loss-->1.333680,test_acc===0.666667
INFO:root:epoch:179 train_eval_loss-->0.541953,train_acc-->0.979351,test_eval_loss-->1.499130,test_acc===0.470588
INFO:root:epoch:180 train_eval_loss-->0.561942,train_acc-->0.982301,test_eval_loss-->1.131910,test_acc===0.764706
INFO:root:epoch:181 train_eval_loss-->0.526922,train_acc-->0.985251,test_eval_loss-->1.320871,test_acc===0.598039
INFO:root:epoch:182 train_eval_loss-->0.569651,train_acc-->0.991150,test_eval_loss-->1.263614,test_acc===0.715686
INFO:root:epoch:183 train_eval_loss-->0.623788,train_acc-->0.967552,test_eval_loss-->1.286922,test_acc===0.696078
INFO:root:epoch:184 train_eval_loss-->0.616191,train_acc-->0.982301,test_eval_loss-->1.235162,test_acc===0.735294
INFO:root:epoch:185 train_eval_loss-->0.711199,train_acc-->0.955752,test_eval_loss-->1.245339,test_acc===0.696078
INFO:root:epoch:186 train_eval_loss-->0.748801,train_acc-->0.941003,test_eval_loss-->1.287852,test_acc===0.696078
INFO:root:epoch:187 train_eval_loss-->0.571197,train_acc-->0.979351,test_eval_loss-->1.208916,test_acc===0.705882
INFO:root:epoch:188 train_eval_loss-->0.643027,train_acc-->0.991150,test_eval_loss-->1.291000,test_acc===0.637255
INFO:root:epoch:189 train_eval_loss-->0.663627,train_acc-->0.988201,test_eval_loss-->1.496459,test_acc===0.588235
INFO:root:epoch:190 train_eval_loss-->0.669006,train_acc-->0.967552,test_eval_loss-->1.327321,test_acc===0.627451
INFO:root:epoch:191 train_eval_loss-->0.660740,train_acc-->0.976401,test_eval_loss-->1.265821,test_acc===0.715686
INFO:root:epoch:192 train_eval_loss-->0.628951,train_acc-->0.970501,test_eval_loss-->1.506995,test_acc===0.490196
INFO:root:epoch:193 train_eval_loss-->0.772405,train_acc-->0.929204,test_eval_loss-->1.352266,test_acc===0.656863
INFO:root:epoch:194 train_eval_loss-->0.719457,train_acc-->0.979351,test_eval_loss-->1.386474,test_acc===0.578431
INFO:root:epoch:195 train_eval_loss-->0.763389,train_acc-->0.935103,test_eval_loss-->1.373583,test_acc===0.656863
INFO:root:epoch:196 train_eval_loss-->0.730752,train_acc-->0.973451,test_eval_loss-->1.270209,test_acc===0.637255
INFO:root:epoch:197 train_eval_loss-->0.653457,train_acc-->0.967552,test_eval_loss-->1.367608,test_acc===0.637255
INFO:root:epoch:198 train_eval_loss-->0.676973,train_acc-->0.964602,test_eval_loss-->1.188474,test_acc===0.705882
INFO:root:epoch:199 train_eval_loss-->0.590154,train_acc-->0.991150,test_eval_loss-->1.366207,test_acc===0.637255
INFO:root:epoch:200 train_eval_loss-->0.580864,train_acc-->0.979351,test_eval_loss-->1.370654,test_acc===0.637255
INFO:root:epoch:201 train_eval_loss-->0.777414,train_acc-->0.941003,test_eval_loss-->1.271058,test_acc===0.578431
INFO:root:epoch:202 train_eval_loss-->0.706347,train_acc-->0.970501,test_eval_loss-->1.324364,test_acc===0.686275
INFO:root:epoch:203 train_eval_loss-->0.809107,train_acc-->0.955752,test_eval_loss-->1.363106,test_acc===0.598039
INFO:root:epoch:204 train_eval_loss-->0.627061,train_acc-->0.985251,test_eval_loss-->1.224706,test_acc===0.676471
INFO:root:epoch:205 train_eval_loss-->0.738517,train_acc-->0.961652,test_eval_loss-->1.621784,test_acc===0.411765
INFO:root:epoch:206 train_eval_loss-->0.699025,train_acc-->0.955752,test_eval_loss-->1.208849,test_acc===0.656863
INFO:root:epoch:207 train_eval_loss-->0.686621,train_acc-->0.964602,test_eval_loss-->1.348122,test_acc===0.568627
INFO:root:epoch:208 train_eval_loss-->0.561538,train_acc-->0.988201,test_eval_loss-->1.359687,test_acc===0.676471
INFO:root:epoch:209 train_eval_loss-->0.552294,train_acc-->0.973451,test_eval_loss-->1.235281,test_acc===0.705882
INFO:root:epoch:210 train_eval_loss-->0.652453,train_acc-->0.961652,test_eval_loss-->1.304120,test_acc===0.686275
INFO:root:epoch:211 train_eval_loss-->0.581792,train_acc-->0.979351,test_eval_loss-->1.349331,test_acc===0.656863
INFO:root:epoch:212 train_eval_loss-->0.534344,train_acc-->0.982301,test_eval_loss-->1.487125,test_acc===0.519608
INFO:root:epoch:213 train_eval_loss-->0.574873,train_acc-->0.985251,test_eval_loss-->1.324438,test_acc===0.666667
INFO:root:epoch:214 train_eval_loss-->0.498969,train_acc-->0.991150,test_eval_loss-->1.192572,test_acc===0.696078
INFO:root:epoch:215 train_eval_loss-->0.494675,train_acc-->0.994100,test_eval_loss-->1.264428,test_acc===0.705882
INFO:root:epoch:216 train_eval_loss-->0.500779,train_acc-->0.982301,test_eval_loss-->1.290011,test_acc===0.647059
INFO:root:epoch:217 train_eval_loss-->0.429020,train_acc-->1.000000,test_eval_loss-->1.311676,test_acc===0.666667
INFO:root:epoch:218 train_eval_loss-->0.449189,train_acc-->0.991150,test_eval_loss-->1.244123,test_acc===0.735294
INFO:root:epoch:219 train_eval_loss-->0.417720,train_acc-->0.991150,test_eval_loss-->1.374552,test_acc===0.666667
INFO:root:epoch:220 train_eval_loss-->0.405453,train_acc-->1.000000,test_eval_loss-->1.178191,test_acc===0.735294
INFO:root:epoch:221 train_eval_loss-->0.386137,train_acc-->0.994100,test_eval_loss-->1.219578,test_acc===0.696078
INFO:root:epoch:222 train_eval_loss-->0.440119,train_acc-->1.000000,test_eval_loss-->1.178167,test_acc===0.715686
INFO:root:epoch:223 train_eval_loss-->0.449585,train_acc-->1.000000,test_eval_loss-->1.337515,test_acc===0.696078
INFO:root:epoch:224 train_eval_loss-->0.363098,train_acc-->1.000000,test_eval_loss-->1.237504,test_acc===0.735294
INFO:root:epoch:225 train_eval_loss-->0.324642,train_acc-->1.000000,test_eval_loss-->1.220975,test_acc===0.745098
INFO:root:epoch:226 train_eval_loss-->0.308705,train_acc-->1.000000,test_eval_loss-->1.187006,test_acc===0.705882
INFO:root:epoch:227 train_eval_loss-->0.258115,train_acc-->1.000000,test_eval_loss-->1.246141,test_acc===0.686275
INFO:root:epoch:228 train_eval_loss-->0.277386,train_acc-->1.000000,test_eval_loss-->1.213931,test_acc===0.705882
INFO:root:epoch:229 train_eval_loss-->0.237264,train_acc-->1.000000,test_eval_loss-->1.258445,test_acc===0.715686
INFO:root:epoch:230 train_eval_loss-->0.274164,train_acc-->1.000000,test_eval_loss-->1.156992,test_acc===0.764706
INFO:root:epoch:231 train_eval_loss-->0.258260,train_acc-->1.000000,test_eval_loss-->1.182585,test_acc===0.735294
INFO:root:epoch:232 train_eval_loss-->0.243067,train_acc-->1.000000,test_eval_loss-->1.236055,test_acc===0.715686
INFO:root:epoch:233 train_eval_loss-->0.259178,train_acc-->1.000000,test_eval_loss-->1.201975,test_acc===0.705882
INFO:root:epoch:234 train_eval_loss-->0.198246,train_acc-->1.000000,test_eval_loss-->1.217129,test_acc===0.725490
INFO:root:epoch:235 train_eval_loss-->0.183195,train_acc-->1.000000,test_eval_loss-->1.181785,test_acc===0.745098
INFO:root:epoch:236 train_eval_loss-->0.144919,train_acc-->1.000000,test_eval_loss-->1.176572,test_acc===0.745098
INFO:root:epoch:237 train_eval_loss-->0.124838,train_acc-->1.000000,test_eval_loss-->1.166522,test_acc===0.735294
INFO:root:epoch:238 train_eval_loss-->0.105167,train_acc-->1.000000,test_eval_loss-->1.183493,test_acc===0.725490
INFO:root:epoch:239 train_eval_loss-->0.091336,train_acc-->1.000000,test_eval_loss-->1.197038,test_acc===0.715686
INFO:root:epoch:240 train_eval_loss-->0.096198,train_acc-->1.000000,test_eval_loss-->1.177157,test_acc===0.745098
INFO:root:epoch:241 train_eval_loss-->0.078847,train_acc-->1.000000,test_eval_loss-->1.185656,test_acc===0.725490
INFO:root:epoch:242 train_eval_loss-->0.060357,train_acc-->1.000000,test_eval_loss-->1.192576,test_acc===0.725490
INFO:root:epoch:243 train_eval_loss-->0.054483,train_acc-->1.000000,test_eval_loss-->1.188662,test_acc===0.735294
INFO:root:epoch:244 train_eval_loss-->0.043851,train_acc-->1.000000,test_eval_loss-->1.182236,test_acc===0.725490
INFO:root:epoch:245 train_eval_loss-->0.041771,train_acc-->1.000000,test_eval_loss-->1.181230,test_acc===0.745098
INFO:root:epoch:246 train_eval_loss-->0.036360,train_acc-->1.000000,test_eval_loss-->1.183676,test_acc===0.745098
INFO:root:epoch:247 train_eval_loss-->0.025630,train_acc-->1.000000,test_eval_loss-->1.184191,test_acc===0.745098
INFO:root:epoch:248 train_eval_loss-->0.021360,train_acc-->1.000000,test_eval_loss-->1.183934,test_acc===0.745098
INFO:root:epoch:249 train_eval_loss-->0.018437,train_acc-->1.000000,test_eval_loss-->1.185298,test_acc===0.745098
INFO:root:epoch:250 train_eval_loss-->0.017089,train_acc-->1.000000,test_eval_loss-->1.184554,test_acc===0.745098
INFO:root:epoch:251 train_eval_loss-->0.016293,train_acc-->1.000000,test_eval_loss-->1.183860,test_acc===0.745098
INFO:root:epoch:252 train_eval_loss-->0.017425,train_acc-->1.000000,test_eval_loss-->1.185282,test_acc===0.745098
INFO:root:epoch:253 train_eval_loss-->0.016801,train_acc-->1.000000,test_eval_loss-->1.185056,test_acc===0.735294
INFO:root:epoch:254 train_eval_loss-->0.018554,train_acc-->1.000000,test_eval_loss-->1.184574,test_acc===0.745098
INFO:root:epoch:255 train_eval_loss-->0.021453,train_acc-->1.000000,test_eval_loss-->1.185059,test_acc===0.735294
INFO:root:epoch:256 train_eval_loss-->0.031689,train_acc-->1.000000,test_eval_loss-->1.186016,test_acc===0.725490
INFO:root:epoch:257 train_eval_loss-->0.040348,train_acc-->1.000000,test_eval_loss-->1.182762,test_acc===0.735294
INFO:root:epoch:258 train_eval_loss-->0.049235,train_acc-->1.000000,test_eval_loss-->1.168832,test_acc===0.745098
INFO:root:epoch:259 train_eval_loss-->0.052704,train_acc-->1.000000,test_eval_loss-->1.189675,test_acc===0.735294
INFO:root:epoch:260 train_eval_loss-->0.069641,train_acc-->1.000000,test_eval_loss-->1.182285,test_acc===0.754902
INFO:root:epoch:261 train_eval_loss-->0.096015,train_acc-->1.000000,test_eval_loss-->1.199124,test_acc===0.725490
INFO:root:epoch:262 train_eval_loss-->0.105436,train_acc-->1.000000,test_eval_loss-->1.209380,test_acc===0.735294
INFO:root:epoch:263 train_eval_loss-->0.157570,train_acc-->1.000000,test_eval_loss-->1.195813,test_acc===0.705882
INFO:root:epoch:264 train_eval_loss-->0.143122,train_acc-->1.000000,test_eval_loss-->1.211319,test_acc===0.696078
INFO:root:epoch:265 train_eval_loss-->0.157409,train_acc-->1.000000,test_eval_loss-->1.179707,test_acc===0.725490
INFO:root:epoch:266 train_eval_loss-->0.186310,train_acc-->1.000000,test_eval_loss-->1.200434,test_acc===0.725490
INFO:root:epoch:267 train_eval_loss-->0.200020,train_acc-->1.000000,test_eval_loss-->1.210438,test_acc===0.715686
INFO:root:epoch:268 train_eval_loss-->0.193894,train_acc-->1.000000,test_eval_loss-->1.212051,test_acc===0.735294
INFO:root:epoch:269 train_eval_loss-->0.219153,train_acc-->1.000000,test_eval_loss-->1.152350,test_acc===0.745098
INFO:root:epoch:270 train_eval_loss-->0.262574,train_acc-->1.000000,test_eval_loss-->1.215850,test_acc===0.735294
INFO:root:epoch:271 train_eval_loss-->0.271193,train_acc-->1.000000,test_eval_loss-->1.236023,test_acc===0.725490
INFO:root:epoch:272 train_eval_loss-->0.269372,train_acc-->1.000000,test_eval_loss-->1.278095,test_acc===0.705882
INFO:root:epoch:273 train_eval_loss-->0.276425,train_acc-->1.000000,test_eval_loss-->1.194448,test_acc===0.735294
INFO:root:epoch:274 train_eval_loss-->0.326428,train_acc-->1.000000,test_eval_loss-->1.194670,test_acc===0.715686
INFO:root:epoch:275 train_eval_loss-->0.302640,train_acc-->1.000000,test_eval_loss-->1.257476,test_acc===0.696078
INFO:root:epoch:276 train_eval_loss-->0.344834,train_acc-->0.997050,test_eval_loss-->1.250786,test_acc===0.745098
INFO:root:epoch:277 train_eval_loss-->0.383179,train_acc-->0.994100,test_eval_loss-->1.176331,test_acc===0.745098
INFO:root:epoch:278 train_eval_loss-->0.396836,train_acc-->0.997050,test_eval_loss-->1.269463,test_acc===0.705882
INFO:root:epoch:279 train_eval_loss-->0.410039,train_acc-->1.000000,test_eval_loss-->1.285244,test_acc===0.647059
INFO:root:epoch:280 train_eval_loss-->0.453961,train_acc-->0.997050,test_eval_loss-->1.189292,test_acc===0.745098
INFO:root:epoch:281 train_eval_loss-->0.463840,train_acc-->0.991150,test_eval_loss-->1.239344,test_acc===0.696078
INFO:root:epoch:282 train_eval_loss-->0.469985,train_acc-->1.000000,test_eval_loss-->1.274389,test_acc===0.656863
INFO:root:epoch:283 train_eval_loss-->0.455965,train_acc-->0.994100,test_eval_loss-->1.231372,test_acc===0.696078
INFO:root:epoch:284 train_eval_loss-->0.452180,train_acc-->0.997050,test_eval_loss-->1.253180,test_acc===0.715686
INFO:root:epoch:285 train_eval_loss-->0.490014,train_acc-->0.988201,test_eval_loss-->1.373312,test_acc===0.676471
INFO:root:epoch:286 train_eval_loss-->0.512342,train_acc-->0.985251,test_eval_loss-->1.302197,test_acc===0.617647
INFO:root:epoch:287 train_eval_loss-->0.583193,train_acc-->0.973451,test_eval_loss-->1.298871,test_acc===0.666667
INFO:root:epoch:288 train_eval_loss-->0.655808,train_acc-->0.952802,test_eval_loss-->1.236434,test_acc===0.696078
INFO:root:epoch:289 train_eval_loss-->0.602201,train_acc-->0.985251,test_eval_loss-->1.214782,test_acc===0.725490
INFO:root:epoch:290 train_eval_loss-->0.648515,train_acc-->0.973451,test_eval_loss-->1.329431,test_acc===0.666667
INFO:root:epoch:291 train_eval_loss-->0.616636,train_acc-->0.973451,test_eval_loss-->1.259929,test_acc===0.666667
INFO:root:epoch:292 train_eval_loss-->0.531553,train_acc-->0.991150,test_eval_loss-->1.361900,test_acc===0.715686
INFO:root:epoch:293 train_eval_loss-->0.582436,train_acc-->0.967552,test_eval_loss-->1.242305,test_acc===0.637255
INFO:root:epoch:294 train_eval_loss-->0.670087,train_acc-->0.935103,test_eval_loss-->1.448714,test_acc===0.627451
INFO:root:epoch:295 train_eval_loss-->0.778084,train_acc-->0.932153,test_eval_loss-->1.463332,test_acc===0.539216
INFO:root:epoch:296 train_eval_loss-->0.581950,train_acc-->0.979351,test_eval_loss-->1.278870,test_acc===0.647059
INFO:root:epoch:297 train_eval_loss-->0.534909,train_acc-->0.982301,test_eval_loss-->1.262468,test_acc===0.676471
INFO:root:epoch:298 train_eval_loss-->0.523268,train_acc-->0.988201,test_eval_loss-->1.371975,test_acc===0.656863
INFO:root:epoch:299 train_eval_loss-->0.584022,train_acc-->0.982301,test_eval_loss-->1.318482,test_acc===0.676471
INFO:root:epoch:300 train_eval_loss-->0.533402,train_acc-->0.982301,test_eval_loss-->1.377558,test_acc===0.647059
INFO:root:epoch:301 train_eval_loss-->0.612856,train_acc-->0.967552,test_eval_loss-->1.319668,test_acc===0.656863
INFO:root:epoch:302 train_eval_loss-->0.579586,train_acc-->0.979351,test_eval_loss-->1.330152,test_acc===0.676471
INFO:root:epoch:303 train_eval_loss-->0.572930,train_acc-->0.997050,test_eval_loss-->1.413302,test_acc===0.598039
INFO:root:epoch:304 train_eval_loss-->0.634869,train_acc-->0.985251,test_eval_loss-->1.247286,test_acc===0.794118
INFO:root:epoch:305 train_eval_loss-->0.492892,train_acc-->0.994100,test_eval_loss-->1.216918,test_acc===0.696078
INFO:root:epoch:306 train_eval_loss-->0.610336,train_acc-->0.976401,test_eval_loss-->1.460088,test_acc===0.598039
INFO:root:epoch:307 train_eval_loss-->0.527684,train_acc-->0.985251,test_eval_loss-->1.283326,test_acc===0.686275
INFO:root:epoch:308 train_eval_loss-->0.531493,train_acc-->0.991150,test_eval_loss-->1.412473,test_acc===0.549020
INFO:root:epoch:309 train_eval_loss-->0.578162,train_acc-->0.997050,test_eval_loss-->1.339960,test_acc===0.637255
INFO:root:epoch:310 train_eval_loss-->0.479006,train_acc-->1.000000,test_eval_loss-->1.242218,test_acc===0.696078
INFO:root:epoch:311 train_eval_loss-->0.424076,train_acc-->0.979351,test_eval_loss-->1.314291,test_acc===0.705882
INFO:root:epoch:312 train_eval_loss-->0.487109,train_acc-->0.991150,test_eval_loss-->1.186429,test_acc===0.735294
INFO:root:epoch:313 train_eval_loss-->0.422840,train_acc-->1.000000,test_eval_loss-->1.236914,test_acc===0.676471
INFO:root:epoch:314 train_eval_loss-->0.417832,train_acc-->0.991150,test_eval_loss-->1.212216,test_acc===0.705882
INFO:root:epoch:315 train_eval_loss-->0.419578,train_acc-->0.997050,test_eval_loss-->1.288662,test_acc===0.696078
INFO:root:epoch:316 train_eval_loss-->0.385551,train_acc-->1.000000,test_eval_loss-->1.233504,test_acc===0.705882
INFO:root:epoch:317 train_eval_loss-->0.391273,train_acc-->0.994100,test_eval_loss-->1.270594,test_acc===0.715686
INFO:root:epoch:318 train_eval_loss-->0.401101,train_acc-->0.994100,test_eval_loss-->1.279587,test_acc===0.656863
INFO:root:epoch:319 train_eval_loss-->0.405204,train_acc-->0.991150,test_eval_loss-->1.225752,test_acc===0.715686
INFO:root:epoch:320 train_eval_loss-->0.324581,train_acc-->1.000000,test_eval_loss-->1.224629,test_acc===0.686275
INFO:root:epoch:321 train_eval_loss-->0.392431,train_acc-->0.997050,test_eval_loss-->1.351628,test_acc===0.637255
INFO:root:epoch:322 train_eval_loss-->0.316928,train_acc-->0.994100,test_eval_loss-->1.219036,test_acc===0.735294
INFO:root:epoch:323 train_eval_loss-->0.280322,train_acc-->1.000000,test_eval_loss-->1.306891,test_acc===0.656863
INFO:root:epoch:324 train_eval_loss-->0.382621,train_acc-->0.991150,test_eval_loss-->1.301514,test_acc===0.656863
INFO:root:epoch:325 train_eval_loss-->0.299162,train_acc-->1.000000,test_eval_loss-->1.271343,test_acc===0.656863
INFO:root:epoch:326 train_eval_loss-->0.259846,train_acc-->1.000000,test_eval_loss-->1.217899,test_acc===0.715686
INFO:root:epoch:327 train_eval_loss-->0.257998,train_acc-->0.991150,test_eval_loss-->1.244112,test_acc===0.715686
INFO:root:epoch:328 train_eval_loss-->0.219702,train_acc-->1.000000,test_eval_loss-->1.246130,test_acc===0.696078
INFO:root:epoch:329 train_eval_loss-->0.210228,train_acc-->1.000000,test_eval_loss-->1.186633,test_acc===0.696078
INFO:root:epoch:330 train_eval_loss-->0.181039,train_acc-->1.000000,test_eval_loss-->1.165008,test_acc===0.745098
INFO:root:epoch:331 train_eval_loss-->0.155296,train_acc-->1.000000,test_eval_loss-->1.230096,test_acc===0.686275
INFO:root:epoch:332 train_eval_loss-->0.167323,train_acc-->1.000000,test_eval_loss-->1.223605,test_acc===0.705882
INFO:root:epoch:333 train_eval_loss-->0.176117,train_acc-->1.000000,test_eval_loss-->1.236332,test_acc===0.696078
INFO:root:epoch:334 train_eval_loss-->0.151195,train_acc-->1.000000,test_eval_loss-->1.178094,test_acc===0.745098
INFO:root:epoch:335 train_eval_loss-->0.119741,train_acc-->1.000000,test_eval_loss-->1.206482,test_acc===0.686275
INFO:root:epoch:336 train_eval_loss-->0.102573,train_acc-->1.000000,test_eval_loss-->1.177661,test_acc===0.686275
INFO:root:epoch:337 train_eval_loss-->0.096422,train_acc-->1.000000,test_eval_loss-->1.188040,test_acc===0.725490
INFO:root:epoch:338 train_eval_loss-->0.083115,train_acc-->1.000000,test_eval_loss-->1.204538,test_acc===0.705882
INFO:root:epoch:339 train_eval_loss-->0.077612,train_acc-->1.000000,test_eval_loss-->1.205430,test_acc===0.696078
INFO:root:epoch:340 train_eval_loss-->0.066430,train_acc-->1.000000,test_eval_loss-->1.190641,test_acc===0.705882
INFO:root:epoch:341 train_eval_loss-->0.056629,train_acc-->1.000000,test_eval_loss-->1.191652,test_acc===0.715686
INFO:root:epoch:342 train_eval_loss-->0.056203,train_acc-->1.000000,test_eval_loss-->1.193845,test_acc===0.705882
INFO:root:epoch:343 train_eval_loss-->0.044329,train_acc-->1.000000,test_eval_loss-->1.192447,test_acc===0.715686
INFO:root:epoch:344 train_eval_loss-->0.032366,train_acc-->1.000000,test_eval_loss-->1.195930,test_acc===0.715686
INFO:root:epoch:345 train_eval_loss-->0.032598,train_acc-->1.000000,test_eval_loss-->1.194052,test_acc===0.715686
INFO:root:epoch:346 train_eval_loss-->0.021925,train_acc-->1.000000,test_eval_loss-->1.188194,test_acc===0.715686
INFO:root:epoch:347 train_eval_loss-->0.019054,train_acc-->1.000000,test_eval_loss-->1.189722,test_acc===0.715686
INFO:root:epoch:348 train_eval_loss-->0.014474,train_acc-->1.000000,test_eval_loss-->1.191118,test_acc===0.715686
INFO:root:epoch:349 train_eval_loss-->0.013070,train_acc-->1.000000,test_eval_loss-->1.189812,test_acc===0.715686
INFO:root:epoch:350 train_eval_loss-->0.013258,train_acc-->1.000000,test_eval_loss-->1.190706,test_acc===0.715686
INFO:root:epoch:351 train_eval_loss-->0.011004,train_acc-->1.000000,test_eval_loss-->1.188545,test_acc===0.715686
INFO:root:epoch:352 train_eval_loss-->0.010451,train_acc-->1.000000,test_eval_loss-->1.187678,test_acc===0.725490
INFO:root:epoch:353 train_eval_loss-->0.013339,train_acc-->1.000000,test_eval_loss-->1.189253,test_acc===0.725490
INFO:root:epoch:354 train_eval_loss-->0.015178,train_acc-->1.000000,test_eval_loss-->1.189370,test_acc===0.715686
INFO:root:epoch:355 train_eval_loss-->0.018815,train_acc-->1.000000,test_eval_loss-->1.189805,test_acc===0.715686
INFO:root:epoch:356 train_eval_loss-->0.023767,train_acc-->1.000000,test_eval_loss-->1.194249,test_acc===0.715686
INFO:root:epoch:357 train_eval_loss-->0.031800,train_acc-->1.000000,test_eval_loss-->1.187862,test_acc===0.725490
INFO:root:epoch:358 train_eval_loss-->0.040335,train_acc-->1.000000,test_eval_loss-->1.193507,test_acc===0.715686
INFO:root:epoch:359 train_eval_loss-->0.046972,train_acc-->1.000000,test_eval_loss-->1.181953,test_acc===0.715686
INFO:root:epoch:360 train_eval_loss-->0.055580,train_acc-->1.000000,test_eval_loss-->1.199092,test_acc===0.715686
INFO:root:epoch:361 train_eval_loss-->0.066415,train_acc-->1.000000,test_eval_loss-->1.211255,test_acc===0.705882
INFO:root:epoch:362 train_eval_loss-->0.090080,train_acc-->1.000000,test_eval_loss-->1.197219,test_acc===0.715686
INFO:root:epoch:363 train_eval_loss-->0.101828,train_acc-->1.000000,test_eval_loss-->1.171352,test_acc===0.735294
INFO:root:epoch:364 train_eval_loss-->0.115310,train_acc-->1.000000,test_eval_loss-->1.191309,test_acc===0.696078
INFO:root:epoch:365 train_eval_loss-->0.111852,train_acc-->1.000000,test_eval_loss-->1.195523,test_acc===0.715686
INFO:root:epoch:366 train_eval_loss-->0.115550,train_acc-->1.000000,test_eval_loss-->1.167257,test_acc===0.754902
INFO:root:epoch:367 train_eval_loss-->0.146748,train_acc-->1.000000,test_eval_loss-->1.188417,test_acc===0.725490
INFO:root:epoch:368 train_eval_loss-->0.175568,train_acc-->1.000000,test_eval_loss-->1.208118,test_acc===0.705882
INFO:root:epoch:369 train_eval_loss-->0.171364,train_acc-->1.000000,test_eval_loss-->1.224162,test_acc===0.686275
INFO:root:epoch:370 train_eval_loss-->0.185963,train_acc-->1.000000,test_eval_loss-->1.214783,test_acc===0.705882
INFO:root:epoch:371 train_eval_loss-->0.204118,train_acc-->1.000000,test_eval_loss-->1.177994,test_acc===0.715686
INFO:root:epoch:372 train_eval_loss-->0.213176,train_acc-->1.000000,test_eval_loss-->1.188849,test_acc===0.754902
INFO:root:epoch:373 train_eval_loss-->0.262794,train_acc-->1.000000,test_eval_loss-->1.170671,test_acc===0.764706
INFO:root:epoch:374 train_eval_loss-->0.295805,train_acc-->1.000000,test_eval_loss-->1.185699,test_acc===0.745098
INFO:root:epoch:375 train_eval_loss-->0.264405,train_acc-->1.000000,test_eval_loss-->1.212043,test_acc===0.725490
INFO:root:epoch:376 train_eval_loss-->0.301717,train_acc-->0.997050,test_eval_loss-->1.247354,test_acc===0.745098
INFO:root:epoch:377 train_eval_loss-->0.298786,train_acc-->1.000000,test_eval_loss-->1.255035,test_acc===0.686275
INFO:root:epoch:378 train_eval_loss-->0.323644,train_acc-->0.997050,test_eval_loss-->1.202242,test_acc===0.686275
INFO:root:epoch:379 train_eval_loss-->0.426057,train_acc-->1.000000,test_eval_loss-->1.365558,test_acc===0.637255
INFO:root:epoch:380 train_eval_loss-->0.408727,train_acc-->1.000000,test_eval_loss-->1.196925,test_acc===0.715686
INFO:root:epoch:381 train_eval_loss-->0.395435,train_acc-->1.000000,test_eval_loss-->1.236479,test_acc===0.735294
INFO:root:epoch:382 train_eval_loss-->0.387224,train_acc-->0.985251,test_eval_loss-->1.304390,test_acc===0.676471
INFO:root:epoch:383 train_eval_loss-->0.427646,train_acc-->0.997050,test_eval_loss-->1.255455,test_acc===0.696078
INFO:root:epoch:384 train_eval_loss-->0.353739,train_acc-->0.994100,test_eval_loss-->1.246818,test_acc===0.725490
INFO:root:epoch:385 train_eval_loss-->0.442174,train_acc-->0.991150,test_eval_loss-->1.393209,test_acc===0.627451
INFO:root:epoch:386 train_eval_loss-->0.429967,train_acc-->0.997050,test_eval_loss-->1.333022,test_acc===0.617647
INFO:root:epoch:387 train_eval_loss-->0.446899,train_acc-->0.994100,test_eval_loss-->1.313697,test_acc===0.696078
INFO:root:epoch:388 train_eval_loss-->0.537349,train_acc-->0.991150,test_eval_loss-->1.213308,test_acc===0.754902
INFO:root:epoch:389 train_eval_loss-->0.447982,train_acc-->0.997050,test_eval_loss-->1.206252,test_acc===0.715686
INFO:root:epoch:390 train_eval_loss-->0.407612,train_acc-->0.991150,test_eval_loss-->1.210961,test_acc===0.745098
INFO:root:epoch:391 train_eval_loss-->0.467402,train_acc-->0.997050,test_eval_loss-->1.152316,test_acc===0.705882
INFO:root:epoch:392 train_eval_loss-->0.497219,train_acc-->0.973451,test_eval_loss-->1.242453,test_acc===0.715686
INFO:root:epoch:393 train_eval_loss-->0.559325,train_acc-->0.982301,test_eval_loss-->1.357867,test_acc===0.588235
INFO:root:epoch:394 train_eval_loss-->0.620018,train_acc-->0.976401,test_eval_loss-->1.324649,test_acc===0.647059
INFO:root:epoch:395 train_eval_loss-->0.731047,train_acc-->0.961652,test_eval_loss-->1.307063,test_acc===0.686275
INFO:root:epoch:396 train_eval_loss-->0.599472,train_acc-->0.985251,test_eval_loss-->1.204993,test_acc===0.715686
INFO:root:epoch:397 train_eval_loss-->0.509499,train_acc-->0.994100,test_eval_loss-->1.262284,test_acc===0.696078
INFO:root:epoch:398 train_eval_loss-->0.494511,train_acc-->0.994100,test_eval_loss-->1.179828,test_acc===0.754902
INFO:root:epoch:399 train_eval_loss-->0.466092,train_acc-->0.985251,test_eval_loss-->1.281822,test_acc===0.656863
INFO:root:epoch:400 train_eval_loss-->0.514948,train_acc-->0.991150,test_eval_loss-->1.171146,test_acc===0.715686
INFO:root:epoch:401 train_eval_loss-->0.559917,train_acc-->0.988201,test_eval_loss-->1.274670,test_acc===0.676471
INFO:root:epoch:402 train_eval_loss-->0.417247,train_acc-->0.994100,test_eval_loss-->1.415931,test_acc===0.656863
INFO:root:epoch:403 train_eval_loss-->0.581846,train_acc-->0.991150,test_eval_loss-->1.233390,test_acc===0.715686
INFO:root:epoch:404 train_eval_loss-->0.582418,train_acc-->0.988201,test_eval_loss-->1.257333,test_acc===0.696078
INFO:root:epoch:405 train_eval_loss-->0.495054,train_acc-->0.997050,test_eval_loss-->1.229522,test_acc===0.725490
INFO:root:epoch:406 train_eval_loss-->0.501363,train_acc-->0.991150,test_eval_loss-->1.279212,test_acc===0.666667
INFO:root:epoch:407 train_eval_loss-->0.472324,train_acc-->1.000000,test_eval_loss-->1.395200,test_acc===0.647059
INFO:root:epoch:408 train_eval_loss-->0.495342,train_acc-->0.988201,test_eval_loss-->1.263516,test_acc===0.696078
INFO:root:epoch:409 train_eval_loss-->0.503017,train_acc-->1.000000,test_eval_loss-->1.295178,test_acc===0.725490
INFO:root:epoch:410 train_eval_loss-->0.431657,train_acc-->0.988201,test_eval_loss-->1.245521,test_acc===0.696078
INFO:root:epoch:411 train_eval_loss-->0.396729,train_acc-->1.000000,test_eval_loss-->1.272553,test_acc===0.656863
INFO:root:epoch:412 train_eval_loss-->0.352856,train_acc-->1.000000,test_eval_loss-->1.246777,test_acc===0.627451
INFO:root:epoch:413 train_eval_loss-->0.391905,train_acc-->0.997050,test_eval_loss-->1.247284,test_acc===0.764706
INFO:root:epoch:414 train_eval_loss-->0.361640,train_acc-->0.991150,test_eval_loss-->1.265228,test_acc===0.725490
INFO:root:epoch:415 train_eval_loss-->0.400567,train_acc-->0.997050,test_eval_loss-->1.163002,test_acc===0.745098
INFO:root:epoch:416 train_eval_loss-->0.346325,train_acc-->0.991150,test_eval_loss-->1.221774,test_acc===0.705882
INFO:root:epoch:417 train_eval_loss-->0.363353,train_acc-->1.000000,test_eval_loss-->1.241015,test_acc===0.686275
INFO:root:epoch:418 train_eval_loss-->0.308410,train_acc-->0.991150,test_eval_loss-->1.197402,test_acc===0.745098
INFO:root:epoch:419 train_eval_loss-->0.270785,train_acc-->0.994100,test_eval_loss-->1.188082,test_acc===0.754902
INFO:root:epoch:420 train_eval_loss-->0.285969,train_acc-->1.000000,test_eval_loss-->1.195565,test_acc===0.725490
INFO:root:epoch:421 train_eval_loss-->0.305585,train_acc-->0.994100,test_eval_loss-->1.225787,test_acc===0.666667
INFO:root:epoch:422 train_eval_loss-->0.249610,train_acc-->1.000000,test_eval_loss-->1.209489,test_acc===0.735294
INFO:root:epoch:423 train_eval_loss-->0.267483,train_acc-->1.000000,test_eval_loss-->1.192233,test_acc===0.715686
INFO:root:epoch:424 train_eval_loss-->0.242777,train_acc-->1.000000,test_eval_loss-->1.254146,test_acc===0.676471
INFO:root:epoch:425 train_eval_loss-->0.224787,train_acc-->1.000000,test_eval_loss-->1.224077,test_acc===0.715686
INFO:root:epoch:426 train_eval_loss-->0.293130,train_acc-->1.000000,test_eval_loss-->1.289247,test_acc===0.686275
INFO:root:epoch:427 train_eval_loss-->0.259727,train_acc-->1.000000,test_eval_loss-->1.194045,test_acc===0.715686
INFO:root:epoch:428 train_eval_loss-->0.196020,train_acc-->1.000000,test_eval_loss-->1.238548,test_acc===0.676471
INFO:root:epoch:429 train_eval_loss-->0.214246,train_acc-->1.000000,test_eval_loss-->1.171783,test_acc===0.745098
INFO:root:epoch:430 train_eval_loss-->0.180908,train_acc-->1.000000,test_eval_loss-->1.158808,test_acc===0.745098
INFO:root:epoch:431 train_eval_loss-->0.152808,train_acc-->1.000000,test_eval_loss-->1.201567,test_acc===0.725490
INFO:root:epoch:432 train_eval_loss-->0.135814,train_acc-->1.000000,test_eval_loss-->1.189385,test_acc===0.754902
INFO:root:epoch:433 train_eval_loss-->0.133732,train_acc-->1.000000,test_eval_loss-->1.207720,test_acc===0.715686
INFO:root:epoch:434 train_eval_loss-->0.118448,train_acc-->1.000000,test_eval_loss-->1.200432,test_acc===0.745098
INFO:root:epoch:435 train_eval_loss-->0.107433,train_acc-->1.000000,test_eval_loss-->1.212224,test_acc===0.715686
INFO:root:epoch:436 train_eval_loss-->0.104678,train_acc-->1.000000,test_eval_loss-->1.187661,test_acc===0.725490
INFO:root:epoch:437 train_eval_loss-->0.093723,train_acc-->1.000000,test_eval_loss-->1.186816,test_acc===0.735294
INFO:root:epoch:438 train_eval_loss-->0.090285,train_acc-->1.000000,test_eval_loss-->1.192185,test_acc===0.705882
INFO:root:epoch:439 train_eval_loss-->0.075085,train_acc-->1.000000,test_eval_loss-->1.192611,test_acc===0.715686
INFO:root:epoch:440 train_eval_loss-->0.070567,train_acc-->1.000000,test_eval_loss-->1.181107,test_acc===0.745098
INFO:root:epoch:441 train_eval_loss-->0.049262,train_acc-->1.000000,test_eval_loss-->1.180320,test_acc===0.745098
INFO:root:epoch:442 train_eval_loss-->0.047496,train_acc-->1.000000,test_eval_loss-->1.183967,test_acc===0.745098
INFO:root:epoch:443 train_eval_loss-->0.039868,train_acc-->1.000000,test_eval_loss-->1.181122,test_acc===0.745098
INFO:root:epoch:444 train_eval_loss-->0.031689,train_acc-->1.000000,test_eval_loss-->1.180256,test_acc===0.754902
INFO:root:epoch:445 train_eval_loss-->0.025075,train_acc-->1.000000,test_eval_loss-->1.180427,test_acc===0.745098
INFO:root:epoch:446 train_eval_loss-->0.020452,train_acc-->1.000000,test_eval_loss-->1.181454,test_acc===0.745098
INFO:root:epoch:447 train_eval_loss-->0.015501,train_acc-->1.000000,test_eval_loss-->1.181700,test_acc===0.745098
INFO:root:epoch:448 train_eval_loss-->0.013350,train_acc-->1.000000,test_eval_loss-->1.181012,test_acc===0.745098
INFO:root:epoch:449 train_eval_loss-->0.012677,train_acc-->1.000000,test_eval_loss-->1.181772,test_acc===0.745098
INFO:root:epoch:450 train_eval_loss-->0.010202,train_acc-->1.000000,test_eval_loss-->1.181088,test_acc===0.745098
INFO:root:epoch:451 train_eval_loss-->0.009624,train_acc-->1.000000,test_eval_loss-->1.180888,test_acc===0.745098
INFO:root:epoch:452 train_eval_loss-->0.009755,train_acc-->1.000000,test_eval_loss-->1.181918,test_acc===0.745098
INFO:root:epoch:453 train_eval_loss-->0.009883,train_acc-->1.000000,test_eval_loss-->1.180612,test_acc===0.745098
INFO:root:epoch:454 train_eval_loss-->0.012113,train_acc-->1.000000,test_eval_loss-->1.180121,test_acc===0.745098
INFO:root:epoch:455 train_eval_loss-->0.014749,train_acc-->1.000000,test_eval_loss-->1.184699,test_acc===0.735294
INFO:root:epoch:456 train_eval_loss-->0.020023,train_acc-->1.000000,test_eval_loss-->1.184393,test_acc===0.745098
INFO:root:epoch:457 train_eval_loss-->0.025283,train_acc-->1.000000,test_eval_loss-->1.178730,test_acc===0.754902
INFO:root:epoch:458 train_eval_loss-->0.033054,train_acc-->1.000000,test_eval_loss-->1.183313,test_acc===0.745098
INFO:root:epoch:459 train_eval_loss-->0.039548,train_acc-->1.000000,test_eval_loss-->1.183583,test_acc===0.745098
INFO:root:epoch:460 train_eval_loss-->0.045459,train_acc-->1.000000,test_eval_loss-->1.186748,test_acc===0.725490
INFO:root:epoch:461 train_eval_loss-->0.062694,train_acc-->1.000000,test_eval_loss-->1.200611,test_acc===0.725490
INFO:root:epoch:462 train_eval_loss-->0.068826,train_acc-->1.000000,test_eval_loss-->1.178204,test_acc===0.754902
INFO:root:epoch:463 train_eval_loss-->0.080252,train_acc-->1.000000,test_eval_loss-->1.192181,test_acc===0.745098
INFO:root:epoch:464 train_eval_loss-->0.089866,train_acc-->1.000000,test_eval_loss-->1.178342,test_acc===0.735294
INFO:root:epoch:465 train_eval_loss-->0.096405,train_acc-->1.000000,test_eval_loss-->1.181110,test_acc===0.764706
INFO:root:epoch:466 train_eval_loss-->0.126651,train_acc-->1.000000,test_eval_loss-->1.196355,test_acc===0.715686
INFO:root:epoch:467 train_eval_loss-->0.130416,train_acc-->1.000000,test_eval_loss-->1.246832,test_acc===0.686275
INFO:root:epoch:468 train_eval_loss-->0.165432,train_acc-->1.000000,test_eval_loss-->1.183740,test_acc===0.735294
INFO:root:epoch:469 train_eval_loss-->0.168953,train_acc-->1.000000,test_eval_loss-->1.196111,test_acc===0.715686
INFO:root:epoch:470 train_eval_loss-->0.169367,train_acc-->1.000000,test_eval_loss-->1.206321,test_acc===0.696078
INFO:root:epoch:471 train_eval_loss-->0.188848,train_acc-->1.000000,test_eval_loss-->1.236145,test_acc===0.696078
INFO:root:epoch:472 train_eval_loss-->0.219428,train_acc-->1.000000,test_eval_loss-->1.152972,test_acc===0.745098
INFO:root:epoch:473 train_eval_loss-->0.203729,train_acc-->1.000000,test_eval_loss-->1.189944,test_acc===0.715686
INFO:root:epoch:474 train_eval_loss-->0.206869,train_acc-->1.000000,test_eval_loss-->1.179482,test_acc===0.735294
INFO:root:epoch:475 train_eval_loss-->0.260577,train_acc-->1.000000,test_eval_loss-->1.237276,test_acc===0.715686
INFO:root:epoch:476 train_eval_loss-->0.265186,train_acc-->0.994100,test_eval_loss-->1.289158,test_acc===0.676471
INFO:root:epoch:477 train_eval_loss-->0.292868,train_acc-->1.000000,test_eval_loss-->1.239504,test_acc===0.705882
INFO:root:epoch:478 train_eval_loss-->0.304784,train_acc-->0.994100,test_eval_loss-->1.277832,test_acc===0.627451
INFO:root:epoch:479 train_eval_loss-->0.266673,train_acc-->1.000000,test_eval_loss-->1.246228,test_acc===0.696078
INFO:root:epoch:480 train_eval_loss-->0.365152,train_acc-->0.994100,test_eval_loss-->1.184434,test_acc===0.745098
INFO:root:epoch:481 train_eval_loss-->0.339156,train_acc-->1.000000,test_eval_loss-->1.277310,test_acc===0.725490
INFO:root:epoch:482 train_eval_loss-->0.342632,train_acc-->0.994100,test_eval_loss-->1.318234,test_acc===0.637255
INFO:root:epoch:483 train_eval_loss-->0.343494,train_acc-->1.000000,test_eval_loss-->1.263352,test_acc===0.715686
INFO:root:epoch:484 train_eval_loss-->0.315639,train_acc-->0.991150,test_eval_loss-->1.222857,test_acc===0.735294
INFO:root:epoch:485 train_eval_loss-->0.401421,train_acc-->1.000000,test_eval_loss-->1.169645,test_acc===0.764706
INFO:root:epoch:486 train_eval_loss-->0.414584,train_acc-->0.991150,test_eval_loss-->1.207017,test_acc===0.686275
INFO:root:epoch:487 train_eval_loss-->0.423672,train_acc-->0.991150,test_eval_loss-->1.260752,test_acc===0.676471
INFO:root:epoch:488 train_eval_loss-->0.417896,train_acc-->0.991150,test_eval_loss-->1.216169,test_acc===0.735294
INFO:root:epoch:489 train_eval_loss-->0.376527,train_acc-->1.000000,test_eval_loss-->1.229616,test_acc===0.686275
INFO:root:epoch:490 train_eval_loss-->0.457163,train_acc-->0.997050,test_eval_loss-->1.263131,test_acc===0.656863
INFO:root:epoch:491 train_eval_loss-->0.399975,train_acc-->0.997050,test_eval_loss-->1.194799,test_acc===0.715686
INFO:root:epoch:492 train_eval_loss-->0.443926,train_acc-->0.997050,test_eval_loss-->1.211677,test_acc===0.715686
INFO:root:epoch:493 train_eval_loss-->0.439506,train_acc-->0.991150,test_eval_loss-->1.254645,test_acc===0.676471
INFO:root:epoch:494 train_eval_loss-->0.408616,train_acc-->0.991150,test_eval_loss-->1.140975,test_acc===0.754902
INFO:root:epoch:495 train_eval_loss-->0.428112,train_acc-->0.994100,test_eval_loss-->1.279419,test_acc===0.666667
INFO:root:epoch:496 train_eval_loss-->0.454061,train_acc-->0.994100,test_eval_loss-->1.250560,test_acc===0.715686
INFO:root:epoch:497 train_eval_loss-->0.409941,train_acc-->0.991150,test_eval_loss-->1.233031,test_acc===0.696078
INFO:root:epoch:498 train_eval_loss-->0.369544,train_acc-->1.000000,test_eval_loss-->1.278207,test_acc===0.686275
INFO:root:epoch:499 train_eval_loss-->0.424032,train_acc-->0.994100,test_eval_loss-->1.324406,test_acc===0.686275
