2023-11-30 17:39:25 - #----------Config info----------#
2023-11-30 17:39:25 - network: Pointneted_plus,
2023-11-30 17:39:25 - data_path: /media/yxz/新加卷/teeth_ct_points/CT3Dpoints/,
2023-11-30 17:39:25 - label_path: /media/yxz/新加卷/teeth_ct_points/CT3Dpoints/三维坐标表格.xlsx,
2023-11-30 17:39:25 - pretrained_path: ./pre_trained/,
2023-11-30 17:39:25 - cfg: [48, 64, 96, 128, 256, 512, 256, 128, 64, 32, 16],
2023-11-30 17:39:25 - num_classes: 3,
2023-11-30 17:39:25 - input_size_h: 512,
2023-11-30 17:39:25 - input_size_w: 512,
2023-11-30 17:39:25 - input_channels: 64,
2023-11-30 17:39:25 - distributed: False,
2023-11-30 17:39:25 - local_rank: -1,
2023-11-30 17:39:25 - num_workers: 4,
2023-11-30 17:39:25 - seed: 42,
2023-11-30 17:39:25 - world_size: None,
2023-11-30 17:39:25 - rank: None,
2023-11-30 17:39:25 - amp: False,
2023-11-30 17:39:25 - l2_lambda: 0.001,
2023-11-30 17:39:25 - gpu_id: 0,
2023-11-30 17:39:25 - batch_size: 2,
2023-11-30 17:39:25 - val_bs: 1,
2023-11-30 17:39:25 - epochs: 500,
2023-11-30 17:39:25 - deep_supervision: False,
2023-11-30 17:39:25 - tailadd: True,
2023-11-30 17:39:25 - threshold: 8.660254037844387,
2023-11-30 17:39:25 - rand_data: True,
2023-11-30 17:39:25 - mean_common: False,
2023-11-30 17:39:25 - train_mean: 41.68455,
2023-11-30 17:39:25 - train_std: 54.433514,
2023-11-30 17:39:25 - val_mean: 42.785255,
2023-11-30 17:39:25 - val_std: 54.970303,
2023-11-30 17:39:25 - work_dir: results/Pointneted_plus_Thursday_30_November_2023_17h_39m_25s/,
2023-11-30 17:39:25 - tensor_size: 0,
2023-11-30 17:39:25 - train_transformer: Compose(
    <utils.myToTensor object at 0x7f41f477f4c0>
    <utils.myResize object at 0x7f410cdbaca0>
),
2023-11-30 17:39:25 - test_transformer: Compose(
    <utils.myToTensor object at 0x7f41f4711940>
    <utils.myResize object at 0x7f41f4711970>
),
2023-11-30 17:39:25 - opt: AdamW,
2023-11-30 17:39:25 - lr: 0.001,
2023-11-30 17:39:25 - betas: (0.9, 0.999),
2023-11-30 17:39:25 - eps: 1e-08,
2023-11-30 17:39:25 - weight_decay: 0.01,
2023-11-30 17:39:25 - amsgrad: False,
2023-11-30 17:39:25 - sch: CosineAnnealingLR,
2023-11-30 17:39:25 - T_max: 50,
2023-11-30 17:39:25 - eta_min: 1e-05,
2023-11-30 17:39:25 - last_epoch: -1,
INFO:root:train--mean-->41.68455
INFO:root:train--std-->54.433514
INFO:root:val--mean-->42.785255
INFO:root:val--std-->54.970303
INFO:root:real_input_channels-->49
INFO:root:epoch:0 train_eval_loss-->5.752668,train_acc-->0.053097,test_eval_loss-->5.282263,test_acc===0.088235
INFO:root:epoch:1 train_eval_loss-->4.186859,train_acc-->0.103245,test_eval_loss-->4.292695,test_acc===0.137255
