2023-12-14 09:00:06 - #----------Config info----------#
2023-12-14 09:00:06 - network: Pointneted_plus,
2023-12-14 09:00:06 - pre_net: None,
2023-12-14 09:00:06 - data_path: /media/yxz/新加卷/teeth_ct_points/CT3Dpoints/,
2023-12-14 09:00:06 - label_path: /media/yxz/新加卷/teeth_ct_points/CT3Dpoints/三维坐标表格.xlsx,
2023-12-14 09:00:06 - pretrained_path: ./pre_trained/,
2023-12-14 09:00:06 - cfg: [32, 64, 96, 128, 256, 128, 256, 128, 64, 32, 16],
2023-12-14 09:00:06 - label_num: [0, 1, 10, 11, 14, 19],
2023-12-14 09:00:06 - num_classes: 6,
2023-12-14 09:00:06 - input_size_h: 512,
2023-12-14 09:00:06 - input_size_w: 512,
2023-12-14 09:00:06 - input_channels: 64,
2023-12-14 09:00:06 - distributed: False,
2023-12-14 09:00:06 - local_rank: -1,
2023-12-14 09:00:06 - num_workers: 4,
2023-12-14 09:00:06 - seed: 42,
2023-12-14 09:00:06 - world_size: None,
2023-12-14 09:00:06 - rank: None,
2023-12-14 09:00:06 - amp: False,
2023-12-14 09:00:06 - l2_lambda: 0.05,
2023-12-14 09:00:06 - gpu_id: 0,
2023-12-14 09:00:06 - batch_size: 4,
2023-12-14 09:00:06 - val_bs: 1,
2023-12-14 09:00:06 - epochs: 800,
2023-12-14 09:00:06 - deep_supervision: True,
2023-12-14 09:00:06 - tailadd: True,
2023-12-14 09:00:06 - threshold: 8.660254037844387,
2023-12-14 09:00:06 - rand_data: False,
2023-12-14 09:00:06 - mean_common: False,
2023-12-14 09:00:06 - horizontal_flip: True,
2023-12-14 09:00:06 - Dynamic_regularization: False,
2023-12-14 09:00:06 - train_mean: [38.167084, 36.47113, 35.658463, 34.7275, 34.397972, 34.392757, 33.96709, 34.126865, 34.28234, 33.729267, 32.7962, 32.064926, 31.681631, 31.124203, 30.844501, 31.361849, 32.73974, 34.215652, 36.648277, 38.611458, 40.539837, 42.120747, 43.28669, 44.45494, 45.614132, 46.21989, 47.45023, 48.500004, 49.44821, 50.419426, 52.140045, 53.649082, 54.722622, 55.427254, 55.996006, 56.55678, 57.03274, 56.78339, 56.16994, 56.052105, 56.084873, 55.73664, 55.51461, 54.455627, 53.19349, 51.708523, 50.496777, 48.39798, 46.618237],
2023-12-14 09:00:06 - train_std: [52.12329, 51.107494, 50.941055, 50.223755, 50.00628, 50.154346, 49.390217, 49.584064, 49.46689, 48.635002, 46.955963, 45.86415, 45.254314, 44.008198, 43.081245, 43.15782, 44.181343, 45.16833, 47.433487, 48.60615, 50.44894, 51.635715, 52.542904, 53.638527, 54.554443, 54.860928, 55.634895, 56.127644, 56.314377, 56.52658, 57.31575, 57.992775, 58.40813, 58.65052, 58.6726, 58.786034, 59.043797, 59.15101, 58.878242, 59.1303, 59.565495, 59.95643, 60.605595, 60.74457, 60.784153, 60.811424, 61.18004, 60.75567, 60.8064],
2023-12-14 09:00:06 - val_mean: [39.743374, 38.122738, 37.19561, 35.71686, 35.202812, 34.790627, 34.621647, 34.678947, 34.44854, 33.327152, 32.52173, 31.267305, 30.603254, 30.013475, 29.536041, 30.480452, 31.952286, 33.71057, 36.010574, 38.201912, 39.313183, 42.94376, 44.53766, 45.518337, 46.94797, 46.58542, 47.49811, 48.238167, 51.026104, 52.292915, 52.69654, 53.169758, 53.87486, 55.697067, 57.654236, 57.586315, 57.758514, 57.174618, 57.736595, 57.24419, 57.544117, 57.37176, 56.43062, 55.96641, 55.325653, 53.10815, 52.179287, 50.27785, 47.04305],
2023-12-14 09:00:06 - val_std: [53.15056, 52.15993, 51.616505, 50.33102, 50.21509, 50.081203, 50.03935, 49.86299, 49.531567, 48.28274, 46.95426, 45.172287, 43.96861, 42.88531, 41.24616, 42.37183, 43.43441, 44.75589, 46.571957, 48.567627, 49.173023, 51.97025, 53.31617, 54.147503, 55.217754, 54.256313, 54.82137, 55.228252, 57.024765, 57.493202, 57.21687, 57.12449, 57.009945, 58.07164, 58.968643, 58.816093, 58.97068, 58.471672, 58.976105, 58.958794, 59.510704, 60.026344, 60.16703, 60.841858, 61.621956, 61.22611, 61.83866, 62.08808, 61.1031],
2023-12-14 09:00:06 - work_dir: results/Pointneted_plus_Thursday_14_December_2023_09h_00m_06s/,
2023-12-14 09:00:06 - tensor_size: 0,
2023-12-14 09:00:06 - train_transformer: Compose(
    <utils.myToTensor object at 0x7faa0a560370>
    <utils.myResize object at 0x7fa9301b81c0>
),
2023-12-14 09:00:06 - test_transformer: Compose(
    <utils.myToTensor object at 0x7faa0a520a60>
    <utils.myResize object at 0x7faa0a520a90>
),
2023-12-14 09:00:06 - opt: AdamW,
2023-12-14 09:00:06 - lr: 0.001,
2023-12-14 09:00:06 - betas: (0.9, 0.999),
2023-12-14 09:00:06 - eps: 1e-08,
2023-12-14 09:00:06 - weight_decay: 0.01,
2023-12-14 09:00:06 - amsgrad: False,
2023-12-14 09:00:06 - sch: CosineAnnealingLR,
2023-12-14 09:00:06 - T_max: 50,
2023-12-14 09:00:06 - eta_min: 1e-05,
2023-12-14 09:00:06 - last_epoch: -1,
INFO:root:train--mean-->[38.167084 36.47113  35.658463 34.7275   34.397972 34.392757 33.96709
 34.126865 34.28234  33.729267 32.7962   32.064926 31.681631 31.124203
 30.844501 31.361849 32.73974  34.215652 36.648277 38.611458 40.539837
 42.120747 43.28669  44.45494  45.614132 46.21989  47.45023  48.500004
 49.44821  50.419426 52.140045 53.649082 54.722622 55.427254 55.996006
 56.55678  57.03274  56.78339  56.16994  56.052105 56.084873 55.73664
 55.51461  54.455627 53.19349  51.708523 50.496777 48.39798  46.618237]
INFO:root:train--std-->[52.12329  51.107494 50.941055 50.223755 50.00628  50.154346 49.390217
 49.584064 49.46689  48.635002 46.955963 45.86415  45.254314 44.008198
 43.081245 43.15782  44.181343 45.16833  47.433487 48.60615  50.44894
 51.635715 52.542904 53.638527 54.554443 54.860928 55.634895 56.127644
 56.314377 56.52658  57.31575  57.992775 58.40813  58.65052  58.6726
 58.786034 59.043797 59.15101  58.878242 59.1303   59.565495 59.95643
 60.605595 60.74457  60.784153 60.811424 61.18004  60.75567  60.8064  ]
INFO:root:val--mean-->[39.743374 38.122738 37.19561  35.71686  35.202812 34.790627 34.621647
 34.678947 34.44854  33.327152 32.52173  31.267305 30.603254 30.013475
 29.536041 30.480452 31.952286 33.71057  36.010574 38.201912 39.313183
 42.94376  44.53766  45.518337 46.94797  46.58542  47.49811  48.238167
 51.026104 52.292915 52.69654  53.169758 53.87486  55.697067 57.654236
 57.586315 57.758514 57.174618 57.736595 57.24419  57.544117 57.37176
 56.43062  55.96641  55.325653 53.10815  52.179287 50.27785  47.04305 ]
INFO:root:val--std-->[53.15056  52.15993  51.616505 50.33102  50.21509  50.081203 50.03935
 49.86299  49.531567 48.28274  46.95426  45.172287 43.96861  42.88531
 41.24616  42.37183  43.43441  44.75589  46.571957 48.567627 49.173023
 51.97025  53.31617  54.147503 55.217754 54.256313 54.82137  55.228252
 57.024765 57.493202 57.21687  57.12449  57.009945 58.07164  58.968643
 58.816093 58.97068  58.471672 58.976105 58.958794 59.510704 60.026344
 60.16703  60.841858 61.621956 61.22611  61.83866  62.08808  61.1031  ]
INFO:root:real_input_channels-->49
INFO:root:epoch:0 train_eval_loss-->19.133546,train_acc-->0.064897,test_eval_loss-->28.266050,test_acc===0.044118
INFO:root:epoch:1 train_eval_loss-->13.165209,train_acc-->0.100295,test_eval_loss-->25.509512,test_acc===0.127451
INFO:root:epoch:2 train_eval_loss-->12.062624,train_acc-->0.144543,test_eval_loss-->24.435444,test_acc===0.142157
INFO:root:epoch:3 train_eval_loss-->11.256805,train_acc-->0.159292,test_eval_loss-->23.681763,test_acc===0.122549
INFO:root:epoch:4 train_eval_loss-->10.198902,train_acc-->0.159292,test_eval_loss-->22.474957,test_acc===0.166667
INFO:root:epoch:5 train_eval_loss-->9.498030,train_acc-->0.219764,test_eval_loss-->22.315359,test_acc===0.166667
INFO:root:epoch:6 train_eval_loss-->9.042867,train_acc-->0.241888,test_eval_loss-->22.355026,test_acc===0.053922
INFO:root:epoch:7 train_eval_loss-->8.732171,train_acc-->0.216814,test_eval_loss-->22.117146,test_acc===0.166667
INFO:root:epoch:8 train_eval_loss-->8.306350,train_acc-->0.315634,test_eval_loss-->21.163546,test_acc===0.264706
INFO:root:epoch:9 train_eval_loss-->8.053947,train_acc-->0.321534,test_eval_loss-->21.175447,test_acc===0.274510
INFO:root:epoch:10 train_eval_loss-->7.636108,train_acc-->0.392330,test_eval_loss-->20.690111,test_acc===0.357843
INFO:root:epoch:11 train_eval_loss-->7.435664,train_acc-->0.429204,test_eval_loss-->20.958511,test_acc===0.230392
INFO:root:epoch:12 train_eval_loss-->7.175214,train_acc-->0.483776,test_eval_loss-->20.161890,test_acc===0.406863
INFO:root:epoch:13 train_eval_loss-->7.163730,train_acc-->0.482301,test_eval_loss-->20.109484,test_acc===0.421569
INFO:root:epoch:14 train_eval_loss-->7.026937,train_acc-->0.492625,test_eval_loss-->21.156490,test_acc===0.063725
INFO:root:epoch:15 train_eval_loss-->7.100592,train_acc-->0.479351,test_eval_loss-->20.657705,test_acc===0.254902
INFO:root:epoch:16 train_eval_loss-->6.965064,train_acc-->0.510324,test_eval_loss-->19.856028,test_acc===0.495098
INFO:root:epoch:17 train_eval_loss-->6.720427,train_acc-->0.601770,test_eval_loss-->20.037218,test_acc===0.514706
INFO:root:epoch:18 train_eval_loss-->6.709365,train_acc-->0.612094,test_eval_loss-->20.888142,test_acc===0.142157
INFO:root:epoch:19 train_eval_loss-->6.735864,train_acc-->0.557522,test_eval_loss-->20.144417,test_acc===0.387255
INFO:root:epoch:20 train_eval_loss-->6.732203,train_acc-->0.553097,test_eval_loss-->20.227648,test_acc===0.392157
INFO:root:epoch:21 train_eval_loss-->6.620189,train_acc-->0.632743,test_eval_loss-->19.850952,test_acc===0.460784
INFO:root:epoch:22 train_eval_loss-->6.384744,train_acc-->0.740413,test_eval_loss-->20.264225,test_acc===0.284314
INFO:root:epoch:23 train_eval_loss-->6.514442,train_acc-->0.665192,test_eval_loss-->19.591906,test_acc===0.612745
INFO:root:epoch:24 train_eval_loss-->6.304722,train_acc-->0.771386,test_eval_loss-->19.589756,test_acc===0.622549
INFO:root:epoch:25 train_eval_loss-->6.200150,train_acc-->0.787611,test_eval_loss-->19.487675,test_acc===0.642157
INFO:root:epoch:26 train_eval_loss-->6.107305,train_acc-->0.833333,test_eval_loss-->19.523829,test_acc===0.661765
INFO:root:epoch:27 train_eval_loss-->6.040596,train_acc-->0.865782,test_eval_loss-->19.449055,test_acc===0.651961
INFO:root:epoch:28 train_eval_loss-->6.111411,train_acc-->0.818584,test_eval_loss-->19.665823,test_acc===0.578431
INFO:root:epoch:29 train_eval_loss-->6.119677,train_acc-->0.834808,test_eval_loss-->19.556873,test_acc===0.612745
INFO:root:epoch:30 train_eval_loss-->5.935621,train_acc-->0.896755,test_eval_loss-->19.650793,test_acc===0.578431
INFO:root:epoch:31 train_eval_loss-->6.004210,train_acc-->0.862832,test_eval_loss-->19.497755,test_acc===0.617647
INFO:root:epoch:32 train_eval_loss-->5.909847,train_acc-->0.895280,test_eval_loss-->19.360918,test_acc===0.705882
INFO:root:epoch:33 train_eval_loss-->5.804249,train_acc-->0.921829,test_eval_loss-->19.551050,test_acc===0.593137
INFO:root:epoch:34 train_eval_loss-->5.850251,train_acc-->0.905605,test_eval_loss-->19.390757,test_acc===0.691176
INFO:root:epoch:35 train_eval_loss-->5.800097,train_acc-->0.923304,test_eval_loss-->19.447172,test_acc===0.696078
INFO:root:epoch:36 train_eval_loss-->5.716172,train_acc-->0.929204,test_eval_loss-->19.399836,test_acc===0.656863
INFO:root:epoch:37 train_eval_loss-->5.655712,train_acc-->0.952802,test_eval_loss-->19.437403,test_acc===0.651961
INFO:root:epoch:38 train_eval_loss-->5.642272,train_acc-->0.954277,test_eval_loss-->19.354462,test_acc===0.676471
INFO:root:epoch:39 train_eval_loss-->5.618530,train_acc-->0.957227,test_eval_loss-->19.353466,test_acc===0.686275
INFO:root:epoch:40 train_eval_loss-->5.592435,train_acc-->0.967552,test_eval_loss-->19.254110,test_acc===0.700980
INFO:root:epoch:41 train_eval_loss-->5.550235,train_acc-->0.963127,test_eval_loss-->19.286446,test_acc===0.700980
INFO:root:epoch:42 train_eval_loss-->5.523656,train_acc-->0.970501,test_eval_loss-->19.273703,test_acc===0.705882
INFO:root:epoch:43 train_eval_loss-->5.534275,train_acc-->0.961652,test_eval_loss-->19.297150,test_acc===0.700980
INFO:root:epoch:44 train_eval_loss-->5.502828,train_acc-->0.969027,test_eval_loss-->19.261389,test_acc===0.705882
INFO:root:epoch:45 train_eval_loss-->5.474959,train_acc-->0.973451,test_eval_loss-->19.278532,test_acc===0.720588
INFO:root:epoch:46 train_eval_loss-->5.462295,train_acc-->0.971976,test_eval_loss-->19.259521,test_acc===0.725490
INFO:root:epoch:47 train_eval_loss-->5.448069,train_acc-->0.976401,test_eval_loss-->19.252388,test_acc===0.710784
INFO:root:epoch:48 train_eval_loss-->5.455312,train_acc-->0.974926,test_eval_loss-->19.252220,test_acc===0.700980
INFO:root:epoch:49 train_eval_loss-->5.438536,train_acc-->0.977876,test_eval_loss-->19.246872,test_acc===0.710784
INFO:root:epoch:50 train_eval_loss-->5.431187,train_acc-->0.979351,test_eval_loss-->19.250051,test_acc===0.710784
INFO:root:epoch:51 train_eval_loss-->5.445980,train_acc-->0.969027,test_eval_loss-->19.252337,test_acc===0.700980
INFO:root:epoch:52 train_eval_loss-->5.437220,train_acc-->0.976401,test_eval_loss-->19.245630,test_acc===0.715686
INFO:root:epoch:53 train_eval_loss-->5.422462,train_acc-->0.980826,test_eval_loss-->19.237839,test_acc===0.705882
INFO:root:epoch:54 train_eval_loss-->5.441661,train_acc-->0.973451,test_eval_loss-->19.243774,test_acc===0.696078
INFO:root:epoch:55 train_eval_loss-->5.452219,train_acc-->0.969027,test_eval_loss-->19.249775,test_acc===0.720588
INFO:root:epoch:56 train_eval_loss-->5.444478,train_acc-->0.971976,test_eval_loss-->19.285868,test_acc===0.696078
INFO:root:epoch:57 train_eval_loss-->5.434573,train_acc-->0.971976,test_eval_loss-->19.266386,test_acc===0.720588
INFO:root:epoch:58 train_eval_loss-->5.431561,train_acc-->0.979351,test_eval_loss-->19.258131,test_acc===0.710784
INFO:root:epoch:59 train_eval_loss-->5.454348,train_acc-->0.971976,test_eval_loss-->19.260088,test_acc===0.700980
INFO:root:epoch:60 train_eval_loss-->5.483809,train_acc-->0.970501,test_eval_loss-->19.281012,test_acc===0.700980
INFO:root:epoch:61 train_eval_loss-->5.497265,train_acc-->0.964602,test_eval_loss-->19.298632,test_acc===0.710784
INFO:root:epoch:62 train_eval_loss-->5.505082,train_acc-->0.973451,test_eval_loss-->19.249977,test_acc===0.745098
INFO:root:epoch:63 train_eval_loss-->5.562049,train_acc-->0.961652,test_eval_loss-->19.340744,test_acc===0.705882
INFO:root:epoch:64 train_eval_loss-->5.577787,train_acc-->0.969027,test_eval_loss-->19.289019,test_acc===0.710784
INFO:root:epoch:65 train_eval_loss-->5.588606,train_acc-->0.974926,test_eval_loss-->19.411903,test_acc===0.651961
INFO:root:epoch:66 train_eval_loss-->5.668850,train_acc-->0.958702,test_eval_loss-->19.406467,test_acc===0.666667
INFO:root:epoch:67 train_eval_loss-->5.614077,train_acc-->0.954277,test_eval_loss-->19.391191,test_acc===0.720588
INFO:root:epoch:68 train_eval_loss-->5.771495,train_acc-->0.938053,test_eval_loss-->19.305449,test_acc===0.700980
INFO:root:epoch:69 train_eval_loss-->5.703283,train_acc-->0.946903,test_eval_loss-->19.750526,test_acc===0.495098
INFO:root:epoch:70 train_eval_loss-->5.842903,train_acc-->0.893805,test_eval_loss-->19.519810,test_acc===0.686275
INFO:root:epoch:71 train_eval_loss-->5.919842,train_acc-->0.882006,test_eval_loss-->19.848291,test_acc===0.485294
INFO:root:epoch:72 train_eval_loss-->6.131184,train_acc-->0.769912,test_eval_loss-->19.559513,test_acc===0.671569
INFO:root:epoch:73 train_eval_loss-->5.942377,train_acc-->0.858407,test_eval_loss-->19.604921,test_acc===0.622549
INFO:root:epoch:74 train_eval_loss-->5.937040,train_acc-->0.849558,test_eval_loss-->19.619406,test_acc===0.642157
INFO:root:epoch:75 train_eval_loss-->6.115027,train_acc-->0.792035,test_eval_loss-->19.672167,test_acc===0.622549
INFO:root:epoch:76 train_eval_loss-->6.059246,train_acc-->0.843658,test_eval_loss-->19.510820,test_acc===0.632353
INFO:root:epoch:77 train_eval_loss-->6.115928,train_acc-->0.812684,test_eval_loss-->19.529089,test_acc===0.642157
INFO:root:epoch:78 train_eval_loss-->5.903288,train_acc-->0.889381,test_eval_loss-->20.499228,test_acc===0.294118
INFO:root:epoch:79 train_eval_loss-->6.446277,train_acc-->0.632743,test_eval_loss-->20.634369,test_acc===0.245098
INFO:root:epoch:80 train_eval_loss-->6.485358,train_acc-->0.623894,test_eval_loss-->19.859461,test_acc===0.485294
INFO:root:epoch:81 train_eval_loss-->6.415081,train_acc-->0.678466,test_eval_loss-->19.948956,test_acc===0.470588
INFO:root:epoch:82 train_eval_loss-->6.207890,train_acc-->0.735988,test_eval_loss-->19.874039,test_acc===0.495098
INFO:root:epoch:83 train_eval_loss-->6.134333,train_acc-->0.781711,test_eval_loss-->19.786442,test_acc===0.568627
INFO:root:epoch:84 train_eval_loss-->6.093181,train_acc-->0.815634,test_eval_loss-->19.891493,test_acc===0.544118
INFO:root:epoch:85 train_eval_loss-->6.137635,train_acc-->0.808260,test_eval_loss-->19.987581,test_acc===0.426471
INFO:root:epoch:86 train_eval_loss-->6.232028,train_acc-->0.716814,test_eval_loss-->20.136765,test_acc===0.348039
INFO:root:epoch:87 train_eval_loss-->6.379257,train_acc-->0.706490,test_eval_loss-->20.161715,test_acc===0.431373
INFO:root:epoch:88 train_eval_loss-->6.311253,train_acc-->0.681416,test_eval_loss-->19.924944,test_acc===0.470588
INFO:root:epoch:89 train_eval_loss-->6.188410,train_acc-->0.738938,test_eval_loss-->19.923716,test_acc===0.539216
INFO:root:epoch:90 train_eval_loss-->6.244610,train_acc-->0.731563,test_eval_loss-->19.909979,test_acc===0.446078
INFO:root:epoch:91 train_eval_loss-->6.008924,train_acc-->0.846608,test_eval_loss-->19.768486,test_acc===0.509804
INFO:root:epoch:92 train_eval_loss-->6.038709,train_acc-->0.808260,test_eval_loss-->20.026386,test_acc===0.387255
INFO:root:epoch:93 train_eval_loss-->6.152256,train_acc-->0.758112,test_eval_loss-->19.635384,test_acc===0.588235
INFO:root:epoch:94 train_eval_loss-->6.282340,train_acc-->0.725664,test_eval_loss-->19.867376,test_acc===0.465686
INFO:root:epoch:95 train_eval_loss-->6.182630,train_acc-->0.758112,test_eval_loss-->19.855225,test_acc===0.544118
INFO:root:epoch:96 train_eval_loss-->6.242147,train_acc-->0.719764,test_eval_loss-->19.757368,test_acc===0.632353
INFO:root:epoch:97 train_eval_loss-->6.407413,train_acc-->0.662242,test_eval_loss-->19.944086,test_acc===0.539216
INFO:root:epoch:98 train_eval_loss-->6.200165,train_acc-->0.750737,test_eval_loss-->19.743919,test_acc===0.583333
INFO:root:epoch:99 train_eval_loss-->6.127701,train_acc-->0.799410,test_eval_loss-->19.487902,test_acc===0.676471
INFO:root:epoch:100 train_eval_loss-->6.011672,train_acc-->0.815634,test_eval_loss-->19.580299,test_acc===0.602941
INFO:root:epoch:101 train_eval_loss-->5.983466,train_acc-->0.867257,test_eval_loss-->19.503357,test_acc===0.681373
INFO:root:epoch:102 train_eval_loss-->5.902034,train_acc-->0.887906,test_eval_loss-->19.473877,test_acc===0.710784
INFO:root:epoch:103 train_eval_loss-->6.067065,train_acc-->0.818584,test_eval_loss-->20.308300,test_acc===0.235294
INFO:root:epoch:104 train_eval_loss-->6.271012,train_acc-->0.727139,test_eval_loss-->20.193760,test_acc===0.401961
INFO:root:epoch:105 train_eval_loss-->6.307302,train_acc-->0.700590,test_eval_loss-->19.526081,test_acc===0.637255
INFO:root:epoch:106 train_eval_loss-->5.956649,train_acc-->0.895280,test_eval_loss-->19.812609,test_acc===0.500000
INFO:root:epoch:107 train_eval_loss-->5.931733,train_acc-->0.887906,test_eval_loss-->19.565466,test_acc===0.637255
INFO:root:epoch:108 train_eval_loss-->5.890728,train_acc-->0.887906,test_eval_loss-->19.675947,test_acc===0.632353
INFO:root:epoch:109 train_eval_loss-->5.948194,train_acc-->0.852507,test_eval_loss-->19.531094,test_acc===0.661765
INFO:root:epoch:110 train_eval_loss-->5.840216,train_acc-->0.926254,test_eval_loss-->19.401545,test_acc===0.700980
INFO:root:epoch:111 train_eval_loss-->5.842578,train_acc-->0.908555,test_eval_loss-->19.405788,test_acc===0.700980
INFO:root:epoch:112 train_eval_loss-->5.825575,train_acc-->0.912979,test_eval_loss-->19.444828,test_acc===0.710784
INFO:root:epoch:113 train_eval_loss-->5.643415,train_acc-->0.948378,test_eval_loss-->19.583889,test_acc===0.686275
INFO:root:epoch:114 train_eval_loss-->5.777529,train_acc-->0.918879,test_eval_loss-->19.460039,test_acc===0.656863
INFO:root:epoch:115 train_eval_loss-->5.668556,train_acc-->0.951327,test_eval_loss-->19.472591,test_acc===0.676471
INFO:root:epoch:116 train_eval_loss-->5.639296,train_acc-->0.954277,test_eval_loss-->19.506714,test_acc===0.651961
INFO:root:epoch:117 train_eval_loss-->5.611949,train_acc-->0.961652,test_eval_loss-->19.461617,test_acc===0.622549
INFO:root:epoch:118 train_eval_loss-->5.655924,train_acc-->0.942478,test_eval_loss-->19.749966,test_acc===0.500000
INFO:root:epoch:119 train_eval_loss-->5.669654,train_acc-->0.924779,test_eval_loss-->19.385937,test_acc===0.696078
INFO:root:epoch:120 train_eval_loss-->5.497668,train_acc-->0.979351,test_eval_loss-->19.393612,test_acc===0.671569
INFO:root:epoch:121 train_eval_loss-->5.478368,train_acc-->0.979351,test_eval_loss-->19.324804,test_acc===0.720588
INFO:root:epoch:122 train_eval_loss-->5.444234,train_acc-->0.994100,test_eval_loss-->19.378204,test_acc===0.686275
INFO:root:epoch:123 train_eval_loss-->5.486100,train_acc-->0.980826,test_eval_loss-->19.421579,test_acc===0.705882
INFO:root:epoch:124 train_eval_loss-->5.503768,train_acc-->0.958702,test_eval_loss-->19.166771,test_acc===0.794118
INFO:root:epoch:125 train_eval_loss-->5.384717,train_acc-->0.988201,test_eval_loss-->19.271376,test_acc===0.720588
INFO:root:epoch:126 train_eval_loss-->5.353313,train_acc-->0.994100,test_eval_loss-->19.287151,test_acc===0.725490
INFO:root:epoch:127 train_eval_loss-->5.323507,train_acc-->0.997050,test_eval_loss-->19.222345,test_acc===0.735294
INFO:root:epoch:128 train_eval_loss-->5.318064,train_acc-->0.991150,test_eval_loss-->19.273649,test_acc===0.686275
INFO:root:epoch:129 train_eval_loss-->5.288174,train_acc-->0.997050,test_eval_loss-->19.170902,test_acc===0.745098
INFO:root:epoch:130 train_eval_loss-->5.246648,train_acc-->0.997050,test_eval_loss-->19.234825,test_acc===0.715686
INFO:root:epoch:131 train_eval_loss-->5.212583,train_acc-->0.998525,test_eval_loss-->19.268780,test_acc===0.700980
INFO:root:epoch:132 train_eval_loss-->5.264690,train_acc-->0.995575,test_eval_loss-->19.206928,test_acc===0.725490
INFO:root:epoch:133 train_eval_loss-->5.182569,train_acc-->1.000000,test_eval_loss-->19.199717,test_acc===0.730392
INFO:root:epoch:134 train_eval_loss-->5.150600,train_acc-->0.995575,test_eval_loss-->19.182695,test_acc===0.745098
INFO:root:epoch:135 train_eval_loss-->5.125309,train_acc-->1.000000,test_eval_loss-->19.170738,test_acc===0.759804
INFO:root:epoch:136 train_eval_loss-->5.112682,train_acc-->0.997050,test_eval_loss-->19.150621,test_acc===0.769608
INFO:root:epoch:137 train_eval_loss-->5.094527,train_acc-->0.998525,test_eval_loss-->19.157177,test_acc===0.745098
INFO:root:epoch:138 train_eval_loss-->5.067173,train_acc-->0.998525,test_eval_loss-->19.160515,test_acc===0.754902
INFO:root:epoch:139 train_eval_loss-->5.048060,train_acc-->1.000000,test_eval_loss-->19.152655,test_acc===0.774510
INFO:root:epoch:140 train_eval_loss-->5.041811,train_acc-->0.998525,test_eval_loss-->19.145197,test_acc===0.750000
INFO:root:epoch:141 train_eval_loss-->5.021972,train_acc-->0.998525,test_eval_loss-->19.137796,test_acc===0.784314
INFO:root:epoch:142 train_eval_loss-->5.021108,train_acc-->0.998525,test_eval_loss-->19.143560,test_acc===0.784314
INFO:root:epoch:143 train_eval_loss-->5.008920,train_acc-->0.998525,test_eval_loss-->19.136015,test_acc===0.774510
INFO:root:epoch:144 train_eval_loss-->5.001840,train_acc-->0.997050,test_eval_loss-->19.137228,test_acc===0.764706
INFO:root:epoch:145 train_eval_loss-->4.993818,train_acc-->0.998525,test_eval_loss-->19.131409,test_acc===0.774510
INFO:root:epoch:146 train_eval_loss-->4.983150,train_acc-->0.998525,test_eval_loss-->19.135687,test_acc===0.769608
INFO:root:epoch:147 train_eval_loss-->4.976792,train_acc-->0.997050,test_eval_loss-->19.133915,test_acc===0.774510
INFO:root:epoch:148 train_eval_loss-->4.979385,train_acc-->0.998525,test_eval_loss-->19.132982,test_acc===0.779412
INFO:root:epoch:149 train_eval_loss-->4.974168,train_acc-->1.000000,test_eval_loss-->19.137194,test_acc===0.769608
INFO:root:epoch:150 train_eval_loss-->4.967654,train_acc-->1.000000,test_eval_loss-->19.142435,test_acc===0.764706
INFO:root:epoch:151 train_eval_loss-->4.970006,train_acc-->0.997050,test_eval_loss-->19.131739,test_acc===0.769608
INFO:root:epoch:152 train_eval_loss-->4.971179,train_acc-->1.000000,test_eval_loss-->19.134094,test_acc===0.779412
INFO:root:epoch:153 train_eval_loss-->4.965263,train_acc-->0.998525,test_eval_loss-->19.137375,test_acc===0.759804
INFO:root:epoch:154 train_eval_loss-->4.985310,train_acc-->0.998525,test_eval_loss-->19.134420,test_acc===0.779412
INFO:root:epoch:155 train_eval_loss-->4.984320,train_acc-->0.998525,test_eval_loss-->19.139334,test_acc===0.764706
INFO:root:epoch:156 train_eval_loss-->4.981943,train_acc-->1.000000,test_eval_loss-->19.141216,test_acc===0.764706
INFO:root:epoch:157 train_eval_loss-->4.997134,train_acc-->0.998525,test_eval_loss-->19.143976,test_acc===0.764706
INFO:root:epoch:158 train_eval_loss-->5.006818,train_acc-->0.998525,test_eval_loss-->19.142450,test_acc===0.769608
INFO:root:epoch:159 train_eval_loss-->5.002477,train_acc-->0.997050,test_eval_loss-->19.153030,test_acc===0.769608
INFO:root:epoch:160 train_eval_loss-->5.002198,train_acc-->0.997050,test_eval_loss-->19.146498,test_acc===0.759804
INFO:root:epoch:161 train_eval_loss-->5.009084,train_acc-->1.000000,test_eval_loss-->19.144493,test_acc===0.759804
INFO:root:epoch:162 train_eval_loss-->5.024340,train_acc-->0.998525,test_eval_loss-->19.156721,test_acc===0.750000
INFO:root:epoch:163 train_eval_loss-->5.040289,train_acc-->1.000000,test_eval_loss-->19.172443,test_acc===0.750000
INFO:root:epoch:164 train_eval_loss-->5.064164,train_acc-->1.000000,test_eval_loss-->19.178717,test_acc===0.784314
INFO:root:epoch:165 train_eval_loss-->5.077956,train_acc-->0.998525,test_eval_loss-->19.188017,test_acc===0.754902
INFO:root:epoch:166 train_eval_loss-->5.078012,train_acc-->0.994100,test_eval_loss-->19.189671,test_acc===0.779412
INFO:root:epoch:167 train_eval_loss-->5.188206,train_acc-->1.000000,test_eval_loss-->19.205763,test_acc===0.750000
INFO:root:epoch:168 train_eval_loss-->5.195828,train_acc-->0.997050,test_eval_loss-->19.208519,test_acc===0.754902
INFO:root:epoch:169 train_eval_loss-->5.219615,train_acc-->0.997050,test_eval_loss-->19.186749,test_acc===0.769608
INFO:root:epoch:170 train_eval_loss-->5.293219,train_acc-->0.995575,test_eval_loss-->19.237261,test_acc===0.750000
INFO:root:epoch:171 train_eval_loss-->5.301624,train_acc-->0.992625,test_eval_loss-->19.254938,test_acc===0.764706
INFO:root:epoch:172 train_eval_loss-->5.302072,train_acc-->0.991150,test_eval_loss-->19.318327,test_acc===0.691176
INFO:root:epoch:173 train_eval_loss-->5.419327,train_acc-->0.971976,test_eval_loss-->19.313560,test_acc===0.696078
INFO:root:epoch:174 train_eval_loss-->5.447720,train_acc-->0.967552,test_eval_loss-->19.267376,test_acc===0.774510
INFO:root:epoch:175 train_eval_loss-->5.625337,train_acc-->0.935103,test_eval_loss-->19.378576,test_acc===0.730392
INFO:root:epoch:176 train_eval_loss-->5.554669,train_acc-->0.980826,test_eval_loss-->19.452517,test_acc===0.671569
INFO:root:epoch:177 train_eval_loss-->5.591033,train_acc-->0.958702,test_eval_loss-->19.640963,test_acc===0.578431
INFO:root:epoch:178 train_eval_loss-->5.697941,train_acc-->0.927729,test_eval_loss-->19.334547,test_acc===0.740196
INFO:root:epoch:179 train_eval_loss-->5.572893,train_acc-->0.966077,test_eval_loss-->19.422054,test_acc===0.671569
INFO:root:epoch:180 train_eval_loss-->5.538522,train_acc-->0.964602,test_eval_loss-->19.340385,test_acc===0.735294
INFO:root:epoch:181 train_eval_loss-->5.624331,train_acc-->0.964602,test_eval_loss-->19.443951,test_acc===0.696078
INFO:root:epoch:182 train_eval_loss-->5.804596,train_acc-->0.930678,test_eval_loss-->19.408047,test_acc===0.691176
INFO:root:epoch:183 train_eval_loss-->5.770820,train_acc-->0.920354,test_eval_loss-->19.571848,test_acc===0.607843
INFO:root:epoch:184 train_eval_loss-->5.730657,train_acc-->0.921829,test_eval_loss-->19.482706,test_acc===0.666667
INFO:root:epoch:185 train_eval_loss-->5.740009,train_acc-->0.908555,test_eval_loss-->19.768106,test_acc===0.578431
INFO:root:epoch:186 train_eval_loss-->5.846635,train_acc-->0.892330,test_eval_loss-->19.577236,test_acc===0.656863
INFO:root:epoch:187 train_eval_loss-->5.837452,train_acc-->0.899705,test_eval_loss-->19.474709,test_acc===0.666667
INFO:root:epoch:188 train_eval_loss-->5.638319,train_acc-->0.958702,test_eval_loss-->19.589018,test_acc===0.607843
INFO:root:epoch:189 train_eval_loss-->5.780877,train_acc-->0.914454,test_eval_loss-->19.801460,test_acc===0.573529
INFO:root:epoch:190 train_eval_loss-->5.820087,train_acc-->0.911504,test_eval_loss-->19.838045,test_acc===0.539216
INFO:root:epoch:191 train_eval_loss-->5.875128,train_acc-->0.882006,test_eval_loss-->19.942318,test_acc===0.455882
INFO:root:epoch:192 train_eval_loss-->5.835134,train_acc-->0.876106,test_eval_loss-->19.527554,test_acc===0.627451
INFO:root:epoch:193 train_eval_loss-->5.973712,train_acc-->0.823009,test_eval_loss-->19.827650,test_acc===0.573529
INFO:root:epoch:194 train_eval_loss-->5.817208,train_acc-->0.898230,test_eval_loss-->19.667593,test_acc===0.598039
INFO:root:epoch:195 train_eval_loss-->5.812508,train_acc-->0.905605,test_eval_loss-->19.554794,test_acc===0.686275
INFO:root:epoch:196 train_eval_loss-->5.674936,train_acc-->0.939528,test_eval_loss-->19.542923,test_acc===0.627451
INFO:root:epoch:197 train_eval_loss-->5.757911,train_acc-->0.886431,test_eval_loss-->19.597839,test_acc===0.647059
INFO:root:epoch:198 train_eval_loss-->5.695713,train_acc-->0.932153,test_eval_loss-->19.631508,test_acc===0.671569
INFO:root:epoch:199 train_eval_loss-->5.744417,train_acc-->0.930678,test_eval_loss-->19.659031,test_acc===0.578431
INFO:root:epoch:200 train_eval_loss-->5.646762,train_acc-->0.952802,test_eval_loss-->19.577986,test_acc===0.651961
INFO:root:epoch:201 train_eval_loss-->5.657329,train_acc-->0.949853,test_eval_loss-->19.528500,test_acc===0.637255
INFO:root:epoch:202 train_eval_loss-->5.698064,train_acc-->0.918879,test_eval_loss-->19.801094,test_acc===0.519608
INFO:root:epoch:203 train_eval_loss-->5.772728,train_acc-->0.899705,test_eval_loss-->19.764383,test_acc===0.622549
INFO:root:epoch:204 train_eval_loss-->5.641803,train_acc-->0.976401,test_eval_loss-->19.552505,test_acc===0.681373
INFO:root:epoch:205 train_eval_loss-->5.641813,train_acc-->0.966077,test_eval_loss-->19.472813,test_acc===0.700980
INFO:root:epoch:206 train_eval_loss-->5.560092,train_acc-->0.973451,test_eval_loss-->19.393309,test_acc===0.730392
INFO:root:epoch:207 train_eval_loss-->5.477433,train_acc-->0.966077,test_eval_loss-->19.426893,test_acc===0.700980
INFO:root:epoch:208 train_eval_loss-->5.554565,train_acc-->0.966077,test_eval_loss-->19.568213,test_acc===0.602941
INFO:root:epoch:209 train_eval_loss-->5.594061,train_acc-->0.943953,test_eval_loss-->19.413549,test_acc===0.715686
INFO:root:epoch:210 train_eval_loss-->5.476278,train_acc-->0.977876,test_eval_loss-->19.426296,test_acc===0.710784
INFO:root:epoch:211 train_eval_loss-->5.458700,train_acc-->0.976401,test_eval_loss-->19.328562,test_acc===0.705882
INFO:root:epoch:212 train_eval_loss-->5.426910,train_acc-->0.989676,test_eval_loss-->19.574293,test_acc===0.642157
INFO:root:epoch:213 train_eval_loss-->5.497103,train_acc-->0.966077,test_eval_loss-->19.470119,test_acc===0.730392
INFO:root:epoch:214 train_eval_loss-->5.455886,train_acc-->0.977876,test_eval_loss-->19.314404,test_acc===0.769608
INFO:root:epoch:215 train_eval_loss-->5.495298,train_acc-->0.979351,test_eval_loss-->19.439594,test_acc===0.710784
INFO:root:epoch:216 train_eval_loss-->5.474053,train_acc-->0.973451,test_eval_loss-->19.359529,test_acc===0.710784
INFO:root:epoch:217 train_eval_loss-->5.459113,train_acc-->0.970501,test_eval_loss-->19.283203,test_acc===0.750000
INFO:root:epoch:218 train_eval_loss-->5.397122,train_acc-->0.974926,test_eval_loss-->19.386539,test_acc===0.735294
INFO:root:epoch:219 train_eval_loss-->5.359957,train_acc-->0.992625,test_eval_loss-->19.315042,test_acc===0.715686
INFO:root:epoch:220 train_eval_loss-->5.252019,train_acc-->0.995575,test_eval_loss-->19.311024,test_acc===0.715686
INFO:root:epoch:221 train_eval_loss-->5.275170,train_acc-->0.998525,test_eval_loss-->19.276400,test_acc===0.730392
INFO:root:epoch:222 train_eval_loss-->5.270335,train_acc-->0.991150,test_eval_loss-->19.300512,test_acc===0.705882
INFO:root:epoch:223 train_eval_loss-->5.214345,train_acc-->1.000000,test_eval_loss-->19.302652,test_acc===0.710784
INFO:root:epoch:224 train_eval_loss-->5.223752,train_acc-->0.995575,test_eval_loss-->19.266670,test_acc===0.750000
INFO:root:epoch:225 train_eval_loss-->5.133932,train_acc-->1.000000,test_eval_loss-->19.277861,test_acc===0.735294
INFO:root:epoch:226 train_eval_loss-->5.095662,train_acc-->1.000000,test_eval_loss-->19.260307,test_acc===0.735294
INFO:root:epoch:227 train_eval_loss-->5.089017,train_acc-->0.997050,test_eval_loss-->19.192919,test_acc===0.799020
INFO:root:epoch:228 train_eval_loss-->5.040720,train_acc-->1.000000,test_eval_loss-->19.192661,test_acc===0.769608
INFO:root:epoch:229 train_eval_loss-->5.033482,train_acc-->1.000000,test_eval_loss-->19.249355,test_acc===0.725490
INFO:root:epoch:230 train_eval_loss-->5.042062,train_acc-->1.000000,test_eval_loss-->19.229275,test_acc===0.759804
INFO:root:epoch:231 train_eval_loss-->5.060700,train_acc-->1.000000,test_eval_loss-->19.256044,test_acc===0.740196
INFO:root:epoch:232 train_eval_loss-->5.035477,train_acc-->0.998525,test_eval_loss-->19.164917,test_acc===0.774510
INFO:root:epoch:233 train_eval_loss-->4.973892,train_acc-->0.997050,test_eval_loss-->19.204052,test_acc===0.754902
INFO:root:epoch:234 train_eval_loss-->4.959516,train_acc-->1.000000,test_eval_loss-->19.192289,test_acc===0.764706
INFO:root:epoch:235 train_eval_loss-->4.950945,train_acc-->1.000000,test_eval_loss-->19.169529,test_acc===0.750000
INFO:root:epoch:236 train_eval_loss-->4.918158,train_acc-->1.000000,test_eval_loss-->19.177616,test_acc===0.769608
INFO:root:epoch:237 train_eval_loss-->4.913993,train_acc-->1.000000,test_eval_loss-->19.177595,test_acc===0.745098
INFO:root:epoch:238 train_eval_loss-->4.871415,train_acc-->1.000000,test_eval_loss-->19.170198,test_acc===0.769608
INFO:root:epoch:239 train_eval_loss-->4.863700,train_acc-->1.000000,test_eval_loss-->19.170467,test_acc===0.754902
INFO:root:epoch:240 train_eval_loss-->4.872387,train_acc-->1.000000,test_eval_loss-->19.167559,test_acc===0.745098
INFO:root:epoch:241 train_eval_loss-->4.846492,train_acc-->1.000000,test_eval_loss-->19.160236,test_acc===0.784314
INFO:root:epoch:242 train_eval_loss-->4.832721,train_acc-->1.000000,test_eval_loss-->19.162460,test_acc===0.764706
INFO:root:epoch:243 train_eval_loss-->4.826643,train_acc-->1.000000,test_eval_loss-->19.152893,test_acc===0.769608
INFO:root:epoch:244 train_eval_loss-->4.822546,train_acc-->1.000000,test_eval_loss-->19.153103,test_acc===0.779412
INFO:root:epoch:245 train_eval_loss-->4.809602,train_acc-->1.000000,test_eval_loss-->19.156742,test_acc===0.774510
INFO:root:epoch:246 train_eval_loss-->4.805189,train_acc-->1.000000,test_eval_loss-->19.154160,test_acc===0.769608
INFO:root:epoch:247 train_eval_loss-->4.795592,train_acc-->1.000000,test_eval_loss-->19.153242,test_acc===0.769608
INFO:root:epoch:248 train_eval_loss-->4.796662,train_acc-->1.000000,test_eval_loss-->19.148062,test_acc===0.779412
INFO:root:epoch:249 train_eval_loss-->4.796685,train_acc-->1.000000,test_eval_loss-->19.153532,test_acc===0.769608
INFO:root:epoch:250 train_eval_loss-->4.800889,train_acc-->1.000000,test_eval_loss-->19.151207,test_acc===0.769608
INFO:root:epoch:251 train_eval_loss-->4.798236,train_acc-->1.000000,test_eval_loss-->19.150557,test_acc===0.774510
INFO:root:epoch:252 train_eval_loss-->4.797301,train_acc-->1.000000,test_eval_loss-->19.155043,test_acc===0.764706
INFO:root:epoch:253 train_eval_loss-->4.791056,train_acc-->1.000000,test_eval_loss-->19.154287,test_acc===0.774510
INFO:root:epoch:254 train_eval_loss-->4.797921,train_acc-->1.000000,test_eval_loss-->19.158094,test_acc===0.759804
INFO:root:epoch:255 train_eval_loss-->4.791892,train_acc-->1.000000,test_eval_loss-->19.146400,test_acc===0.769608
INFO:root:epoch:256 train_eval_loss-->4.802771,train_acc-->1.000000,test_eval_loss-->19.155794,test_acc===0.769608
INFO:root:epoch:257 train_eval_loss-->4.809344,train_acc-->1.000000,test_eval_loss-->19.168781,test_acc===0.750000
INFO:root:epoch:258 train_eval_loss-->4.816636,train_acc-->1.000000,test_eval_loss-->19.154818,test_acc===0.769608
INFO:root:epoch:259 train_eval_loss-->4.811624,train_acc-->1.000000,test_eval_loss-->19.150326,test_acc===0.764706
INFO:root:epoch:260 train_eval_loss-->4.818738,train_acc-->1.000000,test_eval_loss-->19.157528,test_acc===0.759804
INFO:root:epoch:261 train_eval_loss-->4.833479,train_acc-->1.000000,test_eval_loss-->19.165974,test_acc===0.764706
INFO:root:epoch:262 train_eval_loss-->4.829905,train_acc-->1.000000,test_eval_loss-->19.165337,test_acc===0.764706
INFO:root:epoch:263 train_eval_loss-->4.851576,train_acc-->1.000000,test_eval_loss-->19.164867,test_acc===0.764706
INFO:root:epoch:264 train_eval_loss-->4.878831,train_acc-->1.000000,test_eval_loss-->19.166952,test_acc===0.764706
INFO:root:epoch:265 train_eval_loss-->4.889755,train_acc-->1.000000,test_eval_loss-->19.172937,test_acc===0.764706
INFO:root:epoch:266 train_eval_loss-->4.920066,train_acc-->1.000000,test_eval_loss-->19.163370,test_acc===0.754902
INFO:root:epoch:267 train_eval_loss-->4.926549,train_acc-->1.000000,test_eval_loss-->19.172096,test_acc===0.774510
INFO:root:epoch:268 train_eval_loss-->4.952987,train_acc-->1.000000,test_eval_loss-->19.218607,test_acc===0.774510
INFO:root:epoch:269 train_eval_loss-->5.021309,train_acc-->1.000000,test_eval_loss-->19.190346,test_acc===0.754902
INFO:root:epoch:270 train_eval_loss-->5.019450,train_acc-->1.000000,test_eval_loss-->19.187157,test_acc===0.769608
INFO:root:epoch:271 train_eval_loss-->5.032049,train_acc-->1.000000,test_eval_loss-->19.257105,test_acc===0.754902
INFO:root:epoch:272 train_eval_loss-->5.049905,train_acc-->1.000000,test_eval_loss-->19.178480,test_acc===0.759804
INFO:root:epoch:273 train_eval_loss-->5.143964,train_acc-->0.997050,test_eval_loss-->19.232841,test_acc===0.764706
INFO:root:epoch:274 train_eval_loss-->5.114665,train_acc-->0.998525,test_eval_loss-->19.221901,test_acc===0.754902
INFO:root:epoch:275 train_eval_loss-->5.204633,train_acc-->0.998525,test_eval_loss-->19.242167,test_acc===0.759804
INFO:root:epoch:276 train_eval_loss-->5.176951,train_acc-->0.998525,test_eval_loss-->19.258362,test_acc===0.745098
INFO:root:epoch:277 train_eval_loss-->5.229357,train_acc-->0.997050,test_eval_loss-->19.258701,test_acc===0.715686
INFO:root:epoch:278 train_eval_loss-->5.257496,train_acc-->0.997050,test_eval_loss-->19.525539,test_acc===0.642157
INFO:root:epoch:279 train_eval_loss-->5.336663,train_acc-->0.988201,test_eval_loss-->19.276810,test_acc===0.745098
INFO:root:epoch:280 train_eval_loss-->5.354367,train_acc-->0.977876,test_eval_loss-->19.353746,test_acc===0.715686
INFO:root:epoch:281 train_eval_loss-->5.303902,train_acc-->0.995575,test_eval_loss-->19.276381,test_acc===0.750000
INFO:root:epoch:282 train_eval_loss-->5.318951,train_acc-->0.995575,test_eval_loss-->19.291718,test_acc===0.730392
INFO:root:epoch:283 train_eval_loss-->5.312584,train_acc-->0.986726,test_eval_loss-->19.303774,test_acc===0.715686
INFO:root:epoch:284 train_eval_loss-->5.429287,train_acc-->0.971976,test_eval_loss-->19.468243,test_acc===0.696078
INFO:root:epoch:285 train_eval_loss-->5.530348,train_acc-->0.966077,test_eval_loss-->19.705666,test_acc===0.519608
INFO:root:epoch:286 train_eval_loss-->5.576636,train_acc-->0.945428,test_eval_loss-->19.752638,test_acc===0.622549
INFO:root:epoch:287 train_eval_loss-->5.561156,train_acc-->0.943953,test_eval_loss-->19.452686,test_acc===0.710784
INFO:root:epoch:288 train_eval_loss-->5.568643,train_acc-->0.980826,test_eval_loss-->19.509592,test_acc===0.676471
INFO:root:epoch:289 train_eval_loss-->5.677750,train_acc-->0.952802,test_eval_loss-->19.439215,test_acc===0.696078
INFO:root:epoch:290 train_eval_loss-->5.502858,train_acc-->0.974926,test_eval_loss-->19.431692,test_acc===0.730392
INFO:root:epoch:291 train_eval_loss-->5.633273,train_acc-->0.920354,test_eval_loss-->19.433893,test_acc===0.710784
INFO:root:epoch:292 train_eval_loss-->5.641362,train_acc-->0.935103,test_eval_loss-->19.440344,test_acc===0.710784
INFO:root:epoch:293 train_eval_loss-->5.565042,train_acc-->0.967552,test_eval_loss-->19.631721,test_acc===0.617647
INFO:root:epoch:294 train_eval_loss-->5.467841,train_acc-->0.976401,test_eval_loss-->19.577885,test_acc===0.656863
INFO:root:epoch:295 train_eval_loss-->5.558018,train_acc-->0.966077,test_eval_loss-->19.406157,test_acc===0.750000
INFO:root:epoch:296 train_eval_loss-->5.596182,train_acc-->0.946903,test_eval_loss-->19.502052,test_acc===0.671569
INFO:root:epoch:297 train_eval_loss-->5.490057,train_acc-->0.971976,test_eval_loss-->19.680840,test_acc===0.583333
INFO:root:epoch:298 train_eval_loss-->5.661937,train_acc-->0.945428,test_eval_loss-->19.503210,test_acc===0.696078
INFO:root:epoch:299 train_eval_loss-->5.487709,train_acc-->0.973451,test_eval_loss-->19.444109,test_acc===0.691176
INFO:root:epoch:300 train_eval_loss-->5.423682,train_acc-->0.976401,test_eval_loss-->19.352413,test_acc===0.759804
INFO:root:epoch:301 train_eval_loss-->5.402598,train_acc-->0.988201,test_eval_loss-->19.382582,test_acc===0.715686
INFO:root:epoch:302 train_eval_loss-->5.396522,train_acc-->0.991150,test_eval_loss-->19.530708,test_acc===0.681373
INFO:root:epoch:303 train_eval_loss-->5.531780,train_acc-->0.969027,test_eval_loss-->19.436342,test_acc===0.725490
INFO:root:epoch:304 train_eval_loss-->5.465689,train_acc-->0.991150,test_eval_loss-->19.330269,test_acc===0.720588
INFO:root:epoch:305 train_eval_loss-->5.500606,train_acc-->0.969027,test_eval_loss-->19.530481,test_acc===0.720588
INFO:root:epoch:306 train_eval_loss-->5.566953,train_acc-->0.955752,test_eval_loss-->19.480278,test_acc===0.686275
INFO:root:epoch:307 train_eval_loss-->5.653671,train_acc-->0.954277,test_eval_loss-->19.651743,test_acc===0.622549
INFO:root:epoch:308 train_eval_loss-->5.625706,train_acc-->0.941003,test_eval_loss-->19.500221,test_acc===0.700980
INFO:root:epoch:309 train_eval_loss-->5.463415,train_acc-->0.980826,test_eval_loss-->19.533293,test_acc===0.671569
INFO:root:epoch:310 train_eval_loss-->5.358054,train_acc-->0.988201,test_eval_loss-->19.332720,test_acc===0.769608
INFO:root:epoch:311 train_eval_loss-->5.291867,train_acc-->0.992625,test_eval_loss-->19.281466,test_acc===0.754902
INFO:root:epoch:312 train_eval_loss-->5.295763,train_acc-->0.998525,test_eval_loss-->19.375095,test_acc===0.730392
INFO:root:epoch:313 train_eval_loss-->5.259997,train_acc-->0.994100,test_eval_loss-->19.293924,test_acc===0.735294
INFO:root:epoch:314 train_eval_loss-->5.249926,train_acc-->0.989676,test_eval_loss-->19.459309,test_acc===0.696078
INFO:root:epoch:315 train_eval_loss-->5.286632,train_acc-->0.989676,test_eval_loss-->19.363827,test_acc===0.740196
INFO:root:epoch:316 train_eval_loss-->5.370303,train_acc-->0.994100,test_eval_loss-->19.355585,test_acc===0.745098
INFO:root:epoch:317 train_eval_loss-->5.317740,train_acc-->0.988201,test_eval_loss-->19.328005,test_acc===0.720588
INFO:root:epoch:318 train_eval_loss-->5.214222,train_acc-->0.995575,test_eval_loss-->19.332228,test_acc===0.754902
INFO:root:epoch:319 train_eval_loss-->5.190151,train_acc-->0.995575,test_eval_loss-->19.357805,test_acc===0.730392
INFO:root:epoch:320 train_eval_loss-->5.210480,train_acc-->0.997050,test_eval_loss-->19.465277,test_acc===0.686275
INFO:root:epoch:321 train_eval_loss-->5.266182,train_acc-->0.995575,test_eval_loss-->19.397671,test_acc===0.710784
INFO:root:epoch:322 train_eval_loss-->5.195631,train_acc-->0.988201,test_eval_loss-->19.311035,test_acc===0.799020
INFO:root:epoch:323 train_eval_loss-->5.081126,train_acc-->1.000000,test_eval_loss-->19.309692,test_acc===0.735294
INFO:root:epoch:324 train_eval_loss-->5.131335,train_acc-->0.997050,test_eval_loss-->19.280228,test_acc===0.735294
INFO:root:epoch:325 train_eval_loss-->5.064936,train_acc-->1.000000,test_eval_loss-->19.271681,test_acc===0.759804
INFO:root:epoch:326 train_eval_loss-->5.102702,train_acc-->1.000000,test_eval_loss-->19.276539,test_acc===0.750000
INFO:root:epoch:327 train_eval_loss-->5.056064,train_acc-->1.000000,test_eval_loss-->19.231359,test_acc===0.769608
INFO:root:epoch:328 train_eval_loss-->5.006561,train_acc-->1.000000,test_eval_loss-->19.255383,test_acc===0.764706
INFO:root:epoch:329 train_eval_loss-->4.982324,train_acc-->1.000000,test_eval_loss-->19.234732,test_acc===0.789216
INFO:root:epoch:330 train_eval_loss-->4.968534,train_acc-->1.000000,test_eval_loss-->19.280855,test_acc===0.740196
INFO:root:epoch:331 train_eval_loss-->4.943966,train_acc-->1.000000,test_eval_loss-->19.252626,test_acc===0.774510
INFO:root:epoch:332 train_eval_loss-->4.941060,train_acc-->1.000000,test_eval_loss-->19.223429,test_acc===0.779412
INFO:root:epoch:333 train_eval_loss-->4.880614,train_acc-->1.000000,test_eval_loss-->19.242210,test_acc===0.754902
INFO:root:epoch:334 train_eval_loss-->4.868936,train_acc-->1.000000,test_eval_loss-->19.203030,test_acc===0.769608
INFO:root:epoch:335 train_eval_loss-->4.845881,train_acc-->1.000000,test_eval_loss-->19.229752,test_acc===0.774510
INFO:root:epoch:336 train_eval_loss-->4.847232,train_acc-->1.000000,test_eval_loss-->19.217478,test_acc===0.779412
INFO:root:epoch:337 train_eval_loss-->4.828267,train_acc-->1.000000,test_eval_loss-->19.215654,test_acc===0.784314
INFO:root:epoch:338 train_eval_loss-->4.806119,train_acc-->1.000000,test_eval_loss-->19.193535,test_acc===0.784314
INFO:root:epoch:339 train_eval_loss-->4.800394,train_acc-->1.000000,test_eval_loss-->19.231735,test_acc===0.759804
INFO:root:epoch:340 train_eval_loss-->4.787940,train_acc-->1.000000,test_eval_loss-->19.198256,test_acc===0.784314
INFO:root:epoch:341 train_eval_loss-->4.758950,train_acc-->1.000000,test_eval_loss-->19.193224,test_acc===0.779412
INFO:root:epoch:342 train_eval_loss-->4.753899,train_acc-->1.000000,test_eval_loss-->19.192743,test_acc===0.794118
INFO:root:epoch:343 train_eval_loss-->4.747945,train_acc-->1.000000,test_eval_loss-->19.187826,test_acc===0.799020
INFO:root:epoch:344 train_eval_loss-->4.732722,train_acc-->1.000000,test_eval_loss-->19.198130,test_acc===0.789216
INFO:root:epoch:345 train_eval_loss-->4.740193,train_acc-->1.000000,test_eval_loss-->19.192474,test_acc===0.784314
INFO:root:epoch:346 train_eval_loss-->4.727157,train_acc-->1.000000,test_eval_loss-->19.188560,test_acc===0.784314
INFO:root:epoch:347 train_eval_loss-->4.722352,train_acc-->1.000000,test_eval_loss-->19.192612,test_acc===0.789216
INFO:root:epoch:348 train_eval_loss-->4.726441,train_acc-->1.000000,test_eval_loss-->19.188835,test_acc===0.799020
INFO:root:epoch:349 train_eval_loss-->4.723553,train_acc-->1.000000,test_eval_loss-->19.190699,test_acc===0.789216
INFO:root:epoch:350 train_eval_loss-->4.729097,train_acc-->1.000000,test_eval_loss-->19.188881,test_acc===0.784314
INFO:root:epoch:351 train_eval_loss-->4.719492,train_acc-->1.000000,test_eval_loss-->19.190182,test_acc===0.794118
INFO:root:epoch:352 train_eval_loss-->4.717286,train_acc-->1.000000,test_eval_loss-->19.185553,test_acc===0.789216
INFO:root:epoch:353 train_eval_loss-->4.713422,train_acc-->1.000000,test_eval_loss-->19.187374,test_acc===0.794118
INFO:root:epoch:354 train_eval_loss-->4.721701,train_acc-->1.000000,test_eval_loss-->19.187685,test_acc===0.784314
INFO:root:epoch:355 train_eval_loss-->4.723797,train_acc-->1.000000,test_eval_loss-->19.188187,test_acc===0.789216
INFO:root:epoch:356 train_eval_loss-->4.729456,train_acc-->1.000000,test_eval_loss-->19.187693,test_acc===0.779412
INFO:root:epoch:357 train_eval_loss-->4.736111,train_acc-->1.000000,test_eval_loss-->19.182650,test_acc===0.799020
INFO:root:epoch:358 train_eval_loss-->4.737423,train_acc-->1.000000,test_eval_loss-->19.196594,test_acc===0.789216
INFO:root:epoch:359 train_eval_loss-->4.751834,train_acc-->1.000000,test_eval_loss-->19.189453,test_acc===0.779412
INFO:root:epoch:360 train_eval_loss-->4.744661,train_acc-->1.000000,test_eval_loss-->19.192175,test_acc===0.774510
INFO:root:epoch:361 train_eval_loss-->4.756231,train_acc-->1.000000,test_eval_loss-->19.198330,test_acc===0.784314
INFO:root:epoch:362 train_eval_loss-->4.761149,train_acc-->1.000000,test_eval_loss-->19.214081,test_acc===0.764706
INFO:root:epoch:363 train_eval_loss-->4.772454,train_acc-->1.000000,test_eval_loss-->19.205135,test_acc===0.794118
INFO:root:epoch:364 train_eval_loss-->4.795082,train_acc-->1.000000,test_eval_loss-->19.207048,test_acc===0.779412
INFO:root:epoch:365 train_eval_loss-->4.798511,train_acc-->1.000000,test_eval_loss-->19.219557,test_acc===0.789216
INFO:root:epoch:366 train_eval_loss-->4.822007,train_acc-->1.000000,test_eval_loss-->19.239540,test_acc===0.779412
INFO:root:epoch:367 train_eval_loss-->4.872304,train_acc-->1.000000,test_eval_loss-->19.205166,test_acc===0.774510
INFO:root:epoch:368 train_eval_loss-->4.880045,train_acc-->1.000000,test_eval_loss-->19.214920,test_acc===0.750000
INFO:root:epoch:369 train_eval_loss-->4.911332,train_acc-->1.000000,test_eval_loss-->19.226425,test_acc===0.759804
INFO:root:epoch:370 train_eval_loss-->4.911528,train_acc-->1.000000,test_eval_loss-->19.282959,test_acc===0.769608
INFO:root:epoch:371 train_eval_loss-->4.986603,train_acc-->1.000000,test_eval_loss-->19.244459,test_acc===0.759804
INFO:root:epoch:372 train_eval_loss-->4.947976,train_acc-->1.000000,test_eval_loss-->19.255207,test_acc===0.754902
INFO:root:epoch:373 train_eval_loss-->5.080770,train_acc-->1.000000,test_eval_loss-->19.281164,test_acc===0.750000
INFO:root:epoch:374 train_eval_loss-->5.024749,train_acc-->1.000000,test_eval_loss-->19.205492,test_acc===0.789216
INFO:root:epoch:375 train_eval_loss-->5.084952,train_acc-->1.000000,test_eval_loss-->19.260742,test_acc===0.754902
INFO:root:epoch:376 train_eval_loss-->5.141035,train_acc-->0.992625,test_eval_loss-->19.473387,test_acc===0.725490
INFO:root:epoch:377 train_eval_loss-->5.164032,train_acc-->1.000000,test_eval_loss-->19.264780,test_acc===0.754902
INFO:root:epoch:378 train_eval_loss-->5.092648,train_acc-->1.000000,test_eval_loss-->19.354616,test_acc===0.754902
INFO:root:epoch:379 train_eval_loss-->5.155978,train_acc-->0.994100,test_eval_loss-->19.400490,test_acc===0.700980
INFO:root:epoch:380 train_eval_loss-->5.185234,train_acc-->0.994100,test_eval_loss-->19.404467,test_acc===0.691176
INFO:root:epoch:381 train_eval_loss-->5.250743,train_acc-->0.995575,test_eval_loss-->19.367302,test_acc===0.715686
INFO:root:epoch:382 train_eval_loss-->5.272295,train_acc-->0.998525,test_eval_loss-->19.455669,test_acc===0.715686
INFO:root:epoch:383 train_eval_loss-->5.309840,train_acc-->0.994100,test_eval_loss-->19.473976,test_acc===0.691176
INFO:root:epoch:384 train_eval_loss-->5.290928,train_acc-->0.985251,test_eval_loss-->19.445467,test_acc===0.705882
INFO:root:epoch:385 train_eval_loss-->5.344123,train_acc-->0.991150,test_eval_loss-->19.383852,test_acc===0.754902
INFO:root:epoch:386 train_eval_loss-->5.330250,train_acc-->0.988201,test_eval_loss-->19.508293,test_acc===0.686275
INFO:root:epoch:387 train_eval_loss-->5.355783,train_acc-->0.980826,test_eval_loss-->19.463749,test_acc===0.710784
INFO:root:epoch:388 train_eval_loss-->5.306294,train_acc-->0.997050,test_eval_loss-->19.364971,test_acc===0.710784
INFO:root:epoch:389 train_eval_loss-->5.337377,train_acc-->0.995575,test_eval_loss-->19.381422,test_acc===0.750000
INFO:root:epoch:390 train_eval_loss-->5.415585,train_acc-->0.969027,test_eval_loss-->19.434439,test_acc===0.735294
INFO:root:epoch:391 train_eval_loss-->5.297432,train_acc-->0.992625,test_eval_loss-->19.389997,test_acc===0.700980
INFO:root:epoch:392 train_eval_loss-->5.408317,train_acc-->0.973451,test_eval_loss-->19.355661,test_acc===0.789216
INFO:root:epoch:393 train_eval_loss-->5.359628,train_acc-->0.985251,test_eval_loss-->19.486130,test_acc===0.691176
INFO:root:epoch:394 train_eval_loss-->5.363809,train_acc-->0.982301,test_eval_loss-->19.518658,test_acc===0.710784
INFO:root:epoch:395 train_eval_loss-->5.510677,train_acc-->0.974926,test_eval_loss-->19.358759,test_acc===0.754902
INFO:root:epoch:396 train_eval_loss-->5.359304,train_acc-->0.989676,test_eval_loss-->19.543316,test_acc===0.696078
INFO:root:epoch:397 train_eval_loss-->5.404786,train_acc-->0.983776,test_eval_loss-->19.418839,test_acc===0.730392
INFO:root:epoch:398 train_eval_loss-->5.346261,train_acc-->0.991150,test_eval_loss-->19.413765,test_acc===0.725490
INFO:root:epoch:399 train_eval_loss-->5.358516,train_acc-->0.988201,test_eval_loss-->19.397118,test_acc===0.725490
INFO:root:epoch:400 train_eval_loss-->5.398408,train_acc-->0.979351,test_eval_loss-->19.418900,test_acc===0.750000
INFO:root:epoch:401 train_eval_loss-->5.340765,train_acc-->0.988201,test_eval_loss-->19.397139,test_acc===0.740196
INFO:root:epoch:402 train_eval_loss-->5.405364,train_acc-->0.980826,test_eval_loss-->19.450954,test_acc===0.725490
INFO:root:epoch:403 train_eval_loss-->5.378287,train_acc-->0.983776,test_eval_loss-->19.727533,test_acc===0.558824
INFO:root:epoch:404 train_eval_loss-->5.537026,train_acc-->0.952802,test_eval_loss-->19.574312,test_acc===0.671569
INFO:root:epoch:405 train_eval_loss-->5.405447,train_acc-->0.977876,test_eval_loss-->19.742958,test_acc===0.617647
INFO:root:epoch:406 train_eval_loss-->5.537263,train_acc-->0.979351,test_eval_loss-->19.910078,test_acc===0.549020
INFO:root:epoch:407 train_eval_loss-->5.626699,train_acc-->0.946903,test_eval_loss-->19.530977,test_acc===0.691176
INFO:root:epoch:408 train_eval_loss-->5.439807,train_acc-->0.991150,test_eval_loss-->19.638710,test_acc===0.642157
INFO:root:epoch:409 train_eval_loss-->5.346358,train_acc-->0.991150,test_eval_loss-->19.479029,test_acc===0.691176
INFO:root:epoch:410 train_eval_loss-->5.304432,train_acc-->0.994100,test_eval_loss-->19.464876,test_acc===0.730392
INFO:root:epoch:411 train_eval_loss-->5.301945,train_acc-->0.995575,test_eval_loss-->19.810757,test_acc===0.553922
INFO:root:epoch:412 train_eval_loss-->5.504446,train_acc-->0.970501,test_eval_loss-->19.416883,test_acc===0.740196
INFO:root:epoch:413 train_eval_loss-->5.324366,train_acc-->0.986726,test_eval_loss-->19.365572,test_acc===0.750000
INFO:root:epoch:414 train_eval_loss-->5.284434,train_acc-->0.994100,test_eval_loss-->19.456619,test_acc===0.710784
INFO:root:epoch:415 train_eval_loss-->5.210857,train_acc-->0.995575,test_eval_loss-->19.344933,test_acc===0.769608
INFO:root:epoch:416 train_eval_loss-->5.197945,train_acc-->1.000000,test_eval_loss-->19.469435,test_acc===0.715686
INFO:root:epoch:417 train_eval_loss-->5.205764,train_acc-->0.994100,test_eval_loss-->19.350313,test_acc===0.740196
INFO:root:epoch:418 train_eval_loss-->5.137843,train_acc-->0.998525,test_eval_loss-->19.357393,test_acc===0.759804
INFO:root:epoch:419 train_eval_loss-->5.105316,train_acc-->0.994100,test_eval_loss-->19.382778,test_acc===0.705882
INFO:root:epoch:420 train_eval_loss-->5.092563,train_acc-->0.994100,test_eval_loss-->19.369761,test_acc===0.759804
INFO:root:epoch:421 train_eval_loss-->5.079336,train_acc-->1.000000,test_eval_loss-->19.323345,test_acc===0.769608
INFO:root:epoch:422 train_eval_loss-->5.095044,train_acc-->0.995575,test_eval_loss-->19.451401,test_acc===0.705882
INFO:root:epoch:423 train_eval_loss-->5.068541,train_acc-->1.000000,test_eval_loss-->19.293034,test_acc===0.779412
INFO:root:epoch:424 train_eval_loss-->5.006714,train_acc-->1.000000,test_eval_loss-->19.338341,test_acc===0.779412
INFO:root:epoch:425 train_eval_loss-->5.004114,train_acc-->1.000000,test_eval_loss-->19.300049,test_acc===0.808824
INFO:root:epoch:426 train_eval_loss-->5.014628,train_acc-->1.000000,test_eval_loss-->19.346607,test_acc===0.740196
INFO:root:epoch:427 train_eval_loss-->4.998855,train_acc-->0.997050,test_eval_loss-->19.313807,test_acc===0.759804
INFO:root:epoch:428 train_eval_loss-->4.957266,train_acc-->0.998525,test_eval_loss-->19.273851,test_acc===0.789216
INFO:root:epoch:429 train_eval_loss-->4.912377,train_acc-->1.000000,test_eval_loss-->19.273540,test_acc===0.784314
INFO:root:epoch:430 train_eval_loss-->4.896898,train_acc-->1.000000,test_eval_loss-->19.249893,test_acc===0.794118
INFO:root:epoch:431 train_eval_loss-->4.900390,train_acc-->1.000000,test_eval_loss-->19.269291,test_acc===0.774510
INFO:root:epoch:432 train_eval_loss-->4.861856,train_acc-->1.000000,test_eval_loss-->19.279434,test_acc===0.779412
INFO:root:epoch:433 train_eval_loss-->4.819937,train_acc-->1.000000,test_eval_loss-->19.267263,test_acc===0.789216
INFO:root:epoch:434 train_eval_loss-->4.837590,train_acc-->1.000000,test_eval_loss-->19.252960,test_acc===0.774510
INFO:root:epoch:435 train_eval_loss-->4.804925,train_acc-->1.000000,test_eval_loss-->19.249174,test_acc===0.799020
INFO:root:epoch:436 train_eval_loss-->4.778548,train_acc-->1.000000,test_eval_loss-->19.256636,test_acc===0.779412
INFO:root:epoch:437 train_eval_loss-->4.766734,train_acc-->1.000000,test_eval_loss-->19.246689,test_acc===0.784314
INFO:root:epoch:438 train_eval_loss-->4.766251,train_acc-->1.000000,test_eval_loss-->19.258383,test_acc===0.779412
INFO:root:epoch:439 train_eval_loss-->4.748418,train_acc-->1.000000,test_eval_loss-->19.274221,test_acc===0.779412
INFO:root:epoch:440 train_eval_loss-->4.740765,train_acc-->1.000000,test_eval_loss-->19.253389,test_acc===0.784314
INFO:root:epoch:441 train_eval_loss-->4.720299,train_acc-->1.000000,test_eval_loss-->19.249790,test_acc===0.789216
INFO:root:epoch:442 train_eval_loss-->4.713529,train_acc-->1.000000,test_eval_loss-->19.250639,test_acc===0.774510
INFO:root:epoch:443 train_eval_loss-->4.707878,train_acc-->1.000000,test_eval_loss-->19.250782,test_acc===0.774510
INFO:root:epoch:444 train_eval_loss-->4.701707,train_acc-->1.000000,test_eval_loss-->19.247751,test_acc===0.784314
INFO:root:epoch:445 train_eval_loss-->4.693492,train_acc-->1.000000,test_eval_loss-->19.247879,test_acc===0.794118
INFO:root:epoch:446 train_eval_loss-->4.688905,train_acc-->1.000000,test_eval_loss-->19.242079,test_acc===0.789216
INFO:root:epoch:447 train_eval_loss-->4.686145,train_acc-->1.000000,test_eval_loss-->19.244690,test_acc===0.789216
INFO:root:epoch:448 train_eval_loss-->4.687583,train_acc-->1.000000,test_eval_loss-->19.249451,test_acc===0.784314
INFO:root:epoch:449 train_eval_loss-->4.683792,train_acc-->1.000000,test_eval_loss-->19.245516,test_acc===0.789216
INFO:root:epoch:450 train_eval_loss-->4.685091,train_acc-->1.000000,test_eval_loss-->19.245701,test_acc===0.784314
INFO:root:epoch:451 train_eval_loss-->4.681450,train_acc-->1.000000,test_eval_loss-->19.248909,test_acc===0.789216
INFO:root:epoch:452 train_eval_loss-->4.680211,train_acc-->1.000000,test_eval_loss-->19.247385,test_acc===0.789216
INFO:root:epoch:453 train_eval_loss-->4.685064,train_acc-->1.000000,test_eval_loss-->19.249971,test_acc===0.779412
INFO:root:epoch:454 train_eval_loss-->4.680121,train_acc-->1.000000,test_eval_loss-->19.247849,test_acc===0.784314
INFO:root:epoch:455 train_eval_loss-->4.683086,train_acc-->1.000000,test_eval_loss-->19.245731,test_acc===0.779412
INFO:root:epoch:456 train_eval_loss-->4.683695,train_acc-->1.000000,test_eval_loss-->19.238831,test_acc===0.784314
INFO:root:epoch:457 train_eval_loss-->4.690438,train_acc-->1.000000,test_eval_loss-->19.243679,test_acc===0.784314
INFO:root:epoch:458 train_eval_loss-->4.695927,train_acc-->1.000000,test_eval_loss-->19.238832,test_acc===0.784314
INFO:root:epoch:459 train_eval_loss-->4.703114,train_acc-->1.000000,test_eval_loss-->19.247995,test_acc===0.794118
INFO:root:epoch:460 train_eval_loss-->4.704584,train_acc-->1.000000,test_eval_loss-->19.249893,test_acc===0.789216
INFO:root:epoch:461 train_eval_loss-->4.724160,train_acc-->1.000000,test_eval_loss-->19.247808,test_acc===0.794118
INFO:root:epoch:462 train_eval_loss-->4.734692,train_acc-->1.000000,test_eval_loss-->19.253851,test_acc===0.774510
INFO:root:epoch:463 train_eval_loss-->4.746676,train_acc-->1.000000,test_eval_loss-->19.253931,test_acc===0.784314
INFO:root:epoch:464 train_eval_loss-->4.771406,train_acc-->1.000000,test_eval_loss-->19.276966,test_acc===0.779412
INFO:root:epoch:465 train_eval_loss-->4.802700,train_acc-->1.000000,test_eval_loss-->19.272854,test_acc===0.779412
INFO:root:epoch:466 train_eval_loss-->4.817358,train_acc-->1.000000,test_eval_loss-->19.250151,test_acc===0.784314
INFO:root:epoch:467 train_eval_loss-->4.855222,train_acc-->1.000000,test_eval_loss-->19.276814,test_acc===0.779412
INFO:root:epoch:468 train_eval_loss-->4.833443,train_acc-->1.000000,test_eval_loss-->19.284399,test_acc===0.774510
INFO:root:epoch:469 train_eval_loss-->4.846468,train_acc-->1.000000,test_eval_loss-->19.259207,test_acc===0.789216
INFO:root:epoch:470 train_eval_loss-->4.856150,train_acc-->1.000000,test_eval_loss-->19.279942,test_acc===0.754902
INFO:root:epoch:471 train_eval_loss-->4.885675,train_acc-->1.000000,test_eval_loss-->19.297644,test_acc===0.774510
INFO:root:epoch:472 train_eval_loss-->4.928908,train_acc-->1.000000,test_eval_loss-->19.294533,test_acc===0.779412
INFO:root:epoch:473 train_eval_loss-->4.933097,train_acc-->1.000000,test_eval_loss-->19.321932,test_acc===0.754902
INFO:root:epoch:474 train_eval_loss-->4.980292,train_acc-->1.000000,test_eval_loss-->19.288227,test_acc===0.764706
INFO:root:epoch:475 train_eval_loss-->5.037927,train_acc-->1.000000,test_eval_loss-->19.326149,test_acc===0.764706
INFO:root:epoch:476 train_eval_loss-->5.017919,train_acc-->1.000000,test_eval_loss-->19.283190,test_acc===0.769608
INFO:root:epoch:477 train_eval_loss-->5.037938,train_acc-->1.000000,test_eval_loss-->19.360895,test_acc===0.764706
INFO:root:epoch:478 train_eval_loss-->5.107137,train_acc-->0.998525,test_eval_loss-->19.304867,test_acc===0.769608
INFO:root:epoch:479 train_eval_loss-->5.109900,train_acc-->0.994100,test_eval_loss-->19.294546,test_acc===0.794118
INFO:root:epoch:480 train_eval_loss-->5.124239,train_acc-->0.997050,test_eval_loss-->19.331736,test_acc===0.754902
INFO:root:epoch:481 train_eval_loss-->5.165580,train_acc-->0.992625,test_eval_loss-->19.452745,test_acc===0.754902
INFO:root:epoch:482 train_eval_loss-->5.146235,train_acc-->1.000000,test_eval_loss-->19.432573,test_acc===0.720588
INFO:root:epoch:483 train_eval_loss-->5.147941,train_acc-->0.998525,test_eval_loss-->19.384449,test_acc===0.740196
INFO:root:epoch:484 train_eval_loss-->5.179094,train_acc-->0.998525,test_eval_loss-->19.521339,test_acc===0.696078
INFO:root:epoch:485 train_eval_loss-->5.200124,train_acc-->0.992625,test_eval_loss-->19.610418,test_acc===0.661765
INFO:root:epoch:486 train_eval_loss-->5.342779,train_acc-->0.976401,test_eval_loss-->19.422461,test_acc===0.735294
INFO:root:epoch:487 train_eval_loss-->5.254428,train_acc-->0.998525,test_eval_loss-->19.430811,test_acc===0.730392
INFO:root:epoch:488 train_eval_loss-->5.203263,train_acc-->0.997050,test_eval_loss-->19.336388,test_acc===0.779412
INFO:root:epoch:489 train_eval_loss-->5.204291,train_acc-->0.992625,test_eval_loss-->19.442287,test_acc===0.735294
INFO:root:epoch:490 train_eval_loss-->5.272538,train_acc-->0.980826,test_eval_loss-->19.345903,test_acc===0.745098
INFO:root:epoch:491 train_eval_loss-->5.423752,train_acc-->0.986726,test_eval_loss-->19.588261,test_acc===0.661765
INFO:root:epoch:492 train_eval_loss-->5.356725,train_acc-->0.992625,test_eval_loss-->19.415518,test_acc===0.720588
INFO:root:epoch:493 train_eval_loss-->5.269900,train_acc-->0.985251,test_eval_loss-->19.453356,test_acc===0.740196
INFO:root:epoch:494 train_eval_loss-->5.404789,train_acc-->0.988201,test_eval_loss-->19.407183,test_acc===0.745098
INFO:root:epoch:495 train_eval_loss-->5.344789,train_acc-->0.982301,test_eval_loss-->19.514309,test_acc===0.710784
INFO:root:epoch:496 train_eval_loss-->5.322178,train_acc-->0.985251,test_eval_loss-->19.470940,test_acc===0.720588
INFO:root:epoch:497 train_eval_loss-->5.290573,train_acc-->0.994100,test_eval_loss-->19.501940,test_acc===0.715686
INFO:root:epoch:498 train_eval_loss-->5.354942,train_acc-->0.988201,test_eval_loss-->19.496717,test_acc===0.720588
INFO:root:epoch:499 train_eval_loss-->5.254597,train_acc-->0.998525,test_eval_loss-->19.523956,test_acc===0.735294
INFO:root:epoch:500 train_eval_loss-->5.283976,train_acc-->0.991150,test_eval_loss-->19.417885,test_acc===0.750000
INFO:root:epoch:501 train_eval_loss-->5.266661,train_acc-->0.997050,test_eval_loss-->19.599234,test_acc===0.710784
INFO:root:epoch:502 train_eval_loss-->5.390684,train_acc-->0.976401,test_eval_loss-->19.570711,test_acc===0.691176
INFO:root:epoch:503 train_eval_loss-->5.523350,train_acc-->0.969027,test_eval_loss-->19.475554,test_acc===0.730392
INFO:root:epoch:504 train_eval_loss-->5.316400,train_acc-->0.995575,test_eval_loss-->19.544022,test_acc===0.700980
INFO:root:epoch:505 train_eval_loss-->5.417266,train_acc-->0.989676,test_eval_loss-->19.505968,test_acc===0.745098
INFO:root:epoch:506 train_eval_loss-->5.404182,train_acc-->0.967552,test_eval_loss-->19.453495,test_acc===0.779412
INFO:root:epoch:507 train_eval_loss-->5.268722,train_acc-->0.997050,test_eval_loss-->19.997660,test_acc===0.485294
INFO:root:epoch:508 train_eval_loss-->5.515227,train_acc-->0.952802,test_eval_loss-->19.666384,test_acc===0.651961
INFO:root:epoch:509 train_eval_loss-->5.389815,train_acc-->0.980826,test_eval_loss-->19.514687,test_acc===0.740196
INFO:root:epoch:510 train_eval_loss-->5.229783,train_acc-->0.988201,test_eval_loss-->19.430773,test_acc===0.769608
INFO:root:epoch:511 train_eval_loss-->5.254121,train_acc-->0.985251,test_eval_loss-->19.549906,test_acc===0.696078
INFO:root:epoch:512 train_eval_loss-->5.361777,train_acc-->0.976401,test_eval_loss-->19.450850,test_acc===0.715686
INFO:root:epoch:513 train_eval_loss-->5.233739,train_acc-->0.991150,test_eval_loss-->19.399893,test_acc===0.754902
INFO:root:epoch:514 train_eval_loss-->5.164752,train_acc-->0.992625,test_eval_loss-->19.400185,test_acc===0.759804
INFO:root:epoch:515 train_eval_loss-->5.177627,train_acc-->0.998525,test_eval_loss-->19.464252,test_acc===0.750000
INFO:root:epoch:516 train_eval_loss-->5.229766,train_acc-->0.998525,test_eval_loss-->19.542051,test_acc===0.705882
INFO:root:epoch:517 train_eval_loss-->5.175562,train_acc-->1.000000,test_eval_loss-->19.408546,test_acc===0.750000
INFO:root:epoch:518 train_eval_loss-->5.160783,train_acc-->0.997050,test_eval_loss-->19.418407,test_acc===0.769608
INFO:root:epoch:519 train_eval_loss-->5.127199,train_acc-->1.000000,test_eval_loss-->19.371222,test_acc===0.769608
INFO:root:epoch:520 train_eval_loss-->5.089812,train_acc-->1.000000,test_eval_loss-->19.391100,test_acc===0.769608
INFO:root:epoch:521 train_eval_loss-->5.114132,train_acc-->1.000000,test_eval_loss-->19.353788,test_acc===0.769608
INFO:root:epoch:522 train_eval_loss-->4.995999,train_acc-->0.994100,test_eval_loss-->19.352200,test_acc===0.779412
INFO:root:epoch:523 train_eval_loss-->4.954602,train_acc-->1.000000,test_eval_loss-->19.349718,test_acc===0.764706
INFO:root:epoch:524 train_eval_loss-->4.953173,train_acc-->1.000000,test_eval_loss-->19.337711,test_acc===0.774510
INFO:root:epoch:525 train_eval_loss-->4.945320,train_acc-->1.000000,test_eval_loss-->19.362394,test_acc===0.764706
INFO:root:epoch:526 train_eval_loss-->4.915050,train_acc-->1.000000,test_eval_loss-->19.364576,test_acc===0.769608
INFO:root:epoch:527 train_eval_loss-->4.898614,train_acc-->1.000000,test_eval_loss-->19.354427,test_acc===0.759804
INFO:root:epoch:528 train_eval_loss-->4.891331,train_acc-->1.000000,test_eval_loss-->19.348627,test_acc===0.779412
INFO:root:epoch:529 train_eval_loss-->4.924152,train_acc-->1.000000,test_eval_loss-->19.357008,test_acc===0.754902
INFO:root:epoch:530 train_eval_loss-->4.879545,train_acc-->1.000000,test_eval_loss-->19.363905,test_acc===0.764706
INFO:root:epoch:531 train_eval_loss-->4.865584,train_acc-->1.000000,test_eval_loss-->19.316059,test_acc===0.779412
INFO:root:epoch:532 train_eval_loss-->4.836212,train_acc-->1.000000,test_eval_loss-->19.325266,test_acc===0.779412
INFO:root:epoch:533 train_eval_loss-->4.801325,train_acc-->1.000000,test_eval_loss-->19.314487,test_acc===0.779412
INFO:root:epoch:534 train_eval_loss-->4.791670,train_acc-->1.000000,test_eval_loss-->19.328934,test_acc===0.784314
INFO:root:epoch:535 train_eval_loss-->4.772445,train_acc-->1.000000,test_eval_loss-->19.307987,test_acc===0.799020
INFO:root:epoch:536 train_eval_loss-->4.760505,train_acc-->1.000000,test_eval_loss-->19.314394,test_acc===0.779412
INFO:root:epoch:537 train_eval_loss-->4.743098,train_acc-->1.000000,test_eval_loss-->19.302252,test_acc===0.794118
INFO:root:epoch:538 train_eval_loss-->4.741368,train_acc-->1.000000,test_eval_loss-->19.301086,test_acc===0.769608
INFO:root:epoch:539 train_eval_loss-->4.730011,train_acc-->1.000000,test_eval_loss-->19.308725,test_acc===0.779412
INFO:root:epoch:540 train_eval_loss-->4.710398,train_acc-->1.000000,test_eval_loss-->19.294847,test_acc===0.784314
INFO:root:epoch:541 train_eval_loss-->4.702930,train_acc-->1.000000,test_eval_loss-->19.299597,test_acc===0.789216
INFO:root:epoch:542 train_eval_loss-->4.696986,train_acc-->1.000000,test_eval_loss-->19.292946,test_acc===0.789216
INFO:root:epoch:543 train_eval_loss-->4.683883,train_acc-->1.000000,test_eval_loss-->19.297901,test_acc===0.789216
INFO:root:epoch:544 train_eval_loss-->4.676478,train_acc-->1.000000,test_eval_loss-->19.288292,test_acc===0.794118
INFO:root:epoch:545 train_eval_loss-->4.679866,train_acc-->1.000000,test_eval_loss-->19.298433,test_acc===0.794118
INFO:root:epoch:546 train_eval_loss-->4.675552,train_acc-->1.000000,test_eval_loss-->19.291399,test_acc===0.789216
INFO:root:epoch:547 train_eval_loss-->4.668383,train_acc-->1.000000,test_eval_loss-->19.291447,test_acc===0.789216
INFO:root:epoch:548 train_eval_loss-->4.661265,train_acc-->1.000000,test_eval_loss-->19.293203,test_acc===0.794118
INFO:root:epoch:549 train_eval_loss-->4.659760,train_acc-->1.000000,test_eval_loss-->19.293484,test_acc===0.794118
INFO:root:epoch:550 train_eval_loss-->4.661509,train_acc-->1.000000,test_eval_loss-->19.293573,test_acc===0.789216
INFO:root:epoch:551 train_eval_loss-->4.655704,train_acc-->1.000000,test_eval_loss-->19.294998,test_acc===0.789216
INFO:root:epoch:552 train_eval_loss-->4.664880,train_acc-->1.000000,test_eval_loss-->19.294884,test_acc===0.794118
INFO:root:epoch:553 train_eval_loss-->4.661851,train_acc-->1.000000,test_eval_loss-->19.294676,test_acc===0.784314
INFO:root:epoch:554 train_eval_loss-->4.664910,train_acc-->1.000000,test_eval_loss-->19.288311,test_acc===0.794118
INFO:root:epoch:555 train_eval_loss-->4.664944,train_acc-->1.000000,test_eval_loss-->19.291107,test_acc===0.789216
INFO:root:epoch:556 train_eval_loss-->4.665811,train_acc-->1.000000,test_eval_loss-->19.294722,test_acc===0.794118
INFO:root:epoch:557 train_eval_loss-->4.676961,train_acc-->1.000000,test_eval_loss-->19.289135,test_acc===0.779412
INFO:root:epoch:558 train_eval_loss-->4.675539,train_acc-->1.000000,test_eval_loss-->19.299892,test_acc===0.774510
INFO:root:epoch:559 train_eval_loss-->4.682126,train_acc-->1.000000,test_eval_loss-->19.293877,test_acc===0.794118
INFO:root:epoch:560 train_eval_loss-->4.694588,train_acc-->1.000000,test_eval_loss-->19.307686,test_acc===0.774510
INFO:root:epoch:561 train_eval_loss-->4.695804,train_acc-->1.000000,test_eval_loss-->19.296902,test_acc===0.789216
INFO:root:epoch:562 train_eval_loss-->4.707904,train_acc-->1.000000,test_eval_loss-->19.293293,test_acc===0.779412
INFO:root:epoch:563 train_eval_loss-->4.719230,train_acc-->1.000000,test_eval_loss-->19.312159,test_acc===0.794118
INFO:root:epoch:564 train_eval_loss-->4.738231,train_acc-->1.000000,test_eval_loss-->19.317368,test_acc===0.774510
INFO:root:epoch:565 train_eval_loss-->4.748751,train_acc-->1.000000,test_eval_loss-->19.300856,test_acc===0.789216
INFO:root:epoch:566 train_eval_loss-->4.747135,train_acc-->1.000000,test_eval_loss-->19.351656,test_acc===0.764706
INFO:root:epoch:567 train_eval_loss-->4.797476,train_acc-->1.000000,test_eval_loss-->19.297512,test_acc===0.769608
INFO:root:epoch:568 train_eval_loss-->4.807131,train_acc-->1.000000,test_eval_loss-->19.300507,test_acc===0.779412
INFO:root:epoch:569 train_eval_loss-->4.808365,train_acc-->1.000000,test_eval_loss-->19.289242,test_acc===0.794118
INFO:root:epoch:570 train_eval_loss-->4.853029,train_acc-->1.000000,test_eval_loss-->19.343811,test_acc===0.764706
INFO:root:epoch:571 train_eval_loss-->4.848389,train_acc-->1.000000,test_eval_loss-->19.319111,test_acc===0.764706
INFO:root:epoch:572 train_eval_loss-->4.864385,train_acc-->1.000000,test_eval_loss-->19.324293,test_acc===0.784314
INFO:root:epoch:573 train_eval_loss-->4.879486,train_acc-->1.000000,test_eval_loss-->19.348341,test_acc===0.769608
INFO:root:epoch:574 train_eval_loss-->4.924675,train_acc-->1.000000,test_eval_loss-->19.319754,test_acc===0.784314
INFO:root:epoch:575 train_eval_loss-->4.858072,train_acc-->1.000000,test_eval_loss-->19.341829,test_acc===0.779412
INFO:root:epoch:576 train_eval_loss-->4.956335,train_acc-->1.000000,test_eval_loss-->19.358915,test_acc===0.759804
INFO:root:epoch:577 train_eval_loss-->4.934599,train_acc-->1.000000,test_eval_loss-->19.361393,test_acc===0.774510
INFO:root:epoch:578 train_eval_loss-->4.936719,train_acc-->0.998525,test_eval_loss-->19.316576,test_acc===0.789216
INFO:root:epoch:579 train_eval_loss-->5.040908,train_acc-->0.998525,test_eval_loss-->19.364830,test_acc===0.784314
INFO:root:epoch:580 train_eval_loss-->4.993502,train_acc-->1.000000,test_eval_loss-->19.382761,test_acc===0.774510
INFO:root:epoch:581 train_eval_loss-->5.054082,train_acc-->0.998525,test_eval_loss-->19.403830,test_acc===0.769608
INFO:root:epoch:582 train_eval_loss-->5.067538,train_acc-->1.000000,test_eval_loss-->19.439220,test_acc===0.705882
INFO:root:epoch:583 train_eval_loss-->5.136847,train_acc-->0.994100,test_eval_loss-->19.428978,test_acc===0.745098
INFO:root:epoch:584 train_eval_loss-->5.080515,train_acc-->0.997050,test_eval_loss-->19.385565,test_acc===0.784314
INFO:root:epoch:585 train_eval_loss-->5.081786,train_acc-->1.000000,test_eval_loss-->19.433357,test_acc===0.769608
INFO:root:epoch:586 train_eval_loss-->5.131591,train_acc-->0.995575,test_eval_loss-->19.447704,test_acc===0.745098
INFO:root:epoch:587 train_eval_loss-->5.157427,train_acc-->1.000000,test_eval_loss-->19.379343,test_acc===0.725490
INFO:root:epoch:588 train_eval_loss-->5.202375,train_acc-->0.985251,test_eval_loss-->19.664120,test_acc===0.642157
INFO:root:epoch:589 train_eval_loss-->5.228834,train_acc-->1.000000,test_eval_loss-->19.564209,test_acc===0.700980
INFO:root:epoch:590 train_eval_loss-->5.293055,train_acc-->0.989676,test_eval_loss-->19.719870,test_acc===0.647059
INFO:root:epoch:591 train_eval_loss-->5.419220,train_acc-->0.958702,test_eval_loss-->19.744633,test_acc===0.632353
INFO:root:epoch:592 train_eval_loss-->5.470555,train_acc-->0.957227,test_eval_loss-->19.595627,test_acc===0.651961
INFO:root:epoch:593 train_eval_loss-->5.306652,train_acc-->0.989676,test_eval_loss-->19.461035,test_acc===0.745098
INFO:root:epoch:594 train_eval_loss-->5.193338,train_acc-->0.991150,test_eval_loss-->19.400831,test_acc===0.769608
INFO:root:epoch:595 train_eval_loss-->5.211319,train_acc-->0.995575,test_eval_loss-->19.506762,test_acc===0.710784
INFO:root:epoch:596 train_eval_loss-->5.295455,train_acc-->0.988201,test_eval_loss-->19.501057,test_acc===0.730392
INFO:root:epoch:597 train_eval_loss-->5.303580,train_acc-->0.994100,test_eval_loss-->19.556650,test_acc===0.715686
INFO:root:epoch:598 train_eval_loss-->5.283898,train_acc-->0.991150,test_eval_loss-->19.443895,test_acc===0.764706
INFO:root:epoch:599 train_eval_loss-->5.321143,train_acc-->0.991150,test_eval_loss-->19.426819,test_acc===0.745098
INFO:root:epoch:600 train_eval_loss-->5.225309,train_acc-->0.992625,test_eval_loss-->19.437557,test_acc===0.779412
INFO:root:epoch:601 train_eval_loss-->5.429147,train_acc-->0.980826,test_eval_loss-->19.613184,test_acc===0.686275
INFO:root:epoch:602 train_eval_loss-->5.362128,train_acc-->0.991150,test_eval_loss-->19.582638,test_acc===0.696078
INFO:root:epoch:603 train_eval_loss-->5.237758,train_acc-->0.997050,test_eval_loss-->19.537107,test_acc===0.740196
INFO:root:epoch:604 train_eval_loss-->5.273145,train_acc-->0.983776,test_eval_loss-->19.541245,test_acc===0.754902
INFO:root:epoch:605 train_eval_loss-->5.304657,train_acc-->0.991150,test_eval_loss-->19.432152,test_acc===0.759804
INFO:root:epoch:606 train_eval_loss-->5.220045,train_acc-->1.000000,test_eval_loss-->19.440332,test_acc===0.759804
INFO:root:epoch:607 train_eval_loss-->5.262170,train_acc-->0.992625,test_eval_loss-->19.508953,test_acc===0.740196
INFO:root:epoch:608 train_eval_loss-->5.199018,train_acc-->0.988201,test_eval_loss-->19.561623,test_acc===0.705882
INFO:root:epoch:609 train_eval_loss-->5.204399,train_acc-->0.997050,test_eval_loss-->19.504450,test_acc===0.750000
INFO:root:epoch:610 train_eval_loss-->5.184531,train_acc-->1.000000,test_eval_loss-->19.443172,test_acc===0.750000
INFO:root:epoch:611 train_eval_loss-->5.192592,train_acc-->0.995575,test_eval_loss-->19.450274,test_acc===0.774510
INFO:root:epoch:612 train_eval_loss-->5.172643,train_acc-->0.994100,test_eval_loss-->19.575283,test_acc===0.735294
INFO:root:epoch:613 train_eval_loss-->5.228825,train_acc-->1.000000,test_eval_loss-->19.465666,test_acc===0.730392
INFO:root:epoch:614 train_eval_loss-->5.205539,train_acc-->0.995575,test_eval_loss-->19.484127,test_acc===0.750000
INFO:root:epoch:615 train_eval_loss-->5.240527,train_acc-->0.997050,test_eval_loss-->19.494919,test_acc===0.740196
INFO:root:epoch:616 train_eval_loss-->5.191876,train_acc-->0.992625,test_eval_loss-->19.475937,test_acc===0.735294
INFO:root:epoch:617 train_eval_loss-->5.126073,train_acc-->1.000000,test_eval_loss-->19.410809,test_acc===0.774510
INFO:root:epoch:618 train_eval_loss-->5.044124,train_acc-->1.000000,test_eval_loss-->19.415400,test_acc===0.789216
INFO:root:epoch:619 train_eval_loss-->5.075657,train_acc-->0.998525,test_eval_loss-->19.406925,test_acc===0.759804
INFO:root:epoch:620 train_eval_loss-->5.014970,train_acc-->1.000000,test_eval_loss-->19.369831,test_acc===0.784314
INFO:root:epoch:621 train_eval_loss-->5.045855,train_acc-->0.997050,test_eval_loss-->19.401037,test_acc===0.764706
INFO:root:epoch:622 train_eval_loss-->4.967864,train_acc-->1.000000,test_eval_loss-->19.522240,test_acc===0.725490
INFO:root:epoch:623 train_eval_loss-->5.014737,train_acc-->1.000000,test_eval_loss-->19.438734,test_acc===0.774510
INFO:root:epoch:624 train_eval_loss-->5.011573,train_acc-->0.992625,test_eval_loss-->19.379837,test_acc===0.789216
INFO:root:epoch:625 train_eval_loss-->4.931484,train_acc-->1.000000,test_eval_loss-->19.389587,test_acc===0.789216
INFO:root:epoch:626 train_eval_loss-->4.898491,train_acc-->1.000000,test_eval_loss-->19.415264,test_acc===0.745098
INFO:root:epoch:627 train_eval_loss-->4.896333,train_acc-->1.000000,test_eval_loss-->19.395531,test_acc===0.769608
INFO:root:epoch:628 train_eval_loss-->4.879505,train_acc-->1.000000,test_eval_loss-->19.371906,test_acc===0.764706
INFO:root:epoch:629 train_eval_loss-->4.853513,train_acc-->1.000000,test_eval_loss-->19.358110,test_acc===0.774510
INFO:root:epoch:630 train_eval_loss-->4.853532,train_acc-->1.000000,test_eval_loss-->19.381281,test_acc===0.759804
INFO:root:epoch:631 train_eval_loss-->4.864319,train_acc-->1.000000,test_eval_loss-->19.343258,test_acc===0.779412
INFO:root:epoch:632 train_eval_loss-->4.839150,train_acc-->1.000000,test_eval_loss-->19.355427,test_acc===0.779412
INFO:root:epoch:633 train_eval_loss-->4.797064,train_acc-->1.000000,test_eval_loss-->19.332355,test_acc===0.784314
INFO:root:epoch:634 train_eval_loss-->4.781951,train_acc-->1.000000,test_eval_loss-->19.338713,test_acc===0.794118
INFO:root:epoch:635 train_eval_loss-->4.764419,train_acc-->1.000000,test_eval_loss-->19.339632,test_acc===0.784314
INFO:root:epoch:636 train_eval_loss-->4.753249,train_acc-->1.000000,test_eval_loss-->19.339931,test_acc===0.803922
INFO:root:epoch:637 train_eval_loss-->4.738859,train_acc-->1.000000,test_eval_loss-->19.337500,test_acc===0.794118
INFO:root:epoch:638 train_eval_loss-->4.734970,train_acc-->1.000000,test_eval_loss-->19.317997,test_acc===0.789216
INFO:root:epoch:639 train_eval_loss-->4.720267,train_acc-->1.000000,test_eval_loss-->19.318298,test_acc===0.803922
INFO:root:epoch:640 train_eval_loss-->4.697263,train_acc-->1.000000,test_eval_loss-->19.332554,test_acc===0.784314
INFO:root:epoch:641 train_eval_loss-->4.689666,train_acc-->1.000000,test_eval_loss-->19.324713,test_acc===0.794118
INFO:root:epoch:642 train_eval_loss-->4.681919,train_acc-->1.000000,test_eval_loss-->19.322933,test_acc===0.794118
INFO:root:epoch:643 train_eval_loss-->4.671079,train_acc-->1.000000,test_eval_loss-->19.322075,test_acc===0.789216
INFO:root:epoch:644 train_eval_loss-->4.666623,train_acc-->1.000000,test_eval_loss-->19.317495,test_acc===0.794118
INFO:root:epoch:645 train_eval_loss-->4.662276,train_acc-->1.000000,test_eval_loss-->19.319414,test_acc===0.784314
INFO:root:epoch:646 train_eval_loss-->4.659057,train_acc-->1.000000,test_eval_loss-->19.320604,test_acc===0.789216
INFO:root:epoch:647 train_eval_loss-->4.660499,train_acc-->1.000000,test_eval_loss-->19.319077,test_acc===0.794118
INFO:root:epoch:648 train_eval_loss-->4.655311,train_acc-->1.000000,test_eval_loss-->19.316860,test_acc===0.794118
INFO:root:epoch:649 train_eval_loss-->4.651923,train_acc-->1.000000,test_eval_loss-->19.319309,test_acc===0.789216
INFO:root:epoch:650 train_eval_loss-->4.652188,train_acc-->1.000000,test_eval_loss-->19.317533,test_acc===0.794118
INFO:root:epoch:651 train_eval_loss-->4.651027,train_acc-->1.000000,test_eval_loss-->19.317701,test_acc===0.794118
INFO:root:epoch:652 train_eval_loss-->4.649825,train_acc-->1.000000,test_eval_loss-->19.319902,test_acc===0.789216
INFO:root:epoch:653 train_eval_loss-->4.647415,train_acc-->1.000000,test_eval_loss-->19.319174,test_acc===0.789216
INFO:root:epoch:654 train_eval_loss-->4.649801,train_acc-->1.000000,test_eval_loss-->19.318174,test_acc===0.794118
INFO:root:epoch:655 train_eval_loss-->4.653875,train_acc-->1.000000,test_eval_loss-->19.317904,test_acc===0.794118
INFO:root:epoch:656 train_eval_loss-->4.654379,train_acc-->1.000000,test_eval_loss-->19.317581,test_acc===0.789216
INFO:root:epoch:657 train_eval_loss-->4.657909,train_acc-->1.000000,test_eval_loss-->19.315702,test_acc===0.789216
INFO:root:epoch:658 train_eval_loss-->4.662467,train_acc-->1.000000,test_eval_loss-->19.330511,test_acc===0.789216
INFO:root:epoch:659 train_eval_loss-->4.664740,train_acc-->1.000000,test_eval_loss-->19.316576,test_acc===0.794118
INFO:root:epoch:660 train_eval_loss-->4.671181,train_acc-->1.000000,test_eval_loss-->19.307257,test_acc===0.794118
INFO:root:epoch:661 train_eval_loss-->4.680350,train_acc-->1.000000,test_eval_loss-->19.321909,test_acc===0.784314
INFO:root:epoch:662 train_eval_loss-->4.687440,train_acc-->1.000000,test_eval_loss-->19.324375,test_acc===0.779412
INFO:root:epoch:663 train_eval_loss-->4.697303,train_acc-->1.000000,test_eval_loss-->19.317978,test_acc===0.789216
INFO:root:epoch:664 train_eval_loss-->4.698530,train_acc-->1.000000,test_eval_loss-->19.324389,test_acc===0.789216
INFO:root:epoch:665 train_eval_loss-->4.719411,train_acc-->1.000000,test_eval_loss-->19.324316,test_acc===0.808824
INFO:root:epoch:666 train_eval_loss-->4.734649,train_acc-->1.000000,test_eval_loss-->19.322729,test_acc===0.799020
INFO:root:epoch:667 train_eval_loss-->4.744077,train_acc-->1.000000,test_eval_loss-->19.333876,test_acc===0.774510
INFO:root:epoch:668 train_eval_loss-->4.768535,train_acc-->1.000000,test_eval_loss-->19.340380,test_acc===0.799020
INFO:root:epoch:669 train_eval_loss-->4.784832,train_acc-->1.000000,test_eval_loss-->19.320452,test_acc===0.789216
INFO:root:epoch:670 train_eval_loss-->4.812474,train_acc-->1.000000,test_eval_loss-->19.342430,test_acc===0.779412
INFO:root:epoch:671 train_eval_loss-->4.872988,train_acc-->1.000000,test_eval_loss-->19.352160,test_acc===0.774510
INFO:root:epoch:672 train_eval_loss-->4.926051,train_acc-->0.998525,test_eval_loss-->19.360172,test_acc===0.774510
INFO:root:epoch:673 train_eval_loss-->4.934835,train_acc-->1.000000,test_eval_loss-->19.378746,test_acc===0.759804
INFO:root:epoch:674 train_eval_loss-->4.982757,train_acc-->0.997050,test_eval_loss-->19.373999,test_acc===0.779412
INFO:root:epoch:675 train_eval_loss-->4.923065,train_acc-->1.000000,test_eval_loss-->19.365755,test_acc===0.803922
INFO:root:epoch:676 train_eval_loss-->5.060949,train_acc-->1.000000,test_eval_loss-->19.398117,test_acc===0.789216
INFO:root:epoch:677 train_eval_loss-->5.016554,train_acc-->0.997050,test_eval_loss-->19.379337,test_acc===0.789216
INFO:root:epoch:678 train_eval_loss-->4.977063,train_acc-->1.000000,test_eval_loss-->19.356712,test_acc===0.789216
INFO:root:epoch:679 train_eval_loss-->4.992878,train_acc-->1.000000,test_eval_loss-->19.370586,test_acc===0.779412
INFO:root:epoch:680 train_eval_loss-->5.026266,train_acc-->1.000000,test_eval_loss-->19.396549,test_acc===0.779412
INFO:root:epoch:681 train_eval_loss-->5.025610,train_acc-->0.998525,test_eval_loss-->19.413424,test_acc===0.759804
INFO:root:epoch:682 train_eval_loss-->5.020587,train_acc-->1.000000,test_eval_loss-->19.409548,test_acc===0.750000
INFO:root:epoch:683 train_eval_loss-->5.088811,train_acc-->0.995575,test_eval_loss-->19.420723,test_acc===0.759804
INFO:root:epoch:684 train_eval_loss-->5.069169,train_acc-->1.000000,test_eval_loss-->19.444349,test_acc===0.754902
INFO:root:epoch:685 train_eval_loss-->5.110232,train_acc-->0.991150,test_eval_loss-->19.492947,test_acc===0.730392
INFO:root:epoch:686 train_eval_loss-->5.141601,train_acc-->1.000000,test_eval_loss-->19.489134,test_acc===0.725490
INFO:root:epoch:687 train_eval_loss-->5.274482,train_acc-->0.995575,test_eval_loss-->19.447760,test_acc===0.759804
INFO:root:epoch:688 train_eval_loss-->5.155979,train_acc-->0.997050,test_eval_loss-->19.481758,test_acc===0.720588
INFO:root:epoch:689 train_eval_loss-->5.193621,train_acc-->0.995575,test_eval_loss-->19.413046,test_acc===0.769608
INFO:root:epoch:690 train_eval_loss-->5.164019,train_acc-->0.997050,test_eval_loss-->19.465893,test_acc===0.745098
INFO:root:epoch:691 train_eval_loss-->5.140277,train_acc-->0.997050,test_eval_loss-->19.429285,test_acc===0.759804
INFO:root:epoch:692 train_eval_loss-->5.133378,train_acc-->0.992625,test_eval_loss-->19.632675,test_acc===0.661765
INFO:root:epoch:693 train_eval_loss-->5.299851,train_acc-->0.992625,test_eval_loss-->19.481930,test_acc===0.774510
INFO:root:epoch:694 train_eval_loss-->5.168878,train_acc-->0.991150,test_eval_loss-->19.390585,test_acc===0.779412
INFO:root:epoch:695 train_eval_loss-->5.176788,train_acc-->0.994100,test_eval_loss-->19.511414,test_acc===0.715686
INFO:root:epoch:696 train_eval_loss-->5.231380,train_acc-->0.994100,test_eval_loss-->19.511904,test_acc===0.750000
INFO:root:epoch:697 train_eval_loss-->5.232524,train_acc-->0.995575,test_eval_loss-->19.430847,test_acc===0.759804
INFO:root:epoch:698 train_eval_loss-->5.187505,train_acc-->1.000000,test_eval_loss-->19.570948,test_acc===0.715686
INFO:root:epoch:699 train_eval_loss-->5.276740,train_acc-->0.994100,test_eval_loss-->19.467560,test_acc===0.750000
INFO:root:epoch:700 train_eval_loss-->5.297781,train_acc-->0.994100,test_eval_loss-->19.497868,test_acc===0.769608
INFO:root:epoch:701 train_eval_loss-->5.230750,train_acc-->0.992625,test_eval_loss-->19.551655,test_acc===0.750000
INFO:root:epoch:702 train_eval_loss-->5.290074,train_acc-->0.985251,test_eval_loss-->19.476250,test_acc===0.735294
INFO:root:epoch:703 train_eval_loss-->5.260896,train_acc-->0.992625,test_eval_loss-->19.478352,test_acc===0.779412
INFO:root:epoch:704 train_eval_loss-->5.257730,train_acc-->0.986726,test_eval_loss-->19.457584,test_acc===0.764706
INFO:root:epoch:705 train_eval_loss-->5.184868,train_acc-->0.998525,test_eval_loss-->19.511200,test_acc===0.735294
INFO:root:epoch:706 train_eval_loss-->5.150197,train_acc-->0.995575,test_eval_loss-->19.453438,test_acc===0.764706
INFO:root:epoch:707 train_eval_loss-->5.130198,train_acc-->0.998525,test_eval_loss-->19.417124,test_acc===0.808824
INFO:root:epoch:708 train_eval_loss-->5.101246,train_acc-->1.000000,test_eval_loss-->19.484394,test_acc===0.779412
INFO:root:epoch:709 train_eval_loss-->5.164686,train_acc-->0.998525,test_eval_loss-->19.459002,test_acc===0.745098
INFO:root:epoch:710 train_eval_loss-->5.154138,train_acc-->0.997050,test_eval_loss-->19.471947,test_acc===0.799020
INFO:root:epoch:711 train_eval_loss-->5.180102,train_acc-->1.000000,test_eval_loss-->19.432062,test_acc===0.779412
INFO:root:epoch:712 train_eval_loss-->5.111482,train_acc-->0.997050,test_eval_loss-->19.490788,test_acc===0.745098
INFO:root:epoch:713 train_eval_loss-->5.086399,train_acc-->0.995575,test_eval_loss-->19.481529,test_acc===0.750000
INFO:root:epoch:714 train_eval_loss-->5.093965,train_acc-->0.998525,test_eval_loss-->19.535254,test_acc===0.725490
INFO:root:epoch:715 train_eval_loss-->5.106581,train_acc-->1.000000,test_eval_loss-->19.501705,test_acc===0.725490
INFO:root:epoch:716 train_eval_loss-->5.061530,train_acc-->0.997050,test_eval_loss-->19.518532,test_acc===0.715686
INFO:root:epoch:717 train_eval_loss-->5.089913,train_acc-->0.998525,test_eval_loss-->19.444569,test_acc===0.769608
INFO:root:epoch:718 train_eval_loss-->5.024910,train_acc-->0.997050,test_eval_loss-->19.444040,test_acc===0.774510
INFO:root:epoch:719 train_eval_loss-->4.980140,train_acc-->1.000000,test_eval_loss-->19.430950,test_acc===0.779412
INFO:root:epoch:720 train_eval_loss-->5.009138,train_acc-->0.998525,test_eval_loss-->19.445852,test_acc===0.769608
INFO:root:epoch:721 train_eval_loss-->4.982075,train_acc-->1.000000,test_eval_loss-->19.440039,test_acc===0.769608
INFO:root:epoch:722 train_eval_loss-->4.956982,train_acc-->1.000000,test_eval_loss-->19.435881,test_acc===0.764706
INFO:root:epoch:723 train_eval_loss-->4.965761,train_acc-->1.000000,test_eval_loss-->19.419382,test_acc===0.794118
INFO:root:epoch:724 train_eval_loss-->4.964065,train_acc-->1.000000,test_eval_loss-->19.394415,test_acc===0.779412
INFO:root:epoch:725 train_eval_loss-->4.972276,train_acc-->1.000000,test_eval_loss-->19.418388,test_acc===0.803922
INFO:root:epoch:726 train_eval_loss-->4.901578,train_acc-->1.000000,test_eval_loss-->19.395430,test_acc===0.789216
INFO:root:epoch:727 train_eval_loss-->4.911303,train_acc-->1.000000,test_eval_loss-->19.365820,test_acc===0.789216
INFO:root:epoch:728 train_eval_loss-->4.894166,train_acc-->1.000000,test_eval_loss-->19.426886,test_acc===0.769608
INFO:root:epoch:729 train_eval_loss-->4.871150,train_acc-->1.000000,test_eval_loss-->19.410755,test_acc===0.794118
INFO:root:epoch:730 train_eval_loss-->4.812328,train_acc-->1.000000,test_eval_loss-->19.406969,test_acc===0.784314
INFO:root:epoch:731 train_eval_loss-->4.814669,train_acc-->1.000000,test_eval_loss-->19.375380,test_acc===0.799020
INFO:root:epoch:732 train_eval_loss-->4.807306,train_acc-->1.000000,test_eval_loss-->19.376856,test_acc===0.794118
INFO:root:epoch:733 train_eval_loss-->4.794361,train_acc-->1.000000,test_eval_loss-->19.372860,test_acc===0.794118
INFO:root:epoch:734 train_eval_loss-->4.761619,train_acc-->1.000000,test_eval_loss-->19.376579,test_acc===0.784314
INFO:root:epoch:735 train_eval_loss-->4.745466,train_acc-->1.000000,test_eval_loss-->19.359285,test_acc===0.794118
INFO:root:epoch:736 train_eval_loss-->4.723297,train_acc-->1.000000,test_eval_loss-->19.376207,test_acc===0.799020
INFO:root:epoch:737 train_eval_loss-->4.719858,train_acc-->1.000000,test_eval_loss-->19.367113,test_acc===0.794118
INFO:root:epoch:738 train_eval_loss-->4.709184,train_acc-->1.000000,test_eval_loss-->19.351753,test_acc===0.799020
INFO:root:epoch:739 train_eval_loss-->4.696608,train_acc-->1.000000,test_eval_loss-->19.360107,test_acc===0.794118
INFO:root:epoch:740 train_eval_loss-->4.696633,train_acc-->1.000000,test_eval_loss-->19.363691,test_acc===0.799020
INFO:root:epoch:741 train_eval_loss-->4.680389,train_acc-->1.000000,test_eval_loss-->19.352871,test_acc===0.794118
INFO:root:epoch:742 train_eval_loss-->4.672969,train_acc-->1.000000,test_eval_loss-->19.359522,test_acc===0.799020
INFO:root:epoch:743 train_eval_loss-->4.664115,train_acc-->1.000000,test_eval_loss-->19.354710,test_acc===0.789216
INFO:root:epoch:744 train_eval_loss-->4.658640,train_acc-->1.000000,test_eval_loss-->19.357349,test_acc===0.789216
INFO:root:epoch:745 train_eval_loss-->4.654797,train_acc-->1.000000,test_eval_loss-->19.350878,test_acc===0.784314
INFO:root:epoch:746 train_eval_loss-->4.658917,train_acc-->1.000000,test_eval_loss-->19.359665,test_acc===0.784314
INFO:root:epoch:747 train_eval_loss-->4.650569,train_acc-->1.000000,test_eval_loss-->19.359825,test_acc===0.789216
INFO:root:epoch:748 train_eval_loss-->4.650009,train_acc-->1.000000,test_eval_loss-->19.358376,test_acc===0.789216
INFO:root:epoch:749 train_eval_loss-->4.646146,train_acc-->1.000000,test_eval_loss-->19.356102,test_acc===0.789216
INFO:root:epoch:750 train_eval_loss-->4.644805,train_acc-->1.000000,test_eval_loss-->19.354763,test_acc===0.789216
INFO:root:epoch:751 train_eval_loss-->4.642033,train_acc-->1.000000,test_eval_loss-->19.355778,test_acc===0.789216
INFO:root:epoch:752 train_eval_loss-->4.644788,train_acc-->1.000000,test_eval_loss-->19.355762,test_acc===0.789216
INFO:root:epoch:753 train_eval_loss-->4.644663,train_acc-->1.000000,test_eval_loss-->19.353600,test_acc===0.794118
INFO:root:epoch:754 train_eval_loss-->4.643173,train_acc-->1.000000,test_eval_loss-->19.360014,test_acc===0.789216
INFO:root:epoch:755 train_eval_loss-->4.645748,train_acc-->1.000000,test_eval_loss-->19.358261,test_acc===0.794118
INFO:root:epoch:756 train_eval_loss-->4.647394,train_acc-->1.000000,test_eval_loss-->19.357901,test_acc===0.784314
INFO:root:epoch:757 train_eval_loss-->4.658510,train_acc-->1.000000,test_eval_loss-->19.359264,test_acc===0.784314
INFO:root:epoch:758 train_eval_loss-->4.656705,train_acc-->1.000000,test_eval_loss-->19.364441,test_acc===0.779412
INFO:root:epoch:759 train_eval_loss-->4.671407,train_acc-->1.000000,test_eval_loss-->19.359917,test_acc===0.784314
INFO:root:epoch:760 train_eval_loss-->4.666368,train_acc-->1.000000,test_eval_loss-->19.363327,test_acc===0.789216
INFO:root:epoch:761 train_eval_loss-->4.679987,train_acc-->1.000000,test_eval_loss-->19.370050,test_acc===0.799020
INFO:root:epoch:762 train_eval_loss-->4.699360,train_acc-->1.000000,test_eval_loss-->19.362331,test_acc===0.799020
INFO:root:epoch:763 train_eval_loss-->4.689077,train_acc-->1.000000,test_eval_loss-->19.369745,test_acc===0.784314
INFO:root:epoch:764 train_eval_loss-->4.699062,train_acc-->1.000000,test_eval_loss-->19.366098,test_acc===0.794118
INFO:root:epoch:765 train_eval_loss-->4.715431,train_acc-->1.000000,test_eval_loss-->19.378222,test_acc===0.784314
INFO:root:epoch:766 train_eval_loss-->4.726796,train_acc-->1.000000,test_eval_loss-->19.380573,test_acc===0.774510
INFO:root:epoch:767 train_eval_loss-->4.776057,train_acc-->1.000000,test_eval_loss-->19.362215,test_acc===0.794118
INFO:root:epoch:768 train_eval_loss-->4.773406,train_acc-->1.000000,test_eval_loss-->19.380169,test_acc===0.794118
INFO:root:epoch:769 train_eval_loss-->4.778680,train_acc-->1.000000,test_eval_loss-->19.365004,test_acc===0.784314
INFO:root:epoch:770 train_eval_loss-->4.796123,train_acc-->1.000000,test_eval_loss-->19.391979,test_acc===0.774510
INFO:root:epoch:771 train_eval_loss-->4.845818,train_acc-->1.000000,test_eval_loss-->19.365456,test_acc===0.794118
INFO:root:epoch:772 train_eval_loss-->4.860476,train_acc-->1.000000,test_eval_loss-->19.408901,test_acc===0.784314
INFO:root:epoch:773 train_eval_loss-->4.874304,train_acc-->1.000000,test_eval_loss-->19.419167,test_acc===0.799020
INFO:root:epoch:774 train_eval_loss-->4.892231,train_acc-->1.000000,test_eval_loss-->19.407398,test_acc===0.774510
INFO:root:epoch:775 train_eval_loss-->4.915600,train_acc-->1.000000,test_eval_loss-->19.422569,test_acc===0.784314
INFO:root:epoch:776 train_eval_loss-->4.913143,train_acc-->1.000000,test_eval_loss-->19.440317,test_acc===0.754902
INFO:root:epoch:777 train_eval_loss-->4.930202,train_acc-->1.000000,test_eval_loss-->19.379881,test_acc===0.803922
INFO:root:epoch:778 train_eval_loss-->4.956494,train_acc-->0.998525,test_eval_loss-->19.411133,test_acc===0.759804
INFO:root:epoch:779 train_eval_loss-->4.974009,train_acc-->1.000000,test_eval_loss-->19.440308,test_acc===0.745098
INFO:root:epoch:780 train_eval_loss-->4.974279,train_acc-->0.997050,test_eval_loss-->19.361519,test_acc===0.803922
INFO:root:epoch:781 train_eval_loss-->4.929970,train_acc-->0.997050,test_eval_loss-->19.486723,test_acc===0.735294
INFO:root:epoch:782 train_eval_loss-->4.987475,train_acc-->1.000000,test_eval_loss-->19.392509,test_acc===0.803922
INFO:root:epoch:783 train_eval_loss-->5.026268,train_acc-->0.998525,test_eval_loss-->19.425749,test_acc===0.779412
INFO:root:epoch:784 train_eval_loss-->5.056274,train_acc-->1.000000,test_eval_loss-->19.441975,test_acc===0.769608
INFO:root:epoch:785 train_eval_loss-->5.048593,train_acc-->1.000000,test_eval_loss-->19.545694,test_acc===0.740196
INFO:root:epoch:786 train_eval_loss-->5.105005,train_acc-->1.000000,test_eval_loss-->19.424824,test_acc===0.784314
INFO:root:epoch:787 train_eval_loss-->5.077620,train_acc-->1.000000,test_eval_loss-->19.495605,test_acc===0.764706
INFO:root:epoch:788 train_eval_loss-->5.114587,train_acc-->0.997050,test_eval_loss-->19.436518,test_acc===0.745098
INFO:root:epoch:789 train_eval_loss-->5.119536,train_acc-->0.997050,test_eval_loss-->19.524237,test_acc===0.720588
INFO:root:epoch:790 train_eval_loss-->5.146514,train_acc-->1.000000,test_eval_loss-->19.439054,test_acc===0.754902
INFO:root:epoch:791 train_eval_loss-->5.116874,train_acc-->0.991150,test_eval_loss-->19.436235,test_acc===0.794118
INFO:root:epoch:792 train_eval_loss-->5.166065,train_acc-->1.000000,test_eval_loss-->19.491249,test_acc===0.764706
INFO:root:epoch:793 train_eval_loss-->5.118313,train_acc-->0.997050,test_eval_loss-->19.435892,test_acc===0.769608
INFO:root:epoch:794 train_eval_loss-->5.139012,train_acc-->0.995575,test_eval_loss-->19.413944,test_acc===0.789216
INFO:root:epoch:795 train_eval_loss-->5.154221,train_acc-->0.998525,test_eval_loss-->19.485832,test_acc===0.764706
INFO:root:epoch:796 train_eval_loss-->5.159065,train_acc-->1.000000,test_eval_loss-->19.411715,test_acc===0.803922
INFO:root:epoch:797 train_eval_loss-->5.158019,train_acc-->0.998525,test_eval_loss-->19.624279,test_acc===0.705882
INFO:root:epoch:798 train_eval_loss-->5.259426,train_acc-->0.988201,test_eval_loss-->19.467205,test_acc===0.764706
INFO:root:epoch:799 train_eval_loss-->5.178643,train_acc-->0.992625,test_eval_loss-->19.548338,test_acc===0.740196
INFO:root:the best test acc===0.808824
