2023-12-26 14:05:45 - #----------Config info----------#
2023-12-26 14:05:45 - network: Pointneted_plus,
2023-12-26 14:05:45 - data_mmld: False,
2023-12-26 14:05:45 - pre_net: None,
2023-12-26 14:05:45 - data_path: /media/yxz/新加卷/teeth_ct_points/CT3Dpoints/,
2023-12-26 14:05:45 - label_path: /media/yxz/新加卷/teeth_ct_points/CT3Dpoints/三维坐标表格.xlsx,
2023-12-26 14:05:45 - pretrained_path: ./pre_trained/,
2023-12-26 14:05:45 - cfg: [32, 64, 96, 128, 256, 128, 256, 128, 64, 32, 16],
2023-12-26 14:05:45 - label_num: [0, 1, 10, 11, 14, 19],
2023-12-26 14:05:45 - num_classes: 6,
2023-12-26 14:05:45 - input_size_h: 256,
2023-12-26 14:05:45 - input_size_w: 256,
2023-12-26 14:05:45 - input_channels: 64,
2023-12-26 14:05:45 - distributed: False,
2023-12-26 14:05:45 - local_rank: -1,
2023-12-26 14:05:45 - num_workers: 4,
2023-12-26 14:05:45 - seed: 42,
2023-12-26 14:05:45 - world_size: None,
2023-12-26 14:05:45 - rank: None,
2023-12-26 14:05:45 - amp: False,
2023-12-26 14:05:45 - l2_lambda: 0.0,
2023-12-26 14:05:45 - gpu_id: 0,
2023-12-26 14:05:45 - batch_size: 4,
2023-12-26 14:05:45 - val_bs: 4,
2023-12-26 14:05:45 - epochs: 1000,
2023-12-26 14:05:45 - deep_supervision: True,
2023-12-26 14:05:45 - tailadd: True,
2023-12-26 14:05:45 - threshold: 8.660254037844387,
2023-12-26 14:05:45 - rand_data: False,
2023-12-26 14:05:45 - mean_common: False,
2023-12-26 14:05:45 - horizontal_flip: True,
2023-12-26 14:05:45 - Dynamic_regularization: False,
2023-12-26 14:05:45 - freeze: False,
2023-12-26 14:05:45 - train_mean: [38.167084, 36.47113, 35.658463, 34.7275, 34.397972, 34.392757, 33.96709, 34.126865, 34.28234, 33.729267, 32.7962, 32.064926, 31.681631, 31.124203, 30.844501, 31.361849, 32.73974, 34.215652, 36.648277, 38.611458, 40.539837, 42.120747, 43.28669, 44.45494, 45.614132, 46.21989, 47.45023, 48.500004, 49.44821, 50.419426, 52.140045, 53.649082, 54.722622, 55.427254, 55.996006, 56.55678, 57.03274, 56.78339, 56.16994, 56.052105, 56.084873, 55.73664, 55.51461, 54.455627, 53.19349, 51.708523, 50.496777, 48.39798, 46.618237],
2023-12-26 14:05:45 - train_std: [52.12329, 51.107494, 50.941055, 50.223755, 50.00628, 50.154346, 49.390217, 49.584064, 49.46689, 48.635002, 46.955963, 45.86415, 45.254314, 44.008198, 43.081245, 43.15782, 44.181343, 45.16833, 47.433487, 48.60615, 50.44894, 51.635715, 52.542904, 53.638527, 54.554443, 54.860928, 55.634895, 56.127644, 56.314377, 56.52658, 57.31575, 57.992775, 58.40813, 58.65052, 58.6726, 58.786034, 59.043797, 59.15101, 58.878242, 59.1303, 59.565495, 59.95643, 60.605595, 60.74457, 60.784153, 60.811424, 61.18004, 60.75567, 60.8064],
2023-12-26 14:05:45 - val_mean: [39.743374, 38.122738, 37.19561, 35.71686, 35.202812, 34.790627, 34.621647, 34.678947, 34.44854, 33.327152, 32.52173, 31.267305, 30.603254, 30.013475, 29.536041, 30.480452, 31.952286, 33.71057, 36.010574, 38.201912, 39.313183, 42.94376, 44.53766, 45.518337, 46.94797, 46.58542, 47.49811, 48.238167, 51.026104, 52.292915, 52.69654, 53.169758, 53.87486, 55.697067, 57.654236, 57.586315, 57.758514, 57.174618, 57.736595, 57.24419, 57.544117, 57.37176, 56.43062, 55.96641, 55.325653, 53.10815, 52.179287, 50.27785, 47.04305],
2023-12-26 14:05:45 - val_std: [53.15056, 52.15993, 51.616505, 50.33102, 50.21509, 50.081203, 50.03935, 49.86299, 49.531567, 48.28274, 46.95426, 45.172287, 43.96861, 42.88531, 41.24616, 42.37183, 43.43441, 44.75589, 46.571957, 48.567627, 49.173023, 51.97025, 53.31617, 54.147503, 55.217754, 54.256313, 54.82137, 55.228252, 57.024765, 57.493202, 57.21687, 57.12449, 57.009945, 58.07164, 58.968643, 58.816093, 58.97068, 58.471672, 58.976105, 58.958794, 59.510704, 60.026344, 60.16703, 60.841858, 61.621956, 61.22611, 61.83866, 62.08808, 61.1031],
2023-12-26 14:05:45 - work_dir: results/Pointneted_plus_Tuesday_26_December_2023_14h_05m_45s/,
2023-12-26 14:05:45 - tensor_size: 0,
2023-12-26 14:05:45 - train_transformer: Compose(
    <utils.myToTensor object at 0x7f720cb71eb0>
    <utils.myResize object at 0x7f720cb71f10>
),
2023-12-26 14:05:45 - test_transformer: Compose(
    <utils.myToTensor object at 0x7f720cb71220>
    <utils.myResize object at 0x7f720cb71250>
),
2023-12-26 14:05:45 - opt: AdamW,
2023-12-26 14:05:45 - lr: 0.001,
2023-12-26 14:05:45 - betas: (0.9, 0.999),
2023-12-26 14:05:45 - eps: 1e-08,
2023-12-26 14:05:45 - weight_decay: 0.01,
2023-12-26 14:05:45 - amsgrad: False,
2023-12-26 14:05:45 - sch: CosineAnnealingLR,
2023-12-26 14:05:45 - T_max: 50,
2023-12-26 14:05:45 - eta_min: 1e-05,
2023-12-26 14:05:45 - last_epoch: -1,
INFO:root:train--mean-->[38.167084 36.47113  35.658463 34.7275   34.397972 34.392757 33.96709
 34.126865 34.28234  33.729267 32.7962   32.064926 31.681631 31.124203
 30.844501 31.361849 32.73974  34.215652 36.648277 38.611458 40.539837
 42.120747 43.28669  44.45494  45.614132 46.21989  47.45023  48.500004
 49.44821  50.419426 52.140045 53.649082 54.722622 55.427254 55.996006
 56.55678  57.03274  56.78339  56.16994  56.052105 56.084873 55.73664
 55.51461  54.455627 53.19349  51.708523 50.496777 48.39798  46.618237]
INFO:root:train--std-->[52.12329  51.107494 50.941055 50.223755 50.00628  50.154346 49.390217
 49.584064 49.46689  48.635002 46.955963 45.86415  45.254314 44.008198
 43.081245 43.15782  44.181343 45.16833  47.433487 48.60615  50.44894
 51.635715 52.542904 53.638527 54.554443 54.860928 55.634895 56.127644
 56.314377 56.52658  57.31575  57.992775 58.40813  58.65052  58.6726
 58.786034 59.043797 59.15101  58.878242 59.1303   59.565495 59.95643
 60.605595 60.74457  60.784153 60.811424 61.18004  60.75567  60.8064  ]
INFO:root:val--mean-->[39.743374 38.122738 37.19561  35.71686  35.202812 34.790627 34.621647
 34.678947 34.44854  33.327152 32.52173  31.267305 30.603254 30.013475
 29.536041 30.480452 31.952286 33.71057  36.010574 38.201912 39.313183
 42.94376  44.53766  45.518337 46.94797  46.58542  47.49811  48.238167
 51.026104 52.292915 52.69654  53.169758 53.87486  55.697067 57.654236
 57.586315 57.758514 57.174618 57.736595 57.24419  57.544117 57.37176
 56.43062  55.96641  55.325653 53.10815  52.179287 50.27785  47.04305 ]
INFO:root:val--std-->[53.15056  52.15993  51.616505 50.33102  50.21509  50.081203 50.03935
 49.86299  49.531567 48.28274  46.95426  45.172287 43.96861  42.88531
 41.24616  42.37183  43.43441  44.75589  46.571957 48.567627 49.173023
 51.97025  53.31617  54.147503 55.217754 54.256313 54.82137  55.228252
 57.024765 57.493202 57.21687  57.12449  57.009945 58.07164  58.968643
 58.816093 58.97068  58.471672 58.976105 58.958794 59.510704 60.026344
 60.16703  60.841858 61.621956 61.22611  61.83866  62.08808  61.1031  ]
INFO:root:real_input_channels-->49
INFO:root:epoch:0 train_eval_loss-->14.693327,train_acc-->0.044248,test_eval_loss-->8.701367,test_acc===0.122549
INFO:root:epoch:1 train_eval_loss-->8.435994,train_acc-->0.119469,test_eval_loss-->8.364067,test_acc===0.102941
INFO:root:epoch:2 train_eval_loss-->7.520242,train_acc-->0.138643,test_eval_loss-->6.292827,test_acc===0.171569
INFO:root:epoch:3 train_eval_loss-->6.363067,train_acc-->0.176991,test_eval_loss-->5.623281,test_acc===0.156863
INFO:root:epoch:4 train_eval_loss-->5.356940,train_acc-->0.213864,test_eval_loss-->4.542751,test_acc===0.191176
INFO:root:epoch:5 train_eval_loss-->4.559629,train_acc-->0.271386,test_eval_loss-->4.796568,test_acc===0.063725
INFO:root:epoch:6 train_eval_loss-->4.471389,train_acc-->0.205015,test_eval_loss-->3.713749,test_acc===0.352941
INFO:root:epoch:7 train_eval_loss-->3.971084,train_acc-->0.275811,test_eval_loss-->3.853818,test_acc===0.181373
INFO:root:epoch:8 train_eval_loss-->3.437757,train_acc-->0.339233,test_eval_loss-->3.130757,test_acc===0.264706
INFO:root:epoch:9 train_eval_loss-->3.075503,train_acc-->0.424779,test_eval_loss-->3.553348,test_acc===0.196078
INFO:root:epoch:10 train_eval_loss-->2.901372,train_acc-->0.407080,test_eval_loss-->2.878134,test_acc===0.323529
INFO:root:epoch:11 train_eval_loss-->2.544076,train_acc-->0.508850,test_eval_loss-->3.019209,test_acc===0.245098
INFO:root:epoch:12 train_eval_loss-->3.074209,train_acc-->0.306785,test_eval_loss-->3.358421,test_acc===0.117647
INFO:root:epoch:13 train_eval_loss-->2.923703,train_acc-->0.380531,test_eval_loss-->2.464573,test_acc===0.333333
INFO:root:epoch:14 train_eval_loss-->2.482945,train_acc-->0.461652,test_eval_loss-->2.496016,test_acc===0.367647
INFO:root:epoch:15 train_eval_loss-->2.537077,train_acc-->0.469027,test_eval_loss-->2.206699,test_acc===0.480392
INFO:root:epoch:16 train_eval_loss-->2.152968,train_acc-->0.578171,test_eval_loss-->2.230270,test_acc===0.441176
INFO:root:epoch:17 train_eval_loss-->2.026902,train_acc-->0.623894,test_eval_loss-->2.262167,test_acc===0.470588
INFO:root:epoch:18 train_eval_loss-->2.022841,train_acc-->0.663717,test_eval_loss-->2.141758,test_acc===0.470588
INFO:root:epoch:19 train_eval_loss-->1.971972,train_acc-->0.684366,test_eval_loss-->2.185838,test_acc===0.480392
INFO:root:epoch:20 train_eval_loss-->1.838379,train_acc-->0.733038,test_eval_loss-->2.474517,test_acc===0.357843
INFO:root:epoch:21 train_eval_loss-->1.870240,train_acc-->0.707965,test_eval_loss-->2.151444,test_acc===0.514706
INFO:root:epoch:22 train_eval_loss-->1.714020,train_acc-->0.796460,test_eval_loss-->2.387894,test_acc===0.382353
INFO:root:epoch:23 train_eval_loss-->1.680151,train_acc-->0.806785,test_eval_loss-->2.142953,test_acc===0.524510
INFO:root:epoch:24 train_eval_loss-->1.575149,train_acc-->0.845133,test_eval_loss-->2.001918,test_acc===0.563725
INFO:root:epoch:25 train_eval_loss-->1.459546,train_acc-->0.880531,test_eval_loss-->1.992937,test_acc===0.549020
INFO:root:epoch:26 train_eval_loss-->1.413045,train_acc-->0.910029,test_eval_loss-->1.838237,test_acc===0.647059
INFO:root:epoch:27 train_eval_loss-->1.377440,train_acc-->0.892330,test_eval_loss-->2.011833,test_acc===0.519608
INFO:root:epoch:28 train_eval_loss-->1.577499,train_acc-->0.818584,test_eval_loss-->2.262693,test_acc===0.441176
INFO:root:epoch:29 train_eval_loss-->1.596985,train_acc-->0.828909,test_eval_loss-->1.955419,test_acc===0.632353
INFO:root:epoch:30 train_eval_loss-->1.321067,train_acc-->0.921829,test_eval_loss-->1.959078,test_acc===0.558824
INFO:root:epoch:31 train_eval_loss-->1.414725,train_acc-->0.879056,test_eval_loss-->1.816735,test_acc===0.602941
INFO:root:epoch:32 train_eval_loss-->1.191267,train_acc-->0.954277,test_eval_loss-->1.806180,test_acc===0.627451
INFO:root:epoch:33 train_eval_loss-->1.094012,train_acc-->0.966077,test_eval_loss-->1.824816,test_acc===0.647059
INFO:root:epoch:34 train_eval_loss-->1.082448,train_acc-->0.973451,test_eval_loss-->1.786866,test_acc===0.642157
INFO:root:epoch:35 train_eval_loss-->1.021503,train_acc-->0.982301,test_eval_loss-->1.823134,test_acc===0.602941
INFO:root:epoch:36 train_eval_loss-->0.957789,train_acc-->0.985251,test_eval_loss-->1.877669,test_acc===0.607843
INFO:root:epoch:37 train_eval_loss-->0.975959,train_acc-->0.985251,test_eval_loss-->1.705240,test_acc===0.681373
INFO:root:epoch:38 train_eval_loss-->0.892011,train_acc-->0.989676,test_eval_loss-->1.687652,test_acc===0.666667
INFO:root:epoch:39 train_eval_loss-->0.870163,train_acc-->0.988201,test_eval_loss-->1.719203,test_acc===0.666667
INFO:root:epoch:40 train_eval_loss-->0.818688,train_acc-->0.989676,test_eval_loss-->1.673976,test_acc===0.696078
INFO:root:epoch:41 train_eval_loss-->0.809826,train_acc-->0.985251,test_eval_loss-->1.684891,test_acc===0.691176
INFO:root:epoch:42 train_eval_loss-->0.751898,train_acc-->0.989676,test_eval_loss-->1.681505,test_acc===0.686275
INFO:root:epoch:43 train_eval_loss-->0.757480,train_acc-->0.986726,test_eval_loss-->1.688530,test_acc===0.686275
INFO:root:epoch:44 train_eval_loss-->0.728399,train_acc-->0.985251,test_eval_loss-->1.689112,test_acc===0.671569
INFO:root:epoch:45 train_eval_loss-->0.727113,train_acc-->0.988201,test_eval_loss-->1.677302,test_acc===0.696078
INFO:root:epoch:46 train_eval_loss-->0.695826,train_acc-->0.991150,test_eval_loss-->1.682311,test_acc===0.676471
INFO:root:epoch:47 train_eval_loss-->0.685573,train_acc-->0.989676,test_eval_loss-->1.676772,test_acc===0.691176
INFO:root:epoch:48 train_eval_loss-->0.691749,train_acc-->0.994100,test_eval_loss-->1.682234,test_acc===0.686275
INFO:root:epoch:49 train_eval_loss-->0.672158,train_acc-->0.994100,test_eval_loss-->1.679139,test_acc===0.686275
INFO:root:epoch:50 train_eval_loss-->0.657918,train_acc-->0.994100,test_eval_loss-->1.676751,test_acc===0.691176
INFO:root:epoch:51 train_eval_loss-->0.682916,train_acc-->0.989676,test_eval_loss-->1.678077,test_acc===0.686275
INFO:root:epoch:52 train_eval_loss-->0.673781,train_acc-->0.988201,test_eval_loss-->1.678026,test_acc===0.686275
INFO:root:epoch:53 train_eval_loss-->0.656174,train_acc-->0.995575,test_eval_loss-->1.681543,test_acc===0.681373
INFO:root:epoch:54 train_eval_loss-->0.677235,train_acc-->0.991150,test_eval_loss-->1.694062,test_acc===0.686275
INFO:root:epoch:55 train_eval_loss-->0.678854,train_acc-->0.989676,test_eval_loss-->1.684805,test_acc===0.686275
INFO:root:epoch:56 train_eval_loss-->0.675861,train_acc-->0.991150,test_eval_loss-->1.694362,test_acc===0.700980
INFO:root:epoch:57 train_eval_loss-->0.652036,train_acc-->0.994100,test_eval_loss-->1.688230,test_acc===0.671569
INFO:root:epoch:58 train_eval_loss-->0.654749,train_acc-->0.992625,test_eval_loss-->1.698197,test_acc===0.686275
INFO:root:epoch:59 train_eval_loss-->0.689306,train_acc-->0.992625,test_eval_loss-->1.708237,test_acc===0.671569
INFO:root:epoch:60 train_eval_loss-->0.700772,train_acc-->0.995575,test_eval_loss-->1.726343,test_acc===0.656863
INFO:root:epoch:61 train_eval_loss-->0.721537,train_acc-->0.989676,test_eval_loss-->1.738950,test_acc===0.647059
INFO:root:epoch:62 train_eval_loss-->0.760493,train_acc-->0.994100,test_eval_loss-->1.720678,test_acc===0.651961
INFO:root:epoch:63 train_eval_loss-->0.764849,train_acc-->0.985251,test_eval_loss-->1.694889,test_acc===0.700980
INFO:root:epoch:64 train_eval_loss-->0.907443,train_acc-->0.989676,test_eval_loss-->1.823857,test_acc===0.607843
INFO:root:epoch:65 train_eval_loss-->1.011565,train_acc-->0.974926,test_eval_loss-->2.088742,test_acc===0.480392
INFO:root:epoch:66 train_eval_loss-->1.088108,train_acc-->0.967552,test_eval_loss-->2.011645,test_acc===0.524510
INFO:root:epoch:67 train_eval_loss-->1.130905,train_acc-->0.954277,test_eval_loss-->1.943024,test_acc===0.593137
INFO:root:epoch:68 train_eval_loss-->1.204546,train_acc-->0.930678,test_eval_loss-->1.895885,test_acc===0.598039
INFO:root:epoch:69 train_eval_loss-->1.076149,train_acc-->0.970501,test_eval_loss-->1.754305,test_acc===0.647059
INFO:root:epoch:70 train_eval_loss-->1.110432,train_acc-->0.964602,test_eval_loss-->2.021457,test_acc===0.544118
INFO:root:epoch:71 train_eval_loss-->1.221757,train_acc-->0.942478,test_eval_loss-->1.978332,test_acc===0.519608
INFO:root:epoch:72 train_eval_loss-->1.284245,train_acc-->0.941003,test_eval_loss-->1.860172,test_acc===0.642157
INFO:root:epoch:73 train_eval_loss-->1.214407,train_acc-->0.946903,test_eval_loss-->1.827347,test_acc===0.642157
INFO:root:epoch:74 train_eval_loss-->1.247016,train_acc-->0.935103,test_eval_loss-->2.065968,test_acc===0.549020
INFO:root:epoch:75 train_eval_loss-->1.332553,train_acc-->0.895280,test_eval_loss-->1.964861,test_acc===0.617647
INFO:root:epoch:76 train_eval_loss-->1.448025,train_acc-->0.851032,test_eval_loss-->2.021022,test_acc===0.529412
INFO:root:epoch:77 train_eval_loss-->1.404029,train_acc-->0.865782,test_eval_loss-->1.883842,test_acc===0.617647
INFO:root:epoch:78 train_eval_loss-->1.455688,train_acc-->0.856932,test_eval_loss-->2.036915,test_acc===0.524510
INFO:root:epoch:79 train_eval_loss-->1.589775,train_acc-->0.811209,test_eval_loss-->2.217683,test_acc===0.480392
INFO:root:epoch:80 train_eval_loss-->1.770096,train_acc-->0.699115,test_eval_loss-->2.063031,test_acc===0.514706
INFO:root:epoch:81 train_eval_loss-->1.606661,train_acc-->0.792035,test_eval_loss-->2.315368,test_acc===0.372549
INFO:root:epoch:82 train_eval_loss-->1.741538,train_acc-->0.728614,test_eval_loss-->2.434158,test_acc===0.367647
INFO:root:epoch:83 train_eval_loss-->1.601360,train_acc-->0.800885,test_eval_loss-->2.336502,test_acc===0.431373
INFO:root:epoch:84 train_eval_loss-->1.559404,train_acc-->0.808260,test_eval_loss-->2.231457,test_acc===0.529412
INFO:root:epoch:85 train_eval_loss-->1.607295,train_acc-->0.834808,test_eval_loss-->2.380275,test_acc===0.323529
INFO:root:epoch:86 train_eval_loss-->1.863602,train_acc-->0.669617,test_eval_loss-->2.476524,test_acc===0.303922
INFO:root:epoch:87 train_eval_loss-->1.596282,train_acc-->0.799410,test_eval_loss-->2.249993,test_acc===0.485294
INFO:root:epoch:88 train_eval_loss-->1.481815,train_acc-->0.849558,test_eval_loss-->2.167199,test_acc===0.431373
INFO:root:epoch:89 train_eval_loss-->1.587655,train_acc-->0.800885,test_eval_loss-->2.004889,test_acc===0.602941
INFO:root:epoch:90 train_eval_loss-->1.591460,train_acc-->0.792035,test_eval_loss-->2.557613,test_acc===0.274510
INFO:root:epoch:91 train_eval_loss-->1.640677,train_acc-->0.758112,test_eval_loss-->1.875287,test_acc===0.607843
INFO:root:epoch:92 train_eval_loss-->1.672660,train_acc-->0.784661,test_eval_loss-->2.530415,test_acc===0.357843
INFO:root:epoch:93 train_eval_loss-->1.740797,train_acc-->0.707965,test_eval_loss-->1.925216,test_acc===0.602941
INFO:root:epoch:94 train_eval_loss-->1.505064,train_acc-->0.828909,test_eval_loss-->1.981121,test_acc===0.578431
INFO:root:epoch:95 train_eval_loss-->1.551328,train_acc-->0.800885,test_eval_loss-->2.305394,test_acc===0.436275
INFO:root:epoch:96 train_eval_loss-->1.490933,train_acc-->0.837758,test_eval_loss-->2.022844,test_acc===0.578431
INFO:root:epoch:97 train_eval_loss-->1.469897,train_acc-->0.825959,test_eval_loss-->2.151495,test_acc===0.534314
INFO:root:epoch:98 train_eval_loss-->1.530588,train_acc-->0.802360,test_eval_loss-->1.810120,test_acc===0.647059
INFO:root:epoch:99 train_eval_loss-->1.523682,train_acc-->0.830383,test_eval_loss-->2.039133,test_acc===0.544118
INFO:root:epoch:100 train_eval_loss-->1.429407,train_acc-->0.855457,test_eval_loss-->2.152844,test_acc===0.524510
INFO:root:epoch:101 train_eval_loss-->1.435620,train_acc-->0.864307,test_eval_loss-->1.999150,test_acc===0.593137
INFO:root:epoch:102 train_eval_loss-->1.320431,train_acc-->0.921829,test_eval_loss-->1.971058,test_acc===0.602941
INFO:root:epoch:103 train_eval_loss-->1.314100,train_acc-->0.895280,test_eval_loss-->1.979280,test_acc===0.588235
INFO:root:epoch:104 train_eval_loss-->1.465824,train_acc-->0.815634,test_eval_loss-->1.988581,test_acc===0.544118
INFO:root:epoch:105 train_eval_loss-->1.264253,train_acc-->0.921829,test_eval_loss-->2.077035,test_acc===0.441176
INFO:root:epoch:106 train_eval_loss-->1.293080,train_acc-->0.899705,test_eval_loss-->1.903079,test_acc===0.583333
INFO:root:epoch:107 train_eval_loss-->1.373337,train_acc-->0.877581,test_eval_loss-->1.798351,test_acc===0.632353
INFO:root:epoch:108 train_eval_loss-->1.211733,train_acc-->0.918879,test_eval_loss-->2.101847,test_acc===0.549020
INFO:root:epoch:109 train_eval_loss-->1.452372,train_acc-->0.834808,test_eval_loss-->2.131644,test_acc===0.500000
INFO:root:epoch:110 train_eval_loss-->1.350071,train_acc-->0.876106,test_eval_loss-->2.005147,test_acc===0.514706
INFO:root:epoch:111 train_eval_loss-->1.235100,train_acc-->0.892330,test_eval_loss-->2.132611,test_acc===0.401961
INFO:root:epoch:112 train_eval_loss-->1.199081,train_acc-->0.943953,test_eval_loss-->1.829116,test_acc===0.612745
INFO:root:epoch:113 train_eval_loss-->1.260766,train_acc-->0.918879,test_eval_loss-->1.993264,test_acc===0.529412
INFO:root:epoch:114 train_eval_loss-->1.128416,train_acc-->0.949853,test_eval_loss-->1.874490,test_acc===0.598039
INFO:root:epoch:115 train_eval_loss-->1.063428,train_acc-->0.967552,test_eval_loss-->1.785969,test_acc===0.651961
INFO:root:epoch:116 train_eval_loss-->1.048333,train_acc-->0.979351,test_eval_loss-->2.013802,test_acc===0.549020
INFO:root:epoch:117 train_eval_loss-->1.068021,train_acc-->0.964602,test_eval_loss-->1.951335,test_acc===0.583333
INFO:root:epoch:118 train_eval_loss-->1.122793,train_acc-->0.942478,test_eval_loss-->1.853308,test_acc===0.632353
INFO:root:epoch:119 train_eval_loss-->0.947020,train_acc-->0.970501,test_eval_loss-->1.727767,test_acc===0.666667
INFO:root:epoch:120 train_eval_loss-->0.924809,train_acc-->0.989676,test_eval_loss-->1.682782,test_acc===0.656863
INFO:root:epoch:121 train_eval_loss-->0.902757,train_acc-->0.982301,test_eval_loss-->1.659475,test_acc===0.656863
INFO:root:epoch:122 train_eval_loss-->0.844943,train_acc-->0.986726,test_eval_loss-->1.661331,test_acc===0.696078
INFO:root:epoch:123 train_eval_loss-->0.780971,train_acc-->0.997050,test_eval_loss-->1.694615,test_acc===0.705882
INFO:root:epoch:124 train_eval_loss-->0.806221,train_acc-->0.994100,test_eval_loss-->1.697928,test_acc===0.686275
INFO:root:epoch:125 train_eval_loss-->0.742925,train_acc-->0.989676,test_eval_loss-->1.661954,test_acc===0.696078
INFO:root:epoch:126 train_eval_loss-->0.676225,train_acc-->0.995575,test_eval_loss-->1.660356,test_acc===0.686275
INFO:root:epoch:127 train_eval_loss-->0.679298,train_acc-->0.991150,test_eval_loss-->1.624356,test_acc===0.705882
INFO:root:epoch:128 train_eval_loss-->0.649581,train_acc-->1.000000,test_eval_loss-->1.665144,test_acc===0.686275
INFO:root:epoch:129 train_eval_loss-->0.628104,train_acc-->0.997050,test_eval_loss-->1.705624,test_acc===0.676471
INFO:root:epoch:130 train_eval_loss-->0.592829,train_acc-->0.997050,test_eval_loss-->1.640877,test_acc===0.686275
INFO:root:epoch:131 train_eval_loss-->0.564859,train_acc-->0.997050,test_eval_loss-->1.644821,test_acc===0.676471
INFO:root:epoch:132 train_eval_loss-->0.625719,train_acc-->1.000000,test_eval_loss-->1.612147,test_acc===0.725490
INFO:root:epoch:133 train_eval_loss-->0.536446,train_acc-->0.995575,test_eval_loss-->1.650350,test_acc===0.710784
INFO:root:epoch:134 train_eval_loss-->0.517786,train_acc-->1.000000,test_eval_loss-->1.625771,test_acc===0.735294
INFO:root:epoch:135 train_eval_loss-->0.493430,train_acc-->1.000000,test_eval_loss-->1.633755,test_acc===0.691176
INFO:root:epoch:136 train_eval_loss-->0.432576,train_acc-->1.000000,test_eval_loss-->1.617242,test_acc===0.700980
INFO:root:epoch:137 train_eval_loss-->0.436415,train_acc-->1.000000,test_eval_loss-->1.595582,test_acc===0.730392
INFO:root:epoch:138 train_eval_loss-->0.421922,train_acc-->1.000000,test_eval_loss-->1.615345,test_acc===0.700980
INFO:root:epoch:139 train_eval_loss-->0.404734,train_acc-->1.000000,test_eval_loss-->1.585819,test_acc===0.710784
INFO:root:epoch:140 train_eval_loss-->0.367876,train_acc-->1.000000,test_eval_loss-->1.594410,test_acc===0.725490
INFO:root:epoch:141 train_eval_loss-->0.348081,train_acc-->1.000000,test_eval_loss-->1.584443,test_acc===0.730392
INFO:root:epoch:142 train_eval_loss-->0.332741,train_acc-->1.000000,test_eval_loss-->1.592859,test_acc===0.710784
INFO:root:epoch:143 train_eval_loss-->0.316404,train_acc-->1.000000,test_eval_loss-->1.586957,test_acc===0.715686
INFO:root:epoch:144 train_eval_loss-->0.310052,train_acc-->1.000000,test_eval_loss-->1.591174,test_acc===0.710784
INFO:root:epoch:145 train_eval_loss-->0.298641,train_acc-->1.000000,test_eval_loss-->1.584663,test_acc===0.705882
INFO:root:epoch:146 train_eval_loss-->0.291397,train_acc-->1.000000,test_eval_loss-->1.584693,test_acc===0.720588
INFO:root:epoch:147 train_eval_loss-->0.288762,train_acc-->1.000000,test_eval_loss-->1.583154,test_acc===0.715686
INFO:root:epoch:148 train_eval_loss-->0.279785,train_acc-->1.000000,test_eval_loss-->1.583444,test_acc===0.710784
INFO:root:epoch:149 train_eval_loss-->0.278903,train_acc-->1.000000,test_eval_loss-->1.585540,test_acc===0.710784
INFO:root:epoch:150 train_eval_loss-->0.273401,train_acc-->1.000000,test_eval_loss-->1.582900,test_acc===0.710784
INFO:root:epoch:151 train_eval_loss-->0.271492,train_acc-->1.000000,test_eval_loss-->1.583002,test_acc===0.715686
INFO:root:epoch:152 train_eval_loss-->0.271372,train_acc-->1.000000,test_eval_loss-->1.587459,test_acc===0.720588
INFO:root:epoch:153 train_eval_loss-->0.272044,train_acc-->1.000000,test_eval_loss-->1.583138,test_acc===0.710784
INFO:root:epoch:154 train_eval_loss-->0.280503,train_acc-->1.000000,test_eval_loss-->1.585016,test_acc===0.715686
INFO:root:epoch:155 train_eval_loss-->0.282154,train_acc-->1.000000,test_eval_loss-->1.586428,test_acc===0.720588
INFO:root:epoch:156 train_eval_loss-->0.284308,train_acc-->1.000000,test_eval_loss-->1.582848,test_acc===0.720588
INFO:root:epoch:157 train_eval_loss-->0.293522,train_acc-->1.000000,test_eval_loss-->1.589758,test_acc===0.715686
INFO:root:epoch:158 train_eval_loss-->0.294769,train_acc-->1.000000,test_eval_loss-->1.585132,test_acc===0.715686
INFO:root:epoch:159 train_eval_loss-->0.305525,train_acc-->1.000000,test_eval_loss-->1.585111,test_acc===0.735294
INFO:root:epoch:160 train_eval_loss-->0.303805,train_acc-->1.000000,test_eval_loss-->1.603057,test_acc===0.720588
INFO:root:epoch:161 train_eval_loss-->0.346332,train_acc-->1.000000,test_eval_loss-->1.588308,test_acc===0.700980
INFO:root:epoch:162 train_eval_loss-->0.361651,train_acc-->1.000000,test_eval_loss-->1.603702,test_acc===0.705882
INFO:root:epoch:163 train_eval_loss-->0.363363,train_acc-->1.000000,test_eval_loss-->1.586502,test_acc===0.720588
INFO:root:epoch:164 train_eval_loss-->0.385933,train_acc-->1.000000,test_eval_loss-->1.603055,test_acc===0.696078
INFO:root:epoch:165 train_eval_loss-->0.397539,train_acc-->1.000000,test_eval_loss-->1.570685,test_acc===0.735294
INFO:root:epoch:166 train_eval_loss-->0.453889,train_acc-->1.000000,test_eval_loss-->1.604335,test_acc===0.750000
INFO:root:epoch:167 train_eval_loss-->0.472537,train_acc-->1.000000,test_eval_loss-->1.611914,test_acc===0.720588
INFO:root:epoch:168 train_eval_loss-->0.521844,train_acc-->1.000000,test_eval_loss-->1.612798,test_acc===0.715686
INFO:root:epoch:169 train_eval_loss-->0.595152,train_acc-->1.000000,test_eval_loss-->1.736493,test_acc===0.661765
INFO:root:epoch:170 train_eval_loss-->0.638732,train_acc-->0.995575,test_eval_loss-->1.711739,test_acc===0.700980
INFO:root:epoch:171 train_eval_loss-->0.712201,train_acc-->0.992625,test_eval_loss-->1.692659,test_acc===0.676471
INFO:root:epoch:172 train_eval_loss-->0.726323,train_acc-->0.989676,test_eval_loss-->1.738168,test_acc===0.676471
INFO:root:epoch:173 train_eval_loss-->0.768873,train_acc-->0.991150,test_eval_loss-->1.751706,test_acc===0.666667
INFO:root:epoch:174 train_eval_loss-->0.790863,train_acc-->0.997050,test_eval_loss-->1.631261,test_acc===0.715686
INFO:root:epoch:175 train_eval_loss-->0.761970,train_acc-->0.991150,test_eval_loss-->1.758606,test_acc===0.661765
INFO:root:epoch:176 train_eval_loss-->0.751823,train_acc-->0.989676,test_eval_loss-->1.725127,test_acc===0.661765
INFO:root:epoch:177 train_eval_loss-->0.826664,train_acc-->0.988201,test_eval_loss-->1.758713,test_acc===0.656863
INFO:root:epoch:178 train_eval_loss-->0.851006,train_acc-->0.980826,test_eval_loss-->1.925086,test_acc===0.593137
INFO:root:epoch:179 train_eval_loss-->0.950757,train_acc-->0.970501,test_eval_loss-->1.732886,test_acc===0.700980
INFO:root:epoch:180 train_eval_loss-->0.874820,train_acc-->0.980826,test_eval_loss-->1.757976,test_acc===0.647059
INFO:root:epoch:181 train_eval_loss-->1.002494,train_acc-->0.970501,test_eval_loss-->1.796463,test_acc===0.651961
INFO:root:epoch:182 train_eval_loss-->1.058793,train_acc-->0.961652,test_eval_loss-->1.687997,test_acc===0.715686
INFO:root:epoch:183 train_eval_loss-->1.080180,train_acc-->0.954277,test_eval_loss-->1.792656,test_acc===0.622549
INFO:root:epoch:184 train_eval_loss-->1.174346,train_acc-->0.932153,test_eval_loss-->1.751844,test_acc===0.661765
INFO:root:epoch:185 train_eval_loss-->1.113985,train_acc-->0.946903,test_eval_loss-->1.955600,test_acc===0.534314
INFO:root:epoch:186 train_eval_loss-->1.094171,train_acc-->0.930678,test_eval_loss-->1.751539,test_acc===0.666667
INFO:root:epoch:187 train_eval_loss-->1.120736,train_acc-->0.939528,test_eval_loss-->1.791124,test_acc===0.681373
INFO:root:epoch:188 train_eval_loss-->1.256571,train_acc-->0.917404,test_eval_loss-->1.995142,test_acc===0.504902
INFO:root:epoch:189 train_eval_loss-->1.191999,train_acc-->0.899705,test_eval_loss-->1.865078,test_acc===0.602941
INFO:root:epoch:190 train_eval_loss-->1.262877,train_acc-->0.889381,test_eval_loss-->2.294146,test_acc===0.377451
INFO:root:epoch:191 train_eval_loss-->1.236995,train_acc-->0.902655,test_eval_loss-->2.171630,test_acc===0.490196
INFO:root:epoch:192 train_eval_loss-->1.329127,train_acc-->0.874631,test_eval_loss-->2.330431,test_acc===0.431373
INFO:root:epoch:193 train_eval_loss-->1.331329,train_acc-->0.876106,test_eval_loss-->2.122711,test_acc===0.446078
INFO:root:epoch:194 train_eval_loss-->1.279624,train_acc-->0.905605,test_eval_loss-->2.051184,test_acc===0.509804
INFO:root:epoch:195 train_eval_loss-->1.458580,train_acc-->0.796460,test_eval_loss-->2.015151,test_acc===0.539216
INFO:root:epoch:196 train_eval_loss-->1.302024,train_acc-->0.879056,test_eval_loss-->2.507307,test_acc===0.299020
INFO:root:epoch:197 train_eval_loss-->1.334022,train_acc-->0.824484,test_eval_loss-->1.775482,test_acc===0.627451
INFO:root:epoch:198 train_eval_loss-->1.230267,train_acc-->0.901180,test_eval_loss-->1.849469,test_acc===0.647059
INFO:root:epoch:199 train_eval_loss-->1.380486,train_acc-->0.849558,test_eval_loss-->2.182364,test_acc===0.524510
INFO:root:epoch:200 train_eval_loss-->1.371902,train_acc-->0.849558,test_eval_loss-->2.109634,test_acc===0.519608
INFO:root:epoch:201 train_eval_loss-->1.214001,train_acc-->0.890855,test_eval_loss-->1.761429,test_acc===0.642157
INFO:root:epoch:202 train_eval_loss-->1.037529,train_acc-->0.954277,test_eval_loss-->1.901070,test_acc===0.583333
INFO:root:epoch:203 train_eval_loss-->1.022009,train_acc-->0.958702,test_eval_loss-->1.951728,test_acc===0.549020
INFO:root:epoch:204 train_eval_loss-->1.057530,train_acc-->0.949853,test_eval_loss-->1.743513,test_acc===0.666667
INFO:root:epoch:205 train_eval_loss-->1.142620,train_acc-->0.948378,test_eval_loss-->1.879943,test_acc===0.558824
INFO:root:epoch:206 train_eval_loss-->1.042758,train_acc-->0.946903,test_eval_loss-->1.862707,test_acc===0.642157
INFO:root:epoch:207 train_eval_loss-->1.103117,train_acc-->0.936578,test_eval_loss-->1.836655,test_acc===0.656863
INFO:root:epoch:208 train_eval_loss-->1.162801,train_acc-->0.936578,test_eval_loss-->1.823532,test_acc===0.627451
INFO:root:epoch:209 train_eval_loss-->0.964330,train_acc-->0.973451,test_eval_loss-->1.873980,test_acc===0.612745
INFO:root:epoch:210 train_eval_loss-->0.933056,train_acc-->0.983776,test_eval_loss-->1.846481,test_acc===0.656863
INFO:root:epoch:211 train_eval_loss-->0.917421,train_acc-->0.983776,test_eval_loss-->1.683744,test_acc===0.705882
INFO:root:epoch:212 train_eval_loss-->0.945548,train_acc-->0.976401,test_eval_loss-->1.724604,test_acc===0.671569
INFO:root:epoch:213 train_eval_loss-->0.823012,train_acc-->0.989676,test_eval_loss-->1.736831,test_acc===0.676471
INFO:root:epoch:214 train_eval_loss-->0.926794,train_acc-->0.970501,test_eval_loss-->1.739217,test_acc===0.666667
INFO:root:epoch:215 train_eval_loss-->0.861605,train_acc-->0.983776,test_eval_loss-->1.817299,test_acc===0.622549
INFO:root:epoch:216 train_eval_loss-->0.925566,train_acc-->0.966077,test_eval_loss-->2.159122,test_acc===0.475490
INFO:root:epoch:217 train_eval_loss-->1.113434,train_acc-->0.915929,test_eval_loss-->1.718996,test_acc===0.656863
INFO:root:epoch:218 train_eval_loss-->0.872949,train_acc-->0.980826,test_eval_loss-->1.799502,test_acc===0.642157
INFO:root:epoch:219 train_eval_loss-->0.789873,train_acc-->0.986726,test_eval_loss-->1.733790,test_acc===0.676471
INFO:root:epoch:220 train_eval_loss-->0.718956,train_acc-->0.988201,test_eval_loss-->1.776020,test_acc===0.617647
INFO:root:epoch:221 train_eval_loss-->0.806547,train_acc-->0.983776,test_eval_loss-->1.686022,test_acc===0.686275
INFO:root:epoch:222 train_eval_loss-->0.744091,train_acc-->0.989676,test_eval_loss-->1.691412,test_acc===0.666667
INFO:root:epoch:223 train_eval_loss-->0.604496,train_acc-->0.992625,test_eval_loss-->1.729040,test_acc===0.691176
INFO:root:epoch:224 train_eval_loss-->0.620817,train_acc-->0.998525,test_eval_loss-->1.727277,test_acc===0.681373
INFO:root:epoch:225 train_eval_loss-->0.684317,train_acc-->0.997050,test_eval_loss-->1.697112,test_acc===0.656863
INFO:root:epoch:226 train_eval_loss-->0.683265,train_acc-->0.991150,test_eval_loss-->1.856085,test_acc===0.593137
INFO:root:epoch:227 train_eval_loss-->0.643934,train_acc-->1.000000,test_eval_loss-->1.634398,test_acc===0.715686
INFO:root:epoch:228 train_eval_loss-->0.531478,train_acc-->1.000000,test_eval_loss-->1.688262,test_acc===0.705882
INFO:root:epoch:229 train_eval_loss-->0.489611,train_acc-->0.998525,test_eval_loss-->1.612891,test_acc===0.740196
INFO:root:epoch:230 train_eval_loss-->0.439137,train_acc-->1.000000,test_eval_loss-->1.624947,test_acc===0.656863
INFO:root:epoch:231 train_eval_loss-->0.458797,train_acc-->1.000000,test_eval_loss-->1.641935,test_acc===0.691176
INFO:root:epoch:232 train_eval_loss-->0.417934,train_acc-->1.000000,test_eval_loss-->1.603077,test_acc===0.715686
INFO:root:epoch:233 train_eval_loss-->0.390708,train_acc-->1.000000,test_eval_loss-->1.621295,test_acc===0.720588
INFO:root:epoch:234 train_eval_loss-->0.384636,train_acc-->1.000000,test_eval_loss-->1.603545,test_acc===0.725490
INFO:root:epoch:235 train_eval_loss-->0.362761,train_acc-->1.000000,test_eval_loss-->1.599622,test_acc===0.735294
INFO:root:epoch:236 train_eval_loss-->0.350210,train_acc-->1.000000,test_eval_loss-->1.589476,test_acc===0.730392
INFO:root:epoch:237 train_eval_loss-->0.301757,train_acc-->1.000000,test_eval_loss-->1.595912,test_acc===0.715686
INFO:root:epoch:238 train_eval_loss-->0.291481,train_acc-->1.000000,test_eval_loss-->1.576953,test_acc===0.740196
INFO:root:epoch:239 train_eval_loss-->0.264139,train_acc-->1.000000,test_eval_loss-->1.582053,test_acc===0.720588
INFO:root:epoch:240 train_eval_loss-->0.263170,train_acc-->1.000000,test_eval_loss-->1.573050,test_acc===0.745098
INFO:root:epoch:241 train_eval_loss-->0.251698,train_acc-->1.000000,test_eval_loss-->1.588958,test_acc===0.730392
INFO:root:epoch:242 train_eval_loss-->0.223905,train_acc-->1.000000,test_eval_loss-->1.587034,test_acc===0.710784
INFO:root:epoch:243 train_eval_loss-->0.224786,train_acc-->1.000000,test_eval_loss-->1.584574,test_acc===0.745098
INFO:root:epoch:244 train_eval_loss-->0.213478,train_acc-->1.000000,test_eval_loss-->1.576709,test_acc===0.745098
INFO:root:epoch:245 train_eval_loss-->0.205146,train_acc-->1.000000,test_eval_loss-->1.576484,test_acc===0.740196
INFO:root:epoch:246 train_eval_loss-->0.197854,train_acc-->1.000000,test_eval_loss-->1.572963,test_acc===0.735294
INFO:root:epoch:247 train_eval_loss-->0.188047,train_acc-->1.000000,test_eval_loss-->1.575780,test_acc===0.740196
INFO:root:epoch:248 train_eval_loss-->0.186230,train_acc-->1.000000,test_eval_loss-->1.573829,test_acc===0.745098
INFO:root:epoch:249 train_eval_loss-->0.184644,train_acc-->1.000000,test_eval_loss-->1.571077,test_acc===0.740196
INFO:root:epoch:250 train_eval_loss-->0.189295,train_acc-->1.000000,test_eval_loss-->1.573286,test_acc===0.740196
INFO:root:epoch:251 train_eval_loss-->0.189836,train_acc-->1.000000,test_eval_loss-->1.571116,test_acc===0.735294
INFO:root:epoch:252 train_eval_loss-->0.187049,train_acc-->1.000000,test_eval_loss-->1.578833,test_acc===0.730392
INFO:root:epoch:253 train_eval_loss-->0.180467,train_acc-->1.000000,test_eval_loss-->1.577663,test_acc===0.735294
INFO:root:epoch:254 train_eval_loss-->0.184699,train_acc-->1.000000,test_eval_loss-->1.581235,test_acc===0.735294
INFO:root:epoch:255 train_eval_loss-->0.187507,train_acc-->1.000000,test_eval_loss-->1.572212,test_acc===0.745098
INFO:root:epoch:256 train_eval_loss-->0.189734,train_acc-->1.000000,test_eval_loss-->1.573308,test_acc===0.740196
INFO:root:epoch:257 train_eval_loss-->0.193925,train_acc-->1.000000,test_eval_loss-->1.574985,test_acc===0.730392
INFO:root:epoch:258 train_eval_loss-->0.197802,train_acc-->1.000000,test_eval_loss-->1.586194,test_acc===0.745098
INFO:root:epoch:259 train_eval_loss-->0.212359,train_acc-->1.000000,test_eval_loss-->1.570644,test_acc===0.740196
INFO:root:epoch:260 train_eval_loss-->0.214836,train_acc-->1.000000,test_eval_loss-->1.585801,test_acc===0.740196
INFO:root:epoch:261 train_eval_loss-->0.235123,train_acc-->1.000000,test_eval_loss-->1.578545,test_acc===0.735294
INFO:root:epoch:262 train_eval_loss-->0.236254,train_acc-->1.000000,test_eval_loss-->1.585830,test_acc===0.730392
INFO:root:epoch:263 train_eval_loss-->0.264434,train_acc-->1.000000,test_eval_loss-->1.607794,test_acc===0.710784
INFO:root:epoch:264 train_eval_loss-->0.275007,train_acc-->1.000000,test_eval_loss-->1.585264,test_acc===0.745098
INFO:root:epoch:265 train_eval_loss-->0.298293,train_acc-->1.000000,test_eval_loss-->1.592371,test_acc===0.720588
INFO:root:epoch:266 train_eval_loss-->0.334750,train_acc-->1.000000,test_eval_loss-->1.626758,test_acc===0.705882
INFO:root:epoch:267 train_eval_loss-->0.355248,train_acc-->1.000000,test_eval_loss-->1.605338,test_acc===0.725490
INFO:root:epoch:268 train_eval_loss-->0.363581,train_acc-->1.000000,test_eval_loss-->1.618990,test_acc===0.700980
INFO:root:epoch:269 train_eval_loss-->0.449502,train_acc-->1.000000,test_eval_loss-->1.590757,test_acc===0.725490
INFO:root:epoch:270 train_eval_loss-->0.473232,train_acc-->0.998525,test_eval_loss-->1.644723,test_acc===0.705882
INFO:root:epoch:271 train_eval_loss-->0.486357,train_acc-->0.997050,test_eval_loss-->1.604099,test_acc===0.730392
INFO:root:epoch:272 train_eval_loss-->0.583784,train_acc-->1.000000,test_eval_loss-->1.689962,test_acc===0.696078
INFO:root:epoch:273 train_eval_loss-->0.649258,train_acc-->0.991150,test_eval_loss-->1.732098,test_acc===0.681373
INFO:root:epoch:274 train_eval_loss-->0.603207,train_acc-->1.000000,test_eval_loss-->1.662893,test_acc===0.647059
INFO:root:epoch:275 train_eval_loss-->0.721557,train_acc-->0.988201,test_eval_loss-->1.746815,test_acc===0.656863
INFO:root:epoch:276 train_eval_loss-->0.696317,train_acc-->0.988201,test_eval_loss-->1.745999,test_acc===0.691176
INFO:root:epoch:277 train_eval_loss-->0.725727,train_acc-->0.986726,test_eval_loss-->1.707628,test_acc===0.681373
INFO:root:epoch:278 train_eval_loss-->0.773050,train_acc-->0.997050,test_eval_loss-->1.830997,test_acc===0.632353
INFO:root:epoch:279 train_eval_loss-->0.819212,train_acc-->0.974926,test_eval_loss-->1.749374,test_acc===0.661765
INFO:root:epoch:280 train_eval_loss-->0.785199,train_acc-->0.988201,test_eval_loss-->1.758721,test_acc===0.632353
INFO:root:epoch:281 train_eval_loss-->0.749526,train_acc-->0.992625,test_eval_loss-->1.628106,test_acc===0.715686
INFO:root:epoch:282 train_eval_loss-->0.737107,train_acc-->0.983776,test_eval_loss-->1.753030,test_acc===0.632353
INFO:root:epoch:283 train_eval_loss-->0.811131,train_acc-->0.989676,test_eval_loss-->1.643274,test_acc===0.715686
INFO:root:epoch:284 train_eval_loss-->0.772243,train_acc-->0.989676,test_eval_loss-->1.710838,test_acc===0.676471
INFO:root:epoch:285 train_eval_loss-->0.830445,train_acc-->0.988201,test_eval_loss-->1.822493,test_acc===0.607843
INFO:root:epoch:286 train_eval_loss-->0.867085,train_acc-->0.979351,test_eval_loss-->1.791981,test_acc===0.661765
INFO:root:epoch:287 train_eval_loss-->0.885743,train_acc-->0.977876,test_eval_loss-->1.804596,test_acc===0.651961
INFO:root:epoch:288 train_eval_loss-->0.968700,train_acc-->0.982301,test_eval_loss-->1.813036,test_acc===0.632353
INFO:root:epoch:289 train_eval_loss-->0.884324,train_acc-->0.986726,test_eval_loss-->1.944520,test_acc===0.563725
INFO:root:epoch:290 train_eval_loss-->0.899785,train_acc-->0.961652,test_eval_loss-->1.768651,test_acc===0.637255
INFO:root:epoch:291 train_eval_loss-->0.933684,train_acc-->0.955752,test_eval_loss-->1.855828,test_acc===0.632353
INFO:root:epoch:292 train_eval_loss-->0.952605,train_acc-->0.977876,test_eval_loss-->1.859404,test_acc===0.588235
INFO:root:epoch:293 train_eval_loss-->1.045641,train_acc-->0.951327,test_eval_loss-->1.920804,test_acc===0.612745
INFO:root:epoch:294 train_eval_loss-->1.008948,train_acc-->0.961652,test_eval_loss-->1.965265,test_acc===0.558824
INFO:root:epoch:295 train_eval_loss-->1.016370,train_acc-->0.963127,test_eval_loss-->1.820749,test_acc===0.622549
INFO:root:epoch:296 train_eval_loss-->0.982232,train_acc-->0.963127,test_eval_loss-->1.935143,test_acc===0.612745
INFO:root:epoch:297 train_eval_loss-->0.981877,train_acc-->0.958702,test_eval_loss-->1.852042,test_acc===0.642157
INFO:root:epoch:298 train_eval_loss-->1.013451,train_acc-->0.973451,test_eval_loss-->1.835903,test_acc===0.642157
INFO:root:epoch:299 train_eval_loss-->0.936615,train_acc-->0.974926,test_eval_loss-->1.658823,test_acc===0.700980
INFO:root:epoch:300 train_eval_loss-->0.882306,train_acc-->0.979351,test_eval_loss-->1.943443,test_acc===0.578431
INFO:root:epoch:301 train_eval_loss-->0.944189,train_acc-->0.976401,test_eval_loss-->1.752862,test_acc===0.696078
INFO:root:epoch:302 train_eval_loss-->0.862478,train_acc-->0.988201,test_eval_loss-->1.693543,test_acc===0.676471
INFO:root:epoch:303 train_eval_loss-->0.942345,train_acc-->0.971976,test_eval_loss-->1.886527,test_acc===0.553922
INFO:root:epoch:304 train_eval_loss-->0.943248,train_acc-->0.971976,test_eval_loss-->1.748903,test_acc===0.656863
INFO:root:epoch:305 train_eval_loss-->0.949077,train_acc-->0.966077,test_eval_loss-->1.819994,test_acc===0.593137
INFO:root:epoch:306 train_eval_loss-->0.906964,train_acc-->0.966077,test_eval_loss-->1.787949,test_acc===0.661765
INFO:root:epoch:307 train_eval_loss-->0.951249,train_acc-->0.973451,test_eval_loss-->1.823409,test_acc===0.617647
INFO:root:epoch:308 train_eval_loss-->0.924791,train_acc-->0.980826,test_eval_loss-->1.773001,test_acc===0.651961
INFO:root:epoch:309 train_eval_loss-->0.858871,train_acc-->0.977876,test_eval_loss-->1.764628,test_acc===0.666667
INFO:root:epoch:310 train_eval_loss-->0.897316,train_acc-->0.976401,test_eval_loss-->1.747406,test_acc===0.681373
INFO:root:epoch:311 train_eval_loss-->0.868262,train_acc-->0.983776,test_eval_loss-->1.727707,test_acc===0.666667
INFO:root:epoch:312 train_eval_loss-->0.775012,train_acc-->0.994100,test_eval_loss-->1.761180,test_acc===0.661765
INFO:root:epoch:313 train_eval_loss-->0.925011,train_acc-->0.977876,test_eval_loss-->1.836240,test_acc===0.602941
INFO:root:epoch:314 train_eval_loss-->0.838870,train_acc-->0.986726,test_eval_loss-->1.815134,test_acc===0.637255
INFO:root:epoch:315 train_eval_loss-->0.832350,train_acc-->0.979351,test_eval_loss-->1.682005,test_acc===0.715686
INFO:root:epoch:316 train_eval_loss-->0.822281,train_acc-->0.983776,test_eval_loss-->1.686717,test_acc===0.671569
INFO:root:epoch:317 train_eval_loss-->0.768165,train_acc-->1.000000,test_eval_loss-->1.681970,test_acc===0.686275
INFO:root:epoch:318 train_eval_loss-->0.790481,train_acc-->0.982301,test_eval_loss-->1.637176,test_acc===0.715686
INFO:root:epoch:319 train_eval_loss-->0.614935,train_acc-->0.994100,test_eval_loss-->1.677573,test_acc===0.686275
INFO:root:epoch:320 train_eval_loss-->0.651155,train_acc-->0.992625,test_eval_loss-->1.658389,test_acc===0.696078
INFO:root:epoch:321 train_eval_loss-->0.638675,train_acc-->1.000000,test_eval_loss-->1.723897,test_acc===0.666667
INFO:root:epoch:322 train_eval_loss-->0.601803,train_acc-->0.997050,test_eval_loss-->1.616238,test_acc===0.710784
INFO:root:epoch:323 train_eval_loss-->0.531817,train_acc-->0.998525,test_eval_loss-->1.661008,test_acc===0.705882
INFO:root:epoch:324 train_eval_loss-->0.540238,train_acc-->0.997050,test_eval_loss-->1.641935,test_acc===0.710784
INFO:root:epoch:325 train_eval_loss-->0.502093,train_acc-->0.998525,test_eval_loss-->1.640984,test_acc===0.696078
INFO:root:epoch:326 train_eval_loss-->0.504403,train_acc-->0.997050,test_eval_loss-->1.647310,test_acc===0.715686
INFO:root:epoch:327 train_eval_loss-->0.490276,train_acc-->0.995575,test_eval_loss-->1.673403,test_acc===0.696078
INFO:root:epoch:328 train_eval_loss-->0.458117,train_acc-->0.997050,test_eval_loss-->1.660839,test_acc===0.700980
INFO:root:epoch:329 train_eval_loss-->0.436157,train_acc-->1.000000,test_eval_loss-->1.604033,test_acc===0.735294
INFO:root:epoch:330 train_eval_loss-->0.399286,train_acc-->1.000000,test_eval_loss-->1.599933,test_acc===0.710784
INFO:root:epoch:331 train_eval_loss-->0.350527,train_acc-->1.000000,test_eval_loss-->1.610024,test_acc===0.720588
INFO:root:epoch:332 train_eval_loss-->0.317963,train_acc-->1.000000,test_eval_loss-->1.595614,test_acc===0.720588
INFO:root:epoch:333 train_eval_loss-->0.285343,train_acc-->1.000000,test_eval_loss-->1.582641,test_acc===0.735294
INFO:root:epoch:334 train_eval_loss-->0.277287,train_acc-->1.000000,test_eval_loss-->1.572200,test_acc===0.754902
INFO:root:epoch:335 train_eval_loss-->0.261100,train_acc-->1.000000,test_eval_loss-->1.612273,test_acc===0.730392
INFO:root:epoch:336 train_eval_loss-->0.284061,train_acc-->1.000000,test_eval_loss-->1.581317,test_acc===0.735294
INFO:root:epoch:337 train_eval_loss-->0.252037,train_acc-->1.000000,test_eval_loss-->1.599502,test_acc===0.725490
INFO:root:epoch:338 train_eval_loss-->0.215736,train_acc-->1.000000,test_eval_loss-->1.574452,test_acc===0.735294
INFO:root:epoch:339 train_eval_loss-->0.201744,train_acc-->1.000000,test_eval_loss-->1.575272,test_acc===0.735294
INFO:root:epoch:340 train_eval_loss-->0.192941,train_acc-->1.000000,test_eval_loss-->1.578511,test_acc===0.735294
INFO:root:epoch:341 train_eval_loss-->0.178389,train_acc-->1.000000,test_eval_loss-->1.573046,test_acc===0.740196
INFO:root:epoch:342 train_eval_loss-->0.168128,train_acc-->1.000000,test_eval_loss-->1.580259,test_acc===0.740196
INFO:root:epoch:343 train_eval_loss-->0.163886,train_acc-->1.000000,test_eval_loss-->1.573496,test_acc===0.745098
INFO:root:epoch:344 train_eval_loss-->0.153626,train_acc-->1.000000,test_eval_loss-->1.570766,test_acc===0.740196
INFO:root:epoch:345 train_eval_loss-->0.149850,train_acc-->1.000000,test_eval_loss-->1.576905,test_acc===0.740196
INFO:root:epoch:346 train_eval_loss-->0.134870,train_acc-->1.000000,test_eval_loss-->1.578128,test_acc===0.740196
INFO:root:epoch:347 train_eval_loss-->0.134990,train_acc-->1.000000,test_eval_loss-->1.574913,test_acc===0.745098
INFO:root:epoch:348 train_eval_loss-->0.135416,train_acc-->1.000000,test_eval_loss-->1.569724,test_acc===0.745098
INFO:root:epoch:349 train_eval_loss-->0.135617,train_acc-->1.000000,test_eval_loss-->1.577399,test_acc===0.740196
INFO:root:epoch:350 train_eval_loss-->0.138497,train_acc-->1.000000,test_eval_loss-->1.569919,test_acc===0.740196
INFO:root:epoch:351 train_eval_loss-->0.128064,train_acc-->1.000000,test_eval_loss-->1.576654,test_acc===0.740196
INFO:root:epoch:352 train_eval_loss-->0.124417,train_acc-->1.000000,test_eval_loss-->1.571210,test_acc===0.740196
INFO:root:epoch:353 train_eval_loss-->0.127610,train_acc-->1.000000,test_eval_loss-->1.570834,test_acc===0.745098
INFO:root:epoch:354 train_eval_loss-->0.133906,train_acc-->1.000000,test_eval_loss-->1.570693,test_acc===0.745098
INFO:root:epoch:355 train_eval_loss-->0.132221,train_acc-->1.000000,test_eval_loss-->1.574014,test_acc===0.740196
INFO:root:epoch:356 train_eval_loss-->0.137944,train_acc-->1.000000,test_eval_loss-->1.569946,test_acc===0.745098
INFO:root:epoch:357 train_eval_loss-->0.149609,train_acc-->1.000000,test_eval_loss-->1.577119,test_acc===0.735294
INFO:root:epoch:358 train_eval_loss-->0.153585,train_acc-->1.000000,test_eval_loss-->1.578293,test_acc===0.730392
INFO:root:epoch:359 train_eval_loss-->0.154431,train_acc-->1.000000,test_eval_loss-->1.571314,test_acc===0.740196
INFO:root:epoch:360 train_eval_loss-->0.153671,train_acc-->1.000000,test_eval_loss-->1.577394,test_acc===0.740196
INFO:root:epoch:361 train_eval_loss-->0.163875,train_acc-->1.000000,test_eval_loss-->1.570681,test_acc===0.745098
INFO:root:epoch:362 train_eval_loss-->0.177946,train_acc-->1.000000,test_eval_loss-->1.591375,test_acc===0.725490
INFO:root:epoch:363 train_eval_loss-->0.216668,train_acc-->1.000000,test_eval_loss-->1.601459,test_acc===0.715686
INFO:root:epoch:364 train_eval_loss-->0.213208,train_acc-->1.000000,test_eval_loss-->1.581350,test_acc===0.730392
INFO:root:epoch:365 train_eval_loss-->0.231214,train_acc-->1.000000,test_eval_loss-->1.592454,test_acc===0.700980
INFO:root:epoch:366 train_eval_loss-->0.240673,train_acc-->1.000000,test_eval_loss-->1.567566,test_acc===0.740196
INFO:root:epoch:367 train_eval_loss-->0.279103,train_acc-->1.000000,test_eval_loss-->1.600670,test_acc===0.735294
INFO:root:epoch:368 train_eval_loss-->0.303834,train_acc-->1.000000,test_eval_loss-->1.608258,test_acc===0.720588
INFO:root:epoch:369 train_eval_loss-->0.336454,train_acc-->1.000000,test_eval_loss-->1.599296,test_acc===0.740196
INFO:root:epoch:370 train_eval_loss-->0.391895,train_acc-->1.000000,test_eval_loss-->1.680153,test_acc===0.725490
INFO:root:epoch:371 train_eval_loss-->0.435159,train_acc-->0.998525,test_eval_loss-->1.606727,test_acc===0.730392
INFO:root:epoch:372 train_eval_loss-->0.372713,train_acc-->0.998525,test_eval_loss-->1.575624,test_acc===0.740196
INFO:root:epoch:373 train_eval_loss-->0.448003,train_acc-->0.998525,test_eval_loss-->1.727467,test_acc===0.661765
INFO:root:epoch:374 train_eval_loss-->0.506885,train_acc-->0.998525,test_eval_loss-->1.618905,test_acc===0.710784
INFO:root:epoch:375 train_eval_loss-->0.511151,train_acc-->1.000000,test_eval_loss-->1.645088,test_acc===0.715686
INFO:root:epoch:376 train_eval_loss-->0.533927,train_acc-->0.997050,test_eval_loss-->1.660414,test_acc===0.715686
INFO:root:epoch:377 train_eval_loss-->0.573956,train_acc-->1.000000,test_eval_loss-->1.652378,test_acc===0.730392
INFO:root:epoch:378 train_eval_loss-->0.571005,train_acc-->1.000000,test_eval_loss-->1.651670,test_acc===0.745098
INFO:root:epoch:379 train_eval_loss-->0.725396,train_acc-->0.991150,test_eval_loss-->1.718197,test_acc===0.671569
INFO:root:epoch:380 train_eval_loss-->0.680456,train_acc-->0.989676,test_eval_loss-->1.634161,test_acc===0.715686
INFO:root:epoch:381 train_eval_loss-->0.705422,train_acc-->0.991150,test_eval_loss-->1.835920,test_acc===0.583333
INFO:root:epoch:382 train_eval_loss-->0.744943,train_acc-->0.986726,test_eval_loss-->1.645531,test_acc===0.715686
INFO:root:epoch:383 train_eval_loss-->0.673386,train_acc-->0.989676,test_eval_loss-->1.697022,test_acc===0.705882
INFO:root:epoch:384 train_eval_loss-->0.671459,train_acc-->0.994100,test_eval_loss-->1.714596,test_acc===0.705882
INFO:root:epoch:385 train_eval_loss-->0.811725,train_acc-->0.980826,test_eval_loss-->1.739499,test_acc===0.686275
INFO:root:epoch:386 train_eval_loss-->0.783030,train_acc-->0.997050,test_eval_loss-->1.730936,test_acc===0.676471
INFO:root:epoch:387 train_eval_loss-->0.837042,train_acc-->0.994100,test_eval_loss-->1.831223,test_acc===0.598039
INFO:root:epoch:388 train_eval_loss-->0.840790,train_acc-->0.989676,test_eval_loss-->1.821210,test_acc===0.651961
INFO:root:epoch:389 train_eval_loss-->0.825901,train_acc-->0.991150,test_eval_loss-->1.706853,test_acc===0.705882
INFO:root:epoch:390 train_eval_loss-->0.761729,train_acc-->0.983776,test_eval_loss-->1.775879,test_acc===0.647059
INFO:root:epoch:391 train_eval_loss-->0.878729,train_acc-->0.971976,test_eval_loss-->1.751919,test_acc===0.676471
INFO:root:epoch:392 train_eval_loss-->0.775838,train_acc-->0.986726,test_eval_loss-->1.833970,test_acc===0.632353
INFO:root:epoch:393 train_eval_loss-->0.929219,train_acc-->0.976401,test_eval_loss-->1.972471,test_acc===0.573529
INFO:root:epoch:394 train_eval_loss-->1.010941,train_acc-->0.955752,test_eval_loss-->1.755750,test_acc===0.681373
INFO:root:epoch:395 train_eval_loss-->0.960953,train_acc-->0.964602,test_eval_loss-->1.720090,test_acc===0.671569
INFO:root:epoch:396 train_eval_loss-->0.784379,train_acc-->0.983776,test_eval_loss-->1.972243,test_acc===0.593137
INFO:root:epoch:397 train_eval_loss-->0.915751,train_acc-->0.983776,test_eval_loss-->1.867283,test_acc===0.598039
INFO:root:epoch:398 train_eval_loss-->0.955824,train_acc-->0.986726,test_eval_loss-->1.820395,test_acc===0.661765
INFO:root:epoch:399 train_eval_loss-->0.969273,train_acc-->0.948378,test_eval_loss-->1.882133,test_acc===0.602941
INFO:root:epoch:400 train_eval_loss-->0.798297,train_acc-->0.989676,test_eval_loss-->1.669053,test_acc===0.710784
INFO:root:epoch:401 train_eval_loss-->0.841528,train_acc-->0.976401,test_eval_loss-->1.775252,test_acc===0.642157
INFO:root:epoch:402 train_eval_loss-->0.838065,train_acc-->0.979351,test_eval_loss-->1.614453,test_acc===0.700980
INFO:root:epoch:403 train_eval_loss-->0.843726,train_acc-->0.983776,test_eval_loss-->1.705466,test_acc===0.710784
INFO:root:epoch:404 train_eval_loss-->0.737669,train_acc-->0.989676,test_eval_loss-->1.736647,test_acc===0.691176
INFO:root:epoch:405 train_eval_loss-->0.750412,train_acc-->0.989676,test_eval_loss-->1.771858,test_acc===0.661765
INFO:root:epoch:406 train_eval_loss-->0.778416,train_acc-->0.979351,test_eval_loss-->1.703224,test_acc===0.637255
INFO:root:epoch:407 train_eval_loss-->0.774152,train_acc-->0.986726,test_eval_loss-->1.832752,test_acc===0.593137
INFO:root:epoch:408 train_eval_loss-->0.762089,train_acc-->0.985251,test_eval_loss-->1.768899,test_acc===0.642157
INFO:root:epoch:409 train_eval_loss-->0.749622,train_acc-->0.985251,test_eval_loss-->1.723588,test_acc===0.681373
INFO:root:epoch:410 train_eval_loss-->0.875587,train_acc-->0.980826,test_eval_loss-->1.992224,test_acc===0.524510
INFO:root:epoch:411 train_eval_loss-->0.821731,train_acc-->0.980826,test_eval_loss-->1.604888,test_acc===0.705882
INFO:root:epoch:412 train_eval_loss-->0.792975,train_acc-->0.989676,test_eval_loss-->1.899305,test_acc===0.598039
INFO:root:epoch:413 train_eval_loss-->0.738977,train_acc-->0.983776,test_eval_loss-->1.738067,test_acc===0.622549
INFO:root:epoch:414 train_eval_loss-->0.655415,train_acc-->0.988201,test_eval_loss-->1.669609,test_acc===0.715686
INFO:root:epoch:415 train_eval_loss-->0.720886,train_acc-->0.989676,test_eval_loss-->1.693926,test_acc===0.691176
INFO:root:epoch:416 train_eval_loss-->0.622432,train_acc-->0.997050,test_eval_loss-->1.737151,test_acc===0.671569
INFO:root:epoch:417 train_eval_loss-->0.644708,train_acc-->0.988201,test_eval_loss-->1.694536,test_acc===0.705882
INFO:root:epoch:418 train_eval_loss-->0.577184,train_acc-->1.000000,test_eval_loss-->1.720972,test_acc===0.666667
INFO:root:epoch:419 train_eval_loss-->0.568927,train_acc-->1.000000,test_eval_loss-->1.690743,test_acc===0.710784
INFO:root:epoch:420 train_eval_loss-->0.584851,train_acc-->0.994100,test_eval_loss-->1.674238,test_acc===0.691176
INFO:root:epoch:421 train_eval_loss-->0.558636,train_acc-->1.000000,test_eval_loss-->1.621031,test_acc===0.700980
INFO:root:epoch:422 train_eval_loss-->0.602172,train_acc-->0.997050,test_eval_loss-->1.650728,test_acc===0.700980
INFO:root:epoch:423 train_eval_loss-->0.524842,train_acc-->1.000000,test_eval_loss-->1.600047,test_acc===0.720588
INFO:root:epoch:424 train_eval_loss-->0.456196,train_acc-->1.000000,test_eval_loss-->1.633261,test_acc===0.705882
INFO:root:epoch:425 train_eval_loss-->0.409297,train_acc-->1.000000,test_eval_loss-->1.615324,test_acc===0.745098
INFO:root:epoch:426 train_eval_loss-->0.374040,train_acc-->0.995575,test_eval_loss-->1.648842,test_acc===0.686275
INFO:root:epoch:427 train_eval_loss-->0.389381,train_acc-->1.000000,test_eval_loss-->1.602605,test_acc===0.735294
INFO:root:epoch:428 train_eval_loss-->0.357413,train_acc-->0.998525,test_eval_loss-->1.620955,test_acc===0.700980
INFO:root:epoch:429 train_eval_loss-->0.319104,train_acc-->1.000000,test_eval_loss-->1.641584,test_acc===0.720588
INFO:root:epoch:430 train_eval_loss-->0.303557,train_acc-->1.000000,test_eval_loss-->1.584837,test_acc===0.759804
INFO:root:epoch:431 train_eval_loss-->0.302871,train_acc-->1.000000,test_eval_loss-->1.593655,test_acc===0.740196
INFO:root:epoch:432 train_eval_loss-->0.280818,train_acc-->1.000000,test_eval_loss-->1.605590,test_acc===0.720588
INFO:root:epoch:433 train_eval_loss-->0.265160,train_acc-->1.000000,test_eval_loss-->1.612415,test_acc===0.730392
INFO:root:epoch:434 train_eval_loss-->0.274082,train_acc-->1.000000,test_eval_loss-->1.604178,test_acc===0.710784
INFO:root:epoch:435 train_eval_loss-->0.245235,train_acc-->1.000000,test_eval_loss-->1.606894,test_acc===0.730392
INFO:root:epoch:436 train_eval_loss-->0.222546,train_acc-->1.000000,test_eval_loss-->1.582833,test_acc===0.735294
INFO:root:epoch:437 train_eval_loss-->0.196599,train_acc-->1.000000,test_eval_loss-->1.583258,test_acc===0.725490
INFO:root:epoch:438 train_eval_loss-->0.191529,train_acc-->1.000000,test_eval_loss-->1.597451,test_acc===0.730392
INFO:root:epoch:439 train_eval_loss-->0.171613,train_acc-->1.000000,test_eval_loss-->1.595256,test_acc===0.735294
INFO:root:epoch:440 train_eval_loss-->0.161608,train_acc-->1.000000,test_eval_loss-->1.590412,test_acc===0.735294
INFO:root:epoch:441 train_eval_loss-->0.141293,train_acc-->1.000000,test_eval_loss-->1.587716,test_acc===0.745098
INFO:root:epoch:442 train_eval_loss-->0.146695,train_acc-->1.000000,test_eval_loss-->1.590214,test_acc===0.735294
INFO:root:epoch:443 train_eval_loss-->0.137345,train_acc-->1.000000,test_eval_loss-->1.591012,test_acc===0.740196
INFO:root:epoch:444 train_eval_loss-->0.127044,train_acc-->1.000000,test_eval_loss-->1.589645,test_acc===0.745098
INFO:root:epoch:445 train_eval_loss-->0.114018,train_acc-->1.000000,test_eval_loss-->1.587262,test_acc===0.745098
INFO:root:epoch:446 train_eval_loss-->0.110596,train_acc-->1.000000,test_eval_loss-->1.587618,test_acc===0.735294
INFO:root:epoch:447 train_eval_loss-->0.103050,train_acc-->1.000000,test_eval_loss-->1.590748,test_acc===0.735294
INFO:root:epoch:448 train_eval_loss-->0.104783,train_acc-->1.000000,test_eval_loss-->1.587450,test_acc===0.745098
INFO:root:epoch:449 train_eval_loss-->0.101386,train_acc-->1.000000,test_eval_loss-->1.586449,test_acc===0.745098
INFO:root:epoch:450 train_eval_loss-->0.100561,train_acc-->1.000000,test_eval_loss-->1.584325,test_acc===0.745098
INFO:root:epoch:451 train_eval_loss-->0.098893,train_acc-->1.000000,test_eval_loss-->1.585553,test_acc===0.735294
INFO:root:epoch:452 train_eval_loss-->0.100581,train_acc-->1.000000,test_eval_loss-->1.584930,test_acc===0.740196
INFO:root:epoch:453 train_eval_loss-->0.104864,train_acc-->1.000000,test_eval_loss-->1.585501,test_acc===0.740196
INFO:root:epoch:454 train_eval_loss-->0.099963,train_acc-->1.000000,test_eval_loss-->1.588443,test_acc===0.740196
INFO:root:epoch:455 train_eval_loss-->0.105391,train_acc-->1.000000,test_eval_loss-->1.582794,test_acc===0.740196
INFO:root:epoch:456 train_eval_loss-->0.105945,train_acc-->1.000000,test_eval_loss-->1.583390,test_acc===0.740196
INFO:root:epoch:457 train_eval_loss-->0.105828,train_acc-->1.000000,test_eval_loss-->1.587906,test_acc===0.740196
INFO:root:epoch:458 train_eval_loss-->0.116224,train_acc-->1.000000,test_eval_loss-->1.582042,test_acc===0.745098
INFO:root:epoch:459 train_eval_loss-->0.121299,train_acc-->1.000000,test_eval_loss-->1.587942,test_acc===0.740196
INFO:root:epoch:460 train_eval_loss-->0.124341,train_acc-->1.000000,test_eval_loss-->1.589991,test_acc===0.740196
INFO:root:epoch:461 train_eval_loss-->0.146137,train_acc-->1.000000,test_eval_loss-->1.597097,test_acc===0.735294
INFO:root:epoch:462 train_eval_loss-->0.155433,train_acc-->1.000000,test_eval_loss-->1.590923,test_acc===0.720588
INFO:root:epoch:463 train_eval_loss-->0.157473,train_acc-->1.000000,test_eval_loss-->1.582730,test_acc===0.715686
INFO:root:epoch:464 train_eval_loss-->0.180379,train_acc-->1.000000,test_eval_loss-->1.592087,test_acc===0.730392
INFO:root:epoch:465 train_eval_loss-->0.214467,train_acc-->1.000000,test_eval_loss-->1.601349,test_acc===0.715686
INFO:root:epoch:466 train_eval_loss-->0.226934,train_acc-->1.000000,test_eval_loss-->1.583097,test_acc===0.735294
INFO:root:epoch:467 train_eval_loss-->0.240422,train_acc-->1.000000,test_eval_loss-->1.589303,test_acc===0.745098
INFO:root:epoch:468 train_eval_loss-->0.258923,train_acc-->1.000000,test_eval_loss-->1.603676,test_acc===0.730392
INFO:root:epoch:469 train_eval_loss-->0.284339,train_acc-->1.000000,test_eval_loss-->1.599272,test_acc===0.725490
INFO:root:epoch:470 train_eval_loss-->0.294951,train_acc-->1.000000,test_eval_loss-->1.603062,test_acc===0.705882
INFO:root:epoch:471 train_eval_loss-->0.332189,train_acc-->1.000000,test_eval_loss-->1.595552,test_acc===0.730392
INFO:root:epoch:472 train_eval_loss-->0.359105,train_acc-->1.000000,test_eval_loss-->1.613790,test_acc===0.710784
INFO:root:epoch:473 train_eval_loss-->0.322704,train_acc-->1.000000,test_eval_loss-->1.595028,test_acc===0.735294
INFO:root:epoch:474 train_eval_loss-->0.345048,train_acc-->1.000000,test_eval_loss-->1.668613,test_acc===0.720588
INFO:root:epoch:475 train_eval_loss-->0.429173,train_acc-->0.998525,test_eval_loss-->1.630412,test_acc===0.705882
INFO:root:epoch:476 train_eval_loss-->0.460887,train_acc-->0.995575,test_eval_loss-->1.703303,test_acc===0.656863
INFO:root:epoch:477 train_eval_loss-->0.548418,train_acc-->0.997050,test_eval_loss-->1.700707,test_acc===0.647059
INFO:root:epoch:478 train_eval_loss-->0.563506,train_acc-->0.986726,test_eval_loss-->1.753418,test_acc===0.612745
INFO:root:epoch:479 train_eval_loss-->0.558678,train_acc-->0.997050,test_eval_loss-->1.633134,test_acc===0.681373
INFO:root:epoch:480 train_eval_loss-->0.547966,train_acc-->0.991150,test_eval_loss-->1.710434,test_acc===0.681373
INFO:root:epoch:481 train_eval_loss-->0.522368,train_acc-->0.992625,test_eval_loss-->1.642504,test_acc===0.720588
INFO:root:epoch:482 train_eval_loss-->0.567468,train_acc-->0.994100,test_eval_loss-->1.745477,test_acc===0.676471
INFO:root:epoch:483 train_eval_loss-->0.545367,train_acc-->0.991150,test_eval_loss-->1.694411,test_acc===0.691176
INFO:root:epoch:484 train_eval_loss-->0.628496,train_acc-->0.997050,test_eval_loss-->1.694536,test_acc===0.671569
INFO:root:epoch:485 train_eval_loss-->0.660951,train_acc-->0.992625,test_eval_loss-->1.672693,test_acc===0.700980
INFO:root:epoch:486 train_eval_loss-->0.629225,train_acc-->1.000000,test_eval_loss-->1.695709,test_acc===0.720588
INFO:root:epoch:487 train_eval_loss-->0.611212,train_acc-->1.000000,test_eval_loss-->1.881010,test_acc===0.588235
INFO:root:epoch:488 train_eval_loss-->0.804277,train_acc-->0.983776,test_eval_loss-->1.730487,test_acc===0.651961
INFO:root:epoch:489 train_eval_loss-->0.774678,train_acc-->0.988201,test_eval_loss-->1.771091,test_acc===0.617647
INFO:root:epoch:490 train_eval_loss-->0.922022,train_acc-->0.974926,test_eval_loss-->1.769921,test_acc===0.666667
INFO:root:epoch:491 train_eval_loss-->0.824516,train_acc-->0.983776,test_eval_loss-->1.808972,test_acc===0.661765
INFO:root:epoch:492 train_eval_loss-->0.788113,train_acc-->0.976401,test_eval_loss-->1.803491,test_acc===0.632353
INFO:root:epoch:493 train_eval_loss-->0.717390,train_acc-->0.989676,test_eval_loss-->1.696441,test_acc===0.705882
INFO:root:epoch:494 train_eval_loss-->0.640159,train_acc-->0.988201,test_eval_loss-->1.667574,test_acc===0.710784
INFO:root:epoch:495 train_eval_loss-->0.676348,train_acc-->0.992625,test_eval_loss-->1.633870,test_acc===0.686275
INFO:root:epoch:496 train_eval_loss-->0.696757,train_acc-->0.989676,test_eval_loss-->1.750530,test_acc===0.666667
INFO:root:epoch:497 train_eval_loss-->0.791142,train_acc-->0.982301,test_eval_loss-->1.813180,test_acc===0.607843
INFO:root:epoch:498 train_eval_loss-->0.783001,train_acc-->0.977876,test_eval_loss-->1.671277,test_acc===0.696078
INFO:root:epoch:499 train_eval_loss-->0.715458,train_acc-->0.989676,test_eval_loss-->1.601998,test_acc===0.730392
INFO:root:epoch:500 train_eval_loss-->0.728864,train_acc-->0.991150,test_eval_loss-->1.988002,test_acc===0.519608
INFO:root:epoch:501 train_eval_loss-->0.897816,train_acc-->0.971976,test_eval_loss-->1.774409,test_acc===0.676471
INFO:root:epoch:502 train_eval_loss-->0.752708,train_acc-->0.994100,test_eval_loss-->1.922889,test_acc===0.544118
INFO:root:epoch:503 train_eval_loss-->0.819938,train_acc-->0.982301,test_eval_loss-->1.758444,test_acc===0.666667
INFO:root:epoch:504 train_eval_loss-->0.764305,train_acc-->0.980826,test_eval_loss-->1.822117,test_acc===0.588235
INFO:root:epoch:505 train_eval_loss-->0.749916,train_acc-->0.980826,test_eval_loss-->1.776425,test_acc===0.656863
INFO:root:epoch:506 train_eval_loss-->0.695862,train_acc-->0.994100,test_eval_loss-->1.904951,test_acc===0.588235
INFO:root:epoch:507 train_eval_loss-->0.821099,train_acc-->0.983776,test_eval_loss-->1.847083,test_acc===0.612745
INFO:root:epoch:508 train_eval_loss-->0.815240,train_acc-->0.985251,test_eval_loss-->1.706862,test_acc===0.671569
INFO:root:epoch:509 train_eval_loss-->0.706470,train_acc-->0.994100,test_eval_loss-->1.726809,test_acc===0.676471
INFO:root:epoch:510 train_eval_loss-->0.787773,train_acc-->0.985251,test_eval_loss-->1.688130,test_acc===0.681373
INFO:root:epoch:511 train_eval_loss-->0.788853,train_acc-->0.989676,test_eval_loss-->1.856318,test_acc===0.642157
INFO:root:epoch:512 train_eval_loss-->0.789892,train_acc-->0.973451,test_eval_loss-->1.954119,test_acc===0.573529
INFO:root:epoch:513 train_eval_loss-->0.818995,train_acc-->0.997050,test_eval_loss-->1.705671,test_acc===0.700980
INFO:root:epoch:514 train_eval_loss-->0.605176,train_acc-->0.994100,test_eval_loss-->1.653242,test_acc===0.730392
INFO:root:epoch:515 train_eval_loss-->0.575823,train_acc-->0.997050,test_eval_loss-->1.694464,test_acc===0.696078
INFO:root:epoch:516 train_eval_loss-->0.571955,train_acc-->0.997050,test_eval_loss-->1.684509,test_acc===0.691176
INFO:root:epoch:517 train_eval_loss-->0.557910,train_acc-->1.000000,test_eval_loss-->1.626137,test_acc===0.705882
INFO:root:epoch:518 train_eval_loss-->0.547036,train_acc-->0.998525,test_eval_loss-->1.615035,test_acc===0.710784
INFO:root:epoch:519 train_eval_loss-->0.488447,train_acc-->1.000000,test_eval_loss-->1.655523,test_acc===0.666667
INFO:root:epoch:520 train_eval_loss-->0.510767,train_acc-->1.000000,test_eval_loss-->1.715049,test_acc===0.686275
INFO:root:epoch:521 train_eval_loss-->0.530225,train_acc-->0.998525,test_eval_loss-->1.670975,test_acc===0.696078
INFO:root:epoch:522 train_eval_loss-->0.466739,train_acc-->0.997050,test_eval_loss-->1.608298,test_acc===0.735294
INFO:root:epoch:523 train_eval_loss-->0.414278,train_acc-->1.000000,test_eval_loss-->1.602938,test_acc===0.725490
INFO:root:epoch:524 train_eval_loss-->0.357003,train_acc-->0.997050,test_eval_loss-->1.614631,test_acc===0.686275
INFO:root:epoch:525 train_eval_loss-->0.398258,train_acc-->1.000000,test_eval_loss-->1.606050,test_acc===0.715686
INFO:root:epoch:526 train_eval_loss-->0.372390,train_acc-->1.000000,test_eval_loss-->1.608870,test_acc===0.735294
INFO:root:epoch:527 train_eval_loss-->0.319252,train_acc-->1.000000,test_eval_loss-->1.611200,test_acc===0.730392
INFO:root:epoch:528 train_eval_loss-->0.322659,train_acc-->0.998525,test_eval_loss-->1.612316,test_acc===0.720588
INFO:root:epoch:529 train_eval_loss-->0.294842,train_acc-->1.000000,test_eval_loss-->1.618593,test_acc===0.710784
INFO:root:epoch:530 train_eval_loss-->0.282560,train_acc-->1.000000,test_eval_loss-->1.589485,test_acc===0.730392
INFO:root:epoch:531 train_eval_loss-->0.312335,train_acc-->1.000000,test_eval_loss-->1.581770,test_acc===0.715686
INFO:root:epoch:532 train_eval_loss-->0.248874,train_acc-->1.000000,test_eval_loss-->1.591669,test_acc===0.725490
INFO:root:epoch:533 train_eval_loss-->0.257379,train_acc-->1.000000,test_eval_loss-->1.585730,test_acc===0.730392
INFO:root:epoch:534 train_eval_loss-->0.224246,train_acc-->1.000000,test_eval_loss-->1.597872,test_acc===0.730392
INFO:root:epoch:535 train_eval_loss-->0.212149,train_acc-->1.000000,test_eval_loss-->1.607769,test_acc===0.700980
INFO:root:epoch:536 train_eval_loss-->0.212881,train_acc-->1.000000,test_eval_loss-->1.592304,test_acc===0.725490
INFO:root:epoch:537 train_eval_loss-->0.186423,train_acc-->1.000000,test_eval_loss-->1.584382,test_acc===0.730392
INFO:root:epoch:538 train_eval_loss-->0.166174,train_acc-->1.000000,test_eval_loss-->1.587671,test_acc===0.730392
INFO:root:epoch:539 train_eval_loss-->0.148832,train_acc-->1.000000,test_eval_loss-->1.591246,test_acc===0.735294
INFO:root:epoch:540 train_eval_loss-->0.135512,train_acc-->1.000000,test_eval_loss-->1.593953,test_acc===0.740196
INFO:root:epoch:541 train_eval_loss-->0.117309,train_acc-->1.000000,test_eval_loss-->1.590713,test_acc===0.730392
INFO:root:epoch:542 train_eval_loss-->0.118080,train_acc-->1.000000,test_eval_loss-->1.582551,test_acc===0.725490
INFO:root:epoch:543 train_eval_loss-->0.107684,train_acc-->1.000000,test_eval_loss-->1.585658,test_acc===0.725490
INFO:root:epoch:544 train_eval_loss-->0.098878,train_acc-->1.000000,test_eval_loss-->1.587336,test_acc===0.730392
INFO:root:epoch:545 train_eval_loss-->0.092580,train_acc-->1.000000,test_eval_loss-->1.584563,test_acc===0.735294
INFO:root:epoch:546 train_eval_loss-->0.093066,train_acc-->1.000000,test_eval_loss-->1.584082,test_acc===0.740196
INFO:root:epoch:547 train_eval_loss-->0.086856,train_acc-->1.000000,test_eval_loss-->1.582458,test_acc===0.730392
INFO:root:epoch:548 train_eval_loss-->0.084344,train_acc-->1.000000,test_eval_loss-->1.578828,test_acc===0.735294
INFO:root:epoch:549 train_eval_loss-->0.082510,train_acc-->1.000000,test_eval_loss-->1.585355,test_acc===0.735294
INFO:root:epoch:550 train_eval_loss-->0.081079,train_acc-->1.000000,test_eval_loss-->1.583366,test_acc===0.735294
INFO:root:epoch:551 train_eval_loss-->0.076972,train_acc-->1.000000,test_eval_loss-->1.583411,test_acc===0.735294
INFO:root:epoch:552 train_eval_loss-->0.081425,train_acc-->1.000000,test_eval_loss-->1.588765,test_acc===0.735294
INFO:root:epoch:553 train_eval_loss-->0.082042,train_acc-->1.000000,test_eval_loss-->1.587629,test_acc===0.735294
INFO:root:epoch:554 train_eval_loss-->0.084722,train_acc-->1.000000,test_eval_loss-->1.585727,test_acc===0.730392
INFO:root:epoch:555 train_eval_loss-->0.083036,train_acc-->1.000000,test_eval_loss-->1.583900,test_acc===0.735294
INFO:root:epoch:556 train_eval_loss-->0.085341,train_acc-->1.000000,test_eval_loss-->1.579022,test_acc===0.725490
INFO:root:epoch:557 train_eval_loss-->0.097688,train_acc-->1.000000,test_eval_loss-->1.583468,test_acc===0.735294
INFO:root:epoch:558 train_eval_loss-->0.100905,train_acc-->1.000000,test_eval_loss-->1.585768,test_acc===0.730392
INFO:root:epoch:559 train_eval_loss-->0.101968,train_acc-->1.000000,test_eval_loss-->1.588851,test_acc===0.735294
INFO:root:epoch:560 train_eval_loss-->0.109008,train_acc-->1.000000,test_eval_loss-->1.593328,test_acc===0.730392
INFO:root:epoch:561 train_eval_loss-->0.126609,train_acc-->1.000000,test_eval_loss-->1.597564,test_acc===0.730392
INFO:root:epoch:562 train_eval_loss-->0.144782,train_acc-->1.000000,test_eval_loss-->1.594397,test_acc===0.720588
INFO:root:epoch:563 train_eval_loss-->0.144329,train_acc-->1.000000,test_eval_loss-->1.588930,test_acc===0.735294
INFO:root:epoch:564 train_eval_loss-->0.152655,train_acc-->1.000000,test_eval_loss-->1.589998,test_acc===0.735294
INFO:root:epoch:565 train_eval_loss-->0.167123,train_acc-->1.000000,test_eval_loss-->1.584655,test_acc===0.735294
INFO:root:epoch:566 train_eval_loss-->0.178745,train_acc-->1.000000,test_eval_loss-->1.593367,test_acc===0.740196
INFO:root:epoch:567 train_eval_loss-->0.186006,train_acc-->1.000000,test_eval_loss-->1.579426,test_acc===0.745098
INFO:root:epoch:568 train_eval_loss-->0.208529,train_acc-->1.000000,test_eval_loss-->1.602416,test_acc===0.715686
INFO:root:epoch:569 train_eval_loss-->0.245797,train_acc-->1.000000,test_eval_loss-->1.593796,test_acc===0.715686
INFO:root:epoch:570 train_eval_loss-->0.318999,train_acc-->1.000000,test_eval_loss-->1.602416,test_acc===0.700980
INFO:root:epoch:571 train_eval_loss-->0.296139,train_acc-->1.000000,test_eval_loss-->1.606657,test_acc===0.735294
INFO:root:epoch:572 train_eval_loss-->0.330588,train_acc-->1.000000,test_eval_loss-->1.627280,test_acc===0.740196
INFO:root:epoch:573 train_eval_loss-->0.334584,train_acc-->1.000000,test_eval_loss-->1.602922,test_acc===0.735294
INFO:root:epoch:574 train_eval_loss-->0.331677,train_acc-->1.000000,test_eval_loss-->1.636124,test_acc===0.700980
INFO:root:epoch:575 train_eval_loss-->0.399174,train_acc-->0.998525,test_eval_loss-->1.664290,test_acc===0.705882
INFO:root:epoch:576 train_eval_loss-->0.427145,train_acc-->1.000000,test_eval_loss-->1.632495,test_acc===0.720588
INFO:root:epoch:577 train_eval_loss-->0.435675,train_acc-->0.998525,test_eval_loss-->1.592322,test_acc===0.710784
INFO:root:epoch:578 train_eval_loss-->0.452943,train_acc-->1.000000,test_eval_loss-->1.679757,test_acc===0.705882
INFO:root:epoch:579 train_eval_loss-->0.553234,train_acc-->0.998525,test_eval_loss-->1.607673,test_acc===0.740196
INFO:root:epoch:580 train_eval_loss-->0.520147,train_acc-->0.997050,test_eval_loss-->1.796060,test_acc===0.622549
INFO:root:epoch:581 train_eval_loss-->0.617810,train_acc-->0.988201,test_eval_loss-->1.658941,test_acc===0.720588
INFO:root:epoch:582 train_eval_loss-->0.528548,train_acc-->0.997050,test_eval_loss-->1.608811,test_acc===0.730392
INFO:root:epoch:583 train_eval_loss-->0.511607,train_acc-->0.997050,test_eval_loss-->1.623676,test_acc===0.720588
INFO:root:epoch:584 train_eval_loss-->0.587197,train_acc-->0.998525,test_eval_loss-->1.615542,test_acc===0.730392
INFO:root:epoch:585 train_eval_loss-->0.599015,train_acc-->0.991150,test_eval_loss-->1.649646,test_acc===0.715686
INFO:root:epoch:586 train_eval_loss-->0.579298,train_acc-->1.000000,test_eval_loss-->1.719486,test_acc===0.676471
INFO:root:epoch:587 train_eval_loss-->0.662058,train_acc-->0.991150,test_eval_loss-->1.654668,test_acc===0.740196
INFO:root:epoch:588 train_eval_loss-->0.631024,train_acc-->0.998525,test_eval_loss-->1.706698,test_acc===0.651961
INFO:root:epoch:589 train_eval_loss-->0.674486,train_acc-->0.997050,test_eval_loss-->1.731149,test_acc===0.691176
INFO:root:epoch:590 train_eval_loss-->0.670086,train_acc-->0.986726,test_eval_loss-->1.612431,test_acc===0.700980
INFO:root:epoch:591 train_eval_loss-->0.659781,train_acc-->0.991150,test_eval_loss-->1.763146,test_acc===0.651961
INFO:root:epoch:592 train_eval_loss-->0.759163,train_acc-->0.983776,test_eval_loss-->1.651104,test_acc===0.710784
INFO:root:epoch:593 train_eval_loss-->0.682737,train_acc-->0.995575,test_eval_loss-->1.679322,test_acc===0.696078
INFO:root:epoch:594 train_eval_loss-->0.685351,train_acc-->0.991150,test_eval_loss-->1.655455,test_acc===0.691176
INFO:root:epoch:595 train_eval_loss-->0.782692,train_acc-->0.989676,test_eval_loss-->1.860090,test_acc===0.647059
INFO:root:epoch:596 train_eval_loss-->0.798016,train_acc-->0.988201,test_eval_loss-->1.901661,test_acc===0.588235
INFO:root:epoch:597 train_eval_loss-->0.771924,train_acc-->0.977876,test_eval_loss-->1.680652,test_acc===0.686275
INFO:root:epoch:598 train_eval_loss-->0.735092,train_acc-->0.992625,test_eval_loss-->1.727473,test_acc===0.671569
INFO:root:epoch:599 train_eval_loss-->0.686131,train_acc-->0.986726,test_eval_loss-->1.666566,test_acc===0.700980
INFO:root:epoch:600 train_eval_loss-->0.619009,train_acc-->0.992625,test_eval_loss-->1.641523,test_acc===0.715686
INFO:root:epoch:601 train_eval_loss-->0.704284,train_acc-->0.992625,test_eval_loss-->1.710598,test_acc===0.681373
INFO:root:epoch:602 train_eval_loss-->0.842574,train_acc-->0.982301,test_eval_loss-->1.773221,test_acc===0.661765
INFO:root:epoch:603 train_eval_loss-->0.649158,train_acc-->0.991150,test_eval_loss-->1.661412,test_acc===0.705882
INFO:root:epoch:604 train_eval_loss-->0.743682,train_acc-->0.982301,test_eval_loss-->1.664847,test_acc===0.671569
INFO:root:epoch:605 train_eval_loss-->0.640638,train_acc-->0.992625,test_eval_loss-->1.762335,test_acc===0.666667
INFO:root:epoch:606 train_eval_loss-->0.651416,train_acc-->0.995575,test_eval_loss-->1.606337,test_acc===0.740196
INFO:root:epoch:607 train_eval_loss-->0.657875,train_acc-->0.995575,test_eval_loss-->1.720521,test_acc===0.681373
INFO:root:epoch:608 train_eval_loss-->0.693231,train_acc-->0.989676,test_eval_loss-->1.722288,test_acc===0.671569
INFO:root:epoch:609 train_eval_loss-->0.677938,train_acc-->1.000000,test_eval_loss-->1.621299,test_acc===0.700980
INFO:root:epoch:610 train_eval_loss-->0.606392,train_acc-->0.992625,test_eval_loss-->1.736975,test_acc===0.681373
INFO:root:epoch:611 train_eval_loss-->0.593692,train_acc-->0.994100,test_eval_loss-->1.616529,test_acc===0.710784
INFO:root:epoch:612 train_eval_loss-->0.566871,train_acc-->1.000000,test_eval_loss-->1.651067,test_acc===0.735294
INFO:root:epoch:613 train_eval_loss-->0.578254,train_acc-->0.995575,test_eval_loss-->1.706250,test_acc===0.666667
