2023-12-15 08:30:43 - #----------Config info----------#
2023-12-15 08:30:43 - network: Pointneted_plus,
2023-12-15 08:30:43 - pre_net: None,
2023-12-15 08:30:43 - data_path: /media/yxz/新加卷/teeth_ct_points/CT3Dpoints/,
2023-12-15 08:30:43 - label_path: /media/yxz/新加卷/teeth_ct_points/CT3Dpoints/三维坐标表格.xlsx,
2023-12-15 08:30:43 - pretrained_path: ./pre_trained/,
2023-12-15 08:30:43 - cfg: [32, 64, 96, 128, 256, 128, 256, 128, 64, 32, 16],
2023-12-15 08:30:43 - label_num: [0, 1, 10, 11, 14, 19],
2023-12-15 08:30:43 - num_classes: 6,
2023-12-15 08:30:43 - input_size_h: 512,
2023-12-15 08:30:43 - input_size_w: 512,
2023-12-15 08:30:43 - input_channels: 64,
2023-12-15 08:30:43 - distributed: False,
2023-12-15 08:30:43 - local_rank: -1,
2023-12-15 08:30:43 - num_workers: 4,
2023-12-15 08:30:43 - seed: 42,
2023-12-15 08:30:43 - world_size: None,
2023-12-15 08:30:43 - rank: None,
2023-12-15 08:30:43 - amp: False,
2023-12-15 08:30:43 - l2_lambda: 0.0,
2023-12-15 08:30:43 - gpu_id: 0,
2023-12-15 08:30:43 - batch_size: 4,
2023-12-15 08:30:43 - val_bs: 1,
2023-12-15 08:30:43 - epochs: 800,
2023-12-15 08:30:43 - deep_supervision: False,
2023-12-15 08:30:43 - tailadd: True,
2023-12-15 08:30:43 - threshold: 8.660254037844387,
2023-12-15 08:30:43 - rand_data: False,
2023-12-15 08:30:43 - mean_common: False,
2023-12-15 08:30:43 - horizontal_flip: True,
2023-12-15 08:30:43 - Dynamic_regularization: False,
2023-12-15 08:30:43 - train_mean: [38.167084, 36.47113, 35.658463, 34.7275, 34.397972, 34.392757, 33.96709, 34.126865, 34.28234, 33.729267, 32.7962, 32.064926, 31.681631, 31.124203, 30.844501, 31.361849, 32.73974, 34.215652, 36.648277, 38.611458, 40.539837, 42.120747, 43.28669, 44.45494, 45.614132, 46.21989, 47.45023, 48.500004, 49.44821, 50.419426, 52.140045, 53.649082, 54.722622, 55.427254, 55.996006, 56.55678, 57.03274, 56.78339, 56.16994, 56.052105, 56.084873, 55.73664, 55.51461, 54.455627, 53.19349, 51.708523, 50.496777, 48.39798, 46.618237],
2023-12-15 08:30:43 - train_std: [52.12329, 51.107494, 50.941055, 50.223755, 50.00628, 50.154346, 49.390217, 49.584064, 49.46689, 48.635002, 46.955963, 45.86415, 45.254314, 44.008198, 43.081245, 43.15782, 44.181343, 45.16833, 47.433487, 48.60615, 50.44894, 51.635715, 52.542904, 53.638527, 54.554443, 54.860928, 55.634895, 56.127644, 56.314377, 56.52658, 57.31575, 57.992775, 58.40813, 58.65052, 58.6726, 58.786034, 59.043797, 59.15101, 58.878242, 59.1303, 59.565495, 59.95643, 60.605595, 60.74457, 60.784153, 60.811424, 61.18004, 60.75567, 60.8064],
2023-12-15 08:30:43 - val_mean: [39.743374, 38.122738, 37.19561, 35.71686, 35.202812, 34.790627, 34.621647, 34.678947, 34.44854, 33.327152, 32.52173, 31.267305, 30.603254, 30.013475, 29.536041, 30.480452, 31.952286, 33.71057, 36.010574, 38.201912, 39.313183, 42.94376, 44.53766, 45.518337, 46.94797, 46.58542, 47.49811, 48.238167, 51.026104, 52.292915, 52.69654, 53.169758, 53.87486, 55.697067, 57.654236, 57.586315, 57.758514, 57.174618, 57.736595, 57.24419, 57.544117, 57.37176, 56.43062, 55.96641, 55.325653, 53.10815, 52.179287, 50.27785, 47.04305],
2023-12-15 08:30:43 - val_std: [53.15056, 52.15993, 51.616505, 50.33102, 50.21509, 50.081203, 50.03935, 49.86299, 49.531567, 48.28274, 46.95426, 45.172287, 43.96861, 42.88531, 41.24616, 42.37183, 43.43441, 44.75589, 46.571957, 48.567627, 49.173023, 51.97025, 53.31617, 54.147503, 55.217754, 54.256313, 54.82137, 55.228252, 57.024765, 57.493202, 57.21687, 57.12449, 57.009945, 58.07164, 58.968643, 58.816093, 58.97068, 58.471672, 58.976105, 58.958794, 59.510704, 60.026344, 60.16703, 60.841858, 61.621956, 61.22611, 61.83866, 62.08808, 61.1031],
2023-12-15 08:30:43 - work_dir: results/Pointneted_plus_Friday_15_December_2023_08h_30m_43s/,
2023-12-15 08:30:43 - tensor_size: 0,
2023-12-15 08:30:43 - train_transformer: Compose(
    <utils.myToTensor object at 0x7f12346af340>
    <utils.myResize object at 0x7f115c320190>
),
2023-12-15 08:30:43 - test_transformer: Compose(
    <utils.myToTensor object at 0x7f123466da30>
    <utils.myResize object at 0x7f123466da60>
),
2023-12-15 08:30:43 - opt: AdamW,
2023-12-15 08:30:43 - lr: 0.001,
2023-12-15 08:30:43 - betas: (0.9, 0.999),
2023-12-15 08:30:43 - eps: 1e-08,
2023-12-15 08:30:43 - weight_decay: 0.01,
2023-12-15 08:30:43 - amsgrad: False,
2023-12-15 08:30:43 - sch: CosineAnnealingLR,
2023-12-15 08:30:43 - T_max: 50,
2023-12-15 08:30:43 - eta_min: 1e-05,
2023-12-15 08:30:43 - last_epoch: -1,
INFO:root:train--mean-->[38.167084 36.47113  35.658463 34.7275   34.397972 34.392757 33.96709
 34.126865 34.28234  33.729267 32.7962   32.064926 31.681631 31.124203
 30.844501 31.361849 32.73974  34.215652 36.648277 38.611458 40.539837
 42.120747 43.28669  44.45494  45.614132 46.21989  47.45023  48.500004
 49.44821  50.419426 52.140045 53.649082 54.722622 55.427254 55.996006
 56.55678  57.03274  56.78339  56.16994  56.052105 56.084873 55.73664
 55.51461  54.455627 53.19349  51.708523 50.496777 48.39798  46.618237]
INFO:root:train--std-->[52.12329  51.107494 50.941055 50.223755 50.00628  50.154346 49.390217
 49.584064 49.46689  48.635002 46.955963 45.86415  45.254314 44.008198
 43.081245 43.15782  44.181343 45.16833  47.433487 48.60615  50.44894
 51.635715 52.542904 53.638527 54.554443 54.860928 55.634895 56.127644
 56.314377 56.52658  57.31575  57.992775 58.40813  58.65052  58.6726
 58.786034 59.043797 59.15101  58.878242 59.1303   59.565495 59.95643
 60.605595 60.74457  60.784153 60.811424 61.18004  60.75567  60.8064  ]
INFO:root:val--mean-->[39.743374 38.122738 37.19561  35.71686  35.202812 34.790627 34.621647
 34.678947 34.44854  33.327152 32.52173  31.267305 30.603254 30.013475
 29.536041 30.480452 31.952286 33.71057  36.010574 38.201912 39.313183
 42.94376  44.53766  45.518337 46.94797  46.58542  47.49811  48.238167
 51.026104 52.292915 52.69654  53.169758 53.87486  55.697067 57.654236
 57.586315 57.758514 57.174618 57.736595 57.24419  57.544117 57.37176
 56.43062  55.96641  55.325653 53.10815  52.179287 50.27785  47.04305 ]
INFO:root:val--std-->[53.15056  52.15993  51.616505 50.33102  50.21509  50.081203 50.03935
 49.86299  49.531567 48.28274  46.95426  45.172287 43.96861  42.88531
 41.24616  42.37183  43.43441  44.75589  46.571957 48.567627 49.173023
 51.97025  53.31617  54.147503 55.217754 54.256313 54.82137  55.228252
 57.024765 57.493202 57.21687  57.12449  57.009945 58.07164  58.968643
 58.816093 58.97068  58.471672 58.976105 58.958794 59.510704 60.026344
 60.16703  60.841858 61.621956 61.22611  61.83866  62.08808  61.1031  ]
INFO:root:real_input_channels-->49
INFO:root:epoch:0 train_eval_loss-->6.445912,train_acc-->0.060472,test_eval_loss-->4.474132,test_acc===0.073529
INFO:root:epoch:1 train_eval_loss-->3.479804,train_acc-->0.106195,test_eval_loss-->2.720597,test_acc===0.240196
INFO:root:epoch:2 train_eval_loss-->3.031792,train_acc-->0.137168,test_eval_loss-->2.779404,test_acc===0.230392
INFO:root:epoch:3 train_eval_loss-->3.085739,train_acc-->0.147493,test_eval_loss-->2.800009,test_acc===0.161765
INFO:root:epoch:4 train_eval_loss-->2.867077,train_acc-->0.153392,test_eval_loss-->2.376975,test_acc===0.205882
INFO:root:epoch:5 train_eval_loss-->2.591750,train_acc-->0.209440,test_eval_loss-->2.353882,test_acc===0.259804
INFO:root:epoch:6 train_eval_loss-->2.619468,train_acc-->0.205015,test_eval_loss-->2.752304,test_acc===0.186275
INFO:root:epoch:7 train_eval_loss-->2.427768,train_acc-->0.230088,test_eval_loss-->2.974806,test_acc===0.186275
INFO:root:epoch:8 train_eval_loss-->2.324732,train_acc-->0.237463,test_eval_loss-->2.302658,test_acc===0.348039
INFO:root:epoch:9 train_eval_loss-->2.258696,train_acc-->0.312684,test_eval_loss-->2.617512,test_acc===0.142157
INFO:root:epoch:10 train_eval_loss-->2.140705,train_acc-->0.272861,test_eval_loss-->1.857335,test_acc===0.377451
INFO:root:epoch:11 train_eval_loss-->1.881679,train_acc-->0.405605,test_eval_loss-->1.977962,test_acc===0.367647
INFO:root:epoch:12 train_eval_loss-->1.746548,train_acc-->0.455752,test_eval_loss-->1.779466,test_acc===0.426471
INFO:root:epoch:13 train_eval_loss-->1.685278,train_acc-->0.494100,test_eval_loss-->1.883363,test_acc===0.352941
INFO:root:epoch:14 train_eval_loss-->1.638249,train_acc-->0.491150,test_eval_loss-->2.166500,test_acc===0.294118
INFO:root:epoch:15 train_eval_loss-->1.718830,train_acc-->0.466077,test_eval_loss-->1.997058,test_acc===0.323529
INFO:root:epoch:16 train_eval_loss-->1.640632,train_acc-->0.480826,test_eval_loss-->1.940272,test_acc===0.343137
INFO:root:epoch:17 train_eval_loss-->1.548767,train_acc-->0.542773,test_eval_loss-->1.824685,test_acc===0.421569
INFO:root:epoch:18 train_eval_loss-->1.405272,train_acc-->0.617994,test_eval_loss-->1.522228,test_acc===0.509804
INFO:root:epoch:19 train_eval_loss-->1.407564,train_acc-->0.631268,test_eval_loss-->1.870588,test_acc===0.397059
INFO:root:epoch:20 train_eval_loss-->1.521189,train_acc-->0.547198,test_eval_loss-->1.857595,test_acc===0.377451
INFO:root:epoch:21 train_eval_loss-->1.409857,train_acc-->0.631268,test_eval_loss-->1.477956,test_acc===0.588235
INFO:root:epoch:22 train_eval_loss-->1.266668,train_acc-->0.699115,test_eval_loss-->1.717381,test_acc===0.450980
INFO:root:epoch:23 train_eval_loss-->1.388198,train_acc-->0.625369,test_eval_loss-->1.551080,test_acc===0.475490
INFO:root:epoch:24 train_eval_loss-->1.237025,train_acc-->0.709440,test_eval_loss-->1.473990,test_acc===0.598039
INFO:root:epoch:25 train_eval_loss-->1.259950,train_acc-->0.696165,test_eval_loss-->1.631036,test_acc===0.446078
INFO:root:epoch:26 train_eval_loss-->1.196144,train_acc-->0.758112,test_eval_loss-->1.305385,test_acc===0.686275
INFO:root:epoch:27 train_eval_loss-->1.009794,train_acc-->0.842183,test_eval_loss-->1.543496,test_acc===0.578431
INFO:root:epoch:28 train_eval_loss-->1.151840,train_acc-->0.747788,test_eval_loss-->1.574641,test_acc===0.500000
INFO:root:epoch:29 train_eval_loss-->1.184861,train_acc-->0.731563,test_eval_loss-->1.387756,test_acc===0.607843
INFO:root:epoch:30 train_eval_loss-->1.003505,train_acc-->0.840708,test_eval_loss-->1.417827,test_acc===0.598039
INFO:root:epoch:31 train_eval_loss-->0.977715,train_acc-->0.839233,test_eval_loss-->1.326174,test_acc===0.666667
INFO:root:epoch:32 train_eval_loss-->0.931942,train_acc-->0.862832,test_eval_loss-->1.339981,test_acc===0.647059
INFO:root:epoch:33 train_eval_loss-->0.844760,train_acc-->0.915929,test_eval_loss-->1.273199,test_acc===0.686275
INFO:root:epoch:34 train_eval_loss-->0.784304,train_acc-->0.938053,test_eval_loss-->1.203125,test_acc===0.700980
INFO:root:epoch:35 train_eval_loss-->0.756177,train_acc-->0.929204,test_eval_loss-->1.301266,test_acc===0.666667
INFO:root:epoch:36 train_eval_loss-->0.723653,train_acc-->0.939528,test_eval_loss-->1.262800,test_acc===0.661765
INFO:root:epoch:37 train_eval_loss-->0.738118,train_acc-->0.943953,test_eval_loss-->1.267247,test_acc===0.705882
INFO:root:epoch:38 train_eval_loss-->0.728614,train_acc-->0.960177,test_eval_loss-->1.239820,test_acc===0.681373
INFO:root:epoch:39 train_eval_loss-->0.688108,train_acc-->0.957227,test_eval_loss-->1.235459,test_acc===0.666667
INFO:root:epoch:40 train_eval_loss-->0.672373,train_acc-->0.961652,test_eval_loss-->1.252737,test_acc===0.656863
INFO:root:epoch:41 train_eval_loss-->0.634994,train_acc-->0.958702,test_eval_loss-->1.234992,test_acc===0.696078
INFO:root:epoch:42 train_eval_loss-->0.622154,train_acc-->0.969027,test_eval_loss-->1.205411,test_acc===0.705882
INFO:root:epoch:43 train_eval_loss-->0.616863,train_acc-->0.960177,test_eval_loss-->1.228103,test_acc===0.671569
INFO:root:epoch:44 train_eval_loss-->0.596073,train_acc-->0.970501,test_eval_loss-->1.189169,test_acc===0.720588
INFO:root:epoch:45 train_eval_loss-->0.595996,train_acc-->0.971976,test_eval_loss-->1.205177,test_acc===0.700980
INFO:root:epoch:46 train_eval_loss-->0.566864,train_acc-->0.974926,test_eval_loss-->1.196603,test_acc===0.700980
INFO:root:epoch:47 train_eval_loss-->0.557860,train_acc-->0.977876,test_eval_loss-->1.195319,test_acc===0.715686
INFO:root:epoch:48 train_eval_loss-->0.552277,train_acc-->0.983776,test_eval_loss-->1.191146,test_acc===0.700980
INFO:root:epoch:49 train_eval_loss-->0.538351,train_acc-->0.979351,test_eval_loss-->1.194819,test_acc===0.705882
INFO:root:epoch:50 train_eval_loss-->0.554896,train_acc-->0.974926,test_eval_loss-->1.194635,test_acc===0.705882
INFO:root:epoch:51 train_eval_loss-->0.551930,train_acc-->0.977876,test_eval_loss-->1.193276,test_acc===0.705882
INFO:root:epoch:52 train_eval_loss-->0.530521,train_acc-->0.980826,test_eval_loss-->1.196623,test_acc===0.710784
INFO:root:epoch:53 train_eval_loss-->0.529568,train_acc-->0.979351,test_eval_loss-->1.201107,test_acc===0.720588
INFO:root:epoch:54 train_eval_loss-->0.542116,train_acc-->0.980826,test_eval_loss-->1.190853,test_acc===0.710784
INFO:root:epoch:55 train_eval_loss-->0.548430,train_acc-->0.979351,test_eval_loss-->1.200432,test_acc===0.696078
INFO:root:epoch:56 train_eval_loss-->0.551135,train_acc-->0.977876,test_eval_loss-->1.216444,test_acc===0.696078
INFO:root:epoch:57 train_eval_loss-->0.538765,train_acc-->0.979351,test_eval_loss-->1.215271,test_acc===0.700980
INFO:root:epoch:58 train_eval_loss-->0.541413,train_acc-->0.979351,test_eval_loss-->1.211530,test_acc===0.715686
INFO:root:epoch:59 train_eval_loss-->0.570612,train_acc-->0.973451,test_eval_loss-->1.205500,test_acc===0.681373
INFO:root:epoch:60 train_eval_loss-->0.559310,train_acc-->0.980826,test_eval_loss-->1.264796,test_acc===0.681373
INFO:root:epoch:61 train_eval_loss-->0.601196,train_acc-->0.964602,test_eval_loss-->1.236995,test_acc===0.705882
INFO:root:epoch:62 train_eval_loss-->0.612636,train_acc-->0.976401,test_eval_loss-->1.236182,test_acc===0.671569
INFO:root:epoch:63 train_eval_loss-->0.677460,train_acc-->0.958702,test_eval_loss-->1.457631,test_acc===0.573529
INFO:root:epoch:64 train_eval_loss-->0.775386,train_acc-->0.945428,test_eval_loss-->1.300870,test_acc===0.651961
INFO:root:epoch:65 train_eval_loss-->0.741175,train_acc-->0.948378,test_eval_loss-->1.322972,test_acc===0.637255
INFO:root:epoch:66 train_eval_loss-->0.745419,train_acc-->0.943953,test_eval_loss-->1.252082,test_acc===0.676471
INFO:root:epoch:67 train_eval_loss-->0.755879,train_acc-->0.955752,test_eval_loss-->1.352838,test_acc===0.671569
INFO:root:epoch:68 train_eval_loss-->0.852753,train_acc-->0.907080,test_eval_loss-->1.272517,test_acc===0.651961
INFO:root:epoch:69 train_eval_loss-->0.771948,train_acc-->0.943953,test_eval_loss-->1.401009,test_acc===0.642157
INFO:root:epoch:70 train_eval_loss-->0.853639,train_acc-->0.899705,test_eval_loss-->1.253432,test_acc===0.700980
INFO:root:epoch:71 train_eval_loss-->0.799543,train_acc-->0.918879,test_eval_loss-->1.366715,test_acc===0.627451
INFO:root:epoch:72 train_eval_loss-->0.960317,train_acc-->0.859882,test_eval_loss-->1.423169,test_acc===0.607843
INFO:root:epoch:73 train_eval_loss-->0.959875,train_acc-->0.861357,test_eval_loss-->1.470849,test_acc===0.583333
INFO:root:epoch:74 train_eval_loss-->0.900072,train_acc-->0.892330,test_eval_loss-->1.375556,test_acc===0.632353
INFO:root:epoch:75 train_eval_loss-->0.967213,train_acc-->0.845133,test_eval_loss-->1.450846,test_acc===0.583333
INFO:root:epoch:76 train_eval_loss-->0.985895,train_acc-->0.843658,test_eval_loss-->1.393549,test_acc===0.637255
INFO:root:epoch:77 train_eval_loss-->1.206514,train_acc-->0.709440,test_eval_loss-->1.981272,test_acc===0.259804
INFO:root:epoch:78 train_eval_loss-->1.279744,train_acc-->0.654867,test_eval_loss-->1.504267,test_acc===0.553922
INFO:root:epoch:79 train_eval_loss-->1.145758,train_acc-->0.740413,test_eval_loss-->1.639392,test_acc===0.450980
INFO:root:epoch:80 train_eval_loss-->1.042781,train_acc-->0.789086,test_eval_loss-->1.737369,test_acc===0.446078
INFO:root:epoch:81 train_eval_loss-->1.263046,train_acc-->0.628319,test_eval_loss-->1.900101,test_acc===0.431373
INFO:root:epoch:82 train_eval_loss-->1.115963,train_acc-->0.780236,test_eval_loss-->1.679427,test_acc===0.446078
INFO:root:epoch:83 train_eval_loss-->1.406326,train_acc-->0.572271,test_eval_loss-->1.509197,test_acc===0.553922
INFO:root:epoch:84 train_eval_loss-->1.089891,train_acc-->0.781711,test_eval_loss-->1.354332,test_acc===0.642157
INFO:root:epoch:85 train_eval_loss-->1.055141,train_acc-->0.799410,test_eval_loss-->1.680661,test_acc===0.504902
INFO:root:epoch:86 train_eval_loss-->1.082471,train_acc-->0.806785,test_eval_loss-->1.570639,test_acc===0.549020
INFO:root:epoch:87 train_eval_loss-->1.101827,train_acc-->0.780236,test_eval_loss-->1.911424,test_acc===0.352941
INFO:root:epoch:88 train_eval_loss-->1.120931,train_acc-->0.747788,test_eval_loss-->1.497584,test_acc===0.588235
INFO:root:epoch:89 train_eval_loss-->1.116950,train_acc-->0.762537,test_eval_loss-->1.738877,test_acc===0.475490
INFO:root:epoch:90 train_eval_loss-->1.298573,train_acc-->0.651917,test_eval_loss-->2.622180,test_acc===0.083333
INFO:root:epoch:91 train_eval_loss-->1.393819,train_acc-->0.604720,test_eval_loss-->1.504775,test_acc===0.573529
INFO:root:epoch:92 train_eval_loss-->1.102083,train_acc-->0.787611,test_eval_loss-->1.654895,test_acc===0.431373
INFO:root:epoch:93 train_eval_loss-->1.148195,train_acc-->0.746313,test_eval_loss-->1.721684,test_acc===0.401961
INFO:root:epoch:94 train_eval_loss-->1.045438,train_acc-->0.809735,test_eval_loss-->1.414699,test_acc===0.617647
INFO:root:epoch:95 train_eval_loss-->1.045962,train_acc-->0.814159,test_eval_loss-->1.474733,test_acc===0.573529
INFO:root:epoch:96 train_eval_loss-->0.976524,train_acc-->0.856932,test_eval_loss-->1.507509,test_acc===0.504902
INFO:root:epoch:97 train_eval_loss-->0.911317,train_acc-->0.882006,test_eval_loss-->1.509274,test_acc===0.563725
INFO:root:epoch:98 train_eval_loss-->1.095961,train_acc-->0.792035,test_eval_loss-->1.478386,test_acc===0.612745
INFO:root:epoch:99 train_eval_loss-->1.167939,train_acc-->0.752212,test_eval_loss-->1.778236,test_acc===0.343137
INFO:root:epoch:100 train_eval_loss-->1.119222,train_acc-->0.772861,test_eval_loss-->1.593269,test_acc===0.509804
INFO:root:epoch:101 train_eval_loss-->0.958199,train_acc-->0.848083,test_eval_loss-->1.523204,test_acc===0.583333
INFO:root:epoch:102 train_eval_loss-->0.991768,train_acc-->0.824484,test_eval_loss-->1.541705,test_acc===0.500000
INFO:root:epoch:103 train_eval_loss-->1.101153,train_acc-->0.771386,test_eval_loss-->1.458602,test_acc===0.573529
INFO:root:epoch:104 train_eval_loss-->1.061141,train_acc-->0.808260,test_eval_loss-->1.902852,test_acc===0.406863
INFO:root:epoch:105 train_eval_loss-->1.123288,train_acc-->0.778761,test_eval_loss-->1.466215,test_acc===0.573529
INFO:root:epoch:106 train_eval_loss-->0.861292,train_acc-->0.923304,test_eval_loss-->1.483136,test_acc===0.661765
INFO:root:epoch:107 train_eval_loss-->0.922485,train_acc-->0.871681,test_eval_loss-->1.410299,test_acc===0.656863
INFO:root:epoch:108 train_eval_loss-->0.909657,train_acc-->0.893805,test_eval_loss-->1.446421,test_acc===0.612745
INFO:root:epoch:109 train_eval_loss-->1.009455,train_acc-->0.830383,test_eval_loss-->1.650388,test_acc===0.490196
INFO:root:epoch:110 train_eval_loss-->0.975812,train_acc-->0.851032,test_eval_loss-->1.330966,test_acc===0.642157
INFO:root:epoch:111 train_eval_loss-->0.976342,train_acc-->0.861357,test_eval_loss-->1.358808,test_acc===0.676471
INFO:root:epoch:112 train_eval_loss-->0.847193,train_acc-->0.939528,test_eval_loss-->1.373466,test_acc===0.666667
INFO:root:epoch:113 train_eval_loss-->0.834575,train_acc-->0.927729,test_eval_loss-->1.547217,test_acc===0.544118
INFO:root:epoch:114 train_eval_loss-->0.914665,train_acc-->0.889381,test_eval_loss-->1.381233,test_acc===0.593137
INFO:root:epoch:115 train_eval_loss-->0.818186,train_acc-->0.926254,test_eval_loss-->1.408588,test_acc===0.656863
INFO:root:epoch:116 train_eval_loss-->0.816983,train_acc-->0.933628,test_eval_loss-->1.402836,test_acc===0.656863
INFO:root:epoch:117 train_eval_loss-->0.843433,train_acc-->0.923304,test_eval_loss-->1.340796,test_acc===0.656863
INFO:root:epoch:118 train_eval_loss-->0.708602,train_acc-->0.969027,test_eval_loss-->1.363426,test_acc===0.617647
INFO:root:epoch:119 train_eval_loss-->0.720591,train_acc-->0.948378,test_eval_loss-->1.417822,test_acc===0.622549
INFO:root:epoch:120 train_eval_loss-->0.657458,train_acc-->0.977876,test_eval_loss-->1.509309,test_acc===0.607843
INFO:root:epoch:121 train_eval_loss-->0.707317,train_acc-->0.957227,test_eval_loss-->1.308545,test_acc===0.661765
INFO:root:epoch:122 train_eval_loss-->0.689262,train_acc-->0.966077,test_eval_loss-->1.340858,test_acc===0.661765
INFO:root:epoch:123 train_eval_loss-->0.658082,train_acc-->0.983776,test_eval_loss-->1.281014,test_acc===0.647059
INFO:root:epoch:124 train_eval_loss-->0.611823,train_acc-->0.979351,test_eval_loss-->1.249674,test_acc===0.700980
INFO:root:epoch:125 train_eval_loss-->0.524948,train_acc-->0.985251,test_eval_loss-->1.231257,test_acc===0.730392
INFO:root:epoch:126 train_eval_loss-->0.542359,train_acc-->0.997050,test_eval_loss-->1.240349,test_acc===0.710784
INFO:root:epoch:127 train_eval_loss-->0.576176,train_acc-->0.983776,test_eval_loss-->1.219839,test_acc===0.730392
INFO:root:epoch:128 train_eval_loss-->0.492236,train_acc-->0.994100,test_eval_loss-->1.239819,test_acc===0.676471
INFO:root:epoch:129 train_eval_loss-->0.466739,train_acc-->0.994100,test_eval_loss-->1.227997,test_acc===0.696078
INFO:root:epoch:130 train_eval_loss-->0.447548,train_acc-->0.998525,test_eval_loss-->1.236184,test_acc===0.710784
INFO:root:epoch:131 train_eval_loss-->0.459011,train_acc-->0.997050,test_eval_loss-->1.189783,test_acc===0.745098
INFO:root:epoch:132 train_eval_loss-->0.426528,train_acc-->0.995575,test_eval_loss-->1.215991,test_acc===0.725490
INFO:root:epoch:133 train_eval_loss-->0.417169,train_acc-->0.998525,test_eval_loss-->1.223590,test_acc===0.720588
INFO:root:epoch:134 train_eval_loss-->0.388989,train_acc-->0.997050,test_eval_loss-->1.227095,test_acc===0.710784
INFO:root:epoch:135 train_eval_loss-->0.378830,train_acc-->0.998525,test_eval_loss-->1.207166,test_acc===0.745098
INFO:root:epoch:136 train_eval_loss-->0.347551,train_acc-->0.998525,test_eval_loss-->1.199819,test_acc===0.750000
INFO:root:epoch:137 train_eval_loss-->0.339117,train_acc-->0.997050,test_eval_loss-->1.214800,test_acc===0.750000
INFO:root:epoch:138 train_eval_loss-->0.326569,train_acc-->0.998525,test_eval_loss-->1.212707,test_acc===0.730392
INFO:root:epoch:139 train_eval_loss-->0.304793,train_acc-->1.000000,test_eval_loss-->1.194575,test_acc===0.764706
INFO:root:epoch:140 train_eval_loss-->0.291992,train_acc-->0.998525,test_eval_loss-->1.198184,test_acc===0.740196
INFO:root:epoch:141 train_eval_loss-->0.286849,train_acc-->0.997050,test_eval_loss-->1.193170,test_acc===0.745098
INFO:root:epoch:142 train_eval_loss-->0.274224,train_acc-->0.997050,test_eval_loss-->1.199665,test_acc===0.740196
INFO:root:epoch:143 train_eval_loss-->0.265681,train_acc-->0.998525,test_eval_loss-->1.198672,test_acc===0.745098
INFO:root:epoch:144 train_eval_loss-->0.268786,train_acc-->0.997050,test_eval_loss-->1.202968,test_acc===0.754902
INFO:root:epoch:145 train_eval_loss-->0.260280,train_acc-->1.000000,test_eval_loss-->1.197013,test_acc===0.740196
INFO:root:epoch:146 train_eval_loss-->0.251163,train_acc-->0.997050,test_eval_loss-->1.201515,test_acc===0.740196
INFO:root:epoch:147 train_eval_loss-->0.245364,train_acc-->0.997050,test_eval_loss-->1.195933,test_acc===0.750000
INFO:root:epoch:148 train_eval_loss-->0.242221,train_acc-->0.998525,test_eval_loss-->1.194590,test_acc===0.740196
INFO:root:epoch:149 train_eval_loss-->0.242506,train_acc-->0.998525,test_eval_loss-->1.197861,test_acc===0.750000
INFO:root:epoch:150 train_eval_loss-->0.238396,train_acc-->1.000000,test_eval_loss-->1.197103,test_acc===0.735294
INFO:root:epoch:151 train_eval_loss-->0.241558,train_acc-->0.995575,test_eval_loss-->1.197250,test_acc===0.745098
INFO:root:epoch:152 train_eval_loss-->0.242287,train_acc-->0.998525,test_eval_loss-->1.199471,test_acc===0.745098
INFO:root:epoch:153 train_eval_loss-->0.228158,train_acc-->0.998525,test_eval_loss-->1.197269,test_acc===0.750000
INFO:root:epoch:154 train_eval_loss-->0.250475,train_acc-->0.998525,test_eval_loss-->1.199811,test_acc===0.745098
INFO:root:epoch:155 train_eval_loss-->0.253245,train_acc-->0.997050,test_eval_loss-->1.196304,test_acc===0.750000
INFO:root:epoch:156 train_eval_loss-->0.245317,train_acc-->1.000000,test_eval_loss-->1.208933,test_acc===0.730392
INFO:root:epoch:157 train_eval_loss-->0.260108,train_acc-->1.000000,test_eval_loss-->1.208738,test_acc===0.750000
INFO:root:epoch:158 train_eval_loss-->0.261954,train_acc-->0.997050,test_eval_loss-->1.192628,test_acc===0.745098
INFO:root:epoch:159 train_eval_loss-->0.278951,train_acc-->0.992625,test_eval_loss-->1.204252,test_acc===0.735294
INFO:root:epoch:160 train_eval_loss-->0.265156,train_acc-->0.997050,test_eval_loss-->1.212978,test_acc===0.745098
INFO:root:epoch:161 train_eval_loss-->0.296576,train_acc-->1.000000,test_eval_loss-->1.213712,test_acc===0.740196
INFO:root:epoch:162 train_eval_loss-->0.293256,train_acc-->0.998525,test_eval_loss-->1.202743,test_acc===0.764706
INFO:root:epoch:163 train_eval_loss-->0.286360,train_acc-->1.000000,test_eval_loss-->1.215225,test_acc===0.754902
INFO:root:epoch:164 train_eval_loss-->0.312437,train_acc-->1.000000,test_eval_loss-->1.262695,test_acc===0.691176
INFO:root:epoch:165 train_eval_loss-->0.350683,train_acc-->0.998525,test_eval_loss-->1.203095,test_acc===0.720588
INFO:root:epoch:166 train_eval_loss-->0.329527,train_acc-->0.998525,test_eval_loss-->1.236087,test_acc===0.715686
INFO:root:epoch:167 train_eval_loss-->0.381665,train_acc-->0.998525,test_eval_loss-->1.232669,test_acc===0.681373
INFO:root:epoch:168 train_eval_loss-->0.395998,train_acc-->1.000000,test_eval_loss-->1.243596,test_acc===0.740196
INFO:root:epoch:169 train_eval_loss-->0.420402,train_acc-->0.995575,test_eval_loss-->1.294905,test_acc===0.691176
INFO:root:epoch:170 train_eval_loss-->0.508158,train_acc-->0.991150,test_eval_loss-->1.281195,test_acc===0.696078
INFO:root:epoch:171 train_eval_loss-->0.498287,train_acc-->0.992625,test_eval_loss-->1.315156,test_acc===0.661765
INFO:root:epoch:172 train_eval_loss-->0.535093,train_acc-->0.983776,test_eval_loss-->1.256648,test_acc===0.725490
INFO:root:epoch:173 train_eval_loss-->0.534057,train_acc-->0.991150,test_eval_loss-->1.324586,test_acc===0.661765
INFO:root:epoch:174 train_eval_loss-->0.525228,train_acc-->0.979351,test_eval_loss-->1.253261,test_acc===0.686275
INFO:root:epoch:175 train_eval_loss-->0.624147,train_acc-->0.976401,test_eval_loss-->1.495938,test_acc===0.578431
INFO:root:epoch:176 train_eval_loss-->0.823302,train_acc-->0.933628,test_eval_loss-->1.320760,test_acc===0.647059
INFO:root:epoch:177 train_eval_loss-->0.686678,train_acc-->0.969027,test_eval_loss-->1.335426,test_acc===0.656863
INFO:root:epoch:178 train_eval_loss-->0.648148,train_acc-->0.970501,test_eval_loss-->1.418753,test_acc===0.612745
INFO:root:epoch:179 train_eval_loss-->0.705384,train_acc-->0.955752,test_eval_loss-->1.365128,test_acc===0.617647
INFO:root:epoch:180 train_eval_loss-->0.734629,train_acc-->0.958702,test_eval_loss-->1.404889,test_acc===0.642157
INFO:root:epoch:181 train_eval_loss-->0.755245,train_acc-->0.945428,test_eval_loss-->1.485088,test_acc===0.578431
INFO:root:epoch:182 train_eval_loss-->0.813109,train_acc-->0.933628,test_eval_loss-->1.311084,test_acc===0.661765
INFO:root:epoch:183 train_eval_loss-->0.694280,train_acc-->0.949853,test_eval_loss-->1.407347,test_acc===0.622549
INFO:root:epoch:184 train_eval_loss-->0.695339,train_acc-->0.969027,test_eval_loss-->1.289152,test_acc===0.676471
INFO:root:epoch:185 train_eval_loss-->0.674837,train_acc-->0.966077,test_eval_loss-->1.464994,test_acc===0.539216
INFO:root:epoch:186 train_eval_loss-->0.835023,train_acc-->0.901180,test_eval_loss-->1.377799,test_acc===0.661765
INFO:root:epoch:187 train_eval_loss-->0.832175,train_acc-->0.920354,test_eval_loss-->1.549992,test_acc===0.568627
INFO:root:epoch:188 train_eval_loss-->0.827781,train_acc-->0.927729,test_eval_loss-->1.305395,test_acc===0.720588
INFO:root:epoch:189 train_eval_loss-->0.750983,train_acc-->0.943953,test_eval_loss-->1.457547,test_acc===0.549020
INFO:root:epoch:190 train_eval_loss-->0.829933,train_acc-->0.924779,test_eval_loss-->1.309687,test_acc===0.691176
INFO:root:epoch:191 train_eval_loss-->0.768546,train_acc-->0.939528,test_eval_loss-->1.477454,test_acc===0.598039
INFO:root:epoch:192 train_eval_loss-->0.892082,train_acc-->0.895280,test_eval_loss-->1.471302,test_acc===0.593137
INFO:root:epoch:193 train_eval_loss-->0.889961,train_acc-->0.893805,test_eval_loss-->1.483638,test_acc===0.558824
INFO:root:epoch:194 train_eval_loss-->0.847207,train_acc-->0.914454,test_eval_loss-->1.394071,test_acc===0.647059
INFO:root:epoch:195 train_eval_loss-->0.780040,train_acc-->0.954277,test_eval_loss-->1.407793,test_acc===0.627451
INFO:root:epoch:196 train_eval_loss-->0.963653,train_acc-->0.855457,test_eval_loss-->2.137751,test_acc===0.200980
INFO:root:epoch:197 train_eval_loss-->1.119934,train_acc-->0.744838,test_eval_loss-->1.330054,test_acc===0.647059
INFO:root:epoch:198 train_eval_loss-->0.825304,train_acc-->0.920354,test_eval_loss-->1.612162,test_acc===0.544118
INFO:root:epoch:199 train_eval_loss-->0.883966,train_acc-->0.889381,test_eval_loss-->1.737387,test_acc===0.431373
INFO:root:epoch:200 train_eval_loss-->0.857139,train_acc-->0.936578,test_eval_loss-->1.754253,test_acc===0.406863
INFO:root:epoch:201 train_eval_loss-->0.893348,train_acc-->0.873156,test_eval_loss-->1.345902,test_acc===0.637255
INFO:root:epoch:202 train_eval_loss-->0.752111,train_acc-->0.936578,test_eval_loss-->1.621616,test_acc===0.529412
INFO:root:epoch:203 train_eval_loss-->0.853739,train_acc-->0.893805,test_eval_loss-->1.568753,test_acc===0.558824
INFO:root:epoch:204 train_eval_loss-->0.768575,train_acc-->0.952802,test_eval_loss-->1.530028,test_acc===0.549020
INFO:root:epoch:205 train_eval_loss-->0.785025,train_acc-->0.939528,test_eval_loss-->1.374983,test_acc===0.632353
INFO:root:epoch:206 train_eval_loss-->0.735133,train_acc-->0.967552,test_eval_loss-->1.437411,test_acc===0.588235
INFO:root:epoch:207 train_eval_loss-->0.705504,train_acc-->0.961652,test_eval_loss-->1.404680,test_acc===0.622549
INFO:root:epoch:208 train_eval_loss-->0.709359,train_acc-->0.973451,test_eval_loss-->1.274993,test_acc===0.661765
INFO:root:epoch:209 train_eval_loss-->0.641546,train_acc-->0.971976,test_eval_loss-->1.421553,test_acc===0.637255
INFO:root:epoch:210 train_eval_loss-->0.711637,train_acc-->0.957227,test_eval_loss-->1.253979,test_acc===0.705882
INFO:root:epoch:211 train_eval_loss-->0.619744,train_acc-->0.983776,test_eval_loss-->1.362940,test_acc===0.588235
INFO:root:epoch:212 train_eval_loss-->0.650822,train_acc-->0.964602,test_eval_loss-->1.551699,test_acc===0.504902
INFO:root:epoch:213 train_eval_loss-->0.683349,train_acc-->0.974926,test_eval_loss-->1.429305,test_acc===0.598039
INFO:root:epoch:214 train_eval_loss-->0.703741,train_acc-->0.958702,test_eval_loss-->1.250854,test_acc===0.720588
INFO:root:epoch:215 train_eval_loss-->0.612137,train_acc-->0.969027,test_eval_loss-->1.285883,test_acc===0.676471
INFO:root:epoch:216 train_eval_loss-->0.617646,train_acc-->0.988201,test_eval_loss-->1.360183,test_acc===0.642157
INFO:root:epoch:217 train_eval_loss-->0.661774,train_acc-->0.976401,test_eval_loss-->1.238475,test_acc===0.720588
INFO:root:epoch:218 train_eval_loss-->0.574417,train_acc-->0.982301,test_eval_loss-->1.242247,test_acc===0.700980
INFO:root:epoch:219 train_eval_loss-->0.539607,train_acc-->0.988201,test_eval_loss-->1.289254,test_acc===0.700980
INFO:root:epoch:220 train_eval_loss-->0.506256,train_acc-->0.982301,test_eval_loss-->1.258447,test_acc===0.696078
INFO:root:epoch:221 train_eval_loss-->0.533337,train_acc-->0.992625,test_eval_loss-->1.228702,test_acc===0.715686
INFO:root:epoch:222 train_eval_loss-->0.633153,train_acc-->0.980826,test_eval_loss-->1.306181,test_acc===0.676471
INFO:root:epoch:223 train_eval_loss-->0.474013,train_acc-->0.995575,test_eval_loss-->1.245969,test_acc===0.700980
INFO:root:epoch:224 train_eval_loss-->0.423187,train_acc-->0.991150,test_eval_loss-->1.276170,test_acc===0.676471
INFO:root:epoch:225 train_eval_loss-->0.401278,train_acc-->0.995575,test_eval_loss-->1.230393,test_acc===0.725490
INFO:root:epoch:226 train_eval_loss-->0.395008,train_acc-->0.998525,test_eval_loss-->1.259723,test_acc===0.696078
INFO:root:epoch:227 train_eval_loss-->0.466996,train_acc-->0.998525,test_eval_loss-->1.209200,test_acc===0.710784
INFO:root:epoch:228 train_eval_loss-->0.380279,train_acc-->0.998525,test_eval_loss-->1.254727,test_acc===0.725490
INFO:root:epoch:229 train_eval_loss-->0.350110,train_acc-->0.998525,test_eval_loss-->1.230481,test_acc===0.686275
INFO:root:epoch:230 train_eval_loss-->0.354302,train_acc-->1.000000,test_eval_loss-->1.256030,test_acc===0.676471
INFO:root:epoch:231 train_eval_loss-->0.328946,train_acc-->1.000000,test_eval_loss-->1.234408,test_acc===0.730392
INFO:root:epoch:232 train_eval_loss-->0.288905,train_acc-->1.000000,test_eval_loss-->1.196217,test_acc===0.720588
INFO:root:epoch:233 train_eval_loss-->0.283703,train_acc-->1.000000,test_eval_loss-->1.225277,test_acc===0.710784
INFO:root:epoch:234 train_eval_loss-->0.274338,train_acc-->1.000000,test_eval_loss-->1.219439,test_acc===0.710784
INFO:root:epoch:235 train_eval_loss-->0.267992,train_acc-->1.000000,test_eval_loss-->1.209033,test_acc===0.715686
INFO:root:epoch:236 train_eval_loss-->0.230268,train_acc-->1.000000,test_eval_loss-->1.196263,test_acc===0.735294
INFO:root:epoch:237 train_eval_loss-->0.221038,train_acc-->1.000000,test_eval_loss-->1.203975,test_acc===0.700980
INFO:root:epoch:238 train_eval_loss-->0.215973,train_acc-->1.000000,test_eval_loss-->1.192343,test_acc===0.715686
INFO:root:epoch:239 train_eval_loss-->0.206028,train_acc-->1.000000,test_eval_loss-->1.189774,test_acc===0.720588
INFO:root:epoch:240 train_eval_loss-->0.190321,train_acc-->1.000000,test_eval_loss-->1.198964,test_acc===0.735294
INFO:root:epoch:241 train_eval_loss-->0.180528,train_acc-->1.000000,test_eval_loss-->1.194500,test_acc===0.759804
INFO:root:epoch:242 train_eval_loss-->0.170591,train_acc-->1.000000,test_eval_loss-->1.185680,test_acc===0.764706
INFO:root:epoch:243 train_eval_loss-->0.160808,train_acc-->1.000000,test_eval_loss-->1.192067,test_acc===0.740196
INFO:root:epoch:244 train_eval_loss-->0.159984,train_acc-->1.000000,test_eval_loss-->1.193074,test_acc===0.715686
INFO:root:epoch:245 train_eval_loss-->0.153859,train_acc-->1.000000,test_eval_loss-->1.192509,test_acc===0.735294
INFO:root:epoch:246 train_eval_loss-->0.147087,train_acc-->1.000000,test_eval_loss-->1.194834,test_acc===0.735294
INFO:root:epoch:247 train_eval_loss-->0.140392,train_acc-->1.000000,test_eval_loss-->1.190913,test_acc===0.740196
INFO:root:epoch:248 train_eval_loss-->0.139342,train_acc-->1.000000,test_eval_loss-->1.191017,test_acc===0.740196
INFO:root:epoch:249 train_eval_loss-->0.144843,train_acc-->1.000000,test_eval_loss-->1.190089,test_acc===0.735294
INFO:root:epoch:250 train_eval_loss-->0.137872,train_acc-->1.000000,test_eval_loss-->1.193029,test_acc===0.735294
INFO:root:epoch:251 train_eval_loss-->0.142362,train_acc-->0.997050,test_eval_loss-->1.188296,test_acc===0.745098
INFO:root:epoch:252 train_eval_loss-->0.141544,train_acc-->1.000000,test_eval_loss-->1.191882,test_acc===0.745098
INFO:root:epoch:253 train_eval_loss-->0.134472,train_acc-->1.000000,test_eval_loss-->1.193408,test_acc===0.730392
INFO:root:epoch:254 train_eval_loss-->0.140052,train_acc-->1.000000,test_eval_loss-->1.196245,test_acc===0.745098
INFO:root:epoch:255 train_eval_loss-->0.142975,train_acc-->1.000000,test_eval_loss-->1.192865,test_acc===0.745098
INFO:root:epoch:256 train_eval_loss-->0.144250,train_acc-->1.000000,test_eval_loss-->1.198619,test_acc===0.730392
INFO:root:epoch:257 train_eval_loss-->0.152787,train_acc-->1.000000,test_eval_loss-->1.200124,test_acc===0.725490
INFO:root:epoch:258 train_eval_loss-->0.152147,train_acc-->1.000000,test_eval_loss-->1.193765,test_acc===0.740196
INFO:root:epoch:259 train_eval_loss-->0.162450,train_acc-->1.000000,test_eval_loss-->1.197348,test_acc===0.720588
INFO:root:epoch:260 train_eval_loss-->0.167177,train_acc-->1.000000,test_eval_loss-->1.199143,test_acc===0.745098
INFO:root:epoch:261 train_eval_loss-->0.166211,train_acc-->1.000000,test_eval_loss-->1.196611,test_acc===0.730392
INFO:root:epoch:262 train_eval_loss-->0.174731,train_acc-->1.000000,test_eval_loss-->1.192698,test_acc===0.730392
INFO:root:epoch:263 train_eval_loss-->0.192156,train_acc-->1.000000,test_eval_loss-->1.228973,test_acc===0.696078
INFO:root:epoch:264 train_eval_loss-->0.246482,train_acc-->1.000000,test_eval_loss-->1.199461,test_acc===0.759804
INFO:root:epoch:265 train_eval_loss-->0.241230,train_acc-->1.000000,test_eval_loss-->1.212494,test_acc===0.700980
INFO:root:epoch:266 train_eval_loss-->0.246673,train_acc-->1.000000,test_eval_loss-->1.182481,test_acc===0.735294
INFO:root:epoch:267 train_eval_loss-->0.241565,train_acc-->1.000000,test_eval_loss-->1.212569,test_acc===0.705882
INFO:root:epoch:268 train_eval_loss-->0.255574,train_acc-->1.000000,test_eval_loss-->1.218441,test_acc===0.730392
INFO:root:epoch:269 train_eval_loss-->0.298688,train_acc-->1.000000,test_eval_loss-->1.239009,test_acc===0.696078
INFO:root:epoch:270 train_eval_loss-->0.350035,train_acc-->1.000000,test_eval_loss-->1.230553,test_acc===0.730392
INFO:root:epoch:271 train_eval_loss-->0.342995,train_acc-->0.998525,test_eval_loss-->1.185701,test_acc===0.750000
INFO:root:epoch:272 train_eval_loss-->0.341300,train_acc-->1.000000,test_eval_loss-->1.264715,test_acc===0.700980
INFO:root:epoch:273 train_eval_loss-->0.439609,train_acc-->0.997050,test_eval_loss-->1.235083,test_acc===0.710784
INFO:root:epoch:274 train_eval_loss-->0.400728,train_acc-->0.998525,test_eval_loss-->1.266273,test_acc===0.676471
INFO:root:epoch:275 train_eval_loss-->0.492270,train_acc-->0.992625,test_eval_loss-->1.248950,test_acc===0.705882
INFO:root:epoch:276 train_eval_loss-->0.447715,train_acc-->0.995575,test_eval_loss-->1.243718,test_acc===0.696078
INFO:root:epoch:277 train_eval_loss-->0.429382,train_acc-->0.997050,test_eval_loss-->1.248589,test_acc===0.691176
INFO:root:epoch:278 train_eval_loss-->0.442802,train_acc-->0.991150,test_eval_loss-->1.260762,test_acc===0.696078
INFO:root:epoch:279 train_eval_loss-->0.544903,train_acc-->0.991150,test_eval_loss-->1.434999,test_acc===0.583333
INFO:root:epoch:280 train_eval_loss-->0.561908,train_acc-->0.976401,test_eval_loss-->1.276348,test_acc===0.691176
INFO:root:epoch:281 train_eval_loss-->0.563188,train_acc-->0.988201,test_eval_loss-->1.268688,test_acc===0.710784
INFO:root:epoch:282 train_eval_loss-->0.572847,train_acc-->0.994100,test_eval_loss-->1.252813,test_acc===0.720588
INFO:root:epoch:283 train_eval_loss-->0.584538,train_acc-->0.974926,test_eval_loss-->1.350753,test_acc===0.656863
INFO:root:epoch:284 train_eval_loss-->0.590536,train_acc-->0.982301,test_eval_loss-->1.342549,test_acc===0.622549
INFO:root:epoch:285 train_eval_loss-->0.667191,train_acc-->0.967552,test_eval_loss-->1.415637,test_acc===0.647059
INFO:root:epoch:286 train_eval_loss-->0.697853,train_acc-->0.973451,test_eval_loss-->1.325298,test_acc===0.651961
INFO:root:epoch:287 train_eval_loss-->0.694330,train_acc-->0.946903,test_eval_loss-->1.486784,test_acc===0.617647
INFO:root:epoch:288 train_eval_loss-->0.706801,train_acc-->0.970501,test_eval_loss-->1.362727,test_acc===0.661765
INFO:root:epoch:289 train_eval_loss-->0.754298,train_acc-->0.948378,test_eval_loss-->1.436811,test_acc===0.593137
INFO:root:epoch:290 train_eval_loss-->0.693793,train_acc-->0.949853,test_eval_loss-->1.254049,test_acc===0.700980
INFO:root:epoch:291 train_eval_loss-->0.708673,train_acc-->0.969027,test_eval_loss-->1.304133,test_acc===0.686275
INFO:root:epoch:292 train_eval_loss-->0.758289,train_acc-->0.914454,test_eval_loss-->1.241762,test_acc===0.705882
INFO:root:epoch:293 train_eval_loss-->0.718341,train_acc-->0.955752,test_eval_loss-->1.643126,test_acc===0.470588
INFO:root:epoch:294 train_eval_loss-->0.744440,train_acc-->0.949853,test_eval_loss-->1.313805,test_acc===0.676471
INFO:root:epoch:295 train_eval_loss-->0.653914,train_acc-->0.957227,test_eval_loss-->1.373876,test_acc===0.642157
INFO:root:epoch:296 train_eval_loss-->0.679537,train_acc-->0.967552,test_eval_loss-->1.316045,test_acc===0.686275
INFO:root:epoch:297 train_eval_loss-->0.636064,train_acc-->0.973451,test_eval_loss-->1.284972,test_acc===0.656863
INFO:root:epoch:298 train_eval_loss-->0.661134,train_acc-->0.964602,test_eval_loss-->1.512456,test_acc===0.607843
INFO:root:epoch:299 train_eval_loss-->0.723601,train_acc-->0.948378,test_eval_loss-->1.246778,test_acc===0.700980
INFO:root:epoch:300 train_eval_loss-->0.587257,train_acc-->0.973451,test_eval_loss-->1.331918,test_acc===0.671569
INFO:root:epoch:301 train_eval_loss-->0.714172,train_acc-->0.963127,test_eval_loss-->1.347046,test_acc===0.671569
INFO:root:epoch:302 train_eval_loss-->0.658164,train_acc-->0.971976,test_eval_loss-->1.323672,test_acc===0.686275
INFO:root:epoch:303 train_eval_loss-->0.684197,train_acc-->0.973451,test_eval_loss-->1.390969,test_acc===0.627451
INFO:root:epoch:304 train_eval_loss-->0.616775,train_acc-->0.973451,test_eval_loss-->1.352723,test_acc===0.651961
INFO:root:epoch:305 train_eval_loss-->0.715389,train_acc-->0.971976,test_eval_loss-->1.255117,test_acc===0.705882
INFO:root:epoch:306 train_eval_loss-->0.684800,train_acc-->0.966077,test_eval_loss-->1.524728,test_acc===0.544118
INFO:root:epoch:307 train_eval_loss-->0.860229,train_acc-->0.912979,test_eval_loss-->1.442329,test_acc===0.617647
INFO:root:epoch:308 train_eval_loss-->0.661714,train_acc-->0.966077,test_eval_loss-->1.315351,test_acc===0.671569
INFO:root:epoch:309 train_eval_loss-->0.659909,train_acc-->0.983776,test_eval_loss-->1.500692,test_acc===0.534314
INFO:root:epoch:310 train_eval_loss-->0.625619,train_acc-->0.988201,test_eval_loss-->1.254890,test_acc===0.666667
INFO:root:epoch:311 train_eval_loss-->0.525453,train_acc-->0.995575,test_eval_loss-->1.264621,test_acc===0.720588
INFO:root:epoch:312 train_eval_loss-->0.573207,train_acc-->0.986726,test_eval_loss-->1.264776,test_acc===0.730392
INFO:root:epoch:313 train_eval_loss-->0.594844,train_acc-->0.979351,test_eval_loss-->1.305347,test_acc===0.686275
INFO:root:epoch:314 train_eval_loss-->0.519571,train_acc-->0.977876,test_eval_loss-->1.236159,test_acc===0.705882
INFO:root:epoch:315 train_eval_loss-->0.476110,train_acc-->0.995575,test_eval_loss-->1.288900,test_acc===0.661765
INFO:root:epoch:316 train_eval_loss-->0.479539,train_acc-->0.997050,test_eval_loss-->1.260360,test_acc===0.700980
INFO:root:epoch:317 train_eval_loss-->0.430201,train_acc-->0.995575,test_eval_loss-->1.199833,test_acc===0.720588
INFO:root:epoch:318 train_eval_loss-->0.438298,train_acc-->0.991150,test_eval_loss-->1.202795,test_acc===0.730392
INFO:root:epoch:319 train_eval_loss-->0.468057,train_acc-->0.995575,test_eval_loss-->1.201813,test_acc===0.740196
INFO:root:epoch:320 train_eval_loss-->0.410946,train_acc-->0.989676,test_eval_loss-->1.270164,test_acc===0.691176
INFO:root:epoch:321 train_eval_loss-->0.502237,train_acc-->1.000000,test_eval_loss-->1.280758,test_acc===0.642157
INFO:root:epoch:322 train_eval_loss-->0.519966,train_acc-->0.986726,test_eval_loss-->1.317032,test_acc===0.656863
INFO:root:epoch:323 train_eval_loss-->0.490689,train_acc-->0.995575,test_eval_loss-->1.240686,test_acc===0.720588
INFO:root:epoch:324 train_eval_loss-->0.398732,train_acc-->0.998525,test_eval_loss-->1.211912,test_acc===0.705882
INFO:root:epoch:325 train_eval_loss-->0.348929,train_acc-->1.000000,test_eval_loss-->1.249232,test_acc===0.700980
INFO:root:epoch:326 train_eval_loss-->0.428318,train_acc-->0.998525,test_eval_loss-->1.216576,test_acc===0.691176
INFO:root:epoch:327 train_eval_loss-->0.337943,train_acc-->0.998525,test_eval_loss-->1.243146,test_acc===0.681373
INFO:root:epoch:328 train_eval_loss-->0.320588,train_acc-->1.000000,test_eval_loss-->1.264596,test_acc===0.686275
INFO:root:epoch:329 train_eval_loss-->0.291801,train_acc-->0.998525,test_eval_loss-->1.183930,test_acc===0.745098
INFO:root:epoch:330 train_eval_loss-->0.262971,train_acc-->1.000000,test_eval_loss-->1.218983,test_acc===0.705882
INFO:root:epoch:331 train_eval_loss-->0.282276,train_acc-->1.000000,test_eval_loss-->1.179586,test_acc===0.725490
INFO:root:epoch:332 train_eval_loss-->0.250040,train_acc-->1.000000,test_eval_loss-->1.204339,test_acc===0.720588
INFO:root:epoch:333 train_eval_loss-->0.238711,train_acc-->1.000000,test_eval_loss-->1.189522,test_acc===0.735294
INFO:root:epoch:334 train_eval_loss-->0.230758,train_acc-->1.000000,test_eval_loss-->1.183317,test_acc===0.735294
INFO:root:epoch:335 train_eval_loss-->0.221288,train_acc-->1.000000,test_eval_loss-->1.200854,test_acc===0.754902
INFO:root:epoch:336 train_eval_loss-->0.243146,train_acc-->1.000000,test_eval_loss-->1.194743,test_acc===0.735294
INFO:root:epoch:337 train_eval_loss-->0.183946,train_acc-->1.000000,test_eval_loss-->1.191912,test_acc===0.735294
INFO:root:epoch:338 train_eval_loss-->0.174814,train_acc-->1.000000,test_eval_loss-->1.176777,test_acc===0.735294
INFO:root:epoch:339 train_eval_loss-->0.153855,train_acc-->1.000000,test_eval_loss-->1.176575,test_acc===0.740196
INFO:root:epoch:340 train_eval_loss-->0.150251,train_acc-->1.000000,test_eval_loss-->1.177318,test_acc===0.745098
INFO:root:epoch:341 train_eval_loss-->0.135699,train_acc-->1.000000,test_eval_loss-->1.178752,test_acc===0.740196
INFO:root:epoch:342 train_eval_loss-->0.123541,train_acc-->1.000000,test_eval_loss-->1.169809,test_acc===0.750000
INFO:root:epoch:343 train_eval_loss-->0.127310,train_acc-->1.000000,test_eval_loss-->1.177060,test_acc===0.735294
INFO:root:epoch:344 train_eval_loss-->0.119457,train_acc-->1.000000,test_eval_loss-->1.177605,test_acc===0.745098
INFO:root:epoch:345 train_eval_loss-->0.112325,train_acc-->1.000000,test_eval_loss-->1.173607,test_acc===0.764706
INFO:root:epoch:346 train_eval_loss-->0.103277,train_acc-->1.000000,test_eval_loss-->1.175026,test_acc===0.750000
INFO:root:epoch:347 train_eval_loss-->0.095947,train_acc-->1.000000,test_eval_loss-->1.173787,test_acc===0.745098
INFO:root:epoch:348 train_eval_loss-->0.102133,train_acc-->1.000000,test_eval_loss-->1.171432,test_acc===0.750000
INFO:root:epoch:349 train_eval_loss-->0.103996,train_acc-->1.000000,test_eval_loss-->1.175310,test_acc===0.745098
INFO:root:epoch:350 train_eval_loss-->0.104151,train_acc-->1.000000,test_eval_loss-->1.172984,test_acc===0.759804
INFO:root:epoch:351 train_eval_loss-->0.099421,train_acc-->1.000000,test_eval_loss-->1.171253,test_acc===0.754902
INFO:root:epoch:352 train_eval_loss-->0.095212,train_acc-->1.000000,test_eval_loss-->1.171159,test_acc===0.759804
INFO:root:epoch:353 train_eval_loss-->0.094175,train_acc-->1.000000,test_eval_loss-->1.173044,test_acc===0.745098
INFO:root:epoch:354 train_eval_loss-->0.097058,train_acc-->1.000000,test_eval_loss-->1.171998,test_acc===0.745098
INFO:root:epoch:355 train_eval_loss-->0.100008,train_acc-->1.000000,test_eval_loss-->1.170532,test_acc===0.754902
INFO:root:epoch:356 train_eval_loss-->0.104116,train_acc-->1.000000,test_eval_loss-->1.170209,test_acc===0.754902
INFO:root:epoch:357 train_eval_loss-->0.107665,train_acc-->1.000000,test_eval_loss-->1.169192,test_acc===0.764706
INFO:root:epoch:358 train_eval_loss-->0.110968,train_acc-->1.000000,test_eval_loss-->1.173706,test_acc===0.750000
INFO:root:epoch:359 train_eval_loss-->0.117129,train_acc-->1.000000,test_eval_loss-->1.171213,test_acc===0.740196
INFO:root:epoch:360 train_eval_loss-->0.115953,train_acc-->1.000000,test_eval_loss-->1.177162,test_acc===0.754902
INFO:root:epoch:361 train_eval_loss-->0.125758,train_acc-->1.000000,test_eval_loss-->1.177991,test_acc===0.745098
INFO:root:epoch:362 train_eval_loss-->0.122966,train_acc-->1.000000,test_eval_loss-->1.180831,test_acc===0.740196
INFO:root:epoch:363 train_eval_loss-->0.142953,train_acc-->1.000000,test_eval_loss-->1.183474,test_acc===0.745098
INFO:root:epoch:364 train_eval_loss-->0.154338,train_acc-->1.000000,test_eval_loss-->1.174071,test_acc===0.750000
INFO:root:epoch:365 train_eval_loss-->0.164613,train_acc-->1.000000,test_eval_loss-->1.190257,test_acc===0.750000
INFO:root:epoch:366 train_eval_loss-->0.182462,train_acc-->1.000000,test_eval_loss-->1.196419,test_acc===0.735294
INFO:root:epoch:367 train_eval_loss-->0.184182,train_acc-->1.000000,test_eval_loss-->1.203026,test_acc===0.730392
INFO:root:epoch:368 train_eval_loss-->0.200813,train_acc-->1.000000,test_eval_loss-->1.182410,test_acc===0.720588
INFO:root:epoch:369 train_eval_loss-->0.225494,train_acc-->1.000000,test_eval_loss-->1.182997,test_acc===0.745098
INFO:root:epoch:370 train_eval_loss-->0.237628,train_acc-->1.000000,test_eval_loss-->1.212033,test_acc===0.715686
INFO:root:epoch:371 train_eval_loss-->0.274291,train_acc-->0.998525,test_eval_loss-->1.184757,test_acc===0.759804
INFO:root:epoch:372 train_eval_loss-->0.289649,train_acc-->1.000000,test_eval_loss-->1.213900,test_acc===0.740196
INFO:root:epoch:373 train_eval_loss-->0.309044,train_acc-->1.000000,test_eval_loss-->1.200643,test_acc===0.735294
INFO:root:epoch:374 train_eval_loss-->0.294669,train_acc-->1.000000,test_eval_loss-->1.249786,test_acc===0.696078
INFO:root:epoch:375 train_eval_loss-->0.391229,train_acc-->1.000000,test_eval_loss-->1.253947,test_acc===0.676471
INFO:root:epoch:376 train_eval_loss-->0.401578,train_acc-->0.994100,test_eval_loss-->1.286115,test_acc===0.666667
INFO:root:epoch:377 train_eval_loss-->0.370463,train_acc-->1.000000,test_eval_loss-->1.306113,test_acc===0.686275
INFO:root:epoch:378 train_eval_loss-->0.418712,train_acc-->1.000000,test_eval_loss-->1.245742,test_acc===0.715686
INFO:root:epoch:379 train_eval_loss-->0.441167,train_acc-->0.997050,test_eval_loss-->1.204697,test_acc===0.710784
INFO:root:epoch:380 train_eval_loss-->0.427381,train_acc-->0.992625,test_eval_loss-->1.240892,test_acc===0.705882
INFO:root:epoch:381 train_eval_loss-->0.421541,train_acc-->0.994100,test_eval_loss-->1.320053,test_acc===0.666667
INFO:root:epoch:382 train_eval_loss-->0.447308,train_acc-->1.000000,test_eval_loss-->1.313384,test_acc===0.676471
INFO:root:epoch:383 train_eval_loss-->0.509730,train_acc-->0.991150,test_eval_loss-->1.392544,test_acc===0.632353
INFO:root:epoch:384 train_eval_loss-->0.492951,train_acc-->0.994100,test_eval_loss-->1.331165,test_acc===0.661765
INFO:root:epoch:385 train_eval_loss-->0.656385,train_acc-->0.949853,test_eval_loss-->1.322431,test_acc===0.632353
INFO:root:epoch:386 train_eval_loss-->0.589100,train_acc-->0.983776,test_eval_loss-->1.278449,test_acc===0.656863
INFO:root:epoch:387 train_eval_loss-->0.565000,train_acc-->0.986726,test_eval_loss-->1.332589,test_acc===0.661765
INFO:root:epoch:388 train_eval_loss-->0.564558,train_acc-->0.989676,test_eval_loss-->1.213932,test_acc===0.720588
INFO:root:epoch:389 train_eval_loss-->0.564695,train_acc-->0.985251,test_eval_loss-->1.366065,test_acc===0.637255
INFO:root:epoch:390 train_eval_loss-->0.546069,train_acc-->0.989676,test_eval_loss-->1.357830,test_acc===0.656863
INFO:root:epoch:391 train_eval_loss-->0.547573,train_acc-->0.985251,test_eval_loss-->1.243459,test_acc===0.725490
INFO:root:epoch:392 train_eval_loss-->0.540117,train_acc-->0.989676,test_eval_loss-->1.300597,test_acc===0.656863
INFO:root:epoch:393 train_eval_loss-->0.736182,train_acc-->0.970501,test_eval_loss-->1.784035,test_acc===0.392157
INFO:root:epoch:394 train_eval_loss-->0.798525,train_acc-->0.936578,test_eval_loss-->1.399111,test_acc===0.656863
INFO:root:epoch:395 train_eval_loss-->0.769213,train_acc-->0.946903,test_eval_loss-->1.287451,test_acc===0.715686
INFO:root:epoch:396 train_eval_loss-->0.625633,train_acc-->0.964602,test_eval_loss-->1.446890,test_acc===0.612745
INFO:root:epoch:397 train_eval_loss-->0.705872,train_acc-->0.949853,test_eval_loss-->1.367805,test_acc===0.637255
INFO:root:epoch:398 train_eval_loss-->0.734954,train_acc-->0.951327,test_eval_loss-->1.315384,test_acc===0.676471
INFO:root:epoch:399 train_eval_loss-->0.574596,train_acc-->0.985251,test_eval_loss-->1.356066,test_acc===0.637255
INFO:root:epoch:400 train_eval_loss-->0.633811,train_acc-->0.977876,test_eval_loss-->1.298195,test_acc===0.686275
INFO:root:epoch:401 train_eval_loss-->0.541451,train_acc-->0.997050,test_eval_loss-->1.254723,test_acc===0.745098
INFO:root:epoch:402 train_eval_loss-->0.627316,train_acc-->0.974926,test_eval_loss-->1.420863,test_acc===0.622549
INFO:root:epoch:403 train_eval_loss-->0.620726,train_acc-->0.986726,test_eval_loss-->1.263474,test_acc===0.696078
INFO:root:epoch:404 train_eval_loss-->0.551248,train_acc-->0.985251,test_eval_loss-->1.266202,test_acc===0.666667
INFO:root:epoch:405 train_eval_loss-->0.489602,train_acc-->0.983776,test_eval_loss-->1.261041,test_acc===0.686275
INFO:root:epoch:406 train_eval_loss-->0.589593,train_acc-->0.985251,test_eval_loss-->1.404362,test_acc===0.612745
INFO:root:epoch:407 train_eval_loss-->0.577705,train_acc-->0.969027,test_eval_loss-->1.254562,test_acc===0.720588
INFO:root:epoch:408 train_eval_loss-->0.533336,train_acc-->0.995575,test_eval_loss-->1.448042,test_acc===0.563725
INFO:root:epoch:409 train_eval_loss-->0.565480,train_acc-->0.979351,test_eval_loss-->1.360544,test_acc===0.622549
INFO:root:epoch:410 train_eval_loss-->0.500844,train_acc-->0.980826,test_eval_loss-->1.271045,test_acc===0.666667
INFO:root:epoch:411 train_eval_loss-->0.510647,train_acc-->0.983776,test_eval_loss-->1.292991,test_acc===0.651961
INFO:root:epoch:412 train_eval_loss-->0.530437,train_acc-->0.991150,test_eval_loss-->1.259880,test_acc===0.696078
INFO:root:epoch:413 train_eval_loss-->0.478899,train_acc-->0.985251,test_eval_loss-->1.242329,test_acc===0.725490
INFO:root:epoch:414 train_eval_loss-->0.427634,train_acc-->0.989676,test_eval_loss-->1.221390,test_acc===0.730392
INFO:root:epoch:415 train_eval_loss-->0.437750,train_acc-->0.998525,test_eval_loss-->1.204888,test_acc===0.720588
INFO:root:epoch:416 train_eval_loss-->0.420885,train_acc-->0.991150,test_eval_loss-->1.308175,test_acc===0.705882
INFO:root:epoch:417 train_eval_loss-->0.425408,train_acc-->0.991150,test_eval_loss-->1.201851,test_acc===0.725490
INFO:root:epoch:418 train_eval_loss-->0.380148,train_acc-->0.997050,test_eval_loss-->1.293020,test_acc===0.627451
INFO:root:epoch:419 train_eval_loss-->0.355873,train_acc-->1.000000,test_eval_loss-->1.207578,test_acc===0.720588
INFO:root:epoch:420 train_eval_loss-->0.393852,train_acc-->0.998525,test_eval_loss-->1.207849,test_acc===0.740196
INFO:root:epoch:421 train_eval_loss-->0.388560,train_acc-->0.998525,test_eval_loss-->1.201154,test_acc===0.735294
INFO:root:epoch:422 train_eval_loss-->0.345534,train_acc-->1.000000,test_eval_loss-->1.221290,test_acc===0.730392
INFO:root:epoch:423 train_eval_loss-->0.357248,train_acc-->0.997050,test_eval_loss-->1.178867,test_acc===0.750000
INFO:root:epoch:424 train_eval_loss-->0.330727,train_acc-->0.997050,test_eval_loss-->1.202834,test_acc===0.725490
INFO:root:epoch:425 train_eval_loss-->0.293054,train_acc-->1.000000,test_eval_loss-->1.190418,test_acc===0.750000
INFO:root:epoch:426 train_eval_loss-->0.283090,train_acc-->1.000000,test_eval_loss-->1.188356,test_acc===0.735294
INFO:root:epoch:427 train_eval_loss-->0.254842,train_acc-->1.000000,test_eval_loss-->1.176221,test_acc===0.745098
INFO:root:epoch:428 train_eval_loss-->0.246810,train_acc-->1.000000,test_eval_loss-->1.191353,test_acc===0.725490
INFO:root:epoch:429 train_eval_loss-->0.260371,train_acc-->0.998525,test_eval_loss-->1.183521,test_acc===0.735294
INFO:root:epoch:430 train_eval_loss-->0.237040,train_acc-->1.000000,test_eval_loss-->1.193302,test_acc===0.735294
INFO:root:epoch:431 train_eval_loss-->0.224017,train_acc-->1.000000,test_eval_loss-->1.180096,test_acc===0.745098
INFO:root:epoch:432 train_eval_loss-->0.211150,train_acc-->1.000000,test_eval_loss-->1.164867,test_acc===0.759804
INFO:root:epoch:433 train_eval_loss-->0.189017,train_acc-->1.000000,test_eval_loss-->1.180810,test_acc===0.730392
INFO:root:epoch:434 train_eval_loss-->0.185379,train_acc-->1.000000,test_eval_loss-->1.170627,test_acc===0.745098
INFO:root:epoch:435 train_eval_loss-->0.161487,train_acc-->1.000000,test_eval_loss-->1.171497,test_acc===0.754902
INFO:root:epoch:436 train_eval_loss-->0.150822,train_acc-->1.000000,test_eval_loss-->1.160243,test_acc===0.759804
INFO:root:epoch:437 train_eval_loss-->0.140921,train_acc-->1.000000,test_eval_loss-->1.161778,test_acc===0.754902
INFO:root:epoch:438 train_eval_loss-->0.136184,train_acc-->1.000000,test_eval_loss-->1.167037,test_acc===0.759804
INFO:root:epoch:439 train_eval_loss-->0.122419,train_acc-->1.000000,test_eval_loss-->1.169046,test_acc===0.740196
INFO:root:epoch:440 train_eval_loss-->0.113988,train_acc-->1.000000,test_eval_loss-->1.163918,test_acc===0.759804
INFO:root:epoch:441 train_eval_loss-->0.104509,train_acc-->1.000000,test_eval_loss-->1.163202,test_acc===0.759804
INFO:root:epoch:442 train_eval_loss-->0.098055,train_acc-->1.000000,test_eval_loss-->1.170223,test_acc===0.754902
INFO:root:epoch:443 train_eval_loss-->0.097804,train_acc-->1.000000,test_eval_loss-->1.168240,test_acc===0.759804
INFO:root:epoch:444 train_eval_loss-->0.089660,train_acc-->1.000000,test_eval_loss-->1.165186,test_acc===0.754902
INFO:root:epoch:445 train_eval_loss-->0.081160,train_acc-->1.000000,test_eval_loss-->1.163878,test_acc===0.759804
INFO:root:epoch:446 train_eval_loss-->0.080058,train_acc-->1.000000,test_eval_loss-->1.166232,test_acc===0.745098
INFO:root:epoch:447 train_eval_loss-->0.075151,train_acc-->1.000000,test_eval_loss-->1.164607,test_acc===0.759804
INFO:root:epoch:448 train_eval_loss-->0.076482,train_acc-->1.000000,test_eval_loss-->1.163676,test_acc===0.754902
INFO:root:epoch:449 train_eval_loss-->0.075681,train_acc-->1.000000,test_eval_loss-->1.164173,test_acc===0.750000
INFO:root:epoch:450 train_eval_loss-->0.074919,train_acc-->1.000000,test_eval_loss-->1.164490,test_acc===0.750000
INFO:root:epoch:451 train_eval_loss-->0.071571,train_acc-->1.000000,test_eval_loss-->1.164150,test_acc===0.754902
INFO:root:epoch:452 train_eval_loss-->0.073520,train_acc-->1.000000,test_eval_loss-->1.164681,test_acc===0.750000
INFO:root:epoch:453 train_eval_loss-->0.073822,train_acc-->1.000000,test_eval_loss-->1.165519,test_acc===0.754902
INFO:root:epoch:454 train_eval_loss-->0.073633,train_acc-->1.000000,test_eval_loss-->1.166339,test_acc===0.754902
INFO:root:epoch:455 train_eval_loss-->0.076237,train_acc-->1.000000,test_eval_loss-->1.167025,test_acc===0.750000
INFO:root:epoch:456 train_eval_loss-->0.079156,train_acc-->1.000000,test_eval_loss-->1.162635,test_acc===0.754902
INFO:root:epoch:457 train_eval_loss-->0.081207,train_acc-->1.000000,test_eval_loss-->1.160947,test_acc===0.764706
INFO:root:epoch:458 train_eval_loss-->0.088342,train_acc-->1.000000,test_eval_loss-->1.167940,test_acc===0.754902
INFO:root:epoch:459 train_eval_loss-->0.084816,train_acc-->1.000000,test_eval_loss-->1.163364,test_acc===0.774510
INFO:root:epoch:460 train_eval_loss-->0.088709,train_acc-->1.000000,test_eval_loss-->1.164459,test_acc===0.745098
INFO:root:epoch:461 train_eval_loss-->0.108522,train_acc-->1.000000,test_eval_loss-->1.165593,test_acc===0.764706
INFO:root:epoch:462 train_eval_loss-->0.121077,train_acc-->1.000000,test_eval_loss-->1.161604,test_acc===0.779412
INFO:root:epoch:463 train_eval_loss-->0.123725,train_acc-->1.000000,test_eval_loss-->1.161842,test_acc===0.754902
INFO:root:epoch:464 train_eval_loss-->0.137304,train_acc-->1.000000,test_eval_loss-->1.167890,test_acc===0.754902
INFO:root:epoch:465 train_eval_loss-->0.144455,train_acc-->1.000000,test_eval_loss-->1.174105,test_acc===0.759804
INFO:root:epoch:466 train_eval_loss-->0.166497,train_acc-->1.000000,test_eval_loss-->1.170474,test_acc===0.759804
INFO:root:epoch:467 train_eval_loss-->0.180201,train_acc-->1.000000,test_eval_loss-->1.191656,test_acc===0.725490
INFO:root:epoch:468 train_eval_loss-->0.239337,train_acc-->1.000000,test_eval_loss-->1.187355,test_acc===0.750000
INFO:root:epoch:469 train_eval_loss-->0.209554,train_acc-->1.000000,test_eval_loss-->1.166564,test_acc===0.769608
INFO:root:epoch:470 train_eval_loss-->0.244835,train_acc-->0.997050,test_eval_loss-->1.177199,test_acc===0.750000
INFO:root:epoch:471 train_eval_loss-->0.207619,train_acc-->1.000000,test_eval_loss-->1.200579,test_acc===0.715686
INFO:root:epoch:472 train_eval_loss-->0.261948,train_acc-->1.000000,test_eval_loss-->1.188003,test_acc===0.740196
INFO:root:epoch:473 train_eval_loss-->0.302395,train_acc-->1.000000,test_eval_loss-->1.197347,test_acc===0.735294
INFO:root:epoch:474 train_eval_loss-->0.330188,train_acc-->1.000000,test_eval_loss-->1.233401,test_acc===0.700980
INFO:root:epoch:475 train_eval_loss-->0.339440,train_acc-->1.000000,test_eval_loss-->1.192642,test_acc===0.754902
INFO:root:epoch:476 train_eval_loss-->0.286060,train_acc-->1.000000,test_eval_loss-->1.179551,test_acc===0.725490
INFO:root:epoch:477 train_eval_loss-->0.313272,train_acc-->0.997050,test_eval_loss-->1.209057,test_acc===0.740196
INFO:root:epoch:478 train_eval_loss-->0.325762,train_acc-->0.997050,test_eval_loss-->1.225285,test_acc===0.730392
INFO:root:epoch:479 train_eval_loss-->0.424928,train_acc-->0.992625,test_eval_loss-->1.188119,test_acc===0.750000
INFO:root:epoch:480 train_eval_loss-->0.396574,train_acc-->0.994100,test_eval_loss-->1.161205,test_acc===0.735294
INFO:root:epoch:481 train_eval_loss-->0.389244,train_acc-->0.997050,test_eval_loss-->1.199943,test_acc===0.730392
INFO:root:epoch:482 train_eval_loss-->0.383583,train_acc-->1.000000,test_eval_loss-->1.293378,test_acc===0.642157
INFO:root:epoch:483 train_eval_loss-->0.584700,train_acc-->0.992625,test_eval_loss-->1.249670,test_acc===0.681373
INFO:root:epoch:484 train_eval_loss-->0.597607,train_acc-->0.994100,test_eval_loss-->1.240503,test_acc===0.686275
INFO:root:epoch:485 train_eval_loss-->0.453319,train_acc-->0.995575,test_eval_loss-->1.308024,test_acc===0.681373
INFO:root:epoch:486 train_eval_loss-->0.591742,train_acc-->0.991150,test_eval_loss-->1.318683,test_acc===0.656863
INFO:root:epoch:487 train_eval_loss-->0.523949,train_acc-->0.994100,test_eval_loss-->1.383600,test_acc===0.583333
INFO:root:epoch:488 train_eval_loss-->0.505007,train_acc-->0.997050,test_eval_loss-->1.288488,test_acc===0.686275
INFO:root:epoch:489 train_eval_loss-->0.502119,train_acc-->0.991150,test_eval_loss-->1.303632,test_acc===0.696078
INFO:root:epoch:490 train_eval_loss-->0.469508,train_acc-->0.991150,test_eval_loss-->1.218786,test_acc===0.750000
INFO:root:epoch:491 train_eval_loss-->0.448249,train_acc-->0.998525,test_eval_loss-->1.237703,test_acc===0.705882
INFO:root:epoch:492 train_eval_loss-->0.468858,train_acc-->0.983776,test_eval_loss-->1.263059,test_acc===0.676471
INFO:root:epoch:493 train_eval_loss-->0.473106,train_acc-->0.997050,test_eval_loss-->1.213918,test_acc===0.715686
INFO:root:epoch:494 train_eval_loss-->0.519026,train_acc-->0.985251,test_eval_loss-->1.271571,test_acc===0.676471
INFO:root:epoch:495 train_eval_loss-->0.495092,train_acc-->0.997050,test_eval_loss-->1.261489,test_acc===0.686275
INFO:root:epoch:496 train_eval_loss-->0.464189,train_acc-->0.991150,test_eval_loss-->1.337960,test_acc===0.642157
INFO:root:epoch:497 train_eval_loss-->0.579927,train_acc-->0.985251,test_eval_loss-->1.255976,test_acc===0.725490
INFO:root:epoch:498 train_eval_loss-->0.601634,train_acc-->0.989676,test_eval_loss-->1.350371,test_acc===0.681373
INFO:root:epoch:499 train_eval_loss-->0.546556,train_acc-->0.989676,test_eval_loss-->1.311831,test_acc===0.671569
INFO:root:epoch:500 train_eval_loss-->0.533133,train_acc-->0.985251,test_eval_loss-->1.259094,test_acc===0.710784
INFO:root:epoch:501 train_eval_loss-->0.494225,train_acc-->0.986726,test_eval_loss-->1.207648,test_acc===0.735294
INFO:root:epoch:502 train_eval_loss-->0.506392,train_acc-->0.998525,test_eval_loss-->1.261459,test_acc===0.671569
INFO:root:epoch:503 train_eval_loss-->0.483233,train_acc-->0.989676,test_eval_loss-->1.320807,test_acc===0.666667
INFO:root:epoch:504 train_eval_loss-->0.564194,train_acc-->0.989676,test_eval_loss-->1.379072,test_acc===0.612745
INFO:root:epoch:505 train_eval_loss-->0.546193,train_acc-->0.992625,test_eval_loss-->1.256812,test_acc===0.696078
INFO:root:epoch:506 train_eval_loss-->0.527118,train_acc-->0.988201,test_eval_loss-->1.243329,test_acc===0.730392
INFO:root:epoch:507 train_eval_loss-->0.461587,train_acc-->0.995575,test_eval_loss-->1.292203,test_acc===0.681373
INFO:root:epoch:508 train_eval_loss-->0.478093,train_acc-->0.995575,test_eval_loss-->1.312762,test_acc===0.642157
INFO:root:epoch:509 train_eval_loss-->0.469037,train_acc-->0.986726,test_eval_loss-->1.249850,test_acc===0.740196
INFO:root:epoch:510 train_eval_loss-->0.446239,train_acc-->0.991150,test_eval_loss-->1.226752,test_acc===0.696078
INFO:root:epoch:511 train_eval_loss-->0.399347,train_acc-->0.997050,test_eval_loss-->1.219731,test_acc===0.715686
INFO:root:epoch:512 train_eval_loss-->0.438090,train_acc-->0.998525,test_eval_loss-->1.267131,test_acc===0.666667
INFO:root:epoch:513 train_eval_loss-->0.465967,train_acc-->0.994100,test_eval_loss-->1.270776,test_acc===0.696078
INFO:root:epoch:514 train_eval_loss-->0.426375,train_acc-->0.998525,test_eval_loss-->1.229983,test_acc===0.696078
INFO:root:epoch:515 train_eval_loss-->0.402134,train_acc-->0.997050,test_eval_loss-->1.243930,test_acc===0.715686
INFO:root:epoch:516 train_eval_loss-->0.431111,train_acc-->0.991150,test_eval_loss-->1.250501,test_acc===0.671569
INFO:root:epoch:517 train_eval_loss-->0.455507,train_acc-->0.997050,test_eval_loss-->1.221579,test_acc===0.715686
INFO:root:epoch:518 train_eval_loss-->0.390895,train_acc-->0.991150,test_eval_loss-->1.194364,test_acc===0.730392
INFO:root:epoch:519 train_eval_loss-->0.372115,train_acc-->1.000000,test_eval_loss-->1.287918,test_acc===0.705882
INFO:root:epoch:520 train_eval_loss-->0.451441,train_acc-->0.997050,test_eval_loss-->1.236253,test_acc===0.720588
INFO:root:epoch:521 train_eval_loss-->0.311558,train_acc-->1.000000,test_eval_loss-->1.260202,test_acc===0.676471
INFO:root:epoch:522 train_eval_loss-->0.321861,train_acc-->1.000000,test_eval_loss-->1.233409,test_acc===0.705882
INFO:root:epoch:523 train_eval_loss-->0.320372,train_acc-->1.000000,test_eval_loss-->1.193902,test_acc===0.754902
INFO:root:epoch:524 train_eval_loss-->0.323606,train_acc-->1.000000,test_eval_loss-->1.203863,test_acc===0.740196
INFO:root:epoch:525 train_eval_loss-->0.318307,train_acc-->0.997050,test_eval_loss-->1.196084,test_acc===0.759804
INFO:root:epoch:526 train_eval_loss-->0.275437,train_acc-->0.998525,test_eval_loss-->1.201711,test_acc===0.720588
INFO:root:epoch:527 train_eval_loss-->0.228783,train_acc-->1.000000,test_eval_loss-->1.181948,test_acc===0.759804
INFO:root:epoch:528 train_eval_loss-->0.224693,train_acc-->1.000000,test_eval_loss-->1.172782,test_acc===0.759804
INFO:root:epoch:529 train_eval_loss-->0.215385,train_acc-->1.000000,test_eval_loss-->1.158277,test_acc===0.759804
INFO:root:epoch:530 train_eval_loss-->0.212928,train_acc-->1.000000,test_eval_loss-->1.180493,test_acc===0.759804
INFO:root:epoch:531 train_eval_loss-->0.183390,train_acc-->1.000000,test_eval_loss-->1.173295,test_acc===0.745098
INFO:root:epoch:532 train_eval_loss-->0.168461,train_acc-->1.000000,test_eval_loss-->1.171793,test_acc===0.750000
INFO:root:epoch:533 train_eval_loss-->0.196075,train_acc-->1.000000,test_eval_loss-->1.196267,test_acc===0.735294
INFO:root:epoch:534 train_eval_loss-->0.183300,train_acc-->1.000000,test_eval_loss-->1.176666,test_acc===0.750000
INFO:root:epoch:535 train_eval_loss-->0.158316,train_acc-->1.000000,test_eval_loss-->1.169603,test_acc===0.750000
INFO:root:epoch:536 train_eval_loss-->0.139218,train_acc-->1.000000,test_eval_loss-->1.185037,test_acc===0.759804
INFO:root:epoch:537 train_eval_loss-->0.154677,train_acc-->1.000000,test_eval_loss-->1.163154,test_acc===0.774510
INFO:root:epoch:538 train_eval_loss-->0.137415,train_acc-->1.000000,test_eval_loss-->1.162267,test_acc===0.759804
INFO:root:epoch:539 train_eval_loss-->0.105605,train_acc-->1.000000,test_eval_loss-->1.165829,test_acc===0.754902
INFO:root:epoch:540 train_eval_loss-->0.095976,train_acc-->1.000000,test_eval_loss-->1.162096,test_acc===0.764706
INFO:root:epoch:541 train_eval_loss-->0.095298,train_acc-->1.000000,test_eval_loss-->1.165035,test_acc===0.754902
INFO:root:epoch:542 train_eval_loss-->0.094833,train_acc-->1.000000,test_eval_loss-->1.163840,test_acc===0.745098
INFO:root:epoch:543 train_eval_loss-->0.080367,train_acc-->1.000000,test_eval_loss-->1.161293,test_acc===0.754902
INFO:root:epoch:544 train_eval_loss-->0.074292,train_acc-->1.000000,test_eval_loss-->1.159071,test_acc===0.750000
INFO:root:epoch:545 train_eval_loss-->0.073741,train_acc-->1.000000,test_eval_loss-->1.163822,test_acc===0.754902
INFO:root:epoch:546 train_eval_loss-->0.071693,train_acc-->1.000000,test_eval_loss-->1.158462,test_acc===0.750000
INFO:root:epoch:547 train_eval_loss-->0.063105,train_acc-->1.000000,test_eval_loss-->1.160543,test_acc===0.759804
INFO:root:epoch:548 train_eval_loss-->0.064492,train_acc-->1.000000,test_eval_loss-->1.161837,test_acc===0.754902
INFO:root:epoch:549 train_eval_loss-->0.061247,train_acc-->1.000000,test_eval_loss-->1.162154,test_acc===0.754902
INFO:root:epoch:550 train_eval_loss-->0.064455,train_acc-->1.000000,test_eval_loss-->1.159580,test_acc===0.754902
INFO:root:epoch:551 train_eval_loss-->0.061069,train_acc-->1.000000,test_eval_loss-->1.160546,test_acc===0.759804
INFO:root:epoch:552 train_eval_loss-->0.063020,train_acc-->1.000000,test_eval_loss-->1.160643,test_acc===0.754902
INFO:root:epoch:553 train_eval_loss-->0.062373,train_acc-->1.000000,test_eval_loss-->1.160034,test_acc===0.750000
INFO:root:epoch:554 train_eval_loss-->0.063407,train_acc-->1.000000,test_eval_loss-->1.161887,test_acc===0.750000
INFO:root:epoch:555 train_eval_loss-->0.064142,train_acc-->1.000000,test_eval_loss-->1.158341,test_acc===0.759804
INFO:root:epoch:556 train_eval_loss-->0.069108,train_acc-->1.000000,test_eval_loss-->1.160936,test_acc===0.754902
INFO:root:epoch:557 train_eval_loss-->0.076068,train_acc-->1.000000,test_eval_loss-->1.159360,test_acc===0.759804
INFO:root:epoch:558 train_eval_loss-->0.078701,train_acc-->1.000000,test_eval_loss-->1.168097,test_acc===0.759804
INFO:root:epoch:559 train_eval_loss-->0.080177,train_acc-->1.000000,test_eval_loss-->1.165248,test_acc===0.754902
INFO:root:epoch:560 train_eval_loss-->0.075729,train_acc-->1.000000,test_eval_loss-->1.163922,test_acc===0.750000
INFO:root:epoch:561 train_eval_loss-->0.085800,train_acc-->1.000000,test_eval_loss-->1.165384,test_acc===0.759804
INFO:root:epoch:562 train_eval_loss-->0.100422,train_acc-->1.000000,test_eval_loss-->1.165081,test_acc===0.754902
INFO:root:epoch:563 train_eval_loss-->0.098770,train_acc-->1.000000,test_eval_loss-->1.173573,test_acc===0.740196
INFO:root:epoch:564 train_eval_loss-->0.113208,train_acc-->1.000000,test_eval_loss-->1.168538,test_acc===0.759804
INFO:root:epoch:565 train_eval_loss-->0.121369,train_acc-->1.000000,test_eval_loss-->1.165023,test_acc===0.759804
INFO:root:epoch:566 train_eval_loss-->0.116588,train_acc-->1.000000,test_eval_loss-->1.164845,test_acc===0.754902
INFO:root:epoch:567 train_eval_loss-->0.148226,train_acc-->1.000000,test_eval_loss-->1.161608,test_acc===0.759804
INFO:root:epoch:568 train_eval_loss-->0.146518,train_acc-->1.000000,test_eval_loss-->1.174727,test_acc===0.740196
INFO:root:epoch:569 train_eval_loss-->0.155962,train_acc-->1.000000,test_eval_loss-->1.159326,test_acc===0.745098
INFO:root:epoch:570 train_eval_loss-->0.179233,train_acc-->1.000000,test_eval_loss-->1.158085,test_acc===0.754902
INFO:root:epoch:571 train_eval_loss-->0.185267,train_acc-->1.000000,test_eval_loss-->1.164915,test_acc===0.750000
INFO:root:epoch:572 train_eval_loss-->0.211741,train_acc-->1.000000,test_eval_loss-->1.173385,test_acc===0.725490
INFO:root:epoch:573 train_eval_loss-->0.285434,train_acc-->1.000000,test_eval_loss-->1.187315,test_acc===0.735294
INFO:root:epoch:574 train_eval_loss-->0.267579,train_acc-->1.000000,test_eval_loss-->1.200261,test_acc===0.745098
INFO:root:epoch:575 train_eval_loss-->0.260003,train_acc-->1.000000,test_eval_loss-->1.232658,test_acc===0.720588
INFO:root:epoch:576 train_eval_loss-->0.339907,train_acc-->1.000000,test_eval_loss-->1.250168,test_acc===0.715686
INFO:root:epoch:577 train_eval_loss-->0.358828,train_acc-->0.994100,test_eval_loss-->1.199067,test_acc===0.740196
INFO:root:epoch:578 train_eval_loss-->0.279478,train_acc-->1.000000,test_eval_loss-->1.191637,test_acc===0.730392
INFO:root:epoch:579 train_eval_loss-->0.404808,train_acc-->0.997050,test_eval_loss-->1.218751,test_acc===0.730392
INFO:root:epoch:580 train_eval_loss-->0.411508,train_acc-->0.998525,test_eval_loss-->1.192202,test_acc===0.745098
INFO:root:epoch:581 train_eval_loss-->0.404226,train_acc-->1.000000,test_eval_loss-->1.248667,test_acc===0.700980
INFO:root:epoch:582 train_eval_loss-->0.405391,train_acc-->0.998525,test_eval_loss-->1.218172,test_acc===0.700980
INFO:root:epoch:583 train_eval_loss-->0.390263,train_acc-->1.000000,test_eval_loss-->1.209243,test_acc===0.720588
INFO:root:epoch:584 train_eval_loss-->0.415112,train_acc-->0.994100,test_eval_loss-->1.265691,test_acc===0.671569
INFO:root:epoch:585 train_eval_loss-->0.364164,train_acc-->1.000000,test_eval_loss-->1.194574,test_acc===0.750000
INFO:root:epoch:586 train_eval_loss-->0.372102,train_acc-->0.998525,test_eval_loss-->1.188252,test_acc===0.740196
INFO:root:epoch:587 train_eval_loss-->0.393819,train_acc-->0.994100,test_eval_loss-->1.264299,test_acc===0.700980
INFO:root:epoch:588 train_eval_loss-->0.482963,train_acc-->0.989676,test_eval_loss-->1.163894,test_acc===0.730392
INFO:root:epoch:589 train_eval_loss-->0.431268,train_acc-->0.997050,test_eval_loss-->1.248370,test_acc===0.710784
INFO:root:epoch:590 train_eval_loss-->0.473319,train_acc-->0.998525,test_eval_loss-->1.339026,test_acc===0.666667
INFO:root:epoch:591 train_eval_loss-->0.477534,train_acc-->0.998525,test_eval_loss-->1.241572,test_acc===0.730392
INFO:root:epoch:592 train_eval_loss-->0.483986,train_acc-->0.988201,test_eval_loss-->1.280060,test_acc===0.661765
INFO:root:epoch:593 train_eval_loss-->0.535913,train_acc-->0.988201,test_eval_loss-->1.216952,test_acc===0.740196
INFO:root:epoch:594 train_eval_loss-->0.495321,train_acc-->0.991150,test_eval_loss-->1.336271,test_acc===0.661765
INFO:root:epoch:595 train_eval_loss-->0.562492,train_acc-->0.974926,test_eval_loss-->1.249199,test_acc===0.725490
INFO:root:epoch:596 train_eval_loss-->0.516655,train_acc-->0.986726,test_eval_loss-->1.291227,test_acc===0.686275
INFO:root:epoch:597 train_eval_loss-->0.475722,train_acc-->0.986726,test_eval_loss-->1.253996,test_acc===0.686275
INFO:root:epoch:598 train_eval_loss-->0.453835,train_acc-->0.998525,test_eval_loss-->1.332300,test_acc===0.676471
INFO:root:epoch:599 train_eval_loss-->0.502915,train_acc-->0.985251,test_eval_loss-->1.329279,test_acc===0.725490
INFO:root:epoch:600 train_eval_loss-->0.440590,train_acc-->1.000000,test_eval_loss-->1.270930,test_acc===0.696078
INFO:root:epoch:601 train_eval_loss-->0.471670,train_acc-->0.989676,test_eval_loss-->1.250329,test_acc===0.681373
INFO:root:epoch:602 train_eval_loss-->0.497977,train_acc-->0.992625,test_eval_loss-->1.264925,test_acc===0.715686
INFO:root:epoch:603 train_eval_loss-->0.452707,train_acc-->0.991150,test_eval_loss-->1.201148,test_acc===0.754902
INFO:root:epoch:604 train_eval_loss-->0.460912,train_acc-->0.991150,test_eval_loss-->1.278492,test_acc===0.710784
INFO:root:epoch:605 train_eval_loss-->0.570900,train_acc-->0.982301,test_eval_loss-->1.327610,test_acc===0.676471
INFO:root:epoch:606 train_eval_loss-->0.565848,train_acc-->0.995575,test_eval_loss-->1.232191,test_acc===0.735294
INFO:root:epoch:607 train_eval_loss-->0.444079,train_acc-->0.989676,test_eval_loss-->1.205822,test_acc===0.750000
INFO:root:epoch:608 train_eval_loss-->0.468686,train_acc-->0.995575,test_eval_loss-->1.263165,test_acc===0.725490
INFO:root:epoch:609 train_eval_loss-->0.489625,train_acc-->0.988201,test_eval_loss-->1.175421,test_acc===0.730392
INFO:root:epoch:610 train_eval_loss-->0.411062,train_acc-->0.992625,test_eval_loss-->1.242981,test_acc===0.686275
INFO:root:epoch:611 train_eval_loss-->0.437691,train_acc-->0.991150,test_eval_loss-->1.214461,test_acc===0.725490
INFO:root:epoch:612 train_eval_loss-->0.373138,train_acc-->0.995575,test_eval_loss-->1.269112,test_acc===0.715686
INFO:root:epoch:613 train_eval_loss-->0.442840,train_acc-->0.998525,test_eval_loss-->1.284366,test_acc===0.700980
INFO:root:epoch:614 train_eval_loss-->0.489582,train_acc-->0.991150,test_eval_loss-->1.343157,test_acc===0.661765
INFO:root:epoch:615 train_eval_loss-->0.448124,train_acc-->1.000000,test_eval_loss-->1.203635,test_acc===0.740196
INFO:root:epoch:616 train_eval_loss-->0.375961,train_acc-->0.995575,test_eval_loss-->1.248666,test_acc===0.700980
INFO:root:epoch:617 train_eval_loss-->0.354866,train_acc-->1.000000,test_eval_loss-->1.185856,test_acc===0.735294
INFO:root:epoch:618 train_eval_loss-->0.333889,train_acc-->0.995575,test_eval_loss-->1.197994,test_acc===0.730392
INFO:root:epoch:619 train_eval_loss-->0.299856,train_acc-->0.995575,test_eval_loss-->1.165644,test_acc===0.735294
INFO:root:epoch:620 train_eval_loss-->0.328664,train_acc-->1.000000,test_eval_loss-->1.243978,test_acc===0.691176
INFO:root:epoch:621 train_eval_loss-->0.317590,train_acc-->1.000000,test_eval_loss-->1.178711,test_acc===0.745098
INFO:root:epoch:622 train_eval_loss-->0.328713,train_acc-->1.000000,test_eval_loss-->1.229960,test_acc===0.705882
INFO:root:epoch:623 train_eval_loss-->0.305983,train_acc-->1.000000,test_eval_loss-->1.191475,test_acc===0.730392
INFO:root:epoch:624 train_eval_loss-->0.304110,train_acc-->0.998525,test_eval_loss-->1.212168,test_acc===0.730392
INFO:root:epoch:625 train_eval_loss-->0.286727,train_acc-->1.000000,test_eval_loss-->1.197173,test_acc===0.725490
INFO:root:epoch:626 train_eval_loss-->0.244743,train_acc-->1.000000,test_eval_loss-->1.172121,test_acc===0.745098
INFO:root:epoch:627 train_eval_loss-->0.213405,train_acc-->1.000000,test_eval_loss-->1.173609,test_acc===0.750000
INFO:root:epoch:628 train_eval_loss-->0.217749,train_acc-->1.000000,test_eval_loss-->1.164299,test_acc===0.750000
INFO:root:epoch:629 train_eval_loss-->0.204994,train_acc-->1.000000,test_eval_loss-->1.174170,test_acc===0.740196
INFO:root:epoch:630 train_eval_loss-->0.192945,train_acc-->1.000000,test_eval_loss-->1.180500,test_acc===0.730392
INFO:root:epoch:631 train_eval_loss-->0.171790,train_acc-->1.000000,test_eval_loss-->1.156722,test_acc===0.759804
INFO:root:epoch:632 train_eval_loss-->0.158312,train_acc-->1.000000,test_eval_loss-->1.178938,test_acc===0.754902
INFO:root:epoch:633 train_eval_loss-->0.148085,train_acc-->1.000000,test_eval_loss-->1.160191,test_acc===0.740196
INFO:root:epoch:634 train_eval_loss-->0.141090,train_acc-->1.000000,test_eval_loss-->1.163640,test_acc===0.745098
INFO:root:epoch:635 train_eval_loss-->0.133693,train_acc-->1.000000,test_eval_loss-->1.161695,test_acc===0.764706
INFO:root:epoch:636 train_eval_loss-->0.124353,train_acc-->1.000000,test_eval_loss-->1.154840,test_acc===0.764706
INFO:root:epoch:637 train_eval_loss-->0.111337,train_acc-->1.000000,test_eval_loss-->1.157931,test_acc===0.754902
INFO:root:epoch:638 train_eval_loss-->0.112862,train_acc-->1.000000,test_eval_loss-->1.168804,test_acc===0.735294
INFO:root:epoch:639 train_eval_loss-->0.107765,train_acc-->1.000000,test_eval_loss-->1.161601,test_acc===0.750000
INFO:root:epoch:640 train_eval_loss-->0.097304,train_acc-->1.000000,test_eval_loss-->1.164405,test_acc===0.759804
INFO:root:epoch:641 train_eval_loss-->0.090618,train_acc-->1.000000,test_eval_loss-->1.162769,test_acc===0.750000
INFO:root:epoch:642 train_eval_loss-->0.084664,train_acc-->1.000000,test_eval_loss-->1.162634,test_acc===0.754902
INFO:root:epoch:643 train_eval_loss-->0.071449,train_acc-->1.000000,test_eval_loss-->1.160394,test_acc===0.750000
INFO:root:epoch:644 train_eval_loss-->0.065761,train_acc-->1.000000,test_eval_loss-->1.155575,test_acc===0.750000
INFO:root:epoch:645 train_eval_loss-->0.066134,train_acc-->1.000000,test_eval_loss-->1.157859,test_acc===0.759804
INFO:root:epoch:646 train_eval_loss-->0.060048,train_acc-->1.000000,test_eval_loss-->1.161783,test_acc===0.750000
INFO:root:epoch:647 train_eval_loss-->0.059272,train_acc-->1.000000,test_eval_loss-->1.159994,test_acc===0.754902
INFO:root:epoch:648 train_eval_loss-->0.058348,train_acc-->1.000000,test_eval_loss-->1.160035,test_acc===0.750000
INFO:root:epoch:649 train_eval_loss-->0.055223,train_acc-->1.000000,test_eval_loss-->1.159544,test_acc===0.750000
INFO:root:epoch:650 train_eval_loss-->0.056690,train_acc-->1.000000,test_eval_loss-->1.157979,test_acc===0.764706
INFO:root:epoch:651 train_eval_loss-->0.057030,train_acc-->1.000000,test_eval_loss-->1.157716,test_acc===0.750000
INFO:root:epoch:652 train_eval_loss-->0.055877,train_acc-->1.000000,test_eval_loss-->1.158174,test_acc===0.759804
INFO:root:epoch:653 train_eval_loss-->0.057139,train_acc-->1.000000,test_eval_loss-->1.157068,test_acc===0.759804
INFO:root:epoch:654 train_eval_loss-->0.055364,train_acc-->1.000000,test_eval_loss-->1.158728,test_acc===0.759804
INFO:root:epoch:655 train_eval_loss-->0.060332,train_acc-->1.000000,test_eval_loss-->1.158340,test_acc===0.750000
INFO:root:epoch:656 train_eval_loss-->0.060153,train_acc-->1.000000,test_eval_loss-->1.159048,test_acc===0.759804
INFO:root:epoch:657 train_eval_loss-->0.058938,train_acc-->1.000000,test_eval_loss-->1.161566,test_acc===0.745098
INFO:root:epoch:658 train_eval_loss-->0.065154,train_acc-->1.000000,test_eval_loss-->1.159415,test_acc===0.754902
INFO:root:epoch:659 train_eval_loss-->0.069416,train_acc-->1.000000,test_eval_loss-->1.163553,test_acc===0.745098
INFO:root:epoch:660 train_eval_loss-->0.069860,train_acc-->1.000000,test_eval_loss-->1.158101,test_acc===0.745098
INFO:root:epoch:661 train_eval_loss-->0.076651,train_acc-->1.000000,test_eval_loss-->1.165229,test_acc===0.750000
INFO:root:epoch:662 train_eval_loss-->0.083784,train_acc-->1.000000,test_eval_loss-->1.162641,test_acc===0.745098
INFO:root:epoch:663 train_eval_loss-->0.090201,train_acc-->1.000000,test_eval_loss-->1.157950,test_acc===0.759804
INFO:root:epoch:664 train_eval_loss-->0.105283,train_acc-->1.000000,test_eval_loss-->1.163767,test_acc===0.740196
INFO:root:epoch:665 train_eval_loss-->0.143415,train_acc-->1.000000,test_eval_loss-->1.149110,test_acc===0.754902
INFO:root:epoch:666 train_eval_loss-->0.144871,train_acc-->1.000000,test_eval_loss-->1.186592,test_acc===0.725490
INFO:root:epoch:667 train_eval_loss-->0.176020,train_acc-->1.000000,test_eval_loss-->1.171414,test_acc===0.745098
INFO:root:epoch:668 train_eval_loss-->0.140930,train_acc-->1.000000,test_eval_loss-->1.175561,test_acc===0.725490
INFO:root:epoch:669 train_eval_loss-->0.161160,train_acc-->1.000000,test_eval_loss-->1.164401,test_acc===0.754902
INFO:root:epoch:670 train_eval_loss-->0.180284,train_acc-->1.000000,test_eval_loss-->1.167112,test_acc===0.745098
INFO:root:epoch:671 train_eval_loss-->0.198926,train_acc-->1.000000,test_eval_loss-->1.173200,test_acc===0.754902
INFO:root:epoch:672 train_eval_loss-->0.218690,train_acc-->1.000000,test_eval_loss-->1.190391,test_acc===0.740196
INFO:root:epoch:673 train_eval_loss-->0.203209,train_acc-->1.000000,test_eval_loss-->1.181656,test_acc===0.745098
INFO:root:epoch:674 train_eval_loss-->0.243522,train_acc-->1.000000,test_eval_loss-->1.196790,test_acc===0.710784
INFO:root:epoch:675 train_eval_loss-->0.276089,train_acc-->1.000000,test_eval_loss-->1.170533,test_acc===0.750000
INFO:root:epoch:676 train_eval_loss-->0.236748,train_acc-->1.000000,test_eval_loss-->1.212411,test_acc===0.710784
INFO:root:epoch:677 train_eval_loss-->0.262502,train_acc-->1.000000,test_eval_loss-->1.252940,test_acc===0.705882
INFO:root:epoch:678 train_eval_loss-->0.316233,train_acc-->1.000000,test_eval_loss-->1.223836,test_acc===0.700980
INFO:root:epoch:679 train_eval_loss-->0.269431,train_acc-->1.000000,test_eval_loss-->1.200950,test_acc===0.710784
INFO:root:epoch:680 train_eval_loss-->0.335333,train_acc-->0.998525,test_eval_loss-->1.183941,test_acc===0.720588
INFO:root:epoch:681 train_eval_loss-->0.366791,train_acc-->0.986726,test_eval_loss-->1.189011,test_acc===0.745098
INFO:root:epoch:682 train_eval_loss-->0.348158,train_acc-->0.998525,test_eval_loss-->1.173935,test_acc===0.745098
INFO:root:epoch:683 train_eval_loss-->0.341503,train_acc-->0.994100,test_eval_loss-->1.281654,test_acc===0.681373
INFO:root:epoch:684 train_eval_loss-->0.339654,train_acc-->0.998525,test_eval_loss-->1.239364,test_acc===0.691176
INFO:root:epoch:685 train_eval_loss-->0.411696,train_acc-->0.995575,test_eval_loss-->1.179735,test_acc===0.735294
INFO:root:epoch:686 train_eval_loss-->0.408374,train_acc-->1.000000,test_eval_loss-->1.197865,test_acc===0.710784
INFO:root:epoch:687 train_eval_loss-->0.407730,train_acc-->1.000000,test_eval_loss-->1.267578,test_acc===0.740196
INFO:root:epoch:688 train_eval_loss-->0.397042,train_acc-->0.997050,test_eval_loss-->1.299554,test_acc===0.671569
INFO:root:epoch:689 train_eval_loss-->0.428551,train_acc-->1.000000,test_eval_loss-->1.286152,test_acc===0.696078
INFO:root:epoch:690 train_eval_loss-->0.445714,train_acc-->0.991150,test_eval_loss-->1.214128,test_acc===0.720588
INFO:root:epoch:691 train_eval_loss-->0.437096,train_acc-->0.991150,test_eval_loss-->1.252047,test_acc===0.700980
INFO:root:epoch:692 train_eval_loss-->0.410236,train_acc-->0.998525,test_eval_loss-->1.302687,test_acc===0.661765
INFO:root:epoch:693 train_eval_loss-->0.507940,train_acc-->0.994100,test_eval_loss-->1.279387,test_acc===0.681373
INFO:root:epoch:694 train_eval_loss-->0.485784,train_acc-->0.989676,test_eval_loss-->1.205930,test_acc===0.745098
INFO:root:epoch:695 train_eval_loss-->0.494271,train_acc-->0.995575,test_eval_loss-->1.276642,test_acc===0.705882
INFO:root:epoch:696 train_eval_loss-->0.450511,train_acc-->0.992625,test_eval_loss-->1.288167,test_acc===0.671569
INFO:root:epoch:697 train_eval_loss-->0.537705,train_acc-->0.995575,test_eval_loss-->1.255197,test_acc===0.681373
INFO:root:epoch:698 train_eval_loss-->0.523511,train_acc-->0.979351,test_eval_loss-->1.298495,test_acc===0.666667
INFO:root:epoch:699 train_eval_loss-->0.539533,train_acc-->0.992625,test_eval_loss-->1.283548,test_acc===0.696078
INFO:root:epoch:700 train_eval_loss-->0.462301,train_acc-->0.998525,test_eval_loss-->1.248967,test_acc===0.696078
INFO:root:epoch:701 train_eval_loss-->0.488592,train_acc-->0.985251,test_eval_loss-->1.282600,test_acc===0.696078
INFO:root:epoch:702 train_eval_loss-->0.440197,train_acc-->0.997050,test_eval_loss-->1.238404,test_acc===0.720588
INFO:root:epoch:703 train_eval_loss-->0.427640,train_acc-->0.991150,test_eval_loss-->1.217687,test_acc===0.730392
INFO:root:epoch:704 train_eval_loss-->0.506934,train_acc-->0.997050,test_eval_loss-->1.266591,test_acc===0.681373
INFO:root:epoch:705 train_eval_loss-->0.410710,train_acc-->0.998525,test_eval_loss-->1.246338,test_acc===0.686275
INFO:root:epoch:706 train_eval_loss-->0.407270,train_acc-->0.991150,test_eval_loss-->1.228435,test_acc===0.730392
INFO:root:epoch:707 train_eval_loss-->0.411228,train_acc-->1.000000,test_eval_loss-->1.198975,test_acc===0.730392
INFO:root:epoch:708 train_eval_loss-->0.481274,train_acc-->0.982301,test_eval_loss-->1.280849,test_acc===0.696078
INFO:root:epoch:709 train_eval_loss-->0.460067,train_acc-->1.000000,test_eval_loss-->1.306099,test_acc===0.681373
INFO:root:epoch:710 train_eval_loss-->0.449122,train_acc-->1.000000,test_eval_loss-->1.309239,test_acc===0.656863
INFO:root:epoch:711 train_eval_loss-->0.473860,train_acc-->0.995575,test_eval_loss-->1.292643,test_acc===0.686275
INFO:root:epoch:712 train_eval_loss-->0.460227,train_acc-->0.998525,test_eval_loss-->1.259397,test_acc===0.715686
INFO:root:epoch:713 train_eval_loss-->0.363627,train_acc-->0.997050,test_eval_loss-->1.216143,test_acc===0.754902
INFO:root:epoch:714 train_eval_loss-->0.352043,train_acc-->0.995575,test_eval_loss-->1.164242,test_acc===0.745098
INFO:root:epoch:715 train_eval_loss-->0.373166,train_acc-->0.995575,test_eval_loss-->1.211272,test_acc===0.720588
INFO:root:epoch:716 train_eval_loss-->0.383525,train_acc-->1.000000,test_eval_loss-->1.208438,test_acc===0.740196
INFO:root:epoch:717 train_eval_loss-->0.368332,train_acc-->0.994100,test_eval_loss-->1.196108,test_acc===0.725490
INFO:root:epoch:718 train_eval_loss-->0.343878,train_acc-->0.995575,test_eval_loss-->1.236044,test_acc===0.696078
INFO:root:epoch:719 train_eval_loss-->0.322178,train_acc-->1.000000,test_eval_loss-->1.190697,test_acc===0.730392
INFO:root:epoch:720 train_eval_loss-->0.302933,train_acc-->1.000000,test_eval_loss-->1.213554,test_acc===0.730392
INFO:root:epoch:721 train_eval_loss-->0.281014,train_acc-->0.997050,test_eval_loss-->1.185320,test_acc===0.720588
INFO:root:epoch:722 train_eval_loss-->0.260308,train_acc-->1.000000,test_eval_loss-->1.210818,test_acc===0.720588
INFO:root:epoch:723 train_eval_loss-->0.284393,train_acc-->1.000000,test_eval_loss-->1.204930,test_acc===0.725490
INFO:root:epoch:724 train_eval_loss-->0.256898,train_acc-->0.994100,test_eval_loss-->1.162307,test_acc===0.779412
INFO:root:epoch:725 train_eval_loss-->0.239478,train_acc-->1.000000,test_eval_loss-->1.195416,test_acc===0.725490
INFO:root:epoch:726 train_eval_loss-->0.247866,train_acc-->1.000000,test_eval_loss-->1.167523,test_acc===0.769608
INFO:root:epoch:727 train_eval_loss-->0.219299,train_acc-->1.000000,test_eval_loss-->1.196753,test_acc===0.730392
INFO:root:epoch:728 train_eval_loss-->0.186539,train_acc-->1.000000,test_eval_loss-->1.193289,test_acc===0.725490
INFO:root:epoch:729 train_eval_loss-->0.205628,train_acc-->1.000000,test_eval_loss-->1.167329,test_acc===0.769608
INFO:root:epoch:730 train_eval_loss-->0.200554,train_acc-->1.000000,test_eval_loss-->1.174555,test_acc===0.745098
INFO:root:epoch:731 train_eval_loss-->0.195620,train_acc-->1.000000,test_eval_loss-->1.160595,test_acc===0.769608
INFO:root:epoch:732 train_eval_loss-->0.164718,train_acc-->1.000000,test_eval_loss-->1.173533,test_acc===0.740196
INFO:root:epoch:733 train_eval_loss-->0.154219,train_acc-->1.000000,test_eval_loss-->1.171314,test_acc===0.745098
INFO:root:epoch:734 train_eval_loss-->0.137375,train_acc-->1.000000,test_eval_loss-->1.160589,test_acc===0.764706
INFO:root:epoch:735 train_eval_loss-->0.140308,train_acc-->1.000000,test_eval_loss-->1.158510,test_acc===0.759804
INFO:root:epoch:736 train_eval_loss-->0.139350,train_acc-->1.000000,test_eval_loss-->1.167118,test_acc===0.754902
INFO:root:epoch:737 train_eval_loss-->0.104280,train_acc-->1.000000,test_eval_loss-->1.158460,test_acc===0.779412
INFO:root:epoch:738 train_eval_loss-->0.096863,train_acc-->1.000000,test_eval_loss-->1.158024,test_acc===0.764706
INFO:root:epoch:739 train_eval_loss-->0.096992,train_acc-->1.000000,test_eval_loss-->1.162083,test_acc===0.764706
INFO:root:epoch:740 train_eval_loss-->0.086253,train_acc-->1.000000,test_eval_loss-->1.159643,test_acc===0.759804
INFO:root:epoch:741 train_eval_loss-->0.078601,train_acc-->1.000000,test_eval_loss-->1.158827,test_acc===0.769608
INFO:root:epoch:742 train_eval_loss-->0.071568,train_acc-->1.000000,test_eval_loss-->1.154133,test_acc===0.774510
INFO:root:epoch:743 train_eval_loss-->0.065087,train_acc-->1.000000,test_eval_loss-->1.156608,test_acc===0.779412
INFO:root:epoch:744 train_eval_loss-->0.063145,train_acc-->1.000000,test_eval_loss-->1.155541,test_acc===0.764706
INFO:root:epoch:745 train_eval_loss-->0.058412,train_acc-->1.000000,test_eval_loss-->1.156298,test_acc===0.784314
INFO:root:epoch:746 train_eval_loss-->0.060830,train_acc-->1.000000,test_eval_loss-->1.159323,test_acc===0.764706
INFO:root:epoch:747 train_eval_loss-->0.054443,train_acc-->1.000000,test_eval_loss-->1.157358,test_acc===0.784314
INFO:root:epoch:748 train_eval_loss-->0.054498,train_acc-->1.000000,test_eval_loss-->1.155581,test_acc===0.779412
INFO:root:epoch:749 train_eval_loss-->0.051856,train_acc-->1.000000,test_eval_loss-->1.156100,test_acc===0.779412
INFO:root:epoch:750 train_eval_loss-->0.051714,train_acc-->1.000000,test_eval_loss-->1.155459,test_acc===0.774510
INFO:root:epoch:751 train_eval_loss-->0.050176,train_acc-->1.000000,test_eval_loss-->1.156011,test_acc===0.774510
INFO:root:epoch:752 train_eval_loss-->0.051156,train_acc-->1.000000,test_eval_loss-->1.158259,test_acc===0.774510
INFO:root:epoch:753 train_eval_loss-->0.052070,train_acc-->1.000000,test_eval_loss-->1.156472,test_acc===0.784314
INFO:root:epoch:754 train_eval_loss-->0.055454,train_acc-->1.000000,test_eval_loss-->1.155591,test_acc===0.779412
INFO:root:epoch:755 train_eval_loss-->0.054037,train_acc-->1.000000,test_eval_loss-->1.157315,test_acc===0.774510
INFO:root:epoch:756 train_eval_loss-->0.055310,train_acc-->1.000000,test_eval_loss-->1.158983,test_acc===0.774510
INFO:root:epoch:757 train_eval_loss-->0.057059,train_acc-->1.000000,test_eval_loss-->1.154681,test_acc===0.774510
INFO:root:epoch:758 train_eval_loss-->0.056823,train_acc-->1.000000,test_eval_loss-->1.160786,test_acc===0.769608
INFO:root:epoch:759 train_eval_loss-->0.066613,train_acc-->1.000000,test_eval_loss-->1.161274,test_acc===0.764706
INFO:root:epoch:760 train_eval_loss-->0.067909,train_acc-->1.000000,test_eval_loss-->1.159092,test_acc===0.769608
INFO:root:epoch:761 train_eval_loss-->0.080214,train_acc-->1.000000,test_eval_loss-->1.159698,test_acc===0.764706
INFO:root:epoch:762 train_eval_loss-->0.079008,train_acc-->1.000000,test_eval_loss-->1.155291,test_acc===0.784314
INFO:root:epoch:763 train_eval_loss-->0.099594,train_acc-->1.000000,test_eval_loss-->1.167029,test_acc===0.759804
INFO:root:epoch:764 train_eval_loss-->0.094020,train_acc-->1.000000,test_eval_loss-->1.159528,test_acc===0.759804
INFO:root:epoch:765 train_eval_loss-->0.097117,train_acc-->1.000000,test_eval_loss-->1.168887,test_acc===0.750000
INFO:root:epoch:766 train_eval_loss-->0.107366,train_acc-->1.000000,test_eval_loss-->1.153309,test_acc===0.769608
INFO:root:epoch:767 train_eval_loss-->0.104456,train_acc-->1.000000,test_eval_loss-->1.165080,test_acc===0.754902
INFO:root:epoch:768 train_eval_loss-->0.120644,train_acc-->1.000000,test_eval_loss-->1.161416,test_acc===0.769608
INFO:root:epoch:769 train_eval_loss-->0.129283,train_acc-->1.000000,test_eval_loss-->1.153904,test_acc===0.769608
INFO:root:epoch:770 train_eval_loss-->0.157379,train_acc-->1.000000,test_eval_loss-->1.168985,test_acc===0.750000
INFO:root:epoch:771 train_eval_loss-->0.184571,train_acc-->1.000000,test_eval_loss-->1.163444,test_acc===0.779412
INFO:root:epoch:772 train_eval_loss-->0.194957,train_acc-->1.000000,test_eval_loss-->1.164539,test_acc===0.745098
INFO:root:epoch:773 train_eval_loss-->0.218637,train_acc-->1.000000,test_eval_loss-->1.174977,test_acc===0.769608
INFO:root:epoch:774 train_eval_loss-->0.253728,train_acc-->1.000000,test_eval_loss-->1.223297,test_acc===0.691176
INFO:root:epoch:775 train_eval_loss-->0.275944,train_acc-->1.000000,test_eval_loss-->1.185590,test_acc===0.735294
INFO:root:epoch:776 train_eval_loss-->0.230206,train_acc-->1.000000,test_eval_loss-->1.197049,test_acc===0.740196
INFO:root:epoch:777 train_eval_loss-->0.287153,train_acc-->1.000000,test_eval_loss-->1.168040,test_acc===0.769608
INFO:root:epoch:778 train_eval_loss-->0.281002,train_acc-->0.992625,test_eval_loss-->1.180752,test_acc===0.715686
INFO:root:epoch:779 train_eval_loss-->0.237889,train_acc-->1.000000,test_eval_loss-->1.169246,test_acc===0.710784
INFO:root:epoch:780 train_eval_loss-->0.252601,train_acc-->1.000000,test_eval_loss-->1.183057,test_acc===0.745098
INFO:root:epoch:781 train_eval_loss-->0.312569,train_acc-->0.998525,test_eval_loss-->1.214973,test_acc===0.696078
INFO:root:epoch:782 train_eval_loss-->0.352253,train_acc-->1.000000,test_eval_loss-->1.266428,test_acc===0.696078
INFO:root:epoch:783 train_eval_loss-->0.413587,train_acc-->1.000000,test_eval_loss-->1.203774,test_acc===0.754902
INFO:root:epoch:784 train_eval_loss-->0.385327,train_acc-->1.000000,test_eval_loss-->1.198594,test_acc===0.750000
INFO:root:epoch:785 train_eval_loss-->0.389939,train_acc-->1.000000,test_eval_loss-->1.178589,test_acc===0.735294
INFO:root:epoch:786 train_eval_loss-->0.433475,train_acc-->0.991150,test_eval_loss-->1.301154,test_acc===0.705882
INFO:root:epoch:787 train_eval_loss-->0.356573,train_acc-->1.000000,test_eval_loss-->1.212303,test_acc===0.705882
INFO:root:epoch:788 train_eval_loss-->0.395803,train_acc-->1.000000,test_eval_loss-->1.271623,test_acc===0.710784
INFO:root:epoch:789 train_eval_loss-->0.418511,train_acc-->0.994100,test_eval_loss-->1.220406,test_acc===0.735294
INFO:root:epoch:790 train_eval_loss-->0.435759,train_acc-->0.986726,test_eval_loss-->1.238701,test_acc===0.735294
INFO:root:epoch:791 train_eval_loss-->0.395461,train_acc-->0.988201,test_eval_loss-->1.215810,test_acc===0.735294
INFO:root:epoch:792 train_eval_loss-->0.376694,train_acc-->0.995575,test_eval_loss-->1.219939,test_acc===0.705882
INFO:root:epoch:793 train_eval_loss-->0.384055,train_acc-->0.995575,test_eval_loss-->1.175728,test_acc===0.754902
INFO:root:epoch:794 train_eval_loss-->0.387009,train_acc-->0.995575,test_eval_loss-->1.293777,test_acc===0.666667
INFO:root:epoch:795 train_eval_loss-->0.436467,train_acc-->0.997050,test_eval_loss-->1.191446,test_acc===0.745098
INFO:root:epoch:796 train_eval_loss-->0.375049,train_acc-->0.998525,test_eval_loss-->1.243715,test_acc===0.691176
INFO:root:epoch:797 train_eval_loss-->0.387219,train_acc-->0.998525,test_eval_loss-->1.199548,test_acc===0.705882
INFO:root:epoch:798 train_eval_loss-->0.430044,train_acc-->0.998525,test_eval_loss-->1.249759,test_acc===0.705882
INFO:root:epoch:799 train_eval_loss-->0.427120,train_acc-->0.995575,test_eval_loss-->1.344976,test_acc===0.647059
INFO:root:the best test acc===0.784314
