2023-11-29 20:40:00 - #----------Config info----------#
2023-11-29 20:40:00 - network: Pointneted_plus,
2023-11-29 20:40:00 - data_path: /media/yxz/新加卷/teeth_ct_points/CT3Dpoints/,
2023-11-29 20:40:00 - label_path: /media/yxz/新加卷/teeth_ct_points/CT3Dpoints/三维坐标表格.xlsx,
2023-11-29 20:40:00 - pretrained_path: ./pre_trained/,
2023-11-29 20:40:00 - cfg: [32, 64, 96, 128, 256, 512, 256, 128, 64, 32, 16],
2023-11-29 20:40:00 - num_classes: 3,
2023-11-29 20:40:00 - input_size_h: 512,
2023-11-29 20:40:00 - input_size_w: 512,
2023-11-29 20:40:00 - input_channels: 64,
2023-11-29 20:40:00 - distributed: False,
2023-11-29 20:40:00 - local_rank: -1,
2023-11-29 20:40:00 - num_workers: 4,
2023-11-29 20:40:00 - seed: 42,
2023-11-29 20:40:00 - world_size: None,
2023-11-29 20:40:00 - rank: None,
2023-11-29 20:40:00 - amp: False,
2023-11-29 20:40:00 - gpu_id: 0,
2023-11-29 20:40:00 - batch_size: 3,
2023-11-29 20:40:00 - val_bs: 1,
2023-11-29 20:40:00 - epochs: 500,
2023-11-29 20:40:00 - deep_supervision: False,
2023-11-29 20:40:00 - tailadd: True,
2023-11-29 20:40:00 - threshold: 8.660254037844387,
2023-11-29 20:40:00 - rand_data: False,
2023-11-29 20:40:00 - mean_common: False,
2023-11-29 20:40:00 - train_mean: [14.954868, 14.954868, 14.954868, 14.289434, 14.289434, 14.289434, 14.1125, 14.1125, 14.1125, 14.056176, 14.056176, 14.056176, 13.785328, 13.785328, 13.785328, 13.722053, 13.722053, 13.722053, 13.750269, 13.750269, 13.750269, 13.865391, 13.865391, 13.865391, 13.599483, 13.599483, 13.599483, 13.461443, 13.461443, 13.461443, 13.129756, 13.129756, 13.129756, 13.074999, 13.074999, 13.074999, 12.753448, 12.753448, 12.753448, 12.493439, 12.493439, 12.493439, 12.677932, 12.677932, 12.677932, 13.07967, 13.07967, 13.07967, 13.719422],
2023-11-29 20:40:00 - train_std: [22.87497, 22.87497, 22.87497, 22.112495, 22.112495, 22.112495, 21.797848, 21.797848, 21.797848, 21.781454, 21.781454, 21.781454, 21.28348, 21.28348, 21.28348, 21.095448, 21.095448, 21.095448, 20.92146, 20.92146, 20.92146, 20.896275, 20.896275, 20.896275, 20.506004, 20.506004, 20.506004, 20.212786, 20.212786, 20.212786, 19.626486, 19.626486, 19.626486, 19.707392, 19.707392, 19.707392, 18.69551, 18.69551, 18.69551, 18.23203, 18.23203, 18.23203, 18.210863, 18.210863, 18.210863, 18.354801, 18.354801, 18.354801, 18.88994],
2023-11-29 20:40:00 - val_mean: [14.826912, 14.826912, 14.826912, 14.212075, 14.212075, 14.212075, 13.595315, 13.595315, 13.595315, 13.550468, 13.550468, 13.550468, 13.305538, 13.305538, 13.305538, 13.118886, 13.118886, 13.118886, 12.883329, 12.883329, 12.883329, 12.984672, 12.984672, 12.984672, 12.604348, 12.604348, 12.604348, 12.2998, 12.2998, 12.2998, 11.946927, 11.946927, 11.946927, 11.675448, 11.675448, 11.675448, 11.444169, 11.444169, 11.444169, 11.2411375, 11.2411375, 11.2411375, 11.48266, 11.48266, 11.48266, 11.8663025, 11.8663025, 11.8663025, 12.958656],
2023-11-29 20:40:00 - val_std: [21.361225, 21.361225, 21.361225, 20.89243, 20.89243, 20.89243, 20.298468, 20.298468, 20.298468, 19.97749, 19.97749, 19.97749, 19.718876, 19.718876, 19.718876, 19.648207, 19.648207, 19.648207, 19.188372, 19.188372, 19.188372, 19.072523, 19.072523, 19.072523, 18.565912, 18.565912, 18.565912, 18.150368, 18.150368, 18.150368, 17.534283, 17.534283, 17.534283, 16.902555, 16.902555, 16.902555, 16.275156, 16.275156, 16.275156, 15.702714, 15.702714, 15.702714, 15.829111, 15.829111, 15.829111, 16.032715, 16.032715, 16.032715, 17.156271],
2023-11-29 20:40:00 - work_dir: results/Pointneted_plus_Wednesday_29_November_2023_20h_40m_00s/,
2023-11-29 20:40:00 - tensor_size: 0,
2023-11-29 20:40:00 - train_transformer: Compose(
    <utils.myToTensor object at 0x7fe9a14a7f40>
    <utils.myResize object at 0x7fea86e35040>
),
2023-11-29 20:40:00 - test_transformer: Compose(
    <utils.myToTensor object at 0x7fea86e35100>
    <utils.myResize object at 0x7fea86e35130>
),
2023-11-29 20:40:00 - opt: AdamW,
2023-11-29 20:40:00 - lr: 0.001,
2023-11-29 20:40:00 - betas: (0.9, 0.999),
2023-11-29 20:40:00 - eps: 1e-08,
2023-11-29 20:40:00 - weight_decay: 0.01,
2023-11-29 20:40:00 - amsgrad: False,
2023-11-29 20:40:00 - sch: CosineAnnealingLR,
2023-11-29 20:40:00 - T_max: 50,
2023-11-29 20:40:00 - eta_min: 1e-05,
2023-11-29 20:40:00 - last_epoch: -1,
INFO:root:train--mean-->[14.954868 14.954868 14.954868 14.289434 14.289434 14.289434 14.1125
 14.1125   14.1125   14.056176 14.056176 14.056176 13.785328 13.785328
 13.785328 13.722053 13.722053 13.722053 13.750269 13.750269 13.750269
 13.865391 13.865391 13.865391 13.599483 13.599483 13.599483 13.461443
 13.461443 13.461443 13.129756 13.129756 13.129756 13.074999 13.074999
 13.074999 12.753448 12.753448 12.753448 12.493439 12.493439 12.493439
 12.677932 12.677932 12.677932 13.07967  13.07967  13.07967  13.719422]
INFO:root:train--std-->[22.87497  22.87497  22.87497  22.112495 22.112495 22.112495 21.797848
 21.797848 21.797848 21.781454 21.781454 21.781454 21.28348  21.28348
 21.28348  21.095448 21.095448 21.095448 20.92146  20.92146  20.92146
 20.896275 20.896275 20.896275 20.506004 20.506004 20.506004 20.212786
 20.212786 20.212786 19.626486 19.626486 19.626486 19.707392 19.707392
 19.707392 18.69551  18.69551  18.69551  18.23203  18.23203  18.23203
 18.210863 18.210863 18.210863 18.354801 18.354801 18.354801 18.88994 ]
INFO:root:val--mean-->[14.826912  14.826912  14.826912  14.212075  14.212075  14.212075
 13.595315  13.595315  13.595315  13.550468  13.550468  13.550468
 13.305538  13.305538  13.305538  13.118886  13.118886  13.118886
 12.883329  12.883329  12.883329  12.984672  12.984672  12.984672
 12.604348  12.604348  12.604348  12.2998    12.2998    12.2998
 11.946927  11.946927  11.946927  11.675448  11.675448  11.675448
 11.444169  11.444169  11.444169  11.2411375 11.2411375 11.2411375
 11.48266   11.48266   11.48266   11.8663025 11.8663025 11.8663025
 12.958656 ]
INFO:root:val--std-->[21.361225 21.361225 21.361225 20.89243  20.89243  20.89243  20.298468
 20.298468 20.298468 19.97749  19.97749  19.97749  19.718876 19.718876
 19.718876 19.648207 19.648207 19.648207 19.188372 19.188372 19.188372
 19.072523 19.072523 19.072523 18.565912 18.565912 18.565912 18.150368
 18.150368 18.150368 17.534283 17.534283 17.534283 16.902555 16.902555
 16.902555 16.275156 16.275156 16.275156 15.702714 15.702714 15.702714
 15.829111 15.829111 15.829111 16.032715 16.032715 16.032715 17.156271]
INFO:root:real_input_channels-->49
