2023-11-25 19:12:35 - #----------Config info----------#
2023-11-25 19:12:35 - network: Pointneted_plus,
2023-11-25 19:12:35 - data_path: /media/yxz/新加卷/teeth_ct_points/CT3Dpoints/,
2023-11-25 19:12:35 - label_path: /media/yxz/新加卷/teeth_ct_points/CT3Dpoints/三维坐标表格.xlsx,
2023-11-25 19:12:35 - pretrained_path: ./pre_trained/,
2023-11-25 19:12:35 - num_classes: 3,
2023-11-25 19:12:35 - input_size_h: 512,
2023-11-25 19:12:35 - input_size_w: 512,
2023-11-25 19:12:35 - input_channels: 50,
2023-11-25 19:12:35 - distributed: False,
2023-11-25 19:12:35 - local_rank: -1,
2023-11-25 19:12:35 - num_workers: 4,
2023-11-25 19:12:35 - seed: 42,
2023-11-25 19:12:35 - world_size: None,
2023-11-25 19:12:35 - rank: None,
2023-11-25 19:12:35 - amp: False,
2023-11-25 19:12:35 - gpu_id: 0,
2023-11-25 19:12:35 - batch_size: 2,
2023-11-25 19:12:35 - val_bs: 1,
2023-11-25 19:12:35 - epochs: 500,
2023-11-25 19:12:35 - deep_supervision: False,
2023-11-25 19:12:35 - tailadd: False,
2023-11-25 19:12:35 - threshold: 8.660254037844387,
2023-11-25 19:12:35 - train_mean: [38.167084, 36.47113, 35.658463, 34.7275, 34.397972, 34.392757, 33.96709, 34.126865, 34.28234, 33.729267, 32.7962, 32.064926, 31.681631, 31.124203, 30.844501, 31.361849, 32.73974, 34.215652, 36.648277, 38.611458, 40.539837, 42.120747, 43.28669, 44.45494, 45.614132, 46.21989, 47.45023, 48.500004, 49.44821, 50.419426, 52.140045, 53.649082, 54.722622, 55.427254, 55.996006, 56.55678, 57.03274, 56.78339, 56.16994, 56.052105, 56.084873, 55.73664, 55.51461, 54.455627, 53.19349, 51.708523, 50.496777, 48.39798, 46.618237],
2023-11-25 19:12:35 - train_std: [52.12329, 51.107494, 50.941055, 50.223755, 50.00628, 50.154346, 49.390217, 49.584064, 49.46689, 48.635002, 46.955963, 45.86415, 45.254314, 44.008198, 43.081245, 43.15782, 44.181343, 45.16833, 47.433487, 48.60615, 50.44894, 51.635715, 52.542904, 53.638527, 54.554443, 54.860928, 55.634895, 56.127644, 56.314377, 56.52658, 57.31575, 57.992775, 58.40813, 58.65052, 58.6726, 58.786034, 59.043797, 59.15101, 58.878242, 59.1303, 59.565495, 59.95643, 60.605595, 60.74457, 60.784153, 60.811424, 61.18004, 60.75567, 60.8064],
2023-11-25 19:12:35 - val_mean: [39.743374, 38.122738, 37.19561, 35.71686, 35.202812, 34.790627, 34.621647, 34.678947, 34.44854, 33.327152, 32.52173, 31.267305, 30.603254, 30.013475, 29.536041, 30.480452, 31.952286, 33.71057, 36.010574, 38.201912, 39.313183, 42.94376, 44.53766, 45.518337, 46.94797, 46.58542, 47.49811, 48.238167, 51.026104, 52.292915, 52.69654, 53.169758, 53.87486, 55.697067, 57.654236, 57.586315, 57.758514, 57.174618, 57.736595, 57.24419, 57.544117, 57.37176, 56.43062, 55.96641, 55.325653, 53.10815, 52.179287, 50.27785, 47.04305],
2023-11-25 19:12:35 - val_std: [53.15056, 52.15993, 51.616505, 50.33102, 50.21509, 50.081203, 50.03935, 49.86299, 49.531567, 48.28274, 46.95426, 45.172287, 43.96861, 42.88531, 41.24616, 42.37183, 43.43441, 44.75589, 46.571957, 48.567627, 49.173023, 51.97025, 53.31617, 54.147503, 55.217754, 54.256313, 54.82137, 55.228252, 57.024765, 57.493202, 57.21687, 57.12449, 57.009945, 58.07164, 58.968643, 58.816093, 58.97068, 58.471672, 58.976105, 58.958794, 59.510704, 60.026344, 60.16703, 60.841858, 61.621956, 61.22611, 61.83866, 62.08808, 61.1031],
2023-11-25 19:12:35 - work_dir: results/Pointneted_plus_Saturday_25_November_2023_19h_12m_35s/,
2023-11-25 19:12:35 - tensor_size: 0,
2023-11-25 19:12:35 - train_transformer: Compose(
    <utils.myToTensor object at 0x7f35e6049ca0>
    <utils.myResize object at 0x7f36d058b040>
),
2023-11-25 19:12:35 - test_transformer: Compose(
    <utils.myToTensor object at 0x7f36d058b100>
    <utils.myResize object at 0x7f36d058b130>
),
2023-11-25 19:12:35 - opt: AdamW,
2023-11-25 19:12:35 - lr: 0.001,
2023-11-25 19:12:35 - betas: (0.9, 0.999),
2023-11-25 19:12:35 - eps: 1e-08,
2023-11-25 19:12:35 - weight_decay: 0.01,
2023-11-25 19:12:35 - amsgrad: False,
2023-11-25 19:12:35 - sch: CosineAnnealingLR,
2023-11-25 19:12:35 - T_max: 50,
2023-11-25 19:12:35 - eta_min: 1e-05,
2023-11-25 19:12:35 - last_epoch: -1,
INFO:root:train--mean-->[38.167084 36.282433 35.33206  34.501812 34.328514 34.089027 34.31968
 33.73886  32.711807 32.053596 31.459759 30.585314 31.001612 33.272953
 35.307125 38.128185 40.230755 42.040703 44.116833 45.84692  47.189285
 47.862453 48.426006 49.57462  52.22601  53.281166 54.930416 56.534332
 57.352085 56.95121  57.324894 57.49759  56.55992  56.331055 55.17509
 54.127663 52.373817 50.89992  48.497612]
INFO:root:train--std-->[52.12329  51.057114 50.723377 50.020023 49.900814 49.63214  49.755882
 48.712685 46.795483 45.929806 44.718845 42.959393 42.76004  44.71938
 46.294544 48.44385  50.051918 51.224293 53.183487 54.529037 55.75727
 55.95652  55.686085 55.97867  57.426598 57.671047 58.335773 59.0423
 59.419876 58.994972 59.271538 59.866512 59.72463  60.359943 60.47457
 60.809494 60.94609  61.61655  61.53486 ]
INFO:root:val--mean-->[39.743374 38.16159  35.981613 35.175102 34.821747 34.66996  34.902107
 33.557873 32.367306 30.496664 30.04895  30.051113 30.893473 32.617393
 34.986366 37.390694 38.816868 43.531536 46.169476 47.322735 48.338676
 48.45115  49.237038 51.445995 53.294563 54.057976 56.10798  57.164093
 57.618046 58.610104 59.268894 58.641697 58.346096 57.486603 55.83476
 56.010654 53.459843 51.648716 48.775227]
INFO:root:val--std-->[53.15056  52.41803  50.547348 50.23925  50.082355 50.169308 50.052937
 48.502098 46.916042 43.75044  43.01239  42.61044  42.797318 43.966656
 45.68977  47.6849   48.543884 52.11773  54.28278  55.20659  55.96188
 55.434357 55.374165 56.832394 57.565952 57.30123  58.380104 58.657207
 58.44689  59.21948  59.798214 59.575493 59.972317 60.18399  60.135838
 61.70569  61.40478  61.918755 61.68547 ]
INFO:root:real_input_channels-->39
INFO:root:epoch:0 train_eval_loss-->4.719097,train_acc-->0.029499,test_eval_loss-->3.658554,test_acc===0.107843
INFO:root:epoch:1 train_eval_loss-->3.518402,train_acc-->0.100295,test_eval_loss-->3.494185,test_acc===0.078431
INFO:root:epoch:2 train_eval_loss-->3.260241,train_acc-->0.115044,test_eval_loss-->2.797481,test_acc===0.196078
INFO:root:epoch:3 train_eval_loss-->3.128490,train_acc-->0.097345,test_eval_loss-->2.967935,test_acc===0.166667
INFO:root:epoch:4 train_eval_loss-->3.099402,train_acc-->0.182891,test_eval_loss-->3.408955,test_acc===0.078431
INFO:root:epoch:5 train_eval_loss-->2.894020,train_acc-->0.179941,test_eval_loss-->2.634708,test_acc===0.176471
INFO:root:epoch:6 train_eval_loss-->2.860259,train_acc-->0.150442,test_eval_loss-->3.196537,test_acc===0.049020
INFO:root:epoch:7 train_eval_loss-->2.930404,train_acc-->0.162242,test_eval_loss-->2.730159,test_acc===0.137255
INFO:root:epoch:8 train_eval_loss-->2.712118,train_acc-->0.197640,test_eval_loss-->2.769809,test_acc===0.088235
INFO:root:epoch:9 train_eval_loss-->2.533733,train_acc-->0.209440,test_eval_loss-->2.436656,test_acc===0.196078
INFO:root:epoch:10 train_eval_loss-->2.508494,train_acc-->0.265487,test_eval_loss-->2.371249,test_acc===0.225490
INFO:root:epoch:11 train_eval_loss-->2.503650,train_acc-->0.224189,test_eval_loss-->2.518486,test_acc===0.303922
INFO:root:epoch:12 train_eval_loss-->2.449692,train_acc-->0.265487,test_eval_loss-->2.835894,test_acc===0.196078
INFO:root:epoch:13 train_eval_loss-->2.474207,train_acc-->0.215339,test_eval_loss-->2.261354,test_acc===0.294118
INFO:root:epoch:14 train_eval_loss-->2.190532,train_acc-->0.280236,test_eval_loss-->1.817154,test_acc===0.490196
INFO:root:epoch:15 train_eval_loss-->2.104863,train_acc-->0.303835,test_eval_loss-->2.908666,test_acc===0.009804
INFO:root:epoch:16 train_eval_loss-->1.961748,train_acc-->0.345133,test_eval_loss-->1.676963,test_acc===0.509804
INFO:root:epoch:17 train_eval_loss-->2.041143,train_acc-->0.286136,test_eval_loss-->1.803175,test_acc===0.450980
INFO:root:epoch:18 train_eval_loss-->1.682310,train_acc-->0.471976,test_eval_loss-->2.390778,test_acc===0.098039
INFO:root:epoch:19 train_eval_loss-->1.737385,train_acc-->0.398230,test_eval_loss-->1.591757,test_acc===0.539216
INFO:root:epoch:20 train_eval_loss-->1.676276,train_acc-->0.474926,test_eval_loss-->1.684453,test_acc===0.382353
INFO:root:epoch:21 train_eval_loss-->1.650499,train_acc-->0.483776,test_eval_loss-->1.665939,test_acc===0.480392
INFO:root:epoch:22 train_eval_loss-->1.470068,train_acc-->0.563422,test_eval_loss-->1.565996,test_acc===0.529412
INFO:root:epoch:23 train_eval_loss-->1.342526,train_acc-->0.640118,test_eval_loss-->1.627478,test_acc===0.549020
INFO:root:epoch:24 train_eval_loss-->1.298661,train_acc-->0.710914,test_eval_loss-->1.378741,test_acc===0.715686
INFO:root:epoch:25 train_eval_loss-->1.144312,train_acc-->0.752212,test_eval_loss-->1.465375,test_acc===0.588235
INFO:root:epoch:26 train_eval_loss-->1.141872,train_acc-->0.761062,test_eval_loss-->1.407835,test_acc===0.676471
INFO:root:epoch:27 train_eval_loss-->1.165234,train_acc-->0.772861,test_eval_loss-->1.396474,test_acc===0.676471
INFO:root:epoch:28 train_eval_loss-->0.982570,train_acc-->0.834808,test_eval_loss-->1.552012,test_acc===0.607843
INFO:root:epoch:29 train_eval_loss-->0.973020,train_acc-->0.873156,test_eval_loss-->1.444969,test_acc===0.647059
INFO:root:epoch:30 train_eval_loss-->0.919467,train_acc-->0.893805,test_eval_loss-->1.382013,test_acc===0.656863
INFO:root:epoch:31 train_eval_loss-->0.873535,train_acc-->0.917404,test_eval_loss-->1.334957,test_acc===0.715686
INFO:root:epoch:32 train_eval_loss-->0.798809,train_acc-->0.935103,test_eval_loss-->1.288395,test_acc===0.696078
INFO:root:epoch:33 train_eval_loss-->0.729426,train_acc-->0.935103,test_eval_loss-->1.365870,test_acc===0.705882
INFO:root:epoch:34 train_eval_loss-->0.748171,train_acc-->0.943953,test_eval_loss-->1.308895,test_acc===0.696078
INFO:root:epoch:35 train_eval_loss-->0.711221,train_acc-->0.952802,test_eval_loss-->1.253090,test_acc===0.715686
INFO:root:epoch:36 train_eval_loss-->0.620849,train_acc-->0.964602,test_eval_loss-->1.430872,test_acc===0.656863
INFO:root:epoch:37 train_eval_loss-->0.588434,train_acc-->0.973451,test_eval_loss-->1.349759,test_acc===0.705882
INFO:root:epoch:38 train_eval_loss-->0.545426,train_acc-->0.976401,test_eval_loss-->1.304485,test_acc===0.725490
INFO:root:epoch:39 train_eval_loss-->0.536775,train_acc-->0.973451,test_eval_loss-->1.220100,test_acc===0.715686
INFO:root:epoch:40 train_eval_loss-->0.436294,train_acc-->0.997050,test_eval_loss-->1.218794,test_acc===0.715686
INFO:root:epoch:41 train_eval_loss-->0.406433,train_acc-->0.994100,test_eval_loss-->1.270700,test_acc===0.676471
INFO:root:epoch:42 train_eval_loss-->0.377974,train_acc-->0.994100,test_eval_loss-->1.227872,test_acc===0.705882
INFO:root:epoch:43 train_eval_loss-->0.349016,train_acc-->0.997050,test_eval_loss-->1.223499,test_acc===0.705882
INFO:root:epoch:44 train_eval_loss-->0.320106,train_acc-->0.997050,test_eval_loss-->1.220193,test_acc===0.715686
INFO:root:epoch:45 train_eval_loss-->0.296633,train_acc-->0.997050,test_eval_loss-->1.243511,test_acc===0.696078
INFO:root:epoch:46 train_eval_loss-->0.286298,train_acc-->0.997050,test_eval_loss-->1.228136,test_acc===0.705882
INFO:root:epoch:47 train_eval_loss-->0.271650,train_acc-->0.997050,test_eval_loss-->1.221077,test_acc===0.705882
INFO:root:epoch:48 train_eval_loss-->0.266128,train_acc-->0.997050,test_eval_loss-->1.222430,test_acc===0.705882
INFO:root:epoch:49 train_eval_loss-->0.258672,train_acc-->0.997050,test_eval_loss-->1.224803,test_acc===0.705882
INFO:root:epoch:50 train_eval_loss-->0.253458,train_acc-->0.997050,test_eval_loss-->1.228758,test_acc===0.705882
INFO:root:epoch:51 train_eval_loss-->0.251558,train_acc-->0.997050,test_eval_loss-->1.222541,test_acc===0.715686
INFO:root:epoch:52 train_eval_loss-->0.253117,train_acc-->0.997050,test_eval_loss-->1.226346,test_acc===0.725490
INFO:root:epoch:53 train_eval_loss-->0.250806,train_acc-->0.997050,test_eval_loss-->1.233841,test_acc===0.705882
INFO:root:epoch:54 train_eval_loss-->0.251630,train_acc-->0.997050,test_eval_loss-->1.241139,test_acc===0.705882
INFO:root:epoch:55 train_eval_loss-->0.258169,train_acc-->0.997050,test_eval_loss-->1.242212,test_acc===0.705882
INFO:root:epoch:56 train_eval_loss-->0.263530,train_acc-->0.997050,test_eval_loss-->1.239529,test_acc===0.696078
INFO:root:epoch:57 train_eval_loss-->0.290020,train_acc-->0.997050,test_eval_loss-->1.244359,test_acc===0.686275
INFO:root:epoch:58 train_eval_loss-->0.329310,train_acc-->0.997050,test_eval_loss-->1.280334,test_acc===0.656863
INFO:root:epoch:59 train_eval_loss-->0.330995,train_acc-->0.997050,test_eval_loss-->1.305251,test_acc===0.656863
INFO:root:epoch:60 train_eval_loss-->0.436575,train_acc-->0.997050,test_eval_loss-->1.344201,test_acc===0.647059
INFO:root:epoch:61 train_eval_loss-->0.434790,train_acc-->0.994100,test_eval_loss-->1.297292,test_acc===0.676471
INFO:root:epoch:62 train_eval_loss-->0.458371,train_acc-->0.994100,test_eval_loss-->1.258141,test_acc===0.686275
INFO:root:epoch:63 train_eval_loss-->0.503725,train_acc-->0.991150,test_eval_loss-->1.281336,test_acc===0.705882
INFO:root:epoch:64 train_eval_loss-->0.530226,train_acc-->0.988201,test_eval_loss-->1.265397,test_acc===0.715686
INFO:root:epoch:65 train_eval_loss-->0.557002,train_acc-->0.988201,test_eval_loss-->1.309636,test_acc===0.705882
INFO:root:epoch:66 train_eval_loss-->0.573258,train_acc-->0.985251,test_eval_loss-->1.390000,test_acc===0.656863
INFO:root:epoch:67 train_eval_loss-->0.628396,train_acc-->0.973451,test_eval_loss-->1.421308,test_acc===0.598039
INFO:root:epoch:68 train_eval_loss-->0.729352,train_acc-->0.964602,test_eval_loss-->1.354147,test_acc===0.686275
INFO:root:epoch:69 train_eval_loss-->0.664949,train_acc-->0.994100,test_eval_loss-->1.391479,test_acc===0.686275
INFO:root:epoch:70 train_eval_loss-->0.694738,train_acc-->0.982301,test_eval_loss-->1.385213,test_acc===0.647059
INFO:root:epoch:71 train_eval_loss-->0.677227,train_acc-->0.964602,test_eval_loss-->1.429996,test_acc===0.627451
INFO:root:epoch:72 train_eval_loss-->0.762176,train_acc-->0.949853,test_eval_loss-->1.356621,test_acc===0.666667
INFO:root:epoch:73 train_eval_loss-->0.776114,train_acc-->0.911504,test_eval_loss-->1.453176,test_acc===0.588235
INFO:root:epoch:74 train_eval_loss-->0.859439,train_acc-->0.917404,test_eval_loss-->1.594495,test_acc===0.500000
INFO:root:epoch:75 train_eval_loss-->0.831050,train_acc-->0.917404,test_eval_loss-->1.416709,test_acc===0.627451
INFO:root:epoch:76 train_eval_loss-->0.851738,train_acc-->0.917404,test_eval_loss-->1.661576,test_acc===0.411765
INFO:root:epoch:77 train_eval_loss-->0.804026,train_acc-->0.926254,test_eval_loss-->1.259893,test_acc===0.725490
INFO:root:epoch:78 train_eval_loss-->0.928827,train_acc-->0.867257,test_eval_loss-->1.451256,test_acc===0.607843
INFO:root:epoch:79 train_eval_loss-->1.074246,train_acc-->0.808260,test_eval_loss-->1.488641,test_acc===0.705882
INFO:root:epoch:80 train_eval_loss-->0.940561,train_acc-->0.867257,test_eval_loss-->1.641916,test_acc===0.529412
INFO:root:epoch:81 train_eval_loss-->0.840889,train_acc-->0.914454,test_eval_loss-->1.387428,test_acc===0.617647
INFO:root:epoch:82 train_eval_loss-->0.991313,train_acc-->0.834808,test_eval_loss-->1.398784,test_acc===0.617647
INFO:root:epoch:83 train_eval_loss-->1.032633,train_acc-->0.825959,test_eval_loss-->1.594850,test_acc===0.549020
INFO:root:epoch:84 train_eval_loss-->1.006257,train_acc-->0.825959,test_eval_loss-->1.584881,test_acc===0.529412
INFO:root:epoch:85 train_eval_loss-->1.043634,train_acc-->0.787611,test_eval_loss-->1.322334,test_acc===0.696078
INFO:root:epoch:86 train_eval_loss-->1.048159,train_acc-->0.811209,test_eval_loss-->1.528821,test_acc===0.588235
INFO:root:epoch:87 train_eval_loss-->0.875103,train_acc-->0.870206,test_eval_loss-->1.460673,test_acc===0.666667
INFO:root:epoch:88 train_eval_loss-->0.953732,train_acc-->0.867257,test_eval_loss-->1.509631,test_acc===0.549020
INFO:root:epoch:89 train_eval_loss-->1.073779,train_acc-->0.778761,test_eval_loss-->1.668231,test_acc===0.470588
INFO:root:epoch:90 train_eval_loss-->1.127376,train_acc-->0.737463,test_eval_loss-->1.501891,test_acc===0.558824
INFO:root:epoch:91 train_eval_loss-->0.989141,train_acc-->0.843658,test_eval_loss-->1.679163,test_acc===0.460784
INFO:root:epoch:92 train_eval_loss-->0.875341,train_acc-->0.908555,test_eval_loss-->1.714251,test_acc===0.519608
INFO:root:epoch:93 train_eval_loss-->0.913866,train_acc-->0.873156,test_eval_loss-->1.604025,test_acc===0.529412
INFO:root:epoch:94 train_eval_loss-->0.827005,train_acc-->0.914454,test_eval_loss-->1.517053,test_acc===0.578431
INFO:root:epoch:95 train_eval_loss-->0.876018,train_acc-->0.884956,test_eval_loss-->1.773243,test_acc===0.411765
INFO:root:epoch:96 train_eval_loss-->0.881078,train_acc-->0.884956,test_eval_loss-->1.612991,test_acc===0.470588
INFO:root:epoch:97 train_eval_loss-->1.214546,train_acc-->0.719764,test_eval_loss-->1.655457,test_acc===0.568627
INFO:root:epoch:98 train_eval_loss-->1.019828,train_acc-->0.831858,test_eval_loss-->1.515329,test_acc===0.470588
INFO:root:epoch:99 train_eval_loss-->1.029330,train_acc-->0.814159,test_eval_loss-->1.765832,test_acc===0.500000
INFO:root:epoch:100 train_eval_loss-->0.909766,train_acc-->0.879056,test_eval_loss-->1.407843,test_acc===0.656863
INFO:root:epoch:101 train_eval_loss-->1.042741,train_acc-->0.817109,test_eval_loss-->1.452875,test_acc===0.598039
INFO:root:epoch:102 train_eval_loss-->0.905356,train_acc-->0.911504,test_eval_loss-->1.389474,test_acc===0.647059
INFO:root:epoch:103 train_eval_loss-->0.786590,train_acc-->0.926254,test_eval_loss-->1.279981,test_acc===0.745098
INFO:root:epoch:104 train_eval_loss-->0.724692,train_acc-->0.964602,test_eval_loss-->1.547904,test_acc===0.539216
INFO:root:epoch:105 train_eval_loss-->0.729478,train_acc-->0.961652,test_eval_loss-->1.406667,test_acc===0.686275
INFO:root:epoch:106 train_eval_loss-->0.746335,train_acc-->0.929204,test_eval_loss-->1.423526,test_acc===0.647059
INFO:root:epoch:107 train_eval_loss-->0.718230,train_acc-->0.952802,test_eval_loss-->1.286709,test_acc===0.735294
INFO:root:epoch:108 train_eval_loss-->0.828698,train_acc-->0.935103,test_eval_loss-->1.306251,test_acc===0.705882
INFO:root:epoch:109 train_eval_loss-->0.767966,train_acc-->0.926254,test_eval_loss-->1.363749,test_acc===0.656863
INFO:root:epoch:110 train_eval_loss-->0.787916,train_acc-->0.946903,test_eval_loss-->1.938340,test_acc===0.313725
INFO:root:epoch:111 train_eval_loss-->0.901557,train_acc-->0.861357,test_eval_loss-->1.482909,test_acc===0.558824
INFO:root:epoch:112 train_eval_loss-->0.737749,train_acc-->0.952802,test_eval_loss-->1.327878,test_acc===0.666667
INFO:root:epoch:113 train_eval_loss-->0.988503,train_acc-->0.837758,test_eval_loss-->1.424403,test_acc===0.637255
INFO:root:epoch:114 train_eval_loss-->0.749294,train_acc-->0.973451,test_eval_loss-->1.374542,test_acc===0.676471
INFO:root:epoch:115 train_eval_loss-->0.675522,train_acc-->0.982301,test_eval_loss-->1.305606,test_acc===0.686275
INFO:root:epoch:116 train_eval_loss-->0.579487,train_acc-->0.994100,test_eval_loss-->1.396171,test_acc===0.656863
INFO:root:epoch:117 train_eval_loss-->0.589493,train_acc-->0.973451,test_eval_loss-->1.359506,test_acc===0.666667
INFO:root:epoch:118 train_eval_loss-->0.560002,train_acc-->0.976401,test_eval_loss-->1.267255,test_acc===0.715686
INFO:root:epoch:119 train_eval_loss-->0.545349,train_acc-->0.979351,test_eval_loss-->1.459685,test_acc===0.588235
INFO:root:epoch:120 train_eval_loss-->0.492301,train_acc-->0.988201,test_eval_loss-->1.282998,test_acc===0.705882
INFO:root:epoch:121 train_eval_loss-->0.501865,train_acc-->0.988201,test_eval_loss-->1.368453,test_acc===0.656863
INFO:root:epoch:122 train_eval_loss-->0.539362,train_acc-->0.988201,test_eval_loss-->1.334306,test_acc===0.696078
INFO:root:epoch:123 train_eval_loss-->0.569793,train_acc-->0.979351,test_eval_loss-->1.265856,test_acc===0.705882
INFO:root:epoch:124 train_eval_loss-->0.519112,train_acc-->0.988201,test_eval_loss-->1.388283,test_acc===0.715686
INFO:root:epoch:125 train_eval_loss-->0.431103,train_acc-->0.991150,test_eval_loss-->1.245345,test_acc===0.715686
INFO:root:epoch:126 train_eval_loss-->0.514427,train_acc-->0.988201,test_eval_loss-->1.492837,test_acc===0.607843
INFO:root:epoch:127 train_eval_loss-->0.471867,train_acc-->0.991150,test_eval_loss-->1.238411,test_acc===0.696078
INFO:root:epoch:128 train_eval_loss-->0.330172,train_acc-->1.000000,test_eval_loss-->1.400718,test_acc===0.647059
INFO:root:epoch:129 train_eval_loss-->0.331605,train_acc-->0.997050,test_eval_loss-->1.278448,test_acc===0.705882
INFO:root:epoch:130 train_eval_loss-->0.288914,train_acc-->0.997050,test_eval_loss-->1.315967,test_acc===0.705882
INFO:root:epoch:131 train_eval_loss-->0.305080,train_acc-->0.997050,test_eval_loss-->1.259342,test_acc===0.696078
INFO:root:epoch:132 train_eval_loss-->0.288585,train_acc-->0.997050,test_eval_loss-->1.288367,test_acc===0.705882
INFO:root:epoch:133 train_eval_loss-->0.223458,train_acc-->0.997050,test_eval_loss-->1.211725,test_acc===0.725490
INFO:root:epoch:134 train_eval_loss-->0.216794,train_acc-->0.997050,test_eval_loss-->1.236721,test_acc===0.715686
INFO:root:epoch:135 train_eval_loss-->0.220752,train_acc-->0.997050,test_eval_loss-->1.242033,test_acc===0.686275
INFO:root:epoch:136 train_eval_loss-->0.188539,train_acc-->0.997050,test_eval_loss-->1.242235,test_acc===0.725490
INFO:root:epoch:137 train_eval_loss-->0.186282,train_acc-->0.997050,test_eval_loss-->1.227728,test_acc===0.735294
INFO:root:epoch:138 train_eval_loss-->0.138926,train_acc-->1.000000,test_eval_loss-->1.263124,test_acc===0.725490
INFO:root:epoch:139 train_eval_loss-->0.130341,train_acc-->0.997050,test_eval_loss-->1.224106,test_acc===0.725490
INFO:root:epoch:140 train_eval_loss-->0.112480,train_acc-->0.997050,test_eval_loss-->1.240145,test_acc===0.705882
INFO:root:epoch:141 train_eval_loss-->0.099603,train_acc-->0.997050,test_eval_loss-->1.247212,test_acc===0.696078
INFO:root:epoch:142 train_eval_loss-->0.093175,train_acc-->0.997050,test_eval_loss-->1.238935,test_acc===0.705882
INFO:root:epoch:143 train_eval_loss-->0.078032,train_acc-->1.000000,test_eval_loss-->1.229140,test_acc===0.735294
INFO:root:epoch:144 train_eval_loss-->0.064714,train_acc-->1.000000,test_eval_loss-->1.230128,test_acc===0.715686
INFO:root:epoch:145 train_eval_loss-->0.056715,train_acc-->1.000000,test_eval_loss-->1.230140,test_acc===0.715686
INFO:root:epoch:146 train_eval_loss-->0.049224,train_acc-->1.000000,test_eval_loss-->1.223721,test_acc===0.725490
INFO:root:epoch:147 train_eval_loss-->0.043410,train_acc-->1.000000,test_eval_loss-->1.232008,test_acc===0.715686
INFO:root:epoch:148 train_eval_loss-->0.039903,train_acc-->1.000000,test_eval_loss-->1.230215,test_acc===0.715686
INFO:root:epoch:149 train_eval_loss-->0.034997,train_acc-->1.000000,test_eval_loss-->1.229280,test_acc===0.715686
INFO:root:epoch:150 train_eval_loss-->0.033992,train_acc-->1.000000,test_eval_loss-->1.229458,test_acc===0.715686
INFO:root:epoch:151 train_eval_loss-->0.032953,train_acc-->1.000000,test_eval_loss-->1.230523,test_acc===0.715686
INFO:root:epoch:152 train_eval_loss-->0.032947,train_acc-->1.000000,test_eval_loss-->1.228533,test_acc===0.725490
INFO:root:epoch:153 train_eval_loss-->0.035705,train_acc-->1.000000,test_eval_loss-->1.229860,test_acc===0.715686
INFO:root:epoch:154 train_eval_loss-->0.038681,train_acc-->1.000000,test_eval_loss-->1.231104,test_acc===0.715686
INFO:root:epoch:155 train_eval_loss-->0.041880,train_acc-->1.000000,test_eval_loss-->1.230725,test_acc===0.715686
INFO:root:epoch:156 train_eval_loss-->0.048826,train_acc-->1.000000,test_eval_loss-->1.225537,test_acc===0.725490
INFO:root:epoch:157 train_eval_loss-->0.060872,train_acc-->1.000000,test_eval_loss-->1.228446,test_acc===0.715686
INFO:root:epoch:158 train_eval_loss-->0.069396,train_acc-->1.000000,test_eval_loss-->1.232041,test_acc===0.725490
INFO:root:epoch:159 train_eval_loss-->0.085658,train_acc-->1.000000,test_eval_loss-->1.227053,test_acc===0.725490
INFO:root:epoch:160 train_eval_loss-->0.096879,train_acc-->1.000000,test_eval_loss-->1.240279,test_acc===0.715686
INFO:root:epoch:161 train_eval_loss-->0.134409,train_acc-->1.000000,test_eval_loss-->1.251500,test_acc===0.715686
INFO:root:epoch:162 train_eval_loss-->0.123086,train_acc-->1.000000,test_eval_loss-->1.269518,test_acc===0.676471
INFO:root:epoch:163 train_eval_loss-->0.202402,train_acc-->1.000000,test_eval_loss-->1.238176,test_acc===0.715686
INFO:root:epoch:164 train_eval_loss-->0.200944,train_acc-->1.000000,test_eval_loss-->1.229652,test_acc===0.705882
INFO:root:epoch:165 train_eval_loss-->0.228847,train_acc-->1.000000,test_eval_loss-->1.221513,test_acc===0.725490
INFO:root:epoch:166 train_eval_loss-->0.233123,train_acc-->1.000000,test_eval_loss-->1.288109,test_acc===0.696078
INFO:root:epoch:167 train_eval_loss-->0.279504,train_acc-->1.000000,test_eval_loss-->1.258855,test_acc===0.705882
INFO:root:epoch:168 train_eval_loss-->0.317987,train_acc-->1.000000,test_eval_loss-->1.298667,test_acc===0.725490
INFO:root:epoch:169 train_eval_loss-->0.323649,train_acc-->1.000000,test_eval_loss-->1.252251,test_acc===0.696078
INFO:root:epoch:170 train_eval_loss-->0.317326,train_acc-->1.000000,test_eval_loss-->1.266610,test_acc===0.715686
INFO:root:epoch:171 train_eval_loss-->0.363561,train_acc-->0.994100,test_eval_loss-->1.257733,test_acc===0.745098
INFO:root:epoch:172 train_eval_loss-->0.363245,train_acc-->1.000000,test_eval_loss-->1.272217,test_acc===0.637255
INFO:root:epoch:173 train_eval_loss-->0.392641,train_acc-->1.000000,test_eval_loss-->1.372315,test_acc===0.705882
INFO:root:epoch:174 train_eval_loss-->0.501993,train_acc-->0.988201,test_eval_loss-->1.310405,test_acc===0.696078
INFO:root:epoch:175 train_eval_loss-->0.431611,train_acc-->0.997050,test_eval_loss-->1.413140,test_acc===0.617647
INFO:root:epoch:176 train_eval_loss-->0.503918,train_acc-->0.997050,test_eval_loss-->1.465701,test_acc===0.598039
INFO:root:epoch:177 train_eval_loss-->0.505001,train_acc-->0.988201,test_eval_loss-->1.302099,test_acc===0.735294
INFO:root:epoch:178 train_eval_loss-->0.483983,train_acc-->0.991150,test_eval_loss-->1.335532,test_acc===0.686275
INFO:root:epoch:179 train_eval_loss-->0.543036,train_acc-->0.994100,test_eval_loss-->1.379824,test_acc===0.696078
INFO:root:epoch:180 train_eval_loss-->0.630959,train_acc-->0.967552,test_eval_loss-->1.395450,test_acc===0.617647
INFO:root:epoch:181 train_eval_loss-->0.643003,train_acc-->0.985251,test_eval_loss-->1.291055,test_acc===0.735294
INFO:root:epoch:182 train_eval_loss-->0.559212,train_acc-->0.982301,test_eval_loss-->1.325768,test_acc===0.705882
INFO:root:epoch:183 train_eval_loss-->0.505037,train_acc-->1.000000,test_eval_loss-->1.340736,test_acc===0.676471
INFO:root:epoch:184 train_eval_loss-->0.657732,train_acc-->0.958702,test_eval_loss-->1.425763,test_acc===0.647059
INFO:root:epoch:185 train_eval_loss-->0.688351,train_acc-->0.973451,test_eval_loss-->1.478556,test_acc===0.607843
INFO:root:epoch:186 train_eval_loss-->0.648016,train_acc-->0.973451,test_eval_loss-->1.467357,test_acc===0.656863
INFO:root:epoch:187 train_eval_loss-->0.610483,train_acc-->0.985251,test_eval_loss-->1.341805,test_acc===0.656863
INFO:root:epoch:188 train_eval_loss-->0.660427,train_acc-->0.988201,test_eval_loss-->1.443224,test_acc===0.666667
INFO:root:epoch:189 train_eval_loss-->0.658141,train_acc-->0.970501,test_eval_loss-->1.326440,test_acc===0.656863
INFO:root:epoch:190 train_eval_loss-->0.768346,train_acc-->0.955752,test_eval_loss-->1.433376,test_acc===0.656863
INFO:root:epoch:191 train_eval_loss-->0.706119,train_acc-->0.958702,test_eval_loss-->1.359095,test_acc===0.666667
INFO:root:epoch:192 train_eval_loss-->0.681522,train_acc-->0.970501,test_eval_loss-->1.369819,test_acc===0.656863
INFO:root:epoch:193 train_eval_loss-->0.669332,train_acc-->0.985251,test_eval_loss-->1.347270,test_acc===0.627451
INFO:root:epoch:194 train_eval_loss-->0.613952,train_acc-->0.979351,test_eval_loss-->1.380944,test_acc===0.696078
INFO:root:epoch:195 train_eval_loss-->0.837718,train_acc-->0.911504,test_eval_loss-->1.446983,test_acc===0.627451
INFO:root:epoch:196 train_eval_loss-->0.825181,train_acc-->0.932153,test_eval_loss-->1.435549,test_acc===0.715686
INFO:root:epoch:197 train_eval_loss-->0.699007,train_acc-->0.958702,test_eval_loss-->1.310351,test_acc===0.715686
INFO:root:epoch:198 train_eval_loss-->0.712969,train_acc-->0.961652,test_eval_loss-->1.447144,test_acc===0.627451
INFO:root:epoch:199 train_eval_loss-->0.783831,train_acc-->0.949853,test_eval_loss-->1.600219,test_acc===0.549020
INFO:root:epoch:200 train_eval_loss-->0.712340,train_acc-->0.946903,test_eval_loss-->1.470831,test_acc===0.549020
INFO:root:epoch:201 train_eval_loss-->0.637333,train_acc-->0.961652,test_eval_loss-->1.244641,test_acc===0.725490
INFO:root:epoch:202 train_eval_loss-->0.632061,train_acc-->0.979351,test_eval_loss-->1.391297,test_acc===0.647059
INFO:root:epoch:203 train_eval_loss-->0.552964,train_acc-->0.985251,test_eval_loss-->1.231252,test_acc===0.705882
INFO:root:epoch:204 train_eval_loss-->0.638303,train_acc-->0.982301,test_eval_loss-->1.396811,test_acc===0.676471
INFO:root:epoch:205 train_eval_loss-->0.539156,train_acc-->0.994100,test_eval_loss-->1.391002,test_acc===0.696078
INFO:root:epoch:206 train_eval_loss-->0.642848,train_acc-->0.961652,test_eval_loss-->1.370950,test_acc===0.715686
INFO:root:epoch:207 train_eval_loss-->0.559531,train_acc-->0.994100,test_eval_loss-->1.360832,test_acc===0.656863
INFO:root:epoch:208 train_eval_loss-->0.571858,train_acc-->0.991150,test_eval_loss-->1.534432,test_acc===0.578431
INFO:root:epoch:209 train_eval_loss-->0.606423,train_acc-->0.985251,test_eval_loss-->1.398549,test_acc===0.607843
INFO:root:epoch:210 train_eval_loss-->0.621187,train_acc-->0.976401,test_eval_loss-->1.295538,test_acc===0.745098
INFO:root:epoch:211 train_eval_loss-->0.512939,train_acc-->0.985251,test_eval_loss-->1.281590,test_acc===0.725490
INFO:root:epoch:212 train_eval_loss-->0.536102,train_acc-->0.994100,test_eval_loss-->1.344049,test_acc===0.725490
INFO:root:epoch:213 train_eval_loss-->0.537163,train_acc-->0.997050,test_eval_loss-->1.324922,test_acc===0.715686
INFO:root:epoch:214 train_eval_loss-->0.468928,train_acc-->1.000000,test_eval_loss-->1.298206,test_acc===0.715686
INFO:root:epoch:215 train_eval_loss-->0.411268,train_acc-->0.997050,test_eval_loss-->1.380690,test_acc===0.666667
INFO:root:epoch:216 train_eval_loss-->0.415924,train_acc-->0.991150,test_eval_loss-->1.351672,test_acc===0.705882
INFO:root:epoch:217 train_eval_loss-->0.492776,train_acc-->0.997050,test_eval_loss-->1.314417,test_acc===0.705882
INFO:root:epoch:218 train_eval_loss-->0.381406,train_acc-->1.000000,test_eval_loss-->1.416618,test_acc===0.666667
INFO:root:epoch:219 train_eval_loss-->0.401771,train_acc-->0.997050,test_eval_loss-->1.344378,test_acc===0.705882
INFO:root:epoch:220 train_eval_loss-->0.414599,train_acc-->1.000000,test_eval_loss-->1.348773,test_acc===0.686275
INFO:root:epoch:221 train_eval_loss-->0.411284,train_acc-->0.994100,test_eval_loss-->1.281695,test_acc===0.705882
INFO:root:epoch:222 train_eval_loss-->0.380426,train_acc-->1.000000,test_eval_loss-->1.387981,test_acc===0.676471
INFO:root:epoch:223 train_eval_loss-->0.375408,train_acc-->0.997050,test_eval_loss-->1.310607,test_acc===0.715686
INFO:root:epoch:224 train_eval_loss-->0.344310,train_acc-->1.000000,test_eval_loss-->1.297338,test_acc===0.705882
INFO:root:epoch:225 train_eval_loss-->0.321199,train_acc-->0.994100,test_eval_loss-->1.366010,test_acc===0.705882
INFO:root:epoch:226 train_eval_loss-->0.305314,train_acc-->1.000000,test_eval_loss-->1.299030,test_acc===0.705882
INFO:root:epoch:227 train_eval_loss-->0.334984,train_acc-->1.000000,test_eval_loss-->1.348140,test_acc===0.676471
INFO:root:epoch:228 train_eval_loss-->0.332540,train_acc-->1.000000,test_eval_loss-->1.301371,test_acc===0.705882
INFO:root:epoch:229 train_eval_loss-->0.279511,train_acc-->1.000000,test_eval_loss-->1.263368,test_acc===0.745098
INFO:root:epoch:230 train_eval_loss-->0.279885,train_acc-->0.997050,test_eval_loss-->1.281549,test_acc===0.745098
INFO:root:epoch:231 train_eval_loss-->0.208911,train_acc-->1.000000,test_eval_loss-->1.281551,test_acc===0.715686
INFO:root:epoch:232 train_eval_loss-->0.208059,train_acc-->1.000000,test_eval_loss-->1.283411,test_acc===0.725490
INFO:root:epoch:233 train_eval_loss-->0.178568,train_acc-->1.000000,test_eval_loss-->1.284968,test_acc===0.725490
INFO:root:epoch:234 train_eval_loss-->0.157744,train_acc-->1.000000,test_eval_loss-->1.306074,test_acc===0.715686
INFO:root:epoch:235 train_eval_loss-->0.139266,train_acc-->1.000000,test_eval_loss-->1.248780,test_acc===0.735294
INFO:root:epoch:236 train_eval_loss-->0.133447,train_acc-->1.000000,test_eval_loss-->1.271547,test_acc===0.705882
INFO:root:epoch:237 train_eval_loss-->0.125444,train_acc-->1.000000,test_eval_loss-->1.254824,test_acc===0.725490
INFO:root:epoch:238 train_eval_loss-->0.104315,train_acc-->1.000000,test_eval_loss-->1.255852,test_acc===0.725490
INFO:root:epoch:239 train_eval_loss-->0.090997,train_acc-->1.000000,test_eval_loss-->1.268124,test_acc===0.725490
INFO:root:epoch:240 train_eval_loss-->0.084897,train_acc-->1.000000,test_eval_loss-->1.262148,test_acc===0.735294
INFO:root:epoch:241 train_eval_loss-->0.071751,train_acc-->1.000000,test_eval_loss-->1.278021,test_acc===0.725490
INFO:root:epoch:242 train_eval_loss-->0.059052,train_acc-->1.000000,test_eval_loss-->1.257771,test_acc===0.735294
INFO:root:epoch:243 train_eval_loss-->0.049645,train_acc-->1.000000,test_eval_loss-->1.259779,test_acc===0.735294
INFO:root:epoch:244 train_eval_loss-->0.040128,train_acc-->1.000000,test_eval_loss-->1.259374,test_acc===0.735294
INFO:root:epoch:245 train_eval_loss-->0.030135,train_acc-->1.000000,test_eval_loss-->1.259966,test_acc===0.735294
INFO:root:epoch:246 train_eval_loss-->0.024416,train_acc-->1.000000,test_eval_loss-->1.258106,test_acc===0.735294
INFO:root:epoch:247 train_eval_loss-->0.021397,train_acc-->1.000000,test_eval_loss-->1.258918,test_acc===0.735294
INFO:root:epoch:248 train_eval_loss-->0.018729,train_acc-->1.000000,test_eval_loss-->1.260298,test_acc===0.735294
INFO:root:epoch:249 train_eval_loss-->0.016144,train_acc-->1.000000,test_eval_loss-->1.260348,test_acc===0.735294
INFO:root:epoch:250 train_eval_loss-->0.014110,train_acc-->1.000000,test_eval_loss-->1.260080,test_acc===0.735294
INFO:root:epoch:251 train_eval_loss-->0.013970,train_acc-->1.000000,test_eval_loss-->1.260715,test_acc===0.735294
INFO:root:epoch:252 train_eval_loss-->0.014801,train_acc-->1.000000,test_eval_loss-->1.261326,test_acc===0.735294
INFO:root:epoch:253 train_eval_loss-->0.014886,train_acc-->1.000000,test_eval_loss-->1.260833,test_acc===0.735294
INFO:root:epoch:254 train_eval_loss-->0.017286,train_acc-->1.000000,test_eval_loss-->1.264772,test_acc===0.735294
INFO:root:epoch:255 train_eval_loss-->0.022244,train_acc-->1.000000,test_eval_loss-->1.258359,test_acc===0.735294
INFO:root:epoch:256 train_eval_loss-->0.030966,train_acc-->1.000000,test_eval_loss-->1.259656,test_acc===0.735294
INFO:root:epoch:257 train_eval_loss-->0.034698,train_acc-->1.000000,test_eval_loss-->1.259429,test_acc===0.725490
INFO:root:epoch:258 train_eval_loss-->0.040504,train_acc-->1.000000,test_eval_loss-->1.267531,test_acc===0.735294
INFO:root:epoch:259 train_eval_loss-->0.067112,train_acc-->1.000000,test_eval_loss-->1.267202,test_acc===0.715686
INFO:root:epoch:260 train_eval_loss-->0.068563,train_acc-->1.000000,test_eval_loss-->1.272034,test_acc===0.725490
INFO:root:epoch:261 train_eval_loss-->0.078100,train_acc-->1.000000,test_eval_loss-->1.248178,test_acc===0.735294
INFO:root:epoch:262 train_eval_loss-->0.094221,train_acc-->1.000000,test_eval_loss-->1.266016,test_acc===0.735294
INFO:root:epoch:263 train_eval_loss-->0.111694,train_acc-->1.000000,test_eval_loss-->1.255235,test_acc===0.725490
INFO:root:epoch:264 train_eval_loss-->0.117454,train_acc-->1.000000,test_eval_loss-->1.255677,test_acc===0.725490
INFO:root:epoch:265 train_eval_loss-->0.114432,train_acc-->1.000000,test_eval_loss-->1.270657,test_acc===0.725490
INFO:root:epoch:266 train_eval_loss-->0.169050,train_acc-->1.000000,test_eval_loss-->1.245280,test_acc===0.725490
INFO:root:epoch:267 train_eval_loss-->0.173688,train_acc-->1.000000,test_eval_loss-->1.276269,test_acc===0.735294
INFO:root:epoch:268 train_eval_loss-->0.194905,train_acc-->1.000000,test_eval_loss-->1.286934,test_acc===0.705882
INFO:root:epoch:269 train_eval_loss-->0.201710,train_acc-->1.000000,test_eval_loss-->1.283644,test_acc===0.725490
INFO:root:epoch:270 train_eval_loss-->0.202719,train_acc-->1.000000,test_eval_loss-->1.258741,test_acc===0.715686
INFO:root:epoch:271 train_eval_loss-->0.275722,train_acc-->1.000000,test_eval_loss-->1.294994,test_acc===0.715686
INFO:root:epoch:272 train_eval_loss-->0.287841,train_acc-->1.000000,test_eval_loss-->1.368376,test_acc===0.705882
INFO:root:epoch:273 train_eval_loss-->0.307859,train_acc-->1.000000,test_eval_loss-->1.313425,test_acc===0.686275
INFO:root:epoch:274 train_eval_loss-->0.341137,train_acc-->1.000000,test_eval_loss-->1.357633,test_acc===0.705882
INFO:root:epoch:275 train_eval_loss-->0.323444,train_acc-->1.000000,test_eval_loss-->1.351114,test_acc===0.686275
INFO:root:epoch:276 train_eval_loss-->0.415516,train_acc-->1.000000,test_eval_loss-->1.341800,test_acc===0.686275
INFO:root:epoch:277 train_eval_loss-->0.339874,train_acc-->1.000000,test_eval_loss-->1.253480,test_acc===0.754902
INFO:root:epoch:278 train_eval_loss-->0.361866,train_acc-->1.000000,test_eval_loss-->1.297386,test_acc===0.754902
INFO:root:epoch:279 train_eval_loss-->0.347773,train_acc-->1.000000,test_eval_loss-->1.267200,test_acc===0.705882
INFO:root:epoch:280 train_eval_loss-->0.419467,train_acc-->1.000000,test_eval_loss-->1.423466,test_acc===0.627451
INFO:root:epoch:281 train_eval_loss-->0.436513,train_acc-->0.991150,test_eval_loss-->1.203856,test_acc===0.725490
INFO:root:epoch:282 train_eval_loss-->0.406669,train_acc-->0.997050,test_eval_loss-->1.277981,test_acc===0.745098
INFO:root:epoch:283 train_eval_loss-->0.501531,train_acc-->0.991150,test_eval_loss-->1.281675,test_acc===0.686275
INFO:root:epoch:284 train_eval_loss-->0.518559,train_acc-->1.000000,test_eval_loss-->1.297198,test_acc===0.764706
INFO:root:epoch:285 train_eval_loss-->0.535747,train_acc-->0.985251,test_eval_loss-->1.315774,test_acc===0.696078
INFO:root:epoch:286 train_eval_loss-->0.504039,train_acc-->1.000000,test_eval_loss-->1.295000,test_acc===0.715686
INFO:root:epoch:287 train_eval_loss-->0.459679,train_acc-->1.000000,test_eval_loss-->1.417534,test_acc===0.627451
INFO:root:epoch:288 train_eval_loss-->0.504882,train_acc-->0.994100,test_eval_loss-->1.412480,test_acc===0.705882
INFO:root:epoch:289 train_eval_loss-->0.575819,train_acc-->0.979351,test_eval_loss-->1.484607,test_acc===0.666667
INFO:root:epoch:290 train_eval_loss-->0.545871,train_acc-->0.982301,test_eval_loss-->1.333033,test_acc===0.686275
INFO:root:epoch:291 train_eval_loss-->0.544728,train_acc-->0.997050,test_eval_loss-->1.314165,test_acc===0.705882
INFO:root:epoch:292 train_eval_loss-->0.555849,train_acc-->0.982301,test_eval_loss-->1.340084,test_acc===0.686275
INFO:root:epoch:293 train_eval_loss-->0.628697,train_acc-->0.979351,test_eval_loss-->1.393612,test_acc===0.725490
INFO:root:epoch:294 train_eval_loss-->0.704623,train_acc-->0.967552,test_eval_loss-->1.340260,test_acc===0.705882
INFO:root:epoch:295 train_eval_loss-->0.567880,train_acc-->1.000000,test_eval_loss-->1.454465,test_acc===0.656863
INFO:root:epoch:296 train_eval_loss-->0.492896,train_acc-->0.997050,test_eval_loss-->1.310447,test_acc===0.705882
INFO:root:epoch:297 train_eval_loss-->0.486482,train_acc-->0.985251,test_eval_loss-->1.391083,test_acc===0.666667
INFO:root:epoch:298 train_eval_loss-->0.529567,train_acc-->0.997050,test_eval_loss-->1.432123,test_acc===0.588235
INFO:root:epoch:299 train_eval_loss-->0.501065,train_acc-->0.997050,test_eval_loss-->1.352460,test_acc===0.686275
INFO:root:epoch:300 train_eval_loss-->0.536357,train_acc-->0.979351,test_eval_loss-->1.355269,test_acc===0.705882
INFO:root:epoch:301 train_eval_loss-->0.540583,train_acc-->0.982301,test_eval_loss-->1.308466,test_acc===0.696078
INFO:root:epoch:302 train_eval_loss-->0.545836,train_acc-->0.982301,test_eval_loss-->1.216935,test_acc===0.745098
INFO:root:epoch:303 train_eval_loss-->0.508515,train_acc-->0.994100,test_eval_loss-->1.379428,test_acc===0.686275
INFO:root:epoch:304 train_eval_loss-->0.592376,train_acc-->0.970501,test_eval_loss-->1.275599,test_acc===0.676471
INFO:root:epoch:305 train_eval_loss-->0.533104,train_acc-->0.979351,test_eval_loss-->1.431308,test_acc===0.637255
INFO:root:epoch:306 train_eval_loss-->0.584233,train_acc-->0.988201,test_eval_loss-->1.443441,test_acc===0.656863
INFO:root:epoch:307 train_eval_loss-->0.527016,train_acc-->0.988201,test_eval_loss-->1.375046,test_acc===0.705882
INFO:root:epoch:308 train_eval_loss-->0.561952,train_acc-->0.988201,test_eval_loss-->1.329691,test_acc===0.725490
INFO:root:epoch:309 train_eval_loss-->0.555219,train_acc-->0.979351,test_eval_loss-->1.429390,test_acc===0.676471
INFO:root:epoch:310 train_eval_loss-->0.452726,train_acc-->0.997050,test_eval_loss-->1.339313,test_acc===0.656863
INFO:root:epoch:311 train_eval_loss-->0.465646,train_acc-->0.982301,test_eval_loss-->1.283520,test_acc===0.735294
INFO:root:epoch:312 train_eval_loss-->0.467275,train_acc-->0.988201,test_eval_loss-->1.377535,test_acc===0.607843
INFO:root:epoch:313 train_eval_loss-->0.515985,train_acc-->0.994100,test_eval_loss-->1.324830,test_acc===0.715686
INFO:root:epoch:314 train_eval_loss-->0.472363,train_acc-->0.991150,test_eval_loss-->1.343273,test_acc===0.686275
INFO:root:epoch:315 train_eval_loss-->0.387955,train_acc-->1.000000,test_eval_loss-->1.305374,test_acc===0.735294
INFO:root:epoch:316 train_eval_loss-->0.332527,train_acc-->1.000000,test_eval_loss-->1.255974,test_acc===0.735294
INFO:root:epoch:317 train_eval_loss-->0.329321,train_acc-->1.000000,test_eval_loss-->1.280818,test_acc===0.735294
INFO:root:epoch:318 train_eval_loss-->0.428691,train_acc-->0.994100,test_eval_loss-->1.268518,test_acc===0.696078
INFO:root:epoch:319 train_eval_loss-->0.368340,train_acc-->0.991150,test_eval_loss-->1.298773,test_acc===0.705882
INFO:root:epoch:320 train_eval_loss-->0.384237,train_acc-->1.000000,test_eval_loss-->1.261987,test_acc===0.754902
INFO:root:epoch:321 train_eval_loss-->0.370685,train_acc-->1.000000,test_eval_loss-->1.328033,test_acc===0.705882
INFO:root:epoch:322 train_eval_loss-->0.353769,train_acc-->1.000000,test_eval_loss-->1.328497,test_acc===0.686275
INFO:root:epoch:323 train_eval_loss-->0.383544,train_acc-->0.997050,test_eval_loss-->1.267958,test_acc===0.725490
INFO:root:epoch:324 train_eval_loss-->0.322395,train_acc-->1.000000,test_eval_loss-->1.251420,test_acc===0.745098
INFO:root:epoch:325 train_eval_loss-->0.285755,train_acc-->1.000000,test_eval_loss-->1.259624,test_acc===0.715686
INFO:root:epoch:326 train_eval_loss-->0.271115,train_acc-->1.000000,test_eval_loss-->1.290988,test_acc===0.696078
INFO:root:epoch:327 train_eval_loss-->0.281524,train_acc-->1.000000,test_eval_loss-->1.313909,test_acc===0.735294
INFO:root:epoch:328 train_eval_loss-->0.224187,train_acc-->1.000000,test_eval_loss-->1.268171,test_acc===0.725490
INFO:root:epoch:329 train_eval_loss-->0.213642,train_acc-->1.000000,test_eval_loss-->1.281630,test_acc===0.735294
INFO:root:epoch:330 train_eval_loss-->0.203551,train_acc-->1.000000,test_eval_loss-->1.256373,test_acc===0.735294
INFO:root:epoch:331 train_eval_loss-->0.193031,train_acc-->1.000000,test_eval_loss-->1.261935,test_acc===0.725490
INFO:root:epoch:332 train_eval_loss-->0.194607,train_acc-->1.000000,test_eval_loss-->1.292486,test_acc===0.725490
INFO:root:epoch:333 train_eval_loss-->0.149123,train_acc-->1.000000,test_eval_loss-->1.255385,test_acc===0.735294
INFO:root:epoch:334 train_eval_loss-->0.134181,train_acc-->1.000000,test_eval_loss-->1.254342,test_acc===0.745098
INFO:root:epoch:335 train_eval_loss-->0.137076,train_acc-->1.000000,test_eval_loss-->1.291423,test_acc===0.705882
INFO:root:epoch:336 train_eval_loss-->0.137937,train_acc-->1.000000,test_eval_loss-->1.247377,test_acc===0.745098
INFO:root:epoch:337 train_eval_loss-->0.105877,train_acc-->1.000000,test_eval_loss-->1.262207,test_acc===0.745098
INFO:root:epoch:338 train_eval_loss-->0.085991,train_acc-->1.000000,test_eval_loss-->1.249925,test_acc===0.735294
INFO:root:epoch:339 train_eval_loss-->0.074942,train_acc-->1.000000,test_eval_loss-->1.250624,test_acc===0.745098
INFO:root:epoch:340 train_eval_loss-->0.060691,train_acc-->1.000000,test_eval_loss-->1.254645,test_acc===0.715686
INFO:root:epoch:341 train_eval_loss-->0.052334,train_acc-->1.000000,test_eval_loss-->1.258341,test_acc===0.715686
INFO:root:epoch:342 train_eval_loss-->0.048008,train_acc-->1.000000,test_eval_loss-->1.255603,test_acc===0.745098
INFO:root:epoch:343 train_eval_loss-->0.040790,train_acc-->1.000000,test_eval_loss-->1.257088,test_acc===0.735294
INFO:root:epoch:344 train_eval_loss-->0.036933,train_acc-->1.000000,test_eval_loss-->1.252143,test_acc===0.735294
INFO:root:epoch:345 train_eval_loss-->0.029737,train_acc-->1.000000,test_eval_loss-->1.255623,test_acc===0.735294
INFO:root:epoch:346 train_eval_loss-->0.019772,train_acc-->1.000000,test_eval_loss-->1.254029,test_acc===0.725490
INFO:root:epoch:347 train_eval_loss-->0.017444,train_acc-->1.000000,test_eval_loss-->1.254007,test_acc===0.735294
INFO:root:epoch:348 train_eval_loss-->0.015053,train_acc-->1.000000,test_eval_loss-->1.256620,test_acc===0.725490
INFO:root:epoch:349 train_eval_loss-->0.013717,train_acc-->1.000000,test_eval_loss-->1.255242,test_acc===0.735294
INFO:root:epoch:350 train_eval_loss-->0.011300,train_acc-->1.000000,test_eval_loss-->1.254188,test_acc===0.735294
INFO:root:epoch:351 train_eval_loss-->0.011244,train_acc-->1.000000,test_eval_loss-->1.254775,test_acc===0.735294
INFO:root:epoch:352 train_eval_loss-->0.010783,train_acc-->1.000000,test_eval_loss-->1.254959,test_acc===0.735294
INFO:root:epoch:353 train_eval_loss-->0.012631,train_acc-->1.000000,test_eval_loss-->1.253672,test_acc===0.735294
INFO:root:epoch:354 train_eval_loss-->0.017698,train_acc-->1.000000,test_eval_loss-->1.255468,test_acc===0.735294
INFO:root:epoch:355 train_eval_loss-->0.017530,train_acc-->1.000000,test_eval_loss-->1.255516,test_acc===0.735294
INFO:root:epoch:356 train_eval_loss-->0.020745,train_acc-->1.000000,test_eval_loss-->1.255295,test_acc===0.735294
INFO:root:epoch:357 train_eval_loss-->0.032140,train_acc-->1.000000,test_eval_loss-->1.255139,test_acc===0.725490
INFO:root:epoch:358 train_eval_loss-->0.034716,train_acc-->1.000000,test_eval_loss-->1.255916,test_acc===0.715686
INFO:root:epoch:359 train_eval_loss-->0.055168,train_acc-->1.000000,test_eval_loss-->1.257682,test_acc===0.735294
INFO:root:epoch:360 train_eval_loss-->0.063004,train_acc-->1.000000,test_eval_loss-->1.246015,test_acc===0.754902
INFO:root:epoch:361 train_eval_loss-->0.068444,train_acc-->1.000000,test_eval_loss-->1.249485,test_acc===0.754902
INFO:root:epoch:362 train_eval_loss-->0.081605,train_acc-->1.000000,test_eval_loss-->1.258741,test_acc===0.735294
INFO:root:epoch:363 train_eval_loss-->0.097102,train_acc-->1.000000,test_eval_loss-->1.261608,test_acc===0.745098
INFO:root:epoch:364 train_eval_loss-->0.112462,train_acc-->1.000000,test_eval_loss-->1.255432,test_acc===0.735294
INFO:root:epoch:365 train_eval_loss-->0.116603,train_acc-->1.000000,test_eval_loss-->1.254809,test_acc===0.745098
INFO:root:epoch:366 train_eval_loss-->0.133594,train_acc-->1.000000,test_eval_loss-->1.288869,test_acc===0.705882
INFO:root:epoch:367 train_eval_loss-->0.175849,train_acc-->1.000000,test_eval_loss-->1.261274,test_acc===0.725490
INFO:root:epoch:368 train_eval_loss-->0.157065,train_acc-->1.000000,test_eval_loss-->1.244519,test_acc===0.715686
INFO:root:epoch:369 train_eval_loss-->0.167911,train_acc-->1.000000,test_eval_loss-->1.255002,test_acc===0.735294
INFO:root:epoch:370 train_eval_loss-->0.202018,train_acc-->1.000000,test_eval_loss-->1.258862,test_acc===0.745098
INFO:root:epoch:371 train_eval_loss-->0.208692,train_acc-->1.000000,test_eval_loss-->1.263258,test_acc===0.735294
INFO:root:epoch:372 train_eval_loss-->0.216109,train_acc-->1.000000,test_eval_loss-->1.301721,test_acc===0.725490
INFO:root:epoch:373 train_eval_loss-->0.261448,train_acc-->1.000000,test_eval_loss-->1.301675,test_acc===0.696078
INFO:root:epoch:374 train_eval_loss-->0.285594,train_acc-->1.000000,test_eval_loss-->1.281327,test_acc===0.705882
INFO:root:epoch:375 train_eval_loss-->0.286022,train_acc-->0.991150,test_eval_loss-->1.253600,test_acc===0.754902
INFO:root:epoch:376 train_eval_loss-->0.290078,train_acc-->1.000000,test_eval_loss-->1.279396,test_acc===0.735294
INFO:root:epoch:377 train_eval_loss-->0.312920,train_acc-->1.000000,test_eval_loss-->1.304984,test_acc===0.735294
INFO:root:epoch:378 train_eval_loss-->0.287394,train_acc-->1.000000,test_eval_loss-->1.258590,test_acc===0.705882
INFO:root:epoch:379 train_eval_loss-->0.352647,train_acc-->1.000000,test_eval_loss-->1.268927,test_acc===0.764706
INFO:root:epoch:380 train_eval_loss-->0.364744,train_acc-->0.997050,test_eval_loss-->1.356887,test_acc===0.647059
INFO:root:epoch:381 train_eval_loss-->0.361018,train_acc-->1.000000,test_eval_loss-->1.337819,test_acc===0.696078
INFO:root:epoch:382 train_eval_loss-->0.374386,train_acc-->0.997050,test_eval_loss-->1.251714,test_acc===0.745098
INFO:root:epoch:383 train_eval_loss-->0.336938,train_acc-->0.994100,test_eval_loss-->1.188382,test_acc===0.774510
INFO:root:epoch:384 train_eval_loss-->0.376043,train_acc-->1.000000,test_eval_loss-->1.336954,test_acc===0.705882
INFO:root:epoch:385 train_eval_loss-->0.356368,train_acc-->0.994100,test_eval_loss-->1.217635,test_acc===0.725490
INFO:root:epoch:386 train_eval_loss-->0.387064,train_acc-->1.000000,test_eval_loss-->1.360700,test_acc===0.705882
INFO:root:epoch:387 train_eval_loss-->0.450297,train_acc-->0.997050,test_eval_loss-->1.337681,test_acc===0.725490
INFO:root:epoch:388 train_eval_loss-->0.396636,train_acc-->1.000000,test_eval_loss-->1.457042,test_acc===0.647059
INFO:root:epoch:389 train_eval_loss-->0.372013,train_acc-->0.994100,test_eval_loss-->1.344958,test_acc===0.715686
INFO:root:epoch:390 train_eval_loss-->0.482957,train_acc-->0.988201,test_eval_loss-->1.449390,test_acc===0.686275
INFO:root:epoch:391 train_eval_loss-->0.631139,train_acc-->0.985251,test_eval_loss-->1.281744,test_acc===0.764706
INFO:root:epoch:392 train_eval_loss-->0.529348,train_acc-->0.991150,test_eval_loss-->1.445285,test_acc===0.705882
INFO:root:epoch:393 train_eval_loss-->0.534220,train_acc-->0.997050,test_eval_loss-->1.368516,test_acc===0.705882
INFO:root:epoch:394 train_eval_loss-->0.523594,train_acc-->0.985251,test_eval_loss-->1.414101,test_acc===0.666667
INFO:root:epoch:395 train_eval_loss-->0.510702,train_acc-->0.994100,test_eval_loss-->1.308091,test_acc===0.725490
INFO:root:epoch:396 train_eval_loss-->0.500749,train_acc-->0.988201,test_eval_loss-->1.434346,test_acc===0.676471
INFO:root:epoch:397 train_eval_loss-->0.433690,train_acc-->1.000000,test_eval_loss-->1.271836,test_acc===0.725490
INFO:root:epoch:398 train_eval_loss-->0.457783,train_acc-->0.997050,test_eval_loss-->1.425701,test_acc===0.656863
INFO:root:epoch:399 train_eval_loss-->0.469387,train_acc-->0.988201,test_eval_loss-->1.449179,test_acc===0.637255
INFO:root:epoch:400 train_eval_loss-->0.439447,train_acc-->0.997050,test_eval_loss-->1.324304,test_acc===0.705882
INFO:root:epoch:401 train_eval_loss-->0.542940,train_acc-->0.985251,test_eval_loss-->1.346125,test_acc===0.666667
INFO:root:epoch:402 train_eval_loss-->0.585747,train_acc-->1.000000,test_eval_loss-->1.358553,test_acc===0.725490
INFO:root:epoch:403 train_eval_loss-->0.543672,train_acc-->1.000000,test_eval_loss-->1.378362,test_acc===0.617647
INFO:root:epoch:404 train_eval_loss-->0.582338,train_acc-->0.976401,test_eval_loss-->1.337000,test_acc===0.696078
INFO:root:epoch:405 train_eval_loss-->0.449405,train_acc-->1.000000,test_eval_loss-->1.379582,test_acc===0.705882
INFO:root:epoch:406 train_eval_loss-->0.492029,train_acc-->0.994100,test_eval_loss-->1.305660,test_acc===0.725490
INFO:root:epoch:407 train_eval_loss-->0.448977,train_acc-->0.982301,test_eval_loss-->1.307772,test_acc===0.725490
INFO:root:epoch:408 train_eval_loss-->0.456816,train_acc-->1.000000,test_eval_loss-->1.266075,test_acc===0.696078
INFO:root:epoch:409 train_eval_loss-->0.392546,train_acc-->0.991150,test_eval_loss-->1.353356,test_acc===0.666667
INFO:root:epoch:410 train_eval_loss-->0.437588,train_acc-->1.000000,test_eval_loss-->1.315851,test_acc===0.686275
INFO:root:epoch:411 train_eval_loss-->0.464390,train_acc-->0.997050,test_eval_loss-->1.406624,test_acc===0.666667
INFO:root:epoch:412 train_eval_loss-->0.480191,train_acc-->0.988201,test_eval_loss-->1.346992,test_acc===0.705882
INFO:root:epoch:413 train_eval_loss-->0.392957,train_acc-->1.000000,test_eval_loss-->1.329088,test_acc===0.745098
INFO:root:epoch:414 train_eval_loss-->0.392596,train_acc-->0.994100,test_eval_loss-->1.325719,test_acc===0.705882
INFO:root:epoch:415 train_eval_loss-->0.346168,train_acc-->1.000000,test_eval_loss-->1.301993,test_acc===0.696078
INFO:root:epoch:416 train_eval_loss-->0.328299,train_acc-->0.991150,test_eval_loss-->1.298782,test_acc===0.735294
INFO:root:epoch:417 train_eval_loss-->0.296924,train_acc-->1.000000,test_eval_loss-->1.283217,test_acc===0.725490
INFO:root:epoch:418 train_eval_loss-->0.381963,train_acc-->1.000000,test_eval_loss-->1.341378,test_acc===0.696078
INFO:root:epoch:419 train_eval_loss-->0.333953,train_acc-->1.000000,test_eval_loss-->1.305297,test_acc===0.705882
INFO:root:epoch:420 train_eval_loss-->0.296397,train_acc-->1.000000,test_eval_loss-->1.272021,test_acc===0.745098
INFO:root:epoch:421 train_eval_loss-->0.296181,train_acc-->1.000000,test_eval_loss-->1.301456,test_acc===0.705882
INFO:root:epoch:422 train_eval_loss-->0.303633,train_acc-->1.000000,test_eval_loss-->1.277291,test_acc===0.725490
INFO:root:epoch:423 train_eval_loss-->0.256883,train_acc-->1.000000,test_eval_loss-->1.333637,test_acc===0.676471
INFO:root:epoch:424 train_eval_loss-->0.285501,train_acc-->1.000000,test_eval_loss-->1.274429,test_acc===0.715686
INFO:root:epoch:425 train_eval_loss-->0.266718,train_acc-->1.000000,test_eval_loss-->1.267291,test_acc===0.754902
INFO:root:epoch:426 train_eval_loss-->0.255524,train_acc-->1.000000,test_eval_loss-->1.331111,test_acc===0.676471
INFO:root:epoch:427 train_eval_loss-->0.259816,train_acc-->1.000000,test_eval_loss-->1.262284,test_acc===0.754902
INFO:root:epoch:428 train_eval_loss-->0.205562,train_acc-->1.000000,test_eval_loss-->1.270949,test_acc===0.754902
INFO:root:epoch:429 train_eval_loss-->0.201063,train_acc-->1.000000,test_eval_loss-->1.297651,test_acc===0.705882
INFO:root:epoch:430 train_eval_loss-->0.213390,train_acc-->1.000000,test_eval_loss-->1.278364,test_acc===0.715686
INFO:root:epoch:431 train_eval_loss-->0.188844,train_acc-->1.000000,test_eval_loss-->1.268842,test_acc===0.696078
INFO:root:epoch:432 train_eval_loss-->0.135531,train_acc-->1.000000,test_eval_loss-->1.243708,test_acc===0.754902
INFO:root:epoch:433 train_eval_loss-->0.135788,train_acc-->1.000000,test_eval_loss-->1.251505,test_acc===0.764706
INFO:root:epoch:434 train_eval_loss-->0.115963,train_acc-->1.000000,test_eval_loss-->1.256209,test_acc===0.745098
INFO:root:epoch:435 train_eval_loss-->0.104268,train_acc-->1.000000,test_eval_loss-->1.277594,test_acc===0.735294
INFO:root:epoch:436 train_eval_loss-->0.103335,train_acc-->1.000000,test_eval_loss-->1.265958,test_acc===0.745098
INFO:root:epoch:437 train_eval_loss-->0.087181,train_acc-->1.000000,test_eval_loss-->1.274908,test_acc===0.725490
INFO:root:epoch:438 train_eval_loss-->0.066062,train_acc-->1.000000,test_eval_loss-->1.269122,test_acc===0.745098
INFO:root:epoch:439 train_eval_loss-->0.060818,train_acc-->1.000000,test_eval_loss-->1.258088,test_acc===0.735294
INFO:root:epoch:440 train_eval_loss-->0.052943,train_acc-->1.000000,test_eval_loss-->1.263333,test_acc===0.725490
INFO:root:epoch:441 train_eval_loss-->0.048950,train_acc-->1.000000,test_eval_loss-->1.254216,test_acc===0.745098
INFO:root:epoch:442 train_eval_loss-->0.038720,train_acc-->1.000000,test_eval_loss-->1.262148,test_acc===0.745098
INFO:root:epoch:443 train_eval_loss-->0.032644,train_acc-->1.000000,test_eval_loss-->1.255492,test_acc===0.745098
INFO:root:epoch:444 train_eval_loss-->0.025888,train_acc-->1.000000,test_eval_loss-->1.256652,test_acc===0.745098
INFO:root:epoch:445 train_eval_loss-->0.021697,train_acc-->1.000000,test_eval_loss-->1.257522,test_acc===0.745098
INFO:root:epoch:446 train_eval_loss-->0.018112,train_acc-->1.000000,test_eval_loss-->1.259111,test_acc===0.745098
INFO:root:epoch:447 train_eval_loss-->0.012947,train_acc-->1.000000,test_eval_loss-->1.257145,test_acc===0.745098
INFO:root:epoch:448 train_eval_loss-->0.012050,train_acc-->1.000000,test_eval_loss-->1.257305,test_acc===0.745098
INFO:root:epoch:449 train_eval_loss-->0.009584,train_acc-->1.000000,test_eval_loss-->1.257162,test_acc===0.745098
INFO:root:epoch:450 train_eval_loss-->0.008400,train_acc-->1.000000,test_eval_loss-->1.257759,test_acc===0.745098
INFO:root:epoch:451 train_eval_loss-->0.007946,train_acc-->1.000000,test_eval_loss-->1.257547,test_acc===0.745098
INFO:root:epoch:452 train_eval_loss-->0.007766,train_acc-->1.000000,test_eval_loss-->1.258269,test_acc===0.745098
INFO:root:epoch:453 train_eval_loss-->0.009774,train_acc-->1.000000,test_eval_loss-->1.257100,test_acc===0.745098
INFO:root:epoch:454 train_eval_loss-->0.011422,train_acc-->1.000000,test_eval_loss-->1.258432,test_acc===0.745098
INFO:root:epoch:455 train_eval_loss-->0.016620,train_acc-->1.000000,test_eval_loss-->1.257613,test_acc===0.745098
INFO:root:epoch:456 train_eval_loss-->0.019142,train_acc-->1.000000,test_eval_loss-->1.257063,test_acc===0.745098
INFO:root:epoch:457 train_eval_loss-->0.023562,train_acc-->1.000000,test_eval_loss-->1.258483,test_acc===0.745098
INFO:root:epoch:458 train_eval_loss-->0.029182,train_acc-->1.000000,test_eval_loss-->1.257246,test_acc===0.745098
INFO:root:epoch:459 train_eval_loss-->0.034096,train_acc-->1.000000,test_eval_loss-->1.254071,test_acc===0.745098
INFO:root:epoch:460 train_eval_loss-->0.051477,train_acc-->1.000000,test_eval_loss-->1.262834,test_acc===0.745098
INFO:root:epoch:461 train_eval_loss-->0.056209,train_acc-->1.000000,test_eval_loss-->1.271907,test_acc===0.735294
INFO:root:epoch:462 train_eval_loss-->0.066267,train_acc-->1.000000,test_eval_loss-->1.264372,test_acc===0.745098
INFO:root:epoch:463 train_eval_loss-->0.088173,train_acc-->1.000000,test_eval_loss-->1.262844,test_acc===0.725490
INFO:root:epoch:464 train_eval_loss-->0.084672,train_acc-->1.000000,test_eval_loss-->1.273473,test_acc===0.735294
INFO:root:epoch:465 train_eval_loss-->0.119436,train_acc-->1.000000,test_eval_loss-->1.270978,test_acc===0.735294
INFO:root:epoch:466 train_eval_loss-->0.123528,train_acc-->1.000000,test_eval_loss-->1.248849,test_acc===0.764706
INFO:root:epoch:467 train_eval_loss-->0.128378,train_acc-->1.000000,test_eval_loss-->1.283858,test_acc===0.745098
INFO:root:epoch:468 train_eval_loss-->0.147449,train_acc-->1.000000,test_eval_loss-->1.280652,test_acc===0.745098
INFO:root:epoch:469 train_eval_loss-->0.160578,train_acc-->1.000000,test_eval_loss-->1.263702,test_acc===0.745098
INFO:root:epoch:470 train_eval_loss-->0.153198,train_acc-->1.000000,test_eval_loss-->1.286520,test_acc===0.735294
INFO:root:epoch:471 train_eval_loss-->0.196768,train_acc-->1.000000,test_eval_loss-->1.286284,test_acc===0.754902
INFO:root:epoch:472 train_eval_loss-->0.197588,train_acc-->1.000000,test_eval_loss-->1.270256,test_acc===0.745098
INFO:root:epoch:473 train_eval_loss-->0.215660,train_acc-->1.000000,test_eval_loss-->1.274292,test_acc===0.745098
INFO:root:epoch:474 train_eval_loss-->0.206055,train_acc-->1.000000,test_eval_loss-->1.284420,test_acc===0.745098
INFO:root:epoch:475 train_eval_loss-->0.234753,train_acc-->1.000000,test_eval_loss-->1.252451,test_acc===0.715686
INFO:root:epoch:476 train_eval_loss-->0.280420,train_acc-->1.000000,test_eval_loss-->1.300051,test_acc===0.696078
INFO:root:epoch:477 train_eval_loss-->0.266919,train_acc-->1.000000,test_eval_loss-->1.346095,test_acc===0.686275
INFO:root:epoch:478 train_eval_loss-->0.278698,train_acc-->1.000000,test_eval_loss-->1.287300,test_acc===0.725490
INFO:root:epoch:479 train_eval_loss-->0.310232,train_acc-->1.000000,test_eval_loss-->1.241098,test_acc===0.745098
INFO:root:epoch:480 train_eval_loss-->0.262543,train_acc-->1.000000,test_eval_loss-->1.236294,test_acc===0.754902
INFO:root:epoch:481 train_eval_loss-->0.281948,train_acc-->0.997050,test_eval_loss-->1.323629,test_acc===0.705882
INFO:root:epoch:482 train_eval_loss-->0.350027,train_acc-->1.000000,test_eval_loss-->1.265961,test_acc===0.705882
INFO:root:epoch:483 train_eval_loss-->0.343475,train_acc-->1.000000,test_eval_loss-->1.309707,test_acc===0.705882
INFO:root:epoch:484 train_eval_loss-->0.370114,train_acc-->1.000000,test_eval_loss-->1.516170,test_acc===0.588235
INFO:root:epoch:485 train_eval_loss-->0.439110,train_acc-->1.000000,test_eval_loss-->1.330720,test_acc===0.705882
INFO:root:epoch:486 train_eval_loss-->0.357406,train_acc-->1.000000,test_eval_loss-->1.343847,test_acc===0.696078
INFO:root:epoch:487 train_eval_loss-->0.372586,train_acc-->1.000000,test_eval_loss-->1.302695,test_acc===0.735294
INFO:root:epoch:488 train_eval_loss-->0.388966,train_acc-->0.997050,test_eval_loss-->1.337005,test_acc===0.696078
INFO:root:epoch:489 train_eval_loss-->0.437402,train_acc-->0.991150,test_eval_loss-->1.281350,test_acc===0.715686
INFO:root:epoch:490 train_eval_loss-->0.387900,train_acc-->1.000000,test_eval_loss-->1.243997,test_acc===0.764706
INFO:root:epoch:491 train_eval_loss-->0.405151,train_acc-->1.000000,test_eval_loss-->1.427644,test_acc===0.676471
INFO:root:epoch:492 train_eval_loss-->0.601764,train_acc-->0.976401,test_eval_loss-->1.364137,test_acc===0.725490
INFO:root:epoch:493 train_eval_loss-->0.440875,train_acc-->0.991150,test_eval_loss-->1.335770,test_acc===0.725490
INFO:root:epoch:494 train_eval_loss-->0.502597,train_acc-->0.994100,test_eval_loss-->1.289308,test_acc===0.715686
INFO:root:epoch:495 train_eval_loss-->0.408961,train_acc-->1.000000,test_eval_loss-->1.356128,test_acc===0.676471
INFO:root:epoch:496 train_eval_loss-->0.385788,train_acc-->0.997050,test_eval_loss-->1.365985,test_acc===0.705882
INFO:root:epoch:497 train_eval_loss-->0.417958,train_acc-->0.991150,test_eval_loss-->1.272299,test_acc===0.715686
INFO:root:epoch:498 train_eval_loss-->0.392205,train_acc-->1.000000,test_eval_loss-->1.314272,test_acc===0.735294
INFO:root:epoch:499 train_eval_loss-->0.395208,train_acc-->1.000000,test_eval_loss-->1.275634,test_acc===0.745098
